This file contains any messages produced by compilers while
running configure, to aid debugging if configure makes a mistake.

It was created by configure, which was
generated by GNU Autoconf 2.57.  Invocation command line was

  $ ./configure 

## --------- ##
## Platform. ##
## --------- ##

hostname = erebus.irin.sciences.univ-nantes.fr
uname -m = i686
uname -r = 2.4.20-8
uname -s = Linux
uname -v = #1 Thu Mar 13 17:54:28 EST 2003

/usr/bin/uname -p = unknown
/bin/uname -X     = unknown

/bin/arch              = i686
/usr/bin/arch -k       = unknown
/usr/convex/getsysinfo = unknown
hostinfo               = unknown
/bin/machine           = unknown
/usr/bin/oslevel       = unknown
/bin/universe          = unknown

PATH: .
PATH: .
PATH: .
PATH: .
PATH: .
PATH: /usr/kerberos/bin
PATH: /usr/local/bin
PATH: /usr/bin
PATH: /bin
PATH: /usr/X11R6/bin
PATH: /bin
PATH: /sbin
PATH: /usr/bin
PATH: /usr/local/bin
PATH: /home/granvil/bin
PATH: /home/jdk1.2/bin
PATH: /bin
PATH: /sbin
PATH: /usr/bin
PATH: /usr/local/bin
PATH: /home/granvil/bin
PATH: /home/jdk1.2/bin
PATH: /bin
PATH: /sbin
PATH: /usr/bin
PATH: /usr/local/bin
PATH: /home/granvil/bin
PATH: /home/jdk1.2/bin
PATH: /bin
PATH: /sbin
PATH: /usr/bin
PATH: /usr/local/bin
PATH: /home/granvil/bin
PATH: /home/jdk1.2/bin
PATH: /bin
PATH: /sbin
PATH: /usr/bin
PATH: /usr/local/bin
PATH: /home/granvil/bin
PATH: /home/jdk1.2/bin


## ----------- ##
## Core tests. ##
## ----------- ##

configure:1309: checking for a BSD-compatible install
configure:1363: result: /usr/bin/install -c
configure:1374: checking whether build environment is sane
configure:1417: result: yes
configure:1450: checking for gawk
configure:1466: found /usr/bin/gawk
configure:1476: result: gawk
configure:1486: checking whether make sets $(MAKE)
configure:1506: result: yes
configure:1776: checking for gcc
configure:1792: found /usr/bin/gcc
configure:1802: result: gcc
configure:2046: checking for C compiler version
configure:2049: gcc --version </dev/null >&5
gcc (GCC) 3.2.2 20030222 (Red Hat Linux 3.2.2-5)
Copyright (C) 2002 Free Software Foundation, Inc.
This is free software; see the source for copying conditions.  There is NO
warranty; not even for MERCHANTABILITY or FITNESS FOR A PARTICULAR PURPOSE.

configure:2052: $? = 0
configure:2054: gcc -v </dev/null >&5
Reading specs from /usr/lib/gcc-lib/i386-redhat-linux/3.2.2/specs
Configured with: ../configure --prefix=/usr --mandir=/usr/share/man --infodir=/usr/share/info --enable-shared --enable-threads=posix --disable-checking --with-system-zlib --enable-__cxa_atexit --host=i386-redhat-linux
Thread model: posix
gcc version 3.2.2 20030222 (Red Hat Linux 3.2.2-5)
configure:2057: $? = 0
configure:2059: gcc -V </dev/null >&5
gcc: argument to `-V' is missing
configure:2062: $? = 1
configure:2086: checking for C compiler default output
configure:2089: gcc -O2 -ffloat-store -funroll-loops   conftest.c  >&5
configure:2092: $? = 0
configure:2138: result: a.out
configure:2143: checking whether the C compiler works
configure:2149: ./a.out
configure:2152: $? = 0
configure:2169: result: yes
configure:2176: checking whether we are cross compiling
configure:2178: result: no
configure:2181: checking for suffix of executables
configure:2183: gcc -o conftest -O2 -ffloat-store -funroll-loops   conftest.c  >&5
configure:2186: $? = 0
configure:2211: result: 
configure:2217: checking for suffix of object files
configure:2239: gcc -c -O2 -ffloat-store -funroll-loops  conftest.c >&5
configure:2242: $? = 0
configure:2264: result: o
configure:2268: checking whether we are using the GNU C compiler
configure:2293: gcc -c -O2 -ffloat-store -funroll-loops  conftest.c >&5
configure:2296: $? = 0
configure:2299: test -s conftest.o
configure:2302: $? = 0
configure:2315: result: yes
configure:2321: checking whether gcc accepts -g
configure:2343: gcc -c -g  conftest.c >&5
configure:2346: $? = 0
configure:2349: test -s conftest.o
configure:2352: $? = 0
configure:2363: result: yes
configure:2380: checking for gcc option to accept ANSI C
configure:2441: gcc  -c -O2 -ffloat-store -funroll-loops  conftest.c >&5
configure:2444: $? = 0
configure:2447: test -s conftest.o
configure:2450: $? = 0
configure:2468: result: none needed
configure:2486: gcc -c -O2 -ffloat-store -funroll-loops  conftest.c >&5
conftest.c:2: parse error before "me"
configure:2489: $? = 1
configure: failed program was:
| #ifndef __cplusplus
|   choke me
| #endif
configure:2617: checking for style of include used by make
configure:2645: result: GNU
configure:2673: checking dependency style of gcc
configure:2735: result: gcc3
configure:2745: checking how to run the C preprocessor
configure:2781: gcc -E  conftest.c
configure:2787: $? = 0
configure:2819: gcc -E  conftest.c
configure:2823:28: ac_nonexistent.h: No such file or directory
configure:2825: $? = 1
configure: failed program was:
| #line 2810 "configure"
| /* confdefs.h.  */
| 
| #define PACKAGE_NAME ""
| #define PACKAGE_TARNAME ""
| #define PACKAGE_VERSION ""
| #define PACKAGE_STRING ""
| #define PACKAGE_BUGREPORT ""
| #define PACKAGE "realpaver"
| #define VERSION "0.4"
| #define SOFTWARE_NAME "RealPaver"
| #define SOFTWARE_DEBUG 0
| #define SOFTWARE_PROFILE 0
| /* end confdefs.h.  */
| #include <ac_nonexistent.h>
configure:2863: result: gcc -E
configure:2888: gcc -E  conftest.c
configure:2894: $? = 0
configure:2926: gcc -E  conftest.c
configure:2930:28: ac_nonexistent.h: No such file or directory
configure:2932: $? = 1
configure: failed program was:
| #line 2917 "configure"
| /* confdefs.h.  */
| 
| #define PACKAGE_NAME ""
| #define PACKAGE_TARNAME ""
| #define PACKAGE_VERSION ""
| #define PACKAGE_STRING ""
| #define PACKAGE_BUGREPORT ""
| #define PACKAGE "realpaver"
| #define VERSION "0.4"
| #define SOFTWARE_NAME "RealPaver"
| #define SOFTWARE_DEBUG 0
| #define SOFTWARE_PROFILE 0
| /* end confdefs.h.  */
| #include <ac_nonexistent.h>
configure:2975: checking for inline
configure:2997: gcc -c -O2 -ffloat-store -funroll-loops  conftest.c >&5
configure:3000: $? = 0
configure:3003: test -s conftest.o
configure:3006: $? = 0
configure:3018: result: inline
configure:3043: checking for bison
configure:3059: found /usr/bin/bison
configure:3069: result: bison -y
configure:3084: checking for flex
configure:3100: found /usr/bin/flex
configure:3110: result: flex
configure:3123: checking for yywrap in -lfl
configure:3154: gcc -o conftest -O2 -ffloat-store -funroll-loops   conftest.c -lfl   >&5
configure:3157: $? = 0
configure:3160: test -s conftest
configure:3163: $? = 0
configure:3175: result: yes
configure:3243: checking lex output file root
configure:3254: flex conftest.l
configure:3257: $? = 0
configure:3269: result: lex.yy
configure:3274: checking whether yytext is a pointer
configure:3290: gcc -o conftest -O2 -ffloat-store -funroll-loops   conftest.c  -lfl >&5
configure:3293: $? = 0
configure:3296: test -s conftest
configure:3299: $? = 0
configure:3312: result: yes
configure:3338: checking for a BSD-compatible install
configure:3392: result: /usr/bin/install -c
configure:3409: checking for egrep
configure:3419: result: grep -E
configure:3424: checking for ANSI C header files
configure:3450: gcc -c -O2 -ffloat-store -funroll-loops  conftest.c >&5
configure:3453: $? = 0
configure:3456: test -s conftest.o
configure:3459: $? = 0
configure:3548: gcc -o conftest -O2 -ffloat-store -funroll-loops   conftest.c  >&5
configure:3551: $? = 0
configure:3553: ./conftest
configure:3556: $? = 0
configure:3571: result: yes
configure:3595: checking for sys/types.h
configure:3612: gcc -c -O2 -ffloat-store -funroll-loops  conftest.c >&5
configure:3615: $? = 0
configure:3618: test -s conftest.o
configure:3621: $? = 0
configure:3632: result: yes
configure:3595: checking for sys/stat.h
configure:3612: gcc -c -O2 -ffloat-store -funroll-loops  conftest.c >&5
configure:3615: $? = 0
configure:3618: test -s conftest.o
configure:3621: $? = 0
configure:3632: result: yes
configure:3595: checking for stdlib.h
configure:3612: gcc -c -O2 -ffloat-store -funroll-loops  conftest.c >&5
configure:3615: $? = 0
configure:3618: test -s conftest.o
configure:3621: $? = 0
configure:3632: result: yes
configure:3595: checking for string.h
configure:3612: gcc -c -O2 -ffloat-store -funroll-loops  conftest.c >&5
configure:3615: $? = 0
configure:3618: test -s conftest.o
configure:3621: $? = 0
configure:3632: result: yes
configure:3595: checking for memory.h
configure:3612: gcc -c -O2 -ffloat-store -funroll-loops  conftest.c >&5
configure:3615: $? = 0
configure:3618: test -s conftest.o
configure:3621: $? = 0
configure:3632: result: yes
configure:3595: checking for strings.h
configure:3612: gcc -c -O2 -ffloat-store -funroll-loops  conftest.c >&5
configure:3615: $? = 0
configure:3618: test -s conftest.o
configure:3621: $? = 0
configure:3632: result: yes
configure:3595: checking for inttypes.h
configure:3612: gcc -c -O2 -ffloat-store -funroll-loops  conftest.c >&5
configure:3615: $? = 0
configure:3618: test -s conftest.o
configure:3621: $? = 0
configure:3632: result: yes
configure:3595: checking for stdint.h
configure:3612: gcc -c -O2 -ffloat-store -funroll-loops  conftest.c >&5
configure:3615: $? = 0
configure:3618: test -s conftest.o
configure:3621: $? = 0
configure:3632: result: yes
configure:3595: checking for unistd.h
configure:3612: gcc -c -O2 -ffloat-store -funroll-loops  conftest.c >&5
configure:3615: $? = 0
configure:3618: test -s conftest.o
configure:3621: $? = 0
configure:3632: result: yes
configure:3654: checking time.h usability
configure:3667: gcc -c -O2 -ffloat-store -funroll-loops  conftest.c >&5
configure:3670: $? = 0
configure:3673: test -s conftest.o
configure:3676: $? = 0
configure:3686: result: yes
configure:3690: checking time.h presence
configure:3701: gcc -E  conftest.c
configure:3707: $? = 0
configure:3726: result: yes
configure:3762: checking for time.h
configure:3769: result: yes
configure:3796: checking sys/resource.h usability
configure:3809: gcc -c -O2 -ffloat-store -funroll-loops  conftest.c >&5
configure:3812: $? = 0
configure:3815: test -s conftest.o
configure:3818: $? = 0
configure:3828: result: yes
configure:3832: checking sys/resource.h presence
configure:3843: gcc -E  conftest.c
configure:3849: $? = 0
configure:3868: result: yes
configure:3904: checking for sys/resource.h
configure:3911: result: yes
configure:3929: checking for string.h
configure:3934: result: yes
configure:4080: checking ctype.h usability
configure:4093: gcc -c -O2 -ffloat-store -funroll-loops  conftest.c >&5
configure:4096: $? = 0
configure:4099: test -s conftest.o
configure:4102: $? = 0
configure:4112: result: yes
configure:4116: checking ctype.h presence
configure:4127: gcc -E  conftest.c
configure:4133: $? = 0
configure:4152: result: yes
configure:4188: checking for ctype.h
configure:4195: result: yes
configure:4220: checking build system type
configure:4238: result: i686-pc-linux-gnu
configure:4246: checking host system type
configure:4260: result: i686-pc-linux-gnu
configure:4289: checking values.h usability
configure:4302: gcc -c -O2 -ffloat-store -funroll-loops -malign-double  conftest.c >&5
configure:4305: $? = 0
configure:4308: test -s conftest.o
configure:4311: $? = 0
configure:4321: result: yes
configure:4325: checking values.h presence
configure:4336: gcc -E  conftest.c
configure:4342: $? = 0
configure:4361: result: yes
configure:4397: checking for values.h
configure:4404: result: yes
configure:4431: checking fenv.h usability
configure:4444: gcc -c -O2 -ffloat-store -funroll-loops -malign-double  conftest.c >&5
configure:4447: $? = 0
configure:4450: test -s conftest.o
configure:4453: $? = 0
configure:4463: result: yes
configure:4467: checking fenv.h presence
configure:4478: gcc -E  conftest.c
configure:4484: $? = 0
configure:4503: result: yes
configure:4539: checking for fenv.h
configure:4546: result: yes
configure:4580: gcc -c -O2 -ffloat-store -funroll-loops -malign-double  conftest.c >&5
configure:4583: $? = 0
configure:4586: test -s conftest.o
configure:4589: $? = 0
configure:4604: result: checking for function fesetround... yes
configure:5307: creating ./config.status

## ---------------------- ##
## Running config.status. ##
## ---------------------- ##

This file was extended by config.status, which was
generated by GNU Autoconf 2.57.  Invocation command line was

  CONFIG_FILES    = 
  CONFIG_HEADERS  = 
  CONFIG_LINKS    = 
  CONFIG_COMMANDS = 
  $ ./config.status 

on erebus.irin.sciences.univ-nantes.fr

config.status:662: creating Makefile
config.status:662: creating src/Makefile
config.status:766: creating src/config.h
config.status:881: src/config.h is unchanged
config.status:987: executing depfiles commands

## ---------------- ##
## Cache variables. ##
## ---------------- ##

ac_cv_build=i686-pc-linux-gnu
ac_cv_build_alias=i686-pc-linux-gnu
ac_cv_c_compiler_gnu=yes
ac_cv_c_inline=inline
ac_cv_env_CC_set=
ac_cv_env_CC_value=
ac_cv_env_CFLAGS_set=
ac_cv_env_CFLAGS_value=
ac_cv_env_CPPFLAGS_set=
ac_cv_env_CPPFLAGS_value=
ac_cv_env_CPP_set=
ac_cv_env_CPP_value=
ac_cv_env_LDFLAGS_set=
ac_cv_env_LDFLAGS_value=
ac_cv_env_build_alias_set=
ac_cv_env_build_alias_value=
ac_cv_env_host_alias_set=
ac_cv_env_host_alias_value=
ac_cv_env_target_alias_set=
ac_cv_env_target_alias_value=
ac_cv_exeext=
ac_cv_header_ctype_h=yes
ac_cv_header_fenv_h=yes
ac_cv_header_inttypes_h=yes
ac_cv_header_memory_h=yes
ac_cv_header_stdc=yes
ac_cv_header_stdint_h=yes
ac_cv_header_stdlib_h=yes
ac_cv_header_string_h=yes
ac_cv_header_strings_h=yes
ac_cv_header_sys_resource_h=yes
ac_cv_header_sys_stat_h=yes
ac_cv_header_sys_types_h=yes
ac_cv_header_time_h=yes
ac_cv_header_unistd_h=yes
ac_cv_header_values_h=yes
ac_cv_host=i686-pc-linux-gnu
ac_cv_host_alias=i686-pc-linux-gnu
ac_cv_lib_fl_yywrap=yes
ac_cv_objext=o
ac_cv_path_install='/usr/bin/install -c'
ac_cv_prog_AWK=gawk
ac_cv_prog_CPP='gcc -E'
ac_cv_prog_LEX=flex
ac_cv_prog_YACC='bison -y'
ac_cv_prog_ac_ct_CC=gcc
ac_cv_prog_cc_g=yes
ac_cv_prog_cc_stdc=
ac_cv_prog_egrep='grep -E'
ac_cv_prog_lex_root=lex.yy
ac_cv_prog_lex_yytext_pointer=yes
ac_cv_prog_make_make_set=yes
am_cv_CC_dependencies_compiler_type=gcc3

## ----------------- ##
## Output variables. ##
## ----------------- ##

ACLOCAL='${SHELL} /home/granvil/realpaver/realpaver-0.4/missing --run aclocal-1.6'
AMDEPBACKSLASH='\'
AMDEP_FALSE='#'
AMDEP_TRUE=''
AMTAR='${SHELL} /home/granvil/realpaver/realpaver-0.4/missing --run tar'
AUTOCONF='${SHELL} /home/granvil/realpaver/realpaver-0.4/missing --run autoconf'
AUTOHEADER='${SHELL} /home/granvil/realpaver/realpaver-0.4/missing --run autoheader'
AUTOMAKE='${SHELL} /home/granvil/realpaver/realpaver-0.4/missing --run automake-1.6'
AWK='gawk'
CC='gcc'
CCDEPMODE='depmode=gcc3'
CFLAGS='-O2 -ffloat-store -funroll-loops -malign-double'
CPP='gcc -E'
CPPFLAGS=''
DEFS='-DHAVE_CONFIG_H'
DEPDIR='.deps'
ECHO_C=''
ECHO_N='-n'
ECHO_T=''
EGREP='grep -E'
EXEEXT=''
INSTALL_DATA='${INSTALL} -m 644'
INSTALL_PROGRAM='${INSTALL}'
INSTALL_SCRIPT='${INSTALL}'
INSTALL_STRIP_PROGRAM='${SHELL} $(install_sh) -c -s'
LDFLAGS=''
LEX='flex'
LEXLIB='-lfl'
LEX_OUTPUT_ROOT='lex.yy'
LIBOBJS=''
LIBS=''
LTLIBOBJS=''
MAKEINFO='${SHELL} /home/granvil/realpaver/realpaver-0.4/missing --run makeinfo'
MATH_LIB='-lm'
OBJEXT='o'
PACKAGE='realpaver'
PACKAGE_BUGREPORT=''
PACKAGE_NAME=''
PACKAGE_STRING=''
PACKAGE_TARNAME=''
PACKAGE_VERSION=''
PATH_SEPARATOR=':'
SET_MAKE=''
SHELL='/bin/sh'
STRIP=''
VERSION='0.4'
YACC='bison -y'
ac_ct_CC='gcc'
ac_ct_STRIP=''
am__include='include'
am__quote=''
bindir='${exec_prefix}/bin'
build='i686-pc-linux-gnu'
build_alias=''
build_cpu='i686'
build_os='linux-gnu'
build_vendor='pc'
datadir='${prefix}/share'
exec_prefix='${prefix}'
host='i686-pc-linux-gnu'
host_alias=''
host_cpu='i686'
host_os='linux-gnu'
host_vendor='pc'
includedir='${prefix}/include'
infodir='${prefix}/info'
install_sh='/home/granvil/realpaver/realpaver-0.4/install-sh'
libdir='${exec_prefix}/lib'
libexecdir='${exec_prefix}/libexec'
localstatedir='${prefix}/var'
mandir='${prefix}/man'
oldincludedir='/usr/include'
prefix='/usr/local'
program_transform_name='s,x,x,'
sbindir='${exec_prefix}/sbin'
sharedstatedir='${prefix}/com'
sysconfdir='${prefix}/etc'
target_alias=''

## ----------- ##
## confdefs.h. ##
## ----------- ##

#define HAVE_INTTYPES_H 1
#define HAVE_MEMORY_H 1
#define HAVE_STDINT_H 1
#define HAVE_STDLIB_H 1
#define HAVE_STRINGS_H 1
#define HAVE_STRING_H 1
#define HAVE_SYS_STAT_H 1
#define HAVE_SYS_TYPES_H 1
#define HAVE_UNISTD_H 1
#define PACKAGE "realpaver"
#define PACKAGE_BUGREPORT ""
#define PACKAGE_NAME ""
#define PACKAGE_STRING ""
#define PACKAGE_TARNAME ""
#define PACKAGE_VERSION ""
#define SOFTWARE_DEBUG 0
#define SOFTWARE_NAME "RealPaver"
#define SOFTWARE_PROFILE 0
#define STDC_HEADERS 1
#define SYSTEM_LINUX_IX86 1
#define VERSION "0.4"
#define YYTEXT_POINTER 1

configure: exit 0
