 
      I11     =  11
      I21     =  21
      I2      =  2
      TRUE    =  .TRUE.
      FALSE   =  .FALSE.
      AB      =  AB
      ITEMP   =  11
      LINE 1
      LINE 2
 
     A  =  B
     A  =  C
 
          X(1)      =  Y(1)
          LABEL(1)  =  10001
          X(2)      =  Y(2)
          LABEL(2)  =  10002
          X(3)      =  Y(3)
          LABEL(3)  =  10003
 
          X(7)  =  Y(7)
 
              LINE(1,11)  =  '**AB**'
              LINE(1,13)  =  '**CD**'
              LINE(2,11)  =  '**AB**'
              LINE(2,13)  =  '**CD**'
 
              X(1,5)  =  0.15
              X(1,10)  =  0.110
              X(2,5)  =  0.25
              X(2,10)  =  0.210
 
          X(1)      =  Y(1)
          LABEL(1)  =  10001
          X(2)      =  Y(2)
          LABEL(2)  =  10002
          X(3)      =  Y(3)
          LABEL(3)  =  10003
  THESE ARE THE LAST TWO
      LINES OF THIS INCLUDED TEXT.
 
      IJUMPI  =  IJUMP(I)
      GO  TO  (10001, 10002, 10003, 10004, 10005, 10006, 10007, 10008, 
     Z    10009, 10010, 10011, 10012, 10013, 10014, 10015, 10016, 10017)
     Z    ,  IJUMPI
