Argument Dimension = 7
Argument space has 128 elements.
Image Dimension = 7
Image space has 128 elements.

Writing Algebraic Normal Form to file: S7.anf
[Columns = Image components]

Writing Truth Table to file: S7.tt
[Columns = Image components]

Writing Walsh Spectrum to file: S7.wal

Writing Linear Profile to file: S7.lp
[To normalize divide by 16384]

Writing Differential Profile to file: S7.dp
[To normalize divide by 2097152]

Writing the polynomials in ANF to file: S7.pol

Writing Linear structures to file: S7.ls

Writing Autocorrelation Spectrum to file: S7.ac

Writing Cycle Structure to file: S7.cy

Nonlinearity: 56
Second order Nonlinearity: 128
Linearity distance: 63
Algebraic degree: 3
Algebraic immunity: 3
Absolute indicator: 16
Sum-of-squares indicator: 4161536
Linear potential: 0.015625
Differential potential: 0.015625
Maximum Nonlinearity (if n is even): 56
Maximum Linearity distance: 72
It is an almost optimal function
The fixed points are: 
[[0 0 1 1 0 1 1]
]
The negated fixed points are: 
[]
Correlation immunity: 0
It is a balanced function
The function is PC of degree 0
