94 70 1 38 94 71 2 39 43 72 70 71 94 73 3 40 43 74 72 73 61 63 74 42 109 0 41 42 110 0 109 45 75 63 110 94 76 4 42 45 77 75 76 61 6 77 42 111 0 43 42 112 0 111 45 78 63 112 94 79 5 44 43 80 78 79 61 7 80 42 81 45 4 42 82 81 5 61 8 82 42 83 34 47 43 84 46 83 42 113 0 84 45 85 1 113 94 86 85 48 42 87 34 50 43 88 49 87 42 114 0 88 45 89 2 114 94 90 89 51 43 91 86 90 42 92 34 53 43 93 52 92 42 115 0 93 45 94 3 115 94 95 94 54 43 96 91 95 42 97 34 56 43 98 55 97 42 116 0 98 45 99 4 116 94 100 99 57 43 101 96 100 42 102 34 59 43 103 58 102 42 117 0 103 45 104 5 117 94 105 104 60 43 106 101 105 94 107 61 62 42 118 0 107 42 119 0 118 45 108 106 119 61 9 108 61 64 36 45 158 38 37 94 159 1 158 42 160 159 38 61 65 160 45 164 39 37 94 165 2 164 42 166 165 39 61 66 166 45 170 40 37 94 171 3 170 42 172 171 40 61 67 172 61 68 36 61 69 36 42 120 41 0 43 121 120 109 78 122 121 61 10 122 61 11 160 61 12 166 61 13 172 45 176 42 37 94 177 4 176 42 178 177 42 78 179 178 61 14 179 61 15 36 42 123 43 0 43 124 123 111 78 125 124 61 16 125 61 17 160 61 18 166 61 19 172 61 20 36 45 184 44 37 94 185 5 184 42 186 185 44 61 21 186 61 22 36 61 23 36 61 24 36 61 25 36 42 180 45 5 61 26 180 61 27 81 78 126 84 45 127 48 37 94 128 85 127 42 129 128 48 42 130 129 126 78 131 88 45 132 51 37 94 133 89 132 42 134 133 51 42 135 134 131 43 136 130 135 78 137 93 45 138 54 37 94 139 94 138 42 140 139 54 42 141 140 137 43 142 136 141 78 143 98 45 144 57 37 94 145 99 144 42 146 145 57 42 147 146 143 43 148 142 147 78 149 103 45 150 60 37 94 151 104 150 42 152 151 60 42 153 152 149 43 154 148 153 42 155 107 0 43 156 155 118 45 157 154 156 61 28 157 45 161 48 37 94 162 85 161 42 163 162 48 61 29 163 45 167 51 37 94 168 89 167 42 169 168 51 61 30 169 45 173 54 37 94 174 94 173 42 175 174 54 61 31 175 45 181 57 37 94 182 99 181 42 183 182 57 61 32 183 45 187 60 37 94 188 104 187 42 189 188 60 61 33 189 X
TotalRoomNeeded 190;
NVAR 6 0;
NPATHVAR 0 6;
NPAR 0 6 6;
NFCN 4 6 10 34;
NCON 2 34;
NNUM 27 36;
SUBFCN 1 63 64 70;
NUMINST 577;
CMPLX 34;
VARGPS 1;
 5;
RANDINDEX 0;
INSTCOUNT 0 0 215 215 577;
 0 23 23 46 46 69 69 80 80 215 215 269 269 313 313 354 354 376 376 577;
 1;
 1;
 1;
 1;
X diff complete

