RoomBeforeTemps 42;
TotalRoomNeeded 75;
NVAR 4 0;
NPATHVAR 0 4;
NPAR 0 4 6;
NFCN 2 4 6 14;
NCON 4 14;
NNUM 9 18;
SUBFCN 3 27 30 42;
CMPLX 14 0 1;
ZERO 18;
ONE 19;
VARGPS 1;
 3;
RANDINDEX 0;
BEGIN UPDATE;
* 68 24 14;
+ 16 68 23;
* 68 26 14;
+ 17 68 25;
BEGIN PARAM;
BEGIN FUNCTION;
^ 42 1 20;
* 49 0 2;
- 43 49 42;
= 27 43;
^ 44 1 21;
* 50 0 3;
* 51 0 50;
- 45 51 44;
= 28 45;
^ 46 2 22;
* 47 1 3;
- 48 46 47;
= 29 48;
= 69 27;
* 70 16 29;
+ 71 69 70;
= 4 71;
= 72 28;
* 73 17 29;
+ 74 72 73;
= 5 74;
END;
