Invoked using ./Decay -s 30 -t 300 -u y -v 9 Eu-152.txt Eu-152.out

Original input
       Isotope                                                                     Daughter          Branch    Dose
       A   Sym   Z  Row   AMU        T_Half     N0 gm      N0 moles   GBq          A   Sym   Z  Row  Factor    Factor
  8: 152   Eu   63    1  151.92200  4.2660E+08  6.301E-02  4.148E-04  4.033E+02  152   Sm   62    0   72.1000  1.4E-09
  9: 152   Sm   62    2  151.92000  0.0000E+00  1.782E+02  1.173E+00  0.000E+00  152   Sm   62    0    0.0000   0.    
 10: 152   Eu   63    3  151.92200  4.2660E+08  6.301E-02  4.148E-04  4.033E+02  152   Gd   64    0   27.9000  1.4E-09
 11: 152   Gd   64    4  151.92000  3.4080E+21  7.366E-02  4.849E-04  5.938E-11  148   Sm   62    0  100.0000  4.1E-08
 12: 148   Sm   62    5  147.91400  2.2090E+23  3.062E+02  2.070E+00  3.421E-09  144   Nd   60    0  100.0000   0.    
 13: 144   Nd   60    6  143.91000  7.2270E+22  1.664E+03  1.156E+01  7.289E-08  140   Ce   58    0  100.0000   0.    
 14: 140   Ce   58    7  139.90500  0.0000E+00  1.870E+03  1.337E+01  0.000E+00  140   Ce   58    0    0.0000   0.    

Sorted input
       Isotope                                                                     Daughter          Branch    Dose
       A   Sym   Z  Row   AMU        T_Half     N0 gm      N0 moles   GBq          A   Sym   Z  Row  Factor    Factor
  1: 140   Ce   58    1  139.90500  0.0000E+00  1.870E+03  1.337E+01  0.000E+00  140   Ce   58    1    0.0000   0.    
  2: 144   Nd   60    2  143.91000  7.2270E+22  1.664E+03  1.156E+01  7.289E-08  140   Ce   58    1  100.0000   0.    
  3: 148   Sm   62    3  147.91400  2.2090E+23  3.062E+02  2.070E+00  3.421E-09  144   Nd   60    2  100.0000   0.    
  4: 152   Sm   62    4  151.92000  0.0000E+00  1.782E+02  1.173E+00  0.000E+00  152   Sm   62    4    0.0000   0.    
  5: 152   Eu   63    5  151.92200  4.2660E+08  6.301E-02  4.148E-04  4.033E+02  152   Sm   62    4   72.1000  1.4E-09
  6: 152   Eu   63    5  151.92200  4.2660E+08  6.301E-02  4.148E-04  4.033E+02  152   Gd   64    6   27.9000  1.4E-09
  7: 152   Gd   64    6  151.92000  3.4080E+21  7.366E-02  4.849E-04  5.938E-11  148   Sm   62    3  100.0000  4.1E-08

Half lives calculated from radioactivity are different from input
               Calculated  Input       Relative
     Isotope   T_half      T_Half      Difference
  2: Nd-144    6.6217E+22  7.2270E+22  8.7413E-02
  3: Sm-148    2.5259E+23  2.2090E+23  1.3386E-01
  5: Eu-152    4.2928E+08  4.2660E+08  6.2540E-03
  6: Eu-152    4.2928E+08  4.2660E+08  6.2540E-03

Before permutation

Activity Matrix   Ce-140      Nd-144      Sm-148      Sm-152      Eu-152      Gd-152
  1#   Ce-140     0.000      9.5911E-24   0.000       0.000       0.000       0.000    
  2#   Nd-144     0.000     -9.5911E-24  3.1378E-24   0.000       0.000       0.000    
  3#   Sm-148     0.000       0.000     -3.1378E-24   0.000       0.000      2.0339E-22
  4#   Sm-152     0.000       0.000       0.000       0.000      1.1715E-09   0.000    
  5#   Eu-152     0.000       0.000       0.000       0.000     -1.6248E-09   0.000    
  6#   Gd-152     0.000       0.000       0.000       0.000      4.5332E-10 -2.0339E-22

After permutation and partitioning into independent blocks

Activity Matrix   Eu-152      Gd-152      Sm-148      Nd-144      Sm-152      Ce-140
  1#   Eu-152   -1.6248E-09   0.000       0.000       0.000       0.000       0.000    
  2#   Gd-152    4.5332E-10 -2.0339E-22   0.000       0.000       0.000       0.000    
  3#   Sm-148     0.000      2.0339E-22 -3.1378E-24   0.000       0.000       0.000    
  4#   Nd-144     0.000       0.000      3.1378E-24 -9.5911E-24   0.000       0.000    
  5#   Sm-152    1.1715E-09   0.000       0.000       0.000       0.000       0.000    
  6#   Ce-140     0.000       0.000       0.000      9.5911E-24   0.000       0.000    
       GBq/gm     9292.      1.1632E-09  1.8431E-11  5.7903E-11  -0.000      -0.000    
       Dose      1.4000E-09  4.1000E-08   0.000       0.000       0.000       0.000    

Solution Matrix   Eu-152      Gd-152      Sm-148      Nd-144      Sm-152      Ce-140
  1#   Eu-152     0.000       0.000       0.000       0.000       0.000       0.000    
  2#   Gd-152   -0.2790       0.000       0.000       0.000       0.000       0.000    
  3#   Sm-148   -0.2834      -1.016       0.000       0.000       0.000       0.000    
  4#   Nd-144    0.1424      0.5103      0.4862       0.000       0.000       0.000    
  5#   Sm-152   -0.7210      -0.000      -0.000      -0.000       0.000       0.000    
  6#   Ce-140   -0.2790      -1.000      -1.000      -1.000       0.000       0.000    

               Amounts, grams
Time y         Eu-152     Gd-152     Sm-148     Nd-144     Sm-152     Ce-140
0.0000         6.301E-02  7.366E-02  3.062E+02  1.664E+03  1.782E+02  1.870E+03
30.000         1.353E-02  8.746E-02  3.062E+02  1.664E+03  1.782E+02  1.870E+03
60.000         2.906E-03  9.043E-02  3.062E+02  1.664E+03  1.782E+02  1.870E+03
90.000         6.241E-04  9.107E-02  3.062E+02  1.664E+03  1.782E+02  1.870E+03
120.00         1.340E-04  9.120E-02  3.062E+02  1.664E+03  1.782E+02  1.870E+03
150.00         2.879E-05  9.123E-02  3.062E+02  1.664E+03  1.782E+02  1.870E+03
180.00         6.182E-06  9.124E-02  3.062E+02  1.664E+03  1.782E+02  1.870E+03
210.00         1.328E-06  9.124E-02  3.062E+02  1.664E+03  1.782E+02  1.870E+03
240.00         2.851E-07  9.124E-02  3.062E+02  1.664E+03  1.782E+02  1.870E+03
270.00         6.124E-08  9.124E-02  3.062E+02  1.664E+03  1.782E+02  1.870E+03
300.00         1.315E-08  9.124E-02  3.062E+02  1.664E+03  1.782E+02  1.870E+03

               Amounts, grams
Time y         Total
0.0000         4.019E+03
30.000         4.019E+03
60.000         4.019E+03
90.000         4.019E+03
120.00         4.019E+03
150.00         4.019E+03
180.00         4.019E+03
210.00         4.019E+03
240.00         4.019E+03
270.00         4.019E+03
300.00         4.019E+03

Time y           Total Amount          ( Amount - Average ) / Average
330.00         4018.53666999999996      0.00000000000000000    
360.00         4018.53666999999996      0.00000000000000000    
390.00         4018.53666999999996      0.00000000000000000    
420.00         4018.53667000000041     1.131624240936599872E-16
450.00         4018.53666999999996      0.00000000000000000    
480.00         4018.53666999999996      0.00000000000000000    
510.00         4018.53666999999996      0.00000000000000000    
540.00         4018.53666999999996      0.00000000000000000    
570.00         4018.53666999999996      0.00000000000000000    
600.00         4018.53666999999996      0.00000000000000000    
630.00         4018.53666999999996      0.00000000000000000    
Total Std Dev   1.438E-13 StdDev / Average    3.579E-17

               Radiotoxicity, Sieverts
Time y         Eu-152     Gd-152     Total
0.0000         8.197E+02  3.513E-09  8.197E+02
30.000         1.760E+02  4.171E-09  1.760E+02
60.000         3.781E+01  4.312E-09  3.781E+01
90.000         8.119E+00  4.343E-09  8.119E+00
120.00         1.744E+00  4.349E-09  1.744E+00
150.00         3.745E-01  4.351E-09  3.745E-01
180.00         8.042E-02  4.351E-09  8.042E-02
210.00         1.727E-02  4.351E-09  1.727E-02
240.00         3.709E-03  4.351E-09  3.709E-03
270.00         7.966E-04  4.351E-09  7.966E-04
300.00         1.711E-04  4.351E-09  1.711E-04

Columns with zero radiotoxicity not printed.

Radiotoxicity is computed for adult ingestion using dose factors from ICRP
publication 119, which does not provide dose factors for radioactive
isotopes with half lives less than ten minutes or greater than 10^9 years.
Dose factors for gases are given as Sv/day per Bq/m^3.  Radiotoxicity is
not calculated for gases.
