Warning: No xauth data; using fake authentication data for X11 forwarding.
============================================================
/usr/local/bin/.: Permission denied.
Machinetype:            Intel Pentium III (600 MHz);    GNU/Linux 2.4.18-27.8.0smp (Red Hat 8.0 (Psyche))
System status:           10:55am  up 3 days, 21:02,  3 users,  load average: 0.23, 0.05, 0.05
Remote Intel compiler versions:
			OS information:
			Red Hat Linux release 8.0 (Psyche)
			Kernel on an \m
			Kernel 2.4.20-28.8smp
			glibc-2.3.2-4.80.8
			
			===========================================================
			Support Package IDs for Intel(R) Compilers in /export/local/ashare/i386-linux/sys/intel/compiler70/ia32/bin
			Please use the following information when submitting customer support requests.
			
			C++ Support Package ID    : l_cc_pc_7.1.035-NCOM
			Fortran Support Package ID: l_fc_pc_7.1.038-NCOM
			===========================================================
			C++ & Fortran License Expiration Date: never expire
			C++ & Fortran Support Services Expiration Date: never expire
			
			All Installed Compiler Components on this OS: 
			intel-icc7-7.1-38: Intel(R) C++ Compiler for 32-bit applications,
			                   Version 7.1 Build 20031225Z
			intel-ifc7-7.1-40: Intel(R) Fortran Compiler for 32-bit applications,
			                   Version 7.1 Build 20031225Z
			intel-icc8-8.0-49: Intel(R) C++ Compiler for 32-bit applications,
			                   Version 8.0
			intel-isubh7-7.1-38: Substitute Headers for Intel(R) C++ Compiler
			                     for 32-bit applications, Version 7.1
			intel-iidb7-7.3.2-97: Linux Application Debugger for 32-bit applications,
			                      Version 7.3.2
			intel-isubh8-8.0-49: Substitute Headers for Intel(R) C++ Compiler
			                     for 32-bit applications, Version 8.0
Remote c89 version:     gcc (GCC) 3.2 20020903 (Red Hat Linux 8.0 3.2-7)
Remote c99 version:     gcc (GCC) 3.2 20020903 (Red Hat Linux 8.0 3.2-7)
Remote lcc version:     lcc version 4.1.beta.9 [11-May-2001]
Remote pgCC version:    Copyright 1989-2000, The Portland Group, Inc. All Rights Reserved.
Remote pgcc version:    Copyright 1989-2000, The Portland Group, Inc. All Rights Reserved.
Package:                quadlog-gampsi-slim
Archive:                /u/sy/beebe/build//quadlog-gampsi-slim.tar.gz
Date:                   2004.03.21.10.55.10
Local user:             beebe
Local host:             ibapah.math.utah.edu
Local log directory:    /u/sy/beebe/build/logs/quadlog-gampsi-slim
Local log file:         quadlog-gampsi-slim.uinta.math.utah.edu.2004.03.21.10.55.10.log
Remote user:            beebe
Remote host:            uinta.math.utah.edu
Remote directory:       /local/build/ifort
Remote date:            2004.03.21.10.55.22
Remote uname:           Linux uinta.math.utah.edu 2.4.20-28.8smp #1 SMP Thu Dec 18 12:25:21 EST 2003 i686 unknown unknown GNU/Linux
Remote gcc version:     gcc (GCC) 3.3.3
Remote g++ version:     g++ (GCC) 3.3.3
Remote gcc3 version:    gcc3: Command not found.
Remote g++3 version:    g++3: Command not found.
Configure environment:  CC=icc CXX=icc F77=ifort FC=ifort LDFLAGS=-R/usr/local/lib -L/usr/local/lib 
Extra environment:      
Configure flags:        
Make all targets:       
Make check targets:     check
Disk free report for /local/build/ifort:
			Filesystem           1K-blocks      Used Available Use% Mounted on
			/dev/sda1             15622740  13700212   1128920  93% /
Environment:
			DISPLAY=localhost:94.0
			DVIPSHEADERS=.:/usr/local/lib/tex/ps:/usr/local/lib/tex/fonts/ps:/usr/local/lib/tex/fonts/vf:/usr/local/lib/tex/fonts/old/vf:/usr/local/lib/tex/fonts/postscript/cmpsfont/pfb
			FORTRANPLUS=/usr/local/sys/FortranPlus/fplus_55h
			GROUP=wheel
			G_BROKEN_FILENAMES=1
			HOME=/u/sy/beebe
			HOST=uinta.math.utah.edu
			HOSTALIAS=uinta
			HOSTTYPE=i386-linux
			INDOMAIN=math.utah.edu
			INFO=/usr/local/plot79
			LANG=en_US.UTF-8
			LESSOPEN=|/usr/bin/lesspipe.sh %s
			LIBRARY_PATH=/usr/local/sys/FortranPlus/fplus_55h/lib
			LM_LICENSE_FILE=/usr/local/sys/pgi/pgi/license.dat
			LOGNAME=beebe
			LS_COLORS=no=00:fi=00:di=37;44:ln=01;36;44:pi=33;44:so=01;35:bd=33;44;01:cd=33;44;01:or=40;31;01:ex=01;33;44:*.tar=01;31:*.tgz=01;31:*.arj=01;31:*.taz=01;31:*.lzh=01;31:*.zip=01;31:*.z=01;31:*.Z=01;31:*.gz=01;31:*.deb=01;31:*.i386.rpm=01;31:*.src.rpm=01;30:*.jpg=01;35:*.gif=01;35:*.bmp=01;35:*.ppm=01;35:*.tga=01;35:*.xbm=01;35:*.xpm=01;35:*.tif=01;35:*.mpg=01;37;42:*.avi=01;37;42:*.mp4=01;37;42:*.qt=01;37;42:*.gl=01;37;42:*.dl=01;37;42:*.c=1;34;47:*.h=1;35;47:*.in=1;32;44:*.i=07;33;44:*ChangeLog=01;34;43:*INSTALL=301;4;43:*Makefile=01;37;42;41:*NEWS=01;34;43:*README=01;34;43:*TO-DO=01;34;43:*WHERE-FROM=01;34;43:
			MACHTYPE=i386
			MAIL=/var/mail/beebe
			MANPATH=/usr/local/man:/usr/share/man:/usr/local/sys/lf9562/manuals/man/lf95:/usr/local/sys/lf9562/manuals/man/ssl2
			MFINPUTS=.:/usr/local/lib/mf/macros:/usr/local/lib/mf/cm:/usr/local/lib/mf
			NCARG_ROOT=/usr/local/ncar
			NLM_LICENCE_FILENAME=/usr/local/sys/FortranPlus/fplus_55h/license/license.nas
			OPENWINHOME=/usr/openwin
			OSTYPE=linux
			PAGER=/usr/bin/less
			PATH=/usr/local/bin/X11:/usr/local/bin:/u/sy/beebe/bin/i686:/usr/local/share/bin:/usr/local/bin/X11:/usr/local/pbmplus:/usr/X11R6/bin:/usr/bin/X11:/usr/local/plot79:/usr/sbin:/usr/bin:/bin:/sbin:/usr/local/etc:/usr/etc:/etc:.:/usr/local/sys/pgi/pgi/linux86/5.1/bin:/usr/local/sys/FortranPlus/fplus_55h/bin:/opt/intel_cc_80/bin:/opt/intel_fc_80/bin:/opt/intel_idb_73/bin:/usr/local/sys/intel/compiler70/ia32/bin:/u/sy/beebe/tex/bib:/usr/local/gnat/bin:/usr/local/ora/bin
			PFDIR=/usr/local/sys/lf9562/bin
			PGI=/usr/local/sys/pgi/pgi
			PLT=/usr/local/plot79
			PVM_ROOT=/usr/local/pvm3
			PWD=/u/sy/beebe
			QTDIR=/usr/lib/qt3-gcc3.2
			SAXDIR=/usr/local/ashare/sax
			SHELL=/usr/local/bin/tcsh
			SHLVL=1
			SSH_ASKPASS=/usr/libexec/openssh/gnome-ssh-askpass
			SSH_CLIENT=155.101.96.157 35395 22
			SSH_CONNECTION=155.101.96.157 35395 155.101.96.144 22
			TERM=vt100
			TEXCONFIG=.:/usr/local/lib/tex/ps:/usr/local/lib/tex/fonts/vf:/usr/local/lib/tex/fonts/old/vf
			TEXFONTS=/usr/local/lib/tex/fonts/cm/600dpi:/usr/local/lib/tex/fonts/cm/tfms:/usr/local/lib/tex/ams/amspsfnt/tfms:/usr/local/lib/tex/ams/amspsfnt/pfb:/usr/local/lib/tex/ams/amsfonts/pk-files/600dpi:/usr/local/lib/tex/ams/amsfonts/pk-files/300dpi:/usr/local/lib/tex/fonts/pandora/600dpi:/usr/local/lib/tex/fonts/pandora/tfms:/usr/local/lib/tex/fonts/concrete/600dpi:/usr/local/lib/tex/fonts/concrete/tfms:/usr/local/lib/tex/fonts/greek:/usr/local/lib/tex/lamstex/mf:/usr/local/lib/tex/fonts/pk/tfms:/usr/local/lib/tex/fonts/pk/600dpi:/usr/local/lib/tex/fonts/pk/300dpi:/usr/local/lib/tex/fonts/ps:/usr/local/lib/tex/latex2e/fonts:/usr/local/lib/tex/fonts/vf:/usr/local/lib/tex/fonts/old/vf:/usr/local/lib/tex/musictex/pk/600dpi:/usr/local/lib/tex/musictex/pk/tfms:/usr/local/lib/tex/fonts/cmcyr/600dpi:/usr/local/lib/tex/fonts/ec/600dpi:/usr/local/lib/tex/fonts/ec/tfms:/usr/local/lib/tex/fonts/ecc/600dpi:/usr/local/lib/tex/fonts/ecc/tfms:/usr/local/lib/tex/fonts/ams
			TEXINPUTS=.:/usr/local/lib/tex/inputs:/usr/local/lib/tex/fonts/ps:/usr/local/lib/tex/latex:/usr/local/lib/tex/ams/amstex:/usr/local/lib/tex/ams/amstex/doc:/usr/local/lib/tex/ams/amslatex/inputs:/usr/local/lib/tex/bibtex:/usr/local/lib/tex/fonts/ap/300dpi:/usr/local/lib/tex/tugboat:/usr/local/lib/tex/lamstex/inputs:/usr/local/lib/tex/siam:/usr/local/lib/tex/ps:/usr/local/lib/tex/fonts/pandora
			TEXPKS=/usr/local/lib/tex/fonts/cm/600dpi:/usr/local/lib/tex/fonts/cm/tfms:/usr/local/lib/tex/ams/amspsfnt/tfms:/usr/local/lib/tex/ams/amspsfnt/pfb:/usr/local/lib/tex/ams/amsfonts/pk-files/600dpi:/usr/local/lib/tex/ams/amsfonts/pk-files/300dpi:/usr/local/lib/tex/fonts/pandora/600dpi:/usr/local/lib/tex/fonts/pandora/tfms:/usr/local/lib/tex/fonts/concrete/600dpi:/usr/local/lib/tex/fonts/concrete/tfms:/usr/local/lib/tex/fonts/greek:/usr/local/lib/tex/lamstex/mf:/usr/local/lib/tex/fonts/pk/tfms:/usr/local/lib/tex/fonts/pk/600dpi:/usr/local/lib/tex/fonts/pk/300dpi:/usr/local/lib/tex/fonts/ps:/usr/local/lib/tex/latex2e/fonts:/usr/local/lib/tex/fonts/vf:/usr/local/lib/tex/fonts/old/vf:/usr/local/lib/tex/musictex/pk/600dpi:/usr/local/lib/tex/musictex/pk/tfms:/usr/local/lib/tex/fonts/cmcyr/600dpi:/usr/local/lib/tex/fonts/ec/600dpi:/usr/local/lib/tex/fonts/ec/tfms:/usr/local/lib/tex/fonts/ecc/600dpi:/usr/local/lib/tex/fonts/ecc/tfms:/usr/local/lib/tex/fonts/ams
			USER=beebe
			VENDOR=intel
			VFFONTS=.:/usr/local/lib/tex/latex2e/fonts:/usr/local/lib/tex/fonts/vf:/usr/local/lib/tex/fonts/old/vf:/usr/local/lib/tex/fonts/fontinst/contrib/helminck:/usr/local/lib/tex/fonts/malvern/vf:/usr/local/lib/tex/fonts/mathtime
			WISK=/usr/local/sys/lf9562
			YPDOMAIN=YP.math.utah.edu
============================================================
configure: creating ./config.status
config.status: creating Makefile
configure: configuring in common
configure: running /bin/sh './configure'  --cache-file=/dev/null --srcdir=.
checking for gcc... icc
checking for C compiler default output file name... a.out
checking whether the C compiler works... yes
checking whether we are cross compiling... no
checking for suffix of executables... 
checking for suffix of object files... o
checking whether we are using the GNU C compiler... yes
checking whether icc accepts -g... yes
checking for icc option to accept ANSI C... none needed
checking whether we are using the GNU Fortran 77 compiler... no
checking whether ifort accepts -g... yes
checking for autoconf... autoconf
configure: creating ./config.status
config.status: creating Makefile
configure: configuring in gampsi
configure: running /bin/sh './configure'  --cache-file=/dev/null --srcdir=.
checking for gcc... icc
checking for C compiler default output file name... a.out
checking whether the C compiler works... yes
checking whether we are cross compiling... no
checking for suffix of executables... 
checking for suffix of object files... o
checking whether we are using the GNU C compiler... yes
checking whether icc accepts -g... yes
checking for icc option to accept ANSI C... none needed
checking whether we are using the GNU Fortran 77 compiler... no
checking whether ifort accepts -g... yes
checking for autoconf... autoconf
checking for gzip... gzip
checking for tar... tar
configure: creating ./config.status
config.status: creating Makefile
configure: configuring in jacobi
configure: running /bin/sh './configure'  --cache-file=/dev/null --srcdir=.
checking for gcc... icc
checking for C compiler default output file name... a.out
checking whether the C compiler works... yes
checking whether we are cross compiling... no
checking for suffix of executables... 
checking for suffix of object files... o
checking whether we are using the GNU C compiler... yes
checking whether icc accepts -g... yes
checking for icc option to accept ANSI C... none needed
checking whether we are using the GNU Fortran 77 compiler... no
checking whether ifort accepts -g... yes
checking for autoconf... autoconf
configure: creating ./config.status
config.status: creating Makefile
configure: configuring in laguerre
configure: running /bin/sh './configure'  --cache-file=/dev/null --srcdir=.
checking for gcc... icc
checking for C compiler default output file name... a.out
checking whether the C compiler works... yes
checking whether we are cross compiling... no
checking for suffix of executables... 
checking for suffix of object files... o
checking whether we are using the GNU C compiler... yes
checking whether icc accepts -g... yes
checking for icc option to accept ANSI C... none needed
checking whether we are using the GNU Fortran 77 compiler... no
checking whether ifort accepts -g... yes
checking for autoconf... autoconf
checking if -lm needed for math functions... no
configure: creating ./config.status
config.status: creating Makefile
configure: configuring in man
configure: running /bin/sh './configure'  --cache-file=/dev/null --srcdir=.
checking for autoconf... autoconf
checking for deroff... deroff
checking for ps2pdf... ps2pdf
checking for man2html... man2html
configure: creating ./config.status
config.status: creating Makefile
6.56user 11.33system 0:26.08elapsed 68%CPU (0avgtext+0avgdata 0maxresident)k
0inputs+0outputs (157310major+163717minor)pagefaults 0swaps
(cd common && make  prefix=/usr/local FWARN="" FOPT="-O" all )
ifort -g -O     -c -o d2norm.o d2norm.f
ifort -g -O     -c -o dcopy.o dcopy.f
ifort -g -O     -c -o deps.o deps.f
ifort -g -O     -c -o derbit.o derbit.f
ifort -g -O     -c -o dfloat.o dfloat.f
ifort -g -O     -c -o dfpmax.o dfpmax.f
ifort -g -O     -c -o dgamma.o dgamma.f
ifort -g -O     -c -o dinf.o dinf.f
ifort -g -O     -c -o diran.o diran.f
ifort -g -O     -c -o dlgam.o dlgam.f
ifort -g -O     -c -o dlog2.o dlog2.f
ifort -g -O     -c -o dnan.o dnan.f
ifort -g -O     -c -o dpsi.o dpsi.f
ifort -g -O     -c -o dpsiln.o dpsiln.f
ifort -g -O     -c -o dran.o dran.f
ifort -g -O     -c -o dstore.o dstore.f
ifort -g -O     -c -o dstorf.o dstorf.f
ifort -g -O     -c -o dvsum.o dvsum.f
ifort -g -O     -c -o ffalse.o ffalse.f
ifort -g -O     -c -o ftrue.o ftrue.f
ifort -g -O     -c -o getnan.o getnan.f
ifort -g -O     -c -o idceil.o idceil.f
ifort -g -O     -c -o isdinf.o isdinf.f
ifort -g -O     -c -o isdnan.o isdnan.f
ifort -g -O     -c -o pythag.o pythag.f
ifort -g -O     -c -o tql1.o tql1.f
ar -r ../libgjl.a d2norm.o dcopy.o deps.o derbit.o dfloat.o dfpmax.o dgamma.o dinf.o diran.o dlgam.o dlog2.o dnan.o dpsi.o dpsiln.o dran.o dstore.o dstorf.o dvsum.o ffalse.o ftrue.o getnan.o idceil.o isdinf.o isdnan.o pythag.o tql1.o
ranlib ../libgjl.a || true
ifort -g -O     -c -o aeps.o aeps.f
ifort -g -O     -c -o afpmax.o afpmax.f
ifort -g -O     -c -o ainf.o ainf.f
ifort -g -O     -c -o airan.o airan.f
ifort -g -O     -c -o algam.o algam.f
ifort -g -O     -c -o alog2.o alog2.f
ifort -g -O     -c -o anan.o anan.f
ifort -g -O     -c -o astore.o astore.f
ifort -g -O     -c -o astorf.o astorf.f
ifort -g -O     -c -o avsum.o avsum.f
ifort -g -O     -c -o gamma.o gamma.f
ifort -g -O     -c -o iceil.o iceil.f
ifort -g -O     -c -o isainf.o isainf.f
ifort -g -O     -c -o isanan.o isanan.f
ifort -g -O     -c -o psi.o psi.f
ifort -g -O     -c -o psiln.o psiln.f
ifort -g -O     -c -o ran.o ran.f
ar -r ../libgjl.a aeps.o afpmax.o ainf.o airan.o algam.o alog2.o anan.o astore.o astorf.o avsum.o gamma.o iceil.o isainf.o isanan.o psi.o psiln.o ran.o
ranlib ../libgjl.a || true
for subdir in man gampsi jacobi laguerre common ; do echo ============================== Making all in $subdir ; ( cd $subdir && make  prefix=/usr/local FWARN="" FOPT="-O" all ) ; done
============================== Making all in man
============================== Making all in gampsi
(cd ../common; make lib-dp)
ar -r ../libgjl.a d2norm.o dcopy.o deps.o derbit.o dfloat.o dfpmax.o dgamma.o dinf.o diran.o dlgam.o dlog2.o dnan.o dpsi.o dpsiln.o dran.o dstore.o dstorf.o dvsum.o ffalse.o ftrue.o getnan.o idceil.o isdinf.o isdnan.o pythag.o tql1.o
ranlib ../libgjl.a || true
ifort -g -O -I../common   -c -o tdgen.o tdgen.f
ifort -g -O -I../common   -c -o funhdr.o funhdr.f
ifort -g -O -I../common   -c -o dgen.o dgen.f
ifort -g -O -I../common   -o tdgen tdgen.o funhdr.o dgen.o ../common/dfloat.o ../common/dinf.o ../common/diran.o ../common/dnan.o ../common/dran.o ../common/dstorf.o ../common/idceil.o ../common/isdnan.o ../common/dgamma.o ../common/dlgam.o ../common/dpsi.o ../common/dpsiln.o 
(cd ../common; make lib-sp)
ar -r ../libgjl.a aeps.o afpmax.o ainf.o airan.o algam.o alog2.o anan.o astore.o astorf.o avsum.o gamma.o iceil.o isainf.o isanan.o psi.o psiln.o ran.o
ranlib ../libgjl.a || true
ifort -g -O -I../common   -c -o tagen.o tagen.f
ifort -g -O -I../common   -c -o agen.o agen.f
ifort -g -O -I../common   -o tagen tagen.o funhdr.o agen.o ../common/ainf.o ../common/airan.o ../common/anan.o ../common/astorf.o ../common/iceil.o ../common/isanan.o ../common/ran.o ../common/algam.o ../common/dfloat.o ../common/gamma.o ../common/idceil.o ../common/psi.o ../common/psiln.o 
============================== Making all in jacobi
ifort -g -O -I../common   -c -o gjqf.o gjqf.f
ifort -g -O -I../common   -c -o gjqfd.o gjqfd.f
ifort -g -O -I../common   -c -o gjqli.o gjqli.f
ifort -g -O -I../common   -c -o gjqrc.o gjqrc.f
(cd ../common; make lib-dp)
ar -r ../libgjl.a d2norm.o dcopy.o deps.o derbit.o dfloat.o dfpmax.o dgamma.o dinf.o diran.o dlgam.o dlog2.o dnan.o dpsi.o dpsiln.o dran.o dstore.o dstorf.o dvsum.o ffalse.o ftrue.o getnan.o idceil.o isdinf.o isdnan.o pythag.o tql1.o
ranlib ../libgjl.a || true
ar -r ../libgjl.a gjqf.o gjqfd.o gjqli.o gjqrc.o
ranlib ../libgjl.a || true
ifort -g -O -I../common   -c -o tgjf1.o tgjf1.f
ifort -g -O -I../common   -c -o ../common/prthdr.o ../common/prthdr.f
ifort -g -O -I../common   -c -o ../common/trapit.o ../common/trapit.f
ifort -g -O -I../common   -o tgjf1 tgjf1.o gjqf.o gjqli.o gjqrc.o gjqfd.o ../common/d2norm.o ../common/dcopy.o ../common/deps.o ../common/derbit.o ../common/dfloat.o ../common/dgamma.o ../common/dinf.o ../common/dlog2.o ../common/dnan.o ../common/dpsi.o ../common/dstore.o ../common/dstorf.o ../common/dvsum.o ../common/isdnan.o ../common/prthdr.o ../common/pythag.o ../common/tql1.o ../common/trapit.o ../libgjl.a
ifort -g -O -I../common   -c -o tgjf2.o tgjf2.f
ifort -g -O -I../common   -o tgjf2 tgjf2.o gjqf.o gjqli.o gjqrc.o gjqfd.o ../common/d2norm.o ../common/dcopy.o ../common/deps.o ../common/derbit.o ../common/dfloat.o ../common/dgamma.o ../common/dinf.o ../common/dlog2.o ../common/dnan.o ../common/dpsi.o ../common/dstore.o ../common/dstorf.o ../common/dvsum.o ../common/isdnan.o ../common/prthdr.o ../common/pythag.o ../common/tql1.o ../common/trapit.o ../libgjl.a
ifort -g -O -I../common   -c -o tgjfd1.o tgjfd1.f
ifort -g -O -I../common   -o tgjfd1 tgjfd1.o gjqfd.o ../common/d2norm.o ../common/dcopy.o ../common/deps.o ../common/derbit.o ../common/dfloat.o ../common/dgamma.o ../common/dinf.o ../common/dlog2.o ../common/dnan.o ../common/dpsi.o ../common/dstore.o ../common/dstorf.o ../common/dvsum.o ../common/isdnan.o ../common/prthdr.o ../common/pythag.o ../common/tql1.o ../common/trapit.o ../libgjl.a
ifort -g -O -I../common   -c -o tgjfd2.o tgjfd2.f
ifort -g -O -I../common   -o tgjfd2 tgjfd2.o gjqfd.o ../common/d2norm.o ../common/dcopy.o ../common/deps.o ../common/derbit.o ../common/dfloat.o ../common/dgamma.o ../common/dinf.o ../common/dlog2.o ../common/dnan.o ../common/dpsi.o ../common/dstore.o ../common/dstorf.o ../common/dvsum.o ../common/isdnan.o ../common/prthdr.o ../common/pythag.o ../common/tql1.o ../common/trapit.o ../libgjl.a
============================== Making all in laguerre
ifort -g -O -I../common   -c -o glqf.o glqf.f
ifort -g -O -I../common   -c -o glqfd.o glqfd.f
ifort -g -O -I../common   -c -o glqli.o glqli.f
ifort -g -O -I../common   -c -o glqrc.o glqrc.f
(cd ../common; make lib-dp)
ar -r ../libgjl.a d2norm.o dcopy.o deps.o derbit.o dfloat.o dfpmax.o dgamma.o dinf.o diran.o dlgam.o dlog2.o dnan.o dpsi.o dpsiln.o dran.o dstore.o dstorf.o dvsum.o ffalse.o ftrue.o getnan.o idceil.o isdinf.o isdnan.o pythag.o tql1.o
ranlib ../libgjl.a || true
ar -r ../libgjl.a glqf.o glqfd.o glqli.o glqrc.o
ranlib ../libgjl.a || true
ifort -g -O -I../common   -c -o tglf1.o tglf1.f
ifort -g -O -I../common   -o tglf1 tglf1.o glqf.o glqli.o glqfd.o glqrc.o ../common/prthdr.o ../common/d2norm.o ../common/dcopy.o ../common/deps.o ../common/derbit.o ../common/dfloat.o ../common/dgamma.o ../common/dinf.o ../common/dlog2.o ../common/dnan.o ../common/dpsi.o ../common/dstore.o ../common/dstorf.o ../common/dvsum.o ../common/isdnan.o ../common/pythag.o ../common/tql1.o ../common/trapit.o
ifort -g -O -I../common   -c -o tglf2.o tglf2.f
ifort -g -O -I../common   -o tglf2 tglf2.o glqf.o glqli.o glqfd.o glqrc.o ../common/prthdr.o ../common/d2norm.o ../common/dcopy.o ../common/deps.o ../common/derbit.o ../common/dfloat.o ../common/dgamma.o ../common/dinf.o ../common/dlog2.o ../common/dnan.o ../common/dpsi.o ../common/dstore.o ../common/dstorf.o ../common/dvsum.o ../common/isdnan.o ../common/pythag.o ../common/tql1.o ../common/trapit.o
ifort -g -O -I../common   -c -o tglf3.o tglf3.f
ifort -g -O -I../common   -o tglf3 tglf3.o glqf.o glqli.o glqfd.o glqrc.o ../common/prthdr.o ../common/d2norm.o ../common/dcopy.o ../common/deps.o ../common/derbit.o ../common/dfloat.o ../common/dgamma.o ../common/dinf.o ../common/dlog2.o ../common/dnan.o ../common/dpsi.o ../common/dstore.o ../common/dstorf.o ../common/dvsum.o ../common/isdnan.o ../common/pythag.o ../common/tql1.o ../common/trapit.o
ifort -g -O -I../common   -c -o tglf4.o tglf4.f
ifort -g -O -I../common   -o tglf4 tglf4.o glqf.o glqli.o glqfd.o glqrc.o ../common/prthdr.o ../common/d2norm.o ../common/dcopy.o ../common/deps.o ../common/derbit.o ../common/dfloat.o ../common/dgamma.o ../common/dinf.o ../common/dlog2.o ../common/dnan.o ../common/dpsi.o ../common/dstore.o ../common/dstorf.o ../common/dvsum.o ../common/isdnan.o ../common/pythag.o ../common/tql1.o ../common/trapit.o
ifort -g -O -I../common   -c -o tglf5.o tglf5.f
ifort -g -O -I../common   -o tglf5 tglf5.o glqf.o glqli.o glqfd.o glqrc.o ../common/prthdr.o ../common/d2norm.o ../common/dcopy.o ../common/deps.o ../common/derbit.o ../common/dfloat.o ../common/dgamma.o ../common/dinf.o ../common/dlog2.o ../common/dnan.o ../common/dpsi.o ../common/dstore.o ../common/dstorf.o ../common/dvsum.o ../common/isdnan.o ../common/pythag.o ../common/tql1.o ../common/trapit.o
ifort -g -O -I../common   -c -o tglf6.o tglf6.f
ifort -g -O -I../common   -o tglf6 tglf6.o glqf.o glqli.o glqfd.o glqrc.o ../common/prthdr.o ../common/d2norm.o ../common/dcopy.o ../common/deps.o ../common/derbit.o ../common/dfloat.o ../common/dgamma.o ../common/dinf.o ../common/dlog2.o ../common/dnan.o ../common/dpsi.o ../common/dstore.o ../common/dstorf.o ../common/dvsum.o ../common/isdnan.o ../common/pythag.o ../common/tql1.o ../common/trapit.o
ifort -g -O -I../common   -c -o tglfd1.o tglfd1.f
ifort -g -O -I../common   -o tglfd1 tglfd1.o glqli.o glqfd.o glqrc.o ../common/prthdr.o ../common/d2norm.o ../common/dcopy.o ../common/deps.o ../common/derbit.o ../common/dfloat.o ../common/dgamma.o ../common/dinf.o ../common/dlog2.o ../common/dnan.o ../common/dpsi.o ../common/dstore.o ../common/dstorf.o ../common/dvsum.o ../common/isdnan.o ../common/pythag.o ../common/tql1.o ../common/trapit.o
ifort -g -O -I../common   -c -o tglfd2.o tglfd2.f
ifort -g -O -I../common   -o tglfd2 tglfd2.o glqli.o glqfd.o glqrc.o ../common/prthdr.o ../common/d2norm.o ../common/dcopy.o ../common/deps.o ../common/derbit.o ../common/dfloat.o ../common/dgamma.o ../common/dinf.o ../common/dlog2.o ../common/dnan.o ../common/dpsi.o ../common/dstore.o ../common/dstorf.o ../common/dvsum.o ../common/isdnan.o ../common/pythag.o ../common/tql1.o ../common/trapit.o
ifort -g -O -I../common   -c -o tglfd3.o tglfd3.f
ifort -g -O -I../common   -o tglfd3 tglfd3.o glqli.o glqfd.o glqrc.o ../common/prthdr.o ../common/d2norm.o ../common/dcopy.o ../common/deps.o ../common/derbit.o ../common/dfloat.o ../common/dgamma.o ../common/dinf.o ../common/dlog2.o ../common/dnan.o ../common/dpsi.o ../common/dstore.o ../common/dstorf.o ../common/dvsum.o ../common/isdnan.o ../common/pythag.o ../common/tql1.o ../common/trapit.o
ifort -g -O -I../common   -c -o tglfd4.o tglfd4.f
ifort -g -O -I../common   -o tglfd4 tglfd4.o glqli.o glqfd.o glqrc.o ../common/prthdr.o ../common/d2norm.o ../common/dcopy.o ../common/deps.o ../common/derbit.o ../common/dfloat.o ../common/dgamma.o ../common/dinf.o ../common/dlog2.o ../common/dnan.o ../common/dpsi.o ../common/dstore.o ../common/dstorf.o ../common/dvsum.o ../common/isdnan.o ../common/pythag.o ../common/tql1.o ../common/trapit.o
ifort -g -O -I../common   -c -o tglfd5.o tglfd5.f
ifort -g -O -I../common   -o tglfd5 tglfd5.o glqli.o glqfd.o glqrc.o ../common/prthdr.o ../common/d2norm.o ../common/dcopy.o ../common/deps.o ../common/derbit.o ../common/dfloat.o ../common/dgamma.o ../common/dinf.o ../common/dlog2.o ../common/dnan.o ../common/dpsi.o ../common/dstore.o ../common/dstorf.o ../common/dvsum.o ../common/isdnan.o ../common/pythag.o ../common/tql1.o ../common/trapit.o
ifort -g -O -I../common   -c -o tglfd6.o tglfd6.f
ifort -g -O -I../common   -o tglfd6 tglfd6.o glqli.o glqfd.o glqrc.o ../common/prthdr.o ../common/d2norm.o ../common/dcopy.o ../common/deps.o ../common/derbit.o ../common/dfloat.o ../common/dgamma.o ../common/dinf.o ../common/dlog2.o ../common/dnan.o ../common/dpsi.o ../common/dstore.o ../common/dstorf.o ../common/dvsum.o ../common/isdnan.o ../common/pythag.o ../common/tql1.o ../common/trapit.o
============================== Making all in common
ar -r ../libgjl.a d2norm.o dcopy.o deps.o derbit.o dfloat.o dfpmax.o dgamma.o dinf.o diran.o dlgam.o dlog2.o dnan.o dpsi.o dpsiln.o dran.o dstore.o dstorf.o dvsum.o ffalse.o ftrue.o getnan.o idceil.o isdinf.o isdnan.o pythag.o tql1.o
ranlib ../libgjl.a || true
ar -r ../libgjl.a aeps.o afpmax.o ainf.o airan.o algam.o alog2.o anan.o astore.o astorf.o avsum.o gamma.o iceil.o isainf.o isanan.o psi.o psiln.o ran.o
ranlib ../libgjl.a || true
15.350u 7.040s 0:25.73 87.0%	0+0k 0+0io 156792pf+0w
for subdir in man gampsi jacobi laguerre common ; do echo ============================== Making check-dp in $subdir ; ( cd $subdir && make  prefix=/usr/local FWARN="" FOPT="-O" check-dp ) ; done
============================== Making check-dp in man
There is no validation suite in this directory
============================== Making check-dp in gampsi
========================================================================
WARNING: This seems to be the slim package distribution without the
extensive validation suite. You must test the package on your own!
========================================================================
============================== Making check-dp in jacobi
(cd ../common; make lib-dp)
ar -r ../libgjl.a d2norm.o dcopy.o deps.o derbit.o dfloat.o dfpmax.o dgamma.o dinf.o diran.o dlgam.o dlog2.o dnan.o dpsi.o dpsiln.o dran.o dstore.o dstorf.o dvsum.o ffalse.o ftrue.o getnan.o idceil.o isdinf.o isdnan.o pythag.o tql1.o
ranlib ../libgjl.a || true
ar -r ../libgjl.a gjqf.o gjqfd.o gjqli.o gjqrc.o
ranlib ../libgjl.a || true
========================================================================
WARNING: This seems to be the slim package distribution without the
extensive validation suite: running the quick demos instead.
========================================================================
========================================================================
The demonstration programs demgjq and demqgjq read a single free-format
line of data on standard input with the four numeric values

        alpha beta nquad pmax

where

        alpha = power of (1-x) in Jacobi weight function
        beta  = power of (1+x) in Jacobi weight function
        nquad = quadrature order
        pmax  = maximum power of (1-x) in test function

In the demonstration targets, these values are supplied by a simple
echo command embedded in the Makefile.  Results are written to standard
output.
========================================================================
(cd ../common; make lib-dp)
ar -r ../libgjl.a d2norm.o dcopy.o deps.o derbit.o dfloat.o dfpmax.o dgamma.o dinf.o diran.o dlgam.o dlog2.o dnan.o dpsi.o dpsiln.o dran.o dstore.o dstorf.o dvsum.o ffalse.o ftrue.o getnan.o idceil.o isdinf.o isdnan.o pythag.o tql1.o
ranlib ../libgjl.a || true
ar -r ../libgjl.a gjqf.o gjqfd.o gjqli.o gjqrc.o
ranlib ../libgjl.a || true
ifort -g -O -I../common   -c -o demgjq.o demgjq.f
ifort -g -O -I../common   -o demgjq demgjq.o -R/usr/local/lib -L/usr/local/lib ../libgjl.a
ifort: Command line warning: ignoring unknown option '-R/usr/local/lib'

This output file should closely match results in Table 2 of the paper
Efficient High-Accuracy Quadrature for Two Classes of Logarithmic
Weight Functions

echo -0.9375 -0.9375 20 40 | ./demgjq > test/demgjq.out 2>/dev/null
-rw-rw-r--  1 beebe wheel 28915 2004-03-21 10:56 test/demgjq.out

Correct output from the development site is available here:

-r--r--r--  1 beebe wheel 28900 2003-11-12 13:59 test/okay/demgjq.out


This output file must reproduce the Gauss-Legendre n=96 section
of Table 25.4 of Abramowitz and Stegen, Handbook of Mathematical
Functions, NBS #55, p. 919

echo 0 0 96 0 | ./demgjq > test/demgjq.nbs 2>/dev/null
-rw-rw-r--  1 beebe wheel 43344 2004-03-21 10:56 test/demgjq.nbs

Correct output from the development site is available here:

-r--r--r--  1 beebe wheel 43329 2003-12-04 17:48 test/okay/demgjq.nbs


The final tables in these output files must reproduce the values in the
literature citations therein:

echo 0 -0.5 99 0 | ./demgjq > test/demgjq.ls1 2>/dev/null
echo 0  0.0 99 0 | ./demgjq > test/demgjq.ls2 2>/dev/null
echo 0 +0.5 99 0 | ./demgjq > test/demgjq.ls3 2>/dev/null
echo -0.5 -0.5 1 0 | ./demgjq > test/demgjq.ls4 2>/dev/null
echo +0.5 +0.5 1 0 | ./demgjq > test/demgjq.ls5 2>/dev/null
echo +1.0 +1.0 1 0 | ./demgjq > test/demgjq.ls6 2>/dev/null
echo +1.5 +1.5 1 0 | ./demgjq > test/demgjq.ls7 2>/dev/null

-rw-rw-r--  1 beebe wheel 44601 2004-03-21 10:56 test/demgjq.ls1
-rw-rw-r--  1 beebe wheel 44601 2004-03-21 10:56 test/demgjq.ls2
-rw-rw-r--  1 beebe wheel 44601 2004-03-21 10:56 test/demgjq.ls3
-rw-rw-r--  1 beebe wheel 20633 2004-03-21 10:56 test/demgjq.ls4
-rw-rw-r--  1 beebe wheel 20633 2004-03-21 10:56 test/demgjq.ls5
-rw-rw-r--  1 beebe wheel 20633 2004-03-21 10:56 test/demgjq.ls6
-rw-rw-r--  1 beebe wheel 20633 2004-03-21 10:56 test/demgjq.ls7

Correct output from the development site is available here:

-r--r--r--  1 beebe wheel 44586 2003-12-04 17:47 test/okay/demgjq.ls1
-r--r--r--  1 beebe wheel 44586 2003-12-04 17:47 test/okay/demgjq.ls2
-r--r--r--  1 beebe wheel 44586 2003-12-04 17:47 test/okay/demgjq.ls3
-r--r--r--  1 beebe wheel 20617 2003-12-11 15:52 test/okay/demgjq.ls4
-r--r--r--  1 beebe wheel 20617 2003-12-11 15:52 test/okay/demgjq.ls5
-r--r--r--  1 beebe wheel 20617 2003-12-11 15:52 test/okay/demgjq.ls6
-r--r--r--  1 beebe wheel 20617 2003-12-11 15:52 test/okay/demgjq.ls7

============================== Making check-dp in laguerre
(cd ../common; make lib-dp)
ar -r ../libgjl.a d2norm.o dcopy.o deps.o derbit.o dfloat.o dfpmax.o dgamma.o dinf.o diran.o dlgam.o dlog2.o dnan.o dpsi.o dpsiln.o dran.o dstore.o dstorf.o dvsum.o ffalse.o ftrue.o getnan.o idceil.o isdinf.o isdnan.o pythag.o tql1.o
ranlib ../libgjl.a || true
ar -r ../libgjl.a glqf.o glqfd.o glqli.o glqrc.o
ranlib ../libgjl.a || true
========================================================================
WARNING: This seems to be the slim package distribution without the
extensive validation suite: running the quick demos instead.
========================================================================
========================================================================
The demonstration programs demglq and demqglq read a single free-format
line of data on standard input with the three numeric values

        alpha nquad pmax

where

        alpha = power of x in Laguerre weight function
        nquad = quadrature order
        pmax  = maximum power of x in test function

In the demonstration targets, these values are supplied by a simple
echo command embedded in the Makefile.  Results are written to standard
output.
========================================================================
(cd ../common; make lib-dp)
ar -r ../libgjl.a d2norm.o dcopy.o deps.o derbit.o dfloat.o dfpmax.o dgamma.o dinf.o diran.o dlgam.o dlog2.o dnan.o dpsi.o dpsiln.o dran.o dstore.o dstorf.o dvsum.o ffalse.o ftrue.o getnan.o idceil.o isdinf.o isdnan.o pythag.o tql1.o
ranlib ../libgjl.a || true
ar -r ../libgjl.a glqf.o glqfd.o glqli.o glqrc.o
ranlib ../libgjl.a || true
ifort -g -O -I../common   -c -o demglq.o demglq.f
ifort -g -O -I../common   -o demglq demglq.o -R/usr/local/lib -L/usr/local/lib ../libgjl.a
ifort: Command line warning: ignoring unknown option '-R/usr/local/lib'

This output file should closely match results in Table 1 of the paper
Efficient High-Accuracy Quadrature for Two Classes of Logarithmic
Weight Functions

echo -0.9375 20 40 | ./demglq > test/demglq.out
-rw-rw-r--  1 beebe wheel 29379 2004-03-21 10:56 test/demglq.out

Correct output from the development site is available here:

-r--r--r--  1 beebe wheel 29360 2003-11-12 13:51 test/okay/demglq.out


This output file must reproduce the Gauss-Laguerre n=15 section
of Table 25.9 of Abramowitz and Stegen, Handbook of Mathematical
Functions, NBS #55, p. 923

echo 0 15 0 | ./demglq > test/demglq.nbs
-rw-rw-r--  1 beebe wheel 82865 2004-03-21 10:56 test/demglq.nbs

Correct output from the development site is available here:

-r--r--r--  1 beebe wheel 82846 2003-12-11 16:00 test/okay/demglq.nbs

============================== Making check-dp in common
ar -r ../libgjl.a d2norm.o dcopy.o deps.o derbit.o dfloat.o dfpmax.o dgamma.o dinf.o diran.o dlgam.o dlog2.o dnan.o dpsi.o dpsiln.o dran.o dstore.o dstorf.o dvsum.o ffalse.o ftrue.o getnan.o idceil.o isdinf.o isdnan.o pythag.o tql1.o
ranlib ../libgjl.a || true
ar -r ../libgjl.a aeps.o afpmax.o ainf.o airan.o algam.o alog2.o anan.o astore.o astorf.o avsum.o gamma.o iceil.o isainf.o isanan.o psi.o psiln.o ran.o
ranlib ../libgjl.a || true
There is no validation suite in this directory
2.960u 1.610s 0:04.83 94.6%	0+0k 0+0io 40793pf+0w
============================================================
Disk free report for /local/build/ifort/quadlog-gampsi-slim:
			Filesystem           1K-blocks      Used Available Use% Mounted on
			/dev/sda1             15622740  13758252   1070880  93% /
Remote date:            2004.03.21.10.56.22
============================================================
