
                              < M A T L A B >
                  Copyright 1984-2002 The MathWorks, Inc.
                      Version 6.5.0.180913a Release 13
                                Jun 18 2002

 
  To get started, type one of these: helpwin, helpdesk, or demo.
  For product information, visit www.mathworks.com.
 

Computing Eigenvalue 1:
  Iteration	Eigenvalue	Residual
  ======================================================
  1		1.333200E-05	2.821961E-01
  2		4.739162E-06	1.071091E-01
  3		2.921727E-06	6.651075E-02
  4		2.133204E-06	4.855289E-02
  5		1.692820E-06	3.799161E-02
  6		1.413159E-06	3.112869E-02
  7		1.221443E-06	2.638232E-02
  8		1.082942E-06	2.283464E-02
  9		9.787020E-07	2.001701E-02
  10		8.982342E-07	1.780620E-02
  11		8.346845E-07	1.593960E-02
  12		7.836397E-07	1.436191E-02
  13		7.422202E-07	1.304768E-02
  14		7.082616E-07	1.186721E-02
  15		6.801519E-07	1.079189E-02
  16		6.568957E-07	9.884287E-03
  17		6.375523E-07	9.024013E-03
  18		6.214201E-07	8.221559E-03
  19		6.080564E-07	7.524428E-03
  20		5.969879E-07	6.835616E-03
  21		5.878516E-07	6.198893E-03
  22		5.804184E-07	5.600588E-03
  23		5.743670E-07	4.989929E-03
  24		5.695673E-07	4.457357E-03
  25		5.657984E-07	3.912805E-03
  26		5.628948E-07	3.373579E-03
  27		5.607664E-07	2.962958E-03
  28		5.592105E-07	2.422805E-03
  29		5.581489E-07	2.027939E-03
  30		5.574554E-07	1.573645E-03
  31		5.570399E-07	1.191303E-03
   
    Computing ILU factorization: if it takes too long, try the options:
      opt.iluThresh, opt.Preconditioner, or opt.usePrecon. 
   
    Done!  Starting preconditioned iterations: 
      if convergence is not accelerated, try decreasing opt.iluThresh. 
   
  32		5.565458E-07	7.718704E-05
  33		5.565343E-07	4.743972E-06
  ------------
  Eigenvalue 1 converged. 
  # of multiplications by A (and B):      64. 
  # of multiplications by preconditioner: 2.

-----
  CPU Time:4.640000.

eigenvalues =

   5.5653e-07

