
                              < M A T L A B >
                  Copyright 1984-2002 The MathWorks, Inc.
                      Version 6.5.0.180913a Release 13
                                Jun 18 2002

 
  To get started, type one of these: helpwin, helpdesk, or demo.
  For product information, visit www.mathworks.com.
 
Computing threshold ILU factorization using the shift provided.

Computing Eigenvalue 1:
  Iteration	Eigenvalue	Residual
  ======================================================
  1		1.333200E-05	2.821961E-01
  2		5.969336E-07	4.615447E-03
  3		5.576175E-07	5.695726E-04
  4		5.565935E-07	2.300874E-04
  5		5.565353E-07	2.456794E-05
  6		5.565343E-07	3.264162E-06
  ------------
  Eigenvalue 1 converged. 
  # of multiplications by A (and B):      7. 
  # of multiplications by preconditioner: 5.

-----
  CPU Time:1.360000.

eigenvalues =

   5.5653e-07

