This is TeX, Version 3.1415 (C version 6.1) (format=latex 94.7.12)  11 AUG 1997 17:43
**./images.tex
(images.tex
LaTeX2e <1994/06/01> patch level 2

(/usr/local/texmf/lib/tex/latex/base/latex209.def
File: latex209.def 1994/06/01 Standard LaTeX file
Entering LaTeX 2.09 compatibility mode.
\footheight=\dimen102
\@maxsep=\dimen103
\@dblmaxsep=\dimen104
(/usr/local/texmf/lib/tex/latex/base/tracefnt.sty
Package: tracefnt 1994/05/29 v2.3k Standard LaTeX package (font tracing)
\tracingfonts=\count82
LaTeX Info: Redefining \selectfont on input line 113.
)
\symbold=\mathgroup4
\symsans=\mathgroup5
\symtypewriter=\mathgroup6
\symitalic=\mathgroup7
\symsmallcaps=\mathgroup8
\symslanted=\mathgroup9
LaTeX Font Info:    Redeclaring math alphabet \mathbf on input line 179.
LaTeX Font Info:    Redeclaring math alphabet \mathsf on input line 180.
LaTeX Font Info:    Redeclaring math alphabet \mathtt on input line 181.
LaTeX Font Info:    Redeclaring math alphabet \mathit on input line 187.
LaTeX Info: Redefining \em on input line 197.
(/usr/local/texmf/lib/tex/latex/base/latexsym.sty
Package: latexsym 1994/05/27 v2.1e Standard LaTeX package (lasy symbols)
\symlasy=\mathgroup10
LaTeX Font Info:    Overwriting symbol font `lasy' in version `bold'
(Font)                  U/lasy/m/n --> U/lasy/b/n on input line 47.
)
LaTeX Font Info:    Redeclaring math delimiter \lgroup on input line 262.
LaTeX Font Info:    Redeclaring math delimiter \rgroup on input line 264.
LaTeX Font Info:    Redeclaring math delimiter \bracevert on input line 266.
(/usr/local/texmf/lib/tex/latex/base/latex209.cfg)) (/usr/local/texmf/lib/tex/l
atex/base/article.cls
Document Class: article 1994/06/02 v1.2s Standard LaTeX document class
(/usr/local/texmf/lib/tex/latex/base/size11.clo
File: size11.clo 1994/06/02 v1.2s Standard LaTeX file (size option)
)
\c@part=\count83
\c@section=\count84
\c@subsection=\count85
\c@subsubsection=\count86
\c@paragraph=\count87
\c@subparagraph=\count88
\c@figure=\count89
\c@table=\count90
\abovecaptionskip=\skip41
\belowcaptionskip=\skip42
Compatibility mode: definition of \rm ignored.
Compatibility mode: definition of \sf ignored.
Compatibility mode: definition of \tt ignored.
Compatibility mode: definition of \bf ignored.
Compatibility mode: definition of \it ignored.
Compatibility mode: definition of \sl ignored.
Compatibility mode: definition of \sc ignored.
\bibindent=\dimen105
)
\lthtmlwrite=\write4
\sizebox=\box25
No file images.aux.
LaTeX Font Info:    Checking defaults for T1/cmr/m/n on input line 65.
LaTeX Font Info:    ... okay on input line 65.
LaTeX Font Info:    Checking defaults for OT1/cmr/m/n on input line 65.
LaTeX Font Info:    ... okay on input line 65.
LaTeX Font Info:    Checking defaults for OML/cmm/m/it on input line 65.
LaTeX Font Info:    ... okay on input line 65.
LaTeX Font Info:    Checking defaults for OMS/cmsy/m/n on input line 65.
LaTeX Font Info:    ... okay on input line 65.
LaTeX Font Info:    Checking defaults for OMX/cmex/m/n on input line 65.
LaTeX Font Info:    ... okay on input line 65.
LaTeX Font Info:    Checking defaults for U/cmr/m/n on input line 65.
LaTeX Font Info:    ... okay on input line 65.
LaTeX Font Info:    No math setup on input line 69.
LaTeX Font Info:    External font `cmex10' loaded for size
(Font)              <10.95> on input line 69.
LaTeX Font Info:    External font `cmex10' loaded for size
(Font)              <8> on input line 69.
LaTeX Font Info:    External font `cmex10' loaded for size
(Font)              <6> on input line 69.
LaTeX Font Info:    Try loading font information for U+lasy on input line 69.
(/usr/local/texmf/lib/tex/latex/base/Ulasy.fd
File: Ulasy.fd 1994/05/27 v2.1eLaTeX symbol font definitions
)
latex2htmlSize :tex2html_wrap_inline1329: 9.12923pt::0.0pt.
[1


]
latex2htmlSize :tex2html_wrap_inline1331: 9.12923pt::0.0pt.
[2

]
latex2htmlSize :tex2html_wrap_inline1333: 9.12923pt::0.0pt.
[3

]
latex2htmlSize :tex2html_wrap_inline1337: 8.2125pt::2.73749pt.
[4

]
latex2htmlSize :tex2html_wrap_inline1341: 8.2125pt::2.73749pt.
[5

]
latex2htmlSize :tex2html_wrap_inline1345: 4.71457pt::1.7839pt.
[6

]
latex2htmlSize :tex2html_wrap_inline1347: 7.48248pt::1.7839pt.
[7

]
latex2htmlSize :tex2html_wrap_inline1351: 8.80704pt::0.0pt.
[8

]
latex2htmlSize :tex2html_wrap_inline1361: 8.2125pt::2.91495pt.
[9

] [10

] [11

]
latex2htmlSize :tex2html_wrap_inline1383: 4.71457pt::1.64249pt.
[12

]
latex2htmlSize :tex2html_wrap_inline1385: 4.71457pt::2.52838pt.
[13

]
latex2htmlSize :tex2html_wrap_inline1387: 4.71457pt::2.52838pt.
[14

]
latex2htmlSize :tex2html_wrap_inline1395: 7.48248pt::1.7839pt.
[15

]
latex2htmlSize :tex2html_wrap_inline1399: 8.2125pt::2.73749pt.
[16

]
latex2htmlSize :tex2html_wrap_inline1401: 8.2125pt::2.73749pt.
[17

]
latex2htmlSize :tex2html_wrap_inline1403: 7.48248pt::1.64249pt.
[18

] [19

]
latex2htmlSize :tex2html_wrap_inline1405: 7.4181pt::0.0pt.
[20

]
latex2htmlSize :tex2html_wrap_inline1413: 8.2125pt::2.73749pt.
[21

]
latex2htmlSize :tex2html_wrap_inline1415: 9.12923pt::0.0pt.
[22

]
latex2htmlSize :tex2html_wrap_inline1417: 9.12923pt::0.0pt.
[23

]
latex2htmlSize :tex2html_wrap_inline1419: 9.12923pt::0.0pt.
[24

]
latex2htmlSize :tex2html_wrap_inline1425: 4.71457pt::2.52838pt.
[25

]
latex2htmlSize :tex2html_wrap_inline1431: 4.71457pt::4.22835pt.
[26

]
latex2htmlSize :tex2html_wrap_inline1451: 7.48248pt::1.64249pt.
[27

]
latex2htmlSize :tex2html_wrap_inline1453: 7.48248pt::0.0pt.
[28

] [29

] [30

]
latex2htmlSize :tex2html_wrap_inline1477: 9.26236pt::2.73749pt.
[31

]
latex2htmlSize :tex2html_wrap_inline1479: 9.26236pt::0.0pt.
[32

]
latex2htmlSize :tex2html_wrap_inline1481: 8.2125pt::3.19804pt.
[33

]
latex2htmlSize :tex2html_wrap_inline1483: 8.2125pt::3.19804pt.
[34

]
latex2htmlSize :tex2html_wrap_inline1485: 7.60416pt::2.12917pt.
[35

]
latex2htmlSize :tex2html_wrap_inline1487: 7.60416pt::3.19804pt.
[36

]
latex2htmlSize :tex2html_wrap_inline1491: 9.58751pt::2.81258pt.
[37

]
latex2htmlSize :tex2html_wrap_inline1495: 7.4181pt::0.9125pt.
[38

]
latex2htmlSize :tex2html_wrap_inline1503: 9.52922pt::3.19804pt.
[39

]
latex2htmlSize :tex2html_wrap_inline1505: 7.60416pt::3.19804pt.
[40

] [41

]
latex2htmlSize :tex2html_wrap_inline1521: 4.71457pt::1.64249pt.
[42

]
latex2htmlSize :tex2html_wrap_inline1523: 4.71457pt::1.64249pt.
[43

]
latex2htmlSize :tex2html_wrap_inline1525: 9.52922pt::0.9125pt.
[44

]
latex2htmlSize :tex2html_wrap_inline1539: 4.71457pt::2.61728pt.
[45

] [46

]
latex2htmlSize :tex2html_wrap_inline1555: 9.52922pt::2.73749pt.
[47

]
latex2htmlSize :tex2html_wrap_inline1557: 9.97366pt::0.0pt.
[48

] [49

]
latex2htmlSize :tex2html_wrap_inline1559: 9.52922pt::2.73749pt.
[50

] [51

] [52

]
latex2htmlSize :tex2html_wrap_inline1561: 6.21715pt::0.0pt.
[53

]
latex2htmlSize :tex2html_wrap_inline1565: 8.2125pt::2.73749pt.
[54

]
latex2htmlSize :tex2html_wrap_inline1567: 7.60416pt::2.12914pt.
[55

]
latex2htmlSize :tex2html_wrap_inline1569: 8.55923pt::0.0pt.
[56

]
latex2htmlSize :tex2html_wrap_inline1571: 8.2125pt::2.73749pt.
[57

] [58

]
latex2htmlSize :tex2html_wrap_inline1573: 6.3875pt::0.9125pt.
[59

]
latex2htmlSize :tex2html_wrap_inline1591: 4.71457pt::2.12917pt.
[60

] [61

]
latex2htmlSize :tex2html_wrap_inline1593: 9.12923pt::3.19804pt.
[62

]
latex2htmlSize :tex2html_wrap_inline1595: 7.60416pt::2.12917pt.
[63

] [64

]
latex2htmlSize :tex2html_wrap_inline1601: 9.12923pt::2.73749pt.
[65

]
latex2htmlSize :tex2html_wrap_inline1603: 9.12923pt::0.0pt.
[66

]
latex2htmlSize :tex2html_wrap_inline1607: 7.05666pt::0.9125pt.
[67

] [68

]
latex2htmlSize :tex2html_wrap_inline1613: 9.12923pt::0.0pt.
[69

]
latex2htmlSize :tex2html_wrap_inline1619: 9.97366pt::0.0pt.
[70

] [71

] [72

]
latex2htmlSize :tex2html_wrap_inline1623: 4.71457pt::1.64249pt.
[73

] [74

]
latex2htmlSize :tex2html_wrap_inline1627: 8.2125pt::2.73749pt.
[75

]
latex2htmlSize :tex2html_wrap_inline1635: 8.2125pt::2.73749pt.
[76

]
latex2htmlSize :tex2html_wrap_inline1637: 9.52922pt::0.0pt.
[77

] [78

]
latex2htmlSize :tex2html_wrap_inline1655: 8.2125pt::2.73749pt.
[79

]
latex2htmlSize :tex2html_wrap_inline1657: 8.2125pt::2.73749pt.
[80

] [81

] [82

]
latex2htmlSize :tex2html_wrap_inline1667: 9.97366pt::2.73749pt.
[83

]
latex2htmlSize :tex2html_wrap_inline1683: 11.38275pt::3.11696pt.
[84

]
latex2htmlSize :tex2html_wrap_inline1685: 11.38275pt::3.11696pt.
[85

] [86

]
latex2htmlSize :tex2html_wrap_inline1689: 8.2125pt::2.73749pt.
[87

] (images.aux)

LaTeX Warning: Label(s) may have changed. Rerun to get cross-references right.

 ) 
Here is how much of TeX's memory you used:
 409 strings out of 11062
 4107 string characters out of 75446
 46435 words of memory out of 262141
 3201 multiletter control sequences out of 9500
 13822 words of font info for 50 fonts, out of 100000 for 255
 14 hyphenation exceptions out of 607
 22i,6n,21p,298b,343s stack positions out of 300i,40n,60p,3000b,4000s

Output written on images.dvi (87 pages, 11960 bytes).
