This is pdfTeX, Version 3.14159265-2.6-1.40.17 (TeX Live 2016) (preloaded format=pdflatex 2016.5.22)  29 SEP 2017 10:20
entering extended mode
 restricted \write18 enabled.
 %&-line parsing enabled.
**bertini_real_manual.tex
(./bertini_real_manual.tex
LaTeX2e <2016/03/31>
Babel <3.9r> and hyphenation patterns for 83 language(s) loaded.
(/usr/local/texlive/2016/texmf-dist/tex/latex/base/article.cls
Document Class: article 2014/09/29 v1.4h Standard LaTeX document class
(/usr/local/texlive/2016/texmf-dist/tex/latex/base/size10.clo
File: size10.clo 2014/09/29 v1.4h Standard LaTeX file (size option)
)
\c@part=\count79
\c@section=\count80
\c@subsection=\count81
\c@subsubsection=\count82
\c@paragraph=\count83
\c@subparagraph=\count84
\c@figure=\count85
\c@table=\count86
\abovecaptionskip=\skip41
\belowcaptionskip=\skip42
\bibindent=\dimen102
)
(./br_manual_header.tex
(/usr/local/texlive/2016/texmf-dist/tex/latex/graphics/graphicx.sty
Package: graphicx 2014/10/28 v1.0g Enhanced LaTeX Graphics (DPC,SPQR)

(/usr/local/texlive/2016/texmf-dist/tex/latex/graphics/keyval.sty
Package: keyval 2014/10/28 v1.15 key=value parser (DPC)
\KV@toks@=\toks14
)
(/usr/local/texlive/2016/texmf-dist/tex/latex/graphics/graphics.sty
Package: graphics 2016/05/09 v1.0r Standard LaTeX Graphics (DPC,SPQR)

(/usr/local/texlive/2016/texmf-dist/tex/latex/graphics/trig.sty
Package: trig 2016/01/03 v1.10 sin cos tan (DPC)
)
(/usr/local/texlive/2016/texmf-dist/tex/latex/graphics-cfg/graphics.cfg
File: graphics.cfg 2016/01/02 v1.10 sample graphics configuration
)
Package graphics Info: Driver file: pdftex.def on input line 96.

(/usr/local/texlive/2016/texmf-dist/tex/latex/pdftex-def/pdftex.def
File: pdftex.def 2011/05/27 v0.06d Graphics/color for pdfTeX

(/usr/local/texlive/2016/texmf-dist/tex/generic/oberdiek/infwarerr.sty
Package: infwarerr 2016/05/16 v1.4 Providing info/warning/error messages (HO)
)
(/usr/local/texlive/2016/texmf-dist/tex/generic/oberdiek/ltxcmds.sty
Package: ltxcmds 2016/05/16 v1.23 LaTeX kernel commands for general use (HO)
)
\Gread@gobject=\count87
))
\Gin@req@height=\dimen103
\Gin@req@width=\dimen104
)
(/usr/local/texlive/2016/texmf-dist/tex/latex/graphics/color.sty
Package: color 2016/05/09 v1.1c Standard LaTeX Color (DPC)

(/usr/local/texlive/2016/texmf-dist/tex/latex/graphics-cfg/color.cfg
File: color.cfg 2016/01/02 v1.6 sample color configuration
)
Package color Info: Driver file: pdftex.def on input line 144.
)
(/usr/local/texlive/2016/texmf-dist/tex/latex/graphics/epsfig.sty
Package: epsfig 1999/02/16 v1.7a (e)psfig emulation (SPQR)
\epsfxsize=\dimen105
\epsfysize=\dimen106
)
(/usr/local/texlive/2016/texmf-dist/tex/latex/listings/listings.sty
\lst@mode=\count88
\lst@gtempboxa=\box26
\lst@token=\toks15
\lst@length=\count89
\lst@currlwidth=\dimen107
\lst@column=\count90
\lst@pos=\count91
\lst@lostspace=\dimen108
\lst@width=\dimen109
\lst@newlines=\count92
\lst@lineno=\count93
\lst@maxwidth=\dimen110

(/usr/local/texlive/2016/texmf-dist/tex/latex/listings/lstmisc.sty
File: lstmisc.sty 2015/06/04 1.6 (Carsten Heinz)
\c@lstnumber=\count94
\lst@skipnumbers=\count95
\lst@framebox=\box27
)
(/usr/local/texlive/2016/texmf-dist/tex/latex/listings/listings.cfg
File: listings.cfg 2015/06/04 1.6 listings configuration
))
Package: listings 2015/06/04 1.6 (Carsten Heinz)

(/usr/local/texlive/2016/texmf-dist/tex/latex/amsmath/amsgen.sty
File: amsgen.sty 1999/11/30 v2.0 generic functions
\@emptytoks=\toks16
\ex@=\dimen111
)
(/usr/local/texlive/2016/texmf-dist/tex/latex/amsmath/amsmath.sty
Package: amsmath 2016/03/10 v2.15b AMS math features
\@mathmargin=\skip43

For additional information on amsmath, use the `?' option.
(/usr/local/texlive/2016/texmf-dist/tex/latex/amsmath/amstext.sty
Package: amstext 2000/06/29 v2.01 AMS text
)
(/usr/local/texlive/2016/texmf-dist/tex/latex/amsmath/amsbsy.sty
Package: amsbsy 1999/11/29 v1.2d Bold Symbols
\pmbraise@=\dimen112
)
(/usr/local/texlive/2016/texmf-dist/tex/latex/amsmath/amsopn.sty
Package: amsopn 2016/03/08 v2.02 operator names
)
\inf@bad=\count96
LaTeX Info: Redefining \frac on input line 199.
\uproot@=\count97
\leftroot@=\count98
LaTeX Info: Redefining \overline on input line 297.
\classnum@=\count99
\DOTSCASE@=\count100
LaTeX Info: Redefining \ldots on input line 394.
LaTeX Info: Redefining \dots on input line 397.
LaTeX Info: Redefining \cdots on input line 518.
\Mathstrutbox@=\box28
\strutbox@=\box29
\big@size=\dimen113
LaTeX Font Info:    Redeclaring font encoding OML on input line 634.
LaTeX Font Info:    Redeclaring font encoding OMS on input line 635.
\macc@depth=\count101
\c@MaxMatrixCols=\count102
\dotsspace@=\muskip10
\c@parentequation=\count103
\dspbrk@lvl=\count104
\tag@help=\toks17
\row@=\count105
\column@=\count106
\maxfields@=\count107
\andhelp@=\toks18
\eqnshift@=\dimen114
\alignsep@=\dimen115
\tagshift@=\dimen116
\tagwidth@=\dimen117
\totwidth@=\dimen118
\lineht@=\dimen119
\@envbody=\toks19
\multlinegap=\skip44
\multlinetaggap=\skip45
\mathdisplay@stack=\toks20
LaTeX Info: Redefining \[ on input line 2739.
LaTeX Info: Redefining \] on input line 2740.
)
(/usr/local/texlive/2016/texmf-dist/tex/latex/amsfonts/amssymb.sty
Package: amssymb 2013/01/14 v3.01 AMS font symbols

(/usr/local/texlive/2016/texmf-dist/tex/latex/amsfonts/amsfonts.sty
Package: amsfonts 2013/01/14 v3.01 Basic AMSFonts support
\symAMSa=\mathgroup4
\symAMSb=\mathgroup5
LaTeX Font Info:    Overwriting math alphabet `\mathfrak' in version `bold'
(Font)                  U/euf/m/n --> U/euf/b/n on input line 106.
))
(/usr/local/texlive/2016/texmf-dist/tex/latex/xcolor/xcolor.sty
Package: xcolor 2016/05/11 v2.12 LaTeX color extensions (UK)

(/usr/local/texlive/2016/texmf-dist/tex/latex/graphics-cfg/color.cfg
File: color.cfg 2016/01/02 v1.6 sample color configuration
)
Package xcolor Info: Driver file: pdftex.def on input line 225.
LaTeX Info: Redefining \color on input line 709.
Package xcolor Info: Model `cmy' substituted by `cmy0' on input line 1348.
Package xcolor Info: Model `hsb' substituted by `rgb' on input line 1352.
Package xcolor Info: Model `RGB' extended on input line 1364.
Package xcolor Info: Model `HTML' substituted by `rgb' on input line 1366.
Package xcolor Info: Model `Hsb' substituted by `hsb' on input line 1367.
Package xcolor Info: Model `tHsb' substituted by `hsb' on input line 1368.
Package xcolor Info: Model `HSB' substituted by `hsb' on input line 1369.
Package xcolor Info: Model `Gray' substituted by `gray' on input line 1370.
Package xcolor Info: Model `wave' substituted by `hsb' on input line 1371.

(/usr/local/texlive/2016/texmf-dist/tex/latex/graphics/dvipsnam.def
File: dvipsnam.def 2015/12/30 v3.0k Driver-dependent file (DPC,SPQR)
))
(/usr/local/texlive/2016/texmf-dist/tex/latex/float/float.sty
Package: float 2001/11/08 v1.3d Float enhancements (AL)
\c@float@type=\count108
\float@exts=\toks21
\float@box=\box30
\@float@everytoks=\toks22
\@floatcapt=\box31
)
(/usr/local/texlive/2016/texmf-dist/tex/generic/babel/babel.sty
Package: babel 2016/04/23 3.9r The Babel package

(/usr/local/texlive/2016/texmf-dist/tex/generic/babel-english/english.ldf
Language: english 2012/08/20 v3.3p English support from the babel system

(/usr/local/texlive/2016/texmf-dist/tex/generic/babel/babel.def
File: babel.def 2016/04/23 3.9r Babel common definitions
\babel@savecnt=\count109
\U@D=\dimen120
)
\l@canadian = a dialect from \language\l@american 
\l@australian = a dialect from \language\l@british 
\l@newzealand = a dialect from \language\l@british 
))
(/usr/local/texlive/2016/texmf-dist/tex/latex/geometry/geometry.sty
Package: geometry 2010/09/12 v5.6 Page Geometry

(/usr/local/texlive/2016/texmf-dist/tex/generic/oberdiek/ifpdf.sty
Package: ifpdf 2016/05/14 v3.1 Provides the ifpdf switch
)
(/usr/local/texlive/2016/texmf-dist/tex/generic/oberdiek/ifvtex.sty
Package: ifvtex 2016/05/16 v1.6 Detect VTeX and its facilities (HO)
Package ifvtex Info: VTeX not detected.
)
(/usr/local/texlive/2016/texmf-dist/tex/generic/ifxetex/ifxetex.sty
Package: ifxetex 2010/09/12 v0.6 Provides ifxetex conditional
)
\Gm@cnth=\count110
\Gm@cntv=\count111
\c@Gm@tempcnt=\count112
\Gm@bindingoffset=\dimen121
\Gm@wd@mp=\dimen122
\Gm@odd@mp=\dimen123
\Gm@even@mp=\dimen124
\Gm@layoutwidth=\dimen125
\Gm@layoutheight=\dimen126
\Gm@layouthoffset=\dimen127
\Gm@layoutvoffset=\dimen128
\Gm@dimlist=\toks23
)
(/usr/local/texlive/2016/texmf-dist/tex/latex/setspace/setspace.sty
Package: setspace 2011/12/19 v6.7a set line spacing
)
(/usr/local/texlive/2016/texmf-dist/tex/latex/tools/array.sty
Package: array 2014/10/28 v2.4c Tabular extension package (FMi)
\col@sep=\dimen129
\extrarowheight=\dimen130
\NC@list=\toks24
\extratabsurround=\skip46
\backup@length=\skip47
)
(/usr/local/texlive/2016/texmf-dist/tex/latex/base/makeidx.sty
Package: makeidx 2014/09/29 v1.0m Standard LaTeX package
)
\@indexfile=\write3
\openout3 = `bertini_real_manual.idx'.


Writing index file bertini_real_manual.idx
(/usr/local/texlive/2016/texmf-dist/tex/latex/caption/caption.sty
Package: caption 2016/02/21 v3.3-144 Customizing captions (AR)

(/usr/local/texlive/2016/texmf-dist/tex/latex/caption/caption3.sty
Package: caption3 2016/02/04 v1.7-139 caption3 kernel (AR)
Package caption3 Info: TeX engine: e-TeX on input line 67.
\captionmargin=\dimen131
\captionmargin@=\dimen132
\captionwidth=\dimen133
\caption@tempdima=\dimen134
\caption@indent=\dimen135
\caption@parindent=\dimen136
\caption@hangindent=\dimen137
)
\c@ContinuedFloat=\count113
Package caption Info: float package is loaded.
Package caption Info: listings package is loaded.
)
(/usr/local/texlive/2016/texmf-dist/tex/latex/parskip/parskip.sty
Package: parskip 2001/04/09 non-zero parskip adjustments
)
(/usr/local/texlive/2016/texmf-dist/tex/latex/enumitem/enumitem.sty
Package: enumitem 2011/09/28 v3.5.2 Customized lists
\labelindent=\skip48
\enit@outerparindent=\dimen138
\enit@toks=\toks25
\enit@inbox=\box32
\enitdp@description=\count114
)
(/usr/local/texlive/2016/texmf-dist/tex/latex/marginnote/marginnote.sty
Package: marginnote 2012/03/29 v1.1i non floating margin notes for LaTeX
\c@mn@abspage=\count115
)
(/usr/local/texlive/2016/texmf-dist/tex/latex/base/inputenc.sty
Package: inputenc 2015/03/17 v1.2c Input encoding file
\inpenc@prehook=\toks26
\inpenc@posthook=\toks27

(/usr/local/texlive/2016/texmf-dist/tex/latex/base/utf8.def
File: utf8.def 2016/02/28 v1.1s UTF-8 support for inputenc
Now handling font encoding OML ...
... no UTF-8 mapping file for font encoding OML
Now handling font encoding T1 ...
... processing UTF-8 mapping file for font encoding T1

(/usr/local/texlive/2016/texmf-dist/tex/latex/base/t1enc.dfu
File: t1enc.dfu 2016/02/28 v1.1s UTF-8 support for inputenc
   defining Unicode char U+00A0 (decimal 160)
   defining Unicode char U+00A1 (decimal 161)
   defining Unicode char U+00A3 (decimal 163)
   defining Unicode char U+00AB (decimal 171)
   defining Unicode char U+00AD (decimal 173)
   defining Unicode char U+00BB (decimal 187)
   defining Unicode char U+00BF (decimal 191)
   defining Unicode char U+00C0 (decimal 192)
   defining Unicode char U+00C1 (decimal 193)
   defining Unicode char U+00C2 (decimal 194)
   defining Unicode char U+00C3 (decimal 195)
   defining Unicode char U+00C4 (decimal 196)
   defining Unicode char U+00C5 (decimal 197)
   defining Unicode char U+00C6 (decimal 198)
   defining Unicode char U+00C7 (decimal 199)
   defining Unicode char U+00C8 (decimal 200)
   defining Unicode char U+00C9 (decimal 201)
   defining Unicode char U+00CA (decimal 202)
   defining Unicode char U+00CB (decimal 203)
   defining Unicode char U+00CC (decimal 204)
   defining Unicode char U+00CD (decimal 205)
   defining Unicode char U+00CE (decimal 206)
   defining Unicode char U+00CF (decimal 207)
   defining Unicode char U+00D0 (decimal 208)
   defining Unicode char U+00D1 (decimal 209)
   defining Unicode char U+00D2 (decimal 210)
   defining Unicode char U+00D3 (decimal 211)
   defining Unicode char U+00D4 (decimal 212)
   defining Unicode char U+00D5 (decimal 213)
   defining Unicode char U+00D6 (decimal 214)
   defining Unicode char U+00D8 (decimal 216)
   defining Unicode char U+00D9 (decimal 217)
   defining Unicode char U+00DA (decimal 218)
   defining Unicode char U+00DB (decimal 219)
   defining Unicode char U+00DC (decimal 220)
   defining Unicode char U+00DD (decimal 221)
   defining Unicode char U+00DE (decimal 222)
   defining Unicode char U+00DF (decimal 223)
   defining Unicode char U+00E0 (decimal 224)
   defining Unicode char U+00E1 (decimal 225)
   defining Unicode char U+00E2 (decimal 226)
   defining Unicode char U+00E3 (decimal 227)
   defining Unicode char U+00E4 (decimal 228)
   defining Unicode char U+00E5 (decimal 229)
   defining Unicode char U+00E6 (decimal 230)
   defining Unicode char U+00E7 (decimal 231)
   defining Unicode char U+00E8 (decimal 232)
   defining Unicode char U+00E9 (decimal 233)
   defining Unicode char U+00EA (decimal 234)
   defining Unicode char U+00EB (decimal 235)
   defining Unicode char U+00EC (decimal 236)
   defining Unicode char U+00ED (decimal 237)
   defining Unicode char U+00EE (decimal 238)
   defining Unicode char U+00EF (decimal 239)
   defining Unicode char U+00F0 (decimal 240)
   defining Unicode char U+00F1 (decimal 241)
   defining Unicode char U+00F2 (decimal 242)
   defining Unicode char U+00F3 (decimal 243)
   defining Unicode char U+00F4 (decimal 244)
   defining Unicode char U+00F5 (decimal 245)
   defining Unicode char U+00F6 (decimal 246)
   defining Unicode char U+00F8 (decimal 248)
   defining Unicode char U+00F9 (decimal 249)
   defining Unicode char U+00FA (decimal 250)
   defining Unicode char U+00FB (decimal 251)
   defining Unicode char U+00FC (decimal 252)
   defining Unicode char U+00FD (decimal 253)
   defining Unicode char U+00FE (decimal 254)
   defining Unicode char U+00FF (decimal 255)
   defining Unicode char U+0100 (decimal 256)
   defining Unicode char U+0101 (decimal 257)
   defining Unicode char U+0102 (decimal 258)
   defining Unicode char U+0103 (decimal 259)
   defining Unicode char U+0104 (decimal 260)
   defining Unicode char U+0105 (decimal 261)
   defining Unicode char U+0106 (decimal 262)
   defining Unicode char U+0107 (decimal 263)
   defining Unicode char U+0108 (decimal 264)
   defining Unicode char U+0109 (decimal 265)
   defining Unicode char U+010A (decimal 266)
   defining Unicode char U+010B (decimal 267)
   defining Unicode char U+010C (decimal 268)
   defining Unicode char U+010D (decimal 269)
   defining Unicode char U+010E (decimal 270)
   defining Unicode char U+010F (decimal 271)
   defining Unicode char U+0110 (decimal 272)
   defining Unicode char U+0111 (decimal 273)
   defining Unicode char U+0112 (decimal 274)
   defining Unicode char U+0113 (decimal 275)
   defining Unicode char U+0114 (decimal 276)
   defining Unicode char U+0115 (decimal 277)
   defining Unicode char U+0116 (decimal 278)
   defining Unicode char U+0117 (decimal 279)
   defining Unicode char U+0118 (decimal 280)
   defining Unicode char U+0119 (decimal 281)
   defining Unicode char U+011A (decimal 282)
   defining Unicode char U+011B (decimal 283)
   defining Unicode char U+011C (decimal 284)
   defining Unicode char U+011D (decimal 285)
   defining Unicode char U+011E (decimal 286)
   defining Unicode char U+011F (decimal 287)
   defining Unicode char U+0120 (decimal 288)
   defining Unicode char U+0121 (decimal 289)
   defining Unicode char U+0122 (decimal 290)
   defining Unicode char U+0123 (decimal 291)
   defining Unicode char U+0124 (decimal 292)
   defining Unicode char U+0125 (decimal 293)
   defining Unicode char U+0128 (decimal 296)
   defining Unicode char U+0129 (decimal 297)
   defining Unicode char U+012A (decimal 298)
   defining Unicode char U+012B (decimal 299)
   defining Unicode char U+012C (decimal 300)
   defining Unicode char U+012D (decimal 301)
   defining Unicode char U+012E (decimal 302)
   defining Unicode char U+012F (decimal 303)
   defining Unicode char U+0130 (decimal 304)
   defining Unicode char U+0131 (decimal 305)
   defining Unicode char U+0132 (decimal 306)
   defining Unicode char U+0133 (decimal 307)
   defining Unicode char U+0134 (decimal 308)
   defining Unicode char U+0135 (decimal 309)
   defining Unicode char U+0136 (decimal 310)
   defining Unicode char U+0137 (decimal 311)
   defining Unicode char U+0139 (decimal 313)
   defining Unicode char U+013A (decimal 314)
   defining Unicode char U+013B (decimal 315)
   defining Unicode char U+013C (decimal 316)
   defining Unicode char U+013D (decimal 317)
   defining Unicode char U+013E (decimal 318)
   defining Unicode char U+0141 (decimal 321)
   defining Unicode char U+0142 (decimal 322)
   defining Unicode char U+0143 (decimal 323)
   defining Unicode char U+0144 (decimal 324)
   defining Unicode char U+0145 (decimal 325)
   defining Unicode char U+0146 (decimal 326)
   defining Unicode char U+0147 (decimal 327)
   defining Unicode char U+0148 (decimal 328)
   defining Unicode char U+014A (decimal 330)
   defining Unicode char U+014B (decimal 331)
   defining Unicode char U+014C (decimal 332)
   defining Unicode char U+014D (decimal 333)
   defining Unicode char U+014E (decimal 334)
   defining Unicode char U+014F (decimal 335)
   defining Unicode char U+0150 (decimal 336)
   defining Unicode char U+0151 (decimal 337)
   defining Unicode char U+0152 (decimal 338)
   defining Unicode char U+0153 (decimal 339)
   defining Unicode char U+0154 (decimal 340)
   defining Unicode char U+0155 (decimal 341)
   defining Unicode char U+0156 (decimal 342)
   defining Unicode char U+0157 (decimal 343)
   defining Unicode char U+0158 (decimal 344)
   defining Unicode char U+0159 (decimal 345)
   defining Unicode char U+015A (decimal 346)
   defining Unicode char U+015B (decimal 347)
   defining Unicode char U+015C (decimal 348)
   defining Unicode char U+015D (decimal 349)
   defining Unicode char U+015E (decimal 350)
   defining Unicode char U+015F (decimal 351)
   defining Unicode char U+0160 (decimal 352)
   defining Unicode char U+0161 (decimal 353)
   defining Unicode char U+0162 (decimal 354)
   defining Unicode char U+0163 (decimal 355)
   defining Unicode char U+0164 (decimal 356)
   defining Unicode char U+0165 (decimal 357)
   defining Unicode char U+0168 (decimal 360)
   defining Unicode char U+0169 (decimal 361)
   defining Unicode char U+016A (decimal 362)
   defining Unicode char U+016B (decimal 363)
   defining Unicode char U+016C (decimal 364)
   defining Unicode char U+016D (decimal 365)
   defining Unicode char U+016E (decimal 366)
   defining Unicode char U+016F (decimal 367)
   defining Unicode char U+0170 (decimal 368)
   defining Unicode char U+0171 (decimal 369)
   defining Unicode char U+0172 (decimal 370)
   defining Unicode char U+0173 (decimal 371)
   defining Unicode char U+0174 (decimal 372)
   defining Unicode char U+0175 (decimal 373)
   defining Unicode char U+0176 (decimal 374)
   defining Unicode char U+0177 (decimal 375)
   defining Unicode char U+0178 (decimal 376)
   defining Unicode char U+0179 (decimal 377)
   defining Unicode char U+017A (decimal 378)
   defining Unicode char U+017B (decimal 379)
   defining Unicode char U+017C (decimal 380)
   defining Unicode char U+017D (decimal 381)
   defining Unicode char U+017E (decimal 382)
   defining Unicode char U+01CD (decimal 461)
   defining Unicode char U+01CE (decimal 462)
   defining Unicode char U+01CF (decimal 463)
   defining Unicode char U+01D0 (decimal 464)
   defining Unicode char U+01D1 (decimal 465)
   defining Unicode char U+01D2 (decimal 466)
   defining Unicode char U+01D3 (decimal 467)
   defining Unicode char U+01D4 (decimal 468)
   defining Unicode char U+01E2 (decimal 482)
   defining Unicode char U+01E3 (decimal 483)
   defining Unicode char U+01E6 (decimal 486)
   defining Unicode char U+01E7 (decimal 487)
   defining Unicode char U+01E8 (decimal 488)
   defining Unicode char U+01E9 (decimal 489)
   defining Unicode char U+01EA (decimal 490)
   defining Unicode char U+01EB (decimal 491)
   defining Unicode char U+01F0 (decimal 496)
   defining Unicode char U+01F4 (decimal 500)
   defining Unicode char U+01F5 (decimal 501)
   defining Unicode char U+0218 (decimal 536)
   defining Unicode char U+0219 (decimal 537)
   defining Unicode char U+021A (decimal 538)
   defining Unicode char U+021B (decimal 539)
   defining Unicode char U+1E02 (decimal 7682)
   defining Unicode char U+1E03 (decimal 7683)
   defining Unicode char U+200C (decimal 8204)
   defining Unicode char U+2010 (decimal 8208)
   defining Unicode char U+2011 (decimal 8209)
   defining Unicode char U+2012 (decimal 8210)
   defining Unicode char U+2013 (decimal 8211)
   defining Unicode char U+2014 (decimal 8212)
   defining Unicode char U+2015 (decimal 8213)
   defining Unicode char U+2018 (decimal 8216)
   defining Unicode char U+2019 (decimal 8217)
   defining Unicode char U+201A (decimal 8218)
   defining Unicode char U+201C (decimal 8220)
   defining Unicode char U+201D (decimal 8221)
   defining Unicode char U+201E (decimal 8222)
   defining Unicode char U+2030 (decimal 8240)
   defining Unicode char U+2031 (decimal 8241)
   defining Unicode char U+2039 (decimal 8249)
   defining Unicode char U+203A (decimal 8250)
   defining Unicode char U+2423 (decimal 9251)
)
Now handling font encoding OT1 ...
... processing UTF-8 mapping file for font encoding OT1

(/usr/local/texlive/2016/texmf-dist/tex/latex/base/ot1enc.dfu
File: ot1enc.dfu 2016/02/28 v1.1s UTF-8 support for inputenc
   defining Unicode char U+00A0 (decimal 160)
   defining Unicode char U+00A1 (decimal 161)
   defining Unicode char U+00A3 (decimal 163)
   defining Unicode char U+00AD (decimal 173)
   defining Unicode char U+00B8 (decimal 184)
   defining Unicode char U+00BF (decimal 191)
   defining Unicode char U+00C5 (decimal 197)
   defining Unicode char U+00C6 (decimal 198)
   defining Unicode char U+00D8 (decimal 216)
   defining Unicode char U+00DF (decimal 223)
   defining Unicode char U+00E6 (decimal 230)
   defining Unicode char U+00EC (decimal 236)
   defining Unicode char U+00ED (decimal 237)
   defining Unicode char U+00EE (decimal 238)
   defining Unicode char U+00EF (decimal 239)
   defining Unicode char U+00F8 (decimal 248)
   defining Unicode char U+0131 (decimal 305)
   defining Unicode char U+0141 (decimal 321)
   defining Unicode char U+0142 (decimal 322)
   defining Unicode char U+0152 (decimal 338)
   defining Unicode char U+0153 (decimal 339)
   defining Unicode char U+0174 (decimal 372)
   defining Unicode char U+0175 (decimal 373)
   defining Unicode char U+0176 (decimal 374)
   defining Unicode char U+0177 (decimal 375)
   defining Unicode char U+0218 (decimal 536)
   defining Unicode char U+0219 (decimal 537)
   defining Unicode char U+021A (decimal 538)
   defining Unicode char U+021B (decimal 539)
   defining Unicode char U+2013 (decimal 8211)
   defining Unicode char U+2014 (decimal 8212)
   defining Unicode char U+2018 (decimal 8216)
   defining Unicode char U+2019 (decimal 8217)
   defining Unicode char U+201C (decimal 8220)
   defining Unicode char U+201D (decimal 8221)
)
Now handling font encoding OMS ...
... processing UTF-8 mapping file for font encoding OMS

(/usr/local/texlive/2016/texmf-dist/tex/latex/base/omsenc.dfu
File: omsenc.dfu 2016/02/28 v1.1s UTF-8 support for inputenc
   defining Unicode char U+00A7 (decimal 167)
   defining Unicode char U+00B6 (decimal 182)
   defining Unicode char U+00B7 (decimal 183)
   defining Unicode char U+2020 (decimal 8224)
   defining Unicode char U+2021 (decimal 8225)
   defining Unicode char U+2022 (decimal 8226)
)
Now handling font encoding OMX ...
... no UTF-8 mapping file for font encoding OMX
Now handling font encoding U ...
... no UTF-8 mapping file for font encoding U
   defining Unicode char U+00A9 (decimal 169)
   defining Unicode char U+00AA (decimal 170)
   defining Unicode char U+00AE (decimal 174)
   defining Unicode char U+00BA (decimal 186)
   defining Unicode char U+02C6 (decimal 710)
   defining Unicode char U+02DC (decimal 732)
   defining Unicode char U+200C (decimal 8204)
   defining Unicode char U+2026 (decimal 8230)
   defining Unicode char U+2122 (decimal 8482)
   defining Unicode char U+2423 (decimal 9251)
))
(/usr/local/texlive/2016/texmf-dist/tex/latex/glossaries/base/glossaries.sty
Package: glossaries 2016/04/30 v4.23 (NLCT)

(/usr/local/texlive/2016/texmf-dist/tex/latex/base/ifthen.sty
Package: ifthen 2014/09/29 v1.1c Standard LaTeX ifthen package (DPC)
)
(/usr/local/texlive/2016/texmf-dist/tex/latex/xkeyval/xkeyval.sty
Package: xkeyval 2014/12/03 v2.7a package option processing (HA)

(/usr/local/texlive/2016/texmf-dist/tex/generic/xkeyval/xkeyval.tex
(/usr/local/texlive/2016/texmf-dist/tex/generic/xkeyval/xkvutils.tex
\XKV@toks=\toks28
\XKV@tempa@toks=\toks29
)
\XKV@depth=\count116
File: xkeyval.tex 2014/12/03 v2.7a key=value parser (HA)
))
(/usr/local/texlive/2016/texmf-dist/tex/latex/mfirstuc/mfirstuc.sty
Package: mfirstuc 2015/12/17 v2.02 (NLCT)

(/usr/local/texlive/2016/texmf-dist/tex/latex/etoolbox/etoolbox.sty
Package: etoolbox 2015/08/02 v2.2a e-TeX tools for LaTeX (JAW)
\etb@tempcnta=\count117
)
\@glsmfirst=\toks30
\@glsmrest=\toks31
)
(/usr/local/texlive/2016/texmf-dist/tex/latex/textcase/textcase.sty
Package: textcase 2004/10/07 v0.07 Text only upper/lower case changing (DPC)
)
(/usr/local/texlive/2016/texmf-dist/tex/latex/xfor/xfor.sty
Package: xfor 2009/02/05 v1.05 (NLCT)
)
(/usr/local/texlive/2016/texmf-dist/tex/latex/datatool/datatool-base.sty
Package: datatool-base 2016/01/18 v2.25 (NLCT)

(/usr/local/texlive/2016/texmf-dist/tex/latex/substr/substr.sty
Package: substr 2009/10/20 v1.2 Handle substrings
\c@su@anzahl=\count118
)
(/usr/local/texlive/2016/texmf-dist/tex/latex/datatool/datatool-fp.sty
Package: datatool-fp 2016/01/18 v2.25 (NLCT)

(/usr/local/texlive/2016/texmf-dist/tex/latex/fp/fp.sty
Package: fp 1995/04/02

`Fixed Point Package', Version 0.8, April 2, 1995 (C) Michael Mehlich
(/usr/local/texlive/2016/texmf-dist/tex/latex/fp/defpattern.sty
Package: defpattern 1994/10/12
\actioncount=\count119
)
(/usr/local/texlive/2016/texmf-dist/tex/latex/fp/fp-basic.sty
Package: fp-basic 1996/05/13
\FP@xs=\count120
\FP@xia=\count121
\FP@xib=\count122
\FP@xfa=\count123
\FP@xfb=\count124
\FP@rega=\count125
\FP@regb=\count126
\FP@regs=\count127
\FP@times=\count128
)
(/usr/local/texlive/2016/texmf-dist/tex/latex/fp/fp-addons.sty
Package: fp-addons 1995/03/15
)
(/usr/local/texlive/2016/texmf-dist/tex/latex/fp/fp-snap.sty
Package: fp-snap 1995/04/05
)
(/usr/local/texlive/2016/texmf-dist/tex/latex/fp/fp-exp.sty
Package: fp-exp 1995/04/03
)
(/usr/local/texlive/2016/texmf-dist/tex/latex/fp/fp-trigo.sty
Package: fp-trigo 1995/04/14
)
(/usr/local/texlive/2016/texmf-dist/tex/latex/fp/fp-pas.sty
Package: fp-pas 1994/08/29
)
(/usr/local/texlive/2016/texmf-dist/tex/latex/fp/fp-random.sty
Package: fp-random 1995/02/23
\FPseed=\count129
)
(/usr/local/texlive/2016/texmf-dist/tex/latex/fp/fp-eqn.sty
Package: fp-eqn 1995/04/03
)
(/usr/local/texlive/2016/texmf-dist/tex/latex/fp/fp-upn.sty
Package: fp-upn 1996/10/21
)
(/usr/local/texlive/2016/texmf-dist/tex/latex/fp/fp-eval.sty
Package: fp-eval 1995/04/03
)))
\@dtl@toks=\toks32
\@dtl@tmpcount=\count130
\dtl@tmplength=\skip49
\dtl@sortresult=\count131
\@dtl@numgrpsepcount=\count132
\@dtl@datatype=\count133
\dtl@codeA=\count134
\dtl@codeB=\count135
\@dtl@foreach@level=\count136
)
(/usr/local/texlive/2016/texmf-dist/tex/latex/glossaries/base/glossaries-compat
ible-307.sty
Package: glossaries-compatible-307 2016/04/30 v4.23 (NLCT)
)
(/usr/local/texlive/2016/texmf-dist/tex/latex/tracklang/tracklang.sty
Package: tracklang 2015/03/23 v1.2 (NLCT) Track Languages

(/usr/local/texlive/2016/texmf-dist/tex/generic/tracklang/tracklang.tex))
(/usr/local/texlive/2016/texmf-dist/tex/latex/beamer/translator/translator.sty
Package: translator 2010/06/12 ver 1.10

(/usr/local/texlive/2016/texmf-dist/tex/latex/beamer/translator/translator-lang
uage-mappings.tex))
(/usr/local/texlive/2016/texmf-dist/tex/latex/glossaries-english/glossaries-eng
lish.ldf
File: glossaries-english.ldf 2014/11/23 v1.0
)
\gls@level=\count137
\@gls@tmpb=\toks33
\gls@tmplen=\skip50
\glskeylisttok=\toks34
\glslabeltok=\toks35
\glsshorttok=\toks36
\glslongtok=\toks37

(/usr/local/texlive/2016/texmf-dist/tex/latex/glossaries/styles/glossary-hypern
av.sty
Package: glossary-hypernav 2016/04/30 v4.23 (NLCT)
)
(/usr/local/texlive/2016/texmf-dist/tex/latex/glossaries/styles/glossary-list.s
ty
Package: glossary-list 2016/04/30 v4.23 (NLCT)
\glslistdottedwidth=\skip51
)
(/usr/local/texlive/2016/texmf-dist/tex/latex/glossaries/styles/glossary-long.s
ty
Package: glossary-long 2016/04/30 v4.23 (NLCT)
 (/usr/local/texlive/2016/texmf-dist/tex/latex/tools/longtable.sty
Package: longtable 2014/10/28 v4.11 Multi-page Table package (DPC)
\LTleft=\skip52
\LTright=\skip53
\LTpre=\skip54
\LTpost=\skip55
\LTchunksize=\count138
\LTcapwidth=\dimen139
\LT@head=\box33
\LT@firsthead=\box34
\LT@foot=\box35
\LT@lastfoot=\box36
\LT@cols=\count139
\LT@rows=\count140
\c@LT@tables=\count141
\c@LT@chunks=\count142
\LT@p@ftn=\toks38
)
\glsdescwidth=\skip56
\glspagelistwidth=\skip57
)
(/usr/local/texlive/2016/texmf-dist/tex/latex/glossaries/styles/glossary-super.
sty
Package: glossary-super 2016/04/30 v4.23 (NLCT)
 (/usr/local/texlive/2016/texmf-dist/tex/latex/supertabular/supertabular.sty
Package: supertabular 2004/02/20 v4.1e the supertabular environment
\c@tracingst=\count143
\ST@wd=\dimen140
\ST@rightskip=\skip58
\ST@leftskip=\skip59
\ST@parfillskip=\skip60
\ST@pageleft=\dimen141
\ST@headht=\dimen142
\ST@tailht=\dimen143
\ST@pagesofar=\dimen144
\ST@pboxht=\dimen145
\ST@lineht=\dimen146
\ST@stretchht=\dimen147
\ST@prevht=\dimen148
\ST@toadd=\dimen149
\ST@dimen=\dimen150
\ST@pbox=\box37
))
(/usr/local/texlive/2016/texmf-dist/tex/latex/glossaries/styles/glossary-tree.s
ty
Package: glossary-tree 2016/04/30 v4.23 (NLCT)
\glstreeindent=\skip61
))
\glswrite=\write4
\glo@main@file=\write5
\openout5 = `bertini_real_manual.glo'.

Package glossaries Info: Writing glossary file bertini_real_manual.glo on input
 line 107.
\glo@acronym@file=\write6
\openout6 = `bertini_real_manual.acn'.

Package glossaries Info: Writing glossary file bertini_real_manual.acn on input
 line 107.
 (./br_glossary.tex)
(/usr/local/texlive/2016/texmf-dist/tex/latex/multirow/multirow.sty
\bigstrutjot=\dimen151
)
(/usr/local/texlive/2016/texmf-dist/tex/latex/multirow/bigstrut.sty)
(/usr/local/texlive/2016/texmf-dist/tex/latex/booktabs/booktabs.sty
Package: booktabs 2016/04/27 v1.618033 publication quality tables
\heavyrulewidth=\dimen152
\lightrulewidth=\dimen153
\cmidrulewidth=\dimen154
\belowrulesep=\dimen155
\belowbottomsep=\dimen156
\aboverulesep=\dimen157
\abovetopsep=\dimen158
\cmidrulesep=\dimen159
\cmidrulekern=\dimen160
\defaultaddspace=\dimen161
\@cmidla=\count144
\@cmidlb=\count145
\@aboverulesep=\dimen162
\@belowrulesep=\dimen163
\@thisruleclass=\count146
\@lastruleclass=\count147
\@thisrulewidth=\dimen164
)
(/usr/local/texlive/2016/texmf-dist/tex/latex/tabu/tabu.sty
Package: tabu 2011/02/26 v2.8 - flexible LaTeX tabulars (FC)

(/usr/local/texlive/2016/texmf-dist/tex/latex/varwidth/varwidth.sty
Package: varwidth 2009/03/30 ver 0.92;  Variable-width minipages
\@vwid@box=\box38
\sift@deathcycles=\count148
\@vwid@loff=\dimen165
\@vwid@roff=\dimen166
)
\c@taburow=\count149
\tabu@nbcols=\count150
\tabu@cnt=\count151
\tabu@Xcol=\count152
\tabu@alloc=\count153
\tabu@nested=\count154
\tabu@target=\dimen167
\tabu@spreadtarget=\dimen168
\tabu@naturalX=\dimen169
\tabucolX=\dimen170
\tabu@Xsum=\dimen171
\extrarowdepth=\dimen172
\abovetabulinesep=\dimen173
\belowtabulinesep=\dimen174
\tabustrutrule=\dimen175
\tabu@thebody=\toks39
\tabu@footnotes=\toks40
\tabu@box=\box39
\tabu@arstrutbox=\box40
\tabu@hleads=\box41
\tabu@vleads=\box42
\tabu@cellskip=\skip62
)
(/usr/local/texlive/2016/texmf-dist/tex/latex/titlesec/titlesec.sty
Package: titlesec 2016/03/21 v2.10.2 Sectioning titles
\ttl@box=\box43
\beforetitleunit=\skip63
\aftertitleunit=\skip64
\ttl@plus=\dimen176
\ttl@minus=\dimen177
\ttl@toksa=\toks41
\titlewidth=\dimen178
\titlewidthlast=\dimen179
\titlewidthfirst=\dimen180
)
(/usr/local/texlive/2016/texmf-dist/tex/latex/fancyhdr/fancyhdr.sty
\fancy@headwidth=\skip65
\f@ncyO@elh=\skip66
\f@ncyO@erh=\skip67
\f@ncyO@olh=\skip68
\f@ncyO@orh=\skip69
\f@ncyO@elf=\skip70
\f@ncyO@erf=\skip71
\f@ncyO@olf=\skip72
\f@ncyO@orf=\skip73
)
(/usr/local/texlive/2016/texmf-dist/tex/latex/tools/afterpage.sty
Package: afterpage 2014/10/28 v1.08 After-Page Package (DPC)
\AP@output=\toks42
\AP@partial=\box44
\AP@footins=\box45
)
(/usr/local/texlive/2016/texmf-dist/tex/latex/hyperref/hyperref.sty
Package: hyperref 2016/05/05 v6.83n Hypertext links for LaTeX

(/usr/local/texlive/2016/texmf-dist/tex/generic/oberdiek/hobsub-hyperref.sty
Package: hobsub-hyperref 2016/05/16 v1.14 Bundle oberdiek, subset hyperref (HO)


(/usr/local/texlive/2016/texmf-dist/tex/generic/oberdiek/hobsub-generic.sty
Package: hobsub-generic 2016/05/16 v1.14 Bundle oberdiek, subset generic (HO)
Package: hobsub 2016/05/16 v1.14 Construct package bundles (HO)
Package hobsub Info: Skipping package `infwarerr' (already loaded).
Package hobsub Info: Skipping package `ltxcmds' (already loaded).
Package: ifluatex 2016/05/16 v1.4 Provides the ifluatex switch (HO)
Package ifluatex Info: LuaTeX not detected.
Package hobsub Info: Skipping package `ifvtex' (already loaded).
Package: intcalc 2016/05/16 v1.2 Expandable calculations with integers (HO)
Package hobsub Info: Skipping package `ifpdf' (already loaded).
Package: etexcmds 2016/05/16 v1.6 Avoid name clashes with e-TeX commands (HO)
Package etexcmds Info: Could not find \expanded.
(etexcmds)             That can mean that you are not using pdfTeX 1.50 or
(etexcmds)             that some package has redefined \expanded.
(etexcmds)             In the latter case, load this package earlier.
Package: kvsetkeys 2016/05/16 v1.17 Key value parser (HO)
Package: kvdefinekeys 2016/05/16 v1.4 Define keys (HO)
Package: pdftexcmds 2016/05/10 v0.21 Utility functions of pdfTeX for LuaTeX (HO
)
Package pdftexcmds Info: LuaTeX not detected.
Package pdftexcmds Info: \pdf@primitive is available.
Package pdftexcmds Info: \pdf@ifprimitive is available.
Package pdftexcmds Info: \pdfdraftmode found.
Package: pdfescape 2016/05/16 v1.14 Implements pdfTeX's escape features (HO)
Package: bigintcalc 2016/05/16 v1.4 Expandable calculations on big integers (HO
)
Package: bitset 2016/05/16 v1.2 Handle bit-vector datatype (HO)
Package: uniquecounter 2016/05/16 v1.3 Provide unlimited unique counter (HO)
)
Package hobsub Info: Skipping package `hobsub' (already loaded).
Package: letltxmacro 2016/05/16 v1.5 Let assignment for LaTeX macros (HO)
Package: hopatch 2016/05/16 v1.3 Wrapper for package hooks (HO)
Package: xcolor-patch 2016/05/16 xcolor patch
Package: atveryend 2016/05/16 v1.9 Hooks at the very end of document (HO)
Package: atbegshi 2016/05/16 v1.17 At begin shipout hook (HO)
Package: refcount 2016/05/16 v3.5 Data extraction from label references (HO)
Package: hycolor 2016/05/16 v1.8 Color options for hyperref/bookmark (HO)
)
(/usr/local/texlive/2016/texmf-dist/tex/latex/oberdiek/auxhook.sty
Package: auxhook 2016/05/16 v1.4 Hooks for auxiliary files (HO)
)
(/usr/local/texlive/2016/texmf-dist/tex/latex/oberdiek/kvoptions.sty
Package: kvoptions 2016/05/16 v3.12 Key value format for package options (HO)
)
\@linkdim=\dimen181
\Hy@linkcounter=\count155
\Hy@pagecounter=\count156

(/usr/local/texlive/2016/texmf-dist/tex/latex/hyperref/pd1enc.def
File: pd1enc.def 2016/05/05 v6.83n Hyperref: PDFDocEncoding definition (HO)
Now handling font encoding PD1 ...
... no UTF-8 mapping file for font encoding PD1
)
\Hy@SavedSpaceFactor=\count157

(/usr/local/texlive/2016/texmf-dist/tex/latex/latexconfig/hyperref.cfg
File: hyperref.cfg 2002/06/06 v1.2 hyperref configuration of TeXLive
)
Package hyperref Info: Option `colorlinks' set `true' on input line 4322.
Package hyperref Info: Hyper figures OFF on input line 4446.
Package hyperref Info: Link nesting OFF on input line 4451.
Package hyperref Info: Hyper index ON on input line 4454.
Package hyperref Info: Plain pages OFF on input line 4461.
Package hyperref Info: Backreferencing OFF on input line 4466.
Package hyperref Info: Implicit mode ON; LaTeX internals redefined.
Package hyperref Info: Bookmarks ON on input line 4691.
\c@Hy@tempcnt=\count158

(/usr/local/texlive/2016/texmf-dist/tex/latex/url/url.sty
\Urlmuskip=\muskip11
Package: url 2013/09/16  ver 3.4  Verb mode for urls, etc.
)
LaTeX Info: Redefining \url on input line 5044.
\XeTeXLinkMargin=\dimen182
\Fld@menulength=\count159
\Field@Width=\dimen183
\Fld@charsize=\dimen184
Package hyperref Info: Hyper figures OFF on input line 6298.
Package hyperref Info: Link nesting OFF on input line 6303.
Package hyperref Info: Hyper index ON on input line 6306.
Package hyperref Info: backreferencing OFF on input line 6313.
Package hyperref Info: Link coloring ON on input line 6316.
Package hyperref Info: Link coloring with OCG OFF on input line 6323.
Package hyperref Info: PDF/A mode OFF on input line 6328.
LaTeX Info: Redefining \ref on input line 6368.
LaTeX Info: Redefining \pageref on input line 6372.
\Hy@abspage=\count160
\c@Item=\count161
\c@Hfootnote=\count162
)

Package hyperref Message: Driver (autodetected): hpdftex.

(/usr/local/texlive/2016/texmf-dist/tex/latex/hyperref/hpdftex.def
File: hpdftex.def 2016/05/05 v6.83n Hyperref driver for pdfTeX
\Fld@listcount=\count163
\c@bookmark@seq@number=\count164

(/usr/local/texlive/2016/texmf-dist/tex/latex/oberdiek/rerunfilecheck.sty
Package: rerunfilecheck 2016/05/16 v1.8 Rerun checks for auxiliary files (HO)
Package uniquecounter Info: New unique counter `rerunfilecheck' on input line 2
82.
)
\Hy@SectionHShift=\skip74
)
Package hyperref Info: Option `colorlinks' set `true' on input line 162.
)
(./bertini_real_manual.aux)
\openout1 = `bertini_real_manual.aux'.

LaTeX Font Info:    Checking defaults for OML/cmm/m/it on input line 7.
LaTeX Font Info:    ... okay on input line 7.
LaTeX Font Info:    Checking defaults for T1/cmr/m/n on input line 7.
LaTeX Font Info:    ... okay on input line 7.
LaTeX Font Info:    Checking defaults for OT1/cmr/m/n on input line 7.
LaTeX Font Info:    ... okay on input line 7.
LaTeX Font Info:    Checking defaults for OMS/cmsy/m/n on input line 7.
LaTeX Font Info:    ... okay on input line 7.
LaTeX Font Info:    Checking defaults for OMX/cmex/m/n on input line 7.
LaTeX Font Info:    ... okay on input line 7.
LaTeX Font Info:    Checking defaults for U/cmr/m/n on input line 7.
LaTeX Font Info:    ... okay on input line 7.
LaTeX Font Info:    Checking defaults for PD1/pdf/m/n on input line 7.
LaTeX Font Info:    ... okay on input line 7.

(/usr/local/texlive/2016/texmf-dist/tex/context/base/mkii/supp-pdf.mkii
[Loading MPS to PDF converter (version 2006.09.02).]
\scratchcounter=\count165
\scratchdimen=\dimen185
\scratchbox=\box46
\nofMPsegments=\count166
\nofMParguments=\count167
\everyMPshowfont=\toks43
\MPscratchCnt=\count168
\MPscratchDim=\dimen186
\MPnumerator=\count169
\makeMPintoPDFobject=\count170
\everyMPtoPDFconversion=\toks44
) (/usr/local/texlive/2016/texmf-dist/tex/latex/oberdiek/epstopdf-base.sty
Package: epstopdf-base 2016/05/15 v2.6 Base part for package epstopdf

(/usr/local/texlive/2016/texmf-dist/tex/latex/oberdiek/grfext.sty
Package: grfext 2016/05/16 v1.2 Manage graphics extensions (HO)
)
Package grfext Info: Graphics extension search list:
(grfext)             [.png,.pdf,.jpg,.mps,.jpeg,.jbig2,.jb2,.PNG,.PDF,.JPG,.JPE
G,.JBIG2,.JB2,.eps]
(grfext)             \AppendGraphicsExtensions on input line 456.

(/usr/local/texlive/2016/texmf-dist/tex/latex/latexconfig/epstopdf-sys.cfg
File: epstopdf-sys.cfg 2010/07/13 v1.3 Configuration of (r)epstopdf for TeX Liv
e
))
\c@lstlisting=\count171

*geometry* driver: auto-detecting
*geometry* detected driver: pdftex
*geometry* verbose mode - [ preamble ] result:
* driver: pdftex
* paper: <default>
* layout: <same size as paper>
* layoutoffset:(h,v)=(0.0pt,0.0pt)
* modes: twoside 
* h-part:(L,W,R)=(90.3375pt, 433.62001pt, 90.3375pt)
* v-part:(T,H,B)=(90.3375pt, 614.295pt, 90.3375pt)
* \paperwidth=614.295pt
* \paperheight=794.96999pt
* \textwidth=433.62001pt
* \textheight=614.295pt
* \oddsidemargin=18.0675pt
* \evensidemargin=18.0675pt
* \topmargin=-18.9325pt
* \headheight=12.0pt
* \headsep=25.0pt
* \topskip=10.0pt
* \footskip=30.0pt
* \marginparwidth=121.0pt
* \marginparsep=11.0pt
* \columnsep=10.0pt
* \skip\footins=9.0pt plus 4.0pt minus 2.0pt
* \hoffset=0.0pt
* \voffset=0.0pt
* \mag=1000
* \@twocolumnfalse
* \@twosidetrue
* \@mparswitchtrue
* \@reversemarginfalse
* (1in=72.27pt=25.4mm, 1cm=28.453pt)

Package caption Info: Begin \AtBeginDocument code.
Package caption Info: hyperref package is loaded.
Package caption Info: longtable package is loaded.
(/usr/local/texlive/2016/texmf-dist/tex/latex/caption/ltcaption.sty
Package: ltcaption 2013/06/09 v1.4-94 longtable captions (AR)
)
Package caption Info: supertabular package is loaded.
Package caption Info: End \AtBeginDocument code.
Package marginnote Info: \pdfoutput not 0 and \pdflastxpos available.
(marginnote)             Extended position detection mode activated.

(./bertini_real_manual.glsdefs)
\AtBeginShipoutBox=\box47
Package hyperref Info: Link coloring ON on input line 7.

(/usr/local/texlive/2016/texmf-dist/tex/latex/hyperref/nameref.sty
Package: nameref 2012/10/27 v2.43 Cross-referencing by name of section

(/usr/local/texlive/2016/texmf-dist/tex/generic/oberdiek/gettitlestring.sty
Package: gettitlestring 2016/05/16 v1.5 Cleanup title references (HO)
)
\c@section@level=\count172
)
LaTeX Info: Redefining \ref on input line 7.
LaTeX Info: Redefining \pageref on input line 7.
LaTeX Info: Redefining \nameref on input line 7.

(./bertini_real_manual.out) (./bertini_real_manual.out)
\@outlinefile=\write7
\openout7 = `bertini_real_manual.out'.


<./sampler_photos/whitney_ss.png, id=389, 620.3175pt x 413.545pt>
File: ./sampler_photos/whitney_ss.png Graphic file (type png)

<use ./sampler_photos/whitney_ss.png>
Package pdftex.def Info: ./sampler_photos/whitney_ss.png used on input line 27.

(pdftex.def)             Requested size: 325.215pt x 216.80516pt.
LaTeX Font Info:    Try loading font information for OMS+cmr on input line 37.

(/usr/local/texlive/2016/texmf-dist/tex/latex/base/omscmr.fd
File: omscmr.fd 2014/09/29 v2.5h Standard LaTeX font definitions
)
LaTeX Font Info:    Font shape `OMS/cmr/m/n' in size <10> not available
(Font)              Font shape `OMS/cmsy/m/n' tried instead on input line 37.
LaTeX Font Info:    Try loading font information for U+msa on input line 38.

(/usr/local/texlive/2016/texmf-dist/tex/latex/amsfonts/umsa.fd
File: umsa.fd 2013/01/14 v3.01 AMS symbols A
)
LaTeX Font Info:    Try loading font information for U+msb on input line 38.

(/usr/local/texlive/2016/texmf-dist/tex/latex/amsfonts/umsb.fd
File: umsb.fd 2013/01/14 v3.01 AMS symbols B
) [1

\openout4 = `bertini_real_manual.xdy'.

{/usr/local/texlive/2016/texmf-var/fonts/map/pdftex/updmap/pdftex.map} <./sampl
er_photos/whitney_ss.png>]
Package epstopdf Info: Source file: <./diagrams/chmutov_2.eps>
(epstopdf)                    date: 2017-04-28 10:47:27
(epstopdf)                    size: 116043 bytes
(epstopdf)             Output file: <./diagrams/chmutov_2-eps-converted-to.pdf>

(epstopdf)                    date: 2017-09-14 11:36:15
(epstopdf)                    size: 29532 bytes
(epstopdf)             Command: <repstopdf --outfile=./diagrams/chmutov_2-eps-c
onverted-to.pdf ./diagrams/chmutov_2.eps>
(epstopdf)             \includegraphics on input line 61.
Package epstopdf Info: Output file is already uptodate.

<./diagrams/chmutov_2-eps-converted-to.pdf, id=400, 1318.9275pt x 776.9025pt>
File: ./diagrams/chmutov_2-eps-converted-to.pdf Graphic file (type pdf)

<use ./diagrams/chmutov_2-eps-converted-to.pdf>
Package pdftex.def Info: ./diagrams/chmutov_2-eps-converted-to.pdf used on inpu
t line 61.
(pdftex.def)             Requested size: 325.215pt x 191.55786pt.
 [2

 <./diagrams/chmutov_2-eps-converted-to.pdf>] (./bertini_real_manual.toc [1


] [2])
\tf@toc=\write8
\openout8 = `bertini_real_manual.toc'.

 [3] (./introduction.tex
[1

]) (./quick_summary.tex [2]) (./input_files.tex [3

]
(/usr/local/texlive/2016/texmf-dist/tex/latex/listings/lstlang1.sty
File: lstlang1.sty 2015/06/04 1.6 listings language file
)
(/usr/local/texlive/2016/texmf-dist/tex/latex/listings/lstlang1.sty
File: lstlang1.sty 2015/06/04 1.6 listings language file
)
(/usr/local/texlive/2016/texmf-dist/tex/latex/listings/lstmisc.sty
File: lstmisc.sty 2015/06/04 1.6 (Carsten Heinz)
) [4

]
LaTeX Font Info:    Font shape `OMS/cmr/m/n' in size <9> not available
(Font)              Font shape `OMS/cmsy/m/n' tried instead on input line 78.

[5]) (./running_bertini.tex [6] [7

]) (./running_bertini_real.tex [8

] [9

]
[10]
LaTeX Font Info:    Font shape `OT1/cmtt/bx/n' in size <10> not available
(Font)              Font shape `OT1/cmtt/m/n' tried instead on input line 87.

Underfull \vbox (badness 10000) has occurred while \output is active []

 [11]
(./inputs/example_projection
LaTeX Font Info:    Try loading font information for OML+cmr on input line 1.

(/usr/local/texlive/2016/texmf-dist/tex/latex/base/omlcmr.fd
File: omlcmr.fd 2014/09/29 v2.5h Standard LaTeX font definitions
)
LaTeX Font Info:    Font shape `OML/cmr/m/n' in size <9> not available
(Font)              Font shape `OML/cmm/m/it' tried instead on input line 1.
)
(./inputs/example_sphere)
Underfull \vbox (badness 1859) has occurred while \output is active []

 [12])
(./running_sampler.tex [13]
<./sampler_photos/curvesampler1.png, id=697, 520.94624pt x 86.3225pt>
<use ./sampler_photos/curvesampler1.png>
<./sampler_photos/curvesampler2.png, id=698, 469.755pt x 486.81876pt>
<use ./sampler_photos/curvesampler2.png>
<./sampler_photos/curvesampler3.png, id=699, 546.04pt x 489.83pt>
<use ./sampler_photos/curvesampler3.png>
<./sampler_photos/curvesampler4.png, id=700, 2055.68pt x 1270.7475pt>
<use ./sampler_photos/curvesampler4.png>
<use ./sampler_photos/curvesampler1.png>
<use ./sampler_photos/curvesampler2.png>
<use ./sampler_photos/curvesampler3.png>
<use ./sampler_photos/curvesampler4.png>
File: ./sampler_photos/curvesampler1.png Graphic file (type png)

<use ./sampler_photos/curvesampler1.png>
Package pdftex.def Info: ./sampler_photos/curvesampler1.png used on input line 
53.
(pdftex.def)             Requested size: 173.44534pt x 28.7407pt.
File: ./sampler_photos/curvesampler2.png Graphic file (type png)

<use ./sampler_photos/curvesampler2.png>
Package pdftex.def Info: ./sampler_photos/curvesampler2.png used on input line 
53.
(pdftex.def)             Requested size: 173.44534pt x 179.74127pt.
File: ./sampler_photos/curvesampler3.png Graphic file (type png)

<use ./sampler_photos/curvesampler3.png>
Package pdftex.def Info: ./sampler_photos/curvesampler3.png used on input line 
53.
(pdftex.def)             Requested size: 173.44534pt x 155.5903pt.

Underfull \hbox (badness 10000) in paragraph at lines 53--53
[]\OT1/cmr/m/n/10 To pro-duce the im-age, type in
 []

File: ./sampler_photos/curvesampler4.png Graphic file (type png)
<use ./sampler_photos/curvesampler4.png>
Package pdftex.def Info: ./sampler_photos/curvesampler4.png used on input line 
53.
(pdftex.def)             Requested size: 173.44534pt x 107.20741pt.
 [14

 <./sampler_photos/curvesampler1.png> <./sampler_photos/curvesampler2.png>]
<./diagrams/curve_sampling_adaptive_movement.pdf, id=713, 706.45168pt x 428.246
72pt>
File: ./diagrams/curve_sampling_adaptive_movement.pdf Graphic file (type pdf)
 <use ./diagrams/curve_sampling_adaptive_movement.pdf>
Package pdftex.def Info: ./diagrams/curve_sampling_adaptive_movement.pdf used o
n input line 81.
(pdftex.def)             Requested size: 282.57567pt x 171.29564pt.
 [15 <./sampler_photos/curvesampler3.png> <./sampler_photos/curvesampler4.png (
PNG copy)>]
<./sampler_photos/curvesampler_adm.png, id=726, 2055.68pt x 1262.7175pt>
File: ./sampler_photos/curvesampler_adm.png Graphic file (type png)

<use ./sampler_photos/curvesampler_adm.png>
Package pdftex.def Info: ./sampler_photos/curvesampler_adm.png used on input li
ne 88.
(pdftex.def)             Requested size: 284.52756pt x 174.75615pt.

<./diagrams/curve_sampling_adaptive_distance.pdf, id=727, 641.42517pt x 279.276
54pt>
File: ./diagrams/curve_sampling_adaptive_distance.pdf Graphic file (type pdf)
 <use ./diagrams/curve_sampling_adaptive_distance.pdf>
Package pdftex.def Info: ./diagrams/curve_sampling_adaptive_distance.pdf used o
n input line 100.
(pdftex.def)             Requested size: 256.56552pt x 111.70863pt.

Underfull \vbox (badness 10000) has occurred while \output is active []

 [16 <./diagrams/curve_sampling_adaptive_movement.pdf> <./sampler_photos/curves
ampler_adm.png (PNG copy)>]
<./sampler_photos/curvesampler_add.png, id=752, 2055.68pt x 1256.695pt>
File: ./sampler_photos/curvesampler_add.png Graphic file (type png)

<use ./sampler_photos/curvesampler_add.png>
Package pdftex.def Info: ./sampler_photos/curvesampler_add.png used on input li
ne 106.
(pdftex.def)             Requested size: 284.52756pt x 173.92265pt.

<./diagrams/curve_sampling_fixed.pdf, id=753, 688.44275pt x 285.30411pt>
File: ./diagrams/curve_sampling_fixed.pdf Graphic file (type pdf)

<use ./diagrams/curve_sampling_fixed.pdf>
Package pdftex.def Info: ./diagrams/curve_sampling_fixed.pdf used on input line
 117.
(pdftex.def)             Requested size: 275.37222pt x 114.11961pt.

<./sampler_photos/curvesampler_f.png, id=754, 2055.68pt x 1256.695pt>
File: ./sampler_photos/curvesampler_f.png Graphic file (type png)

<use ./sampler_photos/curvesampler_f.png>
Package pdftex.def Info: ./sampler_photos/curvesampler_f.png used on input line
 123.
(pdftex.def)             Requested size: 284.52756pt x 173.92265pt.
 [17 <./diagrams/curve_sampling_adaptive_distance.pdf> <./sampler_photos/curves
ampler_add.png (PNG copy)> <./diagrams/curve_sampling_fixed.pdf

pdfTeX warning: pdflatex (file ./diagrams/curve_sampling_fixed.pdf): PDF inclus
ion: multiple pdfs with page group included in a single page
>] <./sampler_photos/surfacesampler1.png, id=779, 565.11125pt x 362.35374pt>
<use ./sampler_photos/surfacesampler1.png>
<./sampler_photos/surfacesampler2.png, id=780, 2055.68pt x 1258.7025pt>
<use ./sampler_photos/surfacesampler2.png>
<use ./sampler_photos/surfacesampler1.png>
<use ./sampler_photos/surfacesampler2.png>
File: ./sampler_photos/surfacesampler1.png Graphic file (type png)

<use ./sampler_photos/surfacesampler1.png>
Package pdftex.def Info: ./sampler_photos/surfacesampler1.png used on input lin
e 166.
(pdftex.def)             Requested size: 173.44534pt x 111.21162pt.
File: ./sampler_photos/surfacesampler2.png Graphic file (type png)

<use ./sampler_photos/surfacesampler2.png>
Package pdftex.def Info: ./sampler_photos/surfacesampler2.png used on input lin
e 166.
(pdftex.def)             Requested size: 173.44534pt x 106.19124pt.
 [18 <./sampler_photos/curvesampler_f.png (PNG copy)> <./sampler_photos/surface
sampler1.png>]
<./diagrams/surface_refinement.pdf, id=789, 455.22023pt x 334.23306pt>
File: ./diagrams/surface_refinement.pdf Graphic file (type pdf)

<use ./diagrams/surface_refinement.pdf>
Package pdftex.def Info: ./diagrams/surface_refinement.pdf used on input line 1
99.
(pdftex.def)             Requested size: 289.07999pt x 212.24583pt.

Underfull \vbox (badness 10000) has occurred while \output is active []

 [19 <./sampler_photos/surfacesampler2.png (PNG copy)>] [20 <./diagrams/surface
_refinement.pdf>]
Overfull \hbox (10.18558pt too wide) in paragraph at lines 243--244
[]\OT1/cmr/m/n/10 The faces are sam-pled us-ing the distance-adaptive curve met
hod, again us-ing \OT1/cmtt/m/n/10 tol \OT1/cmr/m/n/10 and \OT1/cmtt/m/n/10 min
/maxits 
 []


<./sampler_photos/surfacefixed_numsamples.png, id=818, 2055.68pt x 1258.7025pt>
File: ./sampler_photos/surfacefixed_numsamples.png Graphic file (type png)
<use ./sampler_photos/surfacefixed_numsamples.png>
Package pdftex.def Info: ./sampler_photos/surfacefixed_numsamples.png used on i
nput line 250.
(pdftex.def)             Requested size: 284.52756pt x 174.20049pt.

<./sampler_photos/surfacefixed_minits.png, id=819, 2055.68pt x 1256.695pt>
File: ./sampler_photos/surfacefixed_minits.png Graphic file (type png)

<use ./sampler_photos/surfacefixed_minits.png>
Package pdftex.def Info: ./sampler_photos/surfacefixed_minits.png used on input
 line 255.
(pdftex.def)             Requested size: 284.52756pt x 173.92265pt.

<./sampler_photos/surfacefixed_maxits.png, id=820, 2055.68pt x 1541.76pt>
File: ./sampler_photos/surfacefixed_maxits.png Graphic file (type png)

<use ./sampler_photos/surfacefixed_maxits.png>
Package pdftex.def Info: ./sampler_photos/surfacefixed_maxits.png used on input
 line 260.
(pdftex.def)             Requested size: 284.52756pt x 213.37477pt.
 [21 <./sampler_photos/surfacefixed_numsamples.png (PNG copy)> <./sampler_photo
s/surfacefixed_minits.png (PNG copy)>] [22 <./sampler_photos/surfacefixed_maxit
s.png (PNG copy)>]
<./sampler_photos/ad_dis_minribs.png, id=836, 2055.68pt x 1258.7025pt>
File: ./sampler_photos/ad_dis_minribs.png Graphic file (type png)

<use ./sampler_photos/ad_dis_minribs.png>
Package pdftex.def Info: ./sampler_photos/ad_dis_minribs.png used on input line
 303.
(pdftex.def)             Requested size: 284.52756pt x 174.20049pt.

<./sampler_photos/ad_dis_maxribs.png, id=837, 2055.68pt x 1258.7025pt>
File: ./sampler_photos/ad_dis_maxribs.png Graphic file (type png)

<use ./sampler_photos/ad_dis_maxribs.png>
Package pdftex.def Info: ./sampler_photos/ad_dis_maxribs.png used on input line
 308.
(pdftex.def)             Requested size: 284.52756pt x 174.20049pt.

<./sampler_photos/ad_dis_minits.png, id=838, 2055.68pt x 1258.7025pt>
File: ./sampler_photos/ad_dis_minits.png Graphic file (type png)

<use ./sampler_photos/ad_dis_minits.png>
Package pdftex.def Info: ./sampler_photos/ad_dis_minits.png used on input line 
314.
(pdftex.def)             Requested size: 284.52756pt x 174.20049pt.

<./sampler_photos/ad_dis_maxits.png, id=839, 2055.68pt x 1258.7025pt>
File: ./sampler_photos/ad_dis_maxits.png Graphic file (type png)

<use ./sampler_photos/ad_dis_maxits.png>
Package pdftex.def Info: ./sampler_photos/ad_dis_maxits.png used on input line 
320.
(pdftex.def)             Requested size: 284.52756pt x 174.20049pt.

Underfull \vbox (badness 2376) has occurred while \output is active []

 [23 <./sampler_photos/ad_dis_minribs.png (PNG copy)> <./sampler_photos/ad_dis_
maxribs.png (PNG copy)>]) (./visualization.tex [24 <./sampler_photos/ad_dis_min
its.png (PNG copy)> <./sampler_photos/ad_dis_maxits.png (PNG copy)>]
Overfull \hbox (45.35658pt too wide) in paragraph at lines 14--15
[]\OT1/cmr/m/n/10 First, open Mat-lab, move to the folder in which you de-com-p
osed your ob-ject, and call \OT1/cmtt/m/n/10 gather[]br[]samples\OT1/cmr/m/n/10
 .
 []


Overfull \hbox (5.06808pt too wide) in paragraph at lines 16--18
\OT1/cmtt/m/n/10 bertini[]real[]plotter-(`option', `option[]argument')\OT1/cmr/
m/n/10 , where the op-tion[]argument will vary
 []


Overfull \hbox (5.79704pt too wide) in paragraph at lines 58--58
[]\OT1/cmtt/m/n/10 `autosave'|  
 []


Overfull \hbox (5.79704pt too wide) in paragraph at lines 58--58
[]\OT1/cmtt/m/n/10 `[]colormap'|  
 []


Overfull \hbox (13.90404pt too wide) in paragraph at lines 58--58
 []\OT1/cmtt/m/n/10 bertini[]real[]plotter-
 []


Overfull \hbox (5.79704pt too wide) in paragraph at lines 58--58
[]\OT1/cmtt/m/n/10 `filename' 
 []


Overfull \hbox (13.90404pt too wide) in paragraph at lines 58--58
 []\OT1/cmtt/m/n/10 bertini[]real[]plotter-
 []


Overfull \hbox (13.90404pt too wide) in paragraph at lines 58--58
 []\OT1/cmtt/m/n/10 bertini[]real[]plotter-
 []


Overfull \hbox (11.047pt too wide) in paragraph at lines 58--58
[]\OT1/cmtt/m/n/10 `linestyle'|  
 []


Overfull \hbox (11.047pt too wide) in paragraph at lines 58--58
[]\OT1/cmtt/m/n/10 `monocolor' 
 []


Overfull \hbox (5.79704pt too wide) in paragraph at lines 58--58
[]\OT1/cmtt/m/n/10 `vertices' 
 []

[25

] [26]) (./troubleshooting.tex [27]
Overfull \hbox (38.87587pt too wide) in paragraph at lines 19--24
[]\OT1/cmtt/m/n/10 had a critical failure moving left was deficient 2 points tr
ying to recover the failure...
 []

[28

]
<./diagrams/MATLABExecutableFailure.png, id=892, 568.1225pt x 340.27126pt>
File: ./diagrams/MATLABExecutableFailure.png Graphic file (type png)

<use ./diagrams/MATLABExecutableFailure.png>
Package pdftex.def Info: ./diagrams/MATLABExecutableFailure.png used on input l
ine 57.
(pdftex.def)             Requested size: 234.1556pt x 140.2442pt.

Overfull \hbox (12.26895pt too wide) in paragraph at lines 60--61
\OT1/cmr/m/n/10 tory, open \OT1/cmtt/m/n/10 .bash[]profile \OT1/cmr/m/n/10 and 
add the fol-low-ing line: \OT1/cmtt/m/n/10 export []PATH=/PATH/TO/MATLAB.app/bi
n:$PATH
 []


Overfull \hbox (91.8813pt too wide) in paragraph at lines 60--61
\OT1/cmtt/m/n/10 touch .bash[]profile\OT1/cmr/m/n/10 , which will cre-ate \OT1/
cmtt/m/n/10 .bash[]profile\OT1/cmr/m/n/10 , and then add \OT1/cmtt/m/n/10 expor
t []PATH=/PATH/TO/MATLAB.app/bin:$PATH\OT1/cmr/m/n/10 .
 []


Overfull \hbox (0.66406pt too wide) in paragraph at lines 67--68
\OT1/cmr/m/n/10 Note that you can-not run Bertini[]real from within Mat-lab, ev
en with the use of \OT1/cmtt/m/n/10 !\OT1/cmr/m/n/10 , be-cause Bertini[]real
 []

) (./examples.tex [29 <./diagrams/MATLABExecutableFailure.png>]
(./inputs/circle/input)
<./sampler_photos/example1decomp1.png, id=898, 673.51625pt x 518.93875pt>
File: ./sampler_photos/example1decomp1.png Graphic file (type png)

<use ./sampler_photos/example1decomp1.png>
Package pdftex.def Info: ./sampler_photos/example1decomp1.png used on input lin
e 18.
(pdftex.def)             Requested size: 284.52756pt x 219.22765pt.

Underfull \vbox (badness 10000) has occurred while \output is active []

 [30

]
<./sampler_photos/example1decomp2.png, id=918, 668.4975pt x 629.35126pt>
File: ./sampler_photos/example1decomp2.png Graphic file (type png)

<use ./sampler_photos/example1decomp2.png>
Package pdftex.def Info: ./sampler_photos/example1decomp2.png used on input lin
e 23.
(pdftex.def)             Requested size: 284.52756pt x 267.86926pt.

<./sampler_photos/example1ref1.png, id=919, 649.42625pt x 629.35126pt>
File: ./sampler_photos/example1ref1.png Graphic file (type png)

<use ./sampler_photos/example1ref1.png>
Package pdftex.def Info: ./sampler_photos/example1ref1.png used on input line 3
0.
(pdftex.def)             Requested size: 284.52756pt x 275.73422pt.

Underfull \vbox (badness 5231) has occurred while \output is active []

 [31 <./sampler_photos/example1decomp1.png> <./sampler_photos/example1decomp2.p
ng>]
<./sampler_photos/example1ref2.png, id=929, 1278.7775pt x 716.6775pt>
File: ./sampler_photos/example1ref2.png Graphic file (type png)

<use ./sampler_photos/example1ref2.png>
Package pdftex.def Info: ./sampler_photos/example1ref2.png used on input line 3
5.
(pdftex.def)             Requested size: 284.52756pt x 159.46298pt.

<./sampler_photos/example1ref3.png, id=930, 2055.68pt x 1316.92pt>
File: ./sampler_photos/example1ref3.png Graphic file (type png)

<use ./sampler_photos/example1ref3.png>
Package pdftex.def Info: ./sampler_photos/example1ref3.png used on input line 4
0.
(pdftex.def)             Requested size: 284.52756pt x 182.25761pt.

Underfull \vbox (badness 10000) has occurred while \output is active []

 [32 <./sampler_photos/example1ref1.png> <./sampler_photos/example1ref2.png>]
(./inputs/astroid/input)
<./sampler_photos/example2decomp1.png, id=941, 673.51625pt x 630.355pt>
File: ./sampler_photos/example2decomp1.png Graphic file (type png)

<use ./sampler_photos/example2decomp1.png>
Package pdftex.def Info: ./sampler_photos/example2decomp1.png used on input lin
e 57.
(pdftex.def)             Requested size: 284.52756pt x 266.29585pt.
 [33 <./sampler_photos/example1ref3.png (PNG copy)>]
<./sampler_photos/example2decomp2.png, id=968, 677.53125pt x 628.3475pt>
File: ./sampler_photos/example2decomp2.png Graphic file (type png)

<use ./sampler_photos/example2decomp2.png>
Package pdftex.def Info: ./sampler_photos/example2decomp2.png used on input lin
e 62.
(pdftex.def)             Requested size: 284.52756pt x 263.87538pt.

Underfull \vbox (badness 7832) has occurred while \output is active []

 [34 <./sampler_photos/example2decomp1.png> <./sampler_photos/example2decomp2.p
ng>]
<./sampler_photos/example2ref1.png, id=978, 666.49pt x 628.3475pt>
File: ./sampler_photos/example2ref1.png Graphic file (type png)

<use ./sampler_photos/example2ref1.png>
Package pdftex.def Info: ./sampler_photos/example2ref1.png used on input line 6
9.
(pdftex.def)             Requested size: 284.52756pt x 268.24742pt.

<./sampler_photos/example2ref2.png, id=979, 1276.77pt x 695.59875pt>
File: ./sampler_photos/example2ref2.png Graphic file (type png)

<use ./sampler_photos/example2ref2.png>
Package pdftex.def Info: ./sampler_photos/example2ref2.png used on input line 7
4.
(pdftex.def)             Requested size: 284.52756pt x 155.0064pt.

<./sampler_photos/example2ref3.png, id=980, 2055.68pt x 1316.92pt>
File: ./sampler_photos/example2ref3.png Graphic file (type png)

<use ./sampler_photos/example2ref3.png>
Package pdftex.def Info: ./sampler_photos/example2ref3.png used on input line 7
9.
(pdftex.def)             Requested size: 284.52756pt x 182.25761pt.

Underfull \vbox (badness 10000) has occurred while \output is active []

 [35 <./sampler_photos/example2ref1.png> <./sampler_photos/example2ref2.png>]
(./inputs/solitude/input)
<./sampler_photos/example3decomp1.png, id=990, 566.115pt x 363.3575pt>
File: ./sampler_photos/example3decomp1.png Graphic file (type png)

<use ./sampler_photos/example3decomp1.png>
Package pdftex.def Info: ./sampler_photos/example3decomp1.png used on input lin
e 98.
(pdftex.def)             Requested size: 284.52756pt x 182.62637pt.
 [36 <./sampler_photos/example2ref3.png (PNG copy)>]
<./sampler_photos/example3decomp2.png, id=1017, 783.92876pt x 714.67pt>
File: ./sampler_photos/example3decomp2.png Graphic file (type png)

<use ./sampler_photos/example3decomp2.png>
Package pdftex.def Info: ./sampler_photos/example3decomp2.png used on input lin
e 103.
(pdftex.def)             Requested size: 284.52756pt x 259.39656pt.

<./sampler_photos/example3ref1.png, id=1018, 783.92876pt x 715.67375pt>
File: ./sampler_photos/example3ref1.png Graphic file (type png)

<use ./sampler_photos/example3ref1.png>
Package pdftex.def Info: ./sampler_photos/example3ref1.png used on input line 1
10.
(pdftex.def)             Requested size: 284.52756pt x 259.76088pt.

Underfull \vbox (badness 10000) has occurred while \output is active []

 [37 <./sampler_photos/example3decomp1.png> <./sampler_photos/example3decomp2.p
ng>]
<./sampler_photos/example3ref2.png, id=1028, 1276.77pt x 715.67375pt>
File: ./sampler_photos/example3ref2.png Graphic file (type png)

<use ./sampler_photos/example3ref2.png>
Package pdftex.def Info: ./sampler_photos/example3ref2.png used on input line 1
15.
(pdftex.def)             Requested size: 284.52756pt x 159.47987pt.

<./sampler_photos/example3ref3.png, id=1029, 2055.68pt x 1262.7175pt>
File: ./sampler_photos/example3ref3.png Graphic file (type png)

<use ./sampler_photos/example3ref3.png>
Package pdftex.def Info: ./sampler_photos/example3ref3.png used on input line 1
20.
(pdftex.def)             Requested size: 284.52756pt x 174.75615pt.

Underfull \vbox (badness 10000) has occurred while \output is active []

 [38 <./sampler_photos/example3ref1.png> <./sampler_photos/example3ref2.png>]
(./inputs/plane/input)
<./sampler_photos/example4decomp1.png, id=1040, 786.94pt x 715.67375pt>
File: ./sampler_photos/example4decomp1.png Graphic file (type png)

<use ./sampler_photos/example4decomp1.png>
Package pdftex.def Info: ./sampler_photos/example4decomp1.png used on input lin
e 139.
(pdftex.def)             Requested size: 284.52756pt x 258.75621pt.

Underfull \vbox (badness 10000) has occurred while \output is active []

 [39 <./sampler_photos/example3ref3.png (PNG copy)>]
<./sampler_photos/example4decomp2.png, id=1060, 786.94pt x 713.66624pt>
File: ./sampler_photos/example4decomp2.png Graphic file (type png)

<use ./sampler_photos/example4decomp2.png>
Package pdftex.def Info: ./sampler_photos/example4decomp2.png used on input lin
e 144.
(pdftex.def)             Requested size: 284.52756pt x 258.0304pt.

<./sampler_photos/example4ref1.png, id=1061, 785.93625pt x 715.67375pt>
File: ./sampler_photos/example4ref1.png Graphic file (type png)

<use ./sampler_photos/example4ref1.png>
Package pdftex.def Info: ./sampler_photos/example4ref1.png used on input line 1
51.
(pdftex.def)             Requested size: 284.52756pt x 259.09474pt.
 [40 <./sampler_photos/example4decomp1.png> <./sampler_photos/example4decomp2.p
ng>]
<./sampler_photos/example4ref2.png, id=1071, 1275.76625pt x 713.66624pt>
File: ./sampler_photos/example4ref2.png Graphic file (type png)

<use ./sampler_photos/example4ref2.png>
Package pdftex.def Info: ./sampler_photos/example4ref2.png used on input line 1
56.
(pdftex.def)             Requested size: 284.52756pt x 159.16321pt.

<./sampler_photos/example4ref3.png, id=1072, 2055.68pt x 1258.7025pt>
File: ./sampler_photos/example4ref3.png Graphic file (type png)

<use ./sampler_photos/example4ref3.png>
Package pdftex.def Info: ./sampler_photos/example4ref3.png used on input line 1
61.
(pdftex.def)             Requested size: 284.52756pt x 174.20049pt.

Underfull \vbox (badness 10000) has occurred while \output is active []

 [41 <./sampler_photos/example4ref1.png> <./sampler_photos/example4ref2.png>]) 
[42 <./sampler_photos/example4ref3.png (PNG copy)>] (./bertini_real_manual.bbl)

(./the_algorithm.tex [43


]
<./diagrams/edge.pdf, id=1102, 374.44662pt x 348.80031pt>
File: ./diagrams/edge.pdf Graphic file (type pdf)

<use ./diagrams/edge.pdf>
Package pdftex.def Info: ./diagrams/edge.pdf used on input line 35.
(pdftex.def)             Requested size: 144.54pt x 134.64246pt.

Underfull \vbox (badness 10000) has occurred while \output is active []

 [44

 <./diagrams/edge.pdf>] [45] <./diagrams/face.pdf, id=1130, 370.2229pt x 240.54
442pt>
File: ./diagrams/face.pdf Graphic file (type pdf)

<use ./diagrams/face.pdf>
Package pdftex.def Info: ./diagrams/face.pdf used on input line 135.
(pdftex.def)             Requested size: 144.54pt x 93.91104pt.

<./diagrams/surface_method.pdf, id=1131, 857.97118pt x 513.92pt>
File: ./diagrams/surface_method.pdf Graphic file (type pdf)

<use ./diagrams/surface_method.pdf>
Package pdftex.def Info: ./diagrams/surface_method.pdf used on input line 145.
(pdftex.def)             Requested size: 361.34999pt x 216.44089pt.

Underfull \vbox (badness 10000) has occurred while \output is active []

 [46 <./diagrams/face.pdf>] [47 <./diagrams/surface_method.pdf>] [48]) (./insta
ll.tex
[49]
Overfull \hbox (14.77013pt too wide) in paragraph at lines 43--44
[]\OT1/cmtt/m/n/10 autoconf\OT1/cmr/m/n/10 , \OT1/cmtt/m/n/10 automake\OT1/cmr/
m/n/10 , \OT1/cmtt/m/n/10 make\OT1/cmr/m/n/10 , \OT1/cmtt/m/n/10 libtool\OT1/cm
r/m/n/10 . \OT1/cmr/m/it/10 Please use your pack-age man-ager\OT1/cmr/m/n/10 . 
Also, maybe \OT1/cmtt/m/n/10 pkg-config\OT1/cmr/m/n/10 .
 []

[50

] [51] (./install_linux.tex
Overfull \hbox (26.11378pt too wide) in paragraph at lines 30--32
[]\OT1/cmr/m/n/10 In bash, \OT1/cmtt/m/n/10 touch [][]$[] / .bash _ profile$[][
]\OT1/cmr/m/n/10 , then edit it, adding \OT1/cmtt/m/n/10 export PATH=/PATH/TO/M
ATLAB/bin:$PATH\OT1/cmr/m/n/10 .[][][][][] 
 []

) [52

] (./install_osx.tex) [53

] (./install_windows.tex
<./diagrams/CygwinInstall1.png, id=1267, 400.49625pt x 295.85532pt>
<use ./diagrams/CygwinInstall1.png>
<./diagrams/CygwinInstall2.png, id=1268, 400.49625pt x 295.85532pt>
<use ./diagrams/CygwinInstall2.png>
<./diagrams/CygwinInstall3.png, id=1269, 398.99063pt x 294.34969pt>
<use ./diagrams/CygwinInstall3.png>
<./diagrams/CygwinInstall4.png, id=1270, 400.49625pt x 295.85532pt>
<use ./diagrams/CygwinInstall4.png>
<./diagrams/CygwinInstall5.png, id=1271, 400.49625pt x 295.85532pt>
<use ./diagrams/CygwinInstall5.png>
<./diagrams/CygwinInstall6.png, id=1272, 400.49625pt x 295.85532pt>
<use ./diagrams/CygwinInstall6.png>
<./diagrams/CygwinInstall7.png, id=1273, 400.49625pt x 295.85532pt>
<use ./diagrams/CygwinInstall7.png> <use ./diagrams/CygwinInstall1.png>
<use ./diagrams/CygwinInstall2.png> <use ./diagrams/CygwinInstall3.png>
<use ./diagrams/CygwinInstall4.png> <use ./diagrams/CygwinInstall5.png>
<use ./diagrams/CygwinInstall6.png> <use ./diagrams/CygwinInstall7.png>
File: ./diagrams/CygwinInstall1.png Graphic file (type png)

<use ./diagrams/CygwinInstall1.png>
Package pdftex.def Info: ./diagrams/CygwinInstall1.png used on input line 37.
(pdftex.def)             Requested size: 173.44534pt x 128.1272pt.
File: ./diagrams/CygwinInstall2.png Graphic file (type png)
 <use ./diagrams/CygwinInstall2.png>
Package pdftex.def Info: ./diagrams/CygwinInstall2.png used on input line 37.
(pdftex.def)             Requested size: 173.44534pt x 128.1272pt.
File: ./diagrams/CygwinInstall3.png Graphic file (type png)

<use ./diagrams/CygwinInstall3.png>
Package pdftex.def Info: ./diagrams/CygwinInstall3.png used on input line 37.
(pdftex.def)             Requested size: 173.44534pt x 127.95573pt.
File: ./diagrams/CygwinInstall4.png Graphic file (type png)
 <use ./diagrams/CygwinInstall4.png>
Package pdftex.def Info: ./diagrams/CygwinInstall4.png used on input line 37.
(pdftex.def)             Requested size: 173.44534pt x 128.1272pt.
File: ./diagrams/CygwinInstall5.png Graphic file (type png)

<use ./diagrams/CygwinInstall5.png>
Package pdftex.def Info: ./diagrams/CygwinInstall5.png used on input line 37.
(pdftex.def)             Requested size: 173.44534pt x 128.1272pt.
File: ./diagrams/CygwinInstall6.png Graphic file (type png)
 <use ./diagrams/CygwinInstall6.png>
Package pdftex.def Info: ./diagrams/CygwinInstall6.png used on input line 37.
(pdftex.def)             Requested size: 173.44534pt x 128.1272pt.
File: ./diagrams/CygwinInstall7.png Graphic file (type png)

<use ./diagrams/CygwinInstall7.png>
Package pdftex.def Info: ./diagrams/CygwinInstall7.png used on input line 37.
(pdftex.def)             Requested size: 173.44534pt x 128.1272pt.
 [54

 <./diagrams/CygwinInstall1.png> <./diagrams/CygwinInstall2.png>] [55 <./diagra
ms/CygwinInstall3.png> <./diagrams/CygwinInstall4.png> <./diagrams/CygwinInstal
l5.png>]
Overfull \hbox (0.82521pt too wide) in paragraph at lines 43--57
[][] 
 []


Underfull \vbox (badness 10000) has occurred while \output is active []

 [56 <./diagrams/CygwinInstall6.png> <./diagrams/CygwinInstall7.png>]
Overfull \hbox (50.42496pt too wide) in paragraph at lines 69--70
\OT1/cmr/m/n/10 to the end of the PATH vari-able. When you are do-ing this, you
 can also ap-pend \OT1/cmtt/m/n/10 ; C:\OMS/cmtt/m/n/10 n\OT1/cmtt/m/n/10 path\
OMS/cmtt/m/n/10 n\OT1/cmtt/m/n/10 to\OMS/cmtt/m/n/10 n\OT1/cmtt/m/n/10 matlab.e
xe
 []

[57]
Overfull \hbox (31.4782pt too wide) in paragraph at lines 132--133
[]\OT1/cmr/bx/n/10 LD[]LIBRARY[]PATH \OT1/cmr/m/n/10 and \OT1/cmr/bx/n/10 LI-BR
ARY[]PATH \OT1/cmr/m/n/10 should con-tain /us-r/lo-cal/lib (\OT1/cmr/bx/n/10 LI
BRARY[]PATH
 []


Overfull \hbox (15.3305pt too wide) in paragraph at lines 134--135
[]\OT1/cmr/m/n/10 If \OT1/cmr/bx/n/10 PATH \OT1/cmr/m/n/10 con-tains \OT1/cmtt/
m/n/10 c:/windows/system32 \OT1/cmr/m/n/10 (or \OT1/cmtt/m/n/10 /cygdrive/c/win
dows/system32\OT1/cmr/m/n/10 ; case-insensitive),
 []

[58] [59]) [60

]
<./diagrams/CayleyCubicBertiniRun.png, id=1358, 567.11874pt x 338.26375pt>
File: ./diagrams/CayleyCubicBertiniRun.png Graphic file (type png)

<use ./diagrams/CayleyCubicBertiniRun.png>
Package pdftex.def Info: ./diagrams/CayleyCubicBertiniRun.png used on input lin
e 127.
(pdftex.def)             Requested size: 234.1556pt x 139.66455pt.

<./diagrams/CayleyCubicBertiniRealRun.png, id=1359, 571.13374pt x 326.21875pt>
File: ./diagrams/CayleyCubicBertiniRealRun.png Graphic file (type png)

<use ./diagrams/CayleyCubicBertiniRealRun.png>
Package pdftex.def Info: ./diagrams/CayleyCubicBertiniRealRun.png used on input
 line 134.
(pdftex.def)             Requested size: 234.1556pt x 133.74556pt.

Underfull \vbox (badness 10000) has occurred while \output is active []

 [61

 <./diagrams/CayleyCubicBertiniRun.png>]
<./diagrams/CayleyCubic.png, id=1375, 642.4803pt x 642.4803pt>
File: ./diagrams/CayleyCubic.png Graphic file (type png)

<use ./diagrams/CayleyCubic.png>
Package pdftex.def Info: ./diagrams/CayleyCubic.png used on input line 141.
(pdftex.def)             Requested size: 234.1556pt x 234.15533pt.
) (./output_files.tex [62 <./diagrams/CayleyCubicBertiniRealRun.png> <./diagram
s/CayleyCubic.png (PNG copy)>] [63

]
Underfull \vbox (badness 10000) has occurred while \output is active []

 [64

]
Underfull \vbox (badness 2326) has occurred while \output is active []

 [65]
[66]
Underfull \vbox (badness 2368) has occurred while \output is active []

 [67

]
[68]
Underfull \vbox (badness 10000) has occurred while \output is active []

 [69

])
[70] (./bertini_real_manual.gls)
No file bertini_real_manual.acr.
(./bertini_real_manual.ind)
<./diagrams/octdong_6.png, id=1580, 499.8675pt x 770.88pt>
File: ./diagrams/octdong_6.png Graphic file (type png)

<use ./diagrams/octdong_6.png>
Package pdftex.def Info: ./diagrams/octdong_6.png used on input line 140.
(pdftex.def)             Requested size: 187.44984pt x 289.07999pt.

Underfull \vbox (badness 10000) has occurred while \output is active []

 [71

]
Package atveryend Info: Empty hook `BeforeClearDocument' on input line 144.

[72 <./diagrams/octdong_6.png (PNG copy)>]
Package atveryend Info: Empty hook `AfterLastShipout' on input line 144.
 (./bertini_real_manual.aux)
Package atveryend Info: Executing hook `AtVeryEndDocument' on input line 144.
Package atveryend Info: Executing hook `AtEndAfterFileList' on input line 144.
Package rerunfilecheck Info: File `bertini_real_manual.out' has not changed.
(rerunfilecheck)             Checksum: CBF1B29822A705F325F617E55BA1BB8F;7059.


LaTeX Font Warning: Some font shapes were not available, defaults substituted.

 ) 
Here is how much of TeX's memory you used:
 18728 strings out of 493014
 280416 string characters out of 6133351
 544692 words of memory out of 5000000
 21119 multiletter control sequences out of 15000+600000
 13004 words of font info for 51 fonts, out of 8000000 for 9000
 1141 hyphenation exceptions out of 8191
 53i,14n,99p,1976b,1464s stack positions out of 5000i,500n,10000p,200000b,80000s
</usr/local/texlive/2016/texmf-dist/fonts/type1/public/amsfonts/cm/cmbx10.pfb
></usr/local/texlive/2016/texmf-dist/fonts/type1/public/amsfonts/cm/cmbx12.pfb>
</usr/local/texlive/2016/texmf-dist/fonts/type1/public/amsfonts/cm/cmbx9.pfb></
usr/local/texlive/2016/texmf-dist/fonts/type1/public/amsfonts/cm/cmex10.pfb></u
sr/local/texlive/2016/texmf-dist/fonts/type1/public/amsfonts/cm/cmmi10.pfb></us
r/local/texlive/2016/texmf-dist/fonts/type1/public/amsfonts/cm/cmmi5.pfb></usr/
local/texlive/2016/texmf-dist/fonts/type1/public/amsfonts/cm/cmmi7.pfb></usr/lo
cal/texlive/2016/texmf-dist/fonts/type1/public/amsfonts/cm/cmmi9.pfb></usr/loca
l/texlive/2016/texmf-dist/fonts/type1/public/amsfonts/cm/cmr10.pfb></usr/local/
texlive/2016/texmf-dist/fonts/type1/public/amsfonts/cm/cmr12.pfb></usr/local/te
xlive/2016/texmf-dist/fonts/type1/public/amsfonts/cm/cmr6.pfb></usr/local/texli
ve/2016/texmf-dist/fonts/type1/public/amsfonts/cm/cmr7.pfb></usr/local/texlive/
2016/texmf-dist/fonts/type1/public/amsfonts/cm/cmr8.pfb></usr/local/texlive/201
6/texmf-dist/fonts/type1/public/amsfonts/cm/cmr9.pfb></usr/local/texlive/2016/t
exmf-dist/fonts/type1/public/amsfonts/cm/cmsy10.pfb></usr/local/texlive/2016/te
xmf-dist/fonts/type1/public/amsfonts/cm/cmsy9.pfb></usr/local/texlive/2016/texm
f-dist/fonts/type1/public/amsfonts/cm/cmti10.pfb></usr/local/texlive/2016/texmf
-dist/fonts/type1/public/amsfonts/cm/cmti9.pfb></usr/local/texlive/2016/texmf-d
ist/fonts/type1/public/amsfonts/cm/cmtt10.pfb></usr/local/texlive/2016/texmf-di
st/fonts/type1/public/amsfonts/cm/cmtt8.pfb></usr/local/texlive/2016/texmf-dist
/fonts/type1/public/amsfonts/cm/cmtt9.pfb></usr/local/texlive/2016/texmf-dist/f
onts/type1/public/amsfonts/symbols/msam10.pfb>
Output written on bertini_real_manual.pdf (77 pages, 8352478 bytes).
PDF statistics:
 1800 PDF objects out of 2073 (max. 8388607)
 1558 compressed objects within 16 object streams
 658 named destinations out of 1000 (max. 500000)
 1054 words of extra memory for PDF output out of 10000 (max. 10000000)

