============================================================
/usr/local/bin/.: Permission denied.
Machinetype:            Sun Sun Blade 2000 (1015 MHz);  Solaris 2.9
System status:            5:10pm  up 18 day(s), 11:26,  10 users,  load average: 1.92, 0.66, 0.32
Remote c89 version:     cc: Sun C 5.5 Patch 112760-01 2003/05/18
Remote cc version:      cc: Sun C 5.5 Patch 112760-01 2003/05/18
Remote CC version:      CC: Sun C++ 5.5 Patch 113817-01 2003/05/18
Remote lcc version:     lcc version 4.1.beta.9 [11-May-2001]
Package:                quadlog-gampsi
Archive:                /a/suncore0/export/home/0077/sy/beebe/build//quadlog-gampsi.tar.gz
Date:                   2004.03.19.17.09.55
Local user:             beebe
Local host:             psi.math.utah.edu
Local log directory:    /a/suncore0/export/home/0077/sy/beebe/build/logs/quadlog-gampsi
Local log file:         quadlog-gampsi.psi.math.utah.edu.2004.03.19.17.09.55.log
Remote user:            beebe
Remote host:            psi.math.utah.edu
Remote directory:       /local/build/f95
Remote date:            2004.03.19.17.10.11
Remote uname:           SunOS psi.math.utah.edu 5.9 Generic_112233-08 sun4u sparc SUNW,Sun-Blade-1000 Solaris
Remote gcc version:     gcc (GCC) 3.3
Remote g++ version:     g++ (GCC) 3.3
Remote gcc3 version:    gcc3: Command not found.
Remote g++3 version:    g++3: Command not found.
Configure environment:  CC=cc CFLAGS=-I/usr/local/include CXX=CC CXXFLAGS=-I/usr/local/include FC=f95 F77=f95 LDFLAGS="-R/usr/local/lib -L/usr/local/lib" 
Extra environment:      
Configure flags:        
Make all targets:       all all-qp
Make check targets:     check
Disk free report for /local/build/f95:
			Filesystem           1K-blocks      Used Available Use% Mounted on
			/dev/dsk/c0t1d0s0     68522650  23828562  44008862  36% /
Environment:
			DISPLAY=localhost:98.0
			DVIPSHEADERS=.:/usr/local/lib/tex/ps:/usr/local/lib/tex/fonts/ps:/usr/local/lib/tex/fonts/vf:/usr/local/lib/tex/fonts/old/vf:/usr/local/lib/tex/fonts/postscript/cmpsfont/pfb
			GROUP=staff
			GUIDEHOME=/opt/SUNWguide
			HELPPATH=/usr/openwin/lib/locale:/usr/openwin/lib/help:/usr/local/lib/help
			HOME=/u/sy/beebe
			HOST=psi.math.utah.edu
			HOSTALIAS=psi
			HOSTTYPE=sun4
			INDOMAIN=math.utah.edu
			INFO=/usr/local/plot79
			LD_LIBRARY_PATH=/usr/dt/lib:/usr/openwin/lib:/usr/local/lib:/usr/local/X11R5/lib:/usr/local/lib/X11
			LOGNAME=beebe
			MACHTYPE=sparc
			MAIL=/var/mail//beebe
			MANPATH=/usr/share/man:/usr/openwin/share/man:/opt/SUNWspro/FileMerge/man:/opt/SUNWspro/man:/opt/SUNWspro/swmgr/man:/usr/local/man:/usr/local/X11R5/man
			MFINPUTS=.:/usr/local/lib/mf/macros:/usr/local/lib/mf/cm:/usr/local/lib/mf
			MOTIFHOME=/usr/dt
			NCARG_ROOT=/usr/local/ncar
			OPENWINHOME=/usr/openwin
			OSTYPE=solaris
			PATH=/usr/local/bin:/usr/local/sbin:/bin:/usr/ccs/bin:/opt/SUNWspro/bin:/u/sy/beebe/bin/sun4:/usr/local/share/bin:/usr/local/bin/X11:/usr/local/mpi/bin:/usr/local/pbmplus:/usr/openwin/bin:/usr/dt/bin:/usr/local/plot79:/usr/local/X11R5/bin:/usr/ucb:/usr/sbin:/sbin:/usr/local/ashare/bmdp/bin:/usr/java/bin:/usr/local/java/bin:/usr/local/hotjava/bin:/usr/local/etc:/etc:.:/u/sy/beebe/tex/bib:/usr/local/gnat/bin:/usr/proc/bin:/usr/local/ora/bin
			PLT=/usr/local/plot79
			PVM_ROOT=/usr/local/pvm3
			PWD=/u/sy/beebe
			SHELL=/usr/local/bin/tcsh
			SHLVL=1
			SSH_CLIENT=128.110.198.32 49686 22
			SSH_CONNECTION=128.110.198.32 49686 128.110.198.32 22
			TERM=unknown
			TEXCONFIG=.:/usr/local/lib/tex/ps:/usr/local/lib/tex/fonts/vf:/usr/local/lib/tex/fonts/old/vf
			TEXFONTS=/usr/local/lib/tex/fonts/cm/600dpi:/usr/local/lib/tex/fonts/cm/tfms:/usr/local/lib/tex/ams/amspsfnt/tfms:/usr/local/lib/tex/ams/amspsfnt/pfb:/usr/local/lib/tex/ams/amsfonts/pk-files/600dpi:/usr/local/lib/tex/ams/amsfonts/pk-files/300dpi:/usr/local/lib/tex/fonts/pandora/600dpi:/usr/local/lib/tex/fonts/pandora/tfms:/usr/local/lib/tex/fonts/concrete/600dpi:/usr/local/lib/tex/fonts/concrete/tfms:/usr/local/lib/tex/fonts/greek:/usr/local/lib/tex/lamstex/mf:/usr/local/lib/tex/fonts/pk/tfms:/usr/local/lib/tex/fonts/pk/600dpi:/usr/local/lib/tex/fonts/pk/300dpi:/usr/local/lib/tex/fonts/ps:/usr/local/lib/tex/latex2e/fonts:/usr/local/lib/tex/fonts/vf:/usr/local/lib/tex/fonts/old/vf:/usr/local/lib/tex/musictex/pk/600dpi:/usr/local/lib/tex/musictex/pk/tfms:/usr/local/lib/tex/fonts/cmcyr/600dpi:/usr/local/lib/tex/fonts/ec/600dpi:/usr/local/lib/tex/fonts/ec/tfms:/usr/local/lib/tex/fonts/ecc/600dpi:/usr/local/lib/tex/fonts/ecc/tfms:/usr/local/lib/tex/fonts/ams
			TEXINPUTS=.:/usr/local/lib/tex/inputs:/usr/local/lib/tex/fonts/ps:/usr/local/lib/tex/latex:/usr/local/lib/tex/ams/amstex:/usr/local/lib/tex/ams/amstex/doc:/usr/local/lib/tex/ams/amslatex/inputs:/usr/local/lib/tex/bibtex:/usr/local/lib/tex/fonts/ap/300dpi:/usr/local/lib/tex/tugboat:/usr/local/lib/tex/lamstex/inputs:/usr/local/lib/tex/siam:/usr/local/lib/tex/ps:/usr/local/lib/tex/fonts/pandora
			TEXPKS=/usr/local/lib/tex/fonts/cm/600dpi:/usr/local/lib/tex/fonts/cm/tfms:/usr/local/lib/tex/ams/amspsfnt/tfms:/usr/local/lib/tex/ams/amspsfnt/pfb:/usr/local/lib/tex/ams/amsfonts/pk-files/600dpi:/usr/local/lib/tex/ams/amsfonts/pk-files/300dpi:/usr/local/lib/tex/fonts/pandora/600dpi:/usr/local/lib/tex/fonts/pandora/tfms:/usr/local/lib/tex/fonts/concrete/600dpi:/usr/local/lib/tex/fonts/concrete/tfms:/usr/local/lib/tex/fonts/greek:/usr/local/lib/tex/lamstex/mf:/usr/local/lib/tex/fonts/pk/tfms:/usr/local/lib/tex/fonts/pk/600dpi:/usr/local/lib/tex/fonts/pk/300dpi:/usr/local/lib/tex/fonts/ps:/usr/local/lib/tex/latex2e/fonts:/usr/local/lib/tex/fonts/vf:/usr/local/lib/tex/fonts/old/vf:/usr/local/lib/tex/musictex/pk/600dpi:/usr/local/lib/tex/musictex/pk/tfms:/usr/local/lib/tex/fonts/cmcyr/600dpi:/usr/local/lib/tex/fonts/ec/600dpi:/usr/local/lib/tex/fonts/ec/tfms:/usr/local/lib/tex/fonts/ecc/600dpi:/usr/local/lib/tex/fonts/ecc/tfms:/usr/local/lib/tex/fonts/ams
			TZ=US/Mountain
			USER=beebe
			VENDOR=sun
			VFFONTS=.:/usr/local/lib/tex/latex2e/fonts:/usr/local/lib/tex/fonts/vf:/usr/local/lib/tex/fonts/old/vf:/usr/local/lib/tex/fonts/fontinst/contrib/helminck:/usr/local/lib/tex/fonts/malvern/vf:/usr/local/lib/tex/fonts/mathtime
			YPDOMAIN=YP.math.utah.edu
============================================================
configure: creating ./config.status
config.status: creating Makefile
configure: configuring in common
configure: running /bin/sh './configure'  --cache-file=/dev/null --srcdir=.
checking for gcc... cc
checking for C compiler default output file name... a.out
checking whether the C compiler works... yes
checking whether we are cross compiling... no
checking for suffix of executables... 
checking for suffix of object files... o
checking whether we are using the GNU C compiler... no
checking whether cc accepts -g... yes
checking for cc option to accept ANSI C... none needed
checking whether we are using the GNU Fortran 77 compiler... no
checking whether f95 accepts -g... yes
checking for autoconf... autoconf
configure: creating ./config.status
config.status: creating Makefile
configure: configuring in gampsi
configure: running /bin/sh './configure'  --cache-file=/dev/null --srcdir=.
checking for gcc... cc
checking for C compiler default output file name... a.out
checking whether the C compiler works... yes
checking whether we are cross compiling... no
checking for suffix of executables... 
checking for suffix of object files... o
checking whether we are using the GNU C compiler... no
checking whether cc accepts -g... yes
checking for cc option to accept ANSI C... none needed
checking whether we are using the GNU Fortran 77 compiler... no
checking whether f95 accepts -g... yes
checking for autoconf... autoconf
checking for gzip... gzip
checking for tar... tar
configure: creating ./config.status
config.status: creating Makefile
configure: configuring in jacobi
configure: running /bin/sh './configure'  --cache-file=/dev/null --srcdir=.
checking for gcc... cc
checking for C compiler default output file name... a.out
checking whether the C compiler works... yes
checking whether we are cross compiling... no
checking for suffix of executables... 
checking for suffix of object files... o
checking whether we are using the GNU C compiler... no
checking whether cc accepts -g... yes
checking for cc option to accept ANSI C... none needed
checking whether we are using the GNU Fortran 77 compiler... no
checking whether f95 accepts -g... yes
checking for autoconf... autoconf
configure: creating ./config.status
config.status: creating Makefile
configure: configuring in laguerre
configure: running /bin/sh './configure'  --cache-file=/dev/null --srcdir=.
checking for gcc... cc
checking for C compiler default output file name... a.out
checking whether the C compiler works... yes
checking whether we are cross compiling... no
checking for suffix of executables... 
checking for suffix of object files... o
checking whether we are using the GNU C compiler... no
checking whether cc accepts -g... yes
checking for cc option to accept ANSI C... none needed
checking whether we are using the GNU Fortran 77 compiler... no
checking whether f95 accepts -g... yes
checking for autoconf... autoconf
checking if -lm needed for math functions... yes
checking if -lsunmath needed for aint()... yes
configure: creating ./config.status
config.status: creating Makefile
configure: configuring in man
configure: running /bin/sh './configure'  --cache-file=/dev/null --srcdir=.
checking for autoconf... autoconf
checking for deroff... deroff
checking for ps2pdf... ps2pdf
checking for man2html... man2html
configure: creating ./config.status
config.status: creating Makefile
(cd common && make  prefix=/usr/local FWARN="" FOPT="-O" all )
f95 -g -O   -ftrap=%none  -c -o d2norm.o d2norm.f
5.28user 17.49system 3:50.43elapsed 9%CPU (0avgtext+0avgdata 0maxresident)k
0inputs+0outputs (0major+0minor)pagefaults 0swaps
WARNING: Serial Number Notice: The Early Access serial number will expire in 3 days.
In order to purchase the product, visit http://www.sun.com/forte/buy.html
or contact your Forte Tools reseller.

f90comp: 29 SOURCE LINES
f90comp: 0 ERRORS, 1 WARNINGS, 0 OTHER MESSAGES, 0 ANSI
f95 -g -O   -ftrap=%none  -c -o dcopy.o dcopy.f
WARNING: Serial Number Notice: The Early Access serial number will expire in 3 days.
In order to purchase the product, visit http://www.sun.com/forte/buy.html
or contact your Forte Tools reseller.

f90comp: 71 SOURCE LINES
f90comp: 0 ERRORS, 1 WARNINGS, 0 OTHER MESSAGES, 0 ANSI
f95 -g -O   -ftrap=%none  -c -o deps.o deps.f
WARNING: Serial Number Notice: The Early Access serial number will expire in 3 days.
In order to purchase the product, visit http://www.sun.com/forte/buy.html
or contact your Forte Tools reseller.

f90comp: 36 SOURCE LINES
f90comp: 0 ERRORS, 1 WARNINGS, 0 OTHER MESSAGES, 0 ANSI
f95 -g -O   -ftrap=%none  -c -o derbit.o derbit.f
WARNING: Serial Number Notice: The Early Access serial number will expire in 3 days.
In order to purchase the product, visit http://www.sun.com/forte/buy.html
or contact your Forte Tools reseller.

f90comp: 30 SOURCE LINES
f90comp: 0 ERRORS, 1 WARNINGS, 0 OTHER MESSAGES, 0 ANSI
f95 -g -O   -ftrap=%none  -c -o dfloat.o dfloat.f
WARNING: Serial Number Notice: The Early Access serial number will expire in 3 days.
In order to purchase the product, visit http://www.sun.com/forte/buy.html
or contact your Forte Tools reseller.

f90comp: 15 SOURCE LINES
f90comp: 0 ERRORS, 1 WARNINGS, 0 OTHER MESSAGES, 0 ANSI
f95 -g -O   -ftrap=%none  -c -o dfpmax.o dfpmax.f
WARNING: Serial Number Notice: The Early Access serial number will expire in 3 days.
In order to purchase the product, visit http://www.sun.com/forte/buy.html
or contact your Forte Tools reseller.

f90comp: 73 SOURCE LINES
f90comp: 0 ERRORS, 1 WARNINGS, 0 OTHER MESSAGES, 0 ANSI
f95 -g -O   -ftrap=%none  -c -o dgamma.o dgamma.f
WARNING: Serial Number Notice: The Early Access serial number will expire in 3 days.
In order to purchase the product, visit http://www.sun.com/forte/buy.html
or contact your Forte Tools reseller.

f90comp: 468 SOURCE LINES
f90comp: 0 ERRORS, 1 WARNINGS, 0 OTHER MESSAGES, 0 ANSI
f95 -g -O   -ftrap=%none  -c -o dinf.o dinf.f
WARNING: Serial Number Notice: The Early Access serial number will expire in 3 days.
In order to purchase the product, visit http://www.sun.com/forte/buy.html
or contact your Forte Tools reseller.

f90comp: 42 SOURCE LINES
f90comp: 0 ERRORS, 1 WARNINGS, 0 OTHER MESSAGES, 0 ANSI
f95 -g -O   -ftrap=%none  -c -o diran.o diran.f
WARNING: Serial Number Notice: The Early Access serial number will expire in 3 days.
In order to purchase the product, visit http://www.sun.com/forte/buy.html
or contact your Forte Tools reseller.

f90comp: 49 SOURCE LINES
f90comp: 0 ERRORS, 1 WARNINGS, 0 OTHER MESSAGES, 0 ANSI
f95 -g -O   -ftrap=%none  -c -o dlgam.o dlgam.f
WARNING: Serial Number Notice: The Early Access serial number will expire in 3 days.
In order to purchase the product, visit http://www.sun.com/forte/buy.html
or contact your Forte Tools reseller.

f90comp: 170 SOURCE LINES
f90comp: 0 ERRORS, 1 WARNINGS, 0 OTHER MESSAGES, 0 ANSI
f95 -g -O   -ftrap=%none  -c -o dlog2.o dlog2.f
WARNING: Serial Number Notice: The Early Access serial number will expire in 3 days.
In order to purchase the product, visit http://www.sun.com/forte/buy.html
or contact your Forte Tools reseller.

f90comp: 58 SOURCE LINES
f90comp: 0 ERRORS, 1 WARNINGS, 0 OTHER MESSAGES, 0 ANSI
f95 -g -O   -ftrap=%none  -c -o dnan.o dnan.f
WARNING: Serial Number Notice: The Early Access serial number will expire in 3 days.
In order to purchase the product, visit http://www.sun.com/forte/buy.html
or contact your Forte Tools reseller.

f90comp: 26 SOURCE LINES
f90comp: 0 ERRORS, 1 WARNINGS, 0 OTHER MESSAGES, 0 ANSI
f95 -g -O   -ftrap=%none  -c -o dpsi.o dpsi.f
WARNING: Serial Number Notice: The Early Access serial number will expire in 3 days.
In order to purchase the product, visit http://www.sun.com/forte/buy.html
or contact your Forte Tools reseller.

f90comp: 441 SOURCE LINES
f90comp: 0 ERRORS, 1 WARNINGS, 0 OTHER MESSAGES, 0 ANSI
f95 -g -O   -ftrap=%none  -c -o dpsiln.o dpsiln.f
WARNING: Serial Number Notice: The Early Access serial number will expire in 3 days.
In order to purchase the product, visit http://www.sun.com/forte/buy.html
or contact your Forte Tools reseller.

f90comp: 203 SOURCE LINES
f90comp: 0 ERRORS, 1 WARNINGS, 0 OTHER MESSAGES, 0 ANSI
f95 -g -O   -ftrap=%none  -c -o dran.o dran.f
WARNING: Serial Number Notice: The Early Access serial number will expire in 3 days.
In order to purchase the product, visit http://www.sun.com/forte/buy.html
or contact your Forte Tools reseller.

f90comp: 90 SOURCE LINES
f90comp: 0 ERRORS, 1 WARNINGS, 0 OTHER MESSAGES, 0 ANSI
f95 -g -O   -ftrap=%none  -c -o dstore.o dstore.f
WARNING: Serial Number Notice: The Early Access serial number will expire in 3 days.
In order to purchase the product, visit http://www.sun.com/forte/buy.html
or contact your Forte Tools reseller.

f90comp: 16 SOURCE LINES
f90comp: 0 ERRORS, 1 WARNINGS, 0 OTHER MESSAGES, 0 ANSI
f95 -g -O   -ftrap=%none  -c -o dstorf.o dstorf.f
WARNING: Serial Number Notice: The Early Access serial number will expire in 3 days.
In order to purchase the product, visit http://www.sun.com/forte/buy.html
or contact your Forte Tools reseller.

f90comp: 19 SOURCE LINES
f90comp: 0 ERRORS, 1 WARNINGS, 0 OTHER MESSAGES, 0 ANSI
f95 -g -O   -ftrap=%none  -c -o dvsum.o dvsum.f
WARNING: Serial Number Notice: The Early Access serial number will expire in 3 days.
In order to purchase the product, visit http://www.sun.com/forte/buy.html
or contact your Forte Tools reseller.

f90comp: 35 SOURCE LINES
f90comp: 0 ERRORS, 1 WARNINGS, 0 OTHER MESSAGES, 0 ANSI
f95 -g -O   -ftrap=%none  -c -o ffalse.o ffalse.f
WARNING: Serial Number Notice: The Early Access serial number will expire in 3 days.
In order to purchase the product, visit http://www.sun.com/forte/buy.html
or contact your Forte Tools reseller.

f90comp: 12 SOURCE LINES
f90comp: 0 ERRORS, 1 WARNINGS, 0 OTHER MESSAGES, 0 ANSI
f95 -g -O   -ftrap=%none  -c -o ftrue.o ftrue.f
WARNING: Serial Number Notice: The Early Access serial number will expire in 3 days.
In order to purchase the product, visit http://www.sun.com/forte/buy.html
or contact your Forte Tools reseller.

f90comp: 12 SOURCE LINES
f90comp: 0 ERRORS, 1 WARNINGS, 0 OTHER MESSAGES, 0 ANSI
f95 -g -O   -ftrap=%none  -c -o getnan.o getnan.f
WARNING: Serial Number Notice: The Early Access serial number will expire in 3 days.
In order to purchase the product, visit http://www.sun.com/forte/buy.html
or contact your Forte Tools reseller.

f90comp: 81 SOURCE LINES
f90comp: 0 ERRORS, 1 WARNINGS, 0 OTHER MESSAGES, 0 ANSI
f95 -g -O   -ftrap=%none  -c -o idceil.o idceil.f
WARNING: Serial Number Notice: The Early Access serial number will expire in 3 days.
In order to purchase the product, visit http://www.sun.com/forte/buy.html
or contact your Forte Tools reseller.

f90comp: 20 SOURCE LINES
f90comp: 0 ERRORS, 1 WARNINGS, 0 OTHER MESSAGES, 0 ANSI
f95 -g -O   -ftrap=%none  -c -o isdinf.o isdinf.f
WARNING: Serial Number Notice: The Early Access serial number will expire in 3 days.
In order to purchase the product, visit http://www.sun.com/forte/buy.html
or contact your Forte Tools reseller.

f90comp: 19 SOURCE LINES
f90comp: 0 ERRORS, 1 WARNINGS, 0 OTHER MESSAGES, 0 ANSI
f95 -g -O   -ftrap=%none  -c -o isdnan.o isdnan.f
WARNING: Serial Number Notice: The Early Access serial number will expire in 3 days.
In order to purchase the product, visit http://www.sun.com/forte/buy.html
or contact your Forte Tools reseller.

f90comp: 59 SOURCE LINES
f90comp: 0 ERRORS, 1 WARNINGS, 0 OTHER MESSAGES, 0 ANSI
f95 -g -O   -ftrap=%none  -c -o pythag.o pythag.f
WARNING: Serial Number Notice: The Early Access serial number will expire in 3 days.
In order to purchase the product, visit http://www.sun.com/forte/buy.html
or contact your Forte Tools reseller.

f90comp: 57 SOURCE LINES
f90comp: 0 ERRORS, 1 WARNINGS, 0 OTHER MESSAGES, 0 ANSI
f95 -g -O   -ftrap=%none  -c -o tql1.o tql1.f
WARNING: Serial Number Notice: The Early Access serial number will expire in 3 days.
In order to purchase the product, visit http://www.sun.com/forte/buy.html
or contact your Forte Tools reseller.

f90comp: 183 SOURCE LINES
f90comp: 0 ERRORS, 1 WARNINGS, 0 OTHER MESSAGES, 0 ANSI
ar -r ../libgjl.a d2norm.o dcopy.o deps.o derbit.o dfloat.o dfpmax.o dgamma.o dinf.o diran.o dlgam.o dlog2.o dnan.o dpsi.o dpsiln.o dran.o dstore.o dstorf.o dvsum.o ffalse.o ftrue.o getnan.o idceil.o isdinf.o isdnan.o pythag.o tql1.o
ranlib ../libgjl.a || true
f95 -g -O   -ftrap=%none  -c -o aeps.o aeps.f
WARNING: Serial Number Notice: The Early Access serial number will expire in 3 days.
In order to purchase the product, visit http://www.sun.com/forte/buy.html
or contact your Forte Tools reseller.

f90comp: 36 SOURCE LINES
f90comp: 0 ERRORS, 1 WARNINGS, 0 OTHER MESSAGES, 0 ANSI
f95 -g -O   -ftrap=%none  -c -o afpmax.o afpmax.f
WARNING: Serial Number Notice: The Early Access serial number will expire in 3 days.
In order to purchase the product, visit http://www.sun.com/forte/buy.html
or contact your Forte Tools reseller.

f90comp: 73 SOURCE LINES
f90comp: 0 ERRORS, 1 WARNINGS, 0 OTHER MESSAGES, 0 ANSI
f95 -g -O   -ftrap=%none  -c -o ainf.o ainf.f
WARNING: Serial Number Notice: The Early Access serial number will expire in 3 days.
In order to purchase the product, visit http://www.sun.com/forte/buy.html
or contact your Forte Tools reseller.

f90comp: 39 SOURCE LINES
f90comp: 0 ERRORS, 1 WARNINGS, 0 OTHER MESSAGES, 0 ANSI
f95 -g -O   -ftrap=%none  -c -o airan.o airan.f
WARNING: Serial Number Notice: The Early Access serial number will expire in 3 days.
In order to purchase the product, visit http://www.sun.com/forte/buy.html
or contact your Forte Tools reseller.

f90comp: 49 SOURCE LINES
f90comp: 0 ERRORS, 1 WARNINGS, 0 OTHER MESSAGES, 0 ANSI
f95 -g -O   -ftrap=%none  -c -o algam.o algam.f
WARNING: Serial Number Notice: The Early Access serial number will expire in 3 days.
In order to purchase the product, visit http://www.sun.com/forte/buy.html
or contact your Forte Tools reseller.

f90comp: 168 SOURCE LINES
f90comp: 0 ERRORS, 1 WARNINGS, 0 OTHER MESSAGES, 0 ANSI
f95 -g -O   -ftrap=%none  -c -o alog2.o alog2.f
WARNING: Serial Number Notice: The Early Access serial number will expire in 3 days.
In order to purchase the product, visit http://www.sun.com/forte/buy.html
or contact your Forte Tools reseller.

f90comp: 59 SOURCE LINES
f90comp: 0 ERRORS, 1 WARNINGS, 0 OTHER MESSAGES, 0 ANSI
f95 -g -O   -ftrap=%none  -c -o anan.o anan.f
WARNING: Serial Number Notice: The Early Access serial number will expire in 3 days.
In order to purchase the product, visit http://www.sun.com/forte/buy.html
or contact your Forte Tools reseller.

f90comp: 26 SOURCE LINES
f90comp: 0 ERRORS, 1 WARNINGS, 0 OTHER MESSAGES, 0 ANSI
f95 -g -O   -ftrap=%none  -c -o astore.o astore.f
WARNING: Serial Number Notice: The Early Access serial number will expire in 3 days.
In order to purchase the product, visit http://www.sun.com/forte/buy.html
or contact your Forte Tools reseller.

f90comp: 16 SOURCE LINES
f90comp: 0 ERRORS, 1 WARNINGS, 0 OTHER MESSAGES, 0 ANSI
f95 -g -O   -ftrap=%none  -c -o astorf.o astorf.f
WARNING: Serial Number Notice: The Early Access serial number will expire in 3 days.
In order to purchase the product, visit http://www.sun.com/forte/buy.html
or contact your Forte Tools reseller.

f90comp: 19 SOURCE LINES
f90comp: 0 ERRORS, 1 WARNINGS, 0 OTHER MESSAGES, 0 ANSI
f95 -g -O   -ftrap=%none  -c -o avsum.o avsum.f
WARNING: Serial Number Notice: The Early Access serial number will expire in 3 days.
In order to purchase the product, visit http://www.sun.com/forte/buy.html
or contact your Forte Tools reseller.

f90comp: 29 SOURCE LINES
f90comp: 0 ERRORS, 1 WARNINGS, 0 OTHER MESSAGES, 0 ANSI
f95 -g -O   -ftrap=%none  -c -o gamma.o gamma.f
WARNING: Serial Number Notice: The Early Access serial number will expire in 3 days.
In order to purchase the product, visit http://www.sun.com/forte/buy.html
or contact your Forte Tools reseller.

f90comp: 709 SOURCE LINES
f90comp: 0 ERRORS, 1 WARNINGS, 0 OTHER MESSAGES, 0 ANSI
f95 -g -O   -ftrap=%none  -c -o iceil.o iceil.f
WARNING: Serial Number Notice: The Early Access serial number will expire in 3 days.
In order to purchase the product, visit http://www.sun.com/forte/buy.html
or contact your Forte Tools reseller.

f90comp: 20 SOURCE LINES
f90comp: 0 ERRORS, 1 WARNINGS, 0 OTHER MESSAGES, 0 ANSI
f95 -g -O   -ftrap=%none  -c -o isainf.o isainf.f
WARNING: Serial Number Notice: The Early Access serial number will expire in 3 days.
In order to purchase the product, visit http://www.sun.com/forte/buy.html
or contact your Forte Tools reseller.

f90comp: 19 SOURCE LINES
f90comp: 0 ERRORS, 1 WARNINGS, 0 OTHER MESSAGES, 0 ANSI
f95 -g -O   -ftrap=%none  -c -o isanan.o isanan.f
WARNING: Serial Number Notice: The Early Access serial number will expire in 3 days.
In order to purchase the product, visit http://www.sun.com/forte/buy.html
or contact your Forte Tools reseller.

f90comp: 36 SOURCE LINES
f90comp: 0 ERRORS, 1 WARNINGS, 0 OTHER MESSAGES, 0 ANSI
f95 -g -O   -ftrap=%none  -c -o psi.o psi.f
WARNING: Serial Number Notice: The Early Access serial number will expire in 3 days.
In order to purchase the product, visit http://www.sun.com/forte/buy.html
or contact your Forte Tools reseller.

f90comp: 593 SOURCE LINES
f90comp: 0 ERRORS, 1 WARNINGS, 0 OTHER MESSAGES, 0 ANSI
f95 -g -O   -ftrap=%none  -c -o psiln.o psiln.f
WARNING: Serial Number Notice: The Early Access serial number will expire in 3 days.
In order to purchase the product, visit http://www.sun.com/forte/buy.html
or contact your Forte Tools reseller.

f90comp: 207 SOURCE LINES
f90comp: 0 ERRORS, 1 WARNINGS, 0 OTHER MESSAGES, 0 ANSI
f95 -g -O   -ftrap=%none  -c -o ran.o ran.f
WARNING: Serial Number Notice: The Early Access serial number will expire in 3 days.
In order to purchase the product, visit http://www.sun.com/forte/buy.html
or contact your Forte Tools reseller.

f90comp: 75 SOURCE LINES
f90comp: 0 ERRORS, 1 WARNINGS, 0 OTHER MESSAGES, 0 ANSI
ar -r ../libgjl.a aeps.o afpmax.o ainf.o airan.o algam.o alog2.o anan.o astore.o astorf.o avsum.o gamma.o iceil.o isainf.o isanan.o psi.o psiln.o ran.o
ranlib ../libgjl.a || true
for subdir in man gampsi jacobi laguerre common ; do echo ============================== Making all in $subdir ; ( cd $subdir && make  prefix=/usr/local FWARN="" FOPT="-O" all ) ; done
============================== Making all in man
============================== Making all in gampsi
(cd ../common; make lib-dp)
ar -r ../libgjl.a d2norm.o dcopy.o deps.o derbit.o dfloat.o dfpmax.o dgamma.o dinf.o diran.o dlgam.o dlog2.o dnan.o dpsi.o dpsiln.o dran.o dstore.o dstorf.o dvsum.o ffalse.o ftrue.o getnan.o idceil.o isdinf.o isdnan.o pythag.o tql1.o
ranlib ../libgjl.a || true
f95 -g -O -I../common  -ftrap=%none -c -o tdgen.o tdgen.f
WARNING: Serial Number Notice: The Early Access serial number will expire in 3 days.
In order to purchase the product, visit http://www.sun.com/forte/buy.html
or contact your Forte Tools reseller.

f90comp: 161 SOURCE LINES
f90comp: 0 ERRORS, 1 WARNINGS, 0 OTHER MESSAGES, 0 ANSI
f95 -g -O -I../common  -ftrap=%none -c -o funhdr.o funhdr.f
WARNING: Serial Number Notice: The Early Access serial number will expire in 3 days.
In order to purchase the product, visit http://www.sun.com/forte/buy.html
or contact your Forte Tools reseller.

f90comp: 72 SOURCE LINES
f90comp: 0 ERRORS, 1 WARNINGS, 0 OTHER MESSAGES, 0 ANSI
f95 -g -O -I../common  -ftrap=%none -c -o dgen.o dgen.f
WARNING: Serial Number Notice: The Early Access serial number will expire in 3 days.
In order to purchase the product, visit http://www.sun.com/forte/buy.html
or contact your Forte Tools reseller.

f90comp: 87 SOURCE LINES
f90comp: 0 ERRORS, 1 WARNINGS, 0 OTHER MESSAGES, 0 ANSI
f95 -g -O -I../common  -ftrap=%none -o tdgen tdgen.o funhdr.o dgen.o ../common/dfloat.o ../common/dinf.o ../common/diran.o ../common/dnan.o ../common/dran.o ../common/dstorf.o ../common/idceil.o ../common/isdnan.o ../common/dgamma.o ../common/dlgam.o ../common/dpsi.o ../common/dpsiln.o 
(cd ../common; make lib-sp)
ar -r ../libgjl.a aeps.o afpmax.o ainf.o airan.o algam.o alog2.o anan.o astore.o astorf.o avsum.o gamma.o iceil.o isainf.o isanan.o psi.o psiln.o ran.o
ranlib ../libgjl.a || true
f95 -g -O -I../common  -ftrap=%none -c -o tagen.o tagen.f
WARNING: Serial Number Notice: The Early Access serial number will expire in 3 days.
In order to purchase the product, visit http://www.sun.com/forte/buy.html
or contact your Forte Tools reseller.

f90comp: 161 SOURCE LINES
f90comp: 0 ERRORS, 1 WARNINGS, 0 OTHER MESSAGES, 0 ANSI
f95 -g -O -I../common  -ftrap=%none -c -o agen.o agen.f
WARNING: Serial Number Notice: The Early Access serial number will expire in 3 days.
In order to purchase the product, visit http://www.sun.com/forte/buy.html
or contact your Forte Tools reseller.

f90comp: 87 SOURCE LINES
f90comp: 0 ERRORS, 1 WARNINGS, 0 OTHER MESSAGES, 0 ANSI
f95 -g -O -I../common  -ftrap=%none -o tagen tagen.o funhdr.o agen.o ../common/ainf.o ../common/airan.o ../common/anan.o ../common/astorf.o ../common/iceil.o ../common/isanan.o ../common/ran.o ../common/algam.o ../common/dfloat.o ../common/gamma.o ../common/idceil.o ../common/psi.o ../common/psiln.o 
============================== Making all in jacobi
f95 -g -O -I../common  -ftrap=%none -c -o gjqf.o gjqf.f
WARNING: Serial Number Notice: The Early Access serial number will expire in 3 days.
In order to purchase the product, visit http://www.sun.com/forte/buy.html
or contact your Forte Tools reseller.

f90comp: 234 SOURCE LINES
f90comp: 0 ERRORS, 1 WARNINGS, 0 OTHER MESSAGES, 0 ANSI
f95 -g -O -I../common  -ftrap=%none -c -o gjqfd.o gjqfd.f
WARNING: Serial Number Notice: The Early Access serial number will expire in 3 days.
In order to purchase the product, visit http://www.sun.com/forte/buy.html
or contact your Forte Tools reseller.

f90comp: 298 SOURCE LINES
f90comp: 0 ERRORS, 1 WARNINGS, 0 OTHER MESSAGES, 0 ANSI
f95 -g -O -I../common  -ftrap=%none -c -o gjqli.o gjqli.f
WARNING: Serial Number Notice: The Early Access serial number will expire in 3 days.
In order to purchase the product, visit http://www.sun.com/forte/buy.html
or contact your Forte Tools reseller.

f90comp: 118 SOURCE LINES
f90comp: 0 ERRORS, 1 WARNINGS, 0 OTHER MESSAGES, 0 ANSI
f95 -g -O -I../common  -ftrap=%none -c -o gjqrc.o gjqrc.f
WARNING: Serial Number Notice: The Early Access serial number will expire in 3 days.
In order to purchase the product, visit http://www.sun.com/forte/buy.html
or contact your Forte Tools reseller.

f90comp: 230 SOURCE LINES
f90comp: 0 ERRORS, 1 WARNINGS, 0 OTHER MESSAGES, 0 ANSI
(cd ../common; make lib-dp)
ar -r ../libgjl.a d2norm.o dcopy.o deps.o derbit.o dfloat.o dfpmax.o dgamma.o dinf.o diran.o dlgam.o dlog2.o dnan.o dpsi.o dpsiln.o dran.o dstore.o dstorf.o dvsum.o ffalse.o ftrue.o getnan.o idceil.o isdinf.o isdnan.o pythag.o tql1.o
ranlib ../libgjl.a || true
ar -r ../libgjl.a gjqf.o gjqfd.o gjqli.o gjqrc.o
ranlib ../libgjl.a || true
f95 -g -O -I../common  -ftrap=%none -c -o tgjf1.o tgjf1.f
WARNING: Serial Number Notice: The Early Access serial number will expire in 3 days.
In order to purchase the product, visit http://www.sun.com/forte/buy.html
or contact your Forte Tools reseller.

f90comp: 270 SOURCE LINES
f90comp: 0 ERRORS, 1 WARNINGS, 0 OTHER MESSAGES, 0 ANSI
f95 -g -O -I../common  -ftrap=%none -c -o ../common/prthdr.o ../common/prthdr.f
WARNING: Serial Number Notice: The Early Access serial number will expire in 3 days.
In order to purchase the product, visit http://www.sun.com/forte/buy.html
or contact your Forte Tools reseller.

f90comp: 38 SOURCE LINES
f90comp: 0 ERRORS, 1 WARNINGS, 0 OTHER MESSAGES, 0 ANSI
f95 -g -O -I../common  -ftrap=%none -c -o ../common/trapit.o ../common/trapit.f
WARNING: Serial Number Notice: The Early Access serial number will expire in 3 days.
In order to purchase the product, visit http://www.sun.com/forte/buy.html
or contact your Forte Tools reseller.

f90comp: 9 SOURCE LINES
f90comp: 0 ERRORS, 1 WARNINGS, 0 OTHER MESSAGES, 0 ANSI
f95 -g -O -I../common  -ftrap=%none -o tgjf1 tgjf1.o gjqf.o gjqli.o gjqrc.o gjqfd.o ../common/d2norm.o ../common/dcopy.o ../common/deps.o ../common/derbit.o ../common/dfloat.o ../common/dgamma.o ../common/dinf.o ../common/dlog2.o ../common/dnan.o ../common/dpsi.o ../common/dstore.o ../common/dstorf.o ../common/dvsum.o ../common/isdnan.o ../common/prthdr.o ../common/pythag.o ../common/tql1.o ../common/trapit.o ../libgjl.a
f95 -g -O -I../common  -ftrap=%none -c -o tgjf2.o tgjf2.f
WARNING: Serial Number Notice: The Early Access serial number will expire in 3 days.
In order to purchase the product, visit http://www.sun.com/forte/buy.html
or contact your Forte Tools reseller.

f90comp: 271 SOURCE LINES
f90comp: 0 ERRORS, 1 WARNINGS, 0 OTHER MESSAGES, 0 ANSI
f95 -g -O -I../common  -ftrap=%none -o tgjf2 tgjf2.o gjqf.o gjqli.o gjqrc.o gjqfd.o ../common/d2norm.o ../common/dcopy.o ../common/deps.o ../common/derbit.o ../common/dfloat.o ../common/dgamma.o ../common/dinf.o ../common/dlog2.o ../common/dnan.o ../common/dpsi.o ../common/dstore.o ../common/dstorf.o ../common/dvsum.o ../common/isdnan.o ../common/prthdr.o ../common/pythag.o ../common/tql1.o ../common/trapit.o ../libgjl.a
f95 -g -O -I../common  -ftrap=%none -c -o tgjfd1.o tgjfd1.f
WARNING: Serial Number Notice: The Early Access serial number will expire in 3 days.
In order to purchase the product, visit http://www.sun.com/forte/buy.html
or contact your Forte Tools reseller.

f90comp: 285 SOURCE LINES
f90comp: 0 ERRORS, 1 WARNINGS, 0 OTHER MESSAGES, 0 ANSI
f95 -g -O -I../common  -ftrap=%none -o tgjfd1 tgjfd1.o gjqfd.o ../common/d2norm.o ../common/dcopy.o ../common/deps.o ../common/derbit.o ../common/dfloat.o ../common/dgamma.o ../common/dinf.o ../common/dlog2.o ../common/dnan.o ../common/dpsi.o ../common/dstore.o ../common/dstorf.o ../common/dvsum.o ../common/isdnan.o ../common/prthdr.o ../common/pythag.o ../common/tql1.o ../common/trapit.o ../libgjl.a
f95 -g -O -I../common  -ftrap=%none -c -o tgjfd2.o tgjfd2.f
WARNING: Serial Number Notice: The Early Access serial number will expire in 3 days.
In order to purchase the product, visit http://www.sun.com/forte/buy.html
or contact your Forte Tools reseller.

f90comp: 272 SOURCE LINES
f90comp: 0 ERRORS, 1 WARNINGS, 0 OTHER MESSAGES, 0 ANSI
f95 -g -O -I../common  -ftrap=%none -o tgjfd2 tgjfd2.o gjqfd.o ../common/d2norm.o ../common/dcopy.o ../common/deps.o ../common/derbit.o ../common/dfloat.o ../common/dgamma.o ../common/dinf.o ../common/dlog2.o ../common/dnan.o ../common/dpsi.o ../common/dstore.o ../common/dstorf.o ../common/dvsum.o ../common/isdnan.o ../common/prthdr.o ../common/pythag.o ../common/tql1.o ../common/trapit.o ../libgjl.a
============================== Making all in laguerre
f95 -g -O -I../common  -ftrap=%none -c -o glqf.o glqf.f
WARNING: Serial Number Notice: The Early Access serial number will expire in 3 days.
In order to purchase the product, visit http://www.sun.com/forte/buy.html
or contact your Forte Tools reseller.

f90comp: 239 SOURCE LINES
f90comp: 0 ERRORS, 1 WARNINGS, 0 OTHER MESSAGES, 0 ANSI
f95 -g -O -I../common  -ftrap=%none -c -o glqfd.o glqfd.f
WARNING: Serial Number Notice: The Early Access serial number will expire in 3 days.
In order to purchase the product, visit http://www.sun.com/forte/buy.html
or contact your Forte Tools reseller.

f90comp: 282 SOURCE LINES
f90comp: 0 ERRORS, 1 WARNINGS, 0 OTHER MESSAGES, 0 ANSI
f95 -g -O -I../common  -ftrap=%none -c -o glqli.o glqli.f
WARNING: Serial Number Notice: The Early Access serial number will expire in 3 days.
In order to purchase the product, visit http://www.sun.com/forte/buy.html
or contact your Forte Tools reseller.

f90comp: 131 SOURCE LINES
f90comp: 0 ERRORS, 1 WARNINGS, 0 OTHER MESSAGES, 0 ANSI
f95 -g -O -I../common  -ftrap=%none -c -o glqrc.o glqrc.f
WARNING: Serial Number Notice: The Early Access serial number will expire in 3 days.
In order to purchase the product, visit http://www.sun.com/forte/buy.html
or contact your Forte Tools reseller.

f90comp: 214 SOURCE LINES
f90comp: 0 ERRORS, 1 WARNINGS, 0 OTHER MESSAGES, 0 ANSI
(cd ../common; make lib-dp)
ar -r ../libgjl.a d2norm.o dcopy.o deps.o derbit.o dfloat.o dfpmax.o dgamma.o dinf.o diran.o dlgam.o dlog2.o dnan.o dpsi.o dpsiln.o dran.o dstore.o dstorf.o dvsum.o ffalse.o ftrue.o getnan.o idceil.o isdinf.o isdnan.o pythag.o tql1.o
ranlib ../libgjl.a || true
ar -r ../libgjl.a glqf.o glqfd.o glqli.o glqrc.o
ranlib ../libgjl.a || true
f95 -g -O -I../common  -ftrap=%none -c -o tglf1.o tglf1.f
WARNING: Serial Number Notice: The Early Access serial number will expire in 3 days.
In order to purchase the product, visit http://www.sun.com/forte/buy.html
or contact your Forte Tools reseller.

f90comp: 290 SOURCE LINES
f90comp: 0 ERRORS, 1 WARNINGS, 0 OTHER MESSAGES, 0 ANSI
f95 -g -O -I../common  -ftrap=%none -o tglf1 tglf1.o glqf.o glqli.o glqfd.o glqrc.o ../common/prthdr.o ../common/d2norm.o ../common/dcopy.o ../common/deps.o ../common/derbit.o ../common/dfloat.o ../common/dgamma.o ../common/dinf.o ../common/dlog2.o ../common/dnan.o ../common/dpsi.o ../common/dstore.o ../common/dstorf.o ../common/dvsum.o ../common/isdnan.o ../common/pythag.o ../common/tql1.o ../common/trapit.o
f95 -g -O -I../common  -ftrap=%none -c -o tglf2.o tglf2.f
WARNING: Serial Number Notice: The Early Access serial number will expire in 3 days.
In order to purchase the product, visit http://www.sun.com/forte/buy.html
or contact your Forte Tools reseller.

f90comp: 252 SOURCE LINES
f90comp: 0 ERRORS, 1 WARNINGS, 0 OTHER MESSAGES, 0 ANSI
f95 -g -O -I../common  -ftrap=%none -o tglf2 tglf2.o glqf.o glqli.o glqfd.o glqrc.o ../common/prthdr.o ../common/d2norm.o ../common/dcopy.o ../common/deps.o ../common/derbit.o ../common/dfloat.o ../common/dgamma.o ../common/dinf.o ../common/dlog2.o ../common/dnan.o ../common/dpsi.o ../common/dstore.o ../common/dstorf.o ../common/dvsum.o ../common/isdnan.o ../common/pythag.o ../common/tql1.o ../common/trapit.o
f95 -g -O -I../common  -ftrap=%none -c -o tglf3.o tglf3.f
WARNING: Serial Number Notice: The Early Access serial number will expire in 3 days.
In order to purchase the product, visit http://www.sun.com/forte/buy.html
or contact your Forte Tools reseller.

f90comp: 288 SOURCE LINES
f90comp: 0 ERRORS, 1 WARNINGS, 0 OTHER MESSAGES, 0 ANSI
f95 -g -O -I../common  -ftrap=%none -o tglf3 tglf3.o glqf.o glqli.o glqfd.o glqrc.o ../common/prthdr.o ../common/d2norm.o ../common/dcopy.o ../common/deps.o ../common/derbit.o ../common/dfloat.o ../common/dgamma.o ../common/dinf.o ../common/dlog2.o ../common/dnan.o ../common/dpsi.o ../common/dstore.o ../common/dstorf.o ../common/dvsum.o ../common/isdnan.o ../common/pythag.o ../common/tql1.o ../common/trapit.o
f95 -g -O -I../common  -ftrap=%none -c -o tglf4.o tglf4.f
WARNING: Serial Number Notice: The Early Access serial number will expire in 3 days.
In order to purchase the product, visit http://www.sun.com/forte/buy.html
or contact your Forte Tools reseller.

f90comp: 296 SOURCE LINES
f90comp: 0 ERRORS, 1 WARNINGS, 0 OTHER MESSAGES, 0 ANSI
f95 -g -O -I../common  -ftrap=%none -o tglf4 tglf4.o glqf.o glqli.o glqfd.o glqrc.o ../common/prthdr.o ../common/d2norm.o ../common/dcopy.o ../common/deps.o ../common/derbit.o ../common/dfloat.o ../common/dgamma.o ../common/dinf.o ../common/dlog2.o ../common/dnan.o ../common/dpsi.o ../common/dstore.o ../common/dstorf.o ../common/dvsum.o ../common/isdnan.o ../common/pythag.o ../common/tql1.o ../common/trapit.o
f95 -g -O -I../common  -ftrap=%none -c -o tglf5.o tglf5.f
WARNING: Serial Number Notice: The Early Access serial number will expire in 3 days.
In order to purchase the product, visit http://www.sun.com/forte/buy.html
or contact your Forte Tools reseller.

f90comp: 262 SOURCE LINES
f90comp: 0 ERRORS, 1 WARNINGS, 0 OTHER MESSAGES, 0 ANSI
f95 -g -O -I../common  -ftrap=%none -o tglf5 tglf5.o glqf.o glqli.o glqfd.o glqrc.o ../common/prthdr.o ../common/d2norm.o ../common/dcopy.o ../common/deps.o ../common/derbit.o ../common/dfloat.o ../common/dgamma.o ../common/dinf.o ../common/dlog2.o ../common/dnan.o ../common/dpsi.o ../common/dstore.o ../common/dstorf.o ../common/dvsum.o ../common/isdnan.o ../common/pythag.o ../common/tql1.o ../common/trapit.o
f95 -g -O -I../common  -ftrap=%none -c -o tglf6.o tglf6.f
WARNING: Serial Number Notice: The Early Access serial number will expire in 3 days.
In order to purchase the product, visit http://www.sun.com/forte/buy.html
or contact your Forte Tools reseller.

f90comp: 286 SOURCE LINES
f90comp: 0 ERRORS, 1 WARNINGS, 0 OTHER MESSAGES, 0 ANSI
f95 -g -O -I../common  -ftrap=%none -o tglf6 tglf6.o glqf.o glqli.o glqfd.o glqrc.o ../common/prthdr.o ../common/d2norm.o ../common/dcopy.o ../common/deps.o ../common/derbit.o ../common/dfloat.o ../common/dgamma.o ../common/dinf.o ../common/dlog2.o ../common/dnan.o ../common/dpsi.o ../common/dstore.o ../common/dstorf.o ../common/dvsum.o ../common/isdnan.o ../common/pythag.o ../common/tql1.o ../common/trapit.o
f95 -g -O -I../common  -ftrap=%none -c -o tglfd1.o tglfd1.f
WARNING: Serial Number Notice: The Early Access serial number will expire in 3 days.
In order to purchase the product, visit http://www.sun.com/forte/buy.html
or contact your Forte Tools reseller.

f90comp: 290 SOURCE LINES
f90comp: 0 ERRORS, 1 WARNINGS, 0 OTHER MESSAGES, 0 ANSI
f95 -g -O -I../common  -ftrap=%none -o tglfd1 tglfd1.o glqli.o glqfd.o glqrc.o ../common/prthdr.o ../common/d2norm.o ../common/dcopy.o ../common/deps.o ../common/derbit.o ../common/dfloat.o ../common/dgamma.o ../common/dinf.o ../common/dlog2.o ../common/dnan.o ../common/dpsi.o ../common/dstore.o ../common/dstorf.o ../common/dvsum.o ../common/isdnan.o ../common/pythag.o ../common/tql1.o ../common/trapit.o
f95 -g -O -I../common  -ftrap=%none -c -o tglfd2.o tglfd2.f
WARNING: Serial Number Notice: The Early Access serial number will expire in 3 days.
In order to purchase the product, visit http://www.sun.com/forte/buy.html
or contact your Forte Tools reseller.

f90comp: 245 SOURCE LINES
f90comp: 0 ERRORS, 1 WARNINGS, 0 OTHER MESSAGES, 0 ANSI
f95 -g -O -I../common  -ftrap=%none -o tglfd2 tglfd2.o glqli.o glqfd.o glqrc.o ../common/prthdr.o ../common/d2norm.o ../common/dcopy.o ../common/deps.o ../common/derbit.o ../common/dfloat.o ../common/dgamma.o ../common/dinf.o ../common/dlog2.o ../common/dnan.o ../common/dpsi.o ../common/dstore.o ../common/dstorf.o ../common/dvsum.o ../common/isdnan.o ../common/pythag.o ../common/tql1.o ../common/trapit.o
f95 -g -O -I../common  -ftrap=%none -c -o tglfd3.o tglfd3.f
WARNING: Serial Number Notice: The Early Access serial number will expire in 3 days.
In order to purchase the product, visit http://www.sun.com/forte/buy.html
or contact your Forte Tools reseller.

f90comp: 282 SOURCE LINES
f90comp: 0 ERRORS, 1 WARNINGS, 0 OTHER MESSAGES, 0 ANSI
f95 -g -O -I../common  -ftrap=%none -o tglfd3 tglfd3.o glqli.o glqfd.o glqrc.o ../common/prthdr.o ../common/d2norm.o ../common/dcopy.o ../common/deps.o ../common/derbit.o ../common/dfloat.o ../common/dgamma.o ../common/dinf.o ../common/dlog2.o ../common/dnan.o ../common/dpsi.o ../common/dstore.o ../common/dstorf.o ../common/dvsum.o ../common/isdnan.o ../common/pythag.o ../common/tql1.o ../common/trapit.o
f95 -g -O -I../common  -ftrap=%none -c -o tglfd4.o tglfd4.f
WARNING: Serial Number Notice: The Early Access serial number will expire in 3 days.
In order to purchase the product, visit http://www.sun.com/forte/buy.html
or contact your Forte Tools reseller.

f90comp: 297 SOURCE LINES
f90comp: 0 ERRORS, 1 WARNINGS, 0 OTHER MESSAGES, 0 ANSI
f95 -g -O -I../common  -ftrap=%none -o tglfd4 tglfd4.o glqli.o glqfd.o glqrc.o ../common/prthdr.o ../common/d2norm.o ../common/dcopy.o ../common/deps.o ../common/derbit.o ../common/dfloat.o ../common/dgamma.o ../common/dinf.o ../common/dlog2.o ../common/dnan.o ../common/dpsi.o ../common/dstore.o ../common/dstorf.o ../common/dvsum.o ../common/isdnan.o ../common/pythag.o ../common/tql1.o ../common/trapit.o
f95 -g -O -I../common  -ftrap=%none -c -o tglfd5.o tglfd5.f
WARNING: Serial Number Notice: The Early Access serial number will expire in 3 days.
In order to purchase the product, visit http://www.sun.com/forte/buy.html
or contact your Forte Tools reseller.

f90comp: 262 SOURCE LINES
f90comp: 0 ERRORS, 1 WARNINGS, 0 OTHER MESSAGES, 0 ANSI
f95 -g -O -I../common  -ftrap=%none -o tglfd5 tglfd5.o glqli.o glqfd.o glqrc.o ../common/prthdr.o ../common/d2norm.o ../common/dcopy.o ../common/deps.o ../common/derbit.o ../common/dfloat.o ../common/dgamma.o ../common/dinf.o ../common/dlog2.o ../common/dnan.o ../common/dpsi.o ../common/dstore.o ../common/dstorf.o ../common/dvsum.o ../common/isdnan.o ../common/pythag.o ../common/tql1.o ../common/trapit.o
f95 -g -O -I../common  -ftrap=%none -c -o tglfd6.o tglfd6.f
WARNING: Serial Number Notice: The Early Access serial number will expire in 3 days.
In order to purchase the product, visit http://www.sun.com/forte/buy.html
or contact your Forte Tools reseller.

f90comp: 285 SOURCE LINES
f90comp: 0 ERRORS, 1 WARNINGS, 0 OTHER MESSAGES, 0 ANSI
f95 -g -O -I../common  -ftrap=%none -o tglfd6 tglfd6.o glqli.o glqfd.o glqrc.o ../common/prthdr.o ../common/d2norm.o ../common/dcopy.o ../common/deps.o ../common/derbit.o ../common/dfloat.o ../common/dgamma.o ../common/dinf.o ../common/dlog2.o ../common/dnan.o ../common/dpsi.o ../common/dstore.o ../common/dstorf.o ../common/dvsum.o ../common/isdnan.o ../common/pythag.o ../common/tql1.o ../common/trapit.o
============================== Making all in common
ar -r ../libgjl.a d2norm.o dcopy.o deps.o derbit.o dfloat.o dfpmax.o dgamma.o dinf.o diran.o dlgam.o dlog2.o dnan.o dpsi.o dpsiln.o dran.o dstore.o dstorf.o dvsum.o ffalse.o ftrue.o getnan.o idceil.o isdinf.o isdnan.o pythag.o tql1.o
ranlib ../libgjl.a || true
ar -r ../libgjl.a aeps.o afpmax.o ainf.o airan.o algam.o alog2.o anan.o astore.o astorf.o avsum.o gamma.o iceil.o isainf.o isanan.o psi.o psiln.o ran.o
ranlib ../libgjl.a || true
(cd common && make  prefix=/usr/local FWARN="" FOPT="-O" all-qp )
f95 -g -O   -ftrap=%none  -c -o iqceil.o iqceil.f
WARNING: Serial Number Notice: The Early Access serial number will expire in 3 days.
In order to purchase the product, visit http://www.sun.com/forte/buy.html
or contact your Forte Tools reseller.

f90comp: 20 SOURCE LINES
f90comp: 0 ERRORS, 1 WARNINGS, 0 OTHER MESSAGES, 0 ANSI
f95 -g -O   -ftrap=%none  -c -o isqinf.o isqinf.f
WARNING: Serial Number Notice: The Early Access serial number will expire in 3 days.
In order to purchase the product, visit http://www.sun.com/forte/buy.html
or contact your Forte Tools reseller.

f90comp: 19 SOURCE LINES
f90comp: 0 ERRORS, 1 WARNINGS, 0 OTHER MESSAGES, 0 ANSI
f95 -g -O   -ftrap=%none  -c -o isqnan.o isqnan.f
WARNING: Serial Number Notice: The Early Access serial number will expire in 3 days.
In order to purchase the product, visit http://www.sun.com/forte/buy.html
or contact your Forte Tools reseller.

f90comp: 36 SOURCE LINES
f90comp: 0 ERRORS, 1 WARNINGS, 0 OTHER MESSAGES, 0 ANSI
f95 -g -O   -ftrap=%none  -c -o q2norm.o q2norm.f
WARNING: Serial Number Notice: The Early Access serial number will expire in 3 days.
In order to purchase the product, visit http://www.sun.com/forte/buy.html
or contact your Forte Tools reseller.

f90comp: 29 SOURCE LINES
f90comp: 0 ERRORS, 1 WARNINGS, 0 OTHER MESSAGES, 0 ANSI
f95 -g -O   -ftrap=%none  -c -o qcopy.o qcopy.f
WARNING: Serial Number Notice: The Early Access serial number will expire in 3 days.
In order to purchase the product, visit http://www.sun.com/forte/buy.html
or contact your Forte Tools reseller.

f90comp: 71 SOURCE LINES
f90comp: 0 ERRORS, 1 WARNINGS, 0 OTHER MESSAGES, 0 ANSI
f95 -g -O   -ftrap=%none  -c -o qeps.o qeps.f
WARNING: Serial Number Notice: The Early Access serial number will expire in 3 days.
In order to purchase the product, visit http://www.sun.com/forte/buy.html
or contact your Forte Tools reseller.

f90comp: 36 SOURCE LINES
f90comp: 0 ERRORS, 1 WARNINGS, 0 OTHER MESSAGES, 0 ANSI
f95 -g -O   -ftrap=%none  -c -o qepsln.o qepsln.f
WARNING: Serial Number Notice: The Early Access serial number will expire in 3 days.
In order to purchase the product, visit http://www.sun.com/forte/buy.html
or contact your Forte Tools reseller.

f90comp: 35 SOURCE LINES
f90comp: 0 ERRORS, 1 WARNINGS, 0 OTHER MESSAGES, 0 ANSI
f95 -g -O   -ftrap=%none  -c -o qerbit.o qerbit.f
WARNING: Serial Number Notice: The Early Access serial number will expire in 3 days.
In order to purchase the product, visit http://www.sun.com/forte/buy.html
or contact your Forte Tools reseller.

f90comp: 30 SOURCE LINES
f90comp: 0 ERRORS, 1 WARNINGS, 0 OTHER MESSAGES, 0 ANSI
f95 -g -O   -ftrap=%none  -c -o qfloat.o qfloat.f
WARNING: Serial Number Notice: The Early Access serial number will expire in 3 days.
In order to purchase the product, visit http://www.sun.com/forte/buy.html
or contact your Forte Tools reseller.

f90comp: 12 SOURCE LINES
f90comp: 0 ERRORS, 1 WARNINGS, 0 OTHER MESSAGES, 0 ANSI
f95 -g -O   -ftrap=%none  -c -o qfpmax.o qfpmax.f
WARNING: Serial Number Notice: The Early Access serial number will expire in 3 days.
In order to purchase the product, visit http://www.sun.com/forte/buy.html
or contact your Forte Tools reseller.

f90comp: 211 SOURCE LINES
f90comp: 0 ERRORS, 1 WARNINGS, 0 OTHER MESSAGES, 0 ANSI
f95 -g -O   -ftrap=%none  -c -o qgamma.o qgamma.f
WARNING: Serial Number Notice: The Early Access serial number will expire in 3 days.
In order to purchase the product, visit http://www.sun.com/forte/buy.html
or contact your Forte Tools reseller.

f90comp: 834 SOURCE LINES
f90comp: 0 ERRORS, 1 WARNINGS, 0 OTHER MESSAGES, 0 ANSI
f95 -g -O   -ftrap=%none  -c -o qinf.o qinf.f
WARNING: Serial Number Notice: The Early Access serial number will expire in 3 days.
In order to purchase the product, visit http://www.sun.com/forte/buy.html
or contact your Forte Tools reseller.

f90comp: 39 SOURCE LINES
f90comp: 0 ERRORS, 1 WARNINGS, 0 OTHER MESSAGES, 0 ANSI
f95 -g -O   -ftrap=%none  -c -o qiran.o qiran.f
WARNING: Serial Number Notice: The Early Access serial number will expire in 3 days.
In order to purchase the product, visit http://www.sun.com/forte/buy.html
or contact your Forte Tools reseller.

f90comp: 60 SOURCE LINES
f90comp: 0 ERRORS, 1 WARNINGS, 0 OTHER MESSAGES, 0 ANSI
f95 -g -O   -ftrap=%none  -c -o qlgam.o qlgam.f
WARNING: Serial Number Notice: The Early Access serial number will expire in 3 days.
In order to purchase the product, visit http://www.sun.com/forte/buy.html
or contact your Forte Tools reseller.

f90comp: 170 SOURCE LINES
f90comp: 0 ERRORS, 1 WARNINGS, 0 OTHER MESSAGES, 0 ANSI
f95 -g -O   -ftrap=%none  -c -o qlog2.o qlog2.f
WARNING: Serial Number Notice: The Early Access serial number will expire in 3 days.
In order to purchase the product, visit http://www.sun.com/forte/buy.html
or contact your Forte Tools reseller.

f90comp: 59 SOURCE LINES
f90comp: 0 ERRORS, 1 WARNINGS, 0 OTHER MESSAGES, 0 ANSI
f95 -g -O   -ftrap=%none  -c -o qnan.o qnan.f
WARNING: Serial Number Notice: The Early Access serial number will expire in 3 days.
In order to purchase the product, visit http://www.sun.com/forte/buy.html
or contact your Forte Tools reseller.

f90comp: 26 SOURCE LINES
f90comp: 0 ERRORS, 1 WARNINGS, 0 OTHER MESSAGES, 0 ANSI
f95 -g -O   -ftrap=%none  -c -o qpsi.o qpsi.f
WARNING: Serial Number Notice: The Early Access serial number will expire in 3 days.
In order to purchase the product, visit http://www.sun.com/forte/buy.html
or contact your Forte Tools reseller.

f90comp: 729 SOURCE LINES
f90comp: 0 ERRORS, 1 WARNINGS, 0 OTHER MESSAGES, 0 ANSI
f95 -g -O   -ftrap=%none  -c -o qpsiln.o qpsiln.f
WARNING: Serial Number Notice: The Early Access serial number will expire in 3 days.
In order to purchase the product, visit http://www.sun.com/forte/buy.html
or contact your Forte Tools reseller.

f90comp: 203 SOURCE LINES
f90comp: 0 ERRORS, 1 WARNINGS, 0 OTHER MESSAGES, 0 ANSI
f95 -g -O   -ftrap=%none  -c -o qpythg.o qpythg.f
WARNING: Serial Number Notice: The Early Access serial number will expire in 3 days.
In order to purchase the product, visit http://www.sun.com/forte/buy.html
or contact your Forte Tools reseller.

f90comp: 57 SOURCE LINES
f90comp: 0 ERRORS, 1 WARNINGS, 0 OTHER MESSAGES, 0 ANSI
f95 -g -O   -ftrap=%none  -c -o qstore.o qstore.f
WARNING: Serial Number Notice: The Early Access serial number will expire in 3 days.
In order to purchase the product, visit http://www.sun.com/forte/buy.html
or contact your Forte Tools reseller.

f90comp: 16 SOURCE LINES
f90comp: 0 ERRORS, 1 WARNINGS, 0 OTHER MESSAGES, 0 ANSI
f95 -g -O   -ftrap=%none  -c -o qstorf.o qstorf.f
WARNING: Serial Number Notice: The Early Access serial number will expire in 3 days.
In order to purchase the product, visit http://www.sun.com/forte/buy.html
or contact your Forte Tools reseller.

f90comp: 19 SOURCE LINES
f90comp: 0 ERRORS, 1 WARNINGS, 0 OTHER MESSAGES, 0 ANSI
f95 -g -O   -ftrap=%none  -c -o qtql1.o qtql1.f
WARNING: Serial Number Notice: The Early Access serial number will expire in 3 days.
In order to purchase the product, visit http://www.sun.com/forte/buy.html
or contact your Forte Tools reseller.

f90comp: 182 SOURCE LINES
f90comp: 0 ERRORS, 1 WARNINGS, 0 OTHER MESSAGES, 0 ANSI
f95 -g -O   -ftrap=%none  -c -o qvsum.o qvsum.f
WARNING: Serial Number Notice: The Early Access serial number will expire in 3 days.
In order to purchase the product, visit http://www.sun.com/forte/buy.html
or contact your Forte Tools reseller.

f90comp: 35 SOURCE LINES
f90comp: 0 ERRORS, 1 WARNINGS, 0 OTHER MESSAGES, 0 ANSI
ar -r ../libgjl.a iqceil.o isqinf.o isqnan.o q2norm.o qcopy.o qeps.o qepsln.o qerbit.o qfloat.o qfpmax.o qgamma.o qinf.o qiran.o qlgam.o qlog2.o qnan.o qpsi.o qpsiln.o qpythg.o qstore.o qstorf.o qtql1.o qvsum.o
ranlib ../libgjl.a || true
for subdir in man gampsi jacobi laguerre common ; do echo ============================== Making all-qp in $subdir ; ( cd $subdir && make  prefix=/usr/local FWARN="" FOPT="-O" all-qp ) ; done
============================== Making all-qp in man
============================== Making all-qp in gampsi
(cd ../common; make lib-qp)
ar -r ../libgjl.a iqceil.o isqinf.o isqnan.o q2norm.o qcopy.o qeps.o qepsln.o qerbit.o qfloat.o qfpmax.o qgamma.o qinf.o qiran.o qlgam.o qlog2.o qnan.o qpsi.o qpsiln.o qpythg.o qstore.o qstorf.o qtql1.o qvsum.o
ranlib ../libgjl.a || true
f95 -g -O -I../common  -ftrap=%none -c -o tqgen.o tqgen.f
WARNING: Serial Number Notice: The Early Access serial number will expire in 3 days.
In order to purchase the product, visit http://www.sun.com/forte/buy.html
or contact your Forte Tools reseller.

f90comp: 254 SOURCE LINES
f90comp: 0 ERRORS, 1 WARNINGS, 0 OTHER MESSAGES, 0 ANSI
f95 -g -O -I../common  -ftrap=%none -c -o qgen.o qgen.f
WARNING: Serial Number Notice: The Early Access serial number will expire in 3 days.
In order to purchase the product, visit http://www.sun.com/forte/buy.html
or contact your Forte Tools reseller.

f90comp: 105 SOURCE LINES
f90comp: 0 ERRORS, 1 WARNINGS, 0 OTHER MESSAGES, 0 ANSI
f95 -g -O -I../common  -ftrap=%none -o tqgen tqgen.o funhdr.o qgen.o ../common/dfloat.o ../common/diran.o ../common/dran.o ../common/dstorf.o ../common/iqceil.o ../common/isqnan.o ../common/qfloat.o ../common/qinf.o ../common/qnan.o ../common/qstorf.o ../common/qgamma.o ../common/qlgam.o ../common/qpsi.o ../common/qpsiln.o 
============================== Making all-qp in jacobi
f95 -g -O -I../common  -ftrap=%none -c -o qgjqf.o qgjqf.f
WARNING: Serial Number Notice: The Early Access serial number will expire in 3 days.
In order to purchase the product, visit http://www.sun.com/forte/buy.html
or contact your Forte Tools reseller.

f90comp: 234 SOURCE LINES
f90comp: 0 ERRORS, 1 WARNINGS, 0 OTHER MESSAGES, 0 ANSI
f95 -g -O -I../common  -ftrap=%none -c -o qgjqfd.o qgjqfd.f
WARNING: Serial Number Notice: The Early Access serial number will expire in 3 days.
In order to purchase the product, visit http://www.sun.com/forte/buy.html
or contact your Forte Tools reseller.

f90comp: 297 SOURCE LINES
f90comp: 0 ERRORS, 1 WARNINGS, 0 OTHER MESSAGES, 0 ANSI
f95 -g -O -I../common  -ftrap=%none -c -o qgjqli.o qgjqli.f
WARNING: Serial Number Notice: The Early Access serial number will expire in 3 days.
In order to purchase the product, visit http://www.sun.com/forte/buy.html
or contact your Forte Tools reseller.

f90comp: 119 SOURCE LINES
f90comp: 0 ERRORS, 1 WARNINGS, 0 OTHER MESSAGES, 0 ANSI
f95 -g -O -I../common  -ftrap=%none -c -o qgjqrc.o qgjqrc.f
WARNING: Serial Number Notice: The Early Access serial number will expire in 3 days.
In order to purchase the product, visit http://www.sun.com/forte/buy.html
or contact your Forte Tools reseller.

f90comp: 230 SOURCE LINES
f90comp: 0 ERRORS, 1 WARNINGS, 0 OTHER MESSAGES, 0 ANSI
(cd ../common; make lib-qp)
ar -r ../libgjl.a iqceil.o isqinf.o isqnan.o q2norm.o qcopy.o qeps.o qepsln.o qerbit.o qfloat.o qfpmax.o qgamma.o qinf.o qiran.o qlgam.o qlog2.o qnan.o qpsi.o qpsiln.o qpythg.o qstore.o qstorf.o qtql1.o qvsum.o
ranlib ../libgjl.a || true
ar -r ../libgjl.a qgjqf.o qgjqfd.o qgjqli.o qgjqrc.o
ranlib ../libgjl.a || true
f95 -g -O -I../common  -ftrap=%none -c -o tqgjf1.o tqgjf1.f
WARNING: Serial Number Notice: The Early Access serial number will expire in 3 days.
In order to purchase the product, visit http://www.sun.com/forte/buy.html
or contact your Forte Tools reseller.

f90comp: 271 SOURCE LINES
f90comp: 0 ERRORS, 1 WARNINGS, 0 OTHER MESSAGES, 0 ANSI
f95 -g -O -I../common  -ftrap=%none -c -o ../common/qprthdr.o ../common/qprthdr.f
WARNING: Serial Number Notice: The Early Access serial number will expire in 3 days.
In order to purchase the product, visit http://www.sun.com/forte/buy.html
or contact your Forte Tools reseller.

f90comp: 38 SOURCE LINES
f90comp: 0 ERRORS, 1 WARNINGS, 0 OTHER MESSAGES, 0 ANSI
f95 -g -O -I../common  -ftrap=%none -o tqgjf1 tqgjf1.o qgjqf.o qgjqli.o qgjqrc.o qgjqfd.o ../common/q2norm.o ../common/qcopy.o ../common/qeps.o ../common/qerbit.o ../common/qfloat.o ../common/qgamma.o ../common/qinf.o ../common/qlog2.o ../common/qnan.o ../common/qpsi.o ../common/qstore.o ../common/qstorf.o ../common/qvsum.o ../common/isqnan.o ../common/qprthdr.o ../common/qpythg.o ../common/qtql1.o ../common/trapit.o ../libgjl.a
f95 -g -O -I../common  -ftrap=%none -c -o tqgjf2.o tqgjf2.f
WARNING: Serial Number Notice: The Early Access serial number will expire in 3 days.
In order to purchase the product, visit http://www.sun.com/forte/buy.html
or contact your Forte Tools reseller.

f90comp: 271 SOURCE LINES
f90comp: 0 ERRORS, 1 WARNINGS, 0 OTHER MESSAGES, 0 ANSI
f95 -g -O -I../common  -ftrap=%none -o tqgjf2 tqgjf2.o qgjqf.o qgjqli.o qgjqrc.o qgjqfd.o ../common/q2norm.o ../common/qcopy.o ../common/qeps.o ../common/qerbit.o ../common/qfloat.o ../common/qgamma.o ../common/qinf.o ../common/qlog2.o ../common/qnan.o ../common/qpsi.o ../common/qstore.o ../common/qstorf.o ../common/qvsum.o ../common/isqnan.o ../common/qprthdr.o ../common/qpythg.o ../common/qtql1.o ../common/trapit.o ../libgjl.a
f95 -g -O -I../common  -ftrap=%none -c -o tqgjfd1.o tqgjfd1.f
WARNING: Serial Number Notice: The Early Access serial number will expire in 3 days.
In order to purchase the product, visit http://www.sun.com/forte/buy.html
or contact your Forte Tools reseller.

f90comp: 285 SOURCE LINES
f90comp: 0 ERRORS, 1 WARNINGS, 0 OTHER MESSAGES, 0 ANSI
f95 -g -O -I../common  -ftrap=%none -o tqgjfd1 tqgjfd1.o qgjqfd.o ../common/q2norm.o ../common/qcopy.o ../common/qeps.o ../common/qerbit.o ../common/qfloat.o ../common/qgamma.o ../common/qinf.o ../common/qlog2.o ../common/qnan.o ../common/qpsi.o ../common/qstore.o ../common/qstorf.o ../common/qvsum.o ../common/isqnan.o ../common/qprthdr.o ../common/qpythg.o ../common/qtql1.o ../common/trapit.o ../libgjl.a
f95 -g -O -I../common  -ftrap=%none -c -o tqgjfd2.o tqgjfd2.f
WARNING: Serial Number Notice: The Early Access serial number will expire in 3 days.
In order to purchase the product, visit http://www.sun.com/forte/buy.html
or contact your Forte Tools reseller.

f90comp: 272 SOURCE LINES
f90comp: 0 ERRORS, 1 WARNINGS, 0 OTHER MESSAGES, 0 ANSI
f95 -g -O -I../common  -ftrap=%none -o tqgjfd2 tqgjfd2.o qgjqfd.o ../common/q2norm.o ../common/qcopy.o ../common/qeps.o ../common/qerbit.o ../common/qfloat.o ../common/qgamma.o ../common/qinf.o ../common/qlog2.o ../common/qnan.o ../common/qpsi.o ../common/qstore.o ../common/qstorf.o ../common/qvsum.o ../common/isqnan.o ../common/qprthdr.o ../common/qpythg.o ../common/qtql1.o ../common/trapit.o ../libgjl.a
============================== Making all-qp in laguerre
f95 -g -O -I../common  -ftrap=%none -c -o qglqf.o qglqf.f
WARNING: Serial Number Notice: The Early Access serial number will expire in 3 days.
In order to purchase the product, visit http://www.sun.com/forte/buy.html
or contact your Forte Tools reseller.

f90comp: 239 SOURCE LINES
f90comp: 0 ERRORS, 1 WARNINGS, 0 OTHER MESSAGES, 0 ANSI
f95 -g -O -I../common  -ftrap=%none -c -o qglqfd.o qglqfd.f
WARNING: Serial Number Notice: The Early Access serial number will expire in 3 days.
In order to purchase the product, visit http://www.sun.com/forte/buy.html
or contact your Forte Tools reseller.

f90comp: 274 SOURCE LINES
f90comp: 0 ERRORS, 1 WARNINGS, 0 OTHER MESSAGES, 0 ANSI
f95 -g -O -I../common  -ftrap=%none -c -o qglqli.o qglqli.f
WARNING: Serial Number Notice: The Early Access serial number will expire in 3 days.
In order to purchase the product, visit http://www.sun.com/forte/buy.html
or contact your Forte Tools reseller.

f90comp: 131 SOURCE LINES
f90comp: 0 ERRORS, 1 WARNINGS, 0 OTHER MESSAGES, 0 ANSI
f95 -g -O -I../common  -ftrap=%none -c -o qglqrc.o qglqrc.f
WARNING: Serial Number Notice: The Early Access serial number will expire in 3 days.
In order to purchase the product, visit http://www.sun.com/forte/buy.html
or contact your Forte Tools reseller.

f90comp: 214 SOURCE LINES
f90comp: 0 ERRORS, 1 WARNINGS, 0 OTHER MESSAGES, 0 ANSI
(cd ../common; make lib-qp)
ar -r ../libgjl.a iqceil.o isqinf.o isqnan.o q2norm.o qcopy.o qeps.o qepsln.o qerbit.o qfloat.o qfpmax.o qgamma.o qinf.o qiran.o qlgam.o qlog2.o qnan.o qpsi.o qpsiln.o qpythg.o qstore.o qstorf.o qtql1.o qvsum.o
ranlib ../libgjl.a || true
ar -r ../libgjl.a qglqf.o qglqfd.o qglqli.o qglqrc.o
ranlib ../libgjl.a || true
f95 -g -O -I../common  -ftrap=%none -c -o tqglf1.o tqglf1.f
WARNING: Serial Number Notice: The Early Access serial number will expire in 3 days.
In order to purchase the product, visit http://www.sun.com/forte/buy.html
or contact your Forte Tools reseller.

f90comp: 290 SOURCE LINES
f90comp: 0 ERRORS, 1 WARNINGS, 0 OTHER MESSAGES, 0 ANSI
f95 -g -O -I../common  -ftrap=%none -o tqglf1 tqglf1.o qglqf.o qglqli.o qglqfd.o qglqrc.o ../common/qprthdr.o ../common/q2norm.o ../common/qcopy.o ../common/qeps.o ../common/qerbit.o ../common/qfloat.o ../common/qgamma.o ../common/qinf.o ../common/qlog2.o ../common/qnan.o ../common/qpsi.o ../common/qstore.o ../common/qstorf.o ../common/qvsum.o ../common/isqnan.o ../common/qpythg.o ../common/qtql1.o ../common/trapit.o
f95 -g -O -I../common  -ftrap=%none -c -o tqglf2.o tqglf2.f
WARNING: Serial Number Notice: The Early Access serial number will expire in 3 days.
In order to purchase the product, visit http://www.sun.com/forte/buy.html
or contact your Forte Tools reseller.

f90comp: 250 SOURCE LINES
f90comp: 0 ERRORS, 1 WARNINGS, 0 OTHER MESSAGES, 0 ANSI
f95 -g -O -I../common  -ftrap=%none -o tqglf2 tqglf2.o qglqf.o qglqli.o qglqfd.o qglqrc.o ../common/qprthdr.o ../common/q2norm.o ../common/qcopy.o ../common/qeps.o ../common/qerbit.o ../common/qfloat.o ../common/qgamma.o ../common/qinf.o ../common/qlog2.o ../common/qnan.o ../common/qpsi.o ../common/qstore.o ../common/qstorf.o ../common/qvsum.o ../common/isqnan.o ../common/qpythg.o ../common/qtql1.o ../common/trapit.o
f95 -g -O -I../common  -ftrap=%none -c -o tqglf3.o tqglf3.f
WARNING: Serial Number Notice: The Early Access serial number will expire in 3 days.
In order to purchase the product, visit http://www.sun.com/forte/buy.html
or contact your Forte Tools reseller.

f90comp: 287 SOURCE LINES
f90comp: 0 ERRORS, 1 WARNINGS, 0 OTHER MESSAGES, 0 ANSI
f95 -g -O -I../common  -ftrap=%none -o tqglf3 tqglf3.o qglqf.o qglqli.o qglqfd.o qglqrc.o ../common/qprthdr.o ../common/q2norm.o ../common/qcopy.o ../common/qeps.o ../common/qerbit.o ../common/qfloat.o ../common/qgamma.o ../common/qinf.o ../common/qlog2.o ../common/qnan.o ../common/qpsi.o ../common/qstore.o ../common/qstorf.o ../common/qvsum.o ../common/isqnan.o ../common/qpythg.o ../common/qtql1.o ../common/trapit.o
f95 -g -O -I../common  -ftrap=%none -c -o tqglf4.o tqglf4.f
WARNING: Serial Number Notice: The Early Access serial number will expire in 3 days.
In order to purchase the product, visit http://www.sun.com/forte/buy.html
or contact your Forte Tools reseller.

f90comp: 296 SOURCE LINES
f90comp: 0 ERRORS, 1 WARNINGS, 0 OTHER MESSAGES, 0 ANSI
f95 -g -O -I../common  -ftrap=%none -o tqglf4 tqglf4.o qglqf.o qglqli.o qglqfd.o qglqrc.o ../common/qprthdr.o ../common/q2norm.o ../common/qcopy.o ../common/qeps.o ../common/qerbit.o ../common/qfloat.o ../common/qgamma.o ../common/qinf.o ../common/qlog2.o ../common/qnan.o ../common/qpsi.o ../common/qstore.o ../common/qstorf.o ../common/qvsum.o ../common/isqnan.o ../common/qpythg.o ../common/qtql1.o ../common/trapit.o
f95 -g -O -I../common  -ftrap=%none -c -o tqglf5.o tqglf5.f
WARNING: Serial Number Notice: The Early Access serial number will expire in 3 days.
In order to purchase the product, visit http://www.sun.com/forte/buy.html
or contact your Forte Tools reseller.

f90comp: 262 SOURCE LINES
f90comp: 0 ERRORS, 1 WARNINGS, 0 OTHER MESSAGES, 0 ANSI
f95 -g -O -I../common  -ftrap=%none -o tqglf5 tqglf5.o qglqf.o qglqli.o qglqfd.o qglqrc.o ../common/qprthdr.o ../common/q2norm.o ../common/qcopy.o ../common/qeps.o ../common/qerbit.o ../common/qfloat.o ../common/qgamma.o ../common/qinf.o ../common/qlog2.o ../common/qnan.o ../common/qpsi.o ../common/qstore.o ../common/qstorf.o ../common/qvsum.o ../common/isqnan.o ../common/qpythg.o ../common/qtql1.o ../common/trapit.o
f95 -g -O -I../common  -ftrap=%none -c -o tqglf6.o tqglf6.f
WARNING: Serial Number Notice: The Early Access serial number will expire in 3 days.
In order to purchase the product, visit http://www.sun.com/forte/buy.html
or contact your Forte Tools reseller.

f90comp: 285 SOURCE LINES
f90comp: 0 ERRORS, 1 WARNINGS, 0 OTHER MESSAGES, 0 ANSI
f95 -g -O -I../common  -ftrap=%none -o tqglf6 tqglf6.o qglqf.o qglqli.o qglqfd.o qglqrc.o ../common/qprthdr.o ../common/q2norm.o ../common/qcopy.o ../common/qeps.o ../common/qerbit.o ../common/qfloat.o ../common/qgamma.o ../common/qinf.o ../common/qlog2.o ../common/qnan.o ../common/qpsi.o ../common/qstore.o ../common/qstorf.o ../common/qvsum.o ../common/isqnan.o ../common/qpythg.o ../common/qtql1.o ../common/trapit.o
f95 -g -O -I../common  -ftrap=%none -c -o tqglfd1.o tqglfd1.f
WARNING: Serial Number Notice: The Early Access serial number will expire in 3 days.
In order to purchase the product, visit http://www.sun.com/forte/buy.html
or contact your Forte Tools reseller.

f90comp: 290 SOURCE LINES
f90comp: 0 ERRORS, 1 WARNINGS, 0 OTHER MESSAGES, 0 ANSI
f95 -g -O -I../common  -ftrap=%none -o tqglfd1 tqglfd1.o qglqli.o qglqfd.o qglqrc.o ../common/qprthdr.o ../common/q2norm.o ../common/qcopy.o ../common/qeps.o ../common/qerbit.o ../common/qfloat.o ../common/qgamma.o ../common/qinf.o ../common/qlog2.o ../common/qnan.o ../common/qpsi.o ../common/qstore.o ../common/qstorf.o ../common/qvsum.o ../common/isqnan.o ../common/qpythg.o ../common/qtql1.o ../common/trapit.o
f95 -g -O -I../common  -ftrap=%none -c -o tqglfd2.o tqglfd2.f
WARNING: Serial Number Notice: The Early Access serial number will expire in 3 days.
In order to purchase the product, visit http://www.sun.com/forte/buy.html
or contact your Forte Tools reseller.

f90comp: 244 SOURCE LINES
f90comp: 0 ERRORS, 1 WARNINGS, 0 OTHER MESSAGES, 0 ANSI
f95 -g -O -I../common  -ftrap=%none -o tqglfd2 tqglfd2.o qglqli.o qglqfd.o qglqrc.o ../common/qprthdr.o ../common/q2norm.o ../common/qcopy.o ../common/qeps.o ../common/qerbit.o ../common/qfloat.o ../common/qgamma.o ../common/qinf.o ../common/qlog2.o ../common/qnan.o ../common/qpsi.o ../common/qstore.o ../common/qstorf.o ../common/qvsum.o ../common/isqnan.o ../common/qpythg.o ../common/qtql1.o ../common/trapit.o
f95 -g -O -I../common  -ftrap=%none -c -o tqglfd3.o tqglfd3.f
WARNING: Serial Number Notice: The Early Access serial number will expire in 3 days.
In order to purchase the product, visit http://www.sun.com/forte/buy.html
or contact your Forte Tools reseller.

f90comp: 282 SOURCE LINES
f90comp: 0 ERRORS, 1 WARNINGS, 0 OTHER MESSAGES, 0 ANSI
f95 -g -O -I../common  -ftrap=%none -o tqglfd3 tqglfd3.o qglqli.o qglqfd.o qglqrc.o ../common/qprthdr.o ../common/q2norm.o ../common/qcopy.o ../common/qeps.o ../common/qerbit.o ../common/qfloat.o ../common/qgamma.o ../common/qinf.o ../common/qlog2.o ../common/qnan.o ../common/qpsi.o ../common/qstore.o ../common/qstorf.o ../common/qvsum.o ../common/isqnan.o ../common/qpythg.o ../common/qtql1.o ../common/trapit.o
f95 -g -O -I../common  -ftrap=%none -c -o tqglfd4.o tqglfd4.f
WARNING: Serial Number Notice: The Early Access serial number will expire in 3 days.
In order to purchase the product, visit http://www.sun.com/forte/buy.html
or contact your Forte Tools reseller.

f90comp: 296 SOURCE LINES
f90comp: 0 ERRORS, 1 WARNINGS, 0 OTHER MESSAGES, 0 ANSI
f95 -g -O -I../common  -ftrap=%none -o tqglfd4 tqglfd4.o qglqli.o qglqfd.o qglqrc.o ../common/qprthdr.o ../common/q2norm.o ../common/qcopy.o ../common/qeps.o ../common/qerbit.o ../common/qfloat.o ../common/qgamma.o ../common/qinf.o ../common/qlog2.o ../common/qnan.o ../common/qpsi.o ../common/qstore.o ../common/qstorf.o ../common/qvsum.o ../common/isqnan.o ../common/qpythg.o ../common/qtql1.o ../common/trapit.o
f95 -g -O -I../common  -ftrap=%none -c -o tqglfd5.o tqglfd5.f
WARNING: Serial Number Notice: The Early Access serial number will expire in 3 days.
In order to purchase the product, visit http://www.sun.com/forte/buy.html
or contact your Forte Tools reseller.

f90comp: 262 SOURCE LINES
f90comp: 0 ERRORS, 1 WARNINGS, 0 OTHER MESSAGES, 0 ANSI
f95 -g -O -I../common  -ftrap=%none -o tqglfd5 tqglfd5.o qglqli.o qglqfd.o qglqrc.o ../common/qprthdr.o ../common/q2norm.o ../common/qcopy.o ../common/qeps.o ../common/qerbit.o ../common/qfloat.o ../common/qgamma.o ../common/qinf.o ../common/qlog2.o ../common/qnan.o ../common/qpsi.o ../common/qstore.o ../common/qstorf.o ../common/qvsum.o ../common/isqnan.o ../common/qpythg.o ../common/qtql1.o ../common/trapit.o
f95 -g -O -I../common  -ftrap=%none -c -o tqglfd6.o tqglfd6.f
WARNING: Serial Number Notice: The Early Access serial number will expire in 3 days.
In order to purchase the product, visit http://www.sun.com/forte/buy.html
or contact your Forte Tools reseller.

f90comp: 284 SOURCE LINES
f90comp: 0 ERRORS, 1 WARNINGS, 0 OTHER MESSAGES, 0 ANSI
f95 -g -O -I../common  -ftrap=%none -o tqglfd6 tqglfd6.o qglqli.o qglqfd.o qglqrc.o ../common/qprthdr.o ../common/q2norm.o ../common/qcopy.o ../common/qeps.o ../common/qerbit.o ../common/qfloat.o ../common/qgamma.o ../common/qinf.o ../common/qlog2.o ../common/qnan.o ../common/qpsi.o ../common/qstore.o ../common/qstorf.o ../common/qvsum.o ../common/isqnan.o ../common/qpythg.o ../common/qtql1.o ../common/trapit.o
============================== Making all-qp in common
ar -r ../libgjl.a iqceil.o isqinf.o isqnan.o q2norm.o qcopy.o qeps.o qepsln.o qerbit.o qfloat.o qfpmax.o qgamma.o qinf.o qiran.o qlgam.o qlog2.o qnan.o qpsi.o qpsiln.o qpythg.o qstore.o qstorf.o qtql1.o qvsum.o
ranlib ../libgjl.a || true
34.20u 13.42s 3:08.54 25.2%
for subdir in man gampsi jacobi laguerre common ; do echo ============================== Making check-dp in $subdir ; ( cd $subdir && make  prefix=/usr/local FWARN="" FOPT="-O" check-dp ) ; done
============================== Making check-dp in man
There is no validation suite in this directory
============================== Making check-dp in gampsi
Checking tdgen ...
File differences are made with: /usr/local/bin/ndiff --relerr 5.0e-11 --minwidth 10
cos001
okay/cos001.out cos001.out differ: char 137, line 7
### Maximum relative error in matching lines = 8.80e-17 at line 8 field 5
Checking tdgen ...
File differences are made with: /usr/local/bin/ndiff --relerr 5.0e-11 --minwidth 10
cos101
okay/cos101.out cos101.out differ: char 147, line 7
### Maximum relative error in matching lines = 1.19e-16 at line 7641 field 5
cos102
okay/cos102.out cos102.out differ: char 147, line 7
### Maximum relative error in matching lines = 1.25e-16 at line 9319 field 5
cos103
okay/cos103.out cos103.out differ: char 147, line 7
### Maximum relative error in matching lines = 1.16e-16 at line 5748 field 5
Checking tdgen ...
File differences are made with: /usr/local/bin/ndiff --relerr 5.0e-11 --minwidth 10
cos201
okay/cos201.out cos201.out differ: char 147, line 7
### Maximum relative error in matching lines = 1.15e-16 at line 1786 field 5
WARNING: Serial Number Notice: The Early Access serial number will expire in 3 days.
In order to purchase the product, visit http://www.sun.com/forte/buy.html
or contact your Forte Tools reseller.

f90comp: 116 SOURCE LINES
f90comp: 0 ERRORS, 1 WARNINGS, 0 OTHER MESSAGES, 0 ANSI
Checking tdgen ...
File differences are made with: /usr/local/bin/ndiff --relerr 5.0e-11 --minwidth 10
exp001
okay/exp001.out exp001.out differ: char 137, line 7
### Maximum relative error in matching lines = 1.10e-16 at line 8 field 5
Checking tdgen ...
File differences are made with: /usr/local/bin/ndiff --relerr 5.0e-11 --minwidth 10
exp101
okay/exp101.out exp101.out differ: char 147, line 7
### Maximum relative error in matching lines = 1.16e-16 at line 1478 field 5
WARNING: Serial Number Notice: The Early Access serial number will expire in 3 days.
In order to purchase the product, visit http://www.sun.com/forte/buy.html
or contact your Forte Tools reseller.

f90comp: 55 SOURCE LINES
f90comp: 0 ERRORS, 1 WARNINGS, 0 OTHER MESSAGES, 0 ANSI
Checking tdfpmx ...
File differences are made with: /usr/local/bin/ndiff --relerr 5.0e-11 --minwidth 10
dfpm01
okay/dfpm01.out dfpm01.out differ: char 38, line 1
Checking tdgen ...
File differences are made with: /usr/local/bin/ndiff --relerr 5.0e-11 --minwidth 10
gam001
okay/gam001.out gam001.out differ: char 175, line 9
### Maximum relative error in matching lines = 4.49e-15 at line 104 field 5
Checking tdgen ...
File differences are made with: /usr/local/bin/ndiff --relerr 5.0e-11 --minwidth 10
gam101
okay/gam101.out gam101.out differ: char 189, line 9
### Maximum relative error in matching lines = 2.15e-15 at line 8979 field 5
gam102
okay/gam102.out gam102.out differ: char 188, line 9
8271c8271
< 2          -1437881687.   -23 0  3.2190259996495262768898388506609774067541016948562e-310 0 0
--- field 5	relative error 1.0e+00
> 2          -1437881687.   -23 0  0.000000000000000000E+000 0 0
8284c8284
< 2          -1435865686.   -23 0  2.1060033022938082473490931178187079067949119021935e-309 0 0
--- field 5	relative error 1.0e+00
> 2          -1435865686.   -23 0  0.000000000000000000E+000 0 0
8620c8620
< 2          -1436046166.   -23 0  1.6936814422437231751404174180212959399367164942901e-309 0 0
--- field 5	relative error 1.0e+00
> 2          -1436046166.   -23 0  0.000000000000000000E+000 0 0
8730c8730
< 2          -1436918615.   -23 0  6.9878452180838503989704325835311805201380625187489e-310 0 0
--- field 5	relative error 1.0e+00
> 2          -1436918615.   -23 0  0.000000000000000000E+000 0 0
### Maximum relative error in matching lines = 2.28e-15 at line 8979 field 5
gam103
okay/gam103.out gam103.out differ: char 188, line 9
### Maximum relative error in matching lines = 6.00e-16 at line 5666 field 5
Checking tdgen ...
File differences are made with: /usr/local/bin/ndiff --relerr 5.0e-11 --minwidth 10
gam301
okay/gam301.out gam301.out differ: char 206, line 9
### Maximum relative error in matching lines = 8.90e-16 at line 10082 field 5
Checking tdgen ...
File differences are made with: /usr/local/bin/ndiff --relerr 5.0e-11 --minwidth 10
lga001
okay/lga001.out lga001.out differ: char 143, line 7
7c7
< 2                    0.     0 0                                                  Infinity 0 0
--- field 5
> 2                    0.0       0 0                        NaN 0 0
12c12
< 2                  Inf     0 0                                                  Infinity 0 0
--- field 5
> 2               Infinity       0 0                        NaN 0 0
### Maximum relative error in matching lines = 3.34e-17 at line 10 field 5
Checking tdgen ...
File differences are made with: /usr/local/bin/ndiff --relerr 5.0e-11 --minwidth 10
lga101
okay/lga101.out lga101.out differ: char 153, line 7
### Maximum relative error in matching lines = 8.85e-13 at line 5514 field 5
lga102
okay/lga102.out lga102.out differ: char 153, line 7
### Maximum relative error in matching lines = 1.88e-13 at line 3559 field 5
lga103
okay/lga103.out lga103.out differ: char 153, line 7
### Maximum relative error in matching lines = 6.89e-13 at line 6002 field 5
Checking tdgen ...
File differences are made with: /usr/local/bin/ndiff --relerr 5.0e-11 --minwidth 10
lga201
okay/lga201.out lga201.out differ: char 153, line 7
### Maximum relative error in matching lines = 1.17e-15 at line 84 field 5
Checking tdgen ...
File differences are made with: /usr/local/bin/ndiff --relerr 5.0e-11 --minwidth 10
log001
okay/log001.out log001.out differ: char 137, line 7
### Maximum relative error in matching lines = 8.24e-17 at line 12 field 5
Checking tdgen ...
File differences are made with: /usr/local/bin/ndiff --relerr 5.0e-11 --minwidth 10
log101
okay/log101.out log101.out differ: char 146, line 7
### Maximum relative error in matching lines = 1.10e-16 at line 7436 field 5
log102
okay/log102.out log102.out differ: char 146, line 7
### Maximum relative error in matching lines = 1.18e-16 at line 29736 field 5
log103
okay/log103.out log103.out differ: char 146, line 7
### Maximum relative error in matching lines = 1.22e-16 at line 3137 field 5
Checking tdgen ...
File differences are made with: /usr/local/bin/ndiff --relerr 5.0e-11 --minwidth 10
psi001
okay/psi001.out psi001.out differ: char 261, line 10
10c10
< 2                    0.0       0 0 Infinity                                                   0 0
--- field 5
> 2                    0.0       0 0                  -Infinity 0 0
### Maximum relative error in matching lines = 1.19e-16 at line 13 field 5
psi002
okay/psi002.out psi002.out differ: char 258, line 10
### Maximum relative error in matching lines = 1.42e-16 at line 19 field 5
psi003
okay/psi003.out psi003.out differ: char 261, line 10
psi006
okay/psi006.out psi006.out differ: char 228, line 10
10c10
< 2 1.0   -1030 0 Infinity 0 0
--- field 3	relative error 9.80e-03
> 2                   -0.0   -1020 0                   Infinity 0 0
Checking tdgen ...
File differences are made with: /usr/local/bin/ndiff --relerr 5.0e-11 --minwidth 10
psi101
okay/psi101.out psi101.out differ: char 258, line 10
### Maximum relative error in matching lines = 3.48e-16 at line 11 field 5
psi102
okay/psi102.out psi102.out differ: char 259, line 10
### Maximum relative error in matching lines = 1.75e-13 at line 8906 field 5
psi103
okay/psi103.out psi103.out differ: char 259, line 10
### Maximum relative error in matching lines = 1.80e-13 at line 2012 field 5
psi104
okay/psi104.out psi104.out differ: char 259, line 10
### Maximum relative error in matching lines = 1.11e-13 at line 6522 field 5
psi105
okay/psi105.out psi105.out differ: char 259, line 10
### Maximum relative error in matching lines = 6.77e-16 at line 1471 field 5
psi106
okay/psi106.out psi106.out differ: char 258, line 10
### Maximum relative error in matching lines = 6.84e-16 at line 5253 field 5
psi107
okay/psi107.out psi107.out differ: char 258, line 10
### Maximum relative error in matching lines = 6.32e-16 at line 6653 field 5
Checking tdgen ...
File differences are made with: /usr/local/bin/ndiff --relerr 5.0e-11 --minwidth 10
psi201
okay/psi201.out psi201.out differ: char 258, line 10
### Maximum relative error in matching lines = 3.94e-15 at line 5355 field 5
Checking tdgen ...
File differences are made with: /usr/local/bin/ndiff --relerr 5.0e-11 --minwidth 10
psi301
okay/psi301.out psi301.out differ: char 258, line 10
### Maximum relative error in matching lines = 4.23e-13 at line 6050 field 5
Checking tdgen ...
File differences are made with: /usr/local/bin/ndiff --relerr 5.0e-11 --minwidth 10
psi402
okay/psi402.out psi402.out differ: char 259, line 10
### Maximum relative error in matching lines = 2.32e-14 at line 7984 field 5
Checking tdgen ...
File differences are made with: /usr/local/bin/ndiff --relerr 5.0e-11 --minwidth 10
psi601
okay/psi601.out psi601.out differ: char 258, line 10
### Maximum relative error in matching lines = 3.31e-16 at line 8156 field 5
psi602
okay/psi602.out psi602.out differ: char 259, line 10
### Maximum relative error in matching lines = 3.46e-16 at line 8156 field 5
Checking tdgen ...
File differences are made with: /usr/local/bin/ndiff --relerr 5.0e-11 --minwidth 10
pln001
okay/pln001.out pln001.out differ: char 284, line 11
### Maximum relative error in matching lines = 6.02e-16 at line 15 field 5
Checking tdgen ...
File differences are made with: /usr/local/bin/ndiff --relerr 5.0e-11 --minwidth 10
pln101
okay/pln101.out pln101.out differ: char 295, line 11
### Maximum relative error in matching lines = 3.28e-15 at line 8804 field 5
Checking tdgen ...
File differences are made with: /usr/local/bin/ndiff --relerr 5.0e-11 --minwidth 10
pln201
okay/pln201.out pln201.out differ: char 295, line 11
### Maximum relative error in matching lines = 1.93e-15 at line 33 field 5
Checking tdgen ...
File differences are made with: /usr/local/bin/ndiff --relerr 5.0e-11 --minwidth 10
sin001
okay/sin001.out sin001.out differ: char 137, line 7
### Maximum relative error in matching lines = 6.45e-17 at line 14 field 5
Checking tdgen ...
File differences are made with: /usr/local/bin/ndiff --relerr 5.0e-11 --minwidth 10
sin101
okay/sin101.out sin101.out differ: char 147, line 7
### Maximum relative error in matching lines = 1.23e-16 at line 1579 field 5
sin102
okay/sin102.out sin102.out differ: char 147, line 7
### Maximum relative error in matching lines = 1.23e-16 at line 1579 field 5
sin103
okay/sin103.out sin103.out differ: char 147, line 7
### Maximum relative error in matching lines = 1.23e-16 at line 1579 field 5
Checking tdgen ...
File differences are made with: /usr/local/bin/ndiff --relerr 5.0e-11 --minwidth 10
sin201
okay/sin201.out sin201.out differ: char 147, line 7
### Maximum relative error in matching lines = 1.18e-16 at line 6729 field 5
Checking tdgen ...
File differences are made with: /usr/local/bin/ndiff --relerr 5.0e-11 --minwidth 10
tan001
okay/tan001.out tan001.out differ: char 137, line 7
### Maximum relative error in matching lines = 8.47e-17 at line 14 field 5
Checking tdgen ...
File differences are made with: /usr/local/bin/ndiff --relerr 5.0e-11 --minwidth 10
tan101
okay/tan101.out tan101.out differ: char 147, line 7
### Maximum relative error in matching lines = 1.10e-16 at line 3366 field 5
tan102
okay/tan102.out tan102.out differ: char 147, line 7
### Maximum relative error in matching lines = 1.10e-16 at line 3783 field 5
Checking tdgen ...
File differences are made with: /usr/local/bin/ndiff --relerr 5.0e-11 --minwidth 10
tan201
okay/tan201.out tan201.out differ: char 147, line 7
### Maximum relative error in matching lines = 1.10e-16 at line 1126 field 5
============================== Making check-dp in jacobi
(cd ../common; make lib-dp)
ar -r ../libgjl.a d2norm.o dcopy.o deps.o derbit.o dfloat.o dfpmax.o dgamma.o dinf.o diran.o dlgam.o dlog2.o dnan.o dpsi.o dpsiln.o dran.o dstore.o dstorf.o dvsum.o ffalse.o ftrue.o getnan.o idceil.o isdinf.o isdnan.o pythag.o tql1.o
ranlib ../libgjl.a || true
ar -r ../libgjl.a gjqf.o gjqfd.o gjqli.o gjqrc.o
ranlib ../libgjl.a || true
========================================================================
There should be no output from these tests, except their names. If
ndiff is available, there will also be reports of the maximum absolute
and relative errors found. If small numeric differences are reported,
then YOU must decide whether they are significant. You can do
         make check RELERR=xxx
to rerun the tests with a different relative error tolerance, where xxx
is either a suitable small positive floating-point number, or else a
value >= 1.0, meaning that multiple of the machine epsilon.
========================================================================
Checking tgjf1 ...
File differences are made with: /usr/local/bin/ndiff --relerr 1.0e-10 --minwidth 10 --abserr 0
gjf101
gjf102
gjf103
gjf104
gjf105
Checking tgjf2 ...
File differences are made with: /usr/local/bin/ndiff --relerr 1.0e-10 --minwidth 10 --abserr 0
gjf201
gjf202
gjf203
gjf204
gjf205
Checking tgjfd1 ...
File differences are made with: /usr/local/bin/ndiff --relerr 1.0e-10 --minwidth 10 --abserr 0
gjfd101
gjfd102
gjfd103
gjfd104
gjfd105
Checking tgjfd2 ...
File differences are made with: /usr/local/bin/ndiff --relerr 1.0e-10 --minwidth 10 --abserr 0
gjfd201
gjfd202
gjfd203
gjfd204
gjfd205
============================== Making check-dp in laguerre
(cd ../common; make lib-dp)
ar -r ../libgjl.a d2norm.o dcopy.o deps.o derbit.o dfloat.o dfpmax.o dgamma.o dinf.o diran.o dlgam.o dlog2.o dnan.o dpsi.o dpsiln.o dran.o dstore.o dstorf.o dvsum.o ffalse.o ftrue.o getnan.o idceil.o isdinf.o isdnan.o pythag.o tql1.o
ranlib ../libgjl.a || true
ar -r ../libgjl.a glqf.o glqfd.o glqli.o glqrc.o
ranlib ../libgjl.a || true
========================================================================
There should be no output from these tests, except their names. If
ndiff is available, there will also be reports of the maximum absolute
and relative errors found. If small numeric differences are reported,
then YOU must decide whether they are significant. You can do
         make check RELERR=xxx
to rerun the tests with a different relative error tolerance, where xxx
is either a suitable small positive floating-point number, or else a
value >= 1.0, meaning that multiple of the machine epsilon.
========================================================================
Checking tglf1 ...
File differences are made with: /usr/local/bin/ndiff --relerr 1.0e-10 --minwidth 10 --abserr 0
glf101
glf102
glf103
glf104
glf105
glf106
glf107
glf108
glf109
Checking tglf2 ...
File differences are made with: /usr/local/bin/ndiff --relerr 1.0e-10 --minwidth 10 --abserr 0
glf201
glf202
Checking tglf3 ...
File differences are made with: /usr/local/bin/ndiff --relerr 1.0e-10 --minwidth 10 --abserr 0
glf301
glf302
Checking tglf4 ...
File differences are made with: /usr/local/bin/ndiff --relerr 1.0e-10 --minwidth 10 --abserr 0
glf401
glf402
glf403
glf404
glf405
glf406
glf407
glf408
glf409
glf410
Checking tglf5 ...
File differences are made with: /usr/local/bin/ndiff --relerr 1.0e-10 --minwidth 10 --abserr 0
glf501
glf502
glf503
glf504
glf505
glf506
glf507
glf508
glf509
Checking tglf6 ...
File differences are made with: /usr/local/bin/ndiff --relerr 1.0e-10 --minwidth 10 --abserr 0
glf601
glf602
glf603
glf604
glf605
glf606
glf607
glf608
glf609
glf610
Checking tglfd1 ...
File differences are made with: /usr/local/bin/ndiff --relerr 1.0e-10 --minwidth 10 --abserr 0
glfd101
glfd102
glfd103
glfd104
glfd105
glfd106
glfd107
glfd108
glfd109
Checking tglfd2 ...
File differences are made with: /usr/local/bin/ndiff --relerr 1.0e-10 --minwidth 10 --abserr 0
glfd201
glfd202
Checking tglfd3 ...
File differences are made with: /usr/local/bin/ndiff --relerr 1.0e-10 --minwidth 10 --abserr 0
glfd301
glfd302
Checking tglfd4 ...
File differences are made with: /usr/local/bin/ndiff --relerr 1.0e-10 --minwidth 10 --abserr 0
glfd401
glfd402
glfd403
glfd404
glfd405
glfd406
glfd407
glfd408
glfd409
glfd410
Checking tglfd5 ...
File differences are made with: /usr/local/bin/ndiff --relerr 1.0e-10 --minwidth 10 --abserr 0
glfd501
glfd502
glfd503
glfd504
glfd505
glfd506
glfd507
glfd508
glfd509
Checking tglfd6 ...
File differences are made with: /usr/local/bin/ndiff --relerr 1.0e-10 --minwidth 10 --abserr 0
glfd601
glfd602
glfd603
glfd604
glfd605
glfd606
glfd607
glfd608
glfd609
glfd610
============================== Making check-dp in common
ar -r ../libgjl.a d2norm.o dcopy.o deps.o derbit.o dfloat.o dfpmax.o dgamma.o dinf.o diran.o dlgam.o dlog2.o dnan.o dpsi.o dpsiln.o dran.o dstore.o dstorf.o dvsum.o ffalse.o ftrue.o getnan.o idceil.o isdinf.o isdnan.o pythag.o tql1.o
ranlib ../libgjl.a || true
ar -r ../libgjl.a aeps.o afpmax.o ainf.o airan.o algam.o alog2.o anan.o astore.o astorf.o avsum.o gamma.o iceil.o isainf.o isanan.o psi.o psiln.o ran.o
ranlib ../libgjl.a || true
There is no validation suite in this directory
129.55u 14.76s 8:31.71 28.2%
============================================================
Disk free report for /local/build/f95:
			Filesystem           1K-blocks      Used Available Use% Mounted on
			/dev/dsk/c0t1d0s0     68522650  24126825  43710599  36% /
Remote date:            2004.03.19.17.25.56
============================================================
