============================================================
/usr/local/bin/.: Permission denied.
Machinetype:            IBM RS6000 43P-132 (133 MHz);  AIX 4.2
System status:            05:23PM   up 18 days,   8:59,  2 users,  load average: 0.58, 0.21, 0.09
Remote lcc version:     lcc version 4.1.beta.9 [11-May-2001]
Package:                quadlog-gampsi
Archive:                /a/suncore0/export/home/0077/sy/beebe/build//quadlog-gampsi.tar.gz
Date:                   2004.03.19.17.22.53
Local user:             beebe
Local host:             psi.math.utah.edu
Local log directory:    /a/suncore0/export/home/0077/sy/beebe/build/logs/quadlog-gampsi
Local log file:         quadlog-gampsi.top.physics.utah.edu.2004.03.19.17.22.53.log
Remote user:            beebe
Remote host:            top.physics.utah.edu
Remote directory:       /u/admin/beebe/build/f77
Remote date:            2004.03.19.17.23.10
Remote uname:           AIX top 2 4 003814274C00 unknown unknown AIX
Remote gcc version:     2.95.3
Remote g++ version:     2.95.3
Remote gcc3 version:    gcc3: Command not found.
Remote g++3 version:    g++3: Command not found.
Configure environment:  CC=cc CXX=xlC	 F77=f77 FC=f77 LDFLAGS=-Wl,-L/usr/local/lib 
Extra environment:      
Configure flags:        
Make all targets:       all all-qp
Make check targets:     check
Disk free report for /u/admin/beebe/build/f77:
			Filesystem           1K-blocks      Used Available Use% Mounted on
			nova.physics.utah.edu:/export/d1/0002/admin
			                      35211232  30939444   3919676  89% /tmp_mnt/home/admin
Environment:
			ARCH_TYPE=003814274C00
			DISPLAY=localhost:13.0
			EDITOR=/usr/local/bin/emacs
			GROUP=audit
			H=0.0.0.0
			HOME=/u/admin/beebe
			HOST=top.physics.utah.edu
			HOSTTYPE=rs6000
			ICAROOT=/usr/local/lib/ICAClient
			LANG=C
			LC__FASTMSG=true
			LOCPATH=/usr/lib/nls/loc
			LOGIN=beebe
			LOGNAME=beebe
			MACHINE_TYPE=AIX003814274C00
			MACHTYPE=rs6000
			MAIL=/var/mail/beebe
			MANPATH=/usr/man:/usr/local/man
			MFINPUTS=.:/usr/local/lib/mf/macros:/usr/local/lib/mf/cm:/usr/local/lib/mf
			NLSPATH=/usr/lib/nls/msg/%L/%N:/usr/lib/nls/msg/%L/%N.cat
			NNTPSERVER=news.cc.utah.edu
			ODMDIR=/etc/objrepos
			OSTYPE=aix
			OS_RELEASE=2
			OS_TYPE=AIX
			OS_VERSION=4
			PAGER=/usr/local/bin/less
			PATH=/usr/local/bin/X11:/usr/local/bin:/local/bin:/u/admin/beebe/bin:/usr/plocal/bin:/usr/local/bin/X11:/usr/dt/bin:/usr/bin/X11:/usr/local/pbmplus:/usr/local/X11R5/bin:/usr/ccs/bin:/usr/ucb:/usr/sbin:/usr/bin:/bin:/sbin:/usr/local/etc:/usr/etc:/etc:/usr/local/Acrobat3/bin:/usr/local/teTeX/bin/powerpc-aix4.1.4.0:/usr/plocal/aix4/bin:.:/u/admin/beebe/bin/aix42:/usr/local/Acrobat3/bin:/usr/local/teTeX/bin/powerpc-aix4.1.4.0
			PVM_ROOT=/usr/local/pvm3
			PWD=/u/admin/beebe
			REMOTEHOST=0.0.0.0
			SHELL=/bin/tcsh
			SHLVL=1
			SSH_CLIENT=128.110.198.32 49774 22
			SSH_CONNECTION=128.110.198.32 49774 128.110.200.129 22
			TERM=unknown
			TEXINPUTS=:~/tex//
			TZ=MST7MDT
			USER=beebe
			VENDOR=ibm
			WWW_HOME=http://www.physics.utah.edu/
			XKEYSYMDB=/usr/local/lib/netscape/XKeysymDB
			prefix=/usr/local
============================================================
configure: creating ./config.status
config.status: creating Makefile
configure: configuring in common
configure: running /bin/sh './configure'  --cache-file=/dev/null --srcdir=.
checking for gcc... cc
checking for C compiler default output file name... a.out
checking whether the C compiler works... yes
checking whether we are cross compiling... no
checking for suffix of executables... 
checking for suffix of object files... o
checking whether we are using the GNU C compiler... no
checking whether cc accepts -g... yes
checking for cc option to accept ANSI C... none needed
checking whether we are using the GNU Fortran 77 compiler... no
checking whether f77 accepts -g... yes
checking for autoconf... autoconf
configure: creating ./config.status
config.status: creating Makefile
configure: configuring in gampsi
configure: running /bin/sh './configure'  --cache-file=/dev/null --srcdir=.
checking for gcc... cc
checking for C compiler default output file name... a.out
checking whether the C compiler works... yes
checking whether we are cross compiling... no
checking for suffix of executables... 
checking for suffix of object files... o
checking whether we are using the GNU C compiler... no
checking whether cc accepts -g... yes
checking for cc option to accept ANSI C... none needed
checking whether we are using the GNU Fortran 77 compiler... no
checking whether f77 accepts -g... yes
checking for autoconf... autoconf
checking for gzip... gzip
checking for tar... tar
configure: creating ./config.status
config.status: creating Makefile
configure: configuring in jacobi
configure: running /bin/sh './configure'  --cache-file=/dev/null --srcdir=.
checking for gcc... cc
checking for C compiler default output file name... a.out
checking whether the C compiler works... yes
checking whether we are cross compiling... no
checking for suffix of executables... 
checking for suffix of object files... o
checking whether we are using the GNU C compiler... no
checking whether cc accepts -g... yes
checking for cc option to accept ANSI C... none needed
checking whether we are using the GNU Fortran 77 compiler... no
checking whether f77 accepts -g... yes
checking for autoconf... autoconf
configure: creating ./config.status
config.status: creating Makefile
configure: configuring in laguerre
configure: running /bin/sh './configure'  --cache-file=/dev/null --srcdir=.
checking for gcc... cc
checking for C compiler default output file name... a.out
checking whether the C compiler works... yes
checking whether we are cross compiling... no
checking for suffix of executables... 
checking for suffix of object files... o
checking whether we are using the GNU C compiler... no
checking whether cc accepts -g... yes
checking for cc option to accept ANSI C... none needed
checking whether we are using the GNU Fortran 77 compiler... no
checking whether f77 accepts -g... yes
checking for autoconf... autoconf
checking if -lm needed for math functions... yes
checking if -lxlf90 needed for library routines... 
checking if -lxlf90 needed for library routines... yes
configure: creating ./config.status
config.status: creating Makefile
configure: configuring in man
configure: running /bin/sh './configure'  --cache-file=/dev/null --srcdir=.
checking for autoconf... autoconf
checking for deroff... deroff
checking for ps2pdf... ps2pdf
checking for man2html... man2html
configure: creating ./config.status
config.status: creating Makefile
11.58user 35.46system 24:15.84elapsed 3%CPU (692avgtext+413avgdata 12640maxresident)k
0inputs+0outputs (1762major+132509minor)pagefaults 0swaps
(cd common && make  prefix=/usr/local FWARN="" FOPT="-O" all )
f77 -g -O     -c -o d2norm.o d2norm.f
** d2norm   === End of Compilation 1 ===
1501-510  Compilation successful for file d2norm.f.
f77 -g -O     -c -o dcopy.o dcopy.f
** dcopy   === End of Compilation 1 ===
1501-510  Compilation successful for file dcopy.f.
f77 -g -O     -c -o deps.o deps.f
** deps   === End of Compilation 1 ===
1501-510  Compilation successful for file deps.f.
f77 -g -O     -c -o derbit.o derbit.f
** derbit   === End of Compilation 1 ===
1501-510  Compilation successful for file derbit.f.
f77 -g -O     -c -o dfloat.o dfloat.f
** dfloat   === End of Compilation 1 ===
1501-510  Compilation successful for file dfloat.f.
f77 -g -O     -c -o dfpmax.o dfpmax.f
** dfpmax   === End of Compilation 1 ===
1501-510  Compilation successful for file dfpmax.f.
f77 -g -O     -c -o dgamma.o dgamma.f
** dgamma   === End of Compilation 1 ===
1501-510  Compilation successful for file dgamma.f.
f77 -g -O     -c -o dinf.o dinf.f
** dinf   === End of Compilation 1 ===
1501-510  Compilation successful for file dinf.f.
f77 -g -O     -c -o diran.o diran.f
** diran   === End of Compilation 1 ===
1501-510  Compilation successful for file diran.f.
f77 -g -O     -c -o dlgam.o dlgam.f
** dlgam   === End of Compilation 1 ===
1501-510  Compilation successful for file dlgam.f.
f77 -g -O     -c -o dlog2.o dlog2.f
** dlog2   === End of Compilation 1 ===
1501-510  Compilation successful for file dlog2.f.
f77 -g -O     -c -o dnan.o dnan.f
** dnan   === End of Compilation 1 ===
1501-510  Compilation successful for file dnan.f.
f77 -g -O     -c -o dpsi.o dpsi.f
** dpsi   === End of Compilation 1 ===
1501-510  Compilation successful for file dpsi.f.
f77 -g -O     -c -o dpsiln.o dpsiln.f
** dpsiln   === End of Compilation 1 ===
1501-510  Compilation successful for file dpsiln.f.
f77 -g -O     -c -o dran.o dran.f
** dran   === End of Compilation 1 ===
1501-510  Compilation successful for file dran.f.
f77 -g -O     -c -o dstore.o dstore.f
** dstore   === End of Compilation 1 ===
1501-510  Compilation successful for file dstore.f.
f77 -g -O     -c -o dstorf.o dstorf.f
** dstorf   === End of Compilation 1 ===
1501-510  Compilation successful for file dstorf.f.
f77 -g -O     -c -o dvsum.o dvsum.f
** dvsum   === End of Compilation 1 ===
1501-510  Compilation successful for file dvsum.f.
f77 -g -O     -c -o ffalse.o ffalse.f
** ffalse   === End of Compilation 1 ===
1501-510  Compilation successful for file ffalse.f.
f77 -g -O     -c -o ftrue.o ftrue.f
** ftrue   === End of Compilation 1 ===
1501-510  Compilation successful for file ftrue.f.
f77 -g -O     -c -o getnan.o getnan.f
** getnan   === End of Compilation 1 ===
1501-510  Compilation successful for file getnan.f.
f77 -g -O     -c -o idceil.o idceil.f
** idceil   === End of Compilation 1 ===
1501-510  Compilation successful for file idceil.f.
f77 -g -O     -c -o isdinf.o isdinf.f
** isdinf   === End of Compilation 1 ===
1501-510  Compilation successful for file isdinf.f.
f77 -g -O     -c -o isdnan.o isdnan.f
** isdnan   === End of Compilation 1 ===
1501-510  Compilation successful for file isdnan.f.
f77 -g -O     -c -o pythag.o pythag.f
** pythag   === End of Compilation 1 ===
1501-510  Compilation successful for file pythag.f.
f77 -g -O     -c -o tql1.o tql1.f
** tql1   === End of Compilation 1 ===
1501-510  Compilation successful for file tql1.f.
ar -r ../libgjl.a d2norm.o dcopy.o deps.o derbit.o dfloat.o dfpmax.o dgamma.o dinf.o diran.o dlgam.o dlog2.o dnan.o dpsi.o dpsiln.o dran.o dstore.o dstorf.o dvsum.o ffalse.o ftrue.o getnan.o idceil.o isdinf.o isdnan.o pythag.o tql1.o
ar: creating an archive file ../libgjl.a
ranlib ../libgjl.a || true
f77 -g -O     -c -o aeps.o aeps.f
** aeps   === End of Compilation 1 ===
1501-510  Compilation successful for file aeps.f.
f77 -g -O     -c -o afpmax.o afpmax.f
** afpmax   === End of Compilation 1 ===
1501-510  Compilation successful for file afpmax.f.
f77 -g -O     -c -o ainf.o ainf.f
** ainf   === End of Compilation 1 ===
1501-510  Compilation successful for file ainf.f.
f77 -g -O     -c -o airan.o airan.f
** airan   === End of Compilation 1 ===
1501-510  Compilation successful for file airan.f.
f77 -g -O     -c -o algam.o algam.f
** algam   === End of Compilation 1 ===
1501-510  Compilation successful for file algam.f.
f77 -g -O     -c -o alog2.o alog2.f
** alog2   === End of Compilation 1 ===
1501-510  Compilation successful for file alog2.f.
f77 -g -O     -c -o anan.o anan.f
** anan   === End of Compilation 1 ===
1501-510  Compilation successful for file anan.f.
f77 -g -O     -c -o astore.o astore.f
** astore   === End of Compilation 1 ===
1501-510  Compilation successful for file astore.f.
f77 -g -O     -c -o astorf.o astorf.f
** astorf   === End of Compilation 1 ===
1501-510  Compilation successful for file astorf.f.
f77 -g -O     -c -o avsum.o avsum.f
** avsum   === End of Compilation 1 ===
1501-510  Compilation successful for file avsum.f.
f77 -g -O     -c -o gamma.o gamma.f
** gamma   === End of Compilation 1 ===
1501-510  Compilation successful for file gamma.f.
f77 -g -O     -c -o iceil.o iceil.f
** iceil   === End of Compilation 1 ===
1501-510  Compilation successful for file iceil.f.
f77 -g -O     -c -o isainf.o isainf.f
** isainf   === End of Compilation 1 ===
1501-510  Compilation successful for file isainf.f.
f77 -g -O     -c -o isanan.o isanan.f
** isanan   === End of Compilation 1 ===
1501-510  Compilation successful for file isanan.f.
f77 -g -O     -c -o psi.o psi.f
** psi   === End of Compilation 1 ===
1501-510  Compilation successful for file psi.f.
f77 -g -O     -c -o psiln.o psiln.f
** psiln   === End of Compilation 1 ===
1501-510  Compilation successful for file psiln.f.
f77 -g -O     -c -o ran.o ran.f
** ran   === End of Compilation 1 ===
1501-510  Compilation successful for file ran.f.
ar -r ../libgjl.a aeps.o afpmax.o ainf.o airan.o algam.o alog2.o anan.o astore.o astorf.o avsum.o gamma.o iceil.o isainf.o isanan.o psi.o psiln.o ran.o
ranlib ../libgjl.a || true
for subdir in man gampsi jacobi laguerre common ; do echo ============================== Making all in $subdir ; ( cd $subdir && make  prefix=/usr/local FWARN="" FOPT="-O" all ) ; done
============================== Making all in man
============================== Making all in gampsi
(cd ../common; make lib-dp)
ar -r ../libgjl.a d2norm.o dcopy.o deps.o derbit.o dfloat.o dfpmax.o dgamma.o dinf.o diran.o dlgam.o dlog2.o dnan.o dpsi.o dpsiln.o dran.o dstore.o dstorf.o dvsum.o ffalse.o ftrue.o getnan.o idceil.o isdinf.o isdnan.o pythag.o tql1.o
ranlib ../libgjl.a || true
f77 -g -O -I../common   -c -o tdgen.o tdgen.f
** tdgen   === End of Compilation 1 ===
1501-510  Compilation successful for file tdgen.f.
f77 -g -O -I../common   -c -o funhdr.o funhdr.f
** funhdr   === End of Compilation 1 ===
1501-510  Compilation successful for file funhdr.f.
f77 -g -O -I../common   -c -o dgen.o dgen.f
** dgen   === End of Compilation 1 ===
1501-510  Compilation successful for file dgen.f.
f77 -g -O -I../common   -o tdgen tdgen.o funhdr.o dgen.o ../common/dfloat.o ../common/dinf.o ../common/diran.o ../common/dnan.o ../common/dran.o ../common/dstorf.o ../common/idceil.o ../common/isdnan.o ../common/dgamma.o ../common/dlgam.o ../common/dpsi.o ../common/dpsiln.o 
(cd ../common; make lib-sp)
ar -r ../libgjl.a aeps.o afpmax.o ainf.o airan.o algam.o alog2.o anan.o astore.o astorf.o avsum.o gamma.o iceil.o isainf.o isanan.o psi.o psiln.o ran.o
ranlib ../libgjl.a || true
f77 -g -O -I../common   -c -o tagen.o tagen.f
** tagen   === End of Compilation 1 ===
1501-510  Compilation successful for file tagen.f.
f77 -g -O -I../common   -c -o agen.o agen.f
** agen   === End of Compilation 1 ===
1501-510  Compilation successful for file agen.f.
f77 -g -O -I../common   -o tagen tagen.o funhdr.o agen.o ../common/ainf.o ../common/airan.o ../common/anan.o ../common/astorf.o ../common/iceil.o ../common/isanan.o ../common/ran.o ../common/algam.o ../common/dfloat.o ../common/gamma.o ../common/idceil.o ../common/psi.o ../common/psiln.o 
============================== Making all in jacobi
f77 -g -O -I../common   -c -o gjqf.o gjqf.f
** gjqf   === End of Compilation 1 ===
1501-510  Compilation successful for file gjqf.f.
f77 -g -O -I../common   -c -o gjqfd.o gjqfd.f
** gjqfd   === End of Compilation 1 ===
1501-510  Compilation successful for file gjqfd.f.
f77 -g -O -I../common   -c -o gjqli.o gjqli.f
** gjqli   === End of Compilation 1 ===
1501-510  Compilation successful for file gjqli.f.
f77 -g -O -I../common   -c -o gjqrc.o gjqrc.f
** gjqrc   === End of Compilation 1 ===
1501-510  Compilation successful for file gjqrc.f.
(cd ../common; make lib-dp)
ar -r ../libgjl.a d2norm.o dcopy.o deps.o derbit.o dfloat.o dfpmax.o dgamma.o dinf.o diran.o dlgam.o dlog2.o dnan.o dpsi.o dpsiln.o dran.o dstore.o dstorf.o dvsum.o ffalse.o ftrue.o getnan.o idceil.o isdinf.o isdnan.o pythag.o tql1.o
ranlib ../libgjl.a || true
ar -r ../libgjl.a gjqf.o gjqfd.o gjqli.o gjqrc.o
ranlib ../libgjl.a || true
f77 -g -O -I../common   -c -o tgjf1.o tgjf1.f
** tgjf1   === End of Compilation 1 ===
1501-510  Compilation successful for file tgjf1.f.
f77 -g -O -I../common   -c -o ../common/prthdr.o ../common/prthdr.f
** prthdr   === End of Compilation 1 ===
1501-510  Compilation successful for file prthdr.f.
f77 -g -O -I../common   -c -o ../common/trapit.o ../common/trapit.f
** trapit   === End of Compilation 1 ===
1501-510  Compilation successful for file trapit.f.
f77 -g -O -I../common   -o tgjf1 tgjf1.o gjqf.o gjqli.o gjqrc.o gjqfd.o ../common/d2norm.o ../common/dcopy.o ../common/deps.o ../common/derbit.o ../common/dfloat.o ../common/dgamma.o ../common/dinf.o ../common/dlog2.o ../common/dnan.o ../common/dpsi.o ../common/dstore.o ../common/dstorf.o ../common/dvsum.o ../common/isdnan.o ../common/prthdr.o ../common/pythag.o ../common/tql1.o ../common/trapit.o ../libgjl.a
f77 -g -O -I../common   -c -o tgjf2.o tgjf2.f
** tgjf2   === End of Compilation 1 ===
1501-510  Compilation successful for file tgjf2.f.
f77 -g -O -I../common   -o tgjf2 tgjf2.o gjqf.o gjqli.o gjqrc.o gjqfd.o ../common/d2norm.o ../common/dcopy.o ../common/deps.o ../common/derbit.o ../common/dfloat.o ../common/dgamma.o ../common/dinf.o ../common/dlog2.o ../common/dnan.o ../common/dpsi.o ../common/dstore.o ../common/dstorf.o ../common/dvsum.o ../common/isdnan.o ../common/prthdr.o ../common/pythag.o ../common/tql1.o ../common/trapit.o ../libgjl.a
f77 -g -O -I../common   -c -o tgjfd1.o tgjfd1.f
** tgjfd1   === End of Compilation 1 ===
1501-510  Compilation successful for file tgjfd1.f.
f77 -g -O -I../common   -o tgjfd1 tgjfd1.o gjqfd.o ../common/d2norm.o ../common/dcopy.o ../common/deps.o ../common/derbit.o ../common/dfloat.o ../common/dgamma.o ../common/dinf.o ../common/dlog2.o ../common/dnan.o ../common/dpsi.o ../common/dstore.o ../common/dstorf.o ../common/dvsum.o ../common/isdnan.o ../common/prthdr.o ../common/pythag.o ../common/tql1.o ../common/trapit.o ../libgjl.a
f77 -g -O -I../common   -c -o tgjfd2.o tgjfd2.f
** tgjfd2   === End of Compilation 1 ===
1501-510  Compilation successful for file tgjfd2.f.
f77 -g -O -I../common   -o tgjfd2 tgjfd2.o gjqfd.o ../common/d2norm.o ../common/dcopy.o ../common/deps.o ../common/derbit.o ../common/dfloat.o ../common/dgamma.o ../common/dinf.o ../common/dlog2.o ../common/dnan.o ../common/dpsi.o ../common/dstore.o ../common/dstorf.o ../common/dvsum.o ../common/isdnan.o ../common/prthdr.o ../common/pythag.o ../common/tql1.o ../common/trapit.o ../libgjl.a
============================== Making all in laguerre
f77 -g -O -I../common   -c -o glqf.o glqf.f
** glqf   === End of Compilation 1 ===
1501-510  Compilation successful for file glqf.f.
f77 -g -O -I../common   -c -o glqfd.o glqfd.f
** glqfd   === End of Compilation 1 ===
1501-510  Compilation successful for file glqfd.f.
f77 -g -O -I../common   -c -o glqli.o glqli.f
** glqli   === End of Compilation 1 ===
1501-510  Compilation successful for file glqli.f.
f77 -g -O -I../common   -c -o glqrc.o glqrc.f
** glqrc   === End of Compilation 1 ===
1501-510  Compilation successful for file glqrc.f.
(cd ../common; make lib-dp)
ar -r ../libgjl.a d2norm.o dcopy.o deps.o derbit.o dfloat.o dfpmax.o dgamma.o dinf.o diran.o dlgam.o dlog2.o dnan.o dpsi.o dpsiln.o dran.o dstore.o dstorf.o dvsum.o ffalse.o ftrue.o getnan.o idceil.o isdinf.o isdnan.o pythag.o tql1.o
ranlib ../libgjl.a || true
ar -r ../libgjl.a glqf.o glqfd.o glqli.o glqrc.o
ranlib ../libgjl.a || true
f77 -g -O -I../common   -c -o tglf1.o tglf1.f
** tglf1   === End of Compilation 1 ===
1501-510  Compilation successful for file tglf1.f.
f77 -g -O -I../common   -o tglf1 tglf1.o glqf.o glqli.o glqfd.o glqrc.o ../common/prthdr.o ../common/d2norm.o ../common/dcopy.o ../common/deps.o ../common/derbit.o ../common/dfloat.o ../common/dgamma.o ../common/dinf.o ../common/dlog2.o ../common/dnan.o ../common/dpsi.o ../common/dstore.o ../common/dstorf.o ../common/dvsum.o ../common/isdnan.o ../common/pythag.o ../common/tql1.o ../common/trapit.o
f77 -g -O -I../common   -c -o tglf2.o tglf2.f
** tglf2   === End of Compilation 1 ===
1501-510  Compilation successful for file tglf2.f.
f77 -g -O -I../common   -o tglf2 tglf2.o glqf.o glqli.o glqfd.o glqrc.o ../common/prthdr.o ../common/d2norm.o ../common/dcopy.o ../common/deps.o ../common/derbit.o ../common/dfloat.o ../common/dgamma.o ../common/dinf.o ../common/dlog2.o ../common/dnan.o ../common/dpsi.o ../common/dstore.o ../common/dstorf.o ../common/dvsum.o ../common/isdnan.o ../common/pythag.o ../common/tql1.o ../common/trapit.o
f77 -g -O -I../common   -c -o tglf3.o tglf3.f
** tglf3   === End of Compilation 1 ===
1501-510  Compilation successful for file tglf3.f.
f77 -g -O -I../common   -o tglf3 tglf3.o glqf.o glqli.o glqfd.o glqrc.o ../common/prthdr.o ../common/d2norm.o ../common/dcopy.o ../common/deps.o ../common/derbit.o ../common/dfloat.o ../common/dgamma.o ../common/dinf.o ../common/dlog2.o ../common/dnan.o ../common/dpsi.o ../common/dstore.o ../common/dstorf.o ../common/dvsum.o ../common/isdnan.o ../common/pythag.o ../common/tql1.o ../common/trapit.o
f77 -g -O -I../common   -c -o tglf4.o tglf4.f
** tglf4   === End of Compilation 1 ===
1501-510  Compilation successful for file tglf4.f.
f77 -g -O -I../common   -o tglf4 tglf4.o glqf.o glqli.o glqfd.o glqrc.o ../common/prthdr.o ../common/d2norm.o ../common/dcopy.o ../common/deps.o ../common/derbit.o ../common/dfloat.o ../common/dgamma.o ../common/dinf.o ../common/dlog2.o ../common/dnan.o ../common/dpsi.o ../common/dstore.o ../common/dstorf.o ../common/dvsum.o ../common/isdnan.o ../common/pythag.o ../common/tql1.o ../common/trapit.o
f77 -g -O -I../common   -c -o tglf5.o tglf5.f
** tglf5   === End of Compilation 1 ===
1501-510  Compilation successful for file tglf5.f.
f77 -g -O -I../common   -o tglf5 tglf5.o glqf.o glqli.o glqfd.o glqrc.o ../common/prthdr.o ../common/d2norm.o ../common/dcopy.o ../common/deps.o ../common/derbit.o ../common/dfloat.o ../common/dgamma.o ../common/dinf.o ../common/dlog2.o ../common/dnan.o ../common/dpsi.o ../common/dstore.o ../common/dstorf.o ../common/dvsum.o ../common/isdnan.o ../common/pythag.o ../common/tql1.o ../common/trapit.o
f77 -g -O -I../common   -c -o tglf6.o tglf6.f
** tglf6   === End of Compilation 1 ===
1501-510  Compilation successful for file tglf6.f.
f77 -g -O -I../common   -o tglf6 tglf6.o glqf.o glqli.o glqfd.o glqrc.o ../common/prthdr.o ../common/d2norm.o ../common/dcopy.o ../common/deps.o ../common/derbit.o ../common/dfloat.o ../common/dgamma.o ../common/dinf.o ../common/dlog2.o ../common/dnan.o ../common/dpsi.o ../common/dstore.o ../common/dstorf.o ../common/dvsum.o ../common/isdnan.o ../common/pythag.o ../common/tql1.o ../common/trapit.o
f77 -g -O -I../common   -c -o tglfd1.o tglfd1.f
** tglfd1   === End of Compilation 1 ===
1501-510  Compilation successful for file tglfd1.f.
f77 -g -O -I../common   -o tglfd1 tglfd1.o glqli.o glqfd.o glqrc.o ../common/prthdr.o ../common/d2norm.o ../common/dcopy.o ../common/deps.o ../common/derbit.o ../common/dfloat.o ../common/dgamma.o ../common/dinf.o ../common/dlog2.o ../common/dnan.o ../common/dpsi.o ../common/dstore.o ../common/dstorf.o ../common/dvsum.o ../common/isdnan.o ../common/pythag.o ../common/tql1.o ../common/trapit.o
f77 -g -O -I../common   -c -o tglfd2.o tglfd2.f
** tglfd2   === End of Compilation 1 ===
1501-510  Compilation successful for file tglfd2.f.
f77 -g -O -I../common   -o tglfd2 tglfd2.o glqli.o glqfd.o glqrc.o ../common/prthdr.o ../common/d2norm.o ../common/dcopy.o ../common/deps.o ../common/derbit.o ../common/dfloat.o ../common/dgamma.o ../common/dinf.o ../common/dlog2.o ../common/dnan.o ../common/dpsi.o ../common/dstore.o ../common/dstorf.o ../common/dvsum.o ../common/isdnan.o ../common/pythag.o ../common/tql1.o ../common/trapit.o
f77 -g -O -I../common   -c -o tglfd3.o tglfd3.f
** tglfd3   === End of Compilation 1 ===
1501-510  Compilation successful for file tglfd3.f.
f77 -g -O -I../common   -o tglfd3 tglfd3.o glqli.o glqfd.o glqrc.o ../common/prthdr.o ../common/d2norm.o ../common/dcopy.o ../common/deps.o ../common/derbit.o ../common/dfloat.o ../common/dgamma.o ../common/dinf.o ../common/dlog2.o ../common/dnan.o ../common/dpsi.o ../common/dstore.o ../common/dstorf.o ../common/dvsum.o ../common/isdnan.o ../common/pythag.o ../common/tql1.o ../common/trapit.o
f77 -g -O -I../common   -c -o tglfd4.o tglfd4.f
** tglfd4   === End of Compilation 1 ===
1501-510  Compilation successful for file tglfd4.f.
f77 -g -O -I../common   -o tglfd4 tglfd4.o glqli.o glqfd.o glqrc.o ../common/prthdr.o ../common/d2norm.o ../common/dcopy.o ../common/deps.o ../common/derbit.o ../common/dfloat.o ../common/dgamma.o ../common/dinf.o ../common/dlog2.o ../common/dnan.o ../common/dpsi.o ../common/dstore.o ../common/dstorf.o ../common/dvsum.o ../common/isdnan.o ../common/pythag.o ../common/tql1.o ../common/trapit.o
f77 -g -O -I../common   -c -o tglfd5.o tglfd5.f
** tglfd5   === End of Compilation 1 ===
1501-510  Compilation successful for file tglfd5.f.
f77 -g -O -I../common   -o tglfd5 tglfd5.o glqli.o glqfd.o glqrc.o ../common/prthdr.o ../common/d2norm.o ../common/dcopy.o ../common/deps.o ../common/derbit.o ../common/dfloat.o ../common/dgamma.o ../common/dinf.o ../common/dlog2.o ../common/dnan.o ../common/dpsi.o ../common/dstore.o ../common/dstorf.o ../common/dvsum.o ../common/isdnan.o ../common/pythag.o ../common/tql1.o ../common/trapit.o
f77 -g -O -I../common   -c -o tglfd6.o tglfd6.f
** tglfd6   === End of Compilation 1 ===
1501-510  Compilation successful for file tglfd6.f.
f77 -g -O -I../common   -o tglfd6 tglfd6.o glqli.o glqfd.o glqrc.o ../common/prthdr.o ../common/d2norm.o ../common/dcopy.o ../common/deps.o ../common/derbit.o ../common/dfloat.o ../common/dgamma.o ../common/dinf.o ../common/dlog2.o ../common/dnan.o ../common/dpsi.o ../common/dstore.o ../common/dstorf.o ../common/dvsum.o ../common/isdnan.o ../common/pythag.o ../common/tql1.o ../common/trapit.o
============================== Making all in common
ar -r ../libgjl.a d2norm.o dcopy.o deps.o derbit.o dfloat.o dfpmax.o dgamma.o dinf.o diran.o dlgam.o dlog2.o dnan.o dpsi.o dpsiln.o dran.o dstore.o dstorf.o dvsum.o ffalse.o ftrue.o getnan.o idceil.o isdinf.o isdnan.o pythag.o tql1.o
ranlib ../libgjl.a || true
ar -r ../libgjl.a aeps.o afpmax.o ainf.o airan.o algam.o alog2.o anan.o astore.o astorf.o avsum.o gamma.o iceil.o isainf.o isanan.o psi.o psiln.o ran.o
ranlib ../libgjl.a || true
(cd common && make  prefix=/usr/local FWARN="" FOPT="-O" all-qp )
f77 -g -O     -c -o iqceil.o iqceil.f
** iqceil   === End of Compilation 1 ===
1501-510  Compilation successful for file iqceil.f.
f77 -g -O     -c -o isqinf.o isqinf.f
** isqinf   === End of Compilation 1 ===
1501-510  Compilation successful for file isqinf.f.
f77 -g -O     -c -o isqnan.o isqnan.f
** isqnan   === End of Compilation 1 ===
1501-510  Compilation successful for file isqnan.f.
f77 -g -O     -c -o q2norm.o q2norm.f
** q2norm   === End of Compilation 1 ===
1501-510  Compilation successful for file q2norm.f.
f77 -g -O     -c -o qcopy.o qcopy.f
** qcopy   === End of Compilation 1 ===
1501-510  Compilation successful for file qcopy.f.
f77 -g -O     -c -o qeps.o qeps.f
** qeps   === End of Compilation 1 ===
1501-510  Compilation successful for file qeps.f.
f77 -g -O     -c -o qepsln.o qepsln.f
** qepsln   === End of Compilation 1 ===
1501-510  Compilation successful for file qepsln.f.
f77 -g -O     -c -o qerbit.o qerbit.f
** qerbit   === End of Compilation 1 ===
1501-510  Compilation successful for file qerbit.f.
f77 -g -O     -c -o qfloat.o qfloat.f
** qfloat   === End of Compilation 1 ===
1501-510  Compilation successful for file qfloat.f.
f77 -g -O     -c -o qfpmax.o qfpmax.f
** qfpmax   === End of Compilation 1 ===
1501-510  Compilation successful for file qfpmax.f.
f77 -g -O     -c -o qgamma.o qgamma.f
** qgamma   === End of Compilation 1 ===
1501-510  Compilation successful for file qgamma.f.
f77 -g -O     -c -o qinf.o qinf.f
** qinf   === End of Compilation 1 ===
1501-510  Compilation successful for file qinf.f.
f77 -g -O     -c -o qiran.o qiran.f
** qiran   === End of Compilation 1 ===
1501-510  Compilation successful for file qiran.f.
f77 -g -O     -c -o qlgam.o qlgam.f
** qlgam   === End of Compilation 1 ===
1501-510  Compilation successful for file qlgam.f.
f77 -g -O     -c -o qlog2.o qlog2.f
** qlog2   === End of Compilation 1 ===
1501-510  Compilation successful for file qlog2.f.
f77 -g -O     -c -o qnan.o qnan.f
** qnan   === End of Compilation 1 ===
1501-510  Compilation successful for file qnan.f.
f77 -g -O     -c -o qpsi.o qpsi.f
** qpsi   === End of Compilation 1 ===
1501-510  Compilation successful for file qpsi.f.
f77 -g -O     -c -o qpsiln.o qpsiln.f
** qpsiln   === End of Compilation 1 ===
1501-510  Compilation successful for file qpsiln.f.
f77 -g -O     -c -o qpythg.o qpythg.f
** qpythg   === End of Compilation 1 ===
1501-510  Compilation successful for file qpythg.f.
f77 -g -O     -c -o qstore.o qstore.f
** qstore   === End of Compilation 1 ===
1501-510  Compilation successful for file qstore.f.
f77 -g -O     -c -o qstorf.o qstorf.f
** qstorf   === End of Compilation 1 ===
1501-510  Compilation successful for file qstorf.f.
f77 -g -O     -c -o qtql1.o qtql1.f
** qtql1   === End of Compilation 1 ===
1501-510  Compilation successful for file qtql1.f.
f77 -g -O     -c -o qvsum.o qvsum.f
** qvsum   === End of Compilation 1 ===
1501-510  Compilation successful for file qvsum.f.
ar -r ../libgjl.a iqceil.o isqinf.o isqnan.o q2norm.o qcopy.o qeps.o qepsln.o qerbit.o qfloat.o qfpmax.o qgamma.o qinf.o qiran.o qlgam.o qlog2.o qnan.o qpsi.o qpsiln.o qpythg.o qstore.o qstorf.o qtql1.o qvsum.o
ranlib ../libgjl.a || true
for subdir in man gampsi jacobi laguerre common ; do echo ============================== Making all-qp in $subdir ; ( cd $subdir && make  prefix=/usr/local FWARN="" FOPT="-O" all-qp ) ; done
============================== Making all-qp in man
============================== Making all-qp in gampsi
(cd ../common; make lib-qp)
ar -r ../libgjl.a iqceil.o isqinf.o isqnan.o q2norm.o qcopy.o qeps.o qepsln.o qerbit.o qfloat.o qfpmax.o qgamma.o qinf.o qiran.o qlgam.o qlog2.o qnan.o qpsi.o qpsiln.o qpythg.o qstore.o qstorf.o qtql1.o qvsum.o
ranlib ../libgjl.a || true
f77 -g -O -I../common   -c -o tqgen.o tqgen.f
** tqgen   === End of Compilation 1 ===
** qqcos   === End of Compilation 2 ===
** qqexp   === End of Compilation 3 ===
** qqlog   === End of Compilation 4 ===
** qqsin   === End of Compilation 5 ===
** qqtan   === End of Compilation 6 ===
1501-510  Compilation successful for file tqgen.f.
f77 -g -O -I../common   -c -o qgen.o qgen.f
** qgen   === End of Compilation 1 ===
1501-510  Compilation successful for file qgen.f.
f77 -g -O -I../common   -o tqgen tqgen.o funhdr.o qgen.o ../common/dfloat.o ../common/diran.o ../common/dran.o ../common/dstorf.o ../common/iqceil.o ../common/isqnan.o ../common/qfloat.o ../common/qinf.o ../common/qnan.o ../common/qstorf.o ../common/qgamma.o ../common/qlgam.o ../common/qpsi.o ../common/qpsiln.o 
============================== Making all-qp in jacobi
f77 -g -O -I../common   -c -o qgjqf.o qgjqf.f
** qgjqf   === End of Compilation 1 ===
1501-510  Compilation successful for file qgjqf.f.
f77 -g -O -I../common   -c -o qgjqfd.o qgjqfd.f
** qgjqfd   === End of Compilation 1 ===
1501-510  Compilation successful for file qgjqfd.f.
f77 -g -O -I../common   -c -o qgjqli.o qgjqli.f
** qgjqli   === End of Compilation 1 ===
1501-510  Compilation successful for file qgjqli.f.
f77 -g -O -I../common   -c -o qgjqrc.o qgjqrc.f
** qgjqrc   === End of Compilation 1 ===
1501-510  Compilation successful for file qgjqrc.f.
(cd ../common; make lib-qp)
ar -r ../libgjl.a iqceil.o isqinf.o isqnan.o q2norm.o qcopy.o qeps.o qepsln.o qerbit.o qfloat.o qfpmax.o qgamma.o qinf.o qiran.o qlgam.o qlog2.o qnan.o qpsi.o qpsiln.o qpythg.o qstore.o qstorf.o qtql1.o qvsum.o
ranlib ../libgjl.a || true
ar -r ../libgjl.a qgjqf.o qgjqfd.o qgjqli.o qgjqrc.o
ranlib ../libgjl.a || true
f77 -g -O -I../common   -c -o tqgjf1.o tqgjf1.f
** tqgjf1   === End of Compilation 1 ===
1501-510  Compilation successful for file tqgjf1.f.
f77 -g -O -I../common   -c -o ../common/qprthdr.o ../common/qprthdr.f
** qprthd   === End of Compilation 1 ===
1501-510  Compilation successful for file qprthdr.f.
f77 -g -O -I../common   -o tqgjf1 tqgjf1.o qgjqf.o qgjqli.o qgjqrc.o qgjqfd.o ../common/q2norm.o ../common/qcopy.o ../common/qeps.o ../common/qerbit.o ../common/qfloat.o ../common/qgamma.o ../common/qinf.o ../common/qlog2.o ../common/qnan.o ../common/qpsi.o ../common/qstore.o ../common/qstorf.o ../common/qvsum.o ../common/isqnan.o ../common/qprthdr.o ../common/qpythg.o ../common/qtql1.o ../common/trapit.o ../libgjl.a
f77 -g -O -I../common   -c -o tqgjf2.o tqgjf2.f
** tqgjf2   === End of Compilation 1 ===
1501-510  Compilation successful for file tqgjf2.f.
f77 -g -O -I../common   -o tqgjf2 tqgjf2.o qgjqf.o qgjqli.o qgjqrc.o qgjqfd.o ../common/q2norm.o ../common/qcopy.o ../common/qeps.o ../common/qerbit.o ../common/qfloat.o ../common/qgamma.o ../common/qinf.o ../common/qlog2.o ../common/qnan.o ../common/qpsi.o ../common/qstore.o ../common/qstorf.o ../common/qvsum.o ../common/isqnan.o ../common/qprthdr.o ../common/qpythg.o ../common/qtql1.o ../common/trapit.o ../libgjl.a
f77 -g -O -I../common   -c -o tqgjfd1.o tqgjfd1.f
** tqgjfd1   === End of Compilation 1 ===
1501-510  Compilation successful for file tqgjfd1.f.
f77 -g -O -I../common   -o tqgjfd1 tqgjfd1.o qgjqfd.o ../common/q2norm.o ../common/qcopy.o ../common/qeps.o ../common/qerbit.o ../common/qfloat.o ../common/qgamma.o ../common/qinf.o ../common/qlog2.o ../common/qnan.o ../common/qpsi.o ../common/qstore.o ../common/qstorf.o ../common/qvsum.o ../common/isqnan.o ../common/qprthdr.o ../common/qpythg.o ../common/qtql1.o ../common/trapit.o ../libgjl.a
f77 -g -O -I../common   -c -o tqgjfd2.o tqgjfd2.f
** tqgjfd2   === End of Compilation 1 ===
1501-510  Compilation successful for file tqgjfd2.f.
f77 -g -O -I../common   -o tqgjfd2 tqgjfd2.o qgjqfd.o ../common/q2norm.o ../common/qcopy.o ../common/qeps.o ../common/qerbit.o ../common/qfloat.o ../common/qgamma.o ../common/qinf.o ../common/qlog2.o ../common/qnan.o ../common/qpsi.o ../common/qstore.o ../common/qstorf.o ../common/qvsum.o ../common/isqnan.o ../common/qprthdr.o ../common/qpythg.o ../common/qtql1.o ../common/trapit.o ../libgjl.a
============================== Making all-qp in laguerre
f77 -g -O -I../common   -c -o qglqf.o qglqf.f
** qglqf   === End of Compilation 1 ===
1501-510  Compilation successful for file qglqf.f.
f77 -g -O -I../common   -c -o qglqfd.o qglqfd.f
** qglqfd   === End of Compilation 1 ===
1501-510  Compilation successful for file qglqfd.f.
f77 -g -O -I../common   -c -o qglqli.o qglqli.f
** qglqli   === End of Compilation 1 ===
1501-510  Compilation successful for file qglqli.f.
f77 -g -O -I../common   -c -o qglqrc.o qglqrc.f
** qglqrc   === End of Compilation 1 ===
1501-510  Compilation successful for file qglqrc.f.
(cd ../common; make lib-qp)
ar -r ../libgjl.a iqceil.o isqinf.o isqnan.o q2norm.o qcopy.o qeps.o qepsln.o qerbit.o qfloat.o qfpmax.o qgamma.o qinf.o qiran.o qlgam.o qlog2.o qnan.o qpsi.o qpsiln.o qpythg.o qstore.o qstorf.o qtql1.o qvsum.o
ranlib ../libgjl.a || true
ar -r ../libgjl.a qglqf.o qglqfd.o qglqli.o qglqrc.o
ranlib ../libgjl.a || true
f77 -g -O -I../common   -c -o tqglf1.o tqglf1.f
** tqglf1   === End of Compilation 1 ===
1501-510  Compilation successful for file tqglf1.f.
f77 -g -O -I../common   -o tqglf1 tqglf1.o qglqf.o qglqli.o qglqfd.o qglqrc.o ../common/qprthdr.o ../common/q2norm.o ../common/qcopy.o ../common/qeps.o ../common/qerbit.o ../common/qfloat.o ../common/qgamma.o ../common/qinf.o ../common/qlog2.o ../common/qnan.o ../common/qpsi.o ../common/qstore.o ../common/qstorf.o ../common/qvsum.o ../common/isqnan.o ../common/qpythg.o ../common/qtql1.o ../common/trapit.o
f77 -g -O -I../common   -c -o tqglf2.o tqglf2.f
** tqglf2   === End of Compilation 1 ===
1501-510  Compilation successful for file tqglf2.f.
f77 -g -O -I../common   -o tqglf2 tqglf2.o qglqf.o qglqli.o qglqfd.o qglqrc.o ../common/qprthdr.o ../common/q2norm.o ../common/qcopy.o ../common/qeps.o ../common/qerbit.o ../common/qfloat.o ../common/qgamma.o ../common/qinf.o ../common/qlog2.o ../common/qnan.o ../common/qpsi.o ../common/qstore.o ../common/qstorf.o ../common/qvsum.o ../common/isqnan.o ../common/qpythg.o ../common/qtql1.o ../common/trapit.o
f77 -g -O -I../common   -c -o tqglf3.o tqglf3.f
** tqglf3   === End of Compilation 1 ===
1501-510  Compilation successful for file tqglf3.f.
f77 -g -O -I../common   -o tqglf3 tqglf3.o qglqf.o qglqli.o qglqfd.o qglqrc.o ../common/qprthdr.o ../common/q2norm.o ../common/qcopy.o ../common/qeps.o ../common/qerbit.o ../common/qfloat.o ../common/qgamma.o ../common/qinf.o ../common/qlog2.o ../common/qnan.o ../common/qpsi.o ../common/qstore.o ../common/qstorf.o ../common/qvsum.o ../common/isqnan.o ../common/qpythg.o ../common/qtql1.o ../common/trapit.o
f77 -g -O -I../common   -c -o tqglf4.o tqglf4.f
** tqglf4   === End of Compilation 1 ===
1501-510  Compilation successful for file tqglf4.f.
f77 -g -O -I../common   -o tqglf4 tqglf4.o qglqf.o qglqli.o qglqfd.o qglqrc.o ../common/qprthdr.o ../common/q2norm.o ../common/qcopy.o ../common/qeps.o ../common/qerbit.o ../common/qfloat.o ../common/qgamma.o ../common/qinf.o ../common/qlog2.o ../common/qnan.o ../common/qpsi.o ../common/qstore.o ../common/qstorf.o ../common/qvsum.o ../common/isqnan.o ../common/qpythg.o ../common/qtql1.o ../common/trapit.o
f77 -g -O -I../common   -c -o tqglf5.o tqglf5.f
** tqglf5   === End of Compilation 1 ===
1501-510  Compilation successful for file tqglf5.f.
f77 -g -O -I../common   -o tqglf5 tqglf5.o qglqf.o qglqli.o qglqfd.o qglqrc.o ../common/qprthdr.o ../common/q2norm.o ../common/qcopy.o ../common/qeps.o ../common/qerbit.o ../common/qfloat.o ../common/qgamma.o ../common/qinf.o ../common/qlog2.o ../common/qnan.o ../common/qpsi.o ../common/qstore.o ../common/qstorf.o ../common/qvsum.o ../common/isqnan.o ../common/qpythg.o ../common/qtql1.o ../common/trapit.o
f77 -g -O -I../common   -c -o tqglf6.o tqglf6.f
** tqglf6   === End of Compilation 1 ===
1501-510  Compilation successful for file tqglf6.f.
f77 -g -O -I../common   -o tqglf6 tqglf6.o qglqf.o qglqli.o qglqfd.o qglqrc.o ../common/qprthdr.o ../common/q2norm.o ../common/qcopy.o ../common/qeps.o ../common/qerbit.o ../common/qfloat.o ../common/qgamma.o ../common/qinf.o ../common/qlog2.o ../common/qnan.o ../common/qpsi.o ../common/qstore.o ../common/qstorf.o ../common/qvsum.o ../common/isqnan.o ../common/qpythg.o ../common/qtql1.o ../common/trapit.o
f77 -g -O -I../common   -c -o tqglfd1.o tqglfd1.f
** tqglfd1   === End of Compilation 1 ===
1501-510  Compilation successful for file tqglfd1.f.
f77 -g -O -I../common   -o tqglfd1 tqglfd1.o qglqli.o qglqfd.o qglqrc.o ../common/qprthdr.o ../common/q2norm.o ../common/qcopy.o ../common/qeps.o ../common/qerbit.o ../common/qfloat.o ../common/qgamma.o ../common/qinf.o ../common/qlog2.o ../common/qnan.o ../common/qpsi.o ../common/qstore.o ../common/qstorf.o ../common/qvsum.o ../common/isqnan.o ../common/qpythg.o ../common/qtql1.o ../common/trapit.o
f77 -g -O -I../common   -c -o tqglfd2.o tqglfd2.f
** tqglfd2   === End of Compilation 1 ===
1501-510  Compilation successful for file tqglfd2.f.
f77 -g -O -I../common   -o tqglfd2 tqglfd2.o qglqli.o qglqfd.o qglqrc.o ../common/qprthdr.o ../common/q2norm.o ../common/qcopy.o ../common/qeps.o ../common/qerbit.o ../common/qfloat.o ../common/qgamma.o ../common/qinf.o ../common/qlog2.o ../common/qnan.o ../common/qpsi.o ../common/qstore.o ../common/qstorf.o ../common/qvsum.o ../common/isqnan.o ../common/qpythg.o ../common/qtql1.o ../common/trapit.o
f77 -g -O -I../common   -c -o tqglfd3.o tqglfd3.f
** tqglfd3   === End of Compilation 1 ===
1501-510  Compilation successful for file tqglfd3.f.
f77 -g -O -I../common   -o tqglfd3 tqglfd3.o qglqli.o qglqfd.o qglqrc.o ../common/qprthdr.o ../common/q2norm.o ../common/qcopy.o ../common/qeps.o ../common/qerbit.o ../common/qfloat.o ../common/qgamma.o ../common/qinf.o ../common/qlog2.o ../common/qnan.o ../common/qpsi.o ../common/qstore.o ../common/qstorf.o ../common/qvsum.o ../common/isqnan.o ../common/qpythg.o ../common/qtql1.o ../common/trapit.o
f77 -g -O -I../common   -c -o tqglfd4.o tqglfd4.f
** tqlfd4   === End of Compilation 1 ===
1501-510  Compilation successful for file tqglfd4.f.
f77 -g -O -I../common   -o tqglfd4 tqglfd4.o qglqli.o qglqfd.o qglqrc.o ../common/qprthdr.o ../common/q2norm.o ../common/qcopy.o ../common/qeps.o ../common/qerbit.o ../common/qfloat.o ../common/qgamma.o ../common/qinf.o ../common/qlog2.o ../common/qnan.o ../common/qpsi.o ../common/qstore.o ../common/qstorf.o ../common/qvsum.o ../common/isqnan.o ../common/qpythg.o ../common/qtql1.o ../common/trapit.o
f77 -g -O -I../common   -c -o tqglfd5.o tqglfd5.f
** tqglfd5   === End of Compilation 1 ===
1501-510  Compilation successful for file tqglfd5.f.
f77 -g -O -I../common   -o tqglfd5 tqglfd5.o qglqli.o qglqfd.o qglqrc.o ../common/qprthdr.o ../common/q2norm.o ../common/qcopy.o ../common/qeps.o ../common/qerbit.o ../common/qfloat.o ../common/qgamma.o ../common/qinf.o ../common/qlog2.o ../common/qnan.o ../common/qpsi.o ../common/qstore.o ../common/qstorf.o ../common/qvsum.o ../common/isqnan.o ../common/qpythg.o ../common/qtql1.o ../common/trapit.o
f77 -g -O -I../common   -c -o tqglfd6.o tqglfd6.f
** tqglfd6   === End of Compilation 1 ===
1501-510  Compilation successful for file tqglfd6.f.
f77 -g -O -I../common   -o tqglfd6 tqglfd6.o qglqli.o qglqfd.o qglqrc.o ../common/qprthdr.o ../common/q2norm.o ../common/qcopy.o ../common/qeps.o ../common/qerbit.o ../common/qfloat.o ../common/qgamma.o ../common/qinf.o ../common/qlog2.o ../common/qnan.o ../common/qpsi.o ../common/qstore.o ../common/qstorf.o ../common/qvsum.o ../common/isqnan.o ../common/qpythg.o ../common/qtql1.o ../common/trapit.o
============================== Making all-qp in common
ar -r ../libgjl.a iqceil.o isqinf.o isqnan.o q2norm.o qcopy.o qeps.o qepsln.o qerbit.o qfloat.o qfpmax.o qgamma.o qinf.o qiran.o qlgam.o qlog2.o qnan.o qpsi.o qpsiln.o qpythg.o qstore.o qstorf.o qtql1.o qvsum.o
ranlib ../libgjl.a || true
67.290u 34.380s 1:08:34.11 2.4%	3461+1345k 0+0io 1398pf+0w
for subdir in man gampsi jacobi laguerre common ; do echo ============================== Making check-dp in $subdir ; ( cd $subdir && make  prefix=/usr/local FWARN="" FOPT="-O" check-dp ) ; done
============================== Making check-dp in man
There is no validation suite in this directory
============================== Making check-dp in gampsi
Checking tdgen ...
File differences are made with: /usr/local/bin/ndiff --relerr 5.0e-11 --minwidth 10
cos001
okay/cos001.out cos001.out differ: char 135, line 7
### Maximum relative error in matching lines = 8.80e-17 at line 8 field 5
Checking tdgen ...
File differences are made with: /usr/local/bin/ndiff --relerr 5.0e-11 --minwidth 10
cos101
okay/cos101.out cos101.out differ: char 147, line 7
### Maximum relative error in matching lines = 1.56e-16 at line 9323 field 5
cos102
okay/cos102.out cos102.out differ: char 147, line 7
### Maximum relative error in matching lines = 1.59e-16 at line 11775 field 5
cos103
okay/cos103.out cos103.out differ: char 147, line 7
### Maximum relative error in matching lines = 1.62e-16 at line 6912 field 5
Checking tdgen ...
File differences are made with: /usr/local/bin/ndiff --relerr 5.0e-11 --minwidth 10
cos201
okay/cos201.out cos201.out differ: char 147, line 7
### Maximum relative error in matching lines = 1.63e-16 at line 9375 field 5
** delefun   === End of Compilation 1 ===
** f   === End of Compilation 2 ===
1501-510  Compilation successful for file delefun.f.
Checking tdgen ...
File differences are made with: /usr/local/bin/ndiff --relerr 5.0e-11 --minwidth 10
exp001
okay/exp001.out exp001.out differ: char 135, line 7
### Maximum relative error in matching lines = 8.86e-17 at line 15 field 5
Checking tdgen ...
File differences are made with: /usr/local/bin/ndiff --relerr 5.0e-11 --minwidth 10
exp101
okay/exp101.out exp101.out differ: char 147, line 7
### Maximum relative error in matching lines = 1.10e-16 at line 4628 field 5
** tdfpmx   === End of Compilation 1 ===
1501-510  Compilation successful for file tdfpmx.f.
Checking tdfpmx ...
File differences are made with: /usr/local/bin/ndiff --relerr 5.0e-11 --minwidth 10
dfpm01
okay/dfpm01.out dfpm01.out differ: char 38, line 1
Checking tdgen ...
File differences are made with: /usr/local/bin/ndiff --relerr 5.0e-11 --minwidth 10
gam001
okay/gam001.out gam001.out differ: char 175, line 9
### Maximum relative error in matching lines = 4.49e-15 at line 104 field 5
Checking tdgen ...
File differences are made with: /usr/local/bin/ndiff --relerr 5.0e-11 --minwidth 10
gam101
okay/gam101.out gam101.out differ: char 189, line 9
### Maximum relative error in matching lines = 2.15e-15 at line 8979 field 5
gam102
okay/gam102.out gam102.out differ: char 188, line 9
8271c8271
< 2          -1437881687.   -23 0  3.2190259996495262768898388506609774067541016948562e-310 0 0
--- field 5	relative error 1.0e+00
> 2          -1437881687.   -23 0  0.000000000000000000E+000 0 0
8284c8284
< 2          -1435865686.   -23 0  2.1060033022938082473490931178187079067949119021935e-309 0 0
--- field 5	relative error 1.0e+00
> 2          -1435865686.   -23 0  0.000000000000000000E+000 0 0
8620c8620
< 2          -1436046166.   -23 0  1.6936814422437231751404174180212959399367164942901e-309 0 0
--- field 5	relative error 1.0e+00
> 2          -1436046166.   -23 0  0.000000000000000000E+000 0 0
8730c8730
< 2          -1436918615.   -23 0  6.9878452180838503989704325835311805201380625187489e-310 0 0
--- field 5	relative error 1.0e+00
> 2          -1436918615.   -23 0  0.000000000000000000E+000 0 0
### Maximum relative error in matching lines = 2.28e-15 at line 8979 field 5
gam103
okay/gam103.out gam103.out differ: char 188, line 9
### Maximum relative error in matching lines = 6.29e-16 at line 5578 field 5
Checking tdgen ...
File differences are made with: /usr/local/bin/ndiff --relerr 5.0e-11 --minwidth 10
gam301
okay/gam301.out gam301.out differ: char 206, line 9
### Maximum relative error in matching lines = 8.90e-16 at line 10082 field 5
Checking tdgen ...
File differences are made with: /usr/local/bin/ndiff --relerr 5.0e-11 --minwidth 10
lga001
okay/lga001.out lga001.out differ: char 141, line 7
7c7
< 2                    0.     0 0                                                  Infinity 0 0
--- field 5
> 2                     .0       0 0                       NaNQ 0 0
12c12
< 2                  Inf     0 0                                                  Infinity 0 0
--- field 5
> 2                    INF       0 0                       NaNQ 0 0
### Maximum relative error in matching lines = 3.34e-17 at line 10 field 5
Checking tdgen ...
File differences are made with: /usr/local/bin/ndiff --relerr 5.0e-11 --minwidth 10
lga101
okay/lga101.out lga101.out differ: char 153, line 7
### Maximum relative error in matching lines = 8.85e-13 at line 5514 field 5
lga102
okay/lga102.out lga102.out differ: char 153, line 7
### Maximum relative error in matching lines = 1.88e-13 at line 3559 field 5
lga103
okay/lga103.out lga103.out differ: char 153, line 7
### Maximum relative error in matching lines = 6.89e-13 at line 6002 field 5
Checking tdgen ...
File differences are made with: /usr/local/bin/ndiff --relerr 5.0e-11 --minwidth 10
lga201
okay/lga201.out lga201.out differ: char 153, line 7
### Maximum relative error in matching lines = 1.17e-15 at line 84 field 5
Checking tdgen ...
File differences are made with: /usr/local/bin/ndiff --relerr 5.0e-11 --minwidth 10
log001
okay/log001.out log001.out differ: char 135, line 7
### Maximum relative error in matching lines = 8.24e-17 at line 12 field 5
Checking tdgen ...
File differences are made with: /usr/local/bin/ndiff --relerr 5.0e-11 --minwidth 10
log101
okay/log101.out log101.out differ: char 146, line 7
### Maximum relative error in matching lines = 1.10e-16 at line 7436 field 5
log102
okay/log102.out log102.out differ: char 146, line 7
### Maximum relative error in matching lines = 1.09e-16 at line 7677 field 5
log103
okay/log103.out log103.out differ: char 146, line 7
### Maximum relative error in matching lines = 1.09e-16 at line 4520 field 5
Checking tdgen ...
File differences are made with: /usr/local/bin/ndiff --relerr 5.0e-11 --minwidth 10
psi001
okay/psi001.out psi001.out differ: char 247, line 10
10c10
< 2                    0.0       0 0 Infinity                                                   0 0
--- field 5
> 2                     .0       0 0                       -INF 0 0
### Maximum relative error in matching lines = 1.19e-16 at line 13 field 5
psi002
okay/psi002.out psi002.out differ: char 258, line 10
### Maximum relative error in matching lines = 1.42e-16 at line 19 field 5
psi003
okay/psi003.out psi003.out differ: char 261, line 10
psi006
okay/psi006.out psi006.out differ: char 228, line 10
10c10
< 2 1.0   -1030 0 Infinity 0 0
--- field 3	relative error 9.80e-03
> 2                     .0   -1020 0                        INF 0 0
Checking tdgen ...
File differences are made with: /usr/local/bin/ndiff --relerr 5.0e-11 --minwidth 10
psi101
okay/psi101.out psi101.out differ: char 258, line 10
### Maximum relative error in matching lines = 3.48e-16 at line 11 field 5
psi102
okay/psi102.out psi102.out differ: char 259, line 10
### Maximum relative error in matching lines = 1.75e-13 at line 8906 field 5
psi103
okay/psi103.out psi103.out differ: char 259, line 10
### Maximum relative error in matching lines = 1.31e-13 at line 2012 field 5
psi104
okay/psi104.out psi104.out differ: char 259, line 10
### Maximum relative error in matching lines = 1.20e-13 at line 6522 field 5
psi105
okay/psi105.out psi105.out differ: char 259, line 10
### Maximum relative error in matching lines = 6.77e-16 at line 1471 field 5
psi106
okay/psi106.out psi106.out differ: char 258, line 10
### Maximum relative error in matching lines = 6.84e-16 at line 5253 field 5
psi107
okay/psi107.out psi107.out differ: char 258, line 10
### Maximum relative error in matching lines = 6.32e-16 at line 6653 field 5
Checking tdgen ...
File differences are made with: /usr/local/bin/ndiff --relerr 5.0e-11 --minwidth 10
psi201
okay/psi201.out psi201.out differ: char 258, line 10
### Maximum relative error in matching lines = 3.94e-15 at line 5355 field 5
Checking tdgen ...
File differences are made with: /usr/local/bin/ndiff --relerr 5.0e-11 --minwidth 10
psi301
okay/psi301.out psi301.out differ: char 258, line 10
### Maximum relative error in matching lines = 4.23e-13 at line 6050 field 5
Checking tdgen ...
File differences are made with: /usr/local/bin/ndiff --relerr 5.0e-11 --minwidth 10
psi402
okay/psi402.out psi402.out differ: char 259, line 10
### Maximum relative error in matching lines = 2.32e-14 at line 7984 field 5
Checking tdgen ...
File differences are made with: /usr/local/bin/ndiff --relerr 5.0e-11 --minwidth 10
psi601
okay/psi601.out psi601.out differ: char 258, line 10
### Maximum relative error in matching lines = 3.31e-16 at line 8156 field 5
psi602
okay/psi602.out psi602.out differ: char 259, line 10
### Maximum relative error in matching lines = 3.46e-16 at line 8156 field 5
Checking tdgen ...
File differences are made with: /usr/local/bin/ndiff --relerr 5.0e-11 --minwidth 10
pln001
okay/pln001.out pln001.out differ: char 284, line 11
### Maximum relative error in matching lines = 6.02e-16 at line 15 field 5
Checking tdgen ...
File differences are made with: /usr/local/bin/ndiff --relerr 5.0e-11 --minwidth 10
pln101
okay/pln101.out pln101.out differ: char 295, line 11
### Maximum relative error in matching lines = 3.28e-15 at line 8804 field 5
Checking tdgen ...
File differences are made with: /usr/local/bin/ndiff --relerr 5.0e-11 --minwidth 10
pln201
okay/pln201.out pln201.out differ: char 295, line 11
### Maximum relative error in matching lines = 1.93e-15 at line 33 field 5
Checking tdgen ...
File differences are made with: /usr/local/bin/ndiff --relerr 5.0e-11 --minwidth 10
sin001
okay/sin001.out sin001.out differ: char 135, line 7
### Maximum relative error in matching lines = 8.20e-17 at line 14 field 5
Checking tdgen ...
File differences are made with: /usr/local/bin/ndiff --relerr 5.0e-11 --minwidth 10
sin101
okay/sin101.out sin101.out differ: char 147, line 7
### Maximum relative error in matching lines = 1.59e-16 at line 956 field 5
sin102
okay/sin102.out sin102.out differ: char 147, line 7
### Maximum relative error in matching lines = 1.59e-16 at line 956 field 5
sin103
okay/sin103.out sin103.out differ: char 147, line 7
### Maximum relative error in matching lines = 1.59e-16 at line 956 field 5
Checking tdgen ...
File differences are made with: /usr/local/bin/ndiff --relerr 5.0e-11 --minwidth 10
sin201
okay/sin201.out sin201.out differ: char 147, line 7
### Maximum relative error in matching lines = 1.59e-16 at line 956 field 5
Checking tdgen ...
File differences are made with: /usr/local/bin/ndiff --relerr 5.0e-11 --minwidth 10
tan001
okay/tan001.out tan001.out differ: char 135, line 7
### Maximum relative error in matching lines = 8.47e-17 at line 14 field 5
Checking tdgen ...
File differences are made with: /usr/local/bin/ndiff --relerr 5.0e-11 --minwidth 10
tan101
okay/tan101.out tan101.out differ: char 147, line 7
### Maximum relative error in matching lines = 1.10e-16 at line 7697 field 5
tan102
okay/tan102.out tan102.out differ: char 147, line 7
### Maximum relative error in matching lines = 1.10e-16 at line 3783 field 5
Checking tdgen ...
File differences are made with: /usr/local/bin/ndiff --relerr 5.0e-11 --minwidth 10
tan201
okay/tan201.out tan201.out differ: char 147, line 7
### Maximum relative error in matching lines = 1.10e-16 at line 8737 field 5
============================== Making check-dp in jacobi
(cd ../common; make lib-dp)
ar -r ../libgjl.a d2norm.o dcopy.o deps.o derbit.o dfloat.o dfpmax.o dgamma.o dinf.o diran.o dlgam.o dlog2.o dnan.o dpsi.o dpsiln.o dran.o dstore.o dstorf.o dvsum.o ffalse.o ftrue.o getnan.o idceil.o isdinf.o isdnan.o pythag.o tql1.o
ranlib ../libgjl.a || true
ar -r ../libgjl.a gjqf.o gjqfd.o gjqli.o gjqrc.o
ranlib ../libgjl.a || true
========================================================================
There should be no output from these tests, except their names. If
ndiff is available, there will also be reports of the maximum absolute
and relative errors found. If small numeric differences are reported,
then YOU must decide whether they are significant. You can do
         make check RELERR=xxx
to rerun the tests with a different relative error tolerance, where xxx
is either a suitable small positive floating-point number, or else a
value >= 1.0, meaning that multiple of the machine epsilon.
========================================================================
Checking tgjf1 ...
File differences are made with: /usr/local/bin/ndiff --relerr 1.0e-10 --minwidth 10 --abserr 0
gjf101
### Maximum relative error in matching lines = 5.84e-14 at line 55 field 5
### Maximum relative error in matching lines = 8.52e-15 at line 46 field 6
gjf102
### Maximum relative error in matching lines = 1.58e-12 at line 34 field 5
### Maximum relative error in matching lines = 3.59e-14 at line 106 field 6
gjf103
### Maximum relative error in matching lines = 2.84e-12 at line 34 field 5
### Maximum relative error in matching lines = 6.61e-14 at line 106 field 6
gjf104
22c22
<     13    0.000000000000000    1.208304866765306E-01   -4.013091197275015E-02    8.742244393316674E-02
--- field 2	relative error 1.0e+00
>     13     .000000000000001    1.208304866765306E-01   -4.013091197274643E-02    8.742244393316534E-02
284c284
<     38   -0.000000000000001    4.133674544197099E-02   -1.401667347449951E-02    2.909730518649745E-02
--- field 2	relative error 1.0e+00
>     38     .000000000000000    4.133674544197099E-02   -1.401667347452286E-02    2.909730518649789E-02
472c472
<   Minimum relative error =   0.00E+00       0.00 ulps       0.00 bits at nquad =   25
--- field 13	relative error 2.0e+00
>   Minimum relative error =   0.00E+00        .00 ulps        .00 bits at nquad =   75
### Maximum relative error in matching lines = 6.19e-11 at line 321 field 5
### Maximum relative error in matching lines = 3.67e-13 at line 302 field 6
gjf105
Checking tgjf2 ...
File differences are made with: /usr/local/bin/ndiff --relerr 1.0e-10 --minwidth 10 --abserr 0
gjf201
### Maximum relative error in matching lines = 5.84e-14 at line 55 field 5
### Maximum relative error in matching lines = 3.00e-15 at line 66 field 6
gjf202
### Maximum relative error in matching lines = 1.58e-12 at line 34 field 5
### Maximum relative error in matching lines = 2.27e-14 at line 206 field 6
gjf203
### Maximum relative error in matching lines = 2.84e-12 at line 34 field 5
### Maximum relative error in matching lines = 6.81e-15 at line 105 field 6
gjf204
22c22
<     13    0.000000000000000    1.208304866765306E-01   -4.013091197275015E-02    8.742244393316674E-02
--- field 2	relative error 1.0e+00
>     13     .000000000000001    1.208304866765306E-01   -4.013091197274643E-02    8.742244393316534E-02
284c284
<     38   -0.000000000000001    4.133674544197099E-02   -1.401667347449951E-02    2.909730518649745E-02
--- field 2	relative error 1.0e+00
>     38     .000000000000000    4.133674544197099E-02   -1.401667347452286E-02    2.909730518649789E-02
475c475
<   Maximum relative error =   3.20E-14     144.21 ulps       7.17 bits at nquad =   25
--- field 13	relative error 2.0e+00
>   Maximum relative error =   1.11E-13     501.23 ulps       8.97 bits at nquad =   75
476c476
<   Minimum relative error =   0.00E+00       0.00 ulps       0.00 bits at nquad =   50
--- field 13	relative error 1.0e+00
>   Minimum relative error =   1.41E-16        .64 ulps        .65 bits at nquad =   25
### Maximum relative error in matching lines = 6.19e-11 at line 321 field 5
### Maximum relative error in matching lines = 1.24e-13 at line 306 field 6
gjf205
Checking tgjfd1 ...
File differences are made with: /usr/local/bin/ndiff --relerr 1.0e-10 --minwidth 10 --abserr 0
gjfd101
### Maximum relative error in matching lines = 2.52e-14 at line 46 field 5
### Maximum relative error in matching lines = 5.38e-15 at line 86 field 6
gjfd102
### Maximum relative error in matching lines = 3.47e-13 at line 91 field 5
### Maximum relative error in matching lines = 4.01e-14 at line 206 field 6
gjfd103
### Maximum relative error in matching lines = 3.96e-13 at line 172 field 5
### Maximum relative error in matching lines = 6.31e-14 at line 206 field 6
gjfd104
22c22
<     13    0.000000000000000    1.208304866765306E-01   -2.279010328918708E-03    3.605332292153957E-03
--- field 2	relative error 1.0e+00
>     13     .000000000000001    1.208304866765306E-01   -2.279010328918660E-03    3.605332292153956E-03
284c284
<     38   -0.000000000000001    4.133674544197099E-02   -2.701632677813243E-04    4.253925486677674E-04
--- field 2	relative error 1.0e+00
>     38     .000000000000000    4.133674544197099E-02   -2.701632677812914E-04    4.253925486677672E-04
### Maximum relative error in matching lines = 4.67e-12 at line 321 field 5
### Maximum relative error in matching lines = 2.72e-13 at line 302 field 6
gjfd105
Checking tgjfd2 ...
File differences are made with: /usr/local/bin/ndiff --relerr 1.0e-10 --minwidth 10 --abserr 0
gjfd201
### Maximum relative error in matching lines = 2.52e-14 at line 46 field 5
### Maximum relative error in matching lines = 3.00e-15 at line 66 field 6
gjfd202
### Maximum relative error in matching lines = 3.47e-13 at line 91 field 5
### Maximum relative error in matching lines = 2.27e-14 at line 206 field 6
gjfd203
### Maximum relative error in matching lines = 3.96e-13 at line 172 field 5
### Maximum relative error in matching lines = 6.81e-15 at line 105 field 6
gjfd204
22c22
<     13    0.000000000000000    1.208304866765306E-01   -2.279010328918708E-03    3.605332292153957E-03
--- field 2	relative error 1.0e+00
>     13     .000000000000001    1.208304866765306E-01   -2.279010328918660E-03    3.605332292153956E-03
284c284
<     38   -0.000000000000001    4.133674544197099E-02   -2.701632677813243E-04    4.253925486677674E-04
--- field 2	relative error 1.0e+00
>     38     .000000000000000    4.133674544197099E-02   -2.701632677812914E-04    4.253925486677672E-04
475c475
<   Maximum relative error =   3.20E-14     144.21 ulps       7.17 bits at nquad =   25
--- field 13	relative error 2.0e+00
>   Maximum relative error =   1.11E-13     501.23 ulps       8.97 bits at nquad =   75
476c476
<   Minimum relative error =   0.00E+00       0.00 ulps       0.00 bits at nquad =   50
--- field 13	relative error 1.0e+00
>   Minimum relative error =   1.41E-16        .64 ulps        .65 bits at nquad =   25
### Maximum relative error in matching lines = 4.67e-12 at line 321 field 5
### Maximum relative error in matching lines = 1.24e-13 at line 306 field 6
gjfd205
============================== Making check-dp in laguerre
(cd ../common; make lib-dp)
ar -r ../libgjl.a d2norm.o dcopy.o deps.o derbit.o dfloat.o dfpmax.o dgamma.o dinf.o diran.o dlgam.o dlog2.o dnan.o dpsi.o dpsiln.o dran.o dstore.o dstorf.o dvsum.o ffalse.o ftrue.o getnan.o idceil.o isdinf.o isdnan.o pythag.o tql1.o
ranlib ../libgjl.a || true
ar -r ../libgjl.a glqf.o glqfd.o glqli.o glqrc.o
ranlib ../libgjl.a || true
========================================================================
There should be no output from these tests, except their names. If
ndiff is available, there will also be reports of the maximum absolute
and relative errors found. If small numeric differences are reported,
then YOU must decide whether they are significant. You can do
         make check RELERR=xxx
to rerun the tests with a different relative error tolerance, where xxx
is either a suitable small positive floating-point number, or else a
value >= 1.0, meaning that multiple of the machine epsilon.
========================================================================
Checking tglf1 ...
File differences are made with: /usr/local/bin/ndiff --relerr 1.0e-10 --minwidth 10 --abserr 0
glf101
301c301
<   Minimum relative error =   0.00E+00       0.00 ulps       0.00 bits at nquad =   65
--- field 13	relative error 7.69e-02
>   Minimum relative error =   0.00E+00        .00 ulps        .00 bits at nquad =   70
### Maximum relative error in matching lines = 6.51e-13 at line 205 field 6
### Maximum relative error in matching lines = 1.11e-14 at line 40 field 5
glf102
330c330
<   Maximum relative error =  -2.25E-14    -101.49 ulps       6.67 bits at nquad =   75
--- field 13	relative error 2.66e-01
>   Maximum relative error =   4.85E-14     218.29 ulps       7.77 bits at nquad =   95
331c331
<   Minimum relative error =  -8.12E-16      -3.66 ulps       1.87 bits at nquad =   95
--- field 13	relative error 9.0e-01
>   Minimum relative error =   1.39E-16        .62 ulps        .68 bits at nquad =   50
### Maximum relative error in matching lines = 1.20e-12 at line 119 field 6
### Maximum relative error in matching lines = 6.01e-14 at line 40 field 5
glf103
### Maximum relative error in matching lines = 5.27e-13 at line 297 field 6
### Maximum relative error in matching lines = 2.16e-14 at line 40 field 5
glf104
331c331
<   Minimum relative error =  -1.20E-16      -0.54 ulps       0.88 bits at nquad =   50
--- field 13	relative error 1.0e+00
>   Minimum relative error =   0.00E+00        .00 ulps        .00 bits at nquad =   25
### Maximum relative error in matching lines = 1.65e-12 at line 119 field 6
### Maximum relative error in matching lines = 5.44e-14 at line 40 field 5
glf105
### Maximum relative error in matching lines = 2.11e-12 at line 117 field 6
### Maximum relative error in matching lines = 1.45e-14 at line 54 field 5
glf106
326c326
<   Minimum relative error =  -4.28E-16      -1.93 ulps       0.95 bits at nquad =   50
--- field 13	relative error 1.0e+00
>   Minimum relative error =   0.00E+00        .00 ulps        .00 bits at nquad =   25
### Maximum relative error in matching lines = 8.67e-12 at line 212 field 6
### Maximum relative error in matching lines = 1.51e-14 at line 31 field 5
glf107
320c320
<   Maximum relative error =  -3.23E-14    -145.33 ulps       7.18 bits at nquad =   50
--- field 13	relative error 7.0e-01
>   Maximum relative error =  -3.50E-14    -157.77 ulps       7.30 bits at nquad =   85
321c321
<   Minimum relative error =   1.55E-16       0.70 ulps       0.52 bits at nquad =   75
--- field 13	relative error 2.0e+00
>   Minimum relative error =   0.00E+00        .00 ulps        .00 bits at nquad =   25
### Maximum relative error in matching lines = 1.90e-12 at line 114 field 6
### Maximum relative error in matching lines = 4.19e-14 at line 58 field 5
glf108
208c208
<   Maximum relative error =   8.07E-15      36.36 ulps       5.18 bits at nquad =   75
--- field 13	relative error 2.0e+00
>   Maximum relative error =   1.58E-14      71.30 ulps       6.16 bits at nquad =   25
### Maximum relative error in matching lines = 1.09e-12 at line 114 field 6
### Maximum relative error in matching lines = 2.09e-14 at line 22 field 5
glf109
### Maximum relative error in matching lines = 1.38e-14 at line 21 field 6
### Maximum relative error in matching lines = 2.27e-15 at line 17 field 5
Checking tglf2 ...
File differences are made with: /usr/local/bin/ndiff --relerr 1.0e-10 --minwidth 10 --abserr 0
glf201
104c104
<   Maximum relative error =   8.87E-14     399.33 ulps       8.64 bits at nquad =   95
--- field 13	relative error 7.95e-02
>   Maximum relative error =  -6.56E-14    -295.38 ulps       8.21 bits at nquad =   88
### Maximum relative error in matching lines = 9.86e-14 at line 95 field 2
### Maximum relative error in matching lines = 9.86e-14 at line 96 field 4
glf202
Checking tglf3 ...
File differences are made with: /usr/local/bin/ndiff --relerr 1.0e-10 --minwidth 10 --abserr 0
glf301
952c952
<   Maximum relative error =  -3.71E-13   -1671.47 ulps      10.71 bits at nquad =   40 mu =  1.0000000E+02 p =    79
--- field 19	relative error 1.44e-01
>   Maximum relative error =  -3.36E-13   -1512.48 ulps      10.56 bits at nquad =   40 mu =  1.0000000E+02 p =    69
953c953
<   Minimum relative error =   0.00E+00       0.00 ulps       0.00 bits at nquad =   80 mu =  1.0000000E+00 p =     2
--- field 13	relative error 1.0e+00
>   Minimum relative error =   0.00E+00        .00 ulps        .00 bits at nquad =   40 mu =  1.0000000E+00 p =     3
### Maximum relative error in matching lines = 4.70e-13 at line 914 field 2
### Maximum relative error in matching lines = 4.70e-13 at line 823 field 5
glf302
Checking tglf4 ...
File differences are made with: /usr/local/bin/ndiff --relerr 1.0e-10 --minwidth 10 --abserr 0
glf401
105c105
<   Minimum relative error =   0.00E+00   0.00E+00 ulps       0.00 bits at nquad =   34 sigma =    0.1000 alpha =    0.0100
--- field 13	relative error 1.42e+00
>   Minimum relative error =   0.00E+00   0.00E+00 ulps        .00 bits at nquad =   14 sigma =     .1000 alpha =     .0100
### Maximum relative error in matching lines = 1.95e-14 at line 96 field 4
### Maximum relative error in matching lines = 1.95e-14 at line 95 field 5
glf402
105c105
<   Minimum relative error =   5.46E-16   2.46E+00 ulps       1.30 bits at nquad =   31 sigma =    1.0000 alpha =    1.0000
--- field 13	relative error 1.51e+00
>   Minimum relative error =   1.09E-15   4.92E+00 ulps       2.30 bits at nquad =   78 sigma =    1.0000 alpha =    1.0000
### Maximum relative error in matching lines = 2.23e-13 at line 100 field 4
### Maximum relative error in matching lines = 2.23e-13 at line 99 field 5
glf403
104c104
<   Minimum relative error =   3.36E-16   1.51E+00 ulps       0.60 bits at nquad =   25 sigma =    0.0100 alpha =   -0.5000
--- field 13	relative error 9.23e-01
>   Minimum relative error =  -1.68E-16  -7.56E-01 ulps        .40 bits at nquad =   13 sigma =     .0100 alpha =    -.5000
### Maximum relative error in matching lines = 1.66e-13 at line 91 field 4
### Maximum relative error in matching lines = 1.66e-13 at line 90 field 5
glf404
105c105
<   Minimum relative error =   0.00E+00   0.00E+00 ulps       0.00 bits at nquad =   36 sigma =    0.1000 alpha =    0.5000
--- field 13	relative error 2.85e-02
>   Minimum relative error =   0.00E+00   0.00E+00 ulps        .00 bits at nquad =   35 sigma =     .1000 alpha =     .5000
### Maximum relative error in matching lines = 8.03e-15 at line 91 field 4
### Maximum relative error in matching lines = 8.09e-15 at line 90 field 5
glf405
105c105
<   Minimum relative error =   7.15E-16   3.22E+00 ulps       1.69 bits at nquad =   68 sigma =    2.0000 alpha =    1.0000
--- field 13	relative error 3.67e-01
>   Minimum relative error =   0.00E+00   0.00E+00 ulps        .00 bits at nquad =   93 sigma =    2.0000 alpha =    1.0000
### Maximum relative error in matching lines = 5.05e-13 at line 14 field 4
### Maximum relative error in matching lines = 5.05e-13 at line 13 field 5
glf406
### Maximum relative error in matching lines = 9.43e-14 at line 98 field 4
### Maximum relative error in matching lines = 9.43e-14 at line 97 field 5
glf407
### Maximum relative error in matching lines = 2.48e-13 at line 23 field 4
### Maximum relative error in matching lines = 2.48e-13 at line 22 field 5
glf408
### Maximum relative error in matching lines = 1.49e-13 at line 96 field 4
### Maximum relative error in matching lines = 1.49e-13 at line 95 field 5
glf409
### Maximum relative error in matching lines = 2.69e-13 at line 31 field 4
### Maximum relative error in matching lines = 2.69e-13 at line 30 field 5
glf410
### Maximum relative error in matching lines = 1.25e-14 at line 8 field 4
### Maximum relative error in matching lines = 1.27e-14 at line 7 field 5
Checking tglf5 ...
File differences are made with: /usr/local/bin/ndiff --relerr 1.0e-10 --minwidth 10 --abserr 0
glf501
300c300
<   Maximum relative error =  -2.22E-15     -10.00 ulps       3.32 bits at nquad =   65
--- field 13	relative error 7.69e-02
>   Maximum relative error =  -1.33E-15      -6.00 ulps       2.58 bits at nquad =   70
301c301
<   Minimum relative error =   0.00E+00       0.00 ulps       0.00 bits at nquad =   70
--- field 13	relative error 1.8e+00
>   Minimum relative error =   0.00E+00        .00 ulps        .00 bits at nquad =   25
### Maximum relative error in matching lines = 6.51e-13 at line 205 field 6
### Maximum relative error in matching lines = 2.44e-15 at line 40 field 5
glf502
330c330
<   Maximum relative error =  -1.66E-14     -74.63 ulps       6.22 bits at nquad =   95
--- field 13	relative error 2.66e-01
>   Maximum relative error =   5.95E-15      26.80 ulps       4.74 bits at nquad =   75
331c331
<   Minimum relative error =   0.00E+00       0.00 ulps       0.00 bits at nquad =   95
--- field 13	relative error 2.66e-01
>   Minimum relative error =  -1.27E-16       -.57 ulps        .80 bits at nquad =   75
### Maximum relative error in matching lines = 1.20e-12 at line 119 field 6
### Maximum relative error in matching lines = 2.00e-14 at line 40 field 5
glf503
330c330
<   Maximum relative error =   4.70E-15      21.15 ulps       4.40 bits at nquad =   95
--- field 13	relative error 2.66e-01
>   Maximum relative error =   1.28E-14      57.83 ulps       5.85 bits at nquad =   75
### Maximum relative error in matching lines = 5.27e-13 at line 297 field 6
### Maximum relative error in matching lines = 1.02e-14 at line 24 field 5
glf504
330c330
<   Maximum relative error =   5.44E-15      24.50 ulps       4.61 bits at nquad =   95
--- field 13	relative error 2.66e-01
>   Maximum relative error =  -9.33E-15     -42.00 ulps       5.39 bits at nquad =   75
### Maximum relative error in matching lines = 1.65e-12 at line 119 field 6
### Maximum relative error in matching lines = 9.10e-15 at line 24 field 5
glf505
### Maximum relative error in matching lines = 2.11e-12 at line 117 field 6
### Maximum relative error in matching lines = 1.12e-15 at line 11 field 5
glf506
### Maximum relative error in matching lines = 8.67e-12 at line 212 field 6
### Maximum relative error in matching lines = 1.05e-15 at line 23 field 5
glf507
320c320
<   Maximum relative error =   1.87E-15       8.43 ulps       3.08 bits at nquad =   85
--- field 13	relative error 7.0e-01
>   Maximum relative error =   1.50E-15       6.76 ulps       2.76 bits at nquad =   50
321c321
<   Minimum relative error =   0.00E+00       0.00 ulps       0.00 bits at nquad =   50
--- field 13	relative error 1.0e+00
>   Minimum relative error =   0.00E+00        .00 ulps        .00 bits at nquad =   25
### Maximum relative error in matching lines = 1.90e-12 at line 114 field 6
### Maximum relative error in matching lines = 2.07e-15 at line 56 field 5
glf508
208c208
<   Maximum relative error =  -1.49E-15      -6.70 ulps       2.74 bits at nquad =   75
--- field 13	relative error 2.0e+00
>   Maximum relative error =   1.06E-15       4.76 ulps       2.25 bits at nquad =   25
209c209
<   Minimum relative error =   0.00E+00       0.00 ulps       0.00 bits at nquad =   50
--- field 13	relative error 5.0e-01
>   Minimum relative error =   0.00E+00        .00 ulps        .00 bits at nquad =   75
### Maximum relative error in matching lines = 1.09e-12 at line 114 field 6
### Maximum relative error in matching lines = 1.60e-15 at line 39 field 5
glf509
Checking tglf6 ...
File differences are made with: /usr/local/bin/ndiff --relerr 1.0e-10 --minwidth 10 --abserr 0
glf601
105c105
<   Minimum relative error =   0.00E+00   0.00E+00 ulps       0.00 bits at nquad =   24 sigma =    0.1000 alpha =    0.0100
--- field 13	relative error 1.4e+00
>   Minimum relative error =   0.00E+00   0.00E+00 ulps        .00 bits at nquad =   10 sigma =     .1000 alpha =     .0100
### Maximum relative error in matching lines = 4.22e-15 at line 100 field 4
### Maximum relative error in matching lines = 4.18e-15 at line 99 field 5
glf602
105c105
<   Minimum relative error =   0.00E+00   0.00E+00 ulps       0.00 bits at nquad =   61 sigma =    1.0000 alpha =    1.0000
--- field 13	relative error 1.25e+00
>   Minimum relative error =   0.00E+00   0.00E+00 ulps        .00 bits at nquad =   27 sigma =    1.0000 alpha =    1.0000
### Maximum relative error in matching lines = 5.00e-15 at line 91 field 4
### Maximum relative error in matching lines = 4.99e-15 at line 90 field 5
glf603
104c104
<   Minimum relative error =   0.00E+00   0.00E+00 ulps       0.00 bits at nquad =    6 sigma =    0.0100 alpha =   -0.5000
--- field 13	relative error 5.0e-01
>   Minimum relative error =   0.00E+00   0.00E+00 ulps        .00 bits at nquad =    4 sigma =     .0100 alpha =    -.5000
### Maximum relative error in matching lines = 6.09e-15 at line 95 field 4
### Maximum relative error in matching lines = 6.06e-15 at line 94 field 5
glf604
105c105
<   Minimum relative error =   0.00E+00   0.00E+00 ulps       0.00 bits at nquad =   17 sigma =    0.1000 alpha =    0.5000
--- field 13	relative error 4.16e-01
>   Minimum relative error =   0.00E+00   0.00E+00 ulps        .00 bits at nquad =   12 sigma =     .1000 alpha =     .5000
### Maximum relative error in matching lines = 3.05e-15 at line 75 field 4
### Maximum relative error in matching lines = 2.96e-15 at line 74 field 5
glf605
105c105
<   Minimum relative error =   3.47E-16   1.56E+00 ulps       0.64 bits at nquad =   91 sigma =    2.0000 alpha =    1.0000
--- field 13	relative error 2.13e-01
>   Minimum relative error =  -1.39E-15  -6.25E+00 ulps       2.64 bits at nquad =   75 sigma =    2.0000 alpha =    1.0000
### Maximum relative error in matching lines = 4.31e-14 at line 79 field 4
### Maximum relative error in matching lines = 4.30e-14 at line 78 field 5
glf606
105c105
<   Minimum relative error =  -5.07E-15  -2.28E+01 ulps       4.51 bits at nquad =   95 sigma =    3.0000 alpha =    0.2000
--- field 13	relative error 9.19e-02
>   Minimum relative error =  -2.46E-14  -1.11E+02 ulps       6.79 bits at nquad =   87 sigma =    3.0000 alpha =     .2000
### Maximum relative error in matching lines = 3.65e-14 at line 86 field 4
### Maximum relative error in matching lines = 3.63e-14 at line 85 field 5
glf607
### Maximum relative error in matching lines = 5.52e-14 at line 89 field 4
### Maximum relative error in matching lines = 5.49e-14 at line 88 field 5
glf608
### Maximum relative error in matching lines = 1.67e-13 at line 23 field 4
### Maximum relative error in matching lines = 1.67e-13 at line 22 field 5
glf609
### Maximum relative error in matching lines = 1.07e-13 at line 19 field 4
### Maximum relative error in matching lines = 1.07e-13 at line 18 field 5
glf610
### Maximum relative error in matching lines = 2.00e-16 at line 8 field 5
Checking tglfd1 ...
File differences are made with: /usr/local/bin/ndiff --relerr 1.0e-10 --minwidth 10 --abserr 0
glfd101
325c325
<   Maximum relative error =  -4.60E-15     -20.70 ulps       4.37 bits at nquad =   75
--- field 13	relative error 2.0e-01
>   Maximum relative error =   5.78E-15      26.02 ulps       4.70 bits at nquad =   90
### Maximum relative error in matching lines = 4.51e-12 at line 50 field 4
### Maximum relative error in matching lines = 5.38e-15 at line 24 field 5
glfd102
330c330
<   Maximum relative error =  -2.85E-14    -128.37 ulps       7.00 bits at nquad =   95
--- field 13	relative error 2.66e-01
>   Maximum relative error =   4.72E-14     212.71 ulps       7.73 bits at nquad =   75
331c331
<   Minimum relative error =  -1.35E-16      -0.61 ulps       0.71 bits at nquad =   95
--- field 13	relative error 2.66e-01
>   Minimum relative error =  -1.66E-16       -.75 ulps        .42 bits at nquad =   75
### Maximum relative error in matching lines = 6.81e-13 at line 303 field 5
### Maximum relative error in matching lines = 4.48e-14 at line 40 field 5
glfd103
330c330
<   Maximum relative error =  -1.41E-14     -63.65 ulps       5.99 bits at nquad =   50
--- field 13	relative error 9.0e-01
>   Maximum relative error =  -2.75E-14    -123.72 ulps       6.95 bits at nquad =   95
331c331
<   Minimum relative error =   0.00E+00       0.00 ulps       0.00 bits at nquad =   25
--- field 13	relative error 1.0e+00
>   Minimum relative error =   0.00E+00        .00 ulps        .00 bits at nquad =   50
### Maximum relative error in matching lines = 4.57e-13 at line 119 field 4
### Maximum relative error in matching lines = 3.00e-14 at line 40 field 5
glfd104
330c330
<   Maximum relative error =   3.33E-14     149.86 ulps       7.23 bits at nquad =   95
--- field 13	relative error 2.66e-01
>   Maximum relative error =  -3.33E-14    -149.86 ulps       7.23 bits at nquad =   75
331c331
<   Minimum relative error =   0.00E+00       0.00 ulps       0.00 bits at nquad =   50
--- field 13	relative error 9.0e-01
>   Minimum relative error =   0.00E+00        .00 ulps        .00 bits at nquad =   95
### Maximum relative error in matching lines = 4.01e-13 at line 303 field 4
### Maximum relative error in matching lines = 4.38e-14 at line 24 field 5
glfd105
336c336
<   Minimum relative error =   0.00E+00       0.00 ulps       0.00 bits at nquad =   25
--- field 13	relative error 1.0e+00
>   Minimum relative error =   0.00E+00        .00 ulps        .00 bits at nquad =   50
### Maximum relative error in matching lines = 2.19e-11 at line 114 field 4
### Maximum relative error in matching lines = 3.19e-15 at line 40 field 5
glfd106
336c336
<   Minimum relative error =   0.00E+00       0.00 ulps       0.00 bits at nquad =   75
--- field 13	relative error 2.0e+00
>   Minimum relative error =   0.00E+00        .00 ulps        .00 bits at nquad =   25
### Maximum relative error in matching lines = 1.16e-12 at line 211 field 5
### Maximum relative error in matching lines = 1.84e-15 at line 47 field 5
glfd107
336c336
<   Minimum relative error =   0.00E+00       0.00 ulps       0.00 bits at nquad =   75
--- field 13	relative error 2.0e+00
>   Minimum relative error =   0.00E+00        .00 ulps        .00 bits at nquad =   25
### Maximum relative error in matching lines = 1.23e-12 at line 211 field 5
### Maximum relative error in matching lines = 1.90e-15 at line 23 field 5
glfd108
336c336
<   Minimum relative error =   0.00E+00       0.00 ulps       0.00 bits at nquad =   25
--- field 13	relative error 2.0e+00
>   Minimum relative error =   0.00E+00        .00 ulps        .00 bits at nquad =   75
### Maximum relative error in matching lines = 1.82e-12 at line 211 field 5
### Maximum relative error in matching lines = 1.60e-15 at line 39 field 5
glfd109
27c27
<       1  -5.772156861565561E-01  -5.772156550109730E-01  -5.40E-08   -2.43E+08     27.86
--- field 2	relative error 1.29e-08
>       1  -5.772156787059750E-01  -5.772156550109730E-01  -4.11E-08   -1.85E+08     27.46
### Maximum relative error in matching lines = 1.00e-14 at line 23 field 4
8c8
< 2   1    4.999999969612645145E-09         20   -5.772156861565560515E-01 -5.40E-08  3.11E-08
--- field 5	relative error 1.29e-08
> 2   1    4.999999969612645145E-09         20   -5.772156787059750105E-01 -4.11E-08  2.37E-08
### Maximum relative error in matching lines = 7.15e-16 at line 15 field 5
Checking tglfd2 ...
File differences are made with: /usr/local/bin/ndiff --relerr 1.0e-10 --minwidth 10 --abserr 0
glfd201
104c104
<   Maximum relative error =   8.27E-14     372.48 ulps       8.54 bits at nquad =   88
--- field 13	relative error 4.54e-02
>   Maximum relative error =   6.77E-14     304.91 ulps       8.25 bits at nquad =   92
### Maximum relative error in matching lines = 1.05e-13 at line 94 field 2
### Maximum relative error in matching lines = 1.05e-13 at line 95 field 4
glfd202
Checking tglfd3 ...
File differences are made with: /usr/local/bin/ndiff --relerr 1.0e-10 --minwidth 10 --abserr 0
glfd301
952c952
<   Maximum relative error =  -3.62E-14    -163.03 ulps       7.35 bits at nquad =   20 mu =  1.0000000E+01 p =    10
--- field 13	relative error 3.0e+00
>   Maximum relative error =  -4.68E-14    -210.94 ulps       7.72 bits at nquad =    5 mu =  1.0000000E+01 p =     9
### Maximum relative error in matching lines = 4.37e-14 at line 605 field 2
### Maximum relative error in matching lines = 4.39e-14 at line 538 field 5
glfd302
Checking tglfd4 ...
File differences are made with: /usr/local/bin/ndiff --relerr 1.0e-10 --minwidth 10 --abserr 0
glfd401
105c105
<   Minimum relative error =   0.00E+00   0.00E+00 ulps       0.00 bits at nquad =   13 sigma =    0.1000 alpha =    0.0100
--- field 13	relative error 3.07e-01
>   Minimum relative error =   0.00E+00   0.00E+00 ulps        .00 bits at nquad =   17 sigma =     .1000 alpha =     .0100
### Maximum relative error in matching lines = 1.29e-14 at line 90 field 4
### Maximum relative error in matching lines = 1.27e-14 at line 89 field 5
glfd402
105c105
<   Minimum relative error =   5.46E-16   2.46E+00 ulps       1.30 bits at nquad =   41 sigma =    1.0000 alpha =    1.0000
--- field 13	relative error 8.53e-01
>   Minimum relative error =   0.00E+00   0.00E+00 ulps        .00 bits at nquad =   76 sigma =    1.0000 alpha =    1.0000
### Maximum relative error in matching lines = 9.63e-14 at line 98 field 4
### Maximum relative error in matching lines = 9.63e-14 at line 97 field 5
glfd403
104c104
<   Minimum relative error =   1.34E-15   6.05E+00 ulps       2.60 bits at nquad =   21 sigma =    0.0100 alpha =   -0.5000
--- field 13	relative error 3.12e-01
>   Minimum relative error =   6.72E-16   3.03E+00 ulps       1.60 bits at nquad =   16 sigma =     .0100 alpha =    -.5000
### Maximum relative error in matching lines = 3.04e-13 at line 101 field 4
### Maximum relative error in matching lines = 3.04e-13 at line 100 field 5
glfd404
105c105
<   Minimum relative error =   0.00E+00   0.00E+00 ulps       0.00 bits at nquad =   22 sigma =    0.1000 alpha =    0.5000
--- field 13	relative error 3.18e-01
>   Minimum relative error =   0.00E+00   0.00E+00 ulps        .00 bits at nquad =   29 sigma =     .1000 alpha =     .5000
### Maximum relative error in matching lines = 6.49e-15 at line 87 field 4
### Maximum relative error in matching lines = 6.41e-15 at line 86 field 5
glfd405
105c105
<   Minimum relative error =  -4.29E-16  -1.93E+00 ulps       0.95 bits at nquad =   58 sigma =    2.0000 alpha =    1.0000
--- field 13	relative error 3.44e-02
>   Minimum relative error =   5.72E-16   2.58E+00 ulps       1.37 bits at nquad =   60 sigma =    2.0000 alpha =    1.0000
### Maximum relative error in matching lines = 2.11e-14 at line 82 field 4
### Maximum relative error in matching lines = 2.10e-14 at line 96 field 5
glfd406
105c105
<   Minimum relative error =   9.40E-14   4.23E+02 ulps       8.73 bits at nquad =   90 sigma =    3.0000 alpha =    0.2000
--- field 13	relative error 3.33e-02
>   Minimum relative error =   7.76E-14   3.49E+02 ulps       8.45 bits at nquad =   93 sigma =    3.0000 alpha =     .2000
### Maximum relative error in matching lines = 1.26e-13 at line 16 field 4
### Maximum relative error in matching lines = 1.25e-13 at line 15 field 5
glfd407
### Maximum relative error in matching lines = 3.06e-14 at line 89 field 4
### Maximum relative error in matching lines = 3.05e-14 at line 88 field 5
glfd408
### Maximum relative error in matching lines = 5.78e-14 at line 99 field 4
### Maximum relative error in matching lines = 5.79e-14 at line 98 field 5
glfd409
### Maximum relative error in matching lines = 2.01e-13 at line 33 field 4
### Maximum relative error in matching lines = 2.01e-13 at line 32 field 5
glfd410
### Maximum relative error in matching lines = 2.28e-14 at line 8 field 4
### Maximum relative error in matching lines = 2.29e-14 at line 7 field 5
Checking tglfd5 ...
File differences are made with: /usr/local/bin/ndiff --relerr 1.0e-10 --minwidth 10 --abserr 0
glfd501
300c300
<   Maximum relative error =  -2.22E-15     -10.00 ulps       3.32 bits at nquad =   65
--- field 13	relative error 7.69e-02
>   Maximum relative error =  -1.33E-15      -6.00 ulps       2.58 bits at nquad =   70
301c301
<   Minimum relative error =   0.00E+00       0.00 ulps       0.00 bits at nquad =   70
--- field 13	relative error 1.8e+00
>   Minimum relative error =   0.00E+00        .00 ulps        .00 bits at nquad =   25
### Maximum relative error in matching lines = 4.51e-12 at line 50 field 4
### Maximum relative error in matching lines = 2.44e-15 at line 40 field 5
glfd502
330c330
<   Maximum relative error =  -1.66E-14     -74.63 ulps       6.22 bits at nquad =   95
--- field 13	relative error 2.66e-01
>   Maximum relative error =   5.95E-15      26.80 ulps       4.74 bits at nquad =   75
331c331
<   Minimum relative error =   0.00E+00       0.00 ulps       0.00 bits at nquad =   95
--- field 13	relative error 2.66e-01
>   Minimum relative error =  -1.27E-16       -.57 ulps        .80 bits at nquad =   75
### Maximum relative error in matching lines = 6.81e-13 at line 303 field 5
### Maximum relative error in matching lines = 2.00e-14 at line 40 field 5
glfd503
330c330
<   Maximum relative error =   4.70E-15      21.15 ulps       4.40 bits at nquad =   95
--- field 13	relative error 2.66e-01
>   Maximum relative error =   1.28E-14      57.83 ulps       5.85 bits at nquad =   75
### Maximum relative error in matching lines = 4.57e-13 at line 119 field 4
### Maximum relative error in matching lines = 1.02e-14 at line 24 field 5
glfd504
330c330
<   Maximum relative error =   5.44E-15      24.50 ulps       4.61 bits at nquad =   95
--- field 13	relative error 2.66e-01
>   Maximum relative error =  -9.33E-15     -42.00 ulps       5.39 bits at nquad =   75
### Maximum relative error in matching lines = 4.01e-13 at line 303 field 4
### Maximum relative error in matching lines = 9.10e-15 at line 24 field 5
glfd505
### Maximum relative error in matching lines = 2.19e-11 at line 114 field 4
### Maximum relative error in matching lines = 1.12e-15 at line 11 field 5
glfd506
### Maximum relative error in matching lines = 8.17e-13 at line 211 field 4
### Maximum relative error in matching lines = 1.05e-15 at line 23 field 5
glfd507
320c320
<   Maximum relative error =   1.87E-15       8.43 ulps       3.08 bits at nquad =   85
--- field 13	relative error 7.0e-01
>   Maximum relative error =   1.50E-15       6.76 ulps       2.76 bits at nquad =   50
321c321
<   Minimum relative error =   0.00E+00       0.00 ulps       0.00 bits at nquad =   50
--- field 13	relative error 1.0e+00
>   Minimum relative error =   0.00E+00        .00 ulps        .00 bits at nquad =   25
### Maximum relative error in matching lines = 6.65e-13 at line 211 field 5
### Maximum relative error in matching lines = 2.07e-15 at line 56 field 5
glfd508
208c208
<   Maximum relative error =  -1.49E-15      -6.70 ulps       2.74 bits at nquad =   75
--- field 13	relative error 2.0e+00
>   Maximum relative error =   1.06E-15       4.76 ulps       2.25 bits at nquad =   25
209c209
<   Minimum relative error =   0.00E+00       0.00 ulps       0.00 bits at nquad =   50
--- field 13	relative error 5.0e-01
>   Minimum relative error =   0.00E+00        .00 ulps        .00 bits at nquad =   75
### Maximum relative error in matching lines = 7.26e-13 at line 114 field 5
### Maximum relative error in matching lines = 1.60e-15 at line 39 field 5
glfd509
Checking tglfd6 ...
File differences are made with: /usr/local/bin/ndiff --relerr 1.0e-10 --minwidth 10 --abserr 0
glfd601
105c105
<   Minimum relative error =   0.00E+00   0.00E+00 ulps       0.00 bits at nquad =   24 sigma =    0.1000 alpha =    0.0100
--- field 13	relative error 1.4e+00
>   Minimum relative error =   0.00E+00   0.00E+00 ulps        .00 bits at nquad =   10 sigma =     .1000 alpha =     .0100
### Maximum relative error in matching lines = 4.22e-15 at line 100 field 4
### Maximum relative error in matching lines = 4.18e-15 at line 99 field 5
glfd602
105c105
<   Minimum relative error =   0.00E+00   0.00E+00 ulps       0.00 bits at nquad =   61 sigma =    1.0000 alpha =    1.0000
--- field 13	relative error 1.25e+00
>   Minimum relative error =   0.00E+00   0.00E+00 ulps        .00 bits at nquad =   27 sigma =    1.0000 alpha =    1.0000
### Maximum relative error in matching lines = 5.00e-15 at line 91 field 4
### Maximum relative error in matching lines = 4.99e-15 at line 90 field 5
glfd603
104c104
<   Minimum relative error =   0.00E+00   0.00E+00 ulps       0.00 bits at nquad =    6 sigma =    0.0100 alpha =   -0.5000
--- field 13	relative error 5.0e-01
>   Minimum relative error =   0.00E+00   0.00E+00 ulps        .00 bits at nquad =    4 sigma =     .0100 alpha =    -.5000
### Maximum relative error in matching lines = 6.09e-15 at line 95 field 4
### Maximum relative error in matching lines = 6.06e-15 at line 94 field 5
glfd604
105c105
<   Minimum relative error =   0.00E+00   0.00E+00 ulps       0.00 bits at nquad =   17 sigma =    0.1000 alpha =    0.5000
--- field 13	relative error 4.16e-01
>   Minimum relative error =   0.00E+00   0.00E+00 ulps        .00 bits at nquad =   12 sigma =     .1000 alpha =     .5000
### Maximum relative error in matching lines = 3.05e-15 at line 75 field 4
### Maximum relative error in matching lines = 2.96e-15 at line 74 field 5
glfd605
105c105
<   Minimum relative error =   3.47E-16   1.56E+00 ulps       0.64 bits at nquad =   91 sigma =    2.0000 alpha =    1.0000
--- field 13	relative error 2.13e-01
>   Minimum relative error =  -1.39E-15  -6.25E+00 ulps       2.64 bits at nquad =   75 sigma =    2.0000 alpha =    1.0000
### Maximum relative error in matching lines = 4.31e-14 at line 79 field 4
### Maximum relative error in matching lines = 4.30e-14 at line 78 field 5
glfd606
105c105
<   Minimum relative error =  -5.07E-15  -2.28E+01 ulps       4.51 bits at nquad =   95 sigma =    3.0000 alpha =    0.2000
--- field 13	relative error 9.19e-02
>   Minimum relative error =  -2.46E-14  -1.11E+02 ulps       6.79 bits at nquad =   87 sigma =    3.0000 alpha =     .2000
### Maximum relative error in matching lines = 3.65e-14 at line 86 field 4
### Maximum relative error in matching lines = 3.63e-14 at line 85 field 5
glfd607
### Maximum relative error in matching lines = 5.52e-14 at line 89 field 4
### Maximum relative error in matching lines = 5.49e-14 at line 88 field 5
glfd608
### Maximum relative error in matching lines = 1.67e-13 at line 23 field 4
### Maximum relative error in matching lines = 1.67e-13 at line 22 field 5
glfd609
### Maximum relative error in matching lines = 1.07e-13 at line 19 field 4
### Maximum relative error in matching lines = 1.07e-13 at line 18 field 5
glfd610
### Maximum relative error in matching lines = 2.00e-16 at line 8 field 5
============================== Making check-dp in common
ar -r ../libgjl.a d2norm.o dcopy.o deps.o derbit.o dfloat.o dfpmax.o dgamma.o dinf.o diran.o dlgam.o dlog2.o dnan.o dpsi.o dpsiln.o dran.o dstore.o dstorf.o dvsum.o ffalse.o ftrue.o getnan.o idceil.o isdinf.o isdnan.o pythag.o tql1.o
ranlib ../libgjl.a || true
ar -r ../libgjl.a aeps.o afpmax.o ainf.o airan.o algam.o alog2.o anan.o astore.o astorf.o avsum.o gamma.o iceil.o isainf.o isanan.o psi.o psiln.o ran.o
ranlib ../libgjl.a || true
There is no validation suite in this directory
857.900u 64.230s 31:46.80 48.3%	82+158k 0+0io 8139pf+0w
============================================================
Disk free report for /u/admin/beebe/build/f77:
			Filesystem           1K-blocks      Used Available Use% Mounted on
			nova.physics.utah.edu:/export/d1/0002/admin
			                      35211232  31251532   3607588  90% /tmp_mnt/home/admin
Remote date:            2004.03.19.19.43.32
============================================================
