============================================================
/usr/local/bin/.: Permission denied.
Machinetype:            Intel Pentium III (600 MHz);    GNU/Linux 2.4.18-27.8.0smp (Red Hat 8.0 (Psyche))
System status:            5:12pm  up 68 days, 42 min,  5 users,  load average: 1.29, 0.58, 0.23
Remote Intel compiler versions:
			OS information:
			Red Hat Linux release 8.0 (Psyche)
			Kernel on an \m
			Kernel 2.4.20-28.8smp
			glibc-2.3.2-4.80.8
			
			===========================================================
			Support Package IDs for Intel(R) Compilers in /export/local/ashare/i386-linux/sys/intel/compiler70/ia32/bin
			Please use the following information when submitting customer support requests.
			
			C++ Support Package ID    : l_cc_pc_7.1.035-NCOM
			Fortran Support Package ID: l_fc_pc_7.1.038-NCOM
			===========================================================
			C++ & Fortran License Expiration Date: never expire
			C++ & Fortran Support Services Expiration Date: never expire
			
			All Installed Compiler Components on this OS: 
Remote c89 version:     gcc (GCC) 3.2 20020903 (Red Hat Linux 8.0 3.2-7)
Remote c99 version:     gcc (GCC) 3.2 20020903 (Red Hat Linux 8.0 3.2-7)
Remote lcc version:     lcc version 4.1.beta.9 [11-May-2001]
Remote pgCC version:    Copyright 1989-2000, The Portland Group, Inc. All Rights Reserved.
Remote pgcc version:    Copyright 1989-2000, The Portland Group, Inc. All Rights Reserved.
Package:                quadlog-gampsi
Archive:                /a/suncore0/export/home/0077/sy/beebe/build//quadlog-gampsi.tar.gz
Date:                   2004.03.19.17.12.49
Local user:             beebe
Local host:             psi.math.utah.edu
Local log directory:    /a/suncore0/export/home/0077/sy/beebe/build/logs/quadlog-gampsi
Local log file:         quadlog-gampsi.wasatch.math.utah.edu.2004.03.19.17.12.49.log
Remote user:            beebe
Remote host:            wasatch.math.utah.edu
Remote directory:       /local/build/lf95
Remote date:            2004.03.19.17.13.21
Remote uname:           Linux wasatch.math.utah.edu 2.4.20-28.8smp #1 SMP Thu Dec 18 12:25:21 EST 2003 i686 unknown unknown GNU/Linux
Remote gcc version:     gcc (GCC) 3.3.3
Remote g++ version:     g++ (GCC) 3.3.3
Remote gcc3 version:    gcc3: Command not found.
Remote g++3 version:    g++3: Command not found.
Configure environment:  CC=gcc CXX=g++ F77=lf95 FC=lf95 LDFLAGS=-R/usr/local/lib -L/usr/local/lib 
Extra environment:      
Configure flags:        
Make all targets:       all all-qp
Make check targets:     check
Disk free report for /local/build/lf95:
			Filesystem           1K-blocks      Used Available Use% Mounted on
			/dev/Volume00/LogVol00
			                      15514004   9882724   4843212  68% /
Environment:
			DISPLAY=localhost:95.0
			DVIPSHEADERS=.:/usr/local/lib/tex/ps:/usr/local/lib/tex/fonts/ps:/usr/local/lib/tex/fonts/vf:/usr/local/lib/tex/fonts/old/vf:/usr/local/lib/tex/fonts/postscript/cmpsfont/pfb
			FORTRANPLUS=/usr/local/sys/FortranPlus/fplus_55h
			GROUP=wheel
			G_BROKEN_FILENAMES=1
			HOME=/u/sy/beebe
			HOST=wasatch.math.utah.edu
			HOSTALIAS=wasatch
			HOSTTYPE=i386-linux
			INDOMAIN=math.utah.edu
			INFO=/usr/local/plot79
			LANG=en_US.UTF-8
			LESSOPEN=|/usr/bin/lesspipe.sh %s
			LIBRARY_PATH=/usr/local/sys/FortranPlus/fplus_55h/lib
			LM_LICENSE_FILE=/usr/local/sys/pgi/pgi/license.dat
			LOGNAME=beebe
			LS_COLORS=no=00:fi=00:di=37;44:ln=01;36;44:pi=33;44:so=01;35:bd=33;44;01:cd=33;44;01:or=40;31;01:ex=01;33;44:*.tar=01;31:*.tgz=01;31:*.arj=01;31:*.taz=01;31:*.lzh=01;31:*.zip=01;31:*.z=01;31:*.Z=01;31:*.gz=01;31:*.deb=01;31:*.i386.rpm=01;31:*.src.rpm=01;30:*.jpg=01;35:*.gif=01;35:*.bmp=01;35:*.ppm=01;35:*.tga=01;35:*.xbm=01;35:*.xpm=01;35:*.tif=01;35:*.mpg=01;37;42:*.avi=01;37;42:*.mp4=01;37;42:*.qt=01;37;42:*.gl=01;37;42:*.dl=01;37;42:*.c=1;34;47:*.h=1;35;47:*.in=1;32;44:*.i=07;33;44:*ChangeLog=01;34;43:*INSTALL=301;4;43:*Makefile=01;37;42;41:*NEWS=01;34;43:*README=01;34;43:*TO-DO=01;34;43:*WHERE-FROM=01;34;43:
			MACHTYPE=i386
			MAIL=/var/mail/beebe
			MANPATH=/usr/local/man:/usr/share/man:/usr/local/sys/lf9562/manuals/man/lf95:/usr/local/sys/lf9562/manuals/man/ssl2
			MFINPUTS=.:/usr/local/lib/mf/macros:/usr/local/lib/mf/cm:/usr/local/lib/mf
			NCARG_ROOT=/usr/local/ncar
			NLM_LICENCE_FILENAME=/usr/local/sys/FortranPlus/fplus_55h/license/license.nas
			OPENWINHOME=/usr/openwin
			OSTYPE=linux
			PAGER=/usr/bin/less
			PATH=/usr/local/bin/X11:/usr/local/bin:/u/sy/beebe/bin/i686:/usr/local/share/bin:/usr/local/bin/X11:/usr/local/pbmplus:/usr/X11R6/bin:/usr/bin/X11:/usr/local/plot79:/usr/sbin:/usr/bin:/bin:/sbin:/usr/local/etc:/usr/etc:/etc:.:/usr/local/sys/pgi/pgi/linux86/5.1/bin:/usr/local/sys/FortranPlus/fplus_55h/bin:/opt/intel_cc_80/bin:/opt/intel_fc_80/bin:/opt/intel_idb_73/bin:/usr/local/sys/intel/compiler70/ia32/bin:/u/sy/beebe/tex/bib:/usr/local/gnat/bin:/usr/local/ora/bin
			PFDIR=/usr/local/sys/lf9562/bin
			PGI=/usr/local/sys/pgi/pgi
			PLT=/usr/local/plot79
			PVM_ROOT=/usr/local/pvm3
			PWD=/u/sy/beebe
			QTDIR=/usr/lib/qt3-gcc3.2
			SAXDIR=/usr/local/ashare/sax
			SHELL=/usr/local/bin/tcsh
			SHLVL=1
			SSH_ASKPASS=/usr/libexec/openssh/gnome-ssh-askpass
			SSH_CLIENT=128.110.198.32 49745 22
			SSH_CONNECTION=128.110.198.32 49745 155.101.96.145 22
			TERM=vt100
			TEXCONFIG=.:/usr/local/lib/tex/ps:/usr/local/lib/tex/fonts/vf:/usr/local/lib/tex/fonts/old/vf
			TEXFONTS=/usr/local/lib/tex/fonts/cm/600dpi:/usr/local/lib/tex/fonts/cm/tfms:/usr/local/lib/tex/ams/amspsfnt/tfms:/usr/local/lib/tex/ams/amspsfnt/pfb:/usr/local/lib/tex/ams/amsfonts/pk-files/600dpi:/usr/local/lib/tex/ams/amsfonts/pk-files/300dpi:/usr/local/lib/tex/fonts/pandora/600dpi:/usr/local/lib/tex/fonts/pandora/tfms:/usr/local/lib/tex/fonts/concrete/600dpi:/usr/local/lib/tex/fonts/concrete/tfms:/usr/local/lib/tex/fonts/greek:/usr/local/lib/tex/lamstex/mf:/usr/local/lib/tex/fonts/pk/tfms:/usr/local/lib/tex/fonts/pk/600dpi:/usr/local/lib/tex/fonts/pk/300dpi:/usr/local/lib/tex/fonts/ps:/usr/local/lib/tex/latex2e/fonts:/usr/local/lib/tex/fonts/vf:/usr/local/lib/tex/fonts/old/vf:/usr/local/lib/tex/musictex/pk/600dpi:/usr/local/lib/tex/musictex/pk/tfms:/usr/local/lib/tex/fonts/cmcyr/600dpi:/usr/local/lib/tex/fonts/ec/600dpi:/usr/local/lib/tex/fonts/ec/tfms:/usr/local/lib/tex/fonts/ecc/600dpi:/usr/local/lib/tex/fonts/ecc/tfms:/usr/local/lib/tex/fonts/ams
			TEXINPUTS=.:/usr/local/lib/tex/inputs:/usr/local/lib/tex/fonts/ps:/usr/local/lib/tex/latex:/usr/local/lib/tex/ams/amstex:/usr/local/lib/tex/ams/amstex/doc:/usr/local/lib/tex/ams/amslatex/inputs:/usr/local/lib/tex/bibtex:/usr/local/lib/tex/fonts/ap/300dpi:/usr/local/lib/tex/tugboat:/usr/local/lib/tex/lamstex/inputs:/usr/local/lib/tex/siam:/usr/local/lib/tex/ps:/usr/local/lib/tex/fonts/pandora
			TEXPKS=/usr/local/lib/tex/fonts/cm/600dpi:/usr/local/lib/tex/fonts/cm/tfms:/usr/local/lib/tex/ams/amspsfnt/tfms:/usr/local/lib/tex/ams/amspsfnt/pfb:/usr/local/lib/tex/ams/amsfonts/pk-files/600dpi:/usr/local/lib/tex/ams/amsfonts/pk-files/300dpi:/usr/local/lib/tex/fonts/pandora/600dpi:/usr/local/lib/tex/fonts/pandora/tfms:/usr/local/lib/tex/fonts/concrete/600dpi:/usr/local/lib/tex/fonts/concrete/tfms:/usr/local/lib/tex/fonts/greek:/usr/local/lib/tex/lamstex/mf:/usr/local/lib/tex/fonts/pk/tfms:/usr/local/lib/tex/fonts/pk/600dpi:/usr/local/lib/tex/fonts/pk/300dpi:/usr/local/lib/tex/fonts/ps:/usr/local/lib/tex/latex2e/fonts:/usr/local/lib/tex/fonts/vf:/usr/local/lib/tex/fonts/old/vf:/usr/local/lib/tex/musictex/pk/600dpi:/usr/local/lib/tex/musictex/pk/tfms:/usr/local/lib/tex/fonts/cmcyr/600dpi:/usr/local/lib/tex/fonts/ec/600dpi:/usr/local/lib/tex/fonts/ec/tfms:/usr/local/lib/tex/fonts/ecc/600dpi:/usr/local/lib/tex/fonts/ecc/tfms:/usr/local/lib/tex/fonts/ams
			USER=beebe
			VENDOR=intel
			VFFONTS=.:/usr/local/lib/tex/latex2e/fonts:/usr/local/lib/tex/fonts/vf:/usr/local/lib/tex/fonts/old/vf:/usr/local/lib/tex/fonts/fontinst/contrib/helminck:/usr/local/lib/tex/fonts/malvern/vf:/usr/local/lib/tex/fonts/mathtime
			WISK=/usr/local/sys/lf9562
			YPDOMAIN=YP.math.utah.edu
============================================================
configure: creating ./config.status
config.status: creating Makefile
configure: configuring in common
configure: running /bin/sh './configure'  --cache-file=/dev/null --srcdir=.
checking for gcc... gcc
checking for C compiler default output file name... a.out
checking whether the C compiler works... yes
checking whether we are cross compiling... no
checking for suffix of executables... 
checking for suffix of object files... o
checking whether we are using the GNU C compiler... yes
checking whether gcc accepts -g... yes
checking for gcc option to accept ANSI C... none needed
checking whether we are using the GNU Fortran 77 compiler... no
checking whether lf95 accepts -g... yes
checking for autoconf... autoconf
configure: creating ./config.status
config.status: creating Makefile
configure: configuring in gampsi
configure: running /bin/sh './configure'  --cache-file=/dev/null --srcdir=.
checking for gcc... gcc
checking for C compiler default output file name... a.out
checking whether the C compiler works... yes
checking whether we are cross compiling... no
checking for suffix of executables... 
checking for suffix of object files... o
checking whether we are using the GNU C compiler... yes
checking whether gcc accepts -g... yes
checking for gcc option to accept ANSI C... none needed
checking whether we are using the GNU Fortran 77 compiler... no
checking whether lf95 accepts -g... yes
checking for autoconf... autoconf
checking for gzip... gzip
checking for tar... tar
configure: creating ./config.status
config.status: creating Makefile
configure: configuring in jacobi
configure: running /bin/sh './configure'  --cache-file=/dev/null --srcdir=.
checking for gcc... gcc
checking for C compiler default output file name... a.out
checking whether the C compiler works... yes
checking whether we are cross compiling... no
checking for suffix of executables... 
checking for suffix of object files... o
checking whether we are using the GNU C compiler... yes
checking whether gcc accepts -g... yes
checking for gcc option to accept ANSI C... none needed
checking whether we are using the GNU Fortran 77 compiler... no
checking whether lf95 accepts -g... yes
checking for autoconf... autoconf
configure: creating ./config.status
config.status: creating Makefile
configure: configuring in laguerre
configure: running /bin/sh './configure'  --cache-file=/dev/null --srcdir=.
checking for gcc... gcc
checking for C compiler default output file name... a.out
checking whether the C compiler works... yes
checking whether we are cross compiling... no
checking for suffix of executables... 
checking for suffix of object files... o
checking whether we are using the GNU C compiler... yes
checking whether gcc accepts -g... yes
checking for gcc option to accept ANSI C... none needed
checking whether we are using the GNU Fortran 77 compiler... no
checking whether lf95 accepts -g... yes
checking for autoconf... autoconf
checking if -lm needed for math functions... yes
configure: creating ./config.status
config.status: creating Makefile
configure: configuring in man
configure: running /bin/sh './configure'  --cache-file=/dev/null --srcdir=.
checking for autoconf... autoconf
checking for deroff... deroff
checking for ps2pdf... ps2pdf
checking for man2html... man2html
configure: creating ./config.status
config.status: creating Makefile
5.13user 10.24system 0:28.30elapsed 54%CPU (0avgtext+0avgdata 0maxresident)k
0inputs+0outputs (132800major+155692minor)pagefaults 0swaps
(cd common && make  prefix=/usr/local FWARN="" FOPT="-O" all )
lf95 -g -O     -c -o d2norm.o d2norm.f
f95: -g specified, level of -O changed to 0.
Encountered 0 errors, 0 warnings in file d2norm.f.
lf95 -g -O     -c -o dcopy.o dcopy.f
f95: -g specified, level of -O changed to 0.
Encountered 0 errors, 0 warnings in file dcopy.f.
lf95 -g -O     -c -o deps.o deps.f
f95: -g specified, level of -O changed to 0.
lf95 -g -O     -c -o derbit.o derbit.f
lf95 -g -O     -c -o dfloat.o dfloat.f
Encountered 0 errors, 0 warnings in file deps.f.
f95: -g specified, level of -O changed to 0.
Encountered 0 errors, 0 warnings in file derbit.f.
f95: -g specified, level of -O changed to 0.
Encountered 0 errors, 0 warnings in file dfloat.f.
lf95 -g -O     -c -o dfpmax.o dfpmax.f
f95: -g specified, level of -O changed to 0.
Encountered 0 errors, 0 warnings in file dfpmax.f.
lf95 -g -O     -c -o dgamma.o dgamma.f
f95: -g specified, level of -O changed to 0.
Encountered 0 errors, 0 warnings in file dgamma.f.
lf95 -g -O     -c -o dinf.o dinf.f
f95: -g specified, level of -O changed to 0.
Encountered 0 errors, 0 warnings in file dinf.f.
lf95 -g -O     -c -o diran.o diran.f
f95: -g specified, level of -O changed to 0.
Encountered 0 errors, 0 warnings in file diran.f.
lf95 -g -O     -c -o dlgam.o dlgam.f
f95: -g specified, level of -O changed to 0.
Encountered 0 errors, 0 warnings in file dlgam.f.
lf95 -g -O     -c -o dlog2.o dlog2.f
f95: -g specified, level of -O changed to 0.
Encountered 0 errors, 0 warnings in file dlog2.f.
lf95 -g -O     -c -o dnan.o dnan.f
f95: -g specified, level of -O changed to 0.
Encountered 0 errors, 0 warnings in file dnan.f.
lf95 -g -O     -c -o dpsi.o dpsi.f
f95: -g specified, level of -O changed to 0.
Encountered 0 errors, 0 warnings in file dpsi.f.
lf95 -g -O     -c -o dpsiln.o dpsiln.f
lf95 -g -O     -c -o dran.o dran.f
f95: -g specified, level of -O changed to 0.
Encountered 0 errors, 0 warnings in file dpsiln.f.
f95: -g specified, level of -O changed to 0.
lf95 -g -O     -c -o dstore.o dstore.f
Encountered 0 errors, 0 warnings in file dran.f.
f95: -g specified, level of -O changed to 0.
Encountered 0 errors, 0 warnings in file dstore.f.
lf95 -g -O     -c -o dstorf.o dstorf.f
f95: -g specified, level of -O changed to 0.
Encountered 0 errors, 0 warnings in file dstorf.f.
lf95 -g -O     -c -o dvsum.o dvsum.f
f95: -g specified, level of -O changed to 0.
Encountered 0 errors, 0 warnings in file dvsum.f.
lf95 -g -O     -c -o ffalse.o ffalse.f
f95: -g specified, level of -O changed to 0.
Encountered 0 errors, 0 warnings in file ffalse.f.
lf95 -g -O     -c -o ftrue.o ftrue.f
f95: -g specified, level of -O changed to 0.
Encountered 0 errors, 0 warnings in file ftrue.f.
lf95 -g -O     -c -o getnan.o getnan.f
f95: -g specified, level of -O changed to 0.
Encountered 0 errors, 0 warnings in file getnan.f.
lf95 -g -O     -c -o idceil.o idceil.f
f95: -g specified, level of -O changed to 0.
Encountered 0 errors, 0 warnings in file idceil.f.
lf95 -g -O     -c -o isdinf.o isdinf.f
f95: -g specified, level of -O changed to 0.
Encountered 0 errors, 0 warnings in file isdinf.f.
lf95 -g -O     -c -o isdnan.o isdnan.f
lf95 -g -O     -c -o pythag.o pythag.f
f95: -g specified, level of -O changed to 0.
Encountered 0 errors, 0 warnings in file isdnan.f.
f95: -g specified, level of -O changed to 0.
Encountered 0 errors, 0 warnings in file pythag.f.
lf95 -g -O     -c -o tql1.o tql1.f
f95: -g specified, level of -O changed to 0.
Encountered 0 errors, 0 warnings in file tql1.f.
ar -r ../libgjl.a d2norm.o dcopy.o deps.o derbit.o dfloat.o dfpmax.o dgamma.o dinf.o diran.o dlgam.o dlog2.o dnan.o dpsi.o dpsiln.o dran.o dstore.o dstorf.o dvsum.o ffalse.o ftrue.o getnan.o idceil.o isdinf.o isdnan.o pythag.o tql1.o
ranlib ../libgjl.a || true
lf95 -g -O     -c -o aeps.o aeps.f
lf95 -g -O     -c -o afpmax.o afpmax.f
f95: -g specified, level of -O changed to 0.
Encountered 0 errors, 0 warnings in file aeps.f.
f95: -g specified, level of -O changed to 0.
Encountered 0 errors, 0 warnings in file afpmax.f.
lf95 -g -O     -c -o ainf.o ainf.f
f95: -g specified, level of -O changed to 0.
Encountered 0 errors, 0 warnings in file ainf.f.
lf95 -g -O     -c -o airan.o airan.f
f95: -g specified, level of -O changed to 0.
Encountered 0 errors, 0 warnings in file airan.f.
lf95 -g -O     -c -o algam.o algam.f
f95: -g specified, level of -O changed to 0.
Encountered 0 errors, 0 warnings in file algam.f.
lf95 -g -O     -c -o alog2.o alog2.f
f95: -g specified, level of -O changed to 0.
Encountered 0 errors, 0 warnings in file alog2.f.
lf95 -g -O     -c -o anan.o anan.f
f95: -g specified, level of -O changed to 0.
Encountered 0 errors, 0 warnings in file anan.f.
lf95 -g -O     -c -o astore.o astore.f
f95: -g specified, level of -O changed to 0.
Encountered 0 errors, 0 warnings in file astore.f.
lf95 -g -O     -c -o astorf.o astorf.f
lf95 -g -O     -c -o avsum.o avsum.f
f95: -g specified, level of -O changed to 0.
Encountered 0 errors, 0 warnings in file astorf.f.
f95: -g specified, level of -O changed to 0.
Encountered 0 errors, 0 warnings in file avsum.f.
lf95 -g -O     -c -o gamma.o gamma.f
f95: -g specified, level of -O changed to 0.
Encountered 0 errors, 0 warnings in file gamma.f.
lf95 -g -O     -c -o iceil.o iceil.f
f95: -g specified, level of -O changed to 0.
Encountered 0 errors, 0 warnings in file iceil.f.
lf95 -g -O     -c -o isainf.o isainf.f
f95: -g specified, level of -O changed to 0.
lf95 -g -O     -c -o isanan.o isanan.f
lf95 -g -O     -c -o psi.o psi.f
Encountered 0 errors, 0 warnings in file isainf.f.
f95: -g specified, level of -O changed to 0.
Encountered 0 errors, 0 warnings in file isanan.f.
f95: -g specified, level of -O changed to 0.
Encountered 0 errors, 0 warnings in file psi.f.
lf95 -g -O     -c -o psiln.o psiln.f
f95: -g specified, level of -O changed to 0.
Encountered 0 errors, 0 warnings in file psiln.f.
lf95 -g -O     -c -o ran.o ran.f
ar -r ../libgjl.a aeps.o afpmax.o ainf.o airan.o algam.o alog2.o anan.o astore.o astorf.o avsum.o gamma.o iceil.o isainf.o isanan.o psi.o psiln.o ran.o
f95: -g specified, level of -O changed to 0.
Encountered 0 errors, 0 warnings in file ran.f.
ranlib ../libgjl.a || true
for subdir in man gampsi jacobi laguerre common ; do echo ============================== Making all in $subdir ; ( cd $subdir && make  prefix=/usr/local FWARN="" FOPT="-O" all ) ; done
============================== Making all in man
============================== Making all in gampsi
(cd ../common; make lib-dp)
ar -r ../libgjl.a d2norm.o dcopy.o deps.o derbit.o dfloat.o dfpmax.o dgamma.o dinf.o diran.o dlgam.o dlog2.o dnan.o dpsi.o dpsiln.o dran.o dstore.o dstorf.o dvsum.o ffalse.o ftrue.o getnan.o idceil.o isdinf.o isdnan.o pythag.o tql1.o
ranlib ../libgjl.a || true
lf95 -g -O -I../common   -c -o tdgen.o tdgen.f
f95: -g specified, level of -O changed to 0.
Encountered 0 errors, 0 warnings in file tdgen.f.
lf95 -g -O -I../common   -c -o funhdr.o funhdr.f
f95: -g specified, level of -O changed to 0.
Encountered 0 errors, 0 warnings in file funhdr.f.
lf95 -g -O -I../common   -c -o dgen.o dgen.f
lf95 -g -O -I../common   -o tdgen tdgen.o funhdr.o dgen.o ../common/dfloat.o ../common/dinf.o ../common/diran.o ../common/dnan.o ../common/dran.o ../common/dstorf.o ../common/idceil.o ../common/isdnan.o ../common/dgamma.o ../common/dlgam.o ../common/dpsi.o ../common/dpsiln.o 
f95: -g specified, level of -O changed to 0.
Encountered 0 errors, 0 warnings in file dgen.f.
f95: -g specified, level of -O changed to 0.
(cd ../common; make lib-sp)
ar -r ../libgjl.a aeps.o afpmax.o ainf.o airan.o algam.o alog2.o anan.o astore.o astorf.o avsum.o gamma.o iceil.o isainf.o isanan.o psi.o psiln.o ran.o
ranlib ../libgjl.a || true
lf95 -g -O -I../common   -c -o tagen.o tagen.f
f95: -g specified, level of -O changed to 0.
Encountered 0 errors, 0 warnings in file tagen.f.
lf95 -g -O -I../common   -c -o agen.o agen.f
f95: -g specified, level of -O changed to 0.
Encountered 0 errors, 0 warnings in file agen.f.
lf95 -g -O -I../common   -o tagen tagen.o funhdr.o agen.o ../common/ainf.o ../common/airan.o ../common/anan.o ../common/astorf.o ../common/iceil.o ../common/isanan.o ../common/ran.o ../common/algam.o ../common/dfloat.o ../common/gamma.o ../common/idceil.o ../common/psi.o ../common/psiln.o 
f95: -g specified, level of -O changed to 0.
============================== Making all in jacobi
lf95 -g -O -I../common   -c -o gjqf.o gjqf.f
f95: -g specified, level of -O changed to 0.
Encountered 0 errors, 0 warnings in file gjqf.f.
lf95 -g -O -I../common   -c -o gjqfd.o gjqfd.f
lf95 -g -O -I../common   -c -o gjqli.o gjqli.f
f95: -g specified, level of -O changed to 0.
Encountered 0 errors, 0 warnings in file gjqfd.f.
f95: -g specified, level of -O changed to 0.
Encountered 0 errors, 0 warnings in file gjqli.f.
lf95 -g -O -I../common   -c -o gjqrc.o gjqrc.f
f95: -g specified, level of -O changed to 0.
Encountered 0 errors, 0 warnings in file gjqrc.f.
(cd ../common; make lib-dp)
ar -r ../libgjl.a d2norm.o dcopy.o deps.o derbit.o dfloat.o dfpmax.o dgamma.o dinf.o diran.o dlgam.o dlog2.o dnan.o dpsi.o dpsiln.o dran.o dstore.o dstorf.o dvsum.o ffalse.o ftrue.o getnan.o idceil.o isdinf.o isdnan.o pythag.o tql1.o
ranlib ../libgjl.a || true
ar -r ../libgjl.a gjqf.o gjqfd.o gjqli.o gjqrc.o
ranlib ../libgjl.a || true
lf95 -g -O -I../common   -c -o tgjf1.o tgjf1.f
f95: -g specified, level of -O changed to 0.
Encountered 0 errors, 0 warnings in file tgjf1.f.
lf95 -g -O -I../common   -c -o ../common/prthdr.o ../common/prthdr.f
f95: -g specified, level of -O changed to 0.
Encountered 0 errors, 0 warnings in file ../common/prthdr.f.
lf95 -g -O -I../common   -c -o ../common/trapit.o ../common/trapit.f
f95: -g specified, level of -O changed to 0.
Encountered 0 errors, 0 warnings in file ../common/trapit.f.
lf95 -g -O -I../common   -o tgjf1 tgjf1.o gjqf.o gjqli.o gjqrc.o gjqfd.o ../common/d2norm.o ../common/dcopy.o ../common/deps.o ../common/derbit.o ../common/dfloat.o ../common/dgamma.o ../common/dinf.o ../common/dlog2.o ../common/dnan.o ../common/dpsi.o ../common/dstore.o ../common/dstorf.o ../common/dvsum.o ../common/isdnan.o ../common/prthdr.o ../common/pythag.o ../common/tql1.o ../common/trapit.o ../libgjl.a
f95: -g specified, level of -O changed to 0.
lf95 -g -O -I../common   -c -o tgjf2.o tgjf2.f
f95: -g specified, level of -O changed to 0.
Encountered 0 errors, 0 warnings in file tgjf2.f.
lf95 -g -O -I../common   -o tgjf2 tgjf2.o gjqf.o gjqli.o gjqrc.o gjqfd.o ../common/d2norm.o ../common/dcopy.o ../common/deps.o ../common/derbit.o ../common/dfloat.o ../common/dgamma.o ../common/dinf.o ../common/dlog2.o ../common/dnan.o ../common/dpsi.o ../common/dstore.o ../common/dstorf.o ../common/dvsum.o ../common/isdnan.o ../common/prthdr.o ../common/pythag.o ../common/tql1.o ../common/trapit.o ../libgjl.a
f95: -g specified, level of -O changed to 0.
lf95 -g -O -I../common   -c -o tgjfd1.o tgjfd1.f
f95: -g specified, level of -O changed to 0.
Encountered 0 errors, 0 warnings in file tgjfd1.f.
lf95 -g -O -I../common   -o tgjfd1 tgjfd1.o gjqfd.o ../common/d2norm.o ../common/dcopy.o ../common/deps.o ../common/derbit.o ../common/dfloat.o ../common/dgamma.o ../common/dinf.o ../common/dlog2.o ../common/dnan.o ../common/dpsi.o ../common/dstore.o ../common/dstorf.o ../common/dvsum.o ../common/isdnan.o ../common/prthdr.o ../common/pythag.o ../common/tql1.o ../common/trapit.o ../libgjl.a
f95: -g specified, level of -O changed to 0.
lf95 -g -O -I../common   -c -o tgjfd2.o tgjfd2.f
f95: -g specified, level of -O changed to 0.
Encountered 0 errors, 0 warnings in file tgjfd2.f.
lf95 -g -O -I../common   -o tgjfd2 tgjfd2.o gjqfd.o ../common/d2norm.o ../common/dcopy.o ../common/deps.o ../common/derbit.o ../common/dfloat.o ../common/dgamma.o ../common/dinf.o ../common/dlog2.o ../common/dnan.o ../common/dpsi.o ../common/dstore.o ../common/dstorf.o ../common/dvsum.o ../common/isdnan.o ../common/prthdr.o ../common/pythag.o ../common/tql1.o ../common/trapit.o ../libgjl.a
f95: -g specified, level of -O changed to 0.
============================== Making all in laguerre
lf95 -g -O -I../common   -c -o glqf.o glqf.f
f95: -g specified, level of -O changed to 0.
Encountered 0 errors, 0 warnings in file glqf.f.
lf95 -g -O -I../common   -c -o glqfd.o glqfd.f
f95: -g specified, level of -O changed to 0.
Encountered 0 errors, 0 warnings in file glqfd.f.
lf95 -g -O -I../common   -c -o glqli.o glqli.f
f95: -g specified, level of -O changed to 0.
Encountered 0 errors, 0 warnings in file glqli.f.
lf95 -g -O -I../common   -c -o glqrc.o glqrc.f
f95: -g specified, level of -O changed to 0.
Encountered 0 errors, 0 warnings in file glqrc.f.
(cd ../common; make lib-dp)
ar -r ../libgjl.a d2norm.o dcopy.o deps.o derbit.o dfloat.o dfpmax.o dgamma.o dinf.o diran.o dlgam.o dlog2.o dnan.o dpsi.o dpsiln.o dran.o dstore.o dstorf.o dvsum.o ffalse.o ftrue.o getnan.o idceil.o isdinf.o isdnan.o pythag.o tql1.o
ranlib ../libgjl.a || true
ar -r ../libgjl.a glqf.o glqfd.o glqli.o glqrc.o
ranlib ../libgjl.a || true
lf95 -g -O -I../common   -c -o tglf1.o tglf1.f
lf95 -g -O -I../common   -o tglf1 tglf1.o glqf.o glqli.o glqfd.o glqrc.o ../common/prthdr.o ../common/d2norm.o ../common/dcopy.o ../common/deps.o ../common/derbit.o ../common/dfloat.o ../common/dgamma.o ../common/dinf.o ../common/dlog2.o ../common/dnan.o ../common/dpsi.o ../common/dstore.o ../common/dstorf.o ../common/dvsum.o ../common/isdnan.o ../common/pythag.o ../common/tql1.o ../common/trapit.o
f95: -g specified, level of -O changed to 0.
Encountered 0 errors, 0 warnings in file tglf1.f.
f95: -g specified, level of -O changed to 0.
lf95 -g -O -I../common   -c -o tglf2.o tglf2.f
f95: -g specified, level of -O changed to 0.
Encountered 0 errors, 0 warnings in file tglf2.f.
lf95 -g -O -I../common   -o tglf2 tglf2.o glqf.o glqli.o glqfd.o glqrc.o ../common/prthdr.o ../common/d2norm.o ../common/dcopy.o ../common/deps.o ../common/derbit.o ../common/dfloat.o ../common/dgamma.o ../common/dinf.o ../common/dlog2.o ../common/dnan.o ../common/dpsi.o ../common/dstore.o ../common/dstorf.o ../common/dvsum.o ../common/isdnan.o ../common/pythag.o ../common/tql1.o ../common/trapit.o
f95: -g specified, level of -O changed to 0.
lf95 -g -O -I../common   -c -o tglf3.o tglf3.f
f95: -g specified, level of -O changed to 0.
Encountered 0 errors, 0 warnings in file tglf3.f.
lf95 -g -O -I../common   -o tglf3 tglf3.o glqf.o glqli.o glqfd.o glqrc.o ../common/prthdr.o ../common/d2norm.o ../common/dcopy.o ../common/deps.o ../common/derbit.o ../common/dfloat.o ../common/dgamma.o ../common/dinf.o ../common/dlog2.o ../common/dnan.o ../common/dpsi.o ../common/dstore.o ../common/dstorf.o ../common/dvsum.o ../common/isdnan.o ../common/pythag.o ../common/tql1.o ../common/trapit.o
f95: -g specified, level of -O changed to 0.
lf95 -g -O -I../common   -c -o tglf4.o tglf4.f
f95: -g specified, level of -O changed to 0.
Encountered 0 errors, 0 warnings in file tglf4.f.
lf95 -g -O -I../common   -o tglf4 tglf4.o glqf.o glqli.o glqfd.o glqrc.o ../common/prthdr.o ../common/d2norm.o ../common/dcopy.o ../common/deps.o ../common/derbit.o ../common/dfloat.o ../common/dgamma.o ../common/dinf.o ../common/dlog2.o ../common/dnan.o ../common/dpsi.o ../common/dstore.o ../common/dstorf.o ../common/dvsum.o ../common/isdnan.o ../common/pythag.o ../common/tql1.o ../common/trapit.o
f95: -g specified, level of -O changed to 0.
lf95 -g -O -I../common   -c -o tglf5.o tglf5.f
f95: -g specified, level of -O changed to 0.
Encountered 0 errors, 0 warnings in file tglf5.f.
lf95 -g -O -I../common   -o tglf5 tglf5.o glqf.o glqli.o glqfd.o glqrc.o ../common/prthdr.o ../common/d2norm.o ../common/dcopy.o ../common/deps.o ../common/derbit.o ../common/dfloat.o ../common/dgamma.o ../common/dinf.o ../common/dlog2.o ../common/dnan.o ../common/dpsi.o ../common/dstore.o ../common/dstorf.o ../common/dvsum.o ../common/isdnan.o ../common/pythag.o ../common/tql1.o ../common/trapit.o
f95: -g specified, level of -O changed to 0.
lf95 -g -O -I../common   -c -o tglf6.o tglf6.f
f95: -g specified, level of -O changed to 0.
Encountered 0 errors, 0 warnings in file tglf6.f.
lf95 -g -O -I../common   -o tglf6 tglf6.o glqf.o glqli.o glqfd.o glqrc.o ../common/prthdr.o ../common/d2norm.o ../common/dcopy.o ../common/deps.o ../common/derbit.o ../common/dfloat.o ../common/dgamma.o ../common/dinf.o ../common/dlog2.o ../common/dnan.o ../common/dpsi.o ../common/dstore.o ../common/dstorf.o ../common/dvsum.o ../common/isdnan.o ../common/pythag.o ../common/tql1.o ../common/trapit.o
f95: -g specified, level of -O changed to 0.
lf95 -g -O -I../common   -c -o tglfd1.o tglfd1.f
f95: -g specified, level of -O changed to 0.
Encountered 0 errors, 0 warnings in file tglfd1.f.
lf95 -g -O -I../common   -o tglfd1 tglfd1.o glqli.o glqfd.o glqrc.o ../common/prthdr.o ../common/d2norm.o ../common/dcopy.o ../common/deps.o ../common/derbit.o ../common/dfloat.o ../common/dgamma.o ../common/dinf.o ../common/dlog2.o ../common/dnan.o ../common/dpsi.o ../common/dstore.o ../common/dstorf.o ../common/dvsum.o ../common/isdnan.o ../common/pythag.o ../common/tql1.o ../common/trapit.o
f95: -g specified, level of -O changed to 0.
lf95 -g -O -I../common   -c -o tglfd2.o tglfd2.f
f95: -g specified, level of -O changed to 0.
Encountered 0 errors, 0 warnings in file tglfd2.f.
lf95 -g -O -I../common   -o tglfd2 tglfd2.o glqli.o glqfd.o glqrc.o ../common/prthdr.o ../common/d2norm.o ../common/dcopy.o ../common/deps.o ../common/derbit.o ../common/dfloat.o ../common/dgamma.o ../common/dinf.o ../common/dlog2.o ../common/dnan.o ../common/dpsi.o ../common/dstore.o ../common/dstorf.o ../common/dvsum.o ../common/isdnan.o ../common/pythag.o ../common/tql1.o ../common/trapit.o
lf95 -g -O -I../common   -c -o tglfd3.o tglfd3.f
f95: -g specified, level of -O changed to 0.
f95: -g specified, level of -O changed to 0.
Encountered 0 errors, 0 warnings in file tglfd3.f.
lf95 -g -O -I../common   -o tglfd3 tglfd3.o glqli.o glqfd.o glqrc.o ../common/prthdr.o ../common/d2norm.o ../common/dcopy.o ../common/deps.o ../common/derbit.o ../common/dfloat.o ../common/dgamma.o ../common/dinf.o ../common/dlog2.o ../common/dnan.o ../common/dpsi.o ../common/dstore.o ../common/dstorf.o ../common/dvsum.o ../common/isdnan.o ../common/pythag.o ../common/tql1.o ../common/trapit.o
f95: -g specified, level of -O changed to 0.
lf95 -g -O -I../common   -c -o tglfd4.o tglfd4.f
f95: -g specified, level of -O changed to 0.
Encountered 0 errors, 0 warnings in file tglfd4.f.
lf95 -g -O -I../common   -o tglfd4 tglfd4.o glqli.o glqfd.o glqrc.o ../common/prthdr.o ../common/d2norm.o ../common/dcopy.o ../common/deps.o ../common/derbit.o ../common/dfloat.o ../common/dgamma.o ../common/dinf.o ../common/dlog2.o ../common/dnan.o ../common/dpsi.o ../common/dstore.o ../common/dstorf.o ../common/dvsum.o ../common/isdnan.o ../common/pythag.o ../common/tql1.o ../common/trapit.o
f95: -g specified, level of -O changed to 0.
lf95 -g -O -I../common   -c -o tglfd5.o tglfd5.f
f95: -g specified, level of -O changed to 0.
lf95 -g -O -I../common   -o tglfd5 tglfd5.o glqli.o glqfd.o glqrc.o ../common/prthdr.o ../common/d2norm.o ../common/dcopy.o ../common/deps.o ../common/derbit.o ../common/dfloat.o ../common/dgamma.o ../common/dinf.o ../common/dlog2.o ../common/dnan.o ../common/dpsi.o ../common/dstore.o ../common/dstorf.o ../common/dvsum.o ../common/isdnan.o ../common/pythag.o ../common/tql1.o ../common/trapit.o
Encountered 0 errors, 0 warnings in file tglfd5.f.
f95: -g specified, level of -O changed to 0.
lf95 -g -O -I../common   -c -o tglfd6.o tglfd6.f
f95: -g specified, level of -O changed to 0.
Encountered 0 errors, 0 warnings in file tglfd6.f.
lf95 -g -O -I../common   -o tglfd6 tglfd6.o glqli.o glqfd.o glqrc.o ../common/prthdr.o ../common/d2norm.o ../common/dcopy.o ../common/deps.o ../common/derbit.o ../common/dfloat.o ../common/dgamma.o ../common/dinf.o ../common/dlog2.o ../common/dnan.o ../common/dpsi.o ../common/dstore.o ../common/dstorf.o ../common/dvsum.o ../common/isdnan.o ../common/pythag.o ../common/tql1.o ../common/trapit.o
f95: -g specified, level of -O changed to 0.
============================== Making all in common
ar -r ../libgjl.a d2norm.o dcopy.o deps.o derbit.o dfloat.o dfpmax.o dgamma.o dinf.o diran.o dlgam.o dlog2.o dnan.o dpsi.o dpsiln.o dran.o dstore.o dstorf.o dvsum.o ffalse.o ftrue.o getnan.o idceil.o isdinf.o isdnan.o pythag.o tql1.o
ranlib ../libgjl.a || true
ar -r ../libgjl.a aeps.o afpmax.o ainf.o airan.o algam.o alog2.o anan.o astore.o astorf.o avsum.o gamma.o iceil.o isainf.o isanan.o psi.o psiln.o ran.o
ranlib ../libgjl.a || true
(cd common && make  prefix=/usr/local FWARN="" FOPT="-O" all-qp )
lf95 -g -O     -c -o iqceil.o iqceil.f
f95: -g specified, level of -O changed to 0.
Encountered 0 errors, 0 warnings in file iqceil.f.
lf95 -g -O     -c -o isqinf.o isqinf.f
f95: -g specified, level of -O changed to 0.
Encountered 0 errors, 0 warnings in file isqinf.f.
lf95 -g -O     -c -o isqnan.o isqnan.f
f95: -g specified, level of -O changed to 0.
Encountered 0 errors, 0 warnings in file isqnan.f.
lf95 -g -O     -c -o q2norm.o q2norm.f
f95: -g specified, level of -O changed to 0.
Encountered 0 errors, 0 warnings in file q2norm.f.
lf95 -g -O     -c -o qcopy.o qcopy.f
f95: -g specified, level of -O changed to 0.
Encountered 0 errors, 0 warnings in file qcopy.f.
lf95 -g -O     -c -o qeps.o qeps.f
f95: -g specified, level of -O changed to 0.
Encountered 0 errors, 0 warnings in file qeps.f.
lf95 -g -O     -c -o qepsln.o qepsln.f
f95: -g specified, level of -O changed to 0.
Encountered 0 errors, 0 warnings in file qepsln.f.
lf95 -g -O     -c -o qerbit.o qerbit.f
f95: -g specified, level of -O changed to 0.
Encountered 0 errors, 0 warnings in file qerbit.f.
lf95 -g -O     -c -o qfloat.o qfloat.f
f95: -g specified, level of -O changed to 0.
lf95 -g -O     -c -o qfpmax.o qfpmax.f
Encountered 0 errors, 0 warnings in file qfloat.f.
f95: -g specified, level of -O changed to 0.
Encountered 0 errors, 0 warnings in file qfpmax.f.
lf95 -g -O     -c -o qgamma.o qgamma.f
lf95 -g -O     -c -o qinf.o qinf.f
lf95 -g -O     -c -o qiran.o qiran.f
lf95 -g -O     -c -o qlgam.o qlgam.f
f95: -g specified, level of -O changed to 0.
Encountered 0 errors, 0 warnings in file qgamma.f.
f95: -g specified, level of -O changed to 0.
Encountered 0 errors, 0 warnings in file qinf.f.
f95: -g specified, level of -O changed to 0.
Encountered 0 errors, 0 warnings in file qiran.f.
f95: -g specified, level of -O changed to 0.
Encountered 0 errors, 0 warnings in file qlgam.f.
lf95 -g -O     -c -o qlog2.o qlog2.f
f95: -g specified, level of -O changed to 0.
Encountered 0 errors, 0 warnings in file qlog2.f.
lf95 -g -O     -c -o qnan.o qnan.f
f95: -g specified, level of -O changed to 0.
Encountered 0 errors, 0 warnings in file qnan.f.
lf95 -g -O     -c -o qpsi.o qpsi.f
f95: -g specified, level of -O changed to 0.
Encountered 0 errors, 0 warnings in file qpsi.f.
lf95 -g -O     -c -o qpsiln.o qpsiln.f
f95: -g specified, level of -O changed to 0.
Encountered 0 errors, 0 warnings in file qpsiln.f.
lf95 -g -O     -c -o qpythg.o qpythg.f
f95: -g specified, level of -O changed to 0.
Encountered 0 errors, 0 warnings in file qpythg.f.
lf95 -g -O     -c -o qstore.o qstore.f
f95: -g specified, level of -O changed to 0.
Encountered 0 errors, 0 warnings in file qstore.f.
lf95 -g -O     -c -o qstorf.o qstorf.f
f95: -g specified, level of -O changed to 0.
Encountered 0 errors, 0 warnings in file qstorf.f.
lf95 -g -O     -c -o qtql1.o qtql1.f
f95: -g specified, level of -O changed to 0.
lf95 -g -O     -c -o qvsum.o qvsum.f
ar -r ../libgjl.a iqceil.o isqinf.o isqnan.o q2norm.o qcopy.o qeps.o qepsln.o qerbit.o qfloat.o qfpmax.o qgamma.o qinf.o qiran.o qlgam.o qlog2.o qnan.o qpsi.o qpsiln.o qpythg.o qstore.o qstorf.o qtql1.o qvsum.o
Encountered 0 errors, 0 warnings in file qtql1.f.
f95: -g specified, level of -O changed to 0.
Encountered 0 errors, 0 warnings in file qvsum.f.
ranlib ../libgjl.a || true
for subdir in man gampsi jacobi laguerre common ; do echo ============================== Making all-qp in $subdir ; ( cd $subdir && make  prefix=/usr/local FWARN="" FOPT="-O" all-qp ) ; done
============================== Making all-qp in man
============================== Making all-qp in gampsi
(cd ../common; make lib-qp)
ar -r ../libgjl.a iqceil.o isqinf.o isqnan.o q2norm.o qcopy.o qeps.o qepsln.o qerbit.o qfloat.o qfpmax.o qgamma.o qinf.o qiran.o qlgam.o qlog2.o qnan.o qpsi.o qpsiln.o qpythg.o qstore.o qstorf.o qtql1.o qvsum.o
ranlib ../libgjl.a || true
lf95 -g -O -I../common   -c -o tqgen.o tqgen.f
f95: -g specified, level of -O changed to 0.
Encountered 0 errors, 0 warnings in file tqgen.f.
lf95 -g -O -I../common   -c -o qgen.o qgen.f
f95: -g specified, level of -O changed to 0.
Encountered 0 errors, 0 warnings in file qgen.f.
lf95 -g -O -I../common   -o tqgen tqgen.o funhdr.o qgen.o ../common/dfloat.o ../common/diran.o ../common/dran.o ../common/dstorf.o ../common/iqceil.o ../common/isqnan.o ../common/qfloat.o ../common/qinf.o ../common/qnan.o ../common/qstorf.o ../common/qgamma.o ../common/qlgam.o ../common/qpsi.o ../common/qpsiln.o 
f95: -g specified, level of -O changed to 0.
============================== Making all-qp in jacobi
lf95 -g -O -I../common   -c -o qgjqf.o qgjqf.f
lf95 -g -O -I../common   -c -o qgjqfd.o qgjqfd.f
f95: -g specified, level of -O changed to 0.
Encountered 0 errors, 0 warnings in file qgjqf.f.
f95: -g specified, level of -O changed to 0.
Encountered 0 errors, 0 warnings in file qgjqfd.f.
lf95 -g -O -I../common   -c -o qgjqli.o qgjqli.f
f95: -g specified, level of -O changed to 0.
Encountered 0 errors, 0 warnings in file qgjqli.f.
lf95 -g -O -I../common   -c -o qgjqrc.o qgjqrc.f
f95: -g specified, level of -O changed to 0.
Encountered 0 errors, 0 warnings in file qgjqrc.f.
(cd ../common; make lib-qp)
ar -r ../libgjl.a iqceil.o isqinf.o isqnan.o q2norm.o qcopy.o qeps.o qepsln.o qerbit.o qfloat.o qfpmax.o qgamma.o qinf.o qiran.o qlgam.o qlog2.o qnan.o qpsi.o qpsiln.o qpythg.o qstore.o qstorf.o qtql1.o qvsum.o
ranlib ../libgjl.a || true
ar -r ../libgjl.a qgjqf.o qgjqfd.o qgjqli.o qgjqrc.o
ranlib ../libgjl.a || true
lf95 -g -O -I../common   -c -o tqgjf1.o tqgjf1.f
lf95 -g -O -I../common   -c -o ../common/qprthdr.o ../common/qprthdr.f
lf95 -g -O -I../common   -o tqgjf1 tqgjf1.o qgjqf.o qgjqli.o qgjqrc.o qgjqfd.o ../common/q2norm.o ../common/qcopy.o ../common/qeps.o ../common/qerbit.o ../common/qfloat.o ../common/qgamma.o ../common/qinf.o ../common/qlog2.o ../common/qnan.o ../common/qpsi.o ../common/qstore.o ../common/qstorf.o ../common/qvsum.o ../common/isqnan.o ../common/qprthdr.o ../common/qpythg.o ../common/qtql1.o ../common/trapit.o ../libgjl.a
f95: -g specified, level of -O changed to 0.
Encountered 0 errors, 0 warnings in file tqgjf1.f.
f95: -g specified, level of -O changed to 0.
Encountered 0 errors, 0 warnings in file ../common/qprthdr.f.
f95: -g specified, level of -O changed to 0.
lf95 -g -O -I../common   -c -o tqgjf2.o tqgjf2.f
f95: -g specified, level of -O changed to 0.
Encountered 0 errors, 0 warnings in file tqgjf2.f.
lf95 -g -O -I../common   -o tqgjf2 tqgjf2.o qgjqf.o qgjqli.o qgjqrc.o qgjqfd.o ../common/q2norm.o ../common/qcopy.o ../common/qeps.o ../common/qerbit.o ../common/qfloat.o ../common/qgamma.o ../common/qinf.o ../common/qlog2.o ../common/qnan.o ../common/qpsi.o ../common/qstore.o ../common/qstorf.o ../common/qvsum.o ../common/isqnan.o ../common/qprthdr.o ../common/qpythg.o ../common/qtql1.o ../common/trapit.o ../libgjl.a
f95: -g specified, level of -O changed to 0.
lf95 -g -O -I../common   -c -o tqgjfd1.o tqgjfd1.f
f95: -g specified, level of -O changed to 0.
lf95 -g -O -I../common   -o tqgjfd1 tqgjfd1.o qgjqfd.o ../common/q2norm.o ../common/qcopy.o ../common/qeps.o ../common/qerbit.o ../common/qfloat.o ../common/qgamma.o ../common/qinf.o ../common/qlog2.o ../common/qnan.o ../common/qpsi.o ../common/qstore.o ../common/qstorf.o ../common/qvsum.o ../common/isqnan.o ../common/qprthdr.o ../common/qpythg.o ../common/qtql1.o ../common/trapit.o ../libgjl.a
Encountered 0 errors, 0 warnings in file tqgjfd1.f.
f95: -g specified, level of -O changed to 0.
lf95 -g -O -I../common   -c -o tqgjfd2.o tqgjfd2.f
f95: -g specified, level of -O changed to 0.
Encountered 0 errors, 0 warnings in file tqgjfd2.f.
lf95 -g -O -I../common   -o tqgjfd2 tqgjfd2.o qgjqfd.o ../common/q2norm.o ../common/qcopy.o ../common/qeps.o ../common/qerbit.o ../common/qfloat.o ../common/qgamma.o ../common/qinf.o ../common/qlog2.o ../common/qnan.o ../common/qpsi.o ../common/qstore.o ../common/qstorf.o ../common/qvsum.o ../common/isqnan.o ../common/qprthdr.o ../common/qpythg.o ../common/qtql1.o ../common/trapit.o ../libgjl.a
f95: -g specified, level of -O changed to 0.
============================== Making all-qp in laguerre
lf95 -g -O -I../common   -c -o qglqf.o qglqf.f
f95: -g specified, level of -O changed to 0.
lf95 -g -O -I../common   -c -o qglqfd.o qglqfd.f
Encountered 0 errors, 0 warnings in file qglqf.f.
f95: -g specified, level of -O changed to 0.
lf95 -g -O -I../common   -c -o qglqli.o qglqli.f
Encountered 0 errors, 0 warnings in file qglqfd.f.
f95: -g specified, level of -O changed to 0.
lf95 -g -O -I../common   -c -o qglqrc.o qglqrc.f
Encountered 0 errors, 0 warnings in file qglqli.f.
f95: -g specified, level of -O changed to 0.
Encountered 0 errors, 0 warnings in file qglqrc.f.
(cd ../common; make lib-qp)
ar -r ../libgjl.a iqceil.o isqinf.o isqnan.o q2norm.o qcopy.o qeps.o qepsln.o qerbit.o qfloat.o qfpmax.o qgamma.o qinf.o qiran.o qlgam.o qlog2.o qnan.o qpsi.o qpsiln.o qpythg.o qstore.o qstorf.o qtql1.o qvsum.o
ranlib ../libgjl.a || true
ar -r ../libgjl.a qglqf.o qglqfd.o qglqli.o qglqrc.o
ranlib ../libgjl.a || true
lf95 -g -O -I../common   -c -o tqglf1.o tqglf1.f
f95: -g specified, level of -O changed to 0.
Encountered 0 errors, 0 warnings in file tqglf1.f.
lf95 -g -O -I../common   -o tqglf1 tqglf1.o qglqf.o qglqli.o qglqfd.o qglqrc.o ../common/qprthdr.o ../common/q2norm.o ../common/qcopy.o ../common/qeps.o ../common/qerbit.o ../common/qfloat.o ../common/qgamma.o ../common/qinf.o ../common/qlog2.o ../common/qnan.o ../common/qpsi.o ../common/qstore.o ../common/qstorf.o ../common/qvsum.o ../common/isqnan.o ../common/qpythg.o ../common/qtql1.o ../common/trapit.o
f95: -g specified, level of -O changed to 0.
lf95 -g -O -I../common   -c -o tqglf2.o tqglf2.f
lf95 -g -O -I../common   -o tqglf2 tqglf2.o qglqf.o qglqli.o qglqfd.o qglqrc.o ../common/qprthdr.o ../common/q2norm.o ../common/qcopy.o ../common/qeps.o ../common/qerbit.o ../common/qfloat.o ../common/qgamma.o ../common/qinf.o ../common/qlog2.o ../common/qnan.o ../common/qpsi.o ../common/qstore.o ../common/qstorf.o ../common/qvsum.o ../common/isqnan.o ../common/qpythg.o ../common/qtql1.o ../common/trapit.o
f95: -g specified, level of -O changed to 0.
Encountered 0 errors, 0 warnings in file tqglf2.f.
f95: -g specified, level of -O changed to 0.
lf95 -g -O -I../common   -c -o tqglf3.o tqglf3.f
f95: -g specified, level of -O changed to 0.
Encountered 0 errors, 0 warnings in file tqglf3.f.
lf95 -g -O -I../common   -o tqglf3 tqglf3.o qglqf.o qglqli.o qglqfd.o qglqrc.o ../common/qprthdr.o ../common/q2norm.o ../common/qcopy.o ../common/qeps.o ../common/qerbit.o ../common/qfloat.o ../common/qgamma.o ../common/qinf.o ../common/qlog2.o ../common/qnan.o ../common/qpsi.o ../common/qstore.o ../common/qstorf.o ../common/qvsum.o ../common/isqnan.o ../common/qpythg.o ../common/qtql1.o ../common/trapit.o
f95: -g specified, level of -O changed to 0.
lf95 -g -O -I../common   -c -o tqglf4.o tqglf4.f
f95: -g specified, level of -O changed to 0.
Encountered 0 errors, 0 warnings in file tqglf4.f.
lf95 -g -O -I../common   -o tqglf4 tqglf4.o qglqf.o qglqli.o qglqfd.o qglqrc.o ../common/qprthdr.o ../common/q2norm.o ../common/qcopy.o ../common/qeps.o ../common/qerbit.o ../common/qfloat.o ../common/qgamma.o ../common/qinf.o ../common/qlog2.o ../common/qnan.o ../common/qpsi.o ../common/qstore.o ../common/qstorf.o ../common/qvsum.o ../common/isqnan.o ../common/qpythg.o ../common/qtql1.o ../common/trapit.o
f95: -g specified, level of -O changed to 0.
lf95 -g -O -I../common   -c -o tqglf5.o tqglf5.f
f95: -g specified, level of -O changed to 0.
lf95 -g -O -I../common   -o tqglf5 tqglf5.o qglqf.o qglqli.o qglqfd.o qglqrc.o ../common/qprthdr.o ../common/q2norm.o ../common/qcopy.o ../common/qeps.o ../common/qerbit.o ../common/qfloat.o ../common/qgamma.o ../common/qinf.o ../common/qlog2.o ../common/qnan.o ../common/qpsi.o ../common/qstore.o ../common/qstorf.o ../common/qvsum.o ../common/isqnan.o ../common/qpythg.o ../common/qtql1.o ../common/trapit.o
Encountered 0 errors, 0 warnings in file tqglf5.f.
f95: -g specified, level of -O changed to 0.
lf95 -g -O -I../common   -c -o tqglf6.o tqglf6.f
f95: -g specified, level of -O changed to 0.
Encountered 0 errors, 0 warnings in file tqglf6.f.
lf95 -g -O -I../common   -o tqglf6 tqglf6.o qglqf.o qglqli.o qglqfd.o qglqrc.o ../common/qprthdr.o ../common/q2norm.o ../common/qcopy.o ../common/qeps.o ../common/qerbit.o ../common/qfloat.o ../common/qgamma.o ../common/qinf.o ../common/qlog2.o ../common/qnan.o ../common/qpsi.o ../common/qstore.o ../common/qstorf.o ../common/qvsum.o ../common/isqnan.o ../common/qpythg.o ../common/qtql1.o ../common/trapit.o
f95: -g specified, level of -O changed to 0.
lf95 -g -O -I../common   -c -o tqglfd1.o tqglfd1.f
lf95 -g -O -I../common   -o tqglfd1 tqglfd1.o qglqli.o qglqfd.o qglqrc.o ../common/qprthdr.o ../common/q2norm.o ../common/qcopy.o ../common/qeps.o ../common/qerbit.o ../common/qfloat.o ../common/qgamma.o ../common/qinf.o ../common/qlog2.o ../common/qnan.o ../common/qpsi.o ../common/qstore.o ../common/qstorf.o ../common/qvsum.o ../common/isqnan.o ../common/qpythg.o ../common/qtql1.o ../common/trapit.o
f95: -g specified, level of -O changed to 0.
Encountered 0 errors, 0 warnings in file tqglfd1.f.
f95: -g specified, level of -O changed to 0.
lf95 -g -O -I../common   -c -o tqglfd2.o tqglfd2.f
f95: -g specified, level of -O changed to 0.
lf95 -g -O -I../common   -o tqglfd2 tqglfd2.o qglqli.o qglqfd.o qglqrc.o ../common/qprthdr.o ../common/q2norm.o ../common/qcopy.o ../common/qeps.o ../common/qerbit.o ../common/qfloat.o ../common/qgamma.o ../common/qinf.o ../common/qlog2.o ../common/qnan.o ../common/qpsi.o ../common/qstore.o ../common/qstorf.o ../common/qvsum.o ../common/isqnan.o ../common/qpythg.o ../common/qtql1.o ../common/trapit.o
Encountered 0 errors, 0 warnings in file tqglfd2.f.
f95: -g specified, level of -O changed to 0.
lf95 -g -O -I../common   -c -o tqglfd3.o tqglfd3.f
f95: -g specified, level of -O changed to 0.
Encountered 0 errors, 0 warnings in file tqglfd3.f.
lf95 -g -O -I../common   -o tqglfd3 tqglfd3.o qglqli.o qglqfd.o qglqrc.o ../common/qprthdr.o ../common/q2norm.o ../common/qcopy.o ../common/qeps.o ../common/qerbit.o ../common/qfloat.o ../common/qgamma.o ../common/qinf.o ../common/qlog2.o ../common/qnan.o ../common/qpsi.o ../common/qstore.o ../common/qstorf.o ../common/qvsum.o ../common/isqnan.o ../common/qpythg.o ../common/qtql1.o ../common/trapit.o
f95: -g specified, level of -O changed to 0.
lf95 -g -O -I../common   -c -o tqglfd4.o tqglfd4.f
lf95 -g -O -I../common   -o tqglfd4 tqglfd4.o qglqli.o qglqfd.o qglqrc.o ../common/qprthdr.o ../common/q2norm.o ../common/qcopy.o ../common/qeps.o ../common/qerbit.o ../common/qfloat.o ../common/qgamma.o ../common/qinf.o ../common/qlog2.o ../common/qnan.o ../common/qpsi.o ../common/qstore.o ../common/qstorf.o ../common/qvsum.o ../common/isqnan.o ../common/qpythg.o ../common/qtql1.o ../common/trapit.o
f95: -g specified, level of -O changed to 0.
Encountered 0 errors, 0 warnings in file tqglfd4.f.
f95: -g specified, level of -O changed to 0.
lf95 -g -O -I../common   -c -o tqglfd5.o tqglfd5.f
f95: -g specified, level of -O changed to 0.
Encountered 0 errors, 0 warnings in file tqglfd5.f.
lf95 -g -O -I../common   -o tqglfd5 tqglfd5.o qglqli.o qglqfd.o qglqrc.o ../common/qprthdr.o ../common/q2norm.o ../common/qcopy.o ../common/qeps.o ../common/qerbit.o ../common/qfloat.o ../common/qgamma.o ../common/qinf.o ../common/qlog2.o ../common/qnan.o ../common/qpsi.o ../common/qstore.o ../common/qstorf.o ../common/qvsum.o ../common/isqnan.o ../common/qpythg.o ../common/qtql1.o ../common/trapit.o
f95: -g specified, level of -O changed to 0.
lf95 -g -O -I../common   -c -o tqglfd6.o tqglfd6.f
f95: -g specified, level of -O changed to 0.
Encountered 0 errors, 0 warnings in file tqglfd6.f.
lf95 -g -O -I../common   -o tqglfd6 tqglfd6.o qglqli.o qglqfd.o qglqrc.o ../common/qprthdr.o ../common/q2norm.o ../common/qcopy.o ../common/qeps.o ../common/qerbit.o ../common/qfloat.o ../common/qgamma.o ../common/qinf.o ../common/qlog2.o ../common/qnan.o ../common/qpsi.o ../common/qstore.o ../common/qstorf.o ../common/qvsum.o ../common/isqnan.o ../common/qpythg.o ../common/qtql1.o ../common/trapit.o
f95: -g specified, level of -O changed to 0.
============================== Making all-qp in common
ar -r ../libgjl.a iqceil.o isqinf.o isqnan.o q2norm.o qcopy.o qeps.o qepsln.o qerbit.o qfloat.o qfpmax.o qgamma.o qinf.o qiran.o qlgam.o qlog2.o qnan.o qpsi.o qpsiln.o qpythg.o qstore.o qstorf.o qtql1.o qvsum.o
ranlib ../libgjl.a || true
12.510u 7.990s 0:24.86 82.4%	0+0k 0+0io 215731pf+0w
for subdir in man gampsi jacobi laguerre common ; do echo ============================== Making check-dp in $subdir ; ( cd $subdir && make  prefix=/usr/local FWARN="" FOPT="-O" check-dp ) ; done
============================== Making check-dp in man
There is no validation suite in this directory
============================== Making check-dp in gampsi
Checking tdgen ...
File differences are made with: /usr/local/bin/ndiff --relerr 5.0e-11 --minwidth 10
cos001
okay/cos001.out cos001.out differ: byte 137, line 7
### Maximum relative error in matching lines = 1.52e-16 at line 8 field 5
second file is short
Checking tdgen ...
File differences are made with: /usr/local/bin/ndiff --relerr 5.0e-11 --minwidth 10
cos101
okay/cos101.out cos101.out differ: byte 147, line 7
### Maximum relative error in matching lines = 5.06e-16 at line 8773 field 5
cos102
okay/cos102.out cos102.out differ: byte 147, line 7
### Maximum relative error in matching lines = 5.06e-16 at line 8773 field 5
cos103
okay/cos103.out cos103.out differ: byte 147, line 7
### Maximum relative error in matching lines = 4.99e-16 at line 3906 field 5
Checking tdgen ...
File differences are made with: /usr/local/bin/ndiff --relerr 5.0e-11 --minwidth 10
cos201
okay/cos201.out cos201.out differ: byte 147, line 7
### Maximum relative error in matching lines = 7.91e-14 at line 10579 field 5
f95: -g specified, level of -O changed to 0.
Encountered 0 errors, 0 warnings in file delefun.f.
f95: -g specified, level of -O changed to 0.
0a1,26
> dacos( Infinity ) = NaN 
> dasin( Infinity ) = NaN 
> datan( Infinity ) = 1.570796326794897E+0000
> dcos( Infinity ) = NaN 
> dcosh( Infinity ) = Infinity 
> dexp( Infinity ) = Infinity 
> dlog( Infinity ) = Infinity 
> dlog10( Infinity ) = Infinity 
> dsin( Infinity ) = NaN 
> dsinh( Infinity ) = Infinity 
> dsqrt( Infinity ) = Infinity 
> dtan( Infinity ) = NaN 
> dtanh( Infinity ) = 1.000000000000000E+0000
> dacos( NaN ) = NaN 
> dasin( NaN ) = NaN 
> datan( NaN ) = NaN 
> dcos( NaN ) = NaN 
> dcosh( NaN ) = NaN 
> dexp( NaN ) = NaN 
> dlog( NaN ) = NaN 
> dlog10( NaN ) = NaN 
> dsin( NaN ) = NaN 
> dsinh( NaN ) = NaN 
> dsqrt( NaN ) = NaN 
> dtan( NaN ) = NaN 
> dtanh( NaN ) = NaN 
Checking tdgen ...
File differences are made with: /usr/local/bin/ndiff --relerr 5.0e-11 --minwidth 10
exp001
okay/exp001.out exp001.out differ: byte 137, line 7
### Maximum relative error in matching lines = 2.60e-16 at line 13 field 5
Checking tdgen ...
File differences are made with: /usr/local/bin/ndiff --relerr 5.0e-11 --minwidth 10
exp101
In DASIN(dx) or ASIN(dx) or DACOS(dx) or ACOS(dx), DABS(dx).gt.1.0 (dx=inf                    ).
 Error occurs at or near line 100 of f_        
 Called from or near line 47 of MAIN__        
second file is short
okay/exp101.out exp101.out differ: byte 147, line 7
### Maximum relative error in matching lines = 3.94e-14 at line 10775 field 5
f95: -g specified, level of -O changed to 0.
Encountered 0 errors, 0 warnings in file tdfpmx.f.
f95: -g specified, level of -O changed to 0.
Checking tdfpmx ...
File differences are made with: /usr/local/bin/ndiff --relerr 5.0e-11 --minwidth 10
dfpm01
okay/dfpm01.out dfpm01.out differ: byte 38, line 1
Checking tdgen ...
File differences are made with: /usr/local/bin/ndiff --relerr 5.0e-11 --minwidth 10
gam001
okay/gam001.out gam001.out differ: byte 175, line 9
### Maximum relative error in matching lines = 4.50e-15 at line 114 field 5
Checking tdgen ...
File differences are made with: /usr/local/bin/ndiff --relerr 5.0e-11 --minwidth 10
gam101
okay/gam101.out gam101.out differ: byte 189, line 9
### Maximum relative error in matching lines = 2.10e-15 at line 8484 field 5
gam102
okay/gam102.out gam102.out differ: byte 188, line 9
8271c8271
< 2          -1437881687.   -23 0  3.2190259996495262768898388506609774067541016948562e-310 0 0
--- field 5	relative error 1.0e+00
> 2          -1437881687.   -23 0  0.000000000000000000E+000 0 0
8284c8284
< 2          -1435865686.   -23 0  2.1060033022938082473490931178187079067949119021935e-309 0 0
--- field 5	relative error 1.0e+00
> 2          -1435865686.   -23 0  0.000000000000000000E+000 0 0
8620c8620
< 2          -1436046166.   -23 0  1.6936814422437231751404174180212959399367164942901e-309 0 0
--- field 5	relative error 1.0e+00
> 2          -1436046166.   -23 0  0.000000000000000000E+000 0 0
8730c8730
< 2          -1436918615.   -23 0  6.9878452180838503989704325835311805201380625187489e-310 0 0
--- field 5	relative error 1.0e+00
> 2          -1436918615.   -23 0  0.000000000000000000E+000 0 0
### Maximum relative error in matching lines = 2.15e-15 at line 8979 field 5
gam103
okay/gam103.out gam103.out differ: byte 188, line 9
### Maximum relative error in matching lines = 1.02e-15 at line 5666 field 5
Checking tdgen ...
File differences are made with: /usr/local/bin/ndiff --relerr 5.0e-11 --minwidth 10
gam301
okay/gam301.out gam301.out differ: byte 205, line 9
### Maximum relative error in matching lines = 9.80e-16 at line 10065 field 5
Checking tdgen ...
File differences are made with: /usr/local/bin/ndiff --relerr 5.0e-11 --minwidth 10
lga001
okay/lga001.out lga001.out differ: byte 143, line 7
7c7
< 2                    0.     0 0                                                  Infinity 0 0
--- field 5
> 2                    0.0       0 0 -NaN                       0 0
12c12
< 2                  Inf     0 0                                                  Infinity 0 0
--- field 5
> 2 Inf                          0 0 -NaN                       0 0
### Maximum relative error in matching lines = 1.35e-17 at line 10 field 5
Checking tdgen ...
File differences are made with: /usr/local/bin/ndiff --relerr 5.0e-11 --minwidth 10
lga101
okay/lga101.out lga101.out differ: byte 153, line 7
### Maximum relative error in matching lines = 8.85e-13 at line 5514 field 5
lga102
okay/lga102.out lga102.out differ: byte 153, line 7
### Maximum relative error in matching lines = 1.88e-13 at line 3559 field 5
lga103
okay/lga103.out lga103.out differ: byte 153, line 7
### Maximum relative error in matching lines = 8.70e-13 at line 5801 field 5
Checking tdgen ...
File differences are made with: /usr/local/bin/ndiff --relerr 5.0e-11 --minwidth 10
lga201
okay/lga201.out lga201.out differ: byte 153, line 7
### Maximum relative error in matching lines = 1.18e-15 at line 84 field 5
Checking tdgen ...
File differences are made with: /usr/local/bin/ndiff --relerr 5.0e-11 --minwidth 10
log001
cmp: EOF on log001.out
second file is short
Checking tdgen ...
File differences are made with: /usr/local/bin/ndiff --relerr 5.0e-11 --minwidth 10
log101
okay/log101.out log101.out differ: byte 146, line 7
### Maximum relative error in matching lines = 5.46e-16 at line 1524 field 5
log102
okay/log102.out log102.out differ: byte 146, line 7
### Maximum relative error in matching lines = 5.61e-16 at line 25579 field 5
log103
okay/log103.out log103.out differ: byte 146, line 7
### Maximum relative error in matching lines = 5.48e-16 at line 7635 field 5
Checking tdgen ...
File differences are made with: /usr/local/bin/ndiff --relerr 5.0e-11 --minwidth 10
psi001
okay/psi001.out psi001.out differ: byte 261, line 10
10c10
< 2                    0.0       0 0 Infinity                                                   0 0
--- field 5
> 2                    0.0       0 0 -Inf                       0 0
### Maximum relative error in matching lines = 3.76e-16 at line 17 field 5
psi002
okay/psi002.out psi002.out differ: byte 258, line 10
### Maximum relative error in matching lines = 3.14e-16 at line 12 field 5
psi003
okay/psi003.out psi003.out differ: byte 261, line 10
psi006
okay/psi006.out psi006.out differ: byte 228, line 10
10c10
< 2 1.0   -1030 0 Infinity 0 0
--- field 3	relative error 9.80e-03
> 2                    0.0   -1020 0 Inf                        0 0
Checking tdgen ...
File differences are made with: /usr/local/bin/ndiff --relerr 5.0e-11 --minwidth 10
psi101
okay/psi101.out psi101.out differ: byte 258, line 10
### Maximum relative error in matching lines = 5.46e-16 at line 1527 field 5
psi102
okay/psi102.out psi102.out differ: byte 259, line 10
### Maximum relative error in matching lines = 1.10e-13 at line 3266 field 5
psi103
okay/psi103.out psi103.out differ: byte 259, line 10
### Maximum relative error in matching lines = 1.80e-13 at line 2012 field 5
psi104
okay/psi104.out psi104.out differ: byte 259, line 10
### Maximum relative error in matching lines = 1.10e-13 at line 6522 field 5
psi105
okay/psi105.out psi105.out differ: byte 259, line 10
### Maximum relative error in matching lines = 6.47e-16 at line 583 field 5
psi106
okay/psi106.out psi106.out differ: byte 258, line 10
### Maximum relative error in matching lines = 9.17e-16 at line 3804 field 5
psi107
okay/psi107.out psi107.out differ: byte 258, line 10
### Maximum relative error in matching lines = 7.10e-16 at line 6653 field 5
Checking tdgen ...
File differences are made with: /usr/local/bin/ndiff --relerr 5.0e-11 --minwidth 10
psi201
okay/psi201.out psi201.out differ: byte 258, line 10
### Maximum relative error in matching lines = 3.84e-15 at line 5355 field 5
Checking tdgen ...
File differences are made with: /usr/local/bin/ndiff --relerr 5.0e-11 --minwidth 10
psi301
okay/psi301.out psi301.out differ: byte 258, line 10
### Maximum relative error in matching lines = 4.23e-13 at line 6050 field 5
Checking tdgen ...
File differences are made with: /usr/local/bin/ndiff --relerr 5.0e-11 --minwidth 10
psi402
okay/psi402.out psi402.out differ: byte 244, line 10
### Maximum relative error in matching lines = 2.35e-14 at line 8582 field 5
Checking tdgen ...
File differences are made with: /usr/local/bin/ndiff --relerr 5.0e-11 --minwidth 10
psi601
okay/psi601.out psi601.out differ: byte 258, line 10
### Maximum relative error in matching lines = 6.19e-16 at line 8903 field 5
psi602
okay/psi602.out psi602.out differ: byte 259, line 10
### Maximum relative error in matching lines = 6.36e-16 at line 2991 field 5
Checking tdgen ...
File differences are made with: /usr/local/bin/ndiff --relerr 5.0e-11 --minwidth 10
pln001
okay/pln001.out pln001.out differ: byte 284, line 11
### Maximum relative error in matching lines = 4.13e-16 at line 15 field 5
Checking tdgen ...
File differences are made with: /usr/local/bin/ndiff --relerr 5.0e-11 --minwidth 10
pln101
okay/pln101.out pln101.out differ: byte 295, line 11
### Maximum relative error in matching lines = 3.45e-15 at line 8497 field 5
Checking tdgen ...
File differences are made with: /usr/local/bin/ndiff --relerr 5.0e-11 --minwidth 10
pln201
okay/pln201.out pln201.out differ: byte 295, line 11
### Maximum relative error in matching lines = 1.96e-15 at line 41 field 5
Checking tdgen ...
File differences are made with: /usr/local/bin/ndiff --relerr 5.0e-11 --minwidth 10
sin001
okay/sin001.out sin001.out differ: byte 137, line 7
### Maximum relative error in matching lines = 1.56e-16 at line 12 field 5
second file is short
Checking tdgen ...
File differences are made with: /usr/local/bin/ndiff --relerr 5.0e-11 --minwidth 10
sin101
okay/sin101.out sin101.out differ: byte 147, line 7
### Maximum relative error in matching lines = 5.57e-16 at line 6983 field 5
sin102
okay/sin102.out sin102.out differ: byte 147, line 7
### Maximum relative error in matching lines = 5.43e-16 at line 2458 field 5
sin103
okay/sin103.out sin103.out differ: byte 147, line 7
### Maximum relative error in matching lines = 5.13e-16 at line 7751 field 5
Checking tdgen ...
File differences are made with: /usr/local/bin/ndiff --relerr 5.0e-11 --minwidth 10
sin201
okay/sin201.out sin201.out differ: byte 147, line 7
### Maximum relative error in matching lines = 2.12e-15 at line 9867 field 5
Checking tdgen ...
File differences are made with: /usr/local/bin/ndiff --relerr 5.0e-11 --minwidth 10
tan001
okay/tan001.out tan001.out differ: byte 137, line 7
second file is short
### Maximum relative error in matching lines = 3.60e-16 at line 14 field 5
Checking tdgen ...
File differences are made with: /usr/local/bin/ndiff --relerr 5.0e-11 --minwidth 10
tan101
okay/tan101.out tan101.out differ: byte 147, line 7
### Maximum relative error in matching lines = 8.45e-16 at line 4464 field 5
tan102
okay/tan102.out tan102.out differ: byte 147, line 7
### Maximum relative error in matching lines = 6.92e-16 at line 7745 field 5
Checking tdgen ...
File differences are made with: /usr/local/bin/ndiff --relerr 5.0e-11 --minwidth 10
tan201
okay/tan201.out tan201.out differ: byte 147, line 7
### Maximum relative error in matching lines = 7.07e-16 at line 1294 field 5
============================== Making check-dp in jacobi
(cd ../common; make lib-dp)
ar -r ../libgjl.a d2norm.o dcopy.o deps.o derbit.o dfloat.o dfpmax.o dgamma.o dinf.o diran.o dlgam.o dlog2.o dnan.o dpsi.o dpsiln.o dran.o dstore.o dstorf.o dvsum.o ffalse.o ftrue.o getnan.o idceil.o isdinf.o isdnan.o pythag.o tql1.o
ranlib ../libgjl.a || true
ar -r ../libgjl.a gjqf.o gjqfd.o gjqli.o gjqrc.o
ranlib ../libgjl.a || true
========================================================================
There should be no output from these tests, except their names. If
ndiff is available, there will also be reports of the maximum absolute
and relative errors found. If small numeric differences are reported,
then YOU must decide whether they are significant. You can do
         make check RELERR=xxx
to rerun the tests with a different relative error tolerance, where xxx
is either a suitable small positive floating-point number, or else a
value >= 1.0, meaning that multiple of the machine epsilon.
========================================================================
Checking tgjf1 ...
File differences are made with: /usr/local/bin/ndiff --relerr 1.0e-10 --minwidth 10 --abserr 0
gjf101
### Maximum relative error in matching lines = 2.32e-14 at line 91 field 5
### Maximum relative error in matching lines = 7.06e-15 at line 66 field 6
gjf102
### Maximum relative error in matching lines = 1.41e-13 at line 196 field 5
### Maximum relative error in matching lines = 1.61e-14 at line 156 field 6
gjf103
### Maximum relative error in matching lines = 3.02e-14 at line 312 field 3
### Maximum relative error in matching lines = 4.65e-16 at line 157 field 6
gjf104
### Maximum relative error in matching lines = 1.59e-13 at line 457 field 3
### Maximum relative error in matching lines = 4.36e-16 at line 237 field 6
gjf105
Checking tgjf2 ...
File differences are made with: /usr/local/bin/ndiff --relerr 1.0e-10 --minwidth 10 --abserr 0
gjf201
### Maximum relative error in matching lines = 2.32e-14 at line 91 field 5
### Maximum relative error in matching lines = 3.15e-16 at line 67 field 6
gjf202
### Maximum relative error in matching lines = 1.41e-13 at line 196 field 5
### Maximum relative error in matching lines = 4.28e-16 at line 114 field 6
gjf203
### Maximum relative error in matching lines = 7.80e-16 at line 51 field 3
### Maximum relative error in matching lines = 4.37e-16 at line 115 field 6
gjf204
### Maximum relative error in matching lines = 7.75e-16 at line 412 field 2
### Maximum relative error in matching lines = 4.76e-16 at line 100 field 6
gjf205
Checking tgjfd1 ...
File differences are made with: /usr/local/bin/ndiff --relerr 1.0e-10 --minwidth 10 --abserr 0
gjfd101
### Maximum relative error in matching lines = 5.04e-15 at line 40 field 3
### Maximum relative error in matching lines = 2.17e-15 at line 65 field 6
gjfd102
### Maximum relative error in matching lines = 1.76e-14 at line 155 field 3
### Maximum relative error in matching lines = 2.56e-15 at line 134 field 6
gjfd103
### Maximum relative error in matching lines = 3.02e-14 at line 312 field 3
### Maximum relative error in matching lines = 4.77e-16 at line 192 field 6
gjfd104
### Maximum relative error in matching lines = 1.59e-13 at line 457 field 3
### Maximum relative error in matching lines = 4.70e-16 at line 87 field 6
gjfd105
Checking tgjfd2 ...
File differences are made with: /usr/local/bin/ndiff --relerr 1.0e-10 --minwidth 10 --abserr 0
gjfd201
### Maximum relative error in matching lines = 2.97e-15 at line 87 field 4
### Maximum relative error in matching lines = 3.15e-16 at line 67 field 6
gjfd202
### Maximum relative error in matching lines = 1.20e-14 at line 184 field 4
### Maximum relative error in matching lines = 4.28e-16 at line 114 field 6
gjfd203
### Maximum relative error in matching lines = 8.75e-16 at line 110 field 5
### Maximum relative error in matching lines = 4.37e-16 at line 115 field 6
gjfd204
### Maximum relative error in matching lines = 7.75e-16 at line 412 field 2
### Maximum relative error in matching lines = 4.76e-16 at line 100 field 6
gjfd205
============================== Making check-dp in laguerre
(cd ../common; make lib-dp)
ar -r ../libgjl.a d2norm.o dcopy.o deps.o derbit.o dfloat.o dfpmax.o dgamma.o dinf.o diran.o dlgam.o dlog2.o dnan.o dpsi.o dpsiln.o dran.o dstore.o dstorf.o dvsum.o ffalse.o ftrue.o getnan.o idceil.o isdinf.o isdnan.o pythag.o tql1.o
ranlib ../libgjl.a || true
ar -r ../libgjl.a glqf.o glqfd.o glqli.o glqrc.o
ranlib ../libgjl.a || true
========================================================================
There should be no output from these tests, except their names. If
ndiff is available, there will also be reports of the maximum absolute
and relative errors found. If small numeric differences are reported,
then YOU must decide whether they are significant. You can do
         make check RELERR=xxx
to rerun the tests with a different relative error tolerance, where xxx
is either a suitable small positive floating-point number, or else a
value >= 1.0, meaning that multiple of the machine epsilon.
========================================================================
Checking tglf1 ...
File differences are made with: /usr/local/bin/ndiff --relerr 1.0e-10 --minwidth 10 --abserr 0
glf101
### Maximum relative error in matching lines = 7.53e-16 at line 29 field 4
### Maximum relative error in matching lines = 3.90e-16 at line 35 field 5
glf102
330c330
<   Maximum relative error =  -2.25E-14    -101.49 ulps       6.67 bits at nquad =   75
--- field 13	relative error 2.66e-01
>   Maximum relative error =   3.36E-14     151.31 ulps       7.24 bits at nquad =   95
### Maximum relative error in matching lines = 4.43e-13 at line 305 field 6
### Maximum relative error in matching lines = 4.52e-14 at line 40 field 5
glf103
330c330
<   Maximum relative error =   5.34E-14     240.27 ulps       7.91 bits at nquad =   95
--- field 13	relative error 2.66e-01
>   Maximum relative error =  -1.62E-14     -72.87 ulps       6.19 bits at nquad =   75
331c331
<   Minimum relative error =  -1.36E-16      -0.61 ulps       0.70 bits at nquad =   95
--- field 13	relative error 2.8e+00
>   Minimum relative error =  -3.87E-16      -1.74 ulps       0.80 bits at nquad =   25
### Maximum relative error in matching lines = 5.26e-13 at line 211 field 5
### Maximum relative error in matching lines = 6.35e-14 at line 40 field 5
glf104
### Maximum relative error in matching lines = 9.06e-13 at line 305 field 6
### Maximum relative error in matching lines = 3.38e-14 at line 40 field 5
glf105
331c331
<   Minimum relative error =   1.36E-16       0.61 ulps       0.70 bits at nquad =   75
--- field 13	relative error 2.0e+00
>   Minimum relative error =  -1.39E-16      -0.63 ulps       0.68 bits at nquad =   25
### Maximum relative error in matching lines = 8.47e-13 at line 211 field 6
### Maximum relative error in matching lines = 9.63e-15 at line 53 field 5
glf106
### Maximum relative error in matching lines = 6.50e-16 at line 48 field 2
### Maximum relative error in matching lines = 4.91e-16 at line 47 field 5
glf107
321c321
<   Minimum relative error =   1.55E-16       0.70 ulps       0.52 bits at nquad =   75
--- field 13	relative error 5.0e-01
>   Minimum relative error =   1.50E-16       0.67 ulps       0.57 bits at nquad =   50
### Maximum relative error in matching lines = 5.83e-13 at line 211 field 6
### Maximum relative error in matching lines = 2.05e-14 at line 60 field 5
glf108
### Maximum relative error in matching lines = 6.44e-16 at line 170 field 6
### Maximum relative error in matching lines = 3.16e-16 at line 23 field 5
glf109
### Maximum relative error in matching lines = 3.37e-16 at line 21 field 2
### Maximum relative error in matching lines = 3.01e-16 at line 15 field 5
Checking tglf2 ...
File differences are made with: /usr/local/bin/ndiff --relerr 1.0e-10 --minwidth 10 --abserr 0
glf201
104c104
<   Maximum relative error =   8.87E-14     399.33 ulps       8.64 bits at nquad =   95
--- field 13	relative error 1.04e-01
>   Maximum relative error =  -5.92E-14    -266.80 ulps       8.06 bits at nquad =   86
### Maximum relative error in matching lines = 3.38e-14 at line 102 field 2
### Maximum relative error in matching lines = 3.38e-14 at line 103 field 4
glf202
Checking tglf3 ...
File differences are made with: /usr/local/bin/ndiff --relerr 1.0e-10 --minwidth 10 --abserr 0
glf301
952c952
<   Maximum relative error =  -3.71E-13   -1671.47 ulps      10.71 bits at nquad =   40 mu =  1.0000000E+02 p =    79
--- field 19	relative error 2.59e-02
>   Maximum relative error =   2.59E-13    1166.33 ulps      10.19 bits at nquad =   40 mu =  1.0000000E+02 p =    77
953c953
<   Minimum relative error =   0.00E+00       0.00 ulps       0.00 bits at nquad =   80 mu =  1.0000000E+00 p =     2
--- field 13	relative error 7.0e+00
>   Minimum relative error =   0.00E+00       0.00 ulps       0.00 bits at nquad =   10 mu =  1.0000000E+00 p =     6
### Maximum relative error in matching lines = 2.43e-13 at line 914 field 2
### Maximum relative error in matching lines = 2.42e-13 at line 823 field 5
glf302
Checking tglf4 ...
File differences are made with: /usr/local/bin/ndiff --relerr 1.0e-10 --minwidth 10 --abserr 0
glf401
### Maximum relative error in matching lines = 5.73e-15 at line 102 field 4
### Maximum relative error in matching lines = 5.69e-15 at line 101 field 5
glf402
105c105
<   Minimum relative error =   5.46E-16   2.46E+00 ulps       1.30 bits at nquad =   31 sigma =    1.0000 alpha =    1.0000
--- field 13	relative error 3.87e-01
>   Minimum relative error =  -9.10E-16  -4.10E+00 ulps       2.04 bits at nquad =   43 sigma =    1.0000 alpha =    1.0000
### Maximum relative error in matching lines = 2.62e-15 at line 78 field 4
### Maximum relative error in matching lines = 2.62e-15 at line 77 field 5
glf403
### Maximum relative error in matching lines = 4.33e-14 at line 101 field 4
### Maximum relative error in matching lines = 4.33e-14 at line 100 field 5
glf404
105c105
<   Minimum relative error =   0.00E+00   0.00E+00 ulps       0.00 bits at nquad =   36 sigma =    0.1000 alpha =    0.5000
--- field 13	relative error 1.22e+00
>   Minimum relative error =   0.00E+00   0.00E+00 ulps       0.00 bits at nquad =   80 sigma =    0.1000 alpha =    0.5000
### Maximum relative error in matching lines = 1.21e-15 at line 102 field 4
### Maximum relative error in matching lines = 1.25e-15 at line 101 field 5
glf405
### Maximum relative error in matching lines = 5.15e-16 at line 37 field 4
### Maximum relative error in matching lines = 4.96e-16 at line 36 field 5
glf406
### Maximum relative error in matching lines = 6.43e-16 at line 102 field 4
### Maximum relative error in matching lines = 5.66e-16 at line 101 field 5
glf407
### Maximum relative error in matching lines = 1.63e-14 at line 102 field 4
### Maximum relative error in matching lines = 1.62e-14 at line 101 field 5
glf408
### Maximum relative error in matching lines = 2.00e-14 at line 102 field 4
### Maximum relative error in matching lines = 1.99e-14 at line 101 field 5
glf409
### Maximum relative error in matching lines = 3.69e-16 at line 31 field 4
### Maximum relative error in matching lines = 3.97e-16 at line 30 field 5
glf410
### Maximum relative error in matching lines = 7.22e-16 at line 9 field 5
### Maximum relative error in matching lines = 6.06e-16 at line 7 field 5
Checking tglf5 ...
File differences are made with: /usr/local/bin/ndiff --relerr 1.0e-10 --minwidth 10 --abserr 0
glf501
### Maximum relative error in matching lines = 7.53e-16 at line 29 field 4
### Maximum relative error in matching lines = 4.45e-16 at line 13 field 5
glf502
### Maximum relative error in matching lines = 4.43e-13 at line 305 field 6
### Maximum relative error in matching lines = 3.91e-16 at line 38 field 5
glf503
### Maximum relative error in matching lines = 5.26e-13 at line 211 field 5
### Maximum relative error in matching lines = 3.86e-16 at line 29 field 5
glf504
### Maximum relative error in matching lines = 9.06e-13 at line 305 field 6
### Maximum relative error in matching lines = 4.43e-16 at line 41 field 5
glf505
### Maximum relative error in matching lines = 8.47e-13 at line 211 field 6
### Maximum relative error in matching lines = 3.55e-16 at line 23 field 5
glf506
### Maximum relative error in matching lines = 6.50e-16 at line 48 field 2
### Maximum relative error in matching lines = 4.27e-16 at line 57 field 5
glf507
### Maximum relative error in matching lines = 5.83e-13 at line 211 field 6
### Maximum relative error in matching lines = 4.72e-16 at line 55 field 5
glf508
### Maximum relative error in matching lines = 6.44e-16 at line 170 field 6
### Maximum relative error in matching lines = 3.71e-16 at line 39 field 5
glf509
Checking tglf6 ...
File differences are made with: /usr/local/bin/ndiff --relerr 1.0e-10 --minwidth 10 --abserr 0
glf601
### Maximum relative error in matching lines = 2.01e-16 at line 67 field 4
### Maximum relative error in matching lines = 3.69e-16 at line 7 field 5
glf602
### Maximum relative error in matching lines = 3.99e-16 at line 93 field 4
### Maximum relative error in matching lines = 3.11e-16 at line 92 field 5
glf603
### Maximum relative error in matching lines = 5.41e-17 at line 26 field 5
glf604
### Maximum relative error in matching lines = 7.63e-16 at line 94 field 4
### Maximum relative error in matching lines = 5.49e-16 at line 93 field 5
glf605
### Maximum relative error in matching lines = 6.24e-16 at line 33 field 4
### Maximum relative error in matching lines = 3.66e-16 at line 25 field 5
glf606
### Maximum relative error in matching lines = 6.35e-16 at line 18 field 4
### Maximum relative error in matching lines = 5.25e-16 at line 17 field 5
glf607
### Maximum relative error in matching lines = 5.09e-16 at line 41 field 4
### Maximum relative error in matching lines = 3.87e-16 at line 40 field 5
glf608
### Maximum relative error in matching lines = 4.14e-15 at line 24 field 4
### Maximum relative error in matching lines = 4.14e-15 at line 23 field 5
glf609
### Maximum relative error in matching lines = 6.14e-16 at line 91 field 4
### Maximum relative error in matching lines = 4.79e-16 at line 37 field 5
glf610
### Maximum relative error in matching lines = 1.03e-17 at line 8 field 5
Checking tglfd1 ...
File differences are made with: /usr/local/bin/ndiff --relerr 1.0e-10 --minwidth 10 --abserr 0
glfd101
### Maximum relative error in matching lines = 9.18e-16 at line 139 field 4
### Maximum relative error in matching lines = 4.91e-16 at line 56 field 5
glfd102
### Maximum relative error in matching lines = 9.88e-16 at line 275 field 3
### Maximum relative error in matching lines = 4.51e-16 at line 33 field 5
glfd103
### Maximum relative error in matching lines = 6.00e-16 at line 204 field 3
### Maximum relative error in matching lines = 4.60e-16 at line 31 field 5
glfd104
### Maximum relative error in matching lines = 6.16e-16 at line 204 field 3
### Maximum relative error in matching lines = 4.62e-16 at line 20 field 5
glfd105
335c335
<   Maximum relative error =   2.32E-15      10.43 ulps       3.38 bits at nquad =   75
--- field 13	relative error 3.33e-01
>   Maximum relative error =  -2.39E-15     -10.78 ulps       3.43 bits at nquad =  100
### Maximum relative error in matching lines = 2.38e-12 at line 114 field 4
### Maximum relative error in matching lines = 9.69e-16 at line 42 field 5
glfd106
### Maximum relative error in matching lines = 6.50e-16 at line 48 field 2
### Maximum relative error in matching lines = 4.91e-16 at line 20 field 5
glfd107
### Maximum relative error in matching lines = 3.18e-15 at line 115 field 4
### Maximum relative error in matching lines = 5.80e-16 at line 21 field 5
glfd108
336c336
<   Minimum relative error =   0.00E+00       0.00 ulps       0.00 bits at nquad =   25
--- field 13	relative error 1.0e+00
>   Minimum relative error =   0.00E+00       0.00 ulps       0.00 bits at nquad =   50
### Maximum relative error in matching lines = 6.06e-16 at line 30 field 4
### Maximum relative error in matching lines = 3.91e-16 at line 28 field 5
glfd109
### Maximum relative error in matching lines = 3.37e-16 at line 21 field 2
### Maximum relative error in matching lines = 3.23e-16 at line 15 field 5
Checking tglfd2 ...
File differences are made with: /usr/local/bin/ndiff --relerr 1.0e-10 --minwidth 10 --abserr 0
glfd201
### Maximum relative error in matching lines = 8.66e-17 at line 91 field 2
### Maximum relative error in matching lines = 8.73e-17 at line 79 field 4
glfd202
Checking tglfd3 ...
File differences are made with: /usr/local/bin/ndiff --relerr 1.0e-10 --minwidth 10 --abserr 0
glfd301
952c952
<   Maximum relative error =  -3.62E-14    -163.03 ulps       7.35 bits at nquad =   20 mu =  1.0000000E+01 p =    10
--- field 13	relative error 3.0e+00
>   Maximum relative error =  -4.47E-14    -201.12 ulps       7.65 bits at nquad =    5 mu =  1.0000000E+01 p =     9
### Maximum relative error in matching lines = 1.30e-14 at line 484 field 2
### Maximum relative error in matching lines = 1.27e-14 at line 433 field 5
glfd302
Checking tglfd4 ...
File differences are made with: /usr/local/bin/ndiff --relerr 1.0e-10 --minwidth 10 --abserr 0
glfd401
105c105
<   Minimum relative error =   0.00E+00   0.00E+00 ulps       0.00 bits at nquad =   13 sigma =    0.1000 alpha =    0.0100
--- field 13	relative error 2.69e+00
>   Minimum relative error =   0.00E+00   0.00E+00 ulps       0.00 bits at nquad =   48 sigma =    0.1000 alpha =    0.0100
### Maximum relative error in matching lines = 2.38e-16 at line 11 field 4
### Maximum relative error in matching lines = 2.85e-16 at line 22 field 5
glfd402
### Maximum relative error in matching lines = 7.87e-16 at line 65 field 4
### Maximum relative error in matching lines = 7.93e-16 at line 27 field 5
glfd403
104c104
<   Minimum relative error =   1.34E-15   6.05E+00 ulps       2.60 bits at nquad =   21 sigma =    0.0100 alpha =   -0.5000
--- field 13	relative error 3.2e+00
>   Minimum relative error =   1.34E-15   6.05E+00 ulps       2.60 bits at nquad =    5 sigma =    0.0100 alpha =   -0.5000
### Maximum relative error in matching lines = 1.54e-15 at line 55 field 4
### Maximum relative error in matching lines = 1.46e-15 at line 54 field 5
glfd404
### Maximum relative error in matching lines = 2.20e-16 at line 41 field 4
### Maximum relative error in matching lines = 1.68e-16 at line 40 field 5
glfd405
### Maximum relative error in matching lines = 5.15e-16 at line 25 field 4
### Maximum relative error in matching lines = 4.06e-16 at line 12 field 5
glfd406
### Maximum relative error in matching lines = 2.62e-14 at line 16 field 4
### Maximum relative error in matching lines = 2.62e-14 at line 15 field 5
glfd407
### Maximum relative error in matching lines = 6.02e-16 at line 18 field 4
### Maximum relative error in matching lines = 5.80e-16 at line 17 field 5
glfd408
### Maximum relative error in matching lines = 2.35e-15 at line 20 field 4
### Maximum relative error in matching lines = 2.28e-15 at line 19 field 5
glfd409
### Maximum relative error in matching lines = 5.31e-15 at line 34 field 4
### Maximum relative error in matching lines = 5.40e-15 at line 33 field 5
glfd410
### Maximum relative error in matching lines = 7.22e-16 at line 9 field 5
### Maximum relative error in matching lines = 1.24e-16 at line 7 field 5
Checking tglfd5 ...
File differences are made with: /usr/local/bin/ndiff --relerr 1.0e-10 --minwidth 10 --abserr 0
glfd501
### Maximum relative error in matching lines = 4.19e-16 at line 90 field 2
### Maximum relative error in matching lines = 4.45e-16 at line 13 field 5
glfd502
### Maximum relative error in matching lines = 9.88e-16 at line 275 field 3
### Maximum relative error in matching lines = 3.91e-16 at line 38 field 5
glfd503
### Maximum relative error in matching lines = 5.75e-16 at line 25 field 5
### Maximum relative error in matching lines = 3.86e-16 at line 29 field 5
glfd504
### Maximum relative error in matching lines = 4.79e-16 at line 131 field 2
### Maximum relative error in matching lines = 4.43e-16 at line 41 field 5
glfd505
### Maximum relative error in matching lines = 2.38e-12 at line 114 field 4
### Maximum relative error in matching lines = 3.55e-16 at line 23 field 5
glfd506
### Maximum relative error in matching lines = 6.50e-16 at line 48 field 2
### Maximum relative error in matching lines = 4.27e-16 at line 57 field 5
glfd507
### Maximum relative error in matching lines = 3.30e-15 at line 213 field 4
### Maximum relative error in matching lines = 4.72e-16 at line 55 field 5
glfd508
### Maximum relative error in matching lines = 6.06e-16 at line 30 field 4
### Maximum relative error in matching lines = 3.71e-16 at line 39 field 5
glfd509
Checking tglfd6 ...
File differences are made with: /usr/local/bin/ndiff --relerr 1.0e-10 --minwidth 10 --abserr 0
glfd601
### Maximum relative error in matching lines = 2.01e-16 at line 67 field 4
### Maximum relative error in matching lines = 3.69e-16 at line 7 field 5
glfd602
### Maximum relative error in matching lines = 3.99e-16 at line 93 field 4
### Maximum relative error in matching lines = 3.11e-16 at line 92 field 5
glfd603
### Maximum relative error in matching lines = 5.41e-17 at line 26 field 5
glfd604
### Maximum relative error in matching lines = 7.63e-16 at line 94 field 4
### Maximum relative error in matching lines = 5.49e-16 at line 93 field 5
glfd605
### Maximum relative error in matching lines = 6.24e-16 at line 33 field 4
### Maximum relative error in matching lines = 3.66e-16 at line 25 field 5
glfd606
### Maximum relative error in matching lines = 6.35e-16 at line 18 field 4
### Maximum relative error in matching lines = 5.25e-16 at line 17 field 5
glfd607
### Maximum relative error in matching lines = 5.09e-16 at line 41 field 4
### Maximum relative error in matching lines = 3.87e-16 at line 40 field 5
glfd608
### Maximum relative error in matching lines = 4.14e-15 at line 24 field 4
### Maximum relative error in matching lines = 4.14e-15 at line 23 field 5
glfd609
### Maximum relative error in matching lines = 6.14e-16 at line 91 field 4
### Maximum relative error in matching lines = 4.79e-16 at line 37 field 5
glfd610
### Maximum relative error in matching lines = 1.03e-17 at line 8 field 5
============================== Making check-dp in common
ar -r ../libgjl.a d2norm.o dcopy.o deps.o derbit.o dfloat.o dfpmax.o dgamma.o dinf.o diran.o dlgam.o dlog2.o dnan.o dpsi.o dpsiln.o dran.o dstore.o dstorf.o dvsum.o ffalse.o ftrue.o getnan.o idceil.o isdinf.o isdnan.o pythag.o tql1.o
ranlib ../libgjl.a || true
ar -r ../libgjl.a aeps.o afpmax.o ainf.o airan.o algam.o alog2.o anan.o astore.o astorf.o avsum.o gamma.o iceil.o isainf.o isanan.o psi.o psiln.o ran.o
ranlib ../libgjl.a || true
There is no validation suite in this directory
224.440u 19.900s 4:24.12 92.5%	0+0k 0+0io 199916pf+0w
============================================================
Disk free report for /local/build/lf95:
			Filesystem           1K-blocks      Used Available Use% Mounted on
			/dev/Volume00/LogVol00
			                      15514004   9984972   4740964  68% /
Remote date:            2004.03.19.17.18.53
============================================================
