============================================================
/usr/local/bin/.: Permission denied.
Machinetype:            SGI Origin/200-4 (180 MHz) (4 CPUs); IRIX 6.5
System status:            6:25am  up 2 days,  5:13,  2 users,  load average: 1.07, 0.46, 0.32
Remote c89 version:     MIPSpro Compilers: Version 7.3.1.3m
Remote cc version:      MIPSpro Compilers: Version 7.3.1.3m
Remote CC version:      MIPSpro Compilers: Version 7.3.1.3m
Remote lcc version:     lcc version 4.1.beta.9 [11-May-2001]
Package:                quadlog-gampsi
Archive:                /export/home/0077/sy/beebe//quadlog-gampsi.tar.gz
Date:                   2004.03.19.06.25.36
Local user:             beebe
Local host:             suncore.math.utah.edu
Local log directory:    /export/home/0077/sy/beebe/logs/quadlog-gampsi
Local log file:         quadlog-gampsi.eilat.math.utah.edu.2004.03.19.06.25.36.log
Remote user:            beebe
Remote host:            eilat.math.utah.edu
Remote directory:       /local/build/f90
Remote date:            2004.03.19.06.25.49
Remote uname:           IRIX64 eilat 6.5 04151556 IP27 mips unknown Irix
Remote gcc version:     gcc (GCC) 3.3
Remote g++ version:     g++ (GCC) 3.3
Remote gcc3 version:    gcc3: Command not found.
Remote g++3 version:    g++3: Command not found.
Configure environment:  CC=cc CXX=CC F77=f90 FC=f90 LDFLAGS=-Wl,-rpath,/usr/local/lib 
Extra environment:      
Configure flags:        
Make all targets:       all all-qp
Make check targets:     check
Disk free report for /local/build/f90:
			Filesystem           1K-blocks      Used Available Use% Mounted on
			/dev/dsk/dks3d1s0      1830508   1519000    311508  83% /export/home/0061
Environment:
			DISPLAY=localhost:93.0
			DVIPSHEADERS=.:/usr/local/lib/tex/ps:/usr/local/lib/tex/fonts/ps:/usr/local/lib/tex/fonts/vf:/usr/local/lib/tex/fonts/old/vf:/usr/local/lib/tex/fonts/postscript/cmpsfont/pfb
			GROUP=nuucp
			HOME=/u/sy/beebe
			HOST=eilat.math.utah.edu
			HOSTALIAS=eilat
			HOSTTYPE=iris4d
			INDOMAIN=math.utah.edu
			INFO=/usr/local/plot79
			LD_LIBRARYN32_PATH=/usr/libn32:/libn32:/usr/local/libn32
			LOGNAME=beebe
			MACHTYPE=mipseb
			MAIL=/usr/mail//beebe
			MFINPUTS=.:/usr/local/lib/mf/macros:/usr/local/lib/mf/cm:/usr/local/lib/mf
			NCARG_ROOT=/usr/local/ncar
			OSTYPE=irix
			PATH=/usr/local/bin:/u/sy/beebe/bin/indigo:/usr/local/share/bin:/usr/local/bin/X11:/usr/local/mpi/bin:/usr/local/pbmplus:/usr/bin/X11:/usr/local/ncar/bin:/usr/local/plot79:/usr/bsd:/usr/sbin:/usr/bin:/bin:/sbin:/usr/java/bin:/usr/local/etc:/usr/etc:/etc:.:/usr/local/pvm3/lib:/u/sy/beebe/tex/bib
			PLT=/usr/local/plot79
			PVM_ROOT=/usr/local/pvm3
			PWD=/u/sy/beebe
			SHELL=/usr/local/bin/tcsh
			SHLVL=1
			SSH_CLIENT=155.101.96.131 57835 22
			SSH_CONNECTION=155.101.96.131 57835 155.101.96.132 22
			TERM=unknown
			TEXCONFIG=.:/usr/local/lib/tex/ps:/usr/local/lib/tex/fonts/vf:/usr/local/lib/tex/fonts/old/vf
			TEXFONTS=/usr/local/lib/tex/fonts/cm/600dpi:/usr/local/lib/tex/fonts/cm/tfms:/usr/local/lib/tex/ams/amspsfnt/tfms:/usr/local/lib/tex/ams/amspsfnt/pfb:/usr/local/lib/tex/ams/amsfonts/pk-files/600dpi:/usr/local/lib/tex/ams/amsfonts/pk-files/300dpi:/usr/local/lib/tex/fonts/pandora/600dpi:/usr/local/lib/tex/fonts/pandora/tfms:/usr/local/lib/tex/fonts/concrete/600dpi:/usr/local/lib/tex/fonts/concrete/tfms:/usr/local/lib/tex/fonts/greek:/usr/local/lib/tex/lamstex/mf:/usr/local/lib/tex/fonts/pk/tfms:/usr/local/lib/tex/fonts/pk/600dpi:/usr/local/lib/tex/fonts/pk/300dpi:/usr/local/lib/tex/fonts/ps:/usr/local/lib/tex/latex2e/fonts:/usr/local/lib/tex/fonts/vf:/usr/local/lib/tex/fonts/old/vf:/usr/local/lib/tex/musictex/pk/600dpi:/usr/local/lib/tex/musictex/pk/tfms:/usr/local/lib/tex/fonts/cmcyr/600dpi:/usr/local/lib/tex/fonts/ec/600dpi:/usr/local/lib/tex/fonts/ec/tfms:/usr/local/lib/tex/fonts/ecc/600dpi:/usr/local/lib/tex/fonts/ecc/tfms:/usr/local/lib/tex/fonts/ams
			TEXINPUTS=.:/usr/local/lib/tex/inputs:/usr/local/lib/tex/fonts/ps:/usr/local/lib/tex/latex:/usr/local/lib/tex/ams/amstex:/usr/local/lib/tex/ams/amstex/doc:/usr/local/lib/tex/ams/amslatex/inputs:/usr/local/lib/tex/bibtex:/usr/local/lib/tex/fonts/ap/300dpi:/usr/local/lib/tex/tugboat:/usr/local/lib/tex/lamstex/inputs:/usr/local/lib/tex/siam:/usr/local/lib/tex/ps:/usr/local/lib/tex/fonts/pandora
			TEXPKS=/usr/local/lib/tex/fonts/cm/600dpi:/usr/local/lib/tex/fonts/cm/tfms:/usr/local/lib/tex/ams/amspsfnt/tfms:/usr/local/lib/tex/ams/amspsfnt/pfb:/usr/local/lib/tex/ams/amsfonts/pk-files/600dpi:/usr/local/lib/tex/ams/amsfonts/pk-files/300dpi:/usr/local/lib/tex/fonts/pandora/600dpi:/usr/local/lib/tex/fonts/pandora/tfms:/usr/local/lib/tex/fonts/concrete/600dpi:/usr/local/lib/tex/fonts/concrete/tfms:/usr/local/lib/tex/fonts/greek:/usr/local/lib/tex/lamstex/mf:/usr/local/lib/tex/fonts/pk/tfms:/usr/local/lib/tex/fonts/pk/600dpi:/usr/local/lib/tex/fonts/pk/300dpi:/usr/local/lib/tex/fonts/ps:/usr/local/lib/tex/latex2e/fonts:/usr/local/lib/tex/fonts/vf:/usr/local/lib/tex/fonts/old/vf:/usr/local/lib/tex/musictex/pk/600dpi:/usr/local/lib/tex/musictex/pk/tfms:/usr/local/lib/tex/fonts/cmcyr/600dpi:/usr/local/lib/tex/fonts/ec/600dpi:/usr/local/lib/tex/fonts/ec/tfms:/usr/local/lib/tex/fonts/ecc/600dpi:/usr/local/lib/tex/fonts/ecc/tfms:/usr/local/lib/tex/fonts/ams
			TZ=MST7MDT
			USER=beebe
			VENDOR=sgi
			VFFONTS=.:/usr/local/lib/tex/latex2e/fonts:/usr/local/lib/tex/fonts/vf:/usr/local/lib/tex/fonts/old/vf:/usr/local/lib/tex/fonts/fontinst/contrib/helminck:/usr/local/lib/tex/fonts/malvern/vf:/usr/local/lib/tex/fonts/mathtime
			XFILESEARCHPATH=/usr/lib/X11/%T/%N%S:/usr/local/lib/X11/%T/%N%S
			YPDOMAIN=YP.math.utah.edu
============================================================
configure: creating ./config.status
config.status: creating Makefile
configure: configuring in common
configure: running /bin/sh './configure'  --cache-file=/dev/null --srcdir=.
checking for gcc... cc
checking for C compiler default output file name... a.out
checking whether the C compiler works... yes
checking whether we are cross compiling... no
checking for suffix of executables... 
checking for suffix of object files... o
checking whether we are using the GNU C compiler... no
checking whether cc accepts -g... yes
checking for cc option to accept ANSI C... none needed
checking whether we are using the GNU Fortran 77 compiler... no
checking whether f90 accepts -g... yes
checking for autoconf... autoconf
configure: creating ./config.status
config.status: creating Makefile
configure: configuring in gampsi
configure: running /bin/sh './configure'  --cache-file=/dev/null --srcdir=.
checking for gcc... cc
checking for C compiler default output file name... a.out
checking whether the C compiler works... yes
checking whether we are cross compiling... no
checking for suffix of executables... 
checking for suffix of object files... o
checking whether we are using the GNU C compiler... no
checking whether cc accepts -g... yes
checking for cc option to accept ANSI C... none needed
checking whether we are using the GNU Fortran 77 compiler... no
checking whether f90 accepts -g... yes
checking for autoconf... autoconf
checking for gzip... gzip
checking for tar... tar
configure: creating ./config.status
config.status: creating Makefile
configure: configuring in jacobi
configure: running /bin/sh './configure'  --cache-file=/dev/null --srcdir=.
checking for gcc... cc
checking for C compiler default output file name... a.out
checking whether the C compiler works... yes
checking whether we are cross compiling... no
checking for suffix of executables... 
checking for suffix of object files... o
checking whether we are using the GNU C compiler... no
checking whether cc accepts -g... yes
checking for cc option to accept ANSI C... none needed
checking whether we are using the GNU Fortran 77 compiler... no
checking whether f90 accepts -g... yes
checking for autoconf... autoconf
configure: creating ./config.status
config.status: creating Makefile
configure: configuring in laguerre
configure: running /bin/sh './configure'  --cache-file=/dev/null --srcdir=.
checking for gcc... cc
checking for C compiler default output file name... a.out
checking whether the C compiler works... yes
checking whether we are cross compiling... no
checking for suffix of executables... 
checking for suffix of object files... o
checking whether we are using the GNU C compiler... no
checking whether cc accepts -g... yes
checking for cc option to accept ANSI C... none needed
checking whether we are using the GNU Fortran 77 compiler... no
checking whether f90 accepts -g... yes
checking for autoconf... autoconf
checking if -lm needed for math functions... yes
configure: creating ./config.status
config.status: creating Makefile
configure: configuring in man
configure: running /bin/sh './configure'  --cache-file=/dev/null --srcdir=.
checking for autoconf... autoconf
checking for deroff... deroff
checking for ps2pdf... ps2pdf
checking for man2html... man2html
configure: creating ./config.status
config.status: creating Makefile
11.14user 25.33system 1:06.30elapsed 55%CPU (0avgtext+0avgdata 63232maxresident)k
340inputs+162outputs (100major+70973minor)pagefaults 0swaps
(cd common && make  prefix=/usr/local FWARN="" FOPT="-O" all )
f90 -g -O     -c -o d2norm.o d2norm.f
f90 -g -O     -c -o dcopy.o dcopy.f
f90 -g -O     -c -o deps.o deps.f
f90 -g -O     -c -o derbit.o derbit.f
f90 -g -O     -c -o dfloat.o dfloat.f
f90 -g -O     -c -o dfpmax.o dfpmax.f
f90 -g -O     -c -o dgamma.o dgamma.f
f90 -g -O     -c -o dinf.o dinf.f
f90 -g -O     -c -o diran.o diran.f
f90 -g -O     -c -o dlgam.o dlgam.f
f90 -g -O     -c -o dlog2.o dlog2.f
f90 -g -O     -c -o dnan.o dnan.f
f90 -g -O     -c -o dpsi.o dpsi.f
f90 -g -O     -c -o dpsiln.o dpsiln.f
f90 -g -O     -c -o dran.o dran.f
f90 -g -O     -c -o dstore.o dstore.f
f90 -g -O     -c -o dstorf.o dstorf.f
f90 -g -O     -c -o dvsum.o dvsum.f
f90 -g -O     -c -o ffalse.o ffalse.f
f90 -g -O     -c -o ftrue.o ftrue.f
f90 -g -O     -c -o getnan.o getnan.f
f90 -g -O     -c -o idceil.o idceil.f
f90 -g -O     -c -o isdinf.o isdinf.f
f90 -g -O     -c -o isdnan.o isdnan.f
f90 -g -O     -c -o pythag.o pythag.f
f90 -g -O     -c -o tql1.o tql1.f
ar -r ../libgjl.a d2norm.o dcopy.o deps.o derbit.o dfloat.o dfpmax.o dgamma.o dinf.o diran.o dlgam.o dlog2.o dnan.o dpsi.o dpsiln.o dran.o dstore.o dstorf.o dvsum.o ffalse.o ftrue.o getnan.o idceil.o isdinf.o isdnan.o pythag.o tql1.o
ranlib ../libgjl.a || true
f90 -g -O     -c -o aeps.o aeps.f
f90 -g -O     -c -o afpmax.o afpmax.f
f90 -g -O     -c -o ainf.o ainf.f
f90 -g -O     -c -o airan.o airan.f
f90 -g -O     -c -o algam.o algam.f
f90 -g -O     -c -o alog2.o alog2.f
f90 -g -O     -c -o anan.o anan.f
f90 -g -O     -c -o astore.o astore.f
f90 -g -O     -c -o astorf.o astorf.f
f90 -g -O     -c -o avsum.o avsum.f
f90 -g -O     -c -o gamma.o gamma.f
f90 -g -O     -c -o iceil.o iceil.f
f90 -g -O     -c -o isainf.o isainf.f
f90 -g -O     -c -o isanan.o isanan.f
f90 -g -O     -c -o psi.o psi.f
f90 -g -O     -c -o psiln.o psiln.f
f90 -g -O     -c -o ran.o ran.f
ar -r ../libgjl.a aeps.o afpmax.o ainf.o airan.o algam.o alog2.o anan.o astore.o astorf.o avsum.o gamma.o iceil.o isainf.o isanan.o psi.o psiln.o ran.o
ranlib ../libgjl.a || true
for subdir in man gampsi jacobi laguerre common ; do echo ============================== Making all in $subdir ; ( cd $subdir && make  prefix=/usr/local FWARN="" FOPT="-O" all ) ; done
============================== Making all in man
============================== Making all in gampsi
(cd ../common; make lib-dp)
ar -r ../libgjl.a d2norm.o dcopy.o deps.o derbit.o dfloat.o dfpmax.o dgamma.o dinf.o diran.o dlgam.o dlog2.o dnan.o dpsi.o dpsiln.o dran.o dstore.o dstorf.o dvsum.o ffalse.o ftrue.o getnan.o idceil.o isdinf.o isdnan.o pythag.o tql1.o
ranlib ../libgjl.a || true
f90 -g -O -I../common   -c -o tdgen.o tdgen.f
f90 -g -O -I../common   -c -o funhdr.o funhdr.f
f90 -g -O -I../common   -c -o dgen.o dgen.f
f90 -g -O -I../common   -o tdgen tdgen.o funhdr.o dgen.o ../common/dfloat.o ../common/dinf.o ../common/diran.o ../common/dnan.o ../common/dran.o ../common/dstorf.o ../common/idceil.o ../common/isdnan.o ../common/dgamma.o ../common/dlgam.o ../common/dpsi.o ../common/dpsiln.o 
(cd ../common; make lib-sp)
ar -r ../libgjl.a aeps.o afpmax.o ainf.o airan.o algam.o alog2.o anan.o astore.o astorf.o avsum.o gamma.o iceil.o isainf.o isanan.o psi.o psiln.o ran.o
ranlib ../libgjl.a || true
f90 -g -O -I../common   -c -o tagen.o tagen.f
f90 -g -O -I../common   -c -o agen.o agen.f
f90 -g -O -I../common   -o tagen tagen.o funhdr.o agen.o ../common/ainf.o ../common/airan.o ../common/anan.o ../common/astorf.o ../common/iceil.o ../common/isanan.o ../common/ran.o ../common/algam.o ../common/dfloat.o ../common/gamma.o ../common/idceil.o ../common/psi.o ../common/psiln.o 
============================== Making all in jacobi
f90 -g -O -I../common   -c -o gjqf.o gjqf.f
f90 -g -O -I../common   -c -o gjqfd.o gjqfd.f
f90 -g -O -I../common   -c -o gjqli.o gjqli.f
f90 -g -O -I../common   -c -o gjqrc.o gjqrc.f
(cd ../common; make lib-dp)
ar -r ../libgjl.a d2norm.o dcopy.o deps.o derbit.o dfloat.o dfpmax.o dgamma.o dinf.o diran.o dlgam.o dlog2.o dnan.o dpsi.o dpsiln.o dran.o dstore.o dstorf.o dvsum.o ffalse.o ftrue.o getnan.o idceil.o isdinf.o isdnan.o pythag.o tql1.o
ranlib ../libgjl.a || true
ar -r ../libgjl.a gjqf.o gjqfd.o gjqli.o gjqrc.o
ranlib ../libgjl.a || true
f90 -g -O -I../common   -c -o tgjf1.o tgjf1.f
f90 -g -O -I../common   -c -o ../common/prthdr.o ../common/prthdr.f
f90 -g -O -I../common   -c -o ../common/trapit.o ../common/trapit.f
f90 -g -O -I../common   -o tgjf1 tgjf1.o gjqf.o gjqli.o gjqrc.o gjqfd.o ../common/d2norm.o ../common/dcopy.o ../common/deps.o ../common/derbit.o ../common/dfloat.o ../common/dgamma.o ../common/dinf.o ../common/dlog2.o ../common/dnan.o ../common/dpsi.o ../common/dstore.o ../common/dstorf.o ../common/dvsum.o ../common/isdnan.o ../common/prthdr.o ../common/pythag.o ../common/tql1.o ../common/trapit.o ../libgjl.a
ld32: WARNING 84 : ../libgjl.a is not used for resolving any symbol.
f90 -g -O -I../common   -c -o tgjf2.o tgjf2.f
f90 -g -O -I../common   -o tgjf2 tgjf2.o gjqf.o gjqli.o gjqrc.o gjqfd.o ../common/d2norm.o ../common/dcopy.o ../common/deps.o ../common/derbit.o ../common/dfloat.o ../common/dgamma.o ../common/dinf.o ../common/dlog2.o ../common/dnan.o ../common/dpsi.o ../common/dstore.o ../common/dstorf.o ../common/dvsum.o ../common/isdnan.o ../common/prthdr.o ../common/pythag.o ../common/tql1.o ../common/trapit.o ../libgjl.a
ld32: WARNING 84 : ../libgjl.a is not used for resolving any symbol.
f90 -g -O -I../common   -c -o tgjfd1.o tgjfd1.f
f90 -g -O -I../common   -o tgjfd1 tgjfd1.o gjqfd.o ../common/d2norm.o ../common/dcopy.o ../common/deps.o ../common/derbit.o ../common/dfloat.o ../common/dgamma.o ../common/dinf.o ../common/dlog2.o ../common/dnan.o ../common/dpsi.o ../common/dstore.o ../common/dstorf.o ../common/dvsum.o ../common/isdnan.o ../common/prthdr.o ../common/pythag.o ../common/tql1.o ../common/trapit.o ../libgjl.a
ld32: WARNING 84 : ../libgjl.a is not used for resolving any symbol.
f90 -g -O -I../common   -c -o tgjfd2.o tgjfd2.f
f90 -g -O -I../common   -o tgjfd2 tgjfd2.o gjqfd.o ../common/d2norm.o ../common/dcopy.o ../common/deps.o ../common/derbit.o ../common/dfloat.o ../common/dgamma.o ../common/dinf.o ../common/dlog2.o ../common/dnan.o ../common/dpsi.o ../common/dstore.o ../common/dstorf.o ../common/dvsum.o ../common/isdnan.o ../common/prthdr.o ../common/pythag.o ../common/tql1.o ../common/trapit.o ../libgjl.a
ld32: WARNING 84 : ../libgjl.a is not used for resolving any symbol.
============================== Making all in laguerre
f90 -g -O -I../common   -c -o glqf.o glqf.f
f90 -g -O -I../common   -c -o glqfd.o glqfd.f
f90 -g -O -I../common   -c -o glqli.o glqli.f
f90 -g -O -I../common   -c -o glqrc.o glqrc.f
(cd ../common; make lib-dp)
ar -r ../libgjl.a d2norm.o dcopy.o deps.o derbit.o dfloat.o dfpmax.o dgamma.o dinf.o diran.o dlgam.o dlog2.o dnan.o dpsi.o dpsiln.o dran.o dstore.o dstorf.o dvsum.o ffalse.o ftrue.o getnan.o idceil.o isdinf.o isdnan.o pythag.o tql1.o
ranlib ../libgjl.a || true
ar -r ../libgjl.a glqf.o glqfd.o glqli.o glqrc.o
ranlib ../libgjl.a || true
f90 -g -O -I../common   -c -o tglf1.o tglf1.f
f90 -g -O -I../common   -o tglf1 tglf1.o glqf.o glqli.o glqfd.o glqrc.o ../common/prthdr.o ../common/d2norm.o ../common/dcopy.o ../common/deps.o ../common/derbit.o ../common/dfloat.o ../common/dgamma.o ../common/dinf.o ../common/dlog2.o ../common/dnan.o ../common/dpsi.o ../common/dstore.o ../common/dstorf.o ../common/dvsum.o ../common/isdnan.o ../common/pythag.o ../common/tql1.o ../common/trapit.o
f90 -g -O -I../common   -c -o tglf2.o tglf2.f
f90 -g -O -I../common   -o tglf2 tglf2.o glqf.o glqli.o glqfd.o glqrc.o ../common/prthdr.o ../common/d2norm.o ../common/dcopy.o ../common/deps.o ../common/derbit.o ../common/dfloat.o ../common/dgamma.o ../common/dinf.o ../common/dlog2.o ../common/dnan.o ../common/dpsi.o ../common/dstore.o ../common/dstorf.o ../common/dvsum.o ../common/isdnan.o ../common/pythag.o ../common/tql1.o ../common/trapit.o
f90 -g -O -I../common   -c -o tglf3.o tglf3.f
f90 -g -O -I../common   -o tglf3 tglf3.o glqf.o glqli.o glqfd.o glqrc.o ../common/prthdr.o ../common/d2norm.o ../common/dcopy.o ../common/deps.o ../common/derbit.o ../common/dfloat.o ../common/dgamma.o ../common/dinf.o ../common/dlog2.o ../common/dnan.o ../common/dpsi.o ../common/dstore.o ../common/dstorf.o ../common/dvsum.o ../common/isdnan.o ../common/pythag.o ../common/tql1.o ../common/trapit.o
f90 -g -O -I../common   -c -o tglf4.o tglf4.f
f90 -g -O -I../common   -o tglf4 tglf4.o glqf.o glqli.o glqfd.o glqrc.o ../common/prthdr.o ../common/d2norm.o ../common/dcopy.o ../common/deps.o ../common/derbit.o ../common/dfloat.o ../common/dgamma.o ../common/dinf.o ../common/dlog2.o ../common/dnan.o ../common/dpsi.o ../common/dstore.o ../common/dstorf.o ../common/dvsum.o ../common/isdnan.o ../common/pythag.o ../common/tql1.o ../common/trapit.o
f90 -g -O -I../common   -c -o tglf5.o tglf5.f
f90 -g -O -I../common   -o tglf5 tglf5.o glqf.o glqli.o glqfd.o glqrc.o ../common/prthdr.o ../common/d2norm.o ../common/dcopy.o ../common/deps.o ../common/derbit.o ../common/dfloat.o ../common/dgamma.o ../common/dinf.o ../common/dlog2.o ../common/dnan.o ../common/dpsi.o ../common/dstore.o ../common/dstorf.o ../common/dvsum.o ../common/isdnan.o ../common/pythag.o ../common/tql1.o ../common/trapit.o
f90 -g -O -I../common   -c -o tglf6.o tglf6.f
f90 -g -O -I../common   -o tglf6 tglf6.o glqf.o glqli.o glqfd.o glqrc.o ../common/prthdr.o ../common/d2norm.o ../common/dcopy.o ../common/deps.o ../common/derbit.o ../common/dfloat.o ../common/dgamma.o ../common/dinf.o ../common/dlog2.o ../common/dnan.o ../common/dpsi.o ../common/dstore.o ../common/dstorf.o ../common/dvsum.o ../common/isdnan.o ../common/pythag.o ../common/tql1.o ../common/trapit.o
f90 -g -O -I../common   -c -o tglfd1.o tglfd1.f
f90 -g -O -I../common   -o tglfd1 tglfd1.o glqli.o glqfd.o glqrc.o ../common/prthdr.o ../common/d2norm.o ../common/dcopy.o ../common/deps.o ../common/derbit.o ../common/dfloat.o ../common/dgamma.o ../common/dinf.o ../common/dlog2.o ../common/dnan.o ../common/dpsi.o ../common/dstore.o ../common/dstorf.o ../common/dvsum.o ../common/isdnan.o ../common/pythag.o ../common/tql1.o ../common/trapit.o
f90 -g -O -I../common   -c -o tglfd2.o tglfd2.f
f90 -g -O -I../common   -o tglfd2 tglfd2.o glqli.o glqfd.o glqrc.o ../common/prthdr.o ../common/d2norm.o ../common/dcopy.o ../common/deps.o ../common/derbit.o ../common/dfloat.o ../common/dgamma.o ../common/dinf.o ../common/dlog2.o ../common/dnan.o ../common/dpsi.o ../common/dstore.o ../common/dstorf.o ../common/dvsum.o ../common/isdnan.o ../common/pythag.o ../common/tql1.o ../common/trapit.o
f90 -g -O -I../common   -c -o tglfd3.o tglfd3.f
f90 -g -O -I../common   -o tglfd3 tglfd3.o glqli.o glqfd.o glqrc.o ../common/prthdr.o ../common/d2norm.o ../common/dcopy.o ../common/deps.o ../common/derbit.o ../common/dfloat.o ../common/dgamma.o ../common/dinf.o ../common/dlog2.o ../common/dnan.o ../common/dpsi.o ../common/dstore.o ../common/dstorf.o ../common/dvsum.o ../common/isdnan.o ../common/pythag.o ../common/tql1.o ../common/trapit.o
f90 -g -O -I../common   -c -o tglfd4.o tglfd4.f
f90 -g -O -I../common   -o tglfd4 tglfd4.o glqli.o glqfd.o glqrc.o ../common/prthdr.o ../common/d2norm.o ../common/dcopy.o ../common/deps.o ../common/derbit.o ../common/dfloat.o ../common/dgamma.o ../common/dinf.o ../common/dlog2.o ../common/dnan.o ../common/dpsi.o ../common/dstore.o ../common/dstorf.o ../common/dvsum.o ../common/isdnan.o ../common/pythag.o ../common/tql1.o ../common/trapit.o
f90 -g -O -I../common   -c -o tglfd5.o tglfd5.f
f90 -g -O -I../common   -o tglfd5 tglfd5.o glqli.o glqfd.o glqrc.o ../common/prthdr.o ../common/d2norm.o ../common/dcopy.o ../common/deps.o ../common/derbit.o ../common/dfloat.o ../common/dgamma.o ../common/dinf.o ../common/dlog2.o ../common/dnan.o ../common/dpsi.o ../common/dstore.o ../common/dstorf.o ../common/dvsum.o ../common/isdnan.o ../common/pythag.o ../common/tql1.o ../common/trapit.o
f90 -g -O -I../common   -c -o tglfd6.o tglfd6.f
f90 -g -O -I../common   -o tglfd6 tglfd6.o glqli.o glqfd.o glqrc.o ../common/prthdr.o ../common/d2norm.o ../common/dcopy.o ../common/deps.o ../common/derbit.o ../common/dfloat.o ../common/dgamma.o ../common/dinf.o ../common/dlog2.o ../common/dnan.o ../common/dpsi.o ../common/dstore.o ../common/dstorf.o ../common/dvsum.o ../common/isdnan.o ../common/pythag.o ../common/tql1.o ../common/trapit.o
============================== Making all in common
ar -r ../libgjl.a d2norm.o dcopy.o deps.o derbit.o dfloat.o dfpmax.o dgamma.o dinf.o diran.o dlgam.o dlog2.o dnan.o dpsi.o dpsiln.o dran.o dstore.o dstorf.o dvsum.o ffalse.o ftrue.o getnan.o idceil.o isdinf.o isdnan.o pythag.o tql1.o
ranlib ../libgjl.a || true
ar -r ../libgjl.a aeps.o afpmax.o ainf.o airan.o algam.o alog2.o anan.o astore.o astorf.o avsum.o gamma.o iceil.o isainf.o isanan.o psi.o psiln.o ran.o
ranlib ../libgjl.a || true
(cd common && make  prefix=/usr/local FWARN="" FOPT="-O" all-qp )
f90 -g -O     -c -o iqceil.o iqceil.f
f90 -g -O     -c -o isqinf.o isqinf.f
f90 -g -O     -c -o isqnan.o isqnan.f
f90 -g -O     -c -o q2norm.o q2norm.f
f90 -g -O     -c -o qcopy.o qcopy.f
f90 -g -O     -c -o qeps.o qeps.f
f90 -g -O     -c -o qepsln.o qepsln.f
f90 -g -O     -c -o qerbit.o qerbit.f
f90 -g -O     -c -o qfloat.o qfloat.f
f90 -g -O     -c -o qfpmax.o qfpmax.f
f90 -g -O     -c -o qgamma.o qgamma.f

     X    1.18973149535723176508575932662800701619646905264169q+4932)
          ^                                                           
f90-1189 f90: WARNING QGAMMA, File = qxinf.inc, Line = 83, Column = 11 
  This numeric constant is out of range.

     X    3.36210314311209350626267781732175260259807934484650q-4932)
          ^                                                           
f90-1189 f90: WARNING QGAMMA, File = qxmin.inc, Line = 31, Column = 11 
  This numeric constant is out of range.

f90: MIPSpro Fortran 90 Version 7.3  (f61) Fri Mar 19, 2004  06:30:19
f90: 834 source lines
f90: 0 Error(s), 2 Warning(s), 0 Other message(s), 0 ANSI(s)
cf90: "explain cf90-message number" gives more information about each message
f90 -g -O     -c -o qinf.o qinf.f
f90 -g -O     -c -o qiran.o qiran.f
f90 -g -O     -c -o qlgam.o qlgam.f
f90 -g -O     -c -o qlog2.o qlog2.f
f90 -g -O     -c -o qnan.o qnan.f
f90 -g -O     -c -o qpsi.o qpsi.f

     X    1.18973149535723176508575932662800701619646905264169q+4932)
          ^                                                           
f90-1189 f90: WARNING QPSI, File = qxinf.inc, Line = 83, Column = 11 
  This numeric constant is out of range.

     X    3.36210314311209350626267781732175260259807934484650q-4932)
          ^                                                           
f90-1189 f90: WARNING QPSI, File = qxmin.inc, Line = 31, Column = 11 
  This numeric constant is out of range.

f90: MIPSpro Fortran 90 Version 7.3  (f61) Fri Mar 19, 2004  06:30:21
f90: 729 source lines
f90: 0 Error(s), 2 Warning(s), 0 Other message(s), 0 ANSI(s)
cf90: "explain cf90-message number" gives more information about each message
f90 -g -O     -c -o qpsiln.o qpsiln.f
f90 -g -O     -c -o qpythg.o qpythg.f
f90 -g -O     -c -o qstore.o qstore.f
f90 -g -O     -c -o qstorf.o qstorf.f
f90 -g -O     -c -o qtql1.o qtql1.f
f90 -g -O     -c -o qvsum.o qvsum.f
ar -r ../libgjl.a iqceil.o isqinf.o isqnan.o q2norm.o qcopy.o qeps.o qepsln.o qerbit.o qfloat.o qfpmax.o qgamma.o qinf.o qiran.o qlgam.o qlog2.o qnan.o qpsi.o qpsiln.o qpythg.o qstore.o qstorf.o qtql1.o qvsum.o
ranlib ../libgjl.a || true
for subdir in man gampsi jacobi laguerre common ; do echo ============================== Making all-qp in $subdir ; ( cd $subdir && make  prefix=/usr/local FWARN="" FOPT="-O" all-qp ) ; done
============================== Making all-qp in man
============================== Making all-qp in gampsi
(cd ../common; make lib-qp)
ar -r ../libgjl.a iqceil.o isqinf.o isqnan.o q2norm.o qcopy.o qeps.o qepsln.o qerbit.o qfloat.o qfpmax.o qgamma.o qinf.o qiran.o qlgam.o qlog2.o qnan.o qpsi.o qpsiln.o qpythg.o qstore.o qstorf.o qtql1.o qvsum.o
ranlib ../libgjl.a || true
f90 -g -O -I../common   -c -o tqgen.o tqgen.f
f90 -g -O -I../common   -c -o qgen.o qgen.f
f90 -g -O -I../common   -o tqgen tqgen.o funhdr.o qgen.o ../common/dfloat.o ../common/diran.o ../common/dran.o ../common/dstorf.o ../common/iqceil.o ../common/isqnan.o ../common/qfloat.o ../common/qinf.o ../common/qnan.o ../common/qstorf.o ../common/qgamma.o ../common/qlgam.o ../common/qpsi.o ../common/qpsiln.o 
============================== Making all-qp in jacobi
f90 -g -O -I../common   -c -o qgjqf.o qgjqf.f
f90 -g -O -I../common   -c -o qgjqfd.o qgjqfd.f
f90 -g -O -I../common   -c -o qgjqli.o qgjqli.f
f90 -g -O -I../common   -c -o qgjqrc.o qgjqrc.f
(cd ../common; make lib-qp)
ar -r ../libgjl.a iqceil.o isqinf.o isqnan.o q2norm.o qcopy.o qeps.o qepsln.o qerbit.o qfloat.o qfpmax.o qgamma.o qinf.o qiran.o qlgam.o qlog2.o qnan.o qpsi.o qpsiln.o qpythg.o qstore.o qstorf.o qtql1.o qvsum.o
ranlib ../libgjl.a || true
ar -r ../libgjl.a qgjqf.o qgjqfd.o qgjqli.o qgjqrc.o
ranlib ../libgjl.a || true
f90 -g -O -I../common   -c -o tqgjf1.o tqgjf1.f
f90 -g -O -I../common   -c -o ../common/qprthdr.o ../common/qprthdr.f
f90 -g -O -I../common   -o tqgjf1 tqgjf1.o qgjqf.o qgjqli.o qgjqrc.o qgjqfd.o ../common/q2norm.o ../common/qcopy.o ../common/qeps.o ../common/qerbit.o ../common/qfloat.o ../common/qgamma.o ../common/qinf.o ../common/qlog2.o ../common/qnan.o ../common/qpsi.o ../common/qstore.o ../common/qstorf.o ../common/qvsum.o ../common/isqnan.o ../common/qprthdr.o ../common/qpythg.o ../common/qtql1.o ../common/trapit.o ../libgjl.a
ld32: WARNING 84 : ../libgjl.a is not used for resolving any symbol.
ld32: ERROR   33 : Unresolved text symbol "qext_" -- 1st referenced by qgjqfd.o.
	Use linker option -v to see when and which objects, archives and dsos are loaded.  
ld32: ERROR   33 : Unresolved text symbol "qmax1_" -- 1st referenced by ../common/qpythg.o.
	Use linker option -v to see when and which objects, archives and dsos are loaded.  
ld32: ERROR   33 : Unresolved text symbol "qmin1_" -- 1st referenced by ../common/qpythg.o.
	Use linker option -v to see when and which objects, archives and dsos are loaded.  
ld32: INFO    152: Output file removed because of error.
============================== Making all-qp in laguerre
f90 -g -O -I../common   -c -o qglqf.o qglqf.f
f90 -g -O -I../common   -c -o qglqfd.o qglqfd.f
f90 -g -O -I../common   -c -o qglqli.o qglqli.f
f90 -g -O -I../common   -c -o qglqrc.o qglqrc.f
(cd ../common; make lib-qp)
ar -r ../libgjl.a iqceil.o isqinf.o isqnan.o q2norm.o qcopy.o qeps.o qepsln.o qerbit.o qfloat.o qfpmax.o qgamma.o qinf.o qiran.o qlgam.o qlog2.o qnan.o qpsi.o qpsiln.o qpythg.o qstore.o qstorf.o qtql1.o qvsum.o
ranlib ../libgjl.a || true
ar -r ../libgjl.a qglqf.o qglqfd.o qglqli.o qglqrc.o
ranlib ../libgjl.a || true
f90 -g -O -I../common   -c -o tqglf1.o tqglf1.f
f90 -g -O -I../common   -o tqglf1 tqglf1.o qglqf.o qglqli.o qglqfd.o qglqrc.o ../common/qprthdr.o ../common/q2norm.o ../common/qcopy.o ../common/qeps.o ../common/qerbit.o ../common/qfloat.o ../common/qgamma.o ../common/qinf.o ../common/qlog2.o ../common/qnan.o ../common/qpsi.o ../common/qstore.o ../common/qstorf.o ../common/qvsum.o ../common/isqnan.o ../common/qpythg.o ../common/qtql1.o ../common/trapit.o
ld32: ERROR   33 : Unresolved text symbol "qmax1_" -- 1st referenced by ../common/qpythg.o.
	Use linker option -v to see when and which objects, archives and dsos are loaded.  
ld32: ERROR   33 : Unresolved text symbol "qmin1_" -- 1st referenced by ../common/qpythg.o.
	Use linker option -v to see when and which objects, archives and dsos are loaded.  
ld32: INFO    152: Output file removed because of error.
============================== Making all-qp in common
ar -r ../libgjl.a iqceil.o isqinf.o isqnan.o q2norm.o qcopy.o qeps.o qepsln.o qerbit.o qfloat.o qfpmax.o qgamma.o qinf.o qiran.o qlgam.o qlog2.o qnan.o qpsi.o qpsiln.o qpythg.o qstore.o qstorf.o qtql1.o qvsum.o
ranlib ../libgjl.a || true
15.165u 20.491s 0:50.68 70.3%	0+0k 512+154io 193pf+0w
for subdir in man gampsi jacobi laguerre common ; do echo ============================== Making check-dp in $subdir ; ( cd $subdir && make  prefix=/usr/local FWARN="" FOPT="-O" check-dp ) ; done
============================== Making check-dp in man
There is no validation suite in this directory
============================== Making check-dp in gampsi
Checking tdgen ...
File differences are made with: /usr/local/bin/ndiff --relerr 5.0e-11 --minwidth 10
cos001
okay/cos001.out cos001.out differ: char 137, line 7
### Maximum relative error in matching lines = 8.80e-17 at line 8 field 5
Checking tdgen ...
File differences are made with: /usr/local/bin/ndiff --relerr 5.0e-11 --minwidth 10
cos101
okay/cos101.out cos101.out differ: char 147, line 7
### Maximum relative error in matching lines = 2.12e-16 at line 8285 field 5
cos102
okay/cos102.out cos102.out differ: char 147, line 7
### Maximum relative error in matching lines = 2.12e-16 at line 8285 field 5
cos103
okay/cos103.out cos103.out differ: char 147, line 7
### Maximum relative error in matching lines = 2.24e-16 at line 9631 field 5
Checking tdgen ...
File differences are made with: /usr/local/bin/ndiff --relerr 5.0e-11 --minwidth 10
cos201
okay/cos201.out cos201.out differ: char 147, line 7
### Maximum relative error in matching lines = 2.30e-16 at line 7163 field 5
Checking tdgen ...
File differences are made with: /usr/local/bin/ndiff --relerr 5.0e-11 --minwidth 10
exp001
okay/exp001.out exp001.out differ: char 137, line 7
### Maximum relative error in matching lines = 8.70e-17 at line 15 field 5
Checking tdgen ...
File differences are made with: /usr/local/bin/ndiff --relerr 5.0e-11 --minwidth 10
exp101
okay/exp101.out exp101.out differ: char 147, line 7
### Maximum relative error in matching lines = 1.11e-16 at line 1446 field 5
Checking tdfpmx ...
File differences are made with: /usr/local/bin/ndiff --relerr 5.0e-11 --minwidth 10
dfpm01
okay/dfpm01.out dfpm01.out differ: char 38, line 1
Checking tdgen ...
File differences are made with: /usr/local/bin/ndiff --relerr 5.0e-11 --minwidth 10
gam001
okay/gam001.out gam001.out differ: char 175, line 9
### Maximum relative error in matching lines = 4.49e-15 at line 104 field 5
Checking tdgen ...
File differences are made with: /usr/local/bin/ndiff --relerr 5.0e-11 --minwidth 10
gam101
okay/gam101.out gam101.out differ: char 189, line 9
### Maximum relative error in matching lines = 2.15e-15 at line 8979 field 5
gam102
okay/gam102.out gam102.out differ: char 188, line 9
8063c8063
< 2          -1431043414.   -23 0 -2.1384335345380541283003564150412115464114127258440e-308 0 0
--- field 5	relative error 1.0e+00
> 2          -1431043414.   -23 0  0.000000000000000000E+000 0 0
8271c8271
< 2          -1437881687.   -23 0  3.2190259996495262768898388506609774067541016948562e-310 0 0
--- field 5	relative error 1.0e+00
> 2          -1437881687.   -23 0  0.000000000000000000E+000 0 0
8284c8284
< 2          -1435865686.   -23 0  2.1060033022938082473490931178187079067949119021935e-309 0 0
--- field 5	relative error 1.0e+00
> 2          -1435865686.   -23 0  0.000000000000000000E+000 0 0
8620c8620
< 2          -1436046166.   -23 0  1.6936814422437231751404174180212959399367164942901e-309 0 0
--- field 5	relative error 1.0e+00
> 2          -1436046166.   -23 0  0.000000000000000000E+000 0 0
8730c8730
< 2          -1436918615.   -23 0  6.9878452180838503989704325835311805201380625187489e-310 0 0
--- field 5	relative error 1.0e+00
> 2          -1436918615.   -23 0  0.000000000000000000E+000 0 0
### Maximum relative error in matching lines = 2.28e-15 at line 8979 field 5
gam103
okay/gam103.out gam103.out differ: char 188, line 9
### Maximum relative error in matching lines = 5.98e-16 at line 5666 field 5
Checking tdgen ...
File differences are made with: /usr/local/bin/ndiff --relerr 5.0e-11 --minwidth 10
gam301
okay/gam301.out gam301.out differ: char 206, line 9
### Maximum relative error in matching lines = 8.80e-16 at line 10065 field 5
Checking tdgen ...
File differences are made with: /usr/local/bin/ndiff --relerr 5.0e-11 --minwidth 10
lga001
okay/lga001.out lga001.out differ: char 143, line 7
7c7
< 2                    0.     0 0                                                  Infinity 0 0
--- field 5
> 2                    0.0       0 0                        NaN 0 0
12c12
< 2                  Inf     0 0                                                  Infinity 0 0
--- field 5
> 2               Infinity       0 0                        NaN 0 0
### Maximum relative error in matching lines = 3.37e-17 at line 10 field 5
Checking tdgen ...
File differences are made with: /usr/local/bin/ndiff --relerr 5.0e-11 --minwidth 10
lga101
okay/lga101.out lga101.out differ: char 153, line 7
### Maximum relative error in matching lines = 8.85e-13 at line 5514 field 5
lga102
okay/lga102.out lga102.out differ: char 153, line 7
### Maximum relative error in matching lines = 1.88e-13 at line 3559 field 5
lga103
okay/lga103.out lga103.out differ: char 153, line 7
### Maximum relative error in matching lines = 8.70e-13 at line 5801 field 5
Checking tdgen ...
File differences are made with: /usr/local/bin/ndiff --relerr 5.0e-11 --minwidth 10
lga201
okay/lga201.out lga201.out differ: char 153, line 7
### Maximum relative error in matching lines = 1.17e-15 at line 84 field 5
Checking tdgen ...
File differences are made with: /usr/local/bin/ndiff --relerr 5.0e-11 --minwidth 10
log001
okay/log001.out log001.out differ: char 137, line 7
### Maximum relative error in matching lines = 8.06e-17 at line 12 field 5
Checking tdgen ...
File differences are made with: /usr/local/bin/ndiff --relerr 5.0e-11 --minwidth 10
log101
okay/log101.out log101.out differ: char 146, line 7
### Maximum relative error in matching lines = 1.10e-16 at line 7436 field 5
log102
okay/log102.out log102.out differ: char 146, line 7
### Maximum relative error in matching lines = 1.10e-16 at line 7633 field 5
log103
okay/log103.out log103.out differ: char 146, line 7
### Maximum relative error in matching lines = 1.10e-16 at line 4520 field 5
Checking tdgen ...
File differences are made with: /usr/local/bin/ndiff --relerr 5.0e-11 --minwidth 10
psi001
okay/psi001.out psi001.out differ: char 261, line 10
10c10
< 2                    0.0       0 0 Infinity                                                   0 0
--- field 5
> 2                    0.0       0 0                  -Infinity 0 0
### Maximum relative error in matching lines = 1.77e-16 at line 19 field 5
psi002
okay/psi002.out psi002.out differ: char 258, line 10
### Maximum relative error in matching lines = 1.42e-16 at line 19 field 5
psi003
okay/psi003.out psi003.out differ: char 261, line 10
psi006
okay/psi006.out psi006.out differ: char 228, line 10
10c10
< 2 1.0   -1030 0 Infinity 0 0
--- field 3	relative error 9.80e-03
> 2                    0.0   -1020 0                  -Infinity 0 0
Checking tdgen ...
File differences are made with: /usr/local/bin/ndiff --relerr 5.0e-11 --minwidth 10
psi101
okay/psi101.out psi101.out differ: char 258, line 10
### Maximum relative error in matching lines = 3.47e-16 at line 11 field 5
psi102
okay/psi102.out psi102.out differ: char 259, line 10
### Maximum relative error in matching lines = 1.11e-13 at line 3266 field 5
psi103
okay/psi103.out psi103.out differ: char 259, line 10
### Maximum relative error in matching lines = 1.80e-13 at line 2012 field 5
psi104
okay/psi104.out psi104.out differ: char 259, line 10
### Maximum relative error in matching lines = 1.11e-13 at line 6522 field 5
psi105
okay/psi105.out psi105.out differ: char 259, line 10
### Maximum relative error in matching lines = 6.77e-16 at line 1471 field 5
psi106
okay/psi106.out psi106.out differ: char 258, line 10
### Maximum relative error in matching lines = 6.85e-16 at line 5253 field 5
psi107
okay/psi107.out psi107.out differ: char 258, line 10
### Maximum relative error in matching lines = 6.34e-16 at line 6653 field 5
Checking tdgen ...
File differences are made with: /usr/local/bin/ndiff --relerr 5.0e-11 --minwidth 10
psi201
okay/psi201.out psi201.out differ: char 258, line 10
### Maximum relative error in matching lines = 3.94e-15 at line 5355 field 5
Checking tdgen ...
File differences are made with: /usr/local/bin/ndiff --relerr 5.0e-11 --minwidth 10
psi301
okay/psi301.out psi301.out differ: char 258, line 10
### Maximum relative error in matching lines = 4.23e-13 at line 6050 field 5
Checking tdgen ...
File differences are made with: /usr/local/bin/ndiff --relerr 5.0e-11 --minwidth 10
psi402
okay/psi402.out psi402.out differ: char 247, line 10
### Maximum relative error in matching lines = 2.32e-14 at line 7984 field 5
Checking tdgen ...
File differences are made with: /usr/local/bin/ndiff --relerr 5.0e-11 --minwidth 10
psi601
okay/psi601.out psi601.out differ: char 258, line 10
### Maximum relative error in matching lines = 3.90e-16 at line 8412 field 5
psi602
okay/psi602.out psi602.out differ: char 259, line 10
### Maximum relative error in matching lines = 4.06e-16 at line 8743 field 5
Checking tdgen ...
File differences are made with: /usr/local/bin/ndiff --relerr 5.0e-11 --minwidth 10
pln001
okay/pln001.out pln001.out differ: char 284, line 11
### Maximum relative error in matching lines = 6.00e-16 at line 15 field 5
Checking tdgen ...
File differences are made with: /usr/local/bin/ndiff --relerr 5.0e-11 --minwidth 10
pln101
okay/pln101.out pln101.out differ: char 295, line 11
### Maximum relative error in matching lines = 3.28e-15 at line 8804 field 5
Checking tdgen ...
File differences are made with: /usr/local/bin/ndiff --relerr 5.0e-11 --minwidth 10
pln201
okay/pln201.out pln201.out differ: char 295, line 11
10221c10221
< 2           1975351062.   991 0 -1.2094836757519308890394234311009634368575615257960e-308 0 0
--- field 5	relative error 1.0e+00
> 2           1975351062.   991 0  0.000000000000000000E+000 0 0
10222c10222
< 2           1225331567.   991 0 -1.9498027535662437807860941482567484970537399880040e-308 0 0
--- field 5	relative error 1.0e+00
> 2           1225331567.   991 0  0.000000000000000000E+000 0 0
10223c10223
< 2           2062737545.   991 0 -1.1582447166676458251088987835788735567033827867381e-308 0 0
--- field 5	relative error 1.0e+00
> 2           2062737545.   991 0  0.000000000000000000E+000 0 0
10224c10224
< 2           1913310493.   991 0 -1.2487021171467752621657886002577690113675418507787e-308 0 0
--- field 5	relative error 1.0e+00
> 2           1913310493.   991 0  0.000000000000000000E+000 0 0
10225c10225
< 2           1430314198.   991 0 -1.6703706547197683136014211854261212851497920338141e-308 0 0
--- field 5	relative error 1.0e+00
> 2           1430314198.   991 0  0.000000000000000000E+000 0 0
10226c10226
< 2           1944494744.   991 0 -1.2286764316233298752565973685619650891788443439020e-308 0 0
--- field 5	relative error 1.0e+00
> 2           1944494744.   991 0  0.000000000000000000E+000 0 0
10227c10227
< 2           1205468017.   991 0 -1.9819313575104500928576931581030672456403744660374e-308 0 0
--- field 5	relative error 1.0e+00
> 2           1205468017.   991 0  0.000000000000000000E+000 0 0
10228c10228
< 2           2006161681.   991 0 -1.1909084327527041078074650128326182271546208955386e-308 0 0
--- field 5	relative error 1.0e+00
> 2           2006161681.   991 0  0.000000000000000000E+000 0 0
10229c10229
< 2           1604937026.   991 0 -1.4886284163577146672511431202366515496040117543600e-308 0 0
--- field 5	relative error 1.0e+00
> 2           1604937026.   991 0  0.000000000000000000E+000 0 0
10230c10230
< 2           2048194700.   991 0 -1.1664686288702145016851323921954157747892590986157e-308 0 0
--- field 5	relative error 1.0e+00
> 2           2048194700.   991 0  0.000000000000000000E+000 0 0
10231c10231
< 2           1240862445.   992 0 -9.6269931973331674576331836462863212619016530180820e-309 0 0
--- field 5	relative error 1.0e+00
> 2           1240862445.   992 0  0.000000000000000000E+000 0 0
10232c10232
< 2           2067056394.   992 0 -5.7791235650444482508265549393931338339184037344450e-309 0 0
--- field 5	relative error 1.0e+00
> 2           2067056394.   992 0  0.000000000000000000E+000 0 0
10233c10233
< 2           1749567536.   992 0 -6.8278440649125085566706275307024557016579041699590e-309 0 0
--- field 5	relative error 1.0e+00
> 2           1749567536.   992 0  0.000000000000000000E+000 0 0
10234c10234
< 2           1673385786.   992 0 -7.1386851835259951533215342923110378153401922786250e-309 0 0
--- field 5	relative error 1.0e+00
> 2           1673385786.   992 0  0.000000000000000000E+000 0 0
10235c10235
< 2           2113210499.   992 0 -5.6529031644003779157227943397913525940222817876300e-309 0 0
--- field 5	relative error 1.0e+00
> 2           2113210499.   992 0  0.000000000000000000E+000 0 0
10236c10236
< 2           1352975839.   992 0 -8.8292591578504911136651466637645254883954882756470e-309 0 0
--- field 5	relative error 1.0e+00
> 2           1352975839.   992 0  0.000000000000000000E+000 0 0
10237c10237
< 2           1492190799.   992 0 -8.0055273929089557742763874075227157134472925493210e-309 0 0
--- field 5	relative error 1.0e+00
> 2           1492190799.   992 0  0.000000000000000000E+000 0 0
10238c10238
< 2           1324996066.   992 0 -9.0157054978314189583964743427886221143684290105340e-309 0 0
--- field 5	relative error 1.0e+00
> 2           1324996066.   992 0  0.000000000000000000E+000 0 0
10239c10239
< 2           1321165284.   992 0 -9.0418469676056078166470700061665106325173243906990e-309 0 0
--- field 5	relative error 1.0e+00
> 2           1321165284.   992 0  0.000000000000000000E+000 0 0
10240c10240
< 2           1594714563.   992 0 -7.4908542218167488140466339821497320653105307558150e-309 0 0
--- field 5	relative error 1.0e+00
> 2           1594714563.   992 0  0.000000000000000000E+000 0 0
10241c10241
< 2           1236003694.   993 0 -4.8324185335489788799422253880678368632362560372570e-309 0 0
--- field 5	relative error 1.0e+00
> 2           1236003694.   993 0  0.000000000000000000E+000 0 0
10242c10242
< 2           1310993125.   993 0 -4.5560018923978726627849959825170173074320166681110e-309 0 0
--- field 5	relative error 1.0e+00
> 2           1310993125.   993 0  0.000000000000000000E+000 0 0
10243c10243
< 2           1568523462.   993 0 -3.8079680050208906760596310966959765409931657476090e-309 0 0
--- field 5	relative error 1.0e+00
> 2           1568523462.   993 0  0.000000000000000000E+000 0 0
10244c10244
< 2           1095687422.   993 0 -5.4512692566261847856975518755498042812700876808810e-309 0 0
--- field 5	relative error 1.0e+00
> 2           1095687422.   993 0  0.000000000000000000E+000 0 0
10245c10245
< 2           1450059092.   993 0 -4.1190646583805571045904473293233417314757164784410e-309 0 0
--- field 5	relative error 1.0e+00
> 2           1450059092.   993 0  0.000000000000000000E+000 0 0
10246c10246
< 2           1220812655.   993 0 -4.8925501664467926289120693020932273064857648094900e-309 0 0
--- field 5	relative error 1.0e+00
> 2           1220812655.   993 0  0.000000000000000000E+000 0 0
10247c10247
< 2           1247964524.   993 0 -4.7861033254985386311643047044119580161634348323660e-309 0 0
--- field 5	relative error 1.0e+00
> 2           1247964524.   993 0  0.000000000000000000E+000 0 0
10248c10248
< 2           1367893469.   993 0 -4.3664856173244883191532900624094067412711546887130e-309 0 0
--- field 5	relative error 1.0e+00
> 2           1367893469.   993 0  0.000000000000000000E+000 0 0
10249c10249
< 2           1578187205.   993 0 -3.7846506038683800034588248269522815485944744158400e-309 0 0
--- field 5	relative error 1.0e+00
> 2           1578187205.   993 0  0.000000000000000000E+000 0 0
10250c10250
< 2           1767814062.   993 0 -3.3786851721629765073882374662502429429987107189210e-309 0 0
--- field 5	relative error 1.0e+00
> 2           1767814062.   993 0  0.000000000000000000E+000 0 0
### Maximum relative error in matching lines = 1.93e-15 at line 33 field 5
Checking tdgen ...
File differences are made with: /usr/local/bin/ndiff --relerr 5.0e-11 --minwidth 10
sin001
okay/sin001.out sin001.out differ: char 137, line 7
### Maximum relative error in matching lines = 8.14e-17 at line 14 field 5
Checking tdgen ...
File differences are made with: /usr/local/bin/ndiff --relerr 5.0e-11 --minwidth 10
sin101
okay/sin101.out sin101.out differ: char 147, line 7
### Maximum relative error in matching lines = 2.22e-16 at line 2262 field 5
sin102
okay/sin102.out sin102.out differ: char 147, line 7
### Maximum relative error in matching lines = 2.29e-16 at line 6555 field 5
sin103
okay/sin103.out sin103.out differ: char 147, line 7
### Maximum relative error in matching lines = 2.08e-16 at line 8361 field 5
Checking tdgen ...
File differences are made with: /usr/local/bin/ndiff --relerr 5.0e-11 --minwidth 10
sin201
okay/sin201.out sin201.out differ: char 147, line 7
### Maximum relative error in matching lines = 2.61e-16 at line 2220 field 5
Checking tdgen ...
File differences are made with: /usr/local/bin/ndiff --relerr 5.0e-11 --minwidth 10
tan001
okay/tan001.out tan001.out differ: char 137, line 7
### Maximum relative error in matching lines = 2.79e-16 at line 14 field 5
Checking tdgen ...
File differences are made with: /usr/local/bin/ndiff --relerr 5.0e-11 --minwidth 10
tan101
okay/tan101.out tan101.out differ: char 147, line 7
### Maximum relative error in matching lines = 3.74e-16 at line 6708 field 5
tan102
okay/tan102.out tan102.out differ: char 147, line 7
### Maximum relative error in matching lines = 3.50e-16 at line 5203 field 5
Checking tdgen ...
File differences are made with: /usr/local/bin/ndiff --relerr 5.0e-11 --minwidth 10
tan201
okay/tan201.out tan201.out differ: char 147, line 7
### Maximum relative error in matching lines = 3.45e-16 at line 5561 field 5
============================== Making check-dp in jacobi
(cd ../common; make lib-dp)
ar -r ../libgjl.a d2norm.o dcopy.o deps.o derbit.o dfloat.o dfpmax.o dgamma.o dinf.o diran.o dlgam.o dlog2.o dnan.o dpsi.o dpsiln.o dran.o dstore.o dstorf.o dvsum.o ffalse.o ftrue.o getnan.o idceil.o isdinf.o isdnan.o pythag.o tql1.o
ranlib ../libgjl.a || true
ar -r ../libgjl.a gjqf.o gjqfd.o gjqli.o gjqrc.o
ranlib ../libgjl.a || true
========================================================================
There should be no output from these tests, except their names. If
ndiff is available, there will also be reports of the maximum absolute
and relative errors found. If small numeric differences are reported,
then YOU must decide whether they are significant. You can do
         make check RELERR=xxx
to rerun the tests with a different relative error tolerance, where xxx
is either a suitable small positive floating-point number, or else a
value >= 1.0, meaning that multiple of the machine epsilon.
========================================================================
Checking tgjf1 ...
File differences are made with: /usr/local/bin/ndiff --relerr 1.0e-10 --minwidth 10 --abserr 0
gjf101
### Maximum relative error in matching lines = 1.14e-14 at line 15 field 4
### Maximum relative error in matching lines = 6.16e-16 at line 19 field 6
gjf102
### Maximum relative error in matching lines = 2.56e-14 at line 33 field 5
### Maximum relative error in matching lines = 3.98e-15 at line 54 field 6
gjf103
### Maximum relative error in matching lines = 2.44e-14 at line 305 field 3
### Maximum relative error in matching lines = 4.98e-18 at line 142 field 6
gjf104
### Maximum relative error in matching lines = 7.44e-14 at line 448 field 3
### Maximum relative error in matching lines = 4.34e-18 at line 67 field 6
gjf105
Checking tgjf2 ...
File differences are made with: /usr/local/bin/ndiff --relerr 1.0e-10 --minwidth 10 --abserr 0
gjf201
### Maximum relative error in matching lines = 1.14e-14 at line 15 field 4
### Maximum relative error in matching lines = 2.86e-18 at line 26 field 6
gjf202
### Maximum relative error in matching lines = 2.56e-14 at line 33 field 5
### Maximum relative error in matching lines = 4.04e-18 at line 134 field 6
gjf203
### Maximum relative error in matching lines = 7.80e-16 at line 51 field 3
### Maximum relative error in matching lines = 4.77e-18 at line 147 field 6
gjf204
### Maximum relative error in matching lines = 8.81e-16 at line 200 field 2
### Maximum relative error in matching lines = 4.92e-18 at line 231 field 6
gjf205
Checking tgjfd1 ...
File differences are made with: /usr/local/bin/ndiff --relerr 1.0e-10 --minwidth 10 --abserr 0
gjfd101
### Maximum relative error in matching lines = 5.75e-15 at line 15 field 4
### Maximum relative error in matching lines = 7.04e-16 at line 12 field 6
gjfd102
### Maximum relative error in matching lines = 1.19e-14 at line 305 field 3
### Maximum relative error in matching lines = 9.33e-15 at line 56 field 6
gjfd103
### Maximum relative error in matching lines = 2.44e-14 at line 305 field 3
### Maximum relative error in matching lines = 4.46e-18 at line 35 field 6
gjfd104
### Maximum relative error in matching lines = 7.44e-14 at line 448 field 3
### Maximum relative error in matching lines = 4.69e-18 at line 237 field 6
gjfd105
Checking tgjfd2 ...
File differences are made with: /usr/local/bin/ndiff --relerr 1.0e-10 --minwidth 10 --abserr 0
gjfd201
### Maximum relative error in matching lines = 5.75e-15 at line 15 field 4
### Maximum relative error in matching lines = 2.86e-18 at line 26 field 6
gjfd202
### Maximum relative error in matching lines = 1.14e-14 at line 22 field 4
### Maximum relative error in matching lines = 4.04e-18 at line 134 field 6
gjfd203
### Maximum relative error in matching lines = 7.80e-16 at line 51 field 3
### Maximum relative error in matching lines = 4.77e-18 at line 147 field 6
gjfd204
### Maximum relative error in matching lines = 8.81e-16 at line 200 field 2
### Maximum relative error in matching lines = 4.92e-18 at line 231 field 6
gjfd205
============================== Making check-dp in laguerre
(cd ../common; make lib-dp)
ar -r ../libgjl.a d2norm.o dcopy.o deps.o derbit.o dfloat.o dfpmax.o dgamma.o dinf.o diran.o dlgam.o dlog2.o dnan.o dpsi.o dpsiln.o dran.o dstore.o dstorf.o dvsum.o ffalse.o ftrue.o getnan.o idceil.o isdinf.o isdnan.o pythag.o tql1.o
ranlib ../libgjl.a || true
ar -r ../libgjl.a glqf.o glqfd.o glqli.o glqrc.o
ranlib ../libgjl.a || true
========================================================================
There should be no output from these tests, except their names. If
ndiff is available, there will also be reports of the maximum absolute
and relative errors found. If small numeric differences are reported,
then YOU must decide whether they are significant. You can do
         make check RELERR=xxx
to rerun the tests with a different relative error tolerance, where xxx
is either a suitable small positive floating-point number, or else a
value >= 1.0, meaning that multiple of the machine epsilon.
========================================================================
Checking tglf1 ...
File differences are made with: /usr/local/bin/ndiff --relerr 1.0e-10 --minwidth 10 --abserr 0
glf101
### Maximum relative error in matching lines = 5.03e-16 at line 296 field 3
### Maximum relative error in matching lines = 4.92e-18 at line 46 field 5
glf102
second file is short
210c210
<      i      x(i)                 w(i)                     wxm1(i)                  y(i)                     z(i)
--- field 13
>   Maximum relative error =  -2.25E-14    -101.49 ulps       6.67 bits at nquad =   75
211c211
<      1    0.017113092045433    2.709490437160216E-02   -2.663122677912873E-02    1.143300456355970E-02    6.856296531689265E-02
--- field 13
>   Minimum relative error =  -1.05E-15      -4.73 ulps       2.24 bits at nquad =   25
212c212
<      2    0.084290296851262    6.674126311420626E-02   -6.111562223408164E-02    6.601775064429627E-02    9.990791791795939E-02
--- field 9
>   Average relative error =   8.83E-15      39.77 ulps       5.31 bits
213c213
<      3    0.203111902931972    1.006749771627580E-01   -8.022669097359740E-02    1.690922733561585E-01    8.555217019626531E-02
--- field 6
> 
214c214
<      4    0.373631665797058    1.224855607916835E-01   -7.672107667699998E-02    3.222261279247144E-01    5.256177718875049E-02
--- field 6
>   Done
second file is short
### Maximum relative error in matching lines = 3.96e-18 at line 23 field 3
glf103
second file is short
210c210
<      i      x(i)                 w(i)                     wxm1(i)                  y(i)                     z(i)
--- field 13
>   Maximum relative error =  -1.62E-14     -72.87 ulps       6.19 bits at nquad =   75
211c211
<      1    0.015333225386768    3.693701751459282E-02   -3.637065389992657E-02    1.004231956739962E-02    9.921350196419128E-02
--- field 13
>   Minimum relative error =  -3.87E-16      -1.74 ulps       0.80 bits at nquad =   25
212c212
<      2    0.080221342764426    8.162821393681097E-02   -7.507988900733814E-02    6.244040759093441E-02    1.279081218428540E-01
--- field 9
>   Average relative error =   5.07E-15      22.83 ulps       4.51 bits
213c213
<      3    0.196772782828545    1.150814080883090E-01   -9.243651916694501E-02    1.631599399100389E-01    1.021364686113049E-01
--- field 6
> 
214c214
<      4    0.365044576121769    1.334191330833105E-01   -8.471520220037948E-02    3.136982377252734E-01    6.008979212202223E-02
--- field 6
>   Done
### Maximum relative error in matching lines = 3.85e-18 at line 20 field 5
second file is short
glf104
second file is short
210c210
<      i      x(i)                 w(i)                     wxm1(i)                  y(i)                     z(i)
--- field 13
>   Maximum relative error =  -2.71E-14    -122.14 ulps       6.93 bits at nquad =   75
211c211
<      1    0.015139361103438    3.826922334666279E-02   -3.768985175526954E-02    9.891985059500490E-03    1.035020742304234E-01
--- field 13
>   Minimum relative error =  -1.20E-16      -0.54 ulps       0.88 bits at nquad =   50
212c212
<      2    0.079772891014976    8.351723730301007E-02   -7.685482583376513E-02    6.204790807889851E-02    1.315454961060182E-01
--- field 9
>   Average relative error =   3.21E-15      14.46 ulps       3.85 bits
213c213
<      3    0.196071936195710    1.168431542941742E-01   -9.393349080050135E-02    1.625072871681491E-01    1.042060012027679E-01
--- field 6
> 
214c214
<      4    0.364093820384967    1.347258517107317E-01   -8.567300165675287E-02    3.127605177653333E-01    6.100579962784654E-02
--- field 6
>   Done
second file is short
### Maximum relative error in matching lines = 1.96e-18 at line 20 field 5
glf105
### Maximum relative error in matching lines = 5.03e-16 at line 327 field 3
### Maximum relative error in matching lines = 4.92e-18 at line 26 field 5
glf106
### Maximum relative error in matching lines = 5.03e-16 at line 205 field 3
### Maximum relative error in matching lines = 3.02e-18 at line 56 field 5
glf107
### Maximum relative error in matching lines = 5.03e-16 at line 41 field 3
### Maximum relative error in matching lines = 3.91e-18 at line 48 field 5
glf108
### Maximum relative error in matching lines = 2.93e-18 at line 37 field 5
glf109
### Maximum relative error in matching lines = 3.93e-18 at line 15 field 5
Checking tglf2 ...
File differences are made with: /usr/local/bin/ndiff --relerr 1.0e-10 --minwidth 10 --abserr 0
glf201
second file is short
101c101
<      94 -5.7721566490154652E-01 -5.7721566490153287E-01  -2.37E-14     -106.55      6.74
--- field 6
> 
102c102
<      95 -5.7721566490148168E-01 -5.7721566490153287E-01   8.87E-14      399.33      8.64
--- field 13
>   Maximum relative error =  -5.92E-14    -266.80 ulps       8.06 bits at nquad =   86
103c103
< 
--- field 13
>   Minimum relative error =   0.00E+00       0.00 ulps       0.00 bits at nquad =    1
104c104
<   Maximum relative error =   8.87E-14     399.33 ulps       8.64 bits at nquad =   95
--- field 13
>   Average relative error =   1.12E-14      50.54 ulps       5.66 bits
105c105
<   Minimum relative error =   0.00E+00       0.00 ulps       0.00 bits at nquad =    1
--- field 13
> 
106c106
<   Average relative error =   1.22E-14      54.80 ulps       5.78 bits
--- field 9
>   Done
second file is short
### Maximum relative error in matching lines = 8.66e-19 at line 100 field 4
glf202
Checking tglf3 ...
File differences are made with: /usr/local/bin/ndiff --relerr 1.0e-10 --minwidth 10 --abserr 0
glf301
### Maximum relative error in matching lines = 6.02e-14 at line 881 field 2
### Maximum relative error in matching lines = 6.02e-14 at line 790 field 5
glf302
Checking tglf4 ...
File differences are made with: /usr/local/bin/ndiff --relerr 1.0e-10 --minwidth 10 --abserr 0
glf401
101c101
<       94    0.1000    0.0100   4.184687736045888E-02   4.184687736045890E-02   6.63E-16        2.99      1.58
--- field 8
> 
102c102
<       95    0.1000    0.0100   4.184687736045903E-02   4.184687736045890E-02  -2.98E-15      -13.44      3.75
--- field 19
>   Maximum relative error =   2.37E+00   1.07E+16 ulps      53.24 bits at nquad =    1 sigma =    0.1000 alpha =    0.0100
103c103
< 
--- field 19
>   Minimum relative error =   1.66E-16   7.47E-01 ulps       0.42 bits at nquad =   26 sigma =    0.1000 alpha =    0.0100
104c104
<   Maximum relative error =   2.37E+00   1.07E+16 ulps      53.24 bits at nquad =    1 sigma =    0.1000 alpha =    0.0100
--- field 19
>   Average relative error =   2.56E-02   1.15E+14 ulps      46.71 bits
105c105
<   Minimum relative error =   0.00E+00   0.00E+00 ulps       0.00 bits at nquad =   34 sigma =    0.1000 alpha =    0.0100
--- field 19
> 
106c106
<   Average relative error =   2.51E-02   1.13E+14 ulps      46.68 bits
--- field 9
>   Done
### Maximum relative error in matching lines = 4.77e-16 at line 8 field 5
second file is short
second file is short
### Maximum relative error in matching lines = 1.66e-16 at line 10 field 5
glf402
102c102
<       95    1.0000    1.0000   3.810537240924863E-02   3.810537240924730E-02  -3.50E-14     -157.46      7.30
--- field 8
> 
103c103
< 
--- field 19
>   Maximum relative error =  -3.13E+01  -1.41E+17 ulps      56.97 bits at nquad =    1 sigma =    1.0000 alpha =    1.0000
104c104
<   Maximum relative error =  -3.13E+01  -1.41E+17 ulps      56.97 bits at nquad =    1 sigma =    1.0000 alpha =    1.0000
--- field 1
>   Minimum relative error =   7.28E-16   3.28E+00 ulps       1.71 bits at nquad =   31 sigma =    1.0000 alpha =    1.0000
105c105
<   Minimum relative error =   5.46E-16   2.46E+00 ulps       1.30 bits at nquad =   31 sigma =    1.0000 alpha =    1.0000
--- field 19
>   Average relative error =   6.88E-01   3.10E+15 ulps      51.46 bits
106c106
<   Average relative error =   6.81E-01   3.07E+15 ulps      51.45 bits
--- field 9
> 
107c107
< 
--- field 1
>   Done
### Maximum relative error in matching lines = 2.86e-15 at line 16 field 4
### Maximum relative error in matching lines = 2.88e-15 at line 15 field 5
glf403
second file is short
100c100
<       93    0.0100   -0.5000   3.227730153071600E-04   3.227730153071535E-04  -2.00E-14      -90.01      6.49
--- field 8
> 
101c101
<       94    0.0100   -0.5000   3.227730153071098E-04   3.227730153071535E-04   1.36E-13      610.40      9.25
--- field 19
>   Maximum relative error =   2.75E+01   1.24E+17 ulps      56.78 bits at nquad =    1 sigma =    0.0100 alpha =   -0.5000
102c102
< 
--- field 19
>   Minimum relative error =   3.36E-16   1.51E+00 ulps       0.60 bits at nquad =   25 sigma =    0.0100 alpha =   -0.5000
103c103
<   Maximum relative error =   2.75E+01   1.24E+17 ulps      56.78 bits at nquad =    1 sigma =    0.0100 alpha =   -0.5000
--- field 19
>   Average relative error =   2.98E-01   1.34E+15 ulps      50.26 bits
104c104
<   Minimum relative error =   3.36E-16   1.51E+00 ulps       0.60 bits at nquad =   25 sigma =    0.0100 alpha =   -0.5000
--- field 19
> 
105c105
<   Average relative error =   2.92E-01   1.32E+15 ulps      50.22 bits
--- field 9
>   Done
### Maximum relative error in matching lines = 1.23e-15 at line 39 field 4
second file is short
### Maximum relative error in matching lines = 1.34e-15 at line 38 field 5
glf404
second file is short
101c101
<       94    0.1000    0.5000   9.082339788011426E-02   9.082339788011372E-02  -5.96E-15      -26.84      4.75
--- field 8
> 
102c102
<       95    0.1000    0.5000   9.082339788011352E-02   9.082339788011372E-02   2.14E-15        9.63      3.27
--- field 19
>   Maximum relative error =   1.42E+00   6.41E+15 ulps      52.51 bits at nquad =    1 sigma =    0.1000 alpha =    0.5000
103c103
< 
--- field 19
>   Minimum relative error =   0.00E+00   0.00E+00 ulps       0.00 bits at nquad =   80 sigma =    0.1000 alpha =    0.5000
104c104
<   Maximum relative error =   1.42E+00   6.41E+15 ulps      52.51 bits at nquad =    1 sigma =    0.1000 alpha =    0.5000
--- field 19
>   Average relative error =   1.54E-02   6.95E+13 ulps      45.98 bits
105c105
<   Minimum relative error =   0.00E+00   0.00E+00 ulps       0.00 bits at nquad =   36 sigma =    0.1000 alpha =    0.5000
--- field 19
> 
106c106
<   Average relative error =   1.51E-02   6.81E+13 ulps      45.95 bits
--- field 9
>   Done
### Maximum relative error in matching lines = 2.20e-16 at line 60 field 4
second file is short
### Maximum relative error in matching lines = 1.53e-16 at line 17 field 5
glf405
102c102
<       95    2.0000    1.0000  -1.939673855142702E-01  -1.939673855142641E-01  -3.13E-14     -141.13      7.14
--- field 8
> 
103c103
< 
--- field 19
>   Maximum relative error =  -7.38E+00  -3.32E+16 ulps      54.88 bits at nquad =    4 sigma =    2.0000 alpha =    1.0000
104c104
<   Maximum relative error =  -7.38E+00  -3.32E+16 ulps      54.88 bits at nquad =    4 sigma =    2.0000 alpha =    1.0000
--- field 1
>   Minimum relative error =   4.29E-16   1.93E+00 ulps       0.95 bits at nquad =   68 sigma =    2.0000 alpha =    1.0000
105c105
<   Minimum relative error =   7.15E-16   3.22E+00 ulps       1.69 bits at nquad =   68 sigma =    2.0000 alpha =    1.0000
--- field 19
>   Average relative error =   3.14E-01   1.42E+15 ulps      50.33 bits
106c106
<   Average relative error =   3.11E-01   1.40E+15 ulps      50.31 bits
--- field 9
> 
107c107
< 
--- field 1
>   Done
### Maximum relative error in matching lines = 2.82e-15 at line 14 field 4
### Maximum relative error in matching lines = 2.79e-15 at line 13 field 5
glf406
second file is short
101c101
<       94    3.0000    0.2000  -3.106233157374154E-01  -3.106233157378156E-01   1.29E-12     5802.04     12.50
--- field 8
> 
102c102
<       95    3.0000    0.2000  -3.106233157383145E-01  -3.106233157378156E-01  -1.61E-12    -7233.04     12.82
--- field 19
>   Maximum relative error =   2.17E+00   9.79E+15 ulps      53.12 bits at nquad =    1 sigma =    3.0000 alpha =    0.2000
103c103
< 
--- field 19
>   Minimum relative error =   7.54E-14   3.40E+02 ulps       8.41 bits at nquad =   89 sigma =    3.0000 alpha =    0.2000
104c104
<   Maximum relative error =   2.17E+00   9.79E+15 ulps      53.12 bits at nquad =    1 sigma =    3.0000 alpha =    0.2000
--- field 19
>   Average relative error =   1.82E-01   8.20E+14 ulps      49.54 bits
105c105
<   Minimum relative error =   7.51E-14   3.38E+02 ulps       8.40 bits at nquad =   89 sigma =    3.0000 alpha =    0.2000
--- field 19
> 
106c106
<   Average relative error =   1.78E-01   8.02E+14 ulps      49.51 bits
--- field 9
>   Done
### Maximum relative error in matching lines = 3.22e-16 at line 37 field 4
second file is short
### Maximum relative error in matching lines = 3.18e-16 at line 18 field 5
glf407
second file is short
101c101
<       94    4.0000    0.1000  -3.364456752391388E-01  -3.364454498327976E-01  -6.70E-07   -3.02E+09     31.49
--- field 8
> 
102c102
<       95    4.0000    0.1000  -3.364456340981893E-01  -3.364454498327976E-01  -5.48E-07   -2.47E+09     31.20
--- field 19
>   Maximum relative error =   2.06E+00   9.29E+15 ulps      53.05 bits at nquad =    1 sigma =    4.0000 alpha =    0.1000
103c103
< 
--- field 19
>   Minimum relative error =   1.00E-07   4.50E+08 ulps      28.75 bits at nquad =   86 sigma =    4.0000 alpha =    0.1000
104c104
<   Maximum relative error =   2.06E+00   9.29E+15 ulps      53.05 bits at nquad =    1 sigma =    4.0000 alpha =    0.1000
--- field 19
>   Average relative error =   1.93E-01   8.70E+14 ulps      49.63 bits
105c105
<   Minimum relative error =   1.00E-07   4.50E+08 ulps      28.75 bits at nquad =   86 sigma =    4.0000 alpha =    0.1000
--- field 19
> 
106c106
<   Average relative error =   1.89E-01   8.51E+14 ulps      49.60 bits
--- field 9
>   Done
### Maximum relative error in matching lines = 9.65e-16 at line 23 field 4
### Maximum relative error in matching lines = 1.11e-15 at line 22 field 5
second file is short
glf408
second file is short
101c101
<       94    5.0000    0.0100  -3.648611929658755E-01  -3.649564187335881E-01   2.61E-04    1.18E+12     40.10
--- field 8
> 
102c102
<       95    5.0000    0.0100  -3.648661055033515E-01  -3.649564187335881E-01   2.47E-04    1.11E+12     40.02
--- field 19
>   Maximum relative error =   2.39E+00   1.08E+16 ulps      53.26 bits at nquad =    1 sigma =    5.0000 alpha =    0.0100
103c103
< 
--- field 19
>   Minimum relative error =   1.10E-04   4.95E+11 ulps      38.85 bits at nquad =   93 sigma =    5.0000 alpha =    0.0100
104c104
<   Maximum relative error =   2.39E+00   1.08E+16 ulps      53.26 bits at nquad =    1 sigma =    5.0000 alpha =    0.0100
--- field 19
>   Average relative error =   2.49E-01   1.12E+15 ulps      49.99 bits
105c105
<   Minimum relative error =   1.10E-04   4.95E+11 ulps      38.85 bits at nquad =   93 sigma =    5.0000 alpha =    0.0100
--- field 19
> 
106c106
<   Average relative error =   2.44E-01   1.10E+15 ulps      49.96 bits
--- field 9
>   Done
### Maximum relative error in matching lines = 1.56e-15 at line 27 field 4
second file is short
### Maximum relative error in matching lines = 1.44e-15 at line 26 field 5
glf409
second file is short
101c101
<       94    6.0000    0.0001  -3.462332656635709E-01  -3.483206067119752E-01   5.99E-03    2.70E+13     44.62
--- field 8
> 
102c102
<       95    6.0000    0.0001  -3.481172672674447E-01  -3.483206067119752E-01   5.84E-04    2.63E+12     41.26
--- field 19
>   Maximum relative error =   1.46E+00   6.58E+15 ulps      52.55 bits at nquad =    1 sigma =    6.0000 alpha =    0.0001
103c103
< 
--- field 19
>   Minimum relative error =  -1.74E-03  -7.82E+12 ulps      42.83 bits at nquad =   90 sigma =    6.0000 alpha =    0.0001
104c104
<   Maximum relative error =   1.46E+00   6.58E+15 ulps      52.55 bits at nquad =    1 sigma =    6.0000 alpha =    0.0001
--- field 19
>   Average relative error =   3.04E-01   1.37E+15 ulps      50.28 bits
105c105
<   Minimum relative error =   5.84E-04   2.63E+12 ulps      41.26 bits at nquad =   95 sigma =    6.0000 alpha =    0.0001
--- field 19
> 
106c106
<   Average relative error =   2.97E-01   1.34E+15 ulps      50.25 bits
--- field 9
>   Done
### Maximum relative error in matching lines = 1.16e-15 at line 32 field 4
second file is short
### Maximum relative error in matching lines = 1.15e-15 at line 31 field 5
glf410
### Maximum relative error in matching lines = 7.22e-16 at line 9 field 5
### Maximum relative error in matching lines = 3.64e-16 at line 7 field 5
Checking tglf5 ...
File differences are made with: /usr/local/bin/ndiff --relerr 1.0e-10 --minwidth 10 --abserr 0
glf501
### Maximum relative error in matching lines = 3.99e-18 at line 13 field 5
glf502
210c210
<      i      x(i)                  w(i)                      wxm1(i)                   y(i)                      z(i)
--- field 13
>   Maximum relative error =  -3.85E-15     -17.34 ulps       4.12 bits at nquad =   75
211c211
<      1    0.017113092045433     2.709490437160216E-02    -2.663122677912873E-02     1.143300456355970E-02     6.856296531689265E-02
--- field 13
>   Minimum relative error =   2.12E-16       0.96 ulps       0.07 bits at nquad =   75
212c212
<      2    0.084290296851262     6.674126311420626E-02    -6.111562223408164E-02     6.601775064429627E-02     9.990791791795939E-02
--- field 9
>   Average relative error =   1.50E-15       6.75 ulps       2.76 bits
213c213
<      3    0.203111902931972     1.006749771627580E-01    -8.022669097359740E-02     1.690922733561585E-01     8.555217019626531E-02
--- field 6
> 
214c214
<      4    0.373631665797058     1.224855607916835E-01    -7.672107667699998E-02     3.222261279247144E-01     5.256177718875049E-02
--- field 6
>   Done
second file is short
### Maximum relative error in matching lines = 4.77e-18 at line 25 field 5
second file is short
glf503
210c210
<      i      x(i)                  w(i)                      wxm1(i)                   y(i)                      z(i)
--- field 13
>   Maximum relative error =   3.09E-15      13.91 ulps       3.80 bits at nquad =   75
211c211
<      1    0.015333225386768     3.693701751459282E-02    -3.637065389992657E-02     1.004231956739962E-02     9.921350196419128E-02
--- field 13
>   Minimum relative error =   0.00E+00       0.00 ulps       0.00 bits at nquad =   25
212c212
<      2    0.080221342764426     8.162821393681097E-02    -7.507988900733814E-02     6.244040759093441E-02     1.279081218428540E-01
--- field 9
>   Average relative error =   7.97E-16       3.59 ulps       1.84 bits
213c213
<      3    0.196772782828545     1.150814080883090E-01    -9.243651916694501E-02     1.631599399100389E-01     1.021364686113049E-01
--- field 6
> 
214c214
<      4    0.365044576121769     1.334191330833105E-01    -8.471520220037948E-02     3.136982377252734E-01     6.008979212202223E-02
--- field 6
>   Done
second file is short
### Maximum relative error in matching lines = 3.98e-18 at line 8 field 5
second file is short
glf504
second file is short
210c210
<      i      x(i)                  w(i)                      wxm1(i)                   y(i)                      z(i)
--- field 13
>   Maximum relative error =   2.22E-15      10.00 ulps       3.32 bits at nquad =   50
211c211
<      1    0.015139361103438     3.826922334666279E-02    -3.768985175526954E-02     9.891985059500490E-03     1.035020742304234E-01
--- field 13
>   Minimum relative error =   0.00E+00       0.00 ulps       0.00 bits at nquad =   50
212c212
<      2    0.079772891014976     8.351723730301007E-02    -7.685482583376513E-02     6.204790807889851E-02     1.315454961060182E-01
--- field 9
>   Average relative error =   5.92E-16       2.67 ulps       1.42 bits
213c213
<      3    0.196071936195710     1.168431542941742E-01    -9.393349080050135E-02     1.625072871681491E-01     1.042060012027679E-01
--- field 6
> 
214c214
<      4    0.364093820384967     1.347258517107317E-01    -8.567300165675287E-02     3.127605177653333E-01     6.100579962784654E-02
--- field 6
>   Done
### Maximum relative error in matching lines = 3.33e-18 at line 18 field 5
second file is short
glf505
### Maximum relative error in matching lines = 3.82e-18 at line 23 field 5
glf506
### Maximum relative error in matching lines = 3.67e-18 at line 57 field 5
glf507
### Maximum relative error in matching lines = 3.37e-16 at line 219 field 4
### Maximum relative error in matching lines = 3.67e-18 at line 31 field 5
glf508
### Maximum relative error in matching lines = 3.34e-18 at line 18 field 5
glf509
Checking tglf6 ...
File differences are made with: /usr/local/bin/ndiff --relerr 1.0e-10 --minwidth 10 --abserr 0
glf601
second file is short
101c101
<       94    0.1000    0.0100   9.942432735709811E-02   9.942432735709816E-02   5.58E-16        2.51      1.33
--- field 8
> 
102c102
<       95    0.1000    0.0100   9.942432735709822E-02   9.942432735709816E-02  -5.58E-16       -2.51      1.33
--- field 19
>   Maximum relative error =  -8.37E-03  -3.77E+13 ulps      45.10 bits at nquad =    1 sigma =    0.1000 alpha =    0.0100
103c103
< 
--- field 19
>   Minimum relative error =   0.00E+00   0.00E+00 ulps       0.00 bits at nquad =   24 sigma =    0.1000 alpha =    0.0100
104c104
<   Maximum relative error =  -8.37E-03  -3.77E+13 ulps      45.10 bits at nquad =    1 sigma =    0.1000 alpha =    0.0100
--- field 19
>   Average relative error =   9.04E-05   4.07E+11 ulps      38.57 bits
105c105
<   Minimum relative error =   0.00E+00   0.00E+00 ulps       0.00 bits at nquad =   24 sigma =    0.1000 alpha =    0.0100
--- field 19
> 
106c106
<   Average relative error =   8.85E-05   3.99E+11 ulps      38.54 bits
--- field 9
>   Done
second file is short
### Maximum relative error in matching lines = 3.99e-18 at line 7 field 2
glf602
102c102
<       95    1.0000    1.0000   4.999999999999992E-01   5.000000000000000E-01   1.67E-15        7.50      2.91
--- field 8
> 
103c103
< 
--- field 19
>   Maximum relative error =  -8.19E-01  -3.69E+15 ulps      51.71 bits at nquad =    1 sigma =    1.0000 alpha =    1.0000
104c104
<   Maximum relative error =  -8.19E-01  -3.69E+15 ulps      51.71 bits at nquad =    1 sigma =    1.0000 alpha =    1.0000
--- field 1
>   Minimum relative error =   0.00E+00   0.00E+00 ulps       0.00 bits at nquad =   61 sigma =    1.0000 alpha =    1.0000
105c105
<   Minimum relative error =   0.00E+00   0.00E+00 ulps       0.00 bits at nquad =   61 sigma =    1.0000 alpha =    1.0000
--- field 19
>   Average relative error =   1.16E-02   5.20E+13 ulps      45.56 bits
106c106
<   Average relative error =   1.14E-02   5.15E+13 ulps      45.55 bits
--- field 9
> 
107c107
< 
--- field 1
>   Done
### Maximum relative error in matching lines = 2.32e-16 at line 10 field 4
### Maximum relative error in matching lines = 2.22e-16 at line 73 field 5
glf603
100c100
<       93    0.0100   -0.5000   8.861715406314389E-03   8.861715406314441E-03   5.87E-15       26.45      4.73
--- field 8
> 
101c101
<       94    0.0100   -0.5000   8.861715406314467E-03   8.861715406314441E-03  -2.94E-15      -13.22      3.73
--- field 19
>   Maximum relative error =  -5.83E-05  -2.63E+11 ulps      37.93 bits at nquad =    1 sigma =    0.0100 alpha =   -0.5000
102c102
< 
--- field 19
>   Minimum relative error =   0.00E+00   0.00E+00 ulps       0.00 bits at nquad =    6 sigma =    0.0100 alpha =   -0.5000
103c103
<   Maximum relative error =  -5.83E-05  -2.63E+11 ulps      37.93 bits at nquad =    1 sigma =    0.0100 alpha =   -0.5000
--- field 19
>   Average relative error =   6.34E-07   2.86E+09 ulps      31.41 bits
104c104
<   Minimum relative error =   0.00E+00   0.00E+00 ulps       0.00 bits at nquad =    6 sigma =    0.0100 alpha =   -0.5000
--- field 19
> 
105c105
<   Average relative error =   6.21E-07   2.79E+09 ulps      31.38 bits
--- field 9
>   Done
second file is short
second file is short
### Maximum relative error in matching lines = 9.99e-19 at line 7 field 2
glf604
second file is short
101c101
<       94    0.1000    0.5000   1.310191324869379E-01   1.310191324869378E-01  -8.47E-16       -3.82      1.93
--- field 8
> 
102c102
<       95    0.1000    0.5000   1.310191324869378E-01   1.310191324869378E-01  -2.12E-16       -0.95      0.07
--- field 19
>   Maximum relative error =  -1.08E-02  -4.87E+13 ulps      45.47 bits at nquad =    1 sigma =    0.1000 alpha =    0.5000
103c103
< 
--- field 19
>   Minimum relative error =   0.00E+00   0.00E+00 ulps       0.00 bits at nquad =   17 sigma =    0.1000 alpha =    0.5000
104c104
<   Maximum relative error =  -1.08E-02  -4.87E+13 ulps      45.47 bits at nquad =    1 sigma =    0.1000 alpha =    0.5000
--- field 19
>   Average relative error =   1.17E-04   5.27E+11 ulps      38.94 bits
105c105
<   Minimum relative error =   0.00E+00   0.00E+00 ulps       0.00 bits at nquad =   17 sigma =    0.1000 alpha =    0.5000
--- field 19
> 
106c106
<   Average relative error =   1.15E-04   5.16E+11 ulps      38.91 bits
--- field 9
>   Done
### Maximum relative error in matching lines = 7.63e-16 at line 94 field 4
### Maximum relative error in matching lines = 2.13e-16 at line 65 field 5
second file is short
glf605
102c102
<       95    2.0000    1.0000   1.599999999999977E-01   1.600000000000000E-01   1.44E-14       64.84      6.02
--- field 8
> 
103c103
< 
--- field 19
>   Maximum relative error =   5.73E+00   2.58E+16 ulps      54.52 bits at nquad =    1 sigma =    2.0000 alpha =    1.0000
104c104
<   Maximum relative error =   5.73E+00   2.58E+16 ulps      54.52 bits at nquad =    1 sigma =    2.0000 alpha =    1.0000
--- field 1
>   Minimum relative error =   1.73E-16   7.81E-01 ulps       0.36 bits at nquad =   91 sigma =    2.0000 alpha =    1.0000
105c105
<   Minimum relative error =   3.47E-16   1.56E+00 ulps       0.64 bits at nquad =   91 sigma =    2.0000 alpha =    1.0000
--- field 19
>   Average relative error =   1.66E-01   7.46E+14 ulps      49.41 bits
106c106
<   Average relative error =   1.64E-01   7.38E+14 ulps      49.39 bits
--- field 9
> 
107c107
< 
--- field 1
>   Done
### Maximum relative error in matching lines = 1.15e-15 at line 12 field 4
### Maximum relative error in matching lines = 1.16e-15 at line 11 field 5
glf606
101c101
<       94    3.0000    0.2000   2.300369884589170E-01   2.300369884588960E-01  -9.12E-14     -410.80      8.68
--- field 8
> 
102c102
<       95    3.0000    0.2000   2.300369884588971E-01   2.300369884588960E-01  -5.07E-15      -22.82      4.51
--- field 19
>   Maximum relative error =  -2.90E+00  -1.31E+16 ulps      53.54 bits at nquad =    3 sigma =    3.0000 alpha =    0.2000
103c103
< 
--- field 19
>   Minimum relative error =   4.62E-14   2.08E+02 ulps       7.70 bits at nquad =   92 sigma =    3.0000 alpha =    0.2000
104c104
<   Maximum relative error =  -2.90E+00  -1.31E+16 ulps      53.54 bits at nquad =    3 sigma =    3.0000 alpha =    0.2000
--- field 19
>   Average relative error =   1.31E-01   5.90E+14 ulps      49.07 bits
105c105
<   Minimum relative error =  -5.07E-15  -2.28E+01 ulps       4.51 bits at nquad =   95 sigma =    3.0000 alpha =    0.2000
--- field 19
> 
106c106
<   Average relative error =   1.28E-01   5.77E+14 ulps      49.04 bits
--- field 9
>   Done
### Maximum relative error in matching lines = 6.35e-16 at line 18 field 4
second file is short
### Maximum relative error in matching lines = 3.60e-16 at line 77 field 5
second file is short
glf607
101c101
<       94    4.0000    0.1000   1.989961749346396E-01   1.989961788522033E-01   1.97E-08    8.87E+07     26.40
--- field 8
> 
102c102
<       95    4.0000    0.1000   1.989961729996332E-01   1.989961788522033E-01   2.94E-08    1.32E+08     26.98
--- field 19
>   Maximum relative error =   5.55E+00   2.50E+16 ulps      54.47 bits at nquad =    1 sigma =    4.0000 alpha =    0.1000
103c103
< 
--- field 19
>   Minimum relative error =   3.81E-11   1.72E+05 ulps      17.39 bits at nquad =   90 sigma =    4.0000 alpha =    0.1000
104c104
<   Maximum relative error =   5.55E+00   2.50E+16 ulps      54.47 bits at nquad =    1 sigma =    4.0000 alpha =    0.1000
--- field 19
>   Average relative error =   2.59E-01   1.17E+15 ulps      50.05 bits
105c105
<   Minimum relative error =   3.81E-11   1.72E+05 ulps      17.39 bits at nquad =   90 sigma =    4.0000 alpha =    0.1000
--- field 19
> 
106c106
<   Average relative error =   2.53E-01   1.14E+15 ulps      50.02 bits
--- field 9
>   Done
### Maximum relative error in matching lines = 6.62e-16 at line 22 field 4
second file is short
second file is short
### Maximum relative error in matching lines = 5.02e-16 at line 27 field 5
glf608
second file is short
101c101
<       94    5.0000    0.0100   1.886288163072219E-01   1.886257242146040E-01  -1.64E-05   -7.38E+10     36.10
--- field 8
> 
102c102
<       95    5.0000    0.0100   1.886298614661443E-01   1.886257242146040E-01  -2.19E-05   -9.88E+10     36.52
--- field 19
>   Maximum relative error =   5.97E+00   2.69E+16 ulps      54.58 bits at nquad =    1 sigma =    5.0000 alpha =    0.0100
103c103
< 
--- field 19
>   Minimum relative error =   1.81E-06   8.14E+09 ulps      32.92 bits at nquad =   93 sigma =    5.0000 alpha =    0.0100
104c104
<   Maximum relative error =   5.97E+00   2.69E+16 ulps      54.58 bits at nquad =    1 sigma =    5.0000 alpha =    0.0100
--- field 19
>   Average relative error =   3.49E-01   1.57E+15 ulps      50.48 bits
105c105
<   Minimum relative error =   1.81E-06   8.14E+09 ulps      32.92 bits at nquad =   93 sigma =    5.0000 alpha =    0.0100
--- field 19
> 
106c106
<   Average relative error =   3.41E-01   1.54E+15 ulps      50.45 bits
--- field 9
>   Done
### Maximum relative error in matching lines = 5.43e-15 at line 23 field 4
second file is short
### Maximum relative error in matching lines = 5.41e-15 at line 22 field 5
glf609
second file is short
101c101
<       94    6.0000    0.0001   1.623059964360375E-01   1.621273266723818E-01  -1.10E-03   -4.96E+12     42.17
--- field 8
> 
102c102
<       95    6.0000    0.0001   1.621944075411952E-01   1.621273266723818E-01  -4.14E-04   -1.86E+12     40.76
--- field 19
>   Maximum relative error =  -4.37E+00  -1.97E+16 ulps      54.13 bits at nquad =    5 sigma =    6.0000 alpha =    0.0001
103c103
< 
--- field 19
>   Minimum relative error =  -1.40E-04  -6.30E+11 ulps      39.20 bits at nquad =   76 sigma =    6.0000 alpha =    0.0001
104c104
<   Maximum relative error =  -4.37E+00  -1.97E+16 ulps      54.13 bits at nquad =    5 sigma =    6.0000 alpha =    0.0001
--- field 19
>   Average relative error =   5.03E-01   2.27E+15 ulps      51.01 bits
105c105
<   Minimum relative error =  -1.40E-04  -6.30E+11 ulps      39.20 bits at nquad =   76 sigma =    6.0000 alpha =    0.0001
--- field 19
> 
106c106
<   Average relative error =   4.92E-01   2.22E+15 ulps      50.98 bits
--- field 9
>   Done
### Maximum relative error in matching lines = 4.39e-15 at line 28 field 4
second file is short
### Maximum relative error in matching lines = 4.51e-15 at line 27 field 5
glf610
### Maximum relative error in matching lines = 4.39e-19 at line 8 field 5
Checking tglfd1 ...
File differences are made with: /usr/local/bin/ndiff --relerr 1.0e-10 --minwidth 10 --abserr 0
glfd101
### Maximum relative error in matching lines = 3.93e-18 at line 30 field 5
glfd102
### Maximum relative error in matching lines = 7.36e-16 at line 325 field 2
### Maximum relative error in matching lines = 4.61e-18 at line 50 field 5
glfd103
### Maximum relative error in matching lines = 4.82e-18 at line 20 field 5
glfd104
### Maximum relative error in matching lines = 4.91e-18 at line 57 field 5
glfd105
### Maximum relative error in matching lines = 5.03e-16 at line 332 field 3
### Maximum relative error in matching lines = 4.92e-18 at line 42 field 5
glfd106
### Maximum relative error in matching lines = 9.82e-16 at line 106 field 2
### Maximum relative error in matching lines = 4.91e-18 at line 31 field 5
glfd107
### Maximum relative error in matching lines = 7.60e-16 at line 23 field 5
### Maximum relative error in matching lines = 3.91e-18 at line 32 field 5
glfd108
### Maximum relative error in matching lines = 2.03e-16 at line 90 field 4
### Maximum relative error in matching lines = 4.95e-18 at line 44 field 5
glfd109
### Maximum relative error in matching lines = 2.22e-18 at line 14 field 5
Checking tglfd2 ...
File differences are made with: /usr/local/bin/ndiff --relerr 1.0e-10 --minwidth 10 --abserr 0
glfd201
### Maximum relative error in matching lines = 8.66e-19 at line 93 field 4
glfd202
Checking tglfd3 ...
File differences are made with: /usr/local/bin/ndiff --relerr 1.0e-10 --minwidth 10 --abserr 0
glfd301
### Maximum relative error in matching lines = 2.90e-15 at line 908 field 2
### Maximum relative error in matching lines = 2.89e-15 at line 817 field 5
glfd302
Checking tglfd4 ...
File differences are made with: /usr/local/bin/ndiff --relerr 1.0e-10 --minwidth 10 --abserr 0
glfd401
105c105
<   Minimum relative error =   0.00E+00   0.00E+00 ulps       0.00 bits at nquad =   13 sigma =    0.1000 alpha =    0.0100
--- field 13	relative error 5.23e+00
>   Minimum relative error =   0.00E+00   0.00E+00 ulps       0.00 bits at nquad =   81 sigma =    0.1000 alpha =    0.0100
### Maximum relative error in matching lines = 4.77e-16 at line 8 field 5
### Maximum relative error in matching lines = 3.24e-16 at line 7 field 5
glfd402
### Maximum relative error in matching lines = 1.57e-15 at line 18 field 4
### Maximum relative error in matching lines = 1.45e-15 at line 17 field 5
glfd403
### Maximum relative error in matching lines = 1.69e-16 at line 42 field 5
glfd404
### Maximum relative error in matching lines = 2.20e-16 at line 98 field 4
### Maximum relative error in matching lines = 1.53e-16 at line 29 field 5
glfd405
### Maximum relative error in matching lines = 5.24e-16 at line 22 field 4
### Maximum relative error in matching lines = 2.91e-16 at line 21 field 5
glfd406
### Maximum relative error in matching lines = 2.62e-14 at line 16 field 4
### Maximum relative error in matching lines = 2.63e-14 at line 15 field 5
glfd407
### Maximum relative error in matching lines = 6.02e-16 at line 18 field 4
### Maximum relative error in matching lines = 5.57e-16 at line 17 field 5
glfd408
### Maximum relative error in matching lines = 9.53e-16 at line 29 field 4
### Maximum relative error in matching lines = 5.30e-16 at line 28 field 5
glfd409
### Maximum relative error in matching lines = 2.08e-14 at line 34 field 4
### Maximum relative error in matching lines = 2.07e-14 at line 33 field 5
glfd410
### Maximum relative error in matching lines = 7.22e-16 at line 9 field 5
### Maximum relative error in matching lines = 1.31e-18 at line 7 field 5
Checking tglfd5 ...
File differences are made with: /usr/local/bin/ndiff --relerr 1.0e-10 --minwidth 10 --abserr 0
glfd501
### Maximum relative error in matching lines = 3.99e-18 at line 13 field 5
glfd502
### Maximum relative error in matching lines = 4.77e-18 at line 25 field 5
glfd503
### Maximum relative error in matching lines = 3.98e-18 at line 8 field 5
glfd504
### Maximum relative error in matching lines = 3.99e-18 at line 41 field 5
glfd505
### Maximum relative error in matching lines = 3.82e-18 at line 23 field 5
glfd506
### Maximum relative error in matching lines = 3.67e-18 at line 57 field 5
glfd507
### Maximum relative error in matching lines = 7.60e-16 at line 23 field 5
### Maximum relative error in matching lines = 3.67e-18 at line 31 field 5
glfd508
### Maximum relative error in matching lines = 2.03e-16 at line 90 field 4
### Maximum relative error in matching lines = 3.34e-18 at line 18 field 5
glfd509
Checking tglfd6 ...
File differences are made with: /usr/local/bin/ndiff --relerr 1.0e-10 --minwidth 10 --abserr 0
glfd601
### Maximum relative error in matching lines = 3.99e-18 at line 7 field 2
glfd602
### Maximum relative error in matching lines = 2.32e-16 at line 10 field 4
### Maximum relative error in matching lines = 2.22e-16 at line 73 field 5
glfd603
### Maximum relative error in matching lines = 9.99e-19 at line 7 field 2
glfd604
### Maximum relative error in matching lines = 7.63e-16 at line 94 field 4
### Maximum relative error in matching lines = 2.13e-16 at line 65 field 5
glfd605
### Maximum relative error in matching lines = 1.15e-15 at line 12 field 4
### Maximum relative error in matching lines = 1.16e-15 at line 11 field 5
glfd606
### Maximum relative error in matching lines = 6.35e-16 at line 18 field 4
### Maximum relative error in matching lines = 3.60e-16 at line 77 field 5
glfd607
### Maximum relative error in matching lines = 6.62e-16 at line 22 field 4
### Maximum relative error in matching lines = 5.02e-16 at line 27 field 5
glfd608
### Maximum relative error in matching lines = 5.43e-15 at line 23 field 4
### Maximum relative error in matching lines = 5.41e-15 at line 22 field 5
glfd609
### Maximum relative error in matching lines = 4.39e-15 at line 28 field 4
### Maximum relative error in matching lines = 4.51e-15 at line 27 field 5
glfd610
### Maximum relative error in matching lines = 4.39e-19 at line 8 field 5
============================== Making check-dp in common
ar -r ../libgjl.a d2norm.o dcopy.o deps.o derbit.o dfloat.o dfpmax.o dgamma.o dinf.o diran.o dlgam.o dlog2.o dnan.o dpsi.o dpsiln.o dran.o dstore.o dstorf.o dvsum.o ffalse.o ftrue.o getnan.o idceil.o isdinf.o isdnan.o pythag.o tql1.o
ranlib ../libgjl.a || true
ar -r ../libgjl.a aeps.o afpmax.o ainf.o airan.o algam.o alog2.o anan.o astore.o astorf.o avsum.o gamma.o iceil.o isainf.o isanan.o psi.o psiln.o ran.o
ranlib ../libgjl.a || true
There is no validation suite in this directory
487.949u 21.520s 8:50.82 95.9%	0+0k 1176+86io 15pf+0w
============================================================
Disk free report for /local/build/f90:
			Filesystem           1K-blocks      Used Available Use% Mounted on
			/dev/dsk/dks3d1s0      1830508   1747800     82708  96% /export/home/0061
Remote date:            2004.03.19.06.39.24
============================================================
