============================================================
.: Is a directory.
Machinetype:            Intel Pentium III (600 MHz);    OpenBSD 3.2 GENERIC#25 i386
System status:          12:19PM  up 24 days,  3:29, 2 users, load averages: 0.52, 0.34, 0.36
Remote cc version:      2.95.3
Remote CC version:      CC: Command not found.
Remote lcc version:     lcc: Command not found.
Package:                quadlog-gampsi
Archive:                /home/0077/sy/beebe/build//quadlog-gampsi.tar.gz
Date:                   2004.06.14.12.19.44
Local user:             beebe
Local host:             psi.math.utah.edu
Local log directory:    /home/0077/sy/beebe/build/logs/quadlog-gampsi
Local log file:         quadlog-gampsi.openbsd.vm.math.utah.edu.2004.06.14.12.19.44.log
Remote user:            beebe
Remote host:            openbsd.vm.math.utah.edu
Remote directory:       /local/build/g77
Remote date:            2004.06.14.12.19.51
Remote uname:           OpenBSD openbsd.vm.math.utah.edu 3.2 GENERIC#25 i386 Intel Pentium III ("GenuineIntel" 686-class, 512KB L2 cache) unknown OpenBSD
Remote gcc version:     gcc (GCC) 3.3.2
Remote g++ version:     g++ (GCC) 3.3.2
Remote gcc3 version:    
gcc3: Command not found.
Remote g++3 version:    
Configure environment:  CC=gcc CXX=g++ F77=g77 FC=g77 LDFLAGS=-Wl,-rpath,/usr/local/lib 
g++3: Command not found.
Extra environment:      
Configure flags:        
Make all targets:       
Make check targets:     check
Disk free report for /local/build/g77/quadlog-gampsi:
			Filesystem           1K-blocks      Used Available Use% Mounted on
			/dev/wd0a             11697877   5831191   5281793  53% /
Environment:
			DVIPSHEADERS=.:/usr/local/lib/tex/ps:/usr/local/lib/tex/fonts/ps:/usr/local/lib/tex/fonts/vf:/usr/local/lib/tex/fonts/old/vf:/usr/local/lib/tex/fonts/postscript/cmpsfont/pfb
			GROUP=staff
			HOME=/u/sy/beebe
			HOST=openbsd.vm.math.utah.edu
			HOSTALIAS=openbsd
			HOSTTYPE=i386
			INDOMAIN=vm.math.utah.edu
			INFO=/usr/local/plot79
			LOGNAME=beebe
			MACHTYPE=i386
			MAIL=/var/mail/beebe
			MFINPUTS=.:/usr/local/lib/mf/macros:/usr/local/lib/mf/cm:/usr/local/lib/mf
			NCARG_ROOT=/usr/local/ncar
			OSTYPE=bsd44
			PATH=/usr/local/bin:/usr/local/share/bin:/usr/local/bin/X11:/usr/X11R6/bin:/usr/sbin:/usr/bin:/bin:/sbin:/usr/local/etc:/etc:.:/u/sy/beebe/tex/bib
			PLT=/usr/local/plot79
			PVM_ROOT=/usr/local/pvm3
			PWD=/u/sy/beebe
			SHELL=/usr/local/bin/tcsh
			SHLVL=1
			SSH_CLIENT=155.101.96.19 56975 22
			SSH_CONNECTION=155.101.96.19 56975 155.101.96.150 22
			TERM=unknown
			TEXCONFIG=.:/usr/local/lib/tex/ps:/usr/local/lib/tex/fonts/vf:/usr/local/lib/tex/fonts/old/vf
			TEXFONTS=/usr/local/lib/tex/fonts/cm/600dpi:/usr/local/lib/tex/fonts/cm/tfms:/usr/local/lib/tex/ams/amspsfnt/tfms:/usr/local/lib/tex/ams/amspsfnt/pfb:/usr/local/lib/tex/ams/amsfonts/pk-files/600dpi:/usr/local/lib/tex/ams/amsfonts/pk-files/300dpi:/usr/local/lib/tex/fonts/pandora/600dpi:/usr/local/lib/tex/fonts/pandora/tfms:/usr/local/lib/tex/fonts/concrete/600dpi:/usr/local/lib/tex/fonts/concrete/tfms:/usr/local/lib/tex/fonts/greek:/usr/local/lib/tex/lamstex/mf:/usr/local/lib/tex/fonts/pk/tfms:/usr/local/lib/tex/fonts/pk/600dpi:/usr/local/lib/tex/fonts/pk/300dpi:/usr/local/lib/tex/fonts/ps:/usr/local/lib/tex/latex2e/fonts:/usr/local/lib/tex/fonts/vf:/usr/local/lib/tex/fonts/old/vf:/usr/local/lib/tex/musictex/pk/600dpi:/usr/local/lib/tex/musictex/pk/tfms:/usr/local/lib/tex/fonts/cmcyr/600dpi:/usr/local/lib/tex/fonts/ec/600dpi:/usr/local/lib/tex/fonts/ec/tfms:/usr/local/lib/tex/fonts/ecc/600dpi:/usr/local/lib/tex/fonts/ecc/tfms:/usr/local/lib/tex/fonts/ams
			TEXINPUTS=.:/usr/local/lib/tex/inputs:/usr/local/lib/tex/fonts/ps:/usr/local/lib/tex/latex:/usr/local/lib/tex/ams/amstex:/usr/local/lib/tex/ams/amstex/doc:/usr/local/lib/tex/ams/amslatex/inputs:/usr/local/lib/tex/bibtex:/usr/local/lib/tex/fonts/ap/300dpi:/usr/local/lib/tex/tugboat:/usr/local/lib/tex/lamstex/inputs:/usr/local/lib/tex/siam:/usr/local/lib/tex/ps:/usr/local/lib/tex/fonts/pandora
			TEXPKS=/usr/local/lib/tex/fonts/cm/600dpi:/usr/local/lib/tex/fonts/cm/tfms:/usr/local/lib/tex/ams/amspsfnt/tfms:/usr/local/lib/tex/ams/amspsfnt/pfb:/usr/local/lib/tex/ams/amsfonts/pk-files/600dpi:/usr/local/lib/tex/ams/amsfonts/pk-files/300dpi:/usr/local/lib/tex/fonts/pandora/600dpi:/usr/local/lib/tex/fonts/pandora/tfms:/usr/local/lib/tex/fonts/concrete/600dpi:/usr/local/lib/tex/fonts/concrete/tfms:/usr/local/lib/tex/fonts/greek:/usr/local/lib/tex/lamstex/mf:/usr/local/lib/tex/fonts/pk/tfms:/usr/local/lib/tex/fonts/pk/600dpi:/usr/local/lib/tex/fonts/pk/300dpi:/usr/local/lib/tex/fonts/ps:/usr/local/lib/tex/latex2e/fonts:/usr/local/lib/tex/fonts/vf:/usr/local/lib/tex/fonts/old/vf:/usr/local/lib/tex/musictex/pk/600dpi:/usr/local/lib/tex/musictex/pk/tfms:/usr/local/lib/tex/fonts/cmcyr/600dpi:/usr/local/lib/tex/fonts/ec/600dpi:/usr/local/lib/tex/fonts/ec/tfms:/usr/local/lib/tex/fonts/ecc/600dpi:/usr/local/lib/tex/fonts/ecc/tfms:/usr/local/lib/tex/fonts/ams
			USER=beebe
			VENDOR=intel
			VFFONTS=.:/usr/local/lib/tex/latex2e/fonts:/usr/local/lib/tex/fonts/vf:/usr/local/lib/tex/fonts/old/vf:/usr/local/lib/tex/fonts/fontinst/contrib/helminck:/usr/local/lib/tex/fonts/malvern/vf:/usr/local/lib/tex/fonts/mathtime
			YPDOMAIN=
============================================================
configure: creating ./config.status
config.status: creating Makefile
configure: configuring in common
configure: running /bin/sh './configure'  --cache-file=/dev/null --srcdir=.
checking for gcc... gcc
checking for C compiler default output file name... a.out
checking whether the C compiler works... yes
checking whether we are cross compiling... no
checking for suffix of executables... 
checking for suffix of object files... o
checking whether we are using the GNU C compiler... yes
checking whether gcc accepts -g... yes
checking for gcc option to accept ANSI C... none needed
checking whether we are using the GNU Fortran 77 compiler... yes
checking whether g77 accepts -g... yes
checking for autoconf... autoconf
configure: creating ./config.status
config.status: creating Makefile
configure: configuring in gampsi
configure: running /bin/sh './configure'  --cache-file=/dev/null --srcdir=.
checking for gcc... gcc
checking for C compiler default output file name... a.out
checking whether the C compiler works... yes
checking whether we are cross compiling... no
checking for suffix of executables... 
checking for suffix of object files... o
checking whether we are using the GNU C compiler... yes
checking whether gcc accepts -g... yes
checking for gcc option to accept ANSI C... none needed
checking whether we are using the GNU Fortran 77 compiler... yes
checking whether g77 accepts -g... yes
checking for autoconf... autoconf
checking for gzip... gzip
checking for tar... tar
configure: creating ./config.status
config.status: creating Makefile
configure: configuring in jacobi
configure: running /bin/sh './configure'  --cache-file=/dev/null --srcdir=.
checking for gcc... gcc
checking for C compiler default output file name... a.out
checking whether the C compiler works... yes
checking whether we are cross compiling... no
checking for suffix of executables... 
checking for suffix of object files... o
checking whether we are using the GNU C compiler... yes
checking whether gcc accepts -g... yes
checking for gcc option to accept ANSI C... none needed
checking whether we are using the GNU Fortran 77 compiler... yes
checking whether g77 accepts -g... yes
checking for autoconf... autoconf
configure: creating ./config.status
config.status: creating Makefile
configure: configuring in laguerre
configure: running /bin/sh './configure'  --cache-file=/dev/null --srcdir=.
checking for gcc... gcc
checking for C compiler default output file name... a.out
checking whether the C compiler works... yes
checking whether we are cross compiling... no
checking for suffix of executables... 
checking for suffix of object files... o
checking whether we are using the GNU C compiler... yes
checking whether gcc accepts -g... yes
checking for gcc option to accept ANSI C... none needed
checking whether we are using the GNU Fortran 77 compiler... yes
checking whether g77 accepts -g... yes
checking for autoconf... autoconf
checking if -lm needed for math functions... yes
configure: creating ./config.status
config.status: creating Makefile
configure: configuring in man
configure: running /bin/sh './configure'  --cache-file=/dev/null --srcdir=.
checking for autoconf... autoconf
checking for deroff... deroff
checking for ps2pdf... ps2pdf
checking for man2html... no
configure: creating ./config.status
config.status: creating Makefile
3.02user 94.78system 1:53.30elapsed 86%CPU (0avgtext+0avgdata 0maxresident)k
919inputs+2645outputs (1263major+270679minor)pagefaults 0swaps
(cd common && make  prefix=/usr/local FWARN="" FOPT="-O" all )
g77 -g -O2 -O     -c -o d2norm.o d2norm.f
g77 -g -O2 -O     -c -o dcopy.o dcopy.f
g77 -g -O2 -O     -c -o deps.o deps.f
g77 -g -O2 -O     -c -o derbit.o derbit.f
g77 -g -O2 -O     -c -o dfloat.o dfloat.f
g77 -g -O2 -O     -c -o dfpmax.o dfpmax.f
g77 -g -O2 -O     -c -o dgamma.o dgamma.f
g77 -g -O2 -O     -c -o dinf.o dinf.f
g77 -g -O2 -O     -c -o diran.o diran.f
g77 -g -O2 -O     -c -o dlgam.o dlgam.f
g77 -g -O2 -O     -c -o dlog2.o dlog2.f
g77 -g -O2 -O     -c -o dnan.o dnan.f
g77 -g -O2 -O     -c -o dpsi.o dpsi.f
g77 -g -O2 -O     -c -o dpsiln.o dpsiln.f
g77 -g -O2 -O     -c -o dran.o dran.f
g77 -g -O2 -O     -c -o dstore.o dstore.f
g77 -g -O2 -O     -c -o dstorf.o dstorf.f
g77 -g -O2 -O     -c -o dvsum.o dvsum.f
g77 -g -O2 -O     -c -o ffalse.o ffalse.f
g77 -g -O2 -O     -c -o ftrue.o ftrue.f
g77 -g -O2 -O     -c -o getnan.o getnan.f
g77 -g -O2 -O     -c -o idceil.o idceil.f
g77 -g -O2 -O     -c -o isdinf.o isdinf.f
g77 -g -O2 -O     -c -o isdnan.o isdnan.f
g77 -g -O2 -O     -c -o pythag.o pythag.f
g77 -g -O2 -O     -c -o tql1.o tql1.f
ar -r ../libgjl.a d2norm.o dcopy.o deps.o derbit.o dfloat.o dfpmax.o dgamma.o dinf.o diran.o dlgam.o dlog2.o dnan.o dpsi.o dpsiln.o dran.o dstore.o dstorf.o dvsum.o ffalse.o ftrue.o getnan.o idceil.o isdinf.o isdnan.o pythag.o tql1.o
ranlib ../libgjl.a || true
g77 -g -O2 -O     -c -o aeps.o aeps.f
g77 -g -O2 -O     -c -o afpmax.o afpmax.f
g77 -g -O2 -O     -c -o ainf.o ainf.f
g77 -g -O2 -O     -c -o airan.o airan.f
g77 -g -O2 -O     -c -o algam.o algam.f
g77 -g -O2 -O     -c -o alog2.o alog2.f
g77 -g -O2 -O     -c -o anan.o anan.f
g77 -g -O2 -O     -c -o astore.o astore.f
g77 -g -O2 -O     -c -o astorf.o astorf.f
g77 -g -O2 -O     -c -o avsum.o avsum.f
g77 -g -O2 -O     -c -o gamma.o gamma.f
g77 -g -O2 -O     -c -o iceil.o iceil.f
g77 -g -O2 -O     -c -o isainf.o isainf.f
g77 -g -O2 -O     -c -o isanan.o isanan.f
g77 -g -O2 -O     -c -o psi.o psi.f
g77 -g -O2 -O     -c -o psiln.o psiln.f
g77 -g -O2 -O     -c -o ran.o ran.f
ar -r ../libgjl.a aeps.o afpmax.o ainf.o airan.o algam.o alog2.o anan.o astore.o astorf.o avsum.o gamma.o iceil.o isainf.o isanan.o psi.o psiln.o ran.o
ranlib ../libgjl.a || true
for subdir in man gampsi jacobi laguerre common ; do echo ============================== Making all in $subdir ; ( cd $subdir && make  prefix=/usr/local FWARN="" FOPT="-O" all ) ; done
============================== Making all in man
============================== Making all in gampsi
(cd ../common; make lib-dp)
ar -r ../libgjl.a d2norm.o dcopy.o deps.o derbit.o dfloat.o dfpmax.o dgamma.o dinf.o diran.o dlgam.o dlog2.o dnan.o dpsi.o dpsiln.o dran.o dstore.o dstorf.o dvsum.o ffalse.o ftrue.o getnan.o idceil.o isdinf.o isdnan.o pythag.o tql1.o
ranlib ../libgjl.a || true
g77 -g -O2 -O -I../common   -c -o tdgen.o tdgen.f
g77 -g -O2 -O -I../common   -c -o funhdr.o funhdr.f
g77 -g -O2 -O -I../common   -c -o dgen.o dgen.f
g77 -g -O2 -O -I../common   -o tdgen tdgen.o funhdr.o dgen.o ../common/dfloat.o ../common/dinf.o ../common/diran.o ../common/dnan.o ../common/dran.o ../common/dstorf.o ../common/idceil.o ../common/isdnan.o ../common/dgamma.o ../common/dlgam.o ../common/dpsi.o ../common/dpsiln.o 
(cd ../common; make lib-sp)
ar -r ../libgjl.a aeps.o afpmax.o ainf.o airan.o algam.o alog2.o anan.o astore.o astorf.o avsum.o gamma.o iceil.o isainf.o isanan.o psi.o psiln.o ran.o
ranlib ../libgjl.a || true
g77 -g -O2 -O -I../common   -c -o tagen.o tagen.f
g77 -g -O2 -O -I../common   -c -o agen.o agen.f
g77 -g -O2 -O -I../common   -o tagen tagen.o funhdr.o agen.o ../common/ainf.o ../common/airan.o ../common/anan.o ../common/astorf.o ../common/iceil.o ../common/isanan.o ../common/ran.o ../common/algam.o ../common/dfloat.o ../common/gamma.o ../common/idceil.o ../common/psi.o ../common/psiln.o 
============================== Making all in jacobi
g77 -g -O2 -O -I../common   -c -o gjqf.o gjqf.f
g77 -g -O2 -O -I../common   -c -o gjqfd.o gjqfd.f
g77 -g -O2 -O -I../common   -c -o gjqli.o gjqli.f
g77 -g -O2 -O -I../common   -c -o gjqrc.o gjqrc.f
(cd ../common; make lib-dp)
ar -r ../libgjl.a d2norm.o dcopy.o deps.o derbit.o dfloat.o dfpmax.o dgamma.o dinf.o diran.o dlgam.o dlog2.o dnan.o dpsi.o dpsiln.o dran.o dstore.o dstorf.o dvsum.o ffalse.o ftrue.o getnan.o idceil.o isdinf.o isdnan.o pythag.o tql1.o
ranlib ../libgjl.a || true
ar -r ../libgjl.a gjqf.o gjqfd.o gjqli.o gjqrc.o
ranlib ../libgjl.a || true
g77 -g -O2 -O -I../common   -c -o tgjf1.o tgjf1.f
g77 -g -O2 -O -I../common   -c -o ../common/prthdr.o ../common/prthdr.f
g77 -g -O2 -O -I../common   -c -o ../common/trapit.o ../common/trapit.f
g77 -g -O2 -O -I../common   -o tgjf1 tgjf1.o gjqf.o gjqli.o gjqrc.o gjqfd.o ../common/d2norm.o ../common/dcopy.o ../common/deps.o ../common/derbit.o ../common/dfloat.o ../common/dgamma.o ../common/dinf.o ../common/dlog2.o ../common/dnan.o ../common/dpsi.o ../common/dstore.o ../common/dstorf.o ../common/dvsum.o ../common/isdnan.o ../common/prthdr.o ../common/pythag.o ../common/tql1.o ../common/trapit.o ../libgjl.a
g77 -g -O2 -O -I../common   -c -o tgjf2.o tgjf2.f
g77 -g -O2 -O -I../common   -o tgjf2 tgjf2.o gjqf.o gjqli.o gjqrc.o gjqfd.o ../common/d2norm.o ../common/dcopy.o ../common/deps.o ../common/derbit.o ../common/dfloat.o ../common/dgamma.o ../common/dinf.o ../common/dlog2.o ../common/dnan.o ../common/dpsi.o ../common/dstore.o ../common/dstorf.o ../common/dvsum.o ../common/isdnan.o ../common/prthdr.o ../common/pythag.o ../common/tql1.o ../common/trapit.o ../libgjl.a
g77 -g -O2 -O -I../common   -c -o tgjfd1.o tgjfd1.f
g77 -g -O2 -O -I../common   -o tgjfd1 tgjfd1.o gjqfd.o ../common/d2norm.o ../common/dcopy.o ../common/deps.o ../common/derbit.o ../common/dfloat.o ../common/dgamma.o ../common/dinf.o ../common/dlog2.o ../common/dnan.o ../common/dpsi.o ../common/dstore.o ../common/dstorf.o ../common/dvsum.o ../common/isdnan.o ../common/prthdr.o ../common/pythag.o ../common/tql1.o ../common/trapit.o ../libgjl.a
g77 -g -O2 -O -I../common   -c -o tgjfd2.o tgjfd2.f
g77 -g -O2 -O -I../common   -o tgjfd2 tgjfd2.o gjqfd.o ../common/d2norm.o ../common/dcopy.o ../common/deps.o ../common/derbit.o ../common/dfloat.o ../common/dgamma.o ../common/dinf.o ../common/dlog2.o ../common/dnan.o ../common/dpsi.o ../common/dstore.o ../common/dstorf.o ../common/dvsum.o ../common/isdnan.o ../common/prthdr.o ../common/pythag.o ../common/tql1.o ../common/trapit.o ../libgjl.a
============================== Making all in laguerre
g77 -g -O2 -O -I../common   -c -o glqf.o glqf.f
g77 -g -O2 -O -I../common   -c -o glqfd.o glqfd.f
g77 -g -O2 -O -I../common   -c -o glqli.o glqli.f
g77 -g -O2 -O -I../common   -c -o glqrc.o glqrc.f
(cd ../common; make lib-dp)
ar -r ../libgjl.a d2norm.o dcopy.o deps.o derbit.o dfloat.o dfpmax.o dgamma.o dinf.o diran.o dlgam.o dlog2.o dnan.o dpsi.o dpsiln.o dran.o dstore.o dstorf.o dvsum.o ffalse.o ftrue.o getnan.o idceil.o isdinf.o isdnan.o pythag.o tql1.o
ranlib ../libgjl.a || true
ar -r ../libgjl.a glqf.o glqfd.o glqli.o glqrc.o
ranlib ../libgjl.a || true
g77 -g -O2 -O -I../common   -c -o tglf1.o tglf1.f
g77 -g -O2 -O -I../common   -o tglf1 tglf1.o glqf.o glqli.o glqfd.o glqrc.o ../common/prthdr.o ../common/d2norm.o ../common/dcopy.o ../common/deps.o ../common/derbit.o ../common/dfloat.o ../common/dgamma.o ../common/dinf.o ../common/dlog2.o ../common/dnan.o ../common/dpsi.o ../common/dstore.o ../common/dstorf.o ../common/dvsum.o ../common/isdnan.o ../common/pythag.o ../common/tql1.o ../common/trapit.o
g77 -g -O2 -O -I../common   -c -o tglf2.o tglf2.f
g77 -g -O2 -O -I../common   -o tglf2 tglf2.o glqf.o glqli.o glqfd.o glqrc.o ../common/prthdr.o ../common/d2norm.o ../common/dcopy.o ../common/deps.o ../common/derbit.o ../common/dfloat.o ../common/dgamma.o ../common/dinf.o ../common/dlog2.o ../common/dnan.o ../common/dpsi.o ../common/dstore.o ../common/dstorf.o ../common/dvsum.o ../common/isdnan.o ../common/pythag.o ../common/tql1.o ../common/trapit.o
g77 -g -O2 -O -I../common   -c -o tglf3.o tglf3.f
g77 -g -O2 -O -I../common   -o tglf3 tglf3.o glqf.o glqli.o glqfd.o glqrc.o ../common/prthdr.o ../common/d2norm.o ../common/dcopy.o ../common/deps.o ../common/derbit.o ../common/dfloat.o ../common/dgamma.o ../common/dinf.o ../common/dlog2.o ../common/dnan.o ../common/dpsi.o ../common/dstore.o ../common/dstorf.o ../common/dvsum.o ../common/isdnan.o ../common/pythag.o ../common/tql1.o ../common/trapit.o
g77 -g -O2 -O -I../common   -c -o tglf4.o tglf4.f
g77 -g -O2 -O -I../common   -o tglf4 tglf4.o glqf.o glqli.o glqfd.o glqrc.o ../common/prthdr.o ../common/d2norm.o ../common/dcopy.o ../common/deps.o ../common/derbit.o ../common/dfloat.o ../common/dgamma.o ../common/dinf.o ../common/dlog2.o ../common/dnan.o ../common/dpsi.o ../common/dstore.o ../common/dstorf.o ../common/dvsum.o ../common/isdnan.o ../common/pythag.o ../common/tql1.o ../common/trapit.o
g77 -g -O2 -O -I../common   -c -o tglf5.o tglf5.f
g77 -g -O2 -O -I../common   -o tglf5 tglf5.o glqf.o glqli.o glqfd.o glqrc.o ../common/prthdr.o ../common/d2norm.o ../common/dcopy.o ../common/deps.o ../common/derbit.o ../common/dfloat.o ../common/dgamma.o ../common/dinf.o ../common/dlog2.o ../common/dnan.o ../common/dpsi.o ../common/dstore.o ../common/dstorf.o ../common/dvsum.o ../common/isdnan.o ../common/pythag.o ../common/tql1.o ../common/trapit.o
g77 -g -O2 -O -I../common   -c -o tglf6.o tglf6.f
g77 -g -O2 -O -I../common   -o tglf6 tglf6.o glqf.o glqli.o glqfd.o glqrc.o ../common/prthdr.o ../common/d2norm.o ../common/dcopy.o ../common/deps.o ../common/derbit.o ../common/dfloat.o ../common/dgamma.o ../common/dinf.o ../common/dlog2.o ../common/dnan.o ../common/dpsi.o ../common/dstore.o ../common/dstorf.o ../common/dvsum.o ../common/isdnan.o ../common/pythag.o ../common/tql1.o ../common/trapit.o
g77 -g -O2 -O -I../common   -c -o tglfd1.o tglfd1.f
g77 -g -O2 -O -I../common   -o tglfd1 tglfd1.o glqli.o glqfd.o glqrc.o ../common/prthdr.o ../common/d2norm.o ../common/dcopy.o ../common/deps.o ../common/derbit.o ../common/dfloat.o ../common/dgamma.o ../common/dinf.o ../common/dlog2.o ../common/dnan.o ../common/dpsi.o ../common/dstore.o ../common/dstorf.o ../common/dvsum.o ../common/isdnan.o ../common/pythag.o ../common/tql1.o ../common/trapit.o
g77 -g -O2 -O -I../common   -c -o tglfd2.o tglfd2.f
g77 -g -O2 -O -I../common   -o tglfd2 tglfd2.o glqli.o glqfd.o glqrc.o ../common/prthdr.o ../common/d2norm.o ../common/dcopy.o ../common/deps.o ../common/derbit.o ../common/dfloat.o ../common/dgamma.o ../common/dinf.o ../common/dlog2.o ../common/dnan.o ../common/dpsi.o ../common/dstore.o ../common/dstorf.o ../common/dvsum.o ../common/isdnan.o ../common/pythag.o ../common/tql1.o ../common/trapit.o
g77 -g -O2 -O -I../common   -c -o tglfd3.o tglfd3.f
g77 -g -O2 -O -I../common   -o tglfd3 tglfd3.o glqli.o glqfd.o glqrc.o ../common/prthdr.o ../common/d2norm.o ../common/dcopy.o ../common/deps.o ../common/derbit.o ../common/dfloat.o ../common/dgamma.o ../common/dinf.o ../common/dlog2.o ../common/dnan.o ../common/dpsi.o ../common/dstore.o ../common/dstorf.o ../common/dvsum.o ../common/isdnan.o ../common/pythag.o ../common/tql1.o ../common/trapit.o
g77 -g -O2 -O -I../common   -c -o tglfd4.o tglfd4.f
g77 -g -O2 -O -I../common   -o tglfd4 tglfd4.o glqli.o glqfd.o glqrc.o ../common/prthdr.o ../common/d2norm.o ../common/dcopy.o ../common/deps.o ../common/derbit.o ../common/dfloat.o ../common/dgamma.o ../common/dinf.o ../common/dlog2.o ../common/dnan.o ../common/dpsi.o ../common/dstore.o ../common/dstorf.o ../common/dvsum.o ../common/isdnan.o ../common/pythag.o ../common/tql1.o ../common/trapit.o
g77 -g -O2 -O -I../common   -c -o tglfd5.o tglfd5.f
g77 -g -O2 -O -I../common   -o tglfd5 tglfd5.o glqli.o glqfd.o glqrc.o ../common/prthdr.o ../common/d2norm.o ../common/dcopy.o ../common/deps.o ../common/derbit.o ../common/dfloat.o ../common/dgamma.o ../common/dinf.o ../common/dlog2.o ../common/dnan.o ../common/dpsi.o ../common/dstore.o ../common/dstorf.o ../common/dvsum.o ../common/isdnan.o ../common/pythag.o ../common/tql1.o ../common/trapit.o
g77 -g -O2 -O -I../common   -c -o tglfd6.o tglfd6.f
g77 -g -O2 -O -I../common   -o tglfd6 tglfd6.o glqli.o glqfd.o glqrc.o ../common/prthdr.o ../common/d2norm.o ../common/dcopy.o ../common/deps.o ../common/derbit.o ../common/dfloat.o ../common/dgamma.o ../common/dinf.o ../common/dlog2.o ../common/dnan.o ../common/dpsi.o ../common/dstore.o ../common/dstorf.o ../common/dvsum.o ../common/isdnan.o ../common/pythag.o ../common/tql1.o ../common/trapit.o
============================== Making all in common
ar -r ../libgjl.a d2norm.o dcopy.o deps.o derbit.o dfloat.o dfpmax.o dgamma.o dinf.o diran.o dlgam.o dlog2.o dnan.o dpsi.o dpsiln.o dran.o dstore.o dstorf.o dvsum.o ffalse.o ftrue.o getnan.o idceil.o isdinf.o isdnan.o pythag.o tql1.o
ranlib ../libgjl.a || true
ar -r ../libgjl.a aeps.o afpmax.o ainf.o airan.o algam.o alog2.o anan.o astore.o astorf.o avsum.o gamma.o iceil.o isainf.o isanan.o psi.o psiln.o ran.o
ranlib ../libgjl.a || true
7.828u 50.578s 1:03.80 91.5%	0+0k 473+2109io 315pf+0w
for subdir in man gampsi jacobi laguerre common ; do echo ============================== Making check-dp in $subdir ; ( cd $subdir && make  prefix=/usr/local FWARN="" FOPT="-O" check-dp ) ; done
============================== Making check-dp in man
There is no validation suite in this directory
============================== Making check-dp in gampsi
Checking tdgen ...
File differences are made with: /usr/local/bin/ndiff --relerr 5.0e-11 --minwidth 10
cos001
okay/cos001.out cos001.out differ: char 137, line 7
### Maximum relative error in matching lines = 8.80e-17 at line 8 field 5
Checking tdgen ...
File differences are made with: /usr/local/bin/ndiff --relerr 5.0e-11 --minwidth 10
cos101
okay/cos101.out cos101.out differ: char 147, line 7
### Maximum relative error in matching lines = 1.09e-16 at line 8110 field 5
cos102
okay/cos102.out cos102.out differ: char 147, line 7
### Maximum relative error in matching lines = 2.05e-16 at line 10278 field 5
cos103
okay/cos103.out cos103.out differ: char 147, line 7
### Maximum relative error in matching lines = 1.09e-16 at line 8694 field 5
Checking tdgen ...
File differences are made with: /usr/local/bin/ndiff --relerr 5.0e-11 --minwidth 10
cos201
okay/cos201.out cos201.out differ: char 147, line 7
### Maximum relative error in matching lines = 7.91e-14 at line 10579 field 5
1,2c1,2
< dacos( Infinity ) = 0.000000000000000E+0000
< dasin( Infinity ) = 0.000000000000000E+0000
---
> dacos( Infinity ) = NaN 
> dasin( Infinity ) = NaN 
6c6
< dexp( Infinity ) = NaN
---
> dexp( Infinity ) = Infinity 
Checking tdgen ...
File differences are made with: /usr/local/bin/ndiff --relerr 5.0e-11 --minwidth 10
exp001
okay/exp001.out exp001.out differ: char 137, line 7
16c16
< 2 Inf                       0 0 Infinity                   0 0
--- field 5
> 2                    Inf       0 0                        NaN 0 0
### Maximum relative error in matching lines = 8.86e-17 at line 15 field 5
Checking tdgen ...
File differences are made with: /usr/local/bin/ndiff --relerr 5.0e-11 --minwidth 10
exp101
okay/exp101.out exp101.out differ: char 147, line 7
### Maximum relative error in matching lines = 1.27e-16 at line 10608 field 5
Checking tdfpmx ...
File differences are made with: /usr/local/bin/ndiff --relerr 5.0e-11 --minwidth 10
dfpm01
okay/dfpm01.out dfpm01.out differ: char 38, line 1
Checking tdgen ...
File differences are made with: /usr/local/bin/ndiff --relerr 5.0e-11 --minwidth 10
gam001
okay/gam001.out gam001.out differ: char 175, line 9
### Maximum relative error in matching lines = 4.66e-15 at line 114 field 5
Checking tdgen ...
File differences are made with: /usr/local/bin/ndiff --relerr 5.0e-11 --minwidth 10
gam101
okay/gam101.out gam101.out differ: char 189, line 9
### Maximum relative error in matching lines = 2.15e-15 at line 8979 field 5
gam102
okay/gam102.out gam102.out differ: char 188, line 9
### Maximum relative error in matching lines = 3.37e-15 at line 8271 field 5
gam103
okay/gam103.out gam103.out differ: char 188, line 9
### Maximum relative error in matching lines = 5.91e-16 at line 3695 field 5
Checking tdgen ...
File differences are made with: /usr/local/bin/ndiff --relerr 5.0e-11 --minwidth 10
gam301
okay/gam301.out gam301.out differ: char 206, line 9
### Maximum relative error in matching lines = 8.90e-16 at line 10082 field 5
Checking tdgen ...
File differences are made with: /usr/local/bin/ndiff --relerr 5.0e-11 --minwidth 10
lga001
okay/lga001.out lga001.out differ: char 143, line 7
7c7
< 2                    0.     0 0                                                  Infinity 0 0
--- field 5
> 2                    0.0       0 0                        NaN 0 0
12c12
< 2                  Inf     0 0                                                  Infinity 0 0
--- field 5
> 2                    Inf       0 0                        NaN 0 0
### Maximum relative error in matching lines = 3.34e-17 at line 10 field 5
Checking tdgen ...
File differences are made with: /usr/local/bin/ndiff --relerr 5.0e-11 --minwidth 10
lga101
okay/lga101.out lga101.out differ: char 153, line 7
### Maximum relative error in matching lines = 8.85e-13 at line 5514 field 5
lga102
okay/lga102.out lga102.out differ: char 153, line 7
### Maximum relative error in matching lines = 1.88e-13 at line 3559 field 5
lga103
okay/lga103.out lga103.out differ: char 153, line 7
### Maximum relative error in matching lines = 6.89e-13 at line 6002 field 5
Checking tdgen ...
File differences are made with: /usr/local/bin/ndiff --relerr 5.0e-11 --minwidth 10
lga201
okay/lga201.out lga201.out differ: char 153, line 7
### Maximum relative error in matching lines = 1.17e-15 at line 84 field 5
Checking tdgen ...
File differences are made with: /usr/local/bin/ndiff --relerr 5.0e-11 --minwidth 10
log001
okay/log001.out log001.out differ: char 137, line 7
9c9
< 2                   -1.     0 0 NaN                                                       0 0
--- field 5
> 2                   -1.0       0 0                       -Inf 0 0
11c11
< 2                   -2.     0 0 NaN                                                       0 0
--- field 5
> 2                   -2.0       0 0                       -Inf 0 0
13c13
< 2                   -3.     0 0 NaN                                                       0 0
--- field 5
> 2                   -3.0       0 0                       -Inf 0 0
15c15
< 2                   -4.     0 0 NaN                                                       0 0
--- field 5
> 2                   -4.0       0 0                       -Inf 0 0
### Maximum relative error in matching lines = 8.24e-17 at line 12 field 5
*** [check-xxx-dp] Error 2
Checking tdgen ...
File differences are made with: /usr/local/bin/ndiff --relerr 5.0e-11 --minwidth 10
log101
okay/log101.out log101.out differ: char 146, line 7
### Maximum relative error in matching lines = 1.10e-16 at line 7436 field 5
log102
okay/log102.out log102.out differ: char 146, line 7
### Maximum relative error in matching lines = 1.09e-16 at line 7677 field 5
log103
okay/log103.out log103.out differ: char 146, line 7
### Maximum relative error in matching lines = 1.09e-16 at line 4520 field 5
Checking tdgen ...
File differences are made with: /usr/local/bin/ndiff --relerr 5.0e-11 --minwidth 10
psi001
okay/psi001.out psi001.out differ: char 261, line 10
10c10
< 2                    0.0       0 0 Infinity                                                   0 0
--- field 5
> 2                    0.0       0 0                       -Inf 0 0
### Maximum relative error in matching lines = 1.19e-16 at line 13 field 5
psi002
okay/psi002.out psi002.out differ: char 258, line 10
### Maximum relative error in matching lines = 1.42e-16 at line 19 field 5
psi003
okay/psi003.out psi003.out differ: char 261, line 10
psi006
okay/psi006.out psi006.out differ: char 228, line 10
10c10
< 2 1.0   -1030 0 Infinity 0 0
--- field 3	relative error 9.80e-03
> 2                    0.0   -1020 0                        Inf 0 0
Checking tdgen ...
File differences are made with: /usr/local/bin/ndiff --relerr 5.0e-11 --minwidth 10
psi101
okay/psi101.out psi101.out differ: char 258, line 10
### Maximum relative error in matching lines = 3.48e-16 at line 11 field 5
psi102
okay/psi102.out psi102.out differ: char 259, line 10
### Maximum relative error in matching lines = 1.75e-13 at line 8906 field 5
psi103
okay/psi103.out psi103.out differ: char 259, line 10
### Maximum relative error in matching lines = 1.80e-13 at line 2012 field 5
psi104
okay/psi104.out psi104.out differ: char 259, line 10
### Maximum relative error in matching lines = 1.11e-13 at line 6522 field 5
psi105
okay/psi105.out psi105.out differ: char 259, line 10
### Maximum relative error in matching lines = 6.77e-16 at line 1471 field 5
psi106
okay/psi106.out psi106.out differ: char 258, line 10
### Maximum relative error in matching lines = 6.84e-16 at line 5253 field 5
psi107
okay/psi107.out psi107.out differ: char 258, line 10
### Maximum relative error in matching lines = 6.32e-16 at line 6653 field 5
Checking tdgen ...
File differences are made with: /usr/local/bin/ndiff --relerr 5.0e-11 --minwidth 10
psi201
okay/psi201.out psi201.out differ: char 258, line 10
### Maximum relative error in matching lines = 3.94e-15 at line 5355 field 5
Checking tdgen ...
File differences are made with: /usr/local/bin/ndiff --relerr 5.0e-11 --minwidth 10
psi301
okay/psi301.out psi301.out differ: char 258, line 10
### Maximum relative error in matching lines = 4.23e-13 at line 6050 field 5
Checking tdgen ...
File differences are made with: /usr/local/bin/ndiff --relerr 5.0e-11 --minwidth 10
psi402
okay/psi402.out psi402.out differ: char 259, line 10
### Maximum relative error in matching lines = 2.32e-14 at line 7984 field 5
Checking tdgen ...
File differences are made with: /usr/local/bin/ndiff --relerr 5.0e-11 --minwidth 10
psi601
okay/psi601.out psi601.out differ: char 258, line 10
### Maximum relative error in matching lines = 2.77e-16 at line 9599 field 5
psi602
okay/psi602.out psi602.out differ: char 259, line 10
### Maximum relative error in matching lines = 3.17e-16 at line 8761 field 5
Checking tdgen ...
File differences are made with: /usr/local/bin/ndiff --relerr 5.0e-11 --minwidth 10
pln001
okay/pln001.out pln001.out differ: char 284, line 11
### Maximum relative error in matching lines = 6.02e-16 at line 15 field 5
Checking tdgen ...
File differences are made with: /usr/local/bin/ndiff --relerr 5.0e-11 --minwidth 10
pln101
okay/pln101.out pln101.out differ: char 295, line 11
### Maximum relative error in matching lines = 3.28e-15 at line 8804 field 5
Checking tdgen ...
File differences are made with: /usr/local/bin/ndiff --relerr 5.0e-11 --minwidth 10
pln201
okay/pln201.out pln201.out differ: char 295, line 11
### Maximum relative error in matching lines = 1.93e-15 at line 33 field 5
Checking tdgen ...
File differences are made with: /usr/local/bin/ndiff --relerr 5.0e-11 --minwidth 10
sin001
okay/sin001.out sin001.out differ: char 137, line 7
### Maximum relative error in matching lines = 6.45e-17 at line 14 field 5
Checking tdgen ...
File differences are made with: /usr/local/bin/ndiff --relerr 5.0e-11 --minwidth 10
sin101
okay/sin101.out sin101.out differ: char 147, line 7
### Maximum relative error in matching lines = 1.09e-16 at line 3324 field 5
sin102
okay/sin102.out sin102.out differ: char 147, line 7
### Maximum relative error in matching lines = 1.09e-16 at line 2070 field 5
sin103
okay/sin103.out sin103.out differ: char 147, line 7
### Maximum relative error in matching lines = 1.09e-16 at line 4667 field 5
Checking tdgen ...
File differences are made with: /usr/local/bin/ndiff --relerr 5.0e-11 --minwidth 10
sin201
okay/sin201.out sin201.out differ: char 147, line 7
### Maximum relative error in matching lines = 2.25e-15 at line 9867 field 5
Checking tdgen ...
File differences are made with: /usr/local/bin/ndiff --relerr 5.0e-11 --minwidth 10
tan001
okay/tan001.out tan001.out differ: char 137, line 7
### Maximum relative error in matching lines = 8.47e-17 at line 14 field 5
Checking tdgen ...
File differences are made with: /usr/local/bin/ndiff --relerr 5.0e-11 --minwidth 10
tan101
okay/tan101.out tan101.out differ: char 147, line 7
### Maximum relative error in matching lines = 1.10e-16 at line 3366 field 5
tan102
okay/tan102.out tan102.out differ: char 147, line 7
### Maximum relative error in matching lines = 1.10e-16 at line 3783 field 5
Checking tdgen ...
File differences are made with: /usr/local/bin/ndiff --relerr 5.0e-11 --minwidth 10
tan201
okay/tan201.out tan201.out differ: char 147, line 7
### Maximum relative error in matching lines = 7.90e-14 at line 10579 field 5
============================== Making check-dp in jacobi
(cd ../common; make lib-dp)
ar -r ../libgjl.a d2norm.o dcopy.o deps.o derbit.o dfloat.o dfpmax.o dgamma.o dinf.o diran.o dlgam.o dlog2.o dnan.o dpsi.o dpsiln.o dran.o dstore.o dstorf.o dvsum.o ffalse.o ftrue.o getnan.o idceil.o isdinf.o isdnan.o pythag.o tql1.o
ranlib ../libgjl.a || true
ar -r ../libgjl.a gjqf.o gjqfd.o gjqli.o gjqrc.o
ranlib ../libgjl.a || true
========================================================================
There should be no output from these tests, except their names. If
ndiff is available, there will also be reports of the maximum absolute
and relative errors found. If small numeric differences are reported,
then YOU must decide whether they are significant. You can do
         make check RELERR=xxx
to rerun the tests with a different relative error tolerance, where xxx
is either a suitable small positive floating-point number, or else a
value >= 1.0, meaning that multiple of the machine epsilon.
========================================================================
Checking tgjf1 ...
File differences are made with: /usr/local/bin/ndiff --relerr 1.0e-10 --minwidth 10 --abserr 0
gjf101
gjf102
### Maximum relative error in matching lines = 1.19e-14 at line 305 field 3
gjf103
### Maximum relative error in matching lines = 2.44e-14 at line 305 field 3
gjf104
### Maximum relative error in matching lines = 7.44e-14 at line 448 field 3
gjf105
Checking tgjf2 ...
File differences are made with: /usr/local/bin/ndiff --relerr 1.0e-10 --minwidth 10 --abserr 0
gjf201
gjf202
gjf203
gjf204
gjf205
Checking tgjfd1 ...
File differences are made with: /usr/local/bin/ndiff --relerr 1.0e-10 --minwidth 10 --abserr 0
gjfd101
gjfd102
### Maximum relative error in matching lines = 1.19e-14 at line 305 field 3
gjfd103
### Maximum relative error in matching lines = 2.44e-14 at line 305 field 3
gjfd104
### Maximum relative error in matching lines = 7.44e-14 at line 448 field 3
gjfd105
Checking tgjfd2 ...
File differences are made with: /usr/local/bin/ndiff --relerr 1.0e-10 --minwidth 10 --abserr 0
gjfd201
gjfd202
gjfd203
gjfd204
gjfd205
============================== Making check-dp in laguerre
(cd ../common; make lib-dp)
ar -r ../libgjl.a d2norm.o dcopy.o deps.o derbit.o dfloat.o dfpmax.o dgamma.o dinf.o diran.o dlgam.o dlog2.o dnan.o dpsi.o dpsiln.o dran.o dstore.o dstorf.o dvsum.o ffalse.o ftrue.o getnan.o idceil.o isdinf.o isdnan.o pythag.o tql1.o
ranlib ../libgjl.a || true
ar -r ../libgjl.a glqf.o glqfd.o glqli.o glqrc.o
ranlib ../libgjl.a || true
========================================================================
There should be no output from these tests, except their names. If
ndiff is available, there will also be reports of the maximum absolute
and relative errors found. If small numeric differences are reported,
then YOU must decide whether they are significant. You can do
         make check RELERR=xxx
to rerun the tests with a different relative error tolerance, where xxx
is either a suitable small positive floating-point number, or else a
value >= 1.0, meaning that multiple of the machine epsilon.
========================================================================
Checking tglf1 ...
File differences are made with: /usr/local/bin/ndiff --relerr 1.0e-10 --minwidth 10 --abserr 0
glf101
### Maximum relative error in matching lines = 5.03e-16 at line 296 field 3
glf102
330c330
<   Maximum relative error =  -2.25E-14    -101.49 ulps       6.67 bits at nquad =   75
--- field 13	relative error 2.66e-01
>   Maximum relative error =   3.36E-14     151.31 ulps       7.24 bits at nquad =   95
### Maximum relative error in matching lines = 4.43e-13 at line 305 field 6
### Maximum relative error in matching lines = 4.53e-14 at line 40 field 5
glf103
330c330
<   Maximum relative error =   5.34E-14     240.27 ulps       7.91 bits at nquad =   95
--- field 13	relative error 2.66e-01
>   Maximum relative error =  -1.62E-14     -72.87 ulps       6.19 bits at nquad =   75
331c331
<   Minimum relative error =  -1.36E-16      -0.61 ulps       0.70 bits at nquad =   95
--- field 13	relative error 2.8e+00
>   Minimum relative error =  -3.87E-16      -1.74 ulps       0.80 bits at nquad =   25
### Maximum relative error in matching lines = 5.26e-13 at line 211 field 5
### Maximum relative error in matching lines = 6.35e-14 at line 40 field 5
glf104
### Maximum relative error in matching lines = 9.06e-13 at line 305 field 6
### Maximum relative error in matching lines = 3.38e-14 at line 40 field 5
glf105
### Maximum relative error in matching lines = 5.03e-16 at line 327 field 3
glf106
### Maximum relative error in matching lines = 5.03e-16 at line 205 field 3
glf107
### Maximum relative error in matching lines = 5.03e-16 at line 41 field 3
glf108
glf109
Checking tglf2 ...
File differences are made with: /usr/local/bin/ndiff --relerr 1.0e-10 --minwidth 10 --abserr 0
glf201
104c104
<   Maximum relative error =   8.87E-14     399.33 ulps       8.64 bits at nquad =   95
--- field 13	relative error 1.04e-01
>   Maximum relative error =  -5.92E-14    -266.80 ulps       8.06 bits at nquad =   86
### Maximum relative error in matching lines = 3.38e-14 at line 102 field 2
### Maximum relative error in matching lines = 3.38e-14 at line 103 field 4
glf202
Checking tglf3 ...
File differences are made with: /usr/local/bin/ndiff --relerr 1.0e-10 --minwidth 10 --abserr 0
glf301
### Maximum relative error in matching lines = 6.02e-14 at line 881 field 2
### Maximum relative error in matching lines = 6.02e-14 at line 790 field 5
glf302
Checking tglf4 ...
File differences are made with: /usr/local/bin/ndiff --relerr 1.0e-10 --minwidth 10 --abserr 0
glf401
### Maximum relative error in matching lines = 5.73e-15 at line 102 field 4
### Maximum relative error in matching lines = 5.63e-15 at line 101 field 5
glf402
### Maximum relative error in matching lines = 2.86e-15 at line 16 field 4
### Maximum relative error in matching lines = 2.88e-15 at line 15 field 5
glf403
104c104
<   Minimum relative error =   3.36E-16   1.51E+00 ulps       0.60 bits at nquad =   25 sigma =    0.0100 alpha =   -0.5000
--- field 13	relative error 1.27e+00
>   Minimum relative error =  -1.68E-16  -7.56E-01 ulps       0.40 bits at nquad =   11 sigma =    0.0100 alpha =   -0.5000
### Maximum relative error in matching lines = 4.39e-14 at line 101 field 4
### Maximum relative error in matching lines = 4.40e-14 at line 100 field 5
glf404
105c105
<   Minimum relative error =   0.00E+00   0.00E+00 ulps       0.00 bits at nquad =   36 sigma =    0.1000 alpha =    0.5000
--- field 13	relative error 5.65e-01
>   Minimum relative error =   0.00E+00   0.00E+00 ulps       0.00 bits at nquad =   23 sigma =    0.1000 alpha =    0.5000
### Maximum relative error in matching lines = 9.90e-16 at line 102 field 4
### Maximum relative error in matching lines = 1.06e-15 at line 101 field 5
glf405
### Maximum relative error in matching lines = 2.51e-15 at line 17 field 4
### Maximum relative error in matching lines = 2.32e-15 at line 16 field 5
glf406
### Maximum relative error in matching lines = 1.12e-15 at line 10 field 4
### Maximum relative error in matching lines = 1.16e-15 at line 9 field 5
glf407
### Maximum relative error in matching lines = 1.63e-14 at line 102 field 4
### Maximum relative error in matching lines = 1.61e-14 at line 101 field 5
glf408
### Maximum relative error in matching lines = 2.00e-14 at line 102 field 4
### Maximum relative error in matching lines = 1.99e-14 at line 101 field 5
glf409
### Maximum relative error in matching lines = 2.32e-15 at line 32 field 4
### Maximum relative error in matching lines = 2.30e-15 at line 31 field 5
glf410
### Maximum relative error in matching lines = 7.22e-16 at line 9 field 5
### Maximum relative error in matching lines = 5.46e-16 at line 7 field 5
Checking tglf5 ...
File differences are made with: /usr/local/bin/ndiff --relerr 1.0e-10 --minwidth 10 --abserr 0
glf501
glf502
### Maximum relative error in matching lines = 4.43e-13 at line 305 field 6
glf503
### Maximum relative error in matching lines = 5.26e-13 at line 211 field 5
glf504
### Maximum relative error in matching lines = 9.06e-13 at line 305 field 6
glf505
glf506
glf507
glf508
glf509
Checking tglf6 ...
File differences are made with: /usr/local/bin/ndiff --relerr 1.0e-10 --minwidth 10 --abserr 0
glf601
### Maximum relative error in matching lines = 2.01e-16 at line 62 field 4
### Maximum relative error in matching lines = 1.39e-16 at line 76 field 5
glf602
### Maximum relative error in matching lines = 2.00e-16 at line 87 field 4
### Maximum relative error in matching lines = 2.22e-16 at line 36 field 5
glf603
### Maximum relative error in matching lines = 2.25e-16 at line 98 field 4
### Maximum relative error in matching lines = 1.95e-16 at line 99 field 5
glf604
### Maximum relative error in matching lines = 7.63e-16 at line 58 field 4
### Maximum relative error in matching lines = 2.12e-16 at line 65 field 5
glf605
### Maximum relative error in matching lines = 1.15e-15 at line 12 field 4
### Maximum relative error in matching lines = 1.17e-15 at line 11 field 5
glf606
### Maximum relative error in matching lines = 6.35e-16 at line 18 field 4
### Maximum relative error in matching lines = 3.52e-16 at line 17 field 5
glf607
### Maximum relative error in matching lines = 7.35e-16 at line 21 field 4
### Maximum relative error in matching lines = 8.16e-16 at line 20 field 5
glf608
### Maximum relative error in matching lines = 5.53e-15 at line 23 field 4
### Maximum relative error in matching lines = 5.58e-15 at line 22 field 5
glf609
### Maximum relative error in matching lines = 4.88e-15 at line 28 field 4
### Maximum relative error in matching lines = 4.93e-15 at line 27 field 5
glf610
Checking tglfd1 ...
File differences are made with: /usr/local/bin/ndiff --relerr 1.0e-10 --minwidth 10 --abserr 0
glfd101
glfd102
glfd103
glfd104
glfd105
### Maximum relative error in matching lines = 5.03e-16 at line 332 field 3
glfd106
### Maximum relative error in matching lines = 5.03e-16 at line 205 field 3
glfd107
### Maximum relative error in matching lines = 5.03e-16 at line 41 field 3
glfd108
glfd109
Checking tglfd2 ...
File differences are made with: /usr/local/bin/ndiff --relerr 1.0e-10 --minwidth 10 --abserr 0
glfd201
glfd202
Checking tglfd3 ...
File differences are made with: /usr/local/bin/ndiff --relerr 1.0e-10 --minwidth 10 --abserr 0
glfd301
### Maximum relative error in matching lines = 2.90e-15 at line 908 field 2
### Maximum relative error in matching lines = 2.89e-15 at line 817 field 5
glfd302
Checking tglfd4 ...
File differences are made with: /usr/local/bin/ndiff --relerr 1.0e-10 --minwidth 10 --abserr 0
glfd401
### Maximum relative error in matching lines = 2.38e-16 at line 69 field 4
### Maximum relative error in matching lines = 1.65e-16 at line 68 field 5
glfd402
### Maximum relative error in matching lines = 1.04e-15 at line 18 field 4
### Maximum relative error in matching lines = 1.09e-15 at line 17 field 5
glfd403
104c104
<   Minimum relative error =   1.34E-15   6.05E+00 ulps       2.60 bits at nquad =   21 sigma =    0.0100 alpha =   -0.5000
--- field 13	relative error 2.0e+00
>   Minimum relative error =  -1.85E-15  -8.32E+00 ulps       3.06 bits at nquad =    7 sigma =    0.0100 alpha =   -0.5000
### Maximum relative error in matching lines = 1.08e-14 at line 8 field 4
### Maximum relative error in matching lines = 1.07e-14 at line 7 field 5
glfd404
### Maximum relative error in matching lines = 2.20e-16 at line 13 field 4
### Maximum relative error in matching lines = 1.52e-16 at line 12 field 5
glfd405
105c105
<   Minimum relative error =  -4.29E-16  -1.93E+00 ulps       0.95 bits at nquad =   58 sigma =    2.0000 alpha =    1.0000
--- field 13	relative error 6.37e-01
>   Minimum relative error =  -4.29E-16  -1.93E+00 ulps       0.95 bits at nquad =   95 sigma =    2.0000 alpha =    1.0000
### Maximum relative error in matching lines = 5.15e-16 at line 27 field 4
### Maximum relative error in matching lines = 2.86e-16 at line 74 field 5
glfd406
### Maximum relative error in matching lines = 2.62e-14 at line 16 field 4
### Maximum relative error in matching lines = 2.63e-14 at line 15 field 5
glfd407
### Maximum relative error in matching lines = 9.45e-16 at line 19 field 4
### Maximum relative error in matching lines = 5.57e-16 at line 17 field 5
glfd408
### Maximum relative error in matching lines = 1.34e-15 at line 20 field 4
### Maximum relative error in matching lines = 1.39e-15 at line 19 field 5
glfd409
### Maximum relative error in matching lines = 5.31e-15 at line 34 field 4
### Maximum relative error in matching lines = 5.59e-15 at line 33 field 5
glfd410
### Maximum relative error in matching lines = 7.22e-16 at line 9 field 5
### Maximum relative error in matching lines = 3.64e-16 at line 7 field 5
Checking tglfd5 ...
File differences are made with: /usr/local/bin/ndiff --relerr 1.0e-10 --minwidth 10 --abserr 0
glfd501
glfd502
glfd503
glfd504
glfd505
glfd506
glfd507
glfd508
glfd509
Checking tglfd6 ...
File differences are made with: /usr/local/bin/ndiff --relerr 1.0e-10 --minwidth 10 --abserr 0
glfd601
### Maximum relative error in matching lines = 2.01e-16 at line 62 field 4
### Maximum relative error in matching lines = 1.39e-16 at line 76 field 5
glfd602
### Maximum relative error in matching lines = 2.00e-16 at line 87 field 4
### Maximum relative error in matching lines = 2.22e-16 at line 36 field 5
glfd603
### Maximum relative error in matching lines = 2.25e-16 at line 98 field 4
### Maximum relative error in matching lines = 1.95e-16 at line 99 field 5
glfd604
### Maximum relative error in matching lines = 7.63e-16 at line 58 field 4
### Maximum relative error in matching lines = 2.12e-16 at line 65 field 5
glfd605
### Maximum relative error in matching lines = 1.15e-15 at line 12 field 4
### Maximum relative error in matching lines = 1.17e-15 at line 11 field 5
glfd606
### Maximum relative error in matching lines = 6.35e-16 at line 18 field 4
### Maximum relative error in matching lines = 3.52e-16 at line 17 field 5
glfd607
### Maximum relative error in matching lines = 7.35e-16 at line 21 field 4
### Maximum relative error in matching lines = 8.16e-16 at line 20 field 5
glfd608
### Maximum relative error in matching lines = 5.53e-15 at line 23 field 4
### Maximum relative error in matching lines = 5.58e-15 at line 22 field 5
glfd609
### Maximum relative error in matching lines = 4.88e-15 at line 28 field 4
### Maximum relative error in matching lines = 4.93e-15 at line 27 field 5
glfd610
============================== Making check-dp in common
ar -r ../libgjl.a d2norm.o dcopy.o deps.o derbit.o dfloat.o dfpmax.o dgamma.o dinf.o diran.o dlgam.o dlog2.o dnan.o dpsi.o dpsiln.o dran.o dstore.o dstorf.o dvsum.o ffalse.o ftrue.o getnan.o idceil.o isdinf.o isdnan.o pythag.o tql1.o
ranlib ../libgjl.a || true
ar -r ../libgjl.a aeps.o afpmax.o ainf.o airan.o algam.o alog2.o anan.o astore.o astorf.o avsum.o gamma.o iceil.o isainf.o isanan.o psi.o psiln.o ran.o
ranlib ../libgjl.a || true
There is no validation suite in this directory
223.531u 114.077s 5:52.62 95.7%	0+0k 2213+5692io 1335pf+0w
============================================================
Disk free report for /local/build/g77/quadlog-gampsi:
			Filesystem           1K-blocks      Used Available Use% Mounted on
			/dev/wd0a             11697877   5830731   5282253  53% /
Remote date:            2004.06.14.12.29.45
.: Is a directory.
System status:          12:29PM  up 24 days,  3:39, 2 users, load averages: 1.90, 1.62, 1.12
============================================================
