Invoked using ./Decay -s 50 -t 1000 -u y Sr-Cs-solution-10.txt Sr-Cs-solution-10.out

               Amounts, grams
Time y         Sr-90      Y-90       Zr-90      Tc-99      Ru-99      I-129
0.0000         7.806E+02  2.045E-01  4.179E+01  1.132E+03  6.991E-03  2.716E+02
50.000         2.342E+02  5.940E-02  5.883E+02  1.132E+03  1.928E-01  2.716E+02
100.00         7.028E+01  1.782E-02  7.523E+02  1.132E+03  3.786E-01  2.716E+02
150.00         2.109E+01  5.348E-03  8.015E+02  1.131E+03  5.644E-01  2.716E+02
200.00         6.328E+00  1.605E-03  8.163E+02  1.131E+03  7.501E-01  2.716E+02
250.00         1.899E+00  4.815E-04  8.207E+02  1.131E+03  9.358E-01  2.716E+02
300.00         5.697E-01  1.445E-04  8.220E+02  1.131E+03  1.121E+00  2.716E+02
350.00         1.710E-01  4.335E-05  8.224E+02  1.131E+03  1.307E+00  2.716E+02
400.00         5.130E-02  1.301E-05  8.225E+02  1.131E+03  1.493E+00  2.716E+02
450.00         1.539E-02  3.903E-06  8.226E+02  1.130E+03  1.678E+00  2.716E+02
500.00         4.618E-03  1.171E-06  8.226E+02  1.130E+03  1.864E+00  2.716E+02
550.00         1.386E-03  3.514E-07  8.226E+02  1.130E+03  2.049E+00  2.716E+02
600.00         4.158E-04  1.054E-07  8.226E+02  1.130E+03  2.235E+00  2.716E+02
650.00         1.248E-04  3.164E-08  8.226E+02  1.130E+03  2.420E+00  2.716E+02
700.00         3.744E-05  9.494E-09  8.226E+02  1.129E+03  2.606E+00  2.716E+02
750.00         1.123E-05  2.849E-09  8.226E+02  1.129E+03  2.791E+00  2.716E+02
800.00         3.371E-06  8.548E-10  8.226E+02  1.129E+03  2.976E+00  2.716E+02
850.00         1.011E-06  2.565E-10  8.226E+02  1.129E+03  3.162E+00  2.716E+02
900.00         3.035E-07  7.696E-11  8.226E+02  1.129E+03  3.347E+00  2.716E+02
950.00         9.106E-08  2.309E-11  8.226E+02  1.128E+03  3.532E+00  2.716E+02
1000.0         2.732E-08  6.929E-12  8.226E+02  1.128E+03  3.718E+00  2.716E+02

               Amounts, grams
Time y         Xe-129     Cs-137     Ba-137m    Ba-137     Eu-154     Gd-154
0.0000         5.218E-02  1.810E+03  2.773E-04  8.018E+01  6.594E+01  6.044E+00
50.000         5.278E-02  5.719E+02  8.712E-05  1.318E+03  1.172E+00  7.081E+01
100.00         5.338E-02  1.807E+02  2.753E-05  1.709E+03  2.084E-02  7.196E+01
150.00         5.398E-02  5.710E+01  8.698E-06  1.833E+03  3.705E-04  7.198E+01
200.00         5.458E-02  1.804E+01  2.748E-06  1.872E+03  6.588E-06  7.198E+01
250.00         5.518E-02  5.701E+00  8.684E-07  1.884E+03  1.171E-07  7.198E+01
300.00         5.578E-02  1.801E+00  2.744E-07  1.888E+03  2.082E-09  7.198E+01
350.00         5.638E-02  5.692E-01  8.670E-08  1.890E+03  3.702E-11  7.198E+01
400.00         5.698E-02  1.798E-01  2.740E-08  1.890E+03  6.581E-13  7.198E+01
450.00         5.758E-02  5.683E-02  8.656E-09  1.890E+03  1.170E-14  7.198E+01
500.00         5.817E-02  1.796E-02  2.735E-09  1.890E+03  2.080E-16  7.198E+01
550.00         5.877E-02  5.674E-03  8.642E-10  1.890E+03  3.698E-18  7.198E+01
600.00         5.937E-02  1.793E-03  2.731E-10  1.890E+03  6.575E-20  7.198E+01
650.00         5.997E-02  5.665E-04  8.629E-11  1.890E+03  1.169E-21  7.198E+01
700.00         6.057E-02  1.790E-04  2.726E-11  1.890E+03  2.078E-23  7.198E+01
750.00         6.117E-02  5.656E-05  8.615E-12  1.890E+03  3.694E-25  7.198E+01
800.00         6.177E-02  1.787E-05  2.722E-12  1.890E+03  6.568E-27  7.198E+01
850.00         6.237E-02  5.647E-06  8.601E-13  1.890E+03  1.168E-28  7.198E+01
900.00         6.297E-02  1.784E-06  2.718E-13  1.890E+03  2.076E-30  7.198E+01
950.00         6.357E-02  5.638E-07  8.587E-14  1.890E+03  3.691E-32  7.198E+01
1000.0         6.417E-02  1.781E-07  2.713E-14  1.890E+03  6.562E-34  7.198E+01

               Amounts, grams
Time y         Eu-155     Gd-155     Total
0.0000         2.582E+01  2.166E-01  4.214E+03
50.000         1.760E-02  2.602E+01  4.214E+03
100.00         1.199E-05  2.604E+01  4.214E+03
150.00         8.173E-09  2.604E+01  4.214E+03
200.00         5.570E-12  2.604E+01  4.214E+03
250.00         3.796E-15  2.604E+01  4.214E+03
300.00         2.587E-18  2.604E+01  4.214E+03
350.00         1.763E-21  2.604E+01  4.214E+03
400.00         1.202E-24  2.604E+01  4.214E+03
450.00         8.189E-28  2.604E+01  4.214E+03
500.00         5.581E-31  2.604E+01  4.214E+03
550.00         3.803E-34  2.604E+01  4.214E+03
600.00         2.592E-37  2.604E+01  4.214E+03
650.00         1.766E-40  2.604E+01  4.214E+03
700.00         1.204E-43  2.604E+01  4.214E+03
750.00         8.204E-47  2.604E+01  4.214E+03
800.00         5.591E-50  2.604E+01  4.214E+03
850.00         3.811E-53  2.604E+01  4.214E+03
900.00         2.597E-56  2.604E+01  4.214E+03
950.00         1.770E-59  2.604E+01  4.214E+03
1000.0         1.206E-62  2.604E+01  4.214E+03
Total Std Dev   0.000E+00 StdDev / Average    0.000E+00

               Radiotoxicity, Sieverts
Time y         Sr-90      Y-90       Tc-99      I-129      Cs-137     Eu-154
0.0000         1.611E+08  1.606E+07  6.621E+02  2.817E+02  1.090E+08  1.901E+06
50.000         4.835E+07  4.664E+06  6.620E+02  2.817E+02  3.445E+07  3.380E+04
100.00         1.451E+07  1.399E+06  6.619E+02  2.817E+02  1.089E+07  6.009E+02
150.00         4.353E+06  4.199E+05  6.618E+02  2.817E+02  3.440E+06  1.068E+01
200.00         1.306E+06  1.260E+05  6.617E+02  2.817E+02  1.087E+06  1.899E-01
250.00         3.919E+05  3.780E+04  6.616E+02  2.817E+02  3.434E+05  3.377E-03
300.00         1.176E+05  1.134E+04  6.615E+02  2.817E+02  1.085E+05  6.003E-05
350.00         3.529E+04  3.404E+03  6.614E+02  2.817E+02  3.429E+04  1.067E-06
400.00         1.059E+04  1.021E+03  6.613E+02  2.817E+02  1.083E+04  1.897E-08
450.00         3.177E+03  3.065E+02  6.612E+02  2.817E+02  3.423E+03  3.373E-10
500.00         9.534E+02  9.196E+01  6.611E+02  2.817E+02  1.082E+03  5.997E-12
550.00         2.861E+02  2.759E+01  6.609E+02  2.817E+02  3.418E+02  1.066E-13
600.00         8.584E+01  8.279E+00  6.608E+02  2.817E+02  1.080E+02  1.896E-15
650.00         2.576E+01  2.484E+00  6.607E+02  2.817E+02  3.412E+01  3.370E-17
700.00         7.728E+00  7.454E-01  6.606E+02  2.817E+02  1.078E+01  5.991E-19
750.00         2.319E+00  2.237E-01  6.605E+02  2.817E+02  3.407E+00  1.065E-20
800.00         6.958E-01  6.711E-02  6.604E+02  2.817E+02  1.076E+00  1.894E-22
850.00         2.088E-01  2.014E-02  6.603E+02  2.817E+02  3.401E-01  3.367E-24
900.00         6.265E-02  6.043E-03  6.602E+02  2.817E+02  1.075E-01  5.985E-26
950.00         1.880E-02  1.813E-03  6.601E+02  2.817E+02  3.396E-02  1.064E-27
1000.0         5.641E-03  5.441E-04  6.600E+02  2.817E+02  1.073E-02  1.892E-29

               Radiotoxicity, Sieverts
Time y         Eu-155     Total
0.0000         2.141E+05  2.883E+08
50.000         1.459E+02  8.750E+07
100.00         9.945E-02  2.679E+07
150.00         6.778E-05  8.214E+06
200.00         4.619E-08  2.520E+06
250.00         3.148E-11  7.741E+05
300.00         2.145E-14  2.384E+05
350.00         1.462E-17  7.392E+04
400.00         9.964E-21  2.339E+04
450.00         6.791E-24  7.850E+03
500.00         4.628E-27  3.070E+03
550.00         3.154E-30  1.598E+03
600.00         2.149E-33  1.145E+03
650.00         1.465E-36  1.005E+03
700.00         9.983E-40  9.615E+02
750.00         6.804E-43  9.481E+02
800.00         4.637E-46  9.439E+02
850.00         3.160E-49  9.425E+02
900.00         2.154E-52  9.420E+02
950.00         1.468E-55  9.418E+02
1000.0         1.000E-58  9.417E+02

Columns with zero radiotoxicity not printed.

Radiotoxicity is computed for adult ingestion using dose factors from ICRP
publication 119, which does not provide dose factors for radioactive
isotopes with half lives less than ten minutes or greater than 10^9 years.
Dose factors for gases are given as Sv/day per Bq/m^3.  Radiotoxicity is
not calculated for gases.
