Argument Dimension = 9
Argument space has 512 elements.
Image Dimension = 9
Image space has 512 elements.

Writing Algebraic Normal Form to file: S9.anf
[Columns = Image components]

Writing Truth Table to file: S9.tt
[Columns = Image components]

Writing Walsh Spectrum to file: S9.wal

Writing Linear Profile to file: S9.lp
[To normalize divide by 262144]

Writing Differential Profile to file: S9.dp
[To normalize divide by 134217728]

Writing the polynomials in ANF to file: S9.pol

Writing Linear structures to file: S9.ls

Writing Autocorrelation Spectrum to file: S9.ac

Writing Cycle Structure to file: S9.cy

Nonlinearity: 240
Second order Nonlinearity: -1
Linearity distance: 255
Algebraic degree: 2
Algebraic immunity: 2
Absolute indicator: 512
Sum-of-squares indicator: 267911168
Linear potential: 0.00390625
Differential potential: 0.00390625
Maximum Nonlinearity (if n is even): 242
Maximum Linearity distance: 272
It is an almost optimal function
The fixed points are: 
[[0 1 0 0 1 0 1 1 1]
]
The negated fixed points are: 
[[1 0 0 0 1 1 0 0 0]
]
Correlation immunity: 0
It is a balanced function
The function is PC of degree 0
