This file contains any messages produced by compilers while
running configure, to aid debugging if configure makes a mistake.

It was created by gsl configure 1.6, which was
generated by GNU Autoconf 2.59.  Invocation command line was

  $ ./configure 

## --------- ##
## Platform. ##
## --------- ##

hostname = pascal
uname -m = i686
uname -r = 2.6.11.4-21.9-smp
uname -s = Linux
uname -v = #1 SMP Fri Aug 19 11:58:59 UTC 2005

/usr/bin/uname -p = unknown
/bin/uname -X     = unknown

/bin/arch              = i686
/usr/bin/arch -k       = unknown
/usr/convex/getsysinfo = unknown
hostinfo               = unknown
/bin/machine           = unknown
/usr/bin/oslevel       = unknown
/bin/universe          = unknown

PATH: /home/wschrep/bin
PATH: /usr/local/bin
PATH: /usr/bin
PATH: /usr/X11R6/bin
PATH: /bin
PATH: /usr/games
PATH: /opt/gnome/bin
PATH: /opt/kde3/bin
PATH: /usr/lib/qt3/bin
PATH: /usr/lib/qt3/bin
PATH: /usr/lib/qt3/bin
PATH: /home/wschrep/maven-1.0.2/bin/


## ----------- ##
## Core tests. ##
## ----------- ##

configure:1524: checking for a BSD-compatible install
configure:1579: result: /usr/bin/install -c
configure:1590: checking whether build environment is sane
configure:1633: result: yes
configure:1666: checking for gawk
configure:1682: found /usr/bin/gawk
configure:1692: result: gawk
configure:1702: checking whether make sets $(MAKE)
configure:1722: result: yes
configure:1888: checking whether to enable maintainer-specific portions of Makefiles
configure:1897: result: no
configure:1935: checking whether make sets $(MAKE)
configure:1955: result: yes
configure:1971: checking build system type
configure:1989: result: i686-pc-linux-gnu
configure:1997: checking host system type
configure:2011: result: i686-pc-linux-gnu
configure:2072: checking for gcc
configure:2088: found /home/wschrep/bin/gcc
configure:2098: result: gcc
configure:2342: checking for C compiler version
configure:2345: gcc --version </dev/null >&5
gcc (GCC) 3.3.5 20050117 (prerelease) (SUSE Linux)
Copyright (C) 2003 Free Software Foundation, Inc.
This is free software; see the source for copying conditions.  There is NO
warranty; not even for MERCHANTABILITY or FITNESS FOR A PARTICULAR PURPOSE.

configure:2348: $? = 0
configure:2350: gcc -v </dev/null >&5
Reading specs from /usr/lib/gcc-lib/i586-suse-linux/3.3.5/specs
Configured with: ../configure --enable-threads=posix --prefix=/usr --with-local-prefix=/usr/local --infodir=/usr/share/info --mandir=/usr/share/man --enable-languages=c,c++,f77,objc,java,ada --disable-checking --libdir=/usr/lib --enable-libgcj --with-slibdir=/lib --with-system-zlib --enable-shared --enable-__cxa_atexit i586-suse-linux
Thread model: posix
gcc version 3.3.5 20050117 (prerelease) (SUSE Linux)
configure:2353: $? = 0
configure:2355: gcc -V </dev/null >&5
gcc: `-V' option must have argument
configure:2358: $? = 1
configure:2381: checking for C compiler default output file name
configure:2384: gcc    conftest.c  >&5
configure:2387: $? = 0
configure:2433: result: a.out
configure:2438: checking whether the C compiler works
configure:2444: ./a.out
configure:2447: $? = 0
configure:2464: result: yes
configure:2471: checking whether we are cross compiling
configure:2473: result: no
configure:2476: checking for suffix of executables
configure:2478: gcc -o conftest    conftest.c  >&5
configure:2481: $? = 0
configure:2506: result: 
configure:2512: checking for suffix of object files
configure:2533: gcc -c   conftest.c >&5
configure:2536: $? = 0
configure:2558: result: o
configure:2562: checking whether we are using the GNU C compiler
configure:2586: gcc -c   conftest.c >&5
configure:2592: $? = 0
configure:2596: test -z 
			 || test ! -s conftest.err
configure:2599: $? = 0
configure:2602: test -s conftest.o
configure:2605: $? = 0
configure:2618: result: yes
configure:2624: checking whether gcc accepts -g
configure:2645: gcc -c -g  conftest.c >&5
configure:2651: $? = 0
configure:2655: test -z 
			 || test ! -s conftest.err
configure:2658: $? = 0
configure:2661: test -s conftest.o
configure:2664: $? = 0
configure:2675: result: yes
configure:2692: checking for gcc option to accept ANSI C
configure:2762: gcc  -c -g -O2  conftest.c >&5
configure:2768: $? = 0
configure:2772: test -z 
			 || test ! -s conftest.err
configure:2775: $? = 0
configure:2778: test -s conftest.o
configure:2781: $? = 0
configure:2799: result: none needed
configure:2817: gcc -c -g -O2  conftest.c >&5
conftest.c:2: error: syntax error before "me"
configure:2823: $? = 1
configure: failed program was:
| #ifndef __cplusplus
|   choke me
| #endif
configure:2961: checking how to run the C preprocessor
configure:2996: gcc -E  conftest.c
configure:3002: $? = 0
configure:3034: gcc -E  conftest.c
conftest.c:12:28: ac_nonexistent.h: No such file or directory
configure:3040: $? = 1
configure: failed program was:
| /* confdefs.h.  */
| 
| #define PACKAGE_NAME "gsl"
| #define PACKAGE_TARNAME "gsl"
| #define PACKAGE_VERSION "1.6"
| #define PACKAGE_STRING "gsl 1.6"
| #define PACKAGE_BUGREPORT ""
| #define PACKAGE "gsl"
| #define VERSION "1.6"
| #define RELEASED 1
| /* end confdefs.h.  */
| #include <ac_nonexistent.h>
configure:3079: result: gcc -E
configure:3103: gcc -E  conftest.c
configure:3109: $? = 0
configure:3141: gcc -E  conftest.c
conftest.c:12:28: ac_nonexistent.h: No such file or directory
configure:3147: $? = 1
configure: failed program was:
| /* confdefs.h.  */
| 
| #define PACKAGE_NAME "gsl"
| #define PACKAGE_TARNAME "gsl"
| #define PACKAGE_VERSION "1.6"
| #define PACKAGE_STRING "gsl 1.6"
| #define PACKAGE_BUGREPORT ""
| #define PACKAGE "gsl"
| #define VERSION "1.6"
| #define RELEASED 1
| /* end confdefs.h.  */
| #include <ac_nonexistent.h>
configure:3203: checking for a BSD-compatible install
configure:3258: result: /usr/bin/install -c
configure:3269: checking whether ln -s works
configure:3273: result: yes
configure:3321: checking for ranlib
configure:3337: found /usr/bin/ranlib
configure:3348: result: ranlib
configure:3401: checking for ar
configure:3417: found /usr/bin/ar
configure:3428: result: ar
configure:3529: checking for ld used by GCC
configure:3592: result: /usr/i586-suse-linux/bin/ld
configure:3601: checking if the linker (/usr/i586-suse-linux/bin/ld) is GNU ld
GNU ld version 2.15.94.0.2.2 20041220 (SuSE Linux)
configure:3613: result: yes
configure:3618: checking for /usr/i586-suse-linux/bin/ld option to reload object files
configure:3625: result: -r
configure:3630: checking for BSD-compatible nm
configure:3666: result: /usr/bin/nm -B
configure:3669: checking for a sed that does not truncate output
configure:3751: result: /usr/bin/sed
configure:3754: checking how to recognise dependent libraries
configure:3935: result: pass_all
configure:3948: checking command to parse /usr/bin/nm -B output
configure:4032: gcc -c -g -O2  conftest.c >&5
configure:4035: $? = 0
configure:4039: /usr/bin/nm -B conftest.o \| sed -n -e 's/^.*[ 	]\([ABCDGISTW][ABCDGISTW]*\)[ 	][ 	]*\(\)\([_A-Za-z][_A-Za-z0-9]*\)$/\1 \2\3 \3/p' \> conftest.nm
configure:4042: $? = 0
configure:4094: gcc -o conftest -g -O2   conftest.c conftstm.o >&5
configure:4097: $? = 0
configure:4141: result: ok
configure:4146: checking for egrep
configure:4156: result: grep -E
configure:4161: checking for ANSI C header files
configure:4186: gcc -c -g -O2  conftest.c >&5
configure:4192: $? = 0
configure:4196: test -z 
			 || test ! -s conftest.err
configure:4199: $? = 0
configure:4202: test -s conftest.o
configure:4205: $? = 0
configure:4294: gcc -o conftest -g -O2   conftest.c  >&5
configure:4297: $? = 0
configure:4299: ./conftest
configure:4302: $? = 0
configure:4317: result: yes
configure:4341: checking for sys/types.h
configure:4357: gcc -c -g -O2  conftest.c >&5
configure:4363: $? = 0
configure:4367: test -z 
			 || test ! -s conftest.err
configure:4370: $? = 0
configure:4373: test -s conftest.o
configure:4376: $? = 0
configure:4387: result: yes
configure:4341: checking for sys/stat.h
configure:4357: gcc -c -g -O2  conftest.c >&5
configure:4363: $? = 0
configure:4367: test -z 
			 || test ! -s conftest.err
configure:4370: $? = 0
configure:4373: test -s conftest.o
configure:4376: $? = 0
configure:4387: result: yes
configure:4341: checking for stdlib.h
configure:4357: gcc -c -g -O2  conftest.c >&5
configure:4363: $? = 0
configure:4367: test -z 
			 || test ! -s conftest.err
configure:4370: $? = 0
configure:4373: test -s conftest.o
configure:4376: $? = 0
configure:4387: result: yes
configure:4341: checking for string.h
configure:4357: gcc -c -g -O2  conftest.c >&5
configure:4363: $? = 0
configure:4367: test -z 
			 || test ! -s conftest.err
configure:4370: $? = 0
configure:4373: test -s conftest.o
configure:4376: $? = 0
configure:4387: result: yes
configure:4341: checking for memory.h
configure:4357: gcc -c -g -O2  conftest.c >&5
configure:4363: $? = 0
configure:4367: test -z 
			 || test ! -s conftest.err
configure:4370: $? = 0
configure:4373: test -s conftest.o
configure:4376: $? = 0
configure:4387: result: yes
configure:4341: checking for strings.h
configure:4357: gcc -c -g -O2  conftest.c >&5
configure:4363: $? = 0
configure:4367: test -z 
			 || test ! -s conftest.err
configure:4370: $? = 0
configure:4373: test -s conftest.o
configure:4376: $? = 0
configure:4387: result: yes
configure:4341: checking for inttypes.h
configure:4357: gcc -c -g -O2  conftest.c >&5
configure:4363: $? = 0
configure:4367: test -z 
			 || test ! -s conftest.err
configure:4370: $? = 0
configure:4373: test -s conftest.o
configure:4376: $? = 0
configure:4387: result: yes
configure:4341: checking for stdint.h
configure:4357: gcc -c -g -O2  conftest.c >&5
configure:4363: $? = 0
configure:4367: test -z 
			 || test ! -s conftest.err
configure:4370: $? = 0
configure:4373: test -s conftest.o
configure:4376: $? = 0
configure:4387: result: yes
configure:4341: checking for unistd.h
configure:4357: gcc -c -g -O2  conftest.c >&5
configure:4363: $? = 0
configure:4367: test -z 
			 || test ! -s conftest.err
configure:4370: $? = 0
configure:4373: test -s conftest.o
configure:4376: $? = 0
configure:4387: result: yes
configure:4413: checking dlfcn.h usability
configure:4425: gcc -c -g -O2  conftest.c >&5
configure:4431: $? = 0
configure:4435: test -z 
			 || test ! -s conftest.err
configure:4438: $? = 0
configure:4441: test -s conftest.o
configure:4444: $? = 0
configure:4454: result: yes
configure:4458: checking dlfcn.h presence
configure:4468: gcc -E  conftest.c
configure:4474: $? = 0
configure:4494: result: yes
configure:4529: checking for dlfcn.h
configure:4536: result: yes
configure:4734: checking for ranlib
configure:4761: result: ranlib
configure:4814: checking for strip
configure:4830: found /usr/bin/strip
configure:4841: result: strip
configure:5061: checking for objdir
configure:5072: result: .libs
configure:5089: checking for gcc option to produce PIC
configure:5235: result: -fPIC
configure:5239: checking if gcc PIC flag -fPIC works
configure:5262: gcc -c -g -O2 -fPIC -DPIC  conftest.c >&5
configure:5268: $? = 0
configure:5272: test -z 
			 || test ! -s conftest.err
configure:5275: $? = 0
configure:5278: test -s conftest.o
configure:5281: $? = 0
configure:5319: result: yes
configure:5335: checking if gcc static flag -static works
configure:5359: gcc -o conftest -g -O2   -static conftest.c  >&5
configure:5365: $? = 0
configure:5369: test -z 
			 || test ! -s conftest.err
configure:5372: $? = 0
configure:5375: test -s conftest
configure:5378: $? = 0
configure:5395: result: yes
configure:5407: checking if gcc supports -c -o file.o
configure:5427: gcc -c -g -O2 -o out/conftest2.o  conftest.c >&5
configure:5451: result: yes
configure:5456: checking if gcc supports -c -o file.lo
configure:5483: gcc -c -g -O2 -c -o conftest.lo  conftest.c >&5
configure:5489: $? = 0
configure:5493: test -z 
			 || test ! -s conftest.err
configure:5496: $? = 0
configure:5499: test -s conftest.lo
configure:5502: $? = 0
configure:5524: result: yes
configure:5555: checking if gcc supports -fno-rtti -fno-exceptions
configure:5577: gcc -c -g -O2 -fno-rtti -fno-exceptions -c conftest.c  conftest.c >&5
cc1: warning: "-fno-rtti" is valid for C++ but not for C/ObjC
cc1: warning: "-fno-rtti" is valid for C++ but not for C/ObjC
configure:5583: $? = 0
configure:5587: test -z 
			 || test ! -s conftest.err
configure:5590: $? = 0
configure:5593: test -s conftest.o
configure:5596: $? = 0
configure:5613: result: no
configure:5624: checking whether the linker (/usr/i586-suse-linux/bin/ld) supports shared libraries
configure:6319: result: yes
configure:6324: checking how to hardcode library paths into programs
configure:6348: result: immediate
configure:6353: checking whether stripping libraries is possible
configure:6358: result: yes
configure:6369: checking dynamic linker characteristics
configure:6776: result: GNU/Linux ld.so
configure:6781: checking if libtool supports shared libraries
configure:6783: result: yes
configure:6786: checking whether to build shared libraries
configure:6807: result: yes
configure:6810: checking whether to build static libraries
configure:6814: result: yes
configure:7564: checking whether -lc should be explicitly linked in
configure:7572: gcc -c -g -O2  conftest.c >&5
configure:7575: $? = 0
configure:7589: gcc -shared conftest.o  -v -Wl,-soname -Wl,conftest -o conftest 2\>\&1 \| grep  -lc  \>/dev/null 2\>\&1
configure:7592: $? = 0
configure:7605: result: no
configure:8179: checking for size_t
configure:8203: gcc -c -g -O2  conftest.c >&5
configure:8209: $? = 0
configure:8213: test -z 
			 || test ! -s conftest.err
configure:8216: $? = 0
configure:8219: test -s conftest.o
configure:8222: $? = 0
configure:8233: result: yes
configure:8245: checking for working volatile
configure:8268: gcc -c -g -O2  conftest.c >&5
configure:8274: $? = 0
configure:8278: test -z 
			 || test ! -s conftest.err
configure:8281: $? = 0
configure:8284: test -s conftest.o
configure:8287: $? = 0
configure:8298: result: yes
configure:8308: checking for inline
configure:8329: gcc -c -g -O2  conftest.c >&5
configure:8335: $? = 0
configure:8339: test -z 
			 || test ! -s conftest.err
configure:8342: $? = 0
configure:8345: test -s conftest.o
configure:8348: $? = 0
configure:8360: result: inline
configure:8386: checking for extern inline
configure:8410: gcc -c -g -O2  conftest.c >&5
configure:8416: $? = 0
configure:8420: test -z 
			 || test ! -s conftest.err
configure:8423: $? = 0
configure:8426: test -s conftest.o
configure:8429: $? = 0
configure:8440: result: yes
configure:8458: checking for vprintf
configure:8515: gcc -o conftest -g -O2   conftest.c  >&5
conftest.c:48: warning: conflicting types for built-in function `vprintf'
configure:8521: $? = 0
configure:8525: test -z 
			 || test ! -s conftest.err
configure:8528: $? = 0
configure:8531: test -s conftest
configure:8534: $? = 0
configure:8546: result: yes
configure:8553: checking for _doprnt
configure:8610: gcc -o conftest -g -O2   conftest.c  >&5
/tmp/ccKpzZvj.o(.text+0x11): In function `main':
/home/wschrep/precompiler_algorithm/gsl-1.6/conftest.c:65: undefined reference to `_doprnt'
/tmp/ccKpzZvj.o(.data+0x0): undefined reference to `_doprnt'
collect2: ld returned 1 exit status
configure:8616: $? = 1
configure: failed program was:
| /* confdefs.h.  */
| 
| #define PACKAGE_NAME "gsl"
| #define PACKAGE_TARNAME "gsl"
| #define PACKAGE_VERSION "1.6"
| #define PACKAGE_STRING "gsl 1.6"
| #define PACKAGE_BUGREPORT ""
| #define PACKAGE "gsl"
| #define VERSION "1.6"
| #define RELEASED 1
| #define STDC_HEADERS 1
| #define HAVE_SYS_TYPES_H 1
| #define HAVE_SYS_STAT_H 1
| #define HAVE_STDLIB_H 1
| #define HAVE_STRING_H 1
| #define HAVE_MEMORY_H 1
| #define HAVE_STRINGS_H 1
| #define HAVE_INTTYPES_H 1
| #define HAVE_STDINT_H 1
| #define HAVE_UNISTD_H 1
| #define HAVE_DLFCN_H 1
| #define HAVE_INLINE 1
| #define HAVE_VPRINTF 1
| /* end confdefs.h.  */
| /* Define _doprnt to an innocuous variant, in case <limits.h> declares _doprnt.
|    For example, HP-UX 11i <limits.h> declares gettimeofday.  */
| #define _doprnt innocuous__doprnt
| 
| /* System header to define __stub macros and hopefully few prototypes,
|     which can conflict with char _doprnt (); below.
|     Prefer <limits.h> to <assert.h> if __STDC__ is defined, since
|     <limits.h> exists even on freestanding compilers.  */
| 
| #ifdef __STDC__
| # include <limits.h>
| #else
| # include <assert.h>
| #endif
| 
| #undef _doprnt
| 
| /* Override any gcc2 internal prototype to avoid an error.  */
| #ifdef __cplusplus
| extern "C"
| {
| #endif
| /* We use char because int might match the return type of a gcc2
|    builtin and then its argument prototype would still apply.  */
| char _doprnt ();
| /* The GNU C library defines this for functions which it implements
|     to always fail with ENOSYS.  Some functions are actually named
|     something starting with __ and the normal name is an alias.  */
| #if defined (__stub__doprnt) || defined (__stub____doprnt)
| choke me
| #else
| char (*f) () = _doprnt;
| #endif
| #ifdef __cplusplus
| }
| #endif
| 
| int
| main ()
| {
| return f != _doprnt;
|   ;
|   return 0;
| }
configure:8641: result: no
configure:8664: checking for memcpy
configure:8721: gcc -o conftest -g -O2   conftest.c  >&5
conftest.c:49: warning: conflicting types for built-in function `memcpy'
configure:8727: $? = 0
configure:8731: test -z 
			 || test ! -s conftest.err
configure:8734: $? = 0
configure:8737: test -s conftest
configure:8740: $? = 0
configure:8752: result: yes
configure:8664: checking for memmove
configure:8721: gcc -o conftest -g -O2   conftest.c  >&5
configure:8727: $? = 0
configure:8731: test -z 
			 || test ! -s conftest.err
configure:8734: $? = 0
configure:8737: test -s conftest
configure:8740: $? = 0
configure:8752: result: yes
configure:8664: checking for strdup
configure:8721: gcc -o conftest -g -O2   conftest.c  >&5
configure:8727: $? = 0
configure:8731: test -z 
			 || test ! -s conftest.err
configure:8734: $? = 0
configure:8737: test -s conftest
configure:8740: $? = 0
configure:8752: result: yes
configure:8664: checking for strtol
configure:8721: gcc -o conftest -g -O2   conftest.c  >&5
configure:8727: $? = 0
configure:8731: test -z 
			 || test ! -s conftest.err
configure:8734: $? = 0
configure:8737: test -s conftest
configure:8740: $? = 0
configure:8752: result: yes
configure:8664: checking for strtoul
configure:8721: gcc -o conftest -g -O2   conftest.c  >&5
configure:8727: $? = 0
configure:8731: test -z 
			 || test ! -s conftest.err
configure:8734: $? = 0
configure:8737: test -s conftest
configure:8740: $? = 0
configure:8752: result: yes
configure:8773: checking for EXIT_SUCCESS and EXIT_FAILURE
configure:8801: result: yes
configure:8814: checking for cos in -lm
configure:8844: gcc -o conftest -g -O2   conftest.c -lm   >&5
conftest.c:38: warning: conflicting types for built-in function `cos'
configure:8850: $? = 0
configure:8854: test -z 
			 || test ! -s conftest.err
configure:8857: $? = 0
configure:8860: test -s conftest
configure:8863: $? = 0
configure:8876: result: yes
configure:8889: checking whether feenableexcept is declared
configure:8915: gcc -c -g -O2  conftest.c >&5
configure:8921: $? = 0
configure:8925: test -z 
			 || test ! -s conftest.err
configure:8928: $? = 0
configure:8931: test -s conftest.o
configure:8934: $? = 0
configure:8945: result: yes
configure:8963: checking whether fesettrapenable is declared
configure:8989: gcc -c -g -O2  conftest.c >&5
conftest.c: In function `main':
conftest.c:40: error: `fesettrapenable' undeclared (first use in this function)
conftest.c:40: error: (Each undeclared identifier is reported only once
conftest.c:40: error: for each function it appears in.)
configure:8995: $? = 1
configure: failed program was:
| /* confdefs.h.  */
| 
| #define PACKAGE_NAME "gsl"
| #define PACKAGE_TARNAME "gsl"
| #define PACKAGE_VERSION "1.6"
| #define PACKAGE_STRING "gsl 1.6"
| #define PACKAGE_BUGREPORT ""
| #define PACKAGE "gsl"
| #define VERSION "1.6"
| #define RELEASED 1
| #define STDC_HEADERS 1
| #define HAVE_SYS_TYPES_H 1
| #define HAVE_SYS_STAT_H 1
| #define HAVE_STDLIB_H 1
| #define HAVE_STRING_H 1
| #define HAVE_MEMORY_H 1
| #define HAVE_STRINGS_H 1
| #define HAVE_INTTYPES_H 1
| #define HAVE_STDINT_H 1
| #define HAVE_UNISTD_H 1
| #define HAVE_DLFCN_H 1
| #define HAVE_INLINE 1
| #define HAVE_VPRINTF 1
| #define HAVE_MEMCPY 1
| #define HAVE_MEMMOVE 1
| #define HAVE_STRDUP 1
| #define HAVE_STRTOL 1
| #define HAVE_STRTOUL 1
| #define HAVE_EXIT_SUCCESS_AND_FAILURE 1
| #define HAVE_LIBM 1
| #define HAVE_DECL_FEENABLEEXCEPT 1
| /* end confdefs.h.  */
| #define _GNU_SOURCE 1
| #include <fenv.h>
| 
| int
| main ()
| {
| #ifndef fesettrapenable
|   char *p = (char *) fesettrapenable;
| #endif
| 
|   ;
|   return 0;
| }
configure:9019: result: no
configure:9037: checking whether hypot is declared
configure:9062: gcc -c -g -O2  conftest.c >&5
configure:9068: $? = 0
configure:9072: test -z 
			 || test ! -s conftest.err
configure:9075: $? = 0
configure:9078: test -s conftest.o
configure:9081: $? = 0
configure:9092: result: yes
configure:9110: checking whether expm1 is declared
configure:9135: gcc -c -g -O2  conftest.c >&5
configure:9141: $? = 0
configure:9145: test -z 
			 || test ! -s conftest.err
configure:9148: $? = 0
configure:9151: test -s conftest.o
configure:9154: $? = 0
configure:9165: result: yes
configure:9183: checking whether acosh is declared
configure:9208: gcc -c -g -O2  conftest.c >&5
configure:9214: $? = 0
configure:9218: test -z 
			 || test ! -s conftest.err
configure:9221: $? = 0
configure:9224: test -s conftest.o
configure:9227: $? = 0
configure:9238: result: yes
configure:9256: checking whether asinh is declared
configure:9281: gcc -c -g -O2  conftest.c >&5
configure:9287: $? = 0
configure:9291: test -z 
			 || test ! -s conftest.err
configure:9294: $? = 0
configure:9297: test -s conftest.o
configure:9300: $? = 0
configure:9311: result: yes
configure:9329: checking whether atanh is declared
configure:9354: gcc -c -g -O2  conftest.c >&5
configure:9360: $? = 0
configure:9364: test -z 
			 || test ! -s conftest.err
configure:9367: $? = 0
configure:9370: test -s conftest.o
configure:9373: $? = 0
configure:9384: result: yes
configure:9402: checking whether ldexp is declared
configure:9427: gcc -c -g -O2  conftest.c >&5
configure:9433: $? = 0
configure:9437: test -z 
			 || test ! -s conftest.err
configure:9440: $? = 0
configure:9443: test -s conftest.o
configure:9446: $? = 0
configure:9457: result: yes
configure:9475: checking whether frexp is declared
configure:9500: gcc -c -g -O2  conftest.c >&5
configure:9506: $? = 0
configure:9510: test -z 
			 || test ! -s conftest.err
configure:9513: $? = 0
configure:9516: test -s conftest.o
configure:9519: $? = 0
configure:9530: result: yes
configure:9548: checking whether isinf is declared
configure:9573: gcc -c -g -O2  conftest.c >&5
configure:9579: $? = 0
configure:9583: test -z 
			 || test ! -s conftest.err
configure:9586: $? = 0
configure:9589: test -s conftest.o
configure:9592: $? = 0
configure:9603: result: yes
configure:9621: checking whether finite is declared
configure:9646: gcc -c -g -O2  conftest.c >&5
configure:9652: $? = 0
configure:9656: test -z 
			 || test ! -s conftest.err
configure:9659: $? = 0
configure:9662: test -s conftest.o
configure:9665: $? = 0
configure:9676: result: yes
configure:9694: checking whether isfinite is declared
configure:9719: gcc -c -g -O2  conftest.c >&5
conftest.c: In function `main':
conftest.c:49: error: `isfinite' undeclared (first use in this function)
conftest.c:49: error: (Each undeclared identifier is reported only once
conftest.c:49: error: for each function it appears in.)
configure:9725: $? = 1
configure: failed program was:
| /* confdefs.h.  */
| 
| #define PACKAGE_NAME "gsl"
| #define PACKAGE_TARNAME "gsl"
| #define PACKAGE_VERSION "1.6"
| #define PACKAGE_STRING "gsl 1.6"
| #define PACKAGE_BUGREPORT ""
| #define PACKAGE "gsl"
| #define VERSION "1.6"
| #define RELEASED 1
| #define STDC_HEADERS 1
| #define HAVE_SYS_TYPES_H 1
| #define HAVE_SYS_STAT_H 1
| #define HAVE_STDLIB_H 1
| #define HAVE_STRING_H 1
| #define HAVE_MEMORY_H 1
| #define HAVE_STRINGS_H 1
| #define HAVE_INTTYPES_H 1
| #define HAVE_STDINT_H 1
| #define HAVE_UNISTD_H 1
| #define HAVE_DLFCN_H 1
| #define HAVE_INLINE 1
| #define HAVE_VPRINTF 1
| #define HAVE_MEMCPY 1
| #define HAVE_MEMMOVE 1
| #define HAVE_STRDUP 1
| #define HAVE_STRTOL 1
| #define HAVE_STRTOUL 1
| #define HAVE_EXIT_SUCCESS_AND_FAILURE 1
| #define HAVE_LIBM 1
| #define HAVE_DECL_FEENABLEEXCEPT 1
| #define HAVE_DECL_FESETTRAPENABLE 0
| #define HAVE_DECL_HYPOT 1
| #define HAVE_DECL_EXPM1 1
| #define HAVE_DECL_ACOSH 1
| #define HAVE_DECL_ASINH 1
| #define HAVE_DECL_ATANH 1
| #define HAVE_DECL_LDEXP 1
| #define HAVE_DECL_FREXP 1
| #define HAVE_DECL_ISINF 1
| #define HAVE_DECL_FINITE 1
| /* end confdefs.h.  */
| #include <math.h>
| 
| int
| main ()
| {
| #ifndef isfinite
|   char *p = (char *) isfinite;
| #endif
| 
|   ;
|   return 0;
| }
configure:9749: result: no
configure:9767: checking whether isnan is declared
configure:9792: gcc -c -g -O2  conftest.c >&5
configure:9798: $? = 0
configure:9802: test -z 
			 || test ! -s conftest.err
configure:9805: $? = 0
configure:9808: test -s conftest.o
configure:9811: $? = 0
configure:9822: result: yes
configure:9847: checking whether log1p is declared
configure:9872: gcc -c -g -O2  conftest.c >&5
configure:9878: $? = 0
configure:9882: test -z 
			 || test ! -s conftest.err
configure:9885: $? = 0
configure:9888: test -s conftest.o
configure:9891: $? = 0
configure:9902: result: yes
configure:9923: checking for long double stdio
configure:9949: gcc -o conftest -g -O2   conftest.c -lm  >&5
configure:9952: $? = 0
configure:9954: ./conftest
1.234
configure:9957: $? = 0
configure:9971: result: yes
configure:9982: checking for extended floating point registers
configure:10015: result: yes
configure:10026: checking for IEEE arithmetic interface type
configure:10086: result: gnux86
configure:10090: checking for FPU_SETCW
configure:10117: gcc -c -g -O2  conftest.c >&5
configure:10123: $? = 0
configure:10127: test -z 
			 || test ! -s conftest.err
configure:10130: $? = 0
configure:10133: test -s conftest.o
configure:10136: $? = 0
configure:10148: result: yes
configure:10180: checking for IEEE compiler flags
configure:10247: result: none
configure:10256: checking for IEEE comparisons
configure:10282: gcc -o conftest -g -O2   conftest.c -lm  >&5
configure:10285: $? = 0
configure:10287: ./conftest
configure:10290: $? = 0
configure:10305: result: yes
configure:10316: checking for IEEE denormalized values
configure:10343: gcc -o conftest -g -O2   conftest.c -lm  >&5
configure:10346: $? = 0
configure:10348: ./conftest
configure:10351: $? = 0
configure:10366: result: yes
configure:10481: creating ./config.status

## ---------------------- ##
## Running config.status. ##
## ---------------------- ##

This file was extended by gsl config.status 1.6, which was
generated by GNU Autoconf 2.59.  Invocation command line was

  CONFIG_FILES    = 
  CONFIG_HEADERS  = 
  CONFIG_LINKS    = 
  CONFIG_COMMANDS = 
  $ ./config.status 

on pascal

config.status:759: creating gsl-config
config.status:759: creating gsl.pc
config.status:759: creating gsl_version.h
config.status:759: creating gsl.spec
config.status:759: creating gsl/Makefile
config.status:759: creating test/Makefile
config.status:759: creating err/Makefile
config.status:759: creating sys/Makefile
config.status:759: creating utils/Makefile
config.status:759: creating const/Makefile
config.status:759: creating min/Makefile
config.status:759: creating multimin/Makefile
config.status:759: creating ieee-utils/Makefile
config.status:759: creating fft/Makefile
config.status:759: creating specfunc/Makefile
config.status:759: creating dht/Makefile
config.status:759: creating fit/Makefile
config.status:759: creating multifit/Makefile
config.status:759: creating statistics/Makefile
config.status:759: creating sum/Makefile
config.status:759: creating roots/Makefile
config.status:759: creating multiroots/Makefile
config.status:759: creating ntuple/Makefile
config.status:759: creating poly/Makefile
config.status:759: creating qrng/Makefile
config.status:759: creating rng/Makefile
config.status:759: creating randist/Makefile
config.status:759: creating siman/Makefile
config.status:759: creating integration/Makefile
config.status:759: creating interpolation/Makefile
config.status:759: creating doc/Makefile
config.status:759: creating block/Makefile
config.status:759: creating vector/Makefile
config.status:759: creating matrix/Makefile
config.status:759: creating histogram/Makefile
config.status:759: creating monte/Makefile
config.status:759: creating ode-initval/Makefile
config.status:759: creating cblas/Makefile
config.status:759: creating blas/Makefile
config.status:759: creating linalg/Makefile
config.status:759: creating eigen/Makefile
config.status:759: creating permutation/Makefile
config.status:759: creating combination/Makefile
config.status:759: creating sort/Makefile
config.status:759: creating complex/Makefile
config.status:759: creating diff/Makefile
config.status:759: creating deriv/Makefile
config.status:759: creating cheb/Makefile
config.status:759: creating cdf/Makefile
config.status:759: creating wavelet/Makefile
config.status:759: creating Makefile
config.status:863: creating config.h

## ---------------- ##
## Cache variables. ##
## ---------------- ##

ac_cv_build=i686-pc-linux-gnu
ac_cv_build_alias=i686-pc-linux-gnu
ac_cv_c_compiler_gnu=yes
ac_cv_c_extended_fp=yes
ac_cv_c_extern_inline=yes
ac_cv_c_fpu_setcw=yes
ac_cv_c_ieee_comparisons=yes
ac_cv_c_ieee_denormals=yes
ac_cv_c_ieee_flags=none
ac_cv_c_ieee_interface=gnux86
ac_cv_c_inline=inline
ac_cv_c_volatile=yes
ac_cv_decl_exit_success_and_failure=yes
ac_cv_env_CC_set=
ac_cv_env_CC_value=
ac_cv_env_CFLAGS_set=
ac_cv_env_CFLAGS_value=
ac_cv_env_CPPFLAGS_set=
ac_cv_env_CPPFLAGS_value=
ac_cv_env_CPP_set=
ac_cv_env_CPP_value=
ac_cv_env_LDFLAGS_set=
ac_cv_env_LDFLAGS_value=
ac_cv_env_build_alias_set=
ac_cv_env_build_alias_value=
ac_cv_env_host_alias_set=
ac_cv_env_host_alias_value=
ac_cv_env_target_alias_set=
ac_cv_env_target_alias_value=
ac_cv_exeext=
ac_cv_func__doprnt=no
ac_cv_func_memcpy=yes
ac_cv_func_memmove=yes
ac_cv_func_printf_longdouble=yes
ac_cv_func_strdup=yes
ac_cv_func_strtol=yes
ac_cv_func_strtoul=yes
ac_cv_func_vprintf=yes
ac_cv_have_decl_acosh=yes
ac_cv_have_decl_asinh=yes
ac_cv_have_decl_atanh=yes
ac_cv_have_decl_expm1=yes
ac_cv_have_decl_feenableexcept=yes
ac_cv_have_decl_fesettrapenable=no
ac_cv_have_decl_finite=yes
ac_cv_have_decl_frexp=yes
ac_cv_have_decl_hypot=yes
ac_cv_have_decl_isfinite=no
ac_cv_have_decl_isinf=yes
ac_cv_have_decl_isnan=yes
ac_cv_have_decl_ldexp=yes
ac_cv_have_decl_log1p=yes
ac_cv_header_dlfcn_h=yes
ac_cv_header_inttypes_h=yes
ac_cv_header_memory_h=yes
ac_cv_header_stdc=yes
ac_cv_header_stdint_h=yes
ac_cv_header_stdlib_h=yes
ac_cv_header_string_h=yes
ac_cv_header_strings_h=yes
ac_cv_header_sys_stat_h=yes
ac_cv_header_sys_types_h=yes
ac_cv_header_unistd_h=yes
ac_cv_host=i686-pc-linux-gnu
ac_cv_host_alias=i686-pc-linux-gnu
ac_cv_lib_m_cos=yes
ac_cv_objext=o
ac_cv_path_install='/usr/bin/install -c'
ac_cv_prog_AWK=gawk
ac_cv_prog_CPP='gcc -E'
ac_cv_prog_ac_ct_AR=ar
ac_cv_prog_ac_ct_CC=gcc
ac_cv_prog_ac_ct_RANLIB=ranlib
ac_cv_prog_ac_ct_STRIP=strip
ac_cv_prog_cc_g=yes
ac_cv_prog_cc_stdc=
ac_cv_prog_egrep='grep -E'
ac_cv_prog_make_make_set=yes
ac_cv_type_size_t=yes
lt_cv_archive_cmds_need_lc=no
lt_cv_compiler_c_o=yes
lt_cv_compiler_o_lo=yes
lt_cv_deplibs_check_method=pass_all
lt_cv_file_magic_cmd='$MAGIC_CMD'
lt_cv_file_magic_test_file='/lib/libc.so.6 /lib/libc-*.so'
lt_cv_global_symbol_to_c_name_address='sed -n -e '\''s/^: \([^ ]*\) $/  {\"\1\", (lt_ptr) 0},/p'\'' -e '\''s/^[BCDEGRST] \([^ ]*\) \([^ ]*\)$/  {"\2", (lt_ptr) \&\2},/p'\'''
lt_cv_global_symbol_to_cdecl='sed -n -e '\''s/^. .* \(.*\)$/extern char \1;/p'\'''
lt_cv_ld_reload_flag=-r
lt_cv_path_LD=/usr/i586-suse-linux/bin/ld
lt_cv_path_NM='/usr/bin/nm -B'
lt_cv_path_SED=/usr/bin/sed
lt_cv_prog_cc_can_build_shared=yes
lt_cv_prog_cc_no_builtin=
lt_cv_prog_cc_pic=' -fPIC'
lt_cv_prog_cc_pic_works=yes
lt_cv_prog_cc_shlib=
lt_cv_prog_cc_static=-static
lt_cv_prog_cc_static_works=yes
lt_cv_prog_cc_wl=-Wl,
lt_cv_prog_gnu_ld=yes
lt_cv_sys_global_symbol_pipe='sed -n -e '\''s/^.*[ 	]\([ABCDGISTW][ABCDGISTW]*\)[ 	][ 	]*\(\)\([_A-Za-z][_A-Za-z0-9]*\)$/\1 \2\3 \3/p'\'''

## ----------------- ##
## Output variables. ##
## ----------------- ##

ACLOCAL='${SHELL} /home/wschrep/precompiler_algorithm/gsl-1.6/missing --run aclocal-1.7'
AMTAR='${SHELL} /home/wschrep/precompiler_algorithm/gsl-1.6/missing --run tar'
AR='ar'
AUTOCONF='${SHELL} /home/wschrep/precompiler_algorithm/gsl-1.6/missing --run autoconf'
AUTOHEADER='${SHELL} /home/wschrep/precompiler_algorithm/gsl-1.6/missing --run autoheader'
AUTOMAKE='${SHELL} /home/wschrep/precompiler_algorithm/gsl-1.6/missing --run automake-1.7'
AWK='gawk'
CC='gcc'
CFLAGS='-g -O2'
CPP='gcc -E'
CPPFLAGS=''
CYGPATH_W='echo'
DEFS='-DHAVE_CONFIG_H'
ECHO='echo'
ECHO_C=''
ECHO_N='-n'
ECHO_T=''
EGREP='grep -E'
EXEEXT=''
GSL_CFLAGS='-I${prefix}/include'
GSL_LIBS='-L${exec_prefix}/lib -lgsl'
GSL_LT_CBLAS_VERSION='0:0:0'
GSL_LT_VERSION='7:0:7'
HAVE_AIX_IEEE_INTERFACE=''
HAVE_DARWIN_IEEE_INTERFACE=''
HAVE_EXTENDED_PRECISION_REGISTERS=''
HAVE_FREEBSD_IEEE_INTERFACE=''
HAVE_GNUM68K_IEEE_INTERFACE=''
HAVE_GNUPPC_IEEE_INTERFACE=''
HAVE_GNUSPARC_IEEE_INTERFACE=''
HAVE_GNUX86_IEEE_INTERFACE=''
HAVE_HPUX11_IEEE_INTERFACE=''
HAVE_HPUX_IEEE_INTERFACE=''
HAVE_IEEE_COMPARISONS=''
HAVE_IEEE_DENORMALS=''
HAVE_INLINE=''
HAVE_IRIX_IEEE_INTERFACE=''
HAVE_NETBSD_IEEE_INTERFACE=''
HAVE_OPENBSD_IEEE_INTERFACE=''
HAVE_OS2EMX_IEEE_INTERFACE=''
HAVE_PRINTF_LONGDOUBLE=''
HAVE_SOLARIS_IEEE_INTERFACE=''
HAVE_SUNOS4_IEEE_INTERFACE=''
HAVE_TRU64_IEEE_INTERFACE=''
INSTALL_DATA='${INSTALL} -m 644'
INSTALL_PROGRAM='${INSTALL}'
INSTALL_SCRIPT='${INSTALL}'
INSTALL_STRIP_PROGRAM='${SHELL} $(install_sh) -c -s'
LDFLAGS=''
LIBOBJS=''
LIBS='-lm '
LIBTOOL='$(SHELL) $(top_builddir)/libtool'
LN_S='ln -s'
LTLIBOBJS=''
MAINT='#'
MAINTAINER_MODE_FALSE=''
MAINTAINER_MODE_TRUE='#'
MAKEINFO='${SHELL} /home/wschrep/precompiler_algorithm/gsl-1.6/missing --run makeinfo'
OBJEXT='o'
PACKAGE='gsl'
PACKAGE_BUGREPORT=''
PACKAGE_NAME='gsl'
PACKAGE_STRING='gsl 1.6'
PACKAGE_TARNAME='gsl'
PACKAGE_VERSION='1.6'
PATH_SEPARATOR=':'
RANLIB='ranlib'
RELEASED=''
SET_MAKE=''
SHELL='/bin/sh'
STRIP='strip'
VERSION='1.6'
ac_ct_AR='ar'
ac_ct_CC='gcc'
ac_ct_RANLIB='ranlib'
ac_ct_STRIP='strip'
am__leading_dot='.'
bindir='${exec_prefix}/bin'
build='i686-pc-linux-gnu'
build_alias=''
build_cpu='i686'
build_os='linux-gnu'
build_vendor='pc'
datadir='${prefix}/share'
exec_prefix='${prefix}'
host='i686-pc-linux-gnu'
host_alias=''
host_cpu='i686'
host_os='linux-gnu'
host_vendor='pc'
includedir='${prefix}/include'
infodir='${prefix}/info'
install_sh='/home/wschrep/precompiler_algorithm/gsl-1.6/install-sh'
libdir='${exec_prefix}/lib'
libexecdir='${exec_prefix}/libexec'
localstatedir='${prefix}/var'
mandir='${prefix}/man'
oldincludedir='/usr/include'
prefix='/usr/local'
program_transform_name='s,x,x,'
sbindir='${exec_prefix}/sbin'
sharedstatedir='${prefix}/com'
sysconfdir='${prefix}/etc'
target_alias=''

## ----------- ##
## confdefs.h. ##
## ----------- ##

#define HAVE_DECL_ACOSH 1
#define HAVE_DECL_ASINH 1
#define HAVE_DECL_ATANH 1
#define HAVE_DECL_EXPM1 1
#define HAVE_DECL_FEENABLEEXCEPT 1
#define HAVE_DECL_FESETTRAPENABLE 0
#define HAVE_DECL_FINITE 1
#define HAVE_DECL_FREXP 1
#define HAVE_DECL_HYPOT 1
#define HAVE_DECL_ISFINITE 0
#define HAVE_DECL_ISINF 1
#define HAVE_DECL_ISNAN 1
#define HAVE_DECL_LDEXP 1
#define HAVE_DECL_LOG1P 1
#define HAVE_DLFCN_H 1
#define HAVE_EXIT_SUCCESS_AND_FAILURE 1
#define HAVE_EXTENDED_PRECISION_REGISTERS 1
#define HAVE_GNUX86_IEEE_INTERFACE 1
#define HAVE_IEEE_COMPARISONS 1
#define HAVE_IEEE_DENORMALS 1
#define HAVE_INLINE 1
#define HAVE_INTTYPES_H 1
#define HAVE_LIBM 1
#define HAVE_MEMCPY 1
#define HAVE_MEMMOVE 1
#define HAVE_MEMORY_H 1
#define HAVE_PRINTF_LONGDOUBLE 1
#define HAVE_STDINT_H 1
#define HAVE_STDLIB_H 1
#define HAVE_STRDUP 1
#define HAVE_STRINGS_H 1
#define HAVE_STRING_H 1
#define HAVE_STRTOL 1
#define HAVE_STRTOUL 1
#define HAVE_SYS_STAT_H 1
#define HAVE_SYS_TYPES_H 1
#define HAVE_UNISTD_H 1
#define HAVE_VPRINTF 1
#define PACKAGE "gsl"
#define PACKAGE_BUGREPORT ""
#define PACKAGE_NAME "gsl"
#define PACKAGE_STRING "gsl 1.6"
#define PACKAGE_TARNAME "gsl"
#define PACKAGE_VERSION "1.6"
#define RELEASED 1
#define STDC_HEADERS 1
#define VERSION "1.6"

configure: exit 0
