This file contains any messages produced by compilers while
running configure, to aid debugging if configure makes a mistake.

It was created by gsl configure 1.6, which was
generated by GNU Autoconf 2.59.  Invocation command line was

  $ ./configure 

## --------- ##
## Platform. ##
## --------- ##

hostname = pascal
uname -m = i686
uname -r = 2.6.11.4-21.9-smp
uname -s = Linux
uname -v = #1 SMP Fri Aug 19 11:58:59 UTC 2005

/usr/bin/uname -p = unknown
/bin/uname -X     = unknown

/bin/arch              = i686
/usr/bin/arch -k       = unknown
/usr/convex/getsysinfo = unknown
hostinfo               = unknown
/bin/machine           = unknown
/usr/bin/oslevel       = unknown
/bin/universe          = unknown

PATH: /home/wschrep/bin
PATH: /usr/local/bin
PATH: /usr/bin
PATH: /usr/X11R6/bin
PATH: /bin
PATH: /usr/games
PATH: /opt/gnome/bin
PATH: /opt/kde3/bin
PATH: /usr/lib/qt3/bin
PATH: /home/wschrep/maven-1.0.2/bin/
PATH: /usr/lib/qt3/bin
PATH: /home/wschrep/maven-1.0.2/bin/
PATH: /usr/lib/qt3/bin
PATH: /home/wschrep/maven-1.0.2/bin/


## ----------- ##
## Core tests. ##
## ----------- ##

configure:1550: checking for a BSD-compatible install
configure:1605: result: /usr/bin/install -c
configure:1616: checking whether build environment is sane
configure:1659: result: yes
configure:1724: checking for gawk
configure:1740: found /usr/bin/gawk
configure:1750: result: gawk
configure:1760: checking whether make sets $(MAKE)
configure:1780: result: yes
configure:1950: checking whether to enable maintainer-specific portions of Makefiles
configure:1959: result: no
configure:1997: checking whether make sets $(MAKE)
configure:2017: result: yes
configure:2033: checking build system type
configure:2051: result: i686-pc-linux-gnu
configure:2059: checking host system type
configure:2073: result: i686-pc-linux-gnu
configure:2134: checking for gcc
configure:2160: result: g++
configure:2404: checking for C compiler version
configure:2407: g++ --version </dev/null >&5
g++ (GCC) 3.3.5 20050117 (prerelease) (SUSE Linux)
Copyright (C) 2003 Free Software Foundation, Inc.
This is free software; see the source for copying conditions.  There is NO
warranty; not even for MERCHANTABILITY or FITNESS FOR A PARTICULAR PURPOSE.

configure:2410: $? = 0
configure:2412: g++ -v </dev/null >&5
Reading specs from /usr/lib/gcc-lib/i586-suse-linux/3.3.5/specs
Configured with: ../configure --enable-threads=posix --prefix=/usr --with-local-prefix=/usr/local --infodir=/usr/share/info --mandir=/usr/share/man --enable-languages=c,c++,f77,objc,java,ada --disable-checking --libdir=/usr/lib --enable-libgcj --with-slibdir=/lib --with-system-zlib --enable-shared --enable-__cxa_atexit i586-suse-linux
Thread model: posix
gcc version 3.3.5 20050117 (prerelease) (SUSE Linux)
configure:2415: $? = 0
configure:2417: g++ -V </dev/null >&5
g++: `-V' option must have argument
configure:2420: $? = 1
configure:2443: checking for C compiler default output file name
configure:2446: g++ -O2 -I/home/wschrep/ArithmosRelease/Libraries/Arithmos/include -I/home/wschrep/mpfr-test/gmp-3.1.1   conftest.c  >&5
configure:2449: $? = 0
configure:2495: result: a.out
configure:2500: checking whether the C compiler works
configure:2506: ./a.out
configure:2509: $? = 0
configure:2526: result: yes
configure:2533: checking whether we are cross compiling
configure:2535: result: no
configure:2538: checking for suffix of executables
configure:2540: g++ -o conftest -O2 -I/home/wschrep/ArithmosRelease/Libraries/Arithmos/include -I/home/wschrep/mpfr-test/gmp-3.1.1   conftest.c  >&5
configure:2543: $? = 0
configure:2568: result: 
configure:2574: checking for suffix of object files
configure:2595: g++ -c -O2 -I/home/wschrep/ArithmosRelease/Libraries/Arithmos/include -I/home/wschrep/mpfr-test/gmp-3.1.1  conftest.c >&5
configure:2598: $? = 0
configure:2620: result: o
configure:2624: checking whether we are using the GNU C compiler
configure:2648: g++ -c -O2 -I/home/wschrep/ArithmosRelease/Libraries/Arithmos/include -I/home/wschrep/mpfr-test/gmp-3.1.1  conftest.c >&5
configure:2654: $? = 0
configure:2658: test -z 
			 || test ! -s conftest.err
configure:2661: $? = 0
configure:2664: test -s conftest.o
configure:2667: $? = 0
configure:2680: result: yes
configure:2686: checking whether g++ accepts -g
configure:2707: g++ -c -g  conftest.c >&5
configure:2713: $? = 0
configure:2717: test -z 
			 || test ! -s conftest.err
configure:2720: $? = 0
configure:2723: test -s conftest.o
configure:2726: $? = 0
configure:2737: result: yes
configure:2754: checking for g++ option to accept ANSI C
configure:2824: g++  -c -O2 -I/home/wschrep/ArithmosRelease/Libraries/Arithmos/include -I/home/wschrep/mpfr-test/gmp-3.1.1  conftest.c >&5
conftest.c:19: error: `p' was not declared in this scope
conftest.c:19: error: `i' was not declared in this scope
conftest.c:20: error: initializer list being treated as compound expression
conftest.c:20: error: syntax error before `char'
conftest.c:22: error: syntax error before `{' token
conftest.c: In function `int main()':
conftest.c:53: error: cannot convert `char*' to `char*(*)(char**, int)' for 
   argument `1' to `char* f(char*(*)(char**, int), char**, ...)'
conftest.c:53: error: cannot convert `char*' to `char*(*)(char**, int)' for 
   argument `1' to `char* f(char*(*)(char**, int), char**, ...)'
configure:2830: $? = 1
configure: failed program was:
| /* confdefs.h.  */
| 
| #define PACKAGE_NAME "gsl"
| #define PACKAGE_TARNAME "gsl"
| #define PACKAGE_VERSION "1.6"
| #define PACKAGE_STRING "gsl 1.6"
| #define PACKAGE_BUGREPORT ""
| #define PACKAGE "gsl"
| #define VERSION "1.6"
| #define RELEASED 1
| /* end confdefs.h.  */
| #include <stdarg.h>
| #include <stdio.h>
| #include <sys/types.h>
| #include <sys/stat.h>
| /* Most of the following tests are stolen from RCS 5.7's src/conf.sh.  */
| struct buf { int x; };
| FILE * (*rcsopen) (struct buf *, struct stat *, int);
| static char *e (p, i)
|      char **p;
|      int i;
| {
|   return p[i];
| }
| static char *f (char * (*g) (char **, int), char **p, ...)
| {
|   char *s;
|   va_list v;
|   va_start (v,p);
|   s = g (p, va_arg (v,int));
|   va_end (v);
|   return s;
| }
| 
| /* OSF 4.0 Compaq cc is some sort of almost-ANSI by default.  It has
|    function prototypes and stuff, but not '\xHH' hex character constants.
|    These don't provoke an error unfortunately, instead are silently treated
|    as 'x'.  The following induces an error, until -std1 is added to get
|    proper ANSI mode.  Curiously '\x00'!='x' always comes out true, for an
|    array size at least.  It's necessary to write '\x00'==0 to get something
|    that's true only with -std1.  */
| int osf4_cc_array ['\x00' == 0 ? 1 : -1];
| 
| int test (int i, double x);
| struct s1 {int (*f) (int a);};
| struct s2 {int (*f) (double a);};
| int pairnames (int, char **, FILE *(*)(struct buf *, struct stat *, int), int, int);
| int argc;
| char **argv;
| int
| main ()
| {
| return f (e, argv, 0) != argv[0]  ||  f (e, argv, 1) != argv[1];
|   ;
|   return 0;
| }
configure:2824: g++ -qlanglvl=ansi -c -O2 -I/home/wschrep/ArithmosRelease/Libraries/Arithmos/include -I/home/wschrep/mpfr-test/gmp-3.1.1  conftest.c >&5
g++: unrecognized option `-qlanglvl=ansi'
g++: unrecognized option `-qlanglvl=ansi'
conftest.c:19: error: `p' was not declared in this scope
conftest.c:19: error: `i' was not declared in this scope
conftest.c:20: error: initializer list being treated as compound expression
conftest.c:20: error: syntax error before `char'
conftest.c:22: error: syntax error before `{' token
conftest.c: In function `int main()':
conftest.c:53: error: cannot convert `char*' to `char*(*)(char**, int)' for 
   argument `1' to `char* f(char*(*)(char**, int), char**, ...)'
conftest.c:53: error: cannot convert `char*' to `char*(*)(char**, int)' for 
   argument `1' to `char* f(char*(*)(char**, int), char**, ...)'
configure:2830: $? = 1
configure: failed program was:
| /* confdefs.h.  */
| 
| #define PACKAGE_NAME "gsl"
| #define PACKAGE_TARNAME "gsl"
| #define PACKAGE_VERSION "1.6"
| #define PACKAGE_STRING "gsl 1.6"
| #define PACKAGE_BUGREPORT ""
| #define PACKAGE "gsl"
| #define VERSION "1.6"
| #define RELEASED 1
| /* end confdefs.h.  */
| #include <stdarg.h>
| #include <stdio.h>
| #include <sys/types.h>
| #include <sys/stat.h>
| /* Most of the following tests are stolen from RCS 5.7's src/conf.sh.  */
| struct buf { int x; };
| FILE * (*rcsopen) (struct buf *, struct stat *, int);
| static char *e (p, i)
|      char **p;
|      int i;
| {
|   return p[i];
| }
| static char *f (char * (*g) (char **, int), char **p, ...)
| {
|   char *s;
|   va_list v;
|   va_start (v,p);
|   s = g (p, va_arg (v,int));
|   va_end (v);
|   return s;
| }
| 
| /* OSF 4.0 Compaq cc is some sort of almost-ANSI by default.  It has
|    function prototypes and stuff, but not '\xHH' hex character constants.
|    These don't provoke an error unfortunately, instead are silently treated
|    as 'x'.  The following induces an error, until -std1 is added to get
|    proper ANSI mode.  Curiously '\x00'!='x' always comes out true, for an
|    array size at least.  It's necessary to write '\x00'==0 to get something
|    that's true only with -std1.  */
| int osf4_cc_array ['\x00' == 0 ? 1 : -1];
| 
| int test (int i, double x);
| struct s1 {int (*f) (int a);};
| struct s2 {int (*f) (double a);};
| int pairnames (int, char **, FILE *(*)(struct buf *, struct stat *, int), int, int);
| int argc;
| char **argv;
| int
| main ()
| {
| return f (e, argv, 0) != argv[0]  ||  f (e, argv, 1) != argv[1];
|   ;
|   return 0;
| }
configure:2824: g++ -std1 -c -O2 -I/home/wschrep/ArithmosRelease/Libraries/Arithmos/include -I/home/wschrep/mpfr-test/gmp-3.1.1  conftest.c >&5
cc1plus: error: unrecognized option `-std1'
configure:2830: $? = 1
configure: failed program was:
| /* confdefs.h.  */
| 
| #define PACKAGE_NAME "gsl"
| #define PACKAGE_TARNAME "gsl"
| #define PACKAGE_VERSION "1.6"
| #define PACKAGE_STRING "gsl 1.6"
| #define PACKAGE_BUGREPORT ""
| #define PACKAGE "gsl"
| #define VERSION "1.6"
| #define RELEASED 1
| /* end confdefs.h.  */
| #include <stdarg.h>
| #include <stdio.h>
| #include <sys/types.h>
| #include <sys/stat.h>
| /* Most of the following tests are stolen from RCS 5.7's src/conf.sh.  */
| struct buf { int x; };
| FILE * (*rcsopen) (struct buf *, struct stat *, int);
| static char *e (p, i)
|      char **p;
|      int i;
| {
|   return p[i];
| }
| static char *f (char * (*g) (char **, int), char **p, ...)
| {
|   char *s;
|   va_list v;
|   va_start (v,p);
|   s = g (p, va_arg (v,int));
|   va_end (v);
|   return s;
| }
| 
| /* OSF 4.0 Compaq cc is some sort of almost-ANSI by default.  It has
|    function prototypes and stuff, but not '\xHH' hex character constants.
|    These don't provoke an error unfortunately, instead are silently treated
|    as 'x'.  The following induces an error, until -std1 is added to get
|    proper ANSI mode.  Curiously '\x00'!='x' always comes out true, for an
|    array size at least.  It's necessary to write '\x00'==0 to get something
|    that's true only with -std1.  */
| int osf4_cc_array ['\x00' == 0 ? 1 : -1];
| 
| int test (int i, double x);
| struct s1 {int (*f) (int a);};
| struct s2 {int (*f) (double a);};
| int pairnames (int, char **, FILE *(*)(struct buf *, struct stat *, int), int, int);
| int argc;
| char **argv;
| int
| main ()
| {
| return f (e, argv, 0) != argv[0]  ||  f (e, argv, 1) != argv[1];
|   ;
|   return 0;
| }
configure:2824: g++ -Ae -c -O2 -I/home/wschrep/ArithmosRelease/Libraries/Arithmos/include -I/home/wschrep/mpfr-test/gmp-3.1.1  conftest.c >&5
<command line>:5:2: missing '(' after predicate
conftest.c:19: error: `p' was not declared in this scope
conftest.c:19: error: `i' was not declared in this scope
conftest.c:20: error: initializer list being treated as compound expression
conftest.c:20: error: syntax error before `char'
conftest.c:22: error: syntax error before `{' token
conftest.c: In function `int main()':
conftest.c:53: error: cannot convert `char*' to `char*(*)(char**, int)' for 
   argument `1' to `char* f(char*(*)(char**, int), char**, ...)'
conftest.c:53: error: cannot convert `char*' to `char*(*)(char**, int)' for 
   argument `1' to `char* f(char*(*)(char**, int), char**, ...)'
configure:2830: $? = 1
configure: failed program was:
| /* confdefs.h.  */
| 
| #define PACKAGE_NAME "gsl"
| #define PACKAGE_TARNAME "gsl"
| #define PACKAGE_VERSION "1.6"
| #define PACKAGE_STRING "gsl 1.6"
| #define PACKAGE_BUGREPORT ""
| #define PACKAGE "gsl"
| #define VERSION "1.6"
| #define RELEASED 1
| /* end confdefs.h.  */
| #include <stdarg.h>
| #include <stdio.h>
| #include <sys/types.h>
| #include <sys/stat.h>
| /* Most of the following tests are stolen from RCS 5.7's src/conf.sh.  */
| struct buf { int x; };
| FILE * (*rcsopen) (struct buf *, struct stat *, int);
| static char *e (p, i)
|      char **p;
|      int i;
| {
|   return p[i];
| }
| static char *f (char * (*g) (char **, int), char **p, ...)
| {
|   char *s;
|   va_list v;
|   va_start (v,p);
|   s = g (p, va_arg (v,int));
|   va_end (v);
|   return s;
| }
| 
| /* OSF 4.0 Compaq cc is some sort of almost-ANSI by default.  It has
|    function prototypes and stuff, but not '\xHH' hex character constants.
|    These don't provoke an error unfortunately, instead are silently treated
|    as 'x'.  The following induces an error, until -std1 is added to get
|    proper ANSI mode.  Curiously '\x00'!='x' always comes out true, for an
|    array size at least.  It's necessary to write '\x00'==0 to get something
|    that's true only with -std1.  */
| int osf4_cc_array ['\x00' == 0 ? 1 : -1];
| 
| int test (int i, double x);
| struct s1 {int (*f) (int a);};
| struct s2 {int (*f) (double a);};
| int pairnames (int, char **, FILE *(*)(struct buf *, struct stat *, int), int, int);
| int argc;
| char **argv;
| int
| main ()
| {
| return f (e, argv, 0) != argv[0]  ||  f (e, argv, 1) != argv[1];
|   ;
|   return 0;
| }
configure:2824: g++ -Aa -D_HPUX_SOURCE -c -O2 -I/home/wschrep/ArithmosRelease/Libraries/Arithmos/include -I/home/wschrep/mpfr-test/gmp-3.1.1  conftest.c >&5
<command line>:5:2: missing '(' after predicate
conftest.c:19: error: `p' was not declared in this scope
conftest.c:19: error: `i' was not declared in this scope
conftest.c:20: error: initializer list being treated as compound expression
conftest.c:20: error: syntax error before `char'
conftest.c:22: error: syntax error before `{' token
conftest.c: In function `int main()':
conftest.c:53: error: cannot convert `char*' to `char*(*)(char**, int)' for 
   argument `1' to `char* f(char*(*)(char**, int), char**, ...)'
conftest.c:53: error: cannot convert `char*' to `char*(*)(char**, int)' for 
   argument `1' to `char* f(char*(*)(char**, int), char**, ...)'
configure:2830: $? = 1
configure: failed program was:
| /* confdefs.h.  */
| 
| #define PACKAGE_NAME "gsl"
| #define PACKAGE_TARNAME "gsl"
| #define PACKAGE_VERSION "1.6"
| #define PACKAGE_STRING "gsl 1.6"
| #define PACKAGE_BUGREPORT ""
| #define PACKAGE "gsl"
| #define VERSION "1.6"
| #define RELEASED 1
| /* end confdefs.h.  */
| #include <stdarg.h>
| #include <stdio.h>
| #include <sys/types.h>
| #include <sys/stat.h>
| /* Most of the following tests are stolen from RCS 5.7's src/conf.sh.  */
| struct buf { int x; };
| FILE * (*rcsopen) (struct buf *, struct stat *, int);
| static char *e (p, i)
|      char **p;
|      int i;
| {
|   return p[i];
| }
| static char *f (char * (*g) (char **, int), char **p, ...)
| {
|   char *s;
|   va_list v;
|   va_start (v,p);
|   s = g (p, va_arg (v,int));
|   va_end (v);
|   return s;
| }
| 
| /* OSF 4.0 Compaq cc is some sort of almost-ANSI by default.  It has
|    function prototypes and stuff, but not '\xHH' hex character constants.
|    These don't provoke an error unfortunately, instead are silently treated
|    as 'x'.  The following induces an error, until -std1 is added to get
|    proper ANSI mode.  Curiously '\x00'!='x' always comes out true, for an
|    array size at least.  It's necessary to write '\x00'==0 to get something
|    that's true only with -std1.  */
| int osf4_cc_array ['\x00' == 0 ? 1 : -1];
| 
| int test (int i, double x);
| struct s1 {int (*f) (int a);};
| struct s2 {int (*f) (double a);};
| int pairnames (int, char **, FILE *(*)(struct buf *, struct stat *, int), int, int);
| int argc;
| char **argv;
| int
| main ()
| {
| return f (e, argv, 0) != argv[0]  ||  f (e, argv, 1) != argv[1];
|   ;
|   return 0;
| }
configure:2824: g++ -Xc -D__EXTENSIONS__ -c -O2 -I/home/wschrep/ArithmosRelease/Libraries/Arithmos/include -I/home/wschrep/mpfr-test/gmp-3.1.1  conftest.c >&5
g++: unrecognized option `-Xc'
g++: unrecognized option `-Xc'
conftest.c:19: error: `p' was not declared in this scope
conftest.c:19: error: `i' was not declared in this scope
conftest.c:20: error: initializer list being treated as compound expression
conftest.c:20: error: syntax error before `char'
conftest.c:22: error: syntax error before `{' token
conftest.c: In function `int main()':
conftest.c:53: error: cannot convert `char*' to `char*(*)(char**, int)' for 
   argument `1' to `char* f(char*(*)(char**, int), char**, ...)'
conftest.c:53: error: cannot convert `char*' to `char*(*)(char**, int)' for 
   argument `1' to `char* f(char*(*)(char**, int), char**, ...)'
configure:2830: $? = 1
configure: failed program was:
| /* confdefs.h.  */
| 
| #define PACKAGE_NAME "gsl"
| #define PACKAGE_TARNAME "gsl"
| #define PACKAGE_VERSION "1.6"
| #define PACKAGE_STRING "gsl 1.6"
| #define PACKAGE_BUGREPORT ""
| #define PACKAGE "gsl"
| #define VERSION "1.6"
| #define RELEASED 1
| /* end confdefs.h.  */
| #include <stdarg.h>
| #include <stdio.h>
| #include <sys/types.h>
| #include <sys/stat.h>
| /* Most of the following tests are stolen from RCS 5.7's src/conf.sh.  */
| struct buf { int x; };
| FILE * (*rcsopen) (struct buf *, struct stat *, int);
| static char *e (p, i)
|      char **p;
|      int i;
| {
|   return p[i];
| }
| static char *f (char * (*g) (char **, int), char **p, ...)
| {
|   char *s;
|   va_list v;
|   va_start (v,p);
|   s = g (p, va_arg (v,int));
|   va_end (v);
|   return s;
| }
| 
| /* OSF 4.0 Compaq cc is some sort of almost-ANSI by default.  It has
|    function prototypes and stuff, but not '\xHH' hex character constants.
|    These don't provoke an error unfortunately, instead are silently treated
|    as 'x'.  The following induces an error, until -std1 is added to get
|    proper ANSI mode.  Curiously '\x00'!='x' always comes out true, for an
|    array size at least.  It's necessary to write '\x00'==0 to get something
|    that's true only with -std1.  */
| int osf4_cc_array ['\x00' == 0 ? 1 : -1];
| 
| int test (int i, double x);
| struct s1 {int (*f) (int a);};
| struct s2 {int (*f) (double a);};
| int pairnames (int, char **, FILE *(*)(struct buf *, struct stat *, int), int, int);
| int argc;
| char **argv;
| int
| main ()
| {
| return f (e, argv, 0) != argv[0]  ||  f (e, argv, 1) != argv[1];
|   ;
|   return 0;
| }
configure:2861: result: none needed
configure:2879: g++ -c -O2 -I/home/wschrep/ArithmosRelease/Libraries/Arithmos/include -I/home/wschrep/mpfr-test/gmp-3.1.1  conftest.c >&5
configure:2885: $? = 0
configure:2889: test -z 
			 || test ! -s conftest.err
configure:2892: $? = 0
configure:2895: test -s conftest.o
configure:2898: $? = 0
configure:2925: g++ -c -O2 -I/home/wschrep/ArithmosRelease/Libraries/Arithmos/include -I/home/wschrep/mpfr-test/gmp-3.1.1  conftest.c >&5
configure:2931: $? = 0
configure:2935: test -z 
			 || test ! -s conftest.err
configure:2938: $? = 0
configure:2941: test -s conftest.o
configure:2944: $? = 0
configure:2970: g++ -c -O2 -I/home/wschrep/ArithmosRelease/Libraries/Arithmos/include -I/home/wschrep/mpfr-test/gmp-3.1.1  conftest.c >&5
conftest.c: In function `int main()':
conftest.c:16: error: `exit' undeclared (first use this function)
conftest.c:16: error: (Each undeclared identifier is reported only once for 
   each function it appears in.)
configure:2976: $? = 1
configure: failed program was:
| /* confdefs.h.  */
| 
| #define PACKAGE_NAME "gsl"
| #define PACKAGE_TARNAME "gsl"
| #define PACKAGE_VERSION "1.6"
| #define PACKAGE_STRING "gsl 1.6"
| #define PACKAGE_BUGREPORT ""
| #define PACKAGE "gsl"
| #define VERSION "1.6"
| #define RELEASED 1
| /* end confdefs.h.  */
| 
| int
| main ()
| {
| exit (42);
|   ;
|   return 0;
| }
configure:2925: g++ -c -O2 -I/home/wschrep/ArithmosRelease/Libraries/Arithmos/include -I/home/wschrep/mpfr-test/gmp-3.1.1  conftest.c >&5
configure:2931: $? = 0
configure:2935: test -z 
			 || test ! -s conftest.err
configure:2938: $? = 0
configure:2941: test -s conftest.o
configure:2944: $? = 0
configure:2970: g++ -c -O2 -I/home/wschrep/ArithmosRelease/Libraries/Arithmos/include -I/home/wschrep/mpfr-test/gmp-3.1.1  conftest.c >&5
configure:2976: $? = 0
configure:2980: test -z 
			 || test ! -s conftest.err
configure:2983: $? = 0
configure:2986: test -s conftest.o
configure:2989: $? = 0
configure:3023: checking how to run the C preprocessor
configure:3058: g++ -E  conftest.c
configure:3064: $? = 0
configure:3096: g++ -E  conftest.c
conftest.c:15:28: ac_nonexistent.h: No such file or directory
configure:3102: $? = 1
configure: failed program was:
| /* confdefs.h.  */
| 
| #define PACKAGE_NAME "gsl"
| #define PACKAGE_TARNAME "gsl"
| #define PACKAGE_VERSION "1.6"
| #define PACKAGE_STRING "gsl 1.6"
| #define PACKAGE_BUGREPORT ""
| #define PACKAGE "gsl"
| #define VERSION "1.6"
| #define RELEASED 1
| #ifdef __cplusplus
| extern "C" void std::exit (int) throw (); using std::exit;
| #endif
| /* end confdefs.h.  */
| #include <ac_nonexistent.h>
configure:3141: result: g++ -E
configure:3165: g++ -E  conftest.c
configure:3171: $? = 0
configure:3203: g++ -E  conftest.c
conftest.c:15:28: ac_nonexistent.h: No such file or directory
configure:3209: $? = 1
configure: failed program was:
| /* confdefs.h.  */
| 
| #define PACKAGE_NAME "gsl"
| #define PACKAGE_TARNAME "gsl"
| #define PACKAGE_VERSION "1.6"
| #define PACKAGE_STRING "gsl 1.6"
| #define PACKAGE_BUGREPORT ""
| #define PACKAGE "gsl"
| #define VERSION "1.6"
| #define RELEASED 1
| #ifdef __cplusplus
| extern "C" void std::exit (int) throw (); using std::exit;
| #endif
| /* end confdefs.h.  */
| #include <ac_nonexistent.h>
configure:3265: checking for a BSD-compatible install
configure:3320: result: /usr/bin/install -c
configure:3331: checking whether ln -s works
configure:3335: result: yes
configure:3383: checking for ranlib
configure:3399: found /usr/bin/ranlib
configure:3410: result: ranlib
configure:3463: checking for ar
configure:3479: found /usr/bin/ar
configure:3490: result: ar
configure:3575: checking for a sed that does not truncate output
configure:3629: result: /usr/bin/sed
configure:3632: checking for egrep
configure:3642: result: grep -E
configure:3658: checking for ld used by g++
configure:3725: result: /usr/i586-suse-linux/bin/ld
configure:3734: checking if the linker (/usr/i586-suse-linux/bin/ld) is GNU ld
configure:3749: result: yes
configure:3754: checking for /usr/i586-suse-linux/bin/ld option to reload object files
configure:3761: result: -r
configure:3770: checking for BSD-compatible nm
configure:3812: result: /usr/bin/nm -B
configure:3816: checking how to recognise dependent libraries
configure:4016: result: pass_all
configure:4226: checking for ANSI C header files
configure:4251: g++ -c -O2 -I/home/wschrep/ArithmosRelease/Libraries/Arithmos/include -I/home/wschrep/mpfr-test/gmp-3.1.1  conftest.c >&5
configure:4257: $? = 0
configure:4261: test -z 
			 || test ! -s conftest.err
configure:4264: $? = 0
configure:4267: test -s conftest.o
configure:4270: $? = 0
configure:4359: g++ -o conftest -O2 -I/home/wschrep/ArithmosRelease/Libraries/Arithmos/include -I/home/wschrep/mpfr-test/gmp-3.1.1   conftest.c  >&5
configure:4362: $? = 0
configure:4364: ./conftest
configure:4367: $? = 0
configure:4382: result: yes
configure:4406: checking for sys/types.h
configure:4422: g++ -c -O2 -I/home/wschrep/ArithmosRelease/Libraries/Arithmos/include -I/home/wschrep/mpfr-test/gmp-3.1.1  conftest.c >&5
configure:4428: $? = 0
configure:4432: test -z 
			 || test ! -s conftest.err
configure:4435: $? = 0
configure:4438: test -s conftest.o
configure:4441: $? = 0
configure:4452: result: yes
configure:4406: checking for sys/stat.h
configure:4422: g++ -c -O2 -I/home/wschrep/ArithmosRelease/Libraries/Arithmos/include -I/home/wschrep/mpfr-test/gmp-3.1.1  conftest.c >&5
configure:4428: $? = 0
configure:4432: test -z 
			 || test ! -s conftest.err
configure:4435: $? = 0
configure:4438: test -s conftest.o
configure:4441: $? = 0
configure:4452: result: yes
configure:4406: checking for stdlib.h
configure:4422: g++ -c -O2 -I/home/wschrep/ArithmosRelease/Libraries/Arithmos/include -I/home/wschrep/mpfr-test/gmp-3.1.1  conftest.c >&5
configure:4428: $? = 0
configure:4432: test -z 
			 || test ! -s conftest.err
configure:4435: $? = 0
configure:4438: test -s conftest.o
configure:4441: $? = 0
configure:4452: result: yes
configure:4406: checking for string.h
configure:4422: g++ -c -O2 -I/home/wschrep/ArithmosRelease/Libraries/Arithmos/include -I/home/wschrep/mpfr-test/gmp-3.1.1  conftest.c >&5
configure:4428: $? = 0
configure:4432: test -z 
			 || test ! -s conftest.err
configure:4435: $? = 0
configure:4438: test -s conftest.o
configure:4441: $? = 0
configure:4452: result: yes
configure:4406: checking for memory.h
configure:4422: g++ -c -O2 -I/home/wschrep/ArithmosRelease/Libraries/Arithmos/include -I/home/wschrep/mpfr-test/gmp-3.1.1  conftest.c >&5
configure:4428: $? = 0
configure:4432: test -z 
			 || test ! -s conftest.err
configure:4435: $? = 0
configure:4438: test -s conftest.o
configure:4441: $? = 0
configure:4452: result: yes
configure:4406: checking for strings.h
configure:4422: g++ -c -O2 -I/home/wschrep/ArithmosRelease/Libraries/Arithmos/include -I/home/wschrep/mpfr-test/gmp-3.1.1  conftest.c >&5
configure:4428: $? = 0
configure:4432: test -z 
			 || test ! -s conftest.err
configure:4435: $? = 0
configure:4438: test -s conftest.o
configure:4441: $? = 0
configure:4452: result: yes
configure:4406: checking for inttypes.h
configure:4422: g++ -c -O2 -I/home/wschrep/ArithmosRelease/Libraries/Arithmos/include -I/home/wschrep/mpfr-test/gmp-3.1.1  conftest.c >&5
configure:4428: $? = 0
configure:4432: test -z 
			 || test ! -s conftest.err
configure:4435: $? = 0
configure:4438: test -s conftest.o
configure:4441: $? = 0
configure:4452: result: yes
configure:4406: checking for stdint.h
configure:4422: g++ -c -O2 -I/home/wschrep/ArithmosRelease/Libraries/Arithmos/include -I/home/wschrep/mpfr-test/gmp-3.1.1  conftest.c >&5
configure:4428: $? = 0
configure:4432: test -z 
			 || test ! -s conftest.err
configure:4435: $? = 0
configure:4438: test -s conftest.o
configure:4441: $? = 0
configure:4452: result: yes
configure:4406: checking for unistd.h
configure:4422: g++ -c -O2 -I/home/wschrep/ArithmosRelease/Libraries/Arithmos/include -I/home/wschrep/mpfr-test/gmp-3.1.1  conftest.c >&5
configure:4428: $? = 0
configure:4432: test -z 
			 || test ! -s conftest.err
configure:4435: $? = 0
configure:4438: test -s conftest.o
configure:4441: $? = 0
configure:4452: result: yes
configure:4478: checking dlfcn.h usability
configure:4490: g++ -c -O2 -I/home/wschrep/ArithmosRelease/Libraries/Arithmos/include -I/home/wschrep/mpfr-test/gmp-3.1.1  conftest.c >&5
configure:4496: $? = 0
configure:4500: test -z 
			 || test ! -s conftest.err
configure:4503: $? = 0
configure:4506: test -s conftest.o
configure:4509: $? = 0
configure:4519: result: yes
configure:4523: checking dlfcn.h presence
configure:4533: g++ -E  conftest.c
configure:4539: $? = 0
configure:4559: result: yes
configure:4594: checking for dlfcn.h
configure:4601: result: yes
configure:4666: checking for g++
configure:4682: found /home/wschrep/bin/g++
configure:4692: result: g++
configure:4708: checking for C++ compiler version
configure:4711: g++ --version </dev/null >&5
g++ (GCC) 3.3.5 20050117 (prerelease) (SUSE Linux)
Copyright (C) 2003 Free Software Foundation, Inc.
This is free software; see the source for copying conditions.  There is NO
warranty; not even for MERCHANTABILITY or FITNESS FOR A PARTICULAR PURPOSE.

configure:4714: $? = 0
configure:4716: g++ -v </dev/null >&5
Reading specs from /usr/lib/gcc-lib/i586-suse-linux/3.3.5/specs
Configured with: ../configure --enable-threads=posix --prefix=/usr --with-local-prefix=/usr/local --infodir=/usr/share/info --mandir=/usr/share/man --enable-languages=c,c++,f77,objc,java,ada --disable-checking --libdir=/usr/lib --enable-libgcj --with-slibdir=/lib --with-system-zlib --enable-shared --enable-__cxa_atexit i586-suse-linux
Thread model: posix
gcc version 3.3.5 20050117 (prerelease) (SUSE Linux)
configure:4719: $? = 0
configure:4721: g++ -V </dev/null >&5
g++: `-V' option must have argument
configure:4724: $? = 1
configure:4727: checking whether we are using the GNU C++ compiler
configure:4751: g++ -c   conftest.cc >&5
configure:4757: $? = 0
configure:4761: test -z 
			 || test ! -s conftest.err
configure:4764: $? = 0
configure:4767: test -s conftest.o
configure:4770: $? = 0
configure:4783: result: yes
configure:4789: checking whether g++ accepts -g
configure:4810: g++ -c -g  conftest.cc >&5
configure:4816: $? = 0
configure:4820: test -z 
			 || test ! -s conftest.err
configure:4823: $? = 0
configure:4826: test -s conftest.o
configure:4829: $? = 0
configure:4840: result: yes
configure:4882: g++ -c -g -O2  conftest.cc >&5
configure:4888: $? = 0
configure:4892: test -z 
			 || test ! -s conftest.err
configure:4895: $? = 0
configure:4898: test -s conftest.o
configure:4901: $? = 0
configure:4927: g++ -c -g -O2  conftest.cc >&5
configure:4933: $? = 0
configure:4937: test -z 
			 || test ! -s conftest.err
configure:4940: $? = 0
configure:4943: test -s conftest.o
configure:4946: $? = 0
configure:4974: checking how to run the C++ preprocessor
configure:5005: g++ -E  conftest.cc
configure:5011: $? = 0
configure:5043: g++ -E  conftest.cc
conftest.cc:26:28: ac_nonexistent.h: No such file or directory
configure:5049: $? = 1
configure: failed program was:
| /* confdefs.h.  */
| 
| #define PACKAGE_NAME "gsl"
| #define PACKAGE_TARNAME "gsl"
| #define PACKAGE_VERSION "1.6"
| #define PACKAGE_STRING "gsl 1.6"
| #define PACKAGE_BUGREPORT ""
| #define PACKAGE "gsl"
| #define VERSION "1.6"
| #define RELEASED 1
| #ifdef __cplusplus
| extern "C" void std::exit (int) throw (); using std::exit;
| #endif
| #define STDC_HEADERS 1
| #define HAVE_SYS_TYPES_H 1
| #define HAVE_SYS_STAT_H 1
| #define HAVE_STDLIB_H 1
| #define HAVE_STRING_H 1
| #define HAVE_MEMORY_H 1
| #define HAVE_STRINGS_H 1
| #define HAVE_INTTYPES_H 1
| #define HAVE_STDINT_H 1
| #define HAVE_UNISTD_H 1
| #define HAVE_DLFCN_H 1
| /* end confdefs.h.  */
| #include <ac_nonexistent.h>
configure:5088: result: g++ -E
configure:5112: g++ -E  conftest.cc
configure:5118: $? = 0
configure:5150: g++ -E  conftest.cc
conftest.cc:26:28: ac_nonexistent.h: No such file or directory
configure:5156: $? = 1
configure: failed program was:
| /* confdefs.h.  */
| 
| #define PACKAGE_NAME "gsl"
| #define PACKAGE_TARNAME "gsl"
| #define PACKAGE_VERSION "1.6"
| #define PACKAGE_STRING "gsl 1.6"
| #define PACKAGE_BUGREPORT ""
| #define PACKAGE "gsl"
| #define VERSION "1.6"
| #define RELEASED 1
| #ifdef __cplusplus
| extern "C" void std::exit (int) throw (); using std::exit;
| #endif
| #define STDC_HEADERS 1
| #define HAVE_SYS_TYPES_H 1
| #define HAVE_SYS_STAT_H 1
| #define HAVE_STDLIB_H 1
| #define HAVE_STRING_H 1
| #define HAVE_MEMORY_H 1
| #define HAVE_STRINGS_H 1
| #define HAVE_INTTYPES_H 1
| #define HAVE_STDINT_H 1
| #define HAVE_UNISTD_H 1
| #define HAVE_DLFCN_H 1
| /* end confdefs.h.  */
| #include <ac_nonexistent.h>
configure:5251: checking for g77
configure:5267: found /usr/bin/g77
configure:5277: result: g77
configure:5292: checking for Fortran 77 compiler version
configure:5295: g77 --version </dev/null >&5
GNU Fortran (GCC) 3.3.5 20050117 (prerelease) (SUSE Linux)
Copyright (C) 2002 Free Software Foundation, Inc.

GNU Fortran comes with NO WARRANTY, to the extent permitted by law.
You may redistribute copies of GNU Fortran
under the terms of the GNU General Public License.
For more information about these matters, see the file named COPYING
or type the command `info -f g77 Copying'.
configure:5298: $? = 0
configure:5300: g77 -v </dev/null >&5
Reading specs from /usr/lib/gcc-lib/i586-suse-linux/3.3.5/specs
Configured with: ../configure --enable-threads=posix --prefix=/usr --with-local-prefix=/usr/local --infodir=/usr/share/info --mandir=/usr/share/man --enable-languages=c,c++,f77,objc,java,ada --disable-checking --libdir=/usr/lib --enable-libgcj --with-slibdir=/lib --with-system-zlib --enable-shared --enable-__cxa_atexit i586-suse-linux
Thread model: posix
gcc version 3.3.5 20050117 (prerelease) (SUSE Linux)
configure:5303: $? = 0
configure:5305: g77 -V </dev/null >&5
g77: `-V' option must have argument
configure:5308: $? = 1
configure:5316: checking whether we are using the GNU Fortran 77 compiler
configure:5330: g77 -c  conftest.F >&5
configure:5336: $? = 0
configure:5340: test -z 
			 || test ! -s conftest.err
configure:5343: $? = 0
configure:5346: test -s conftest.o
configure:5349: $? = 0
configure:5362: result: yes
configure:5368: checking whether g77 accepts -g
configure:5380: g77 -c -g conftest.f >&5
configure:5386: $? = 0
configure:5390: test -z 
			 || test ! -s conftest.err
configure:5393: $? = 0
configure:5396: test -s conftest.o
configure:5399: $? = 0
configure:5411: result: yes
configure:5441: checking the maximum length of command line arguments
configure:5500: result: 32768
configure:5511: checking command to parse /usr/bin/nm -B output from g++ object
configure:5600: g++ -c -O2 -I/home/wschrep/ArithmosRelease/Libraries/Arithmos/include -I/home/wschrep/mpfr-test/gmp-3.1.1  conftest.c >&5
configure:5603: $? = 0
configure:5607: /usr/bin/nm -B conftest.o \| sed -n -e 's/^.*[ 	]\([ABCDGISTW][ABCDGISTW]*\)[ 	][ 	]*\(\)\([_A-Za-z][_A-Za-z0-9]*\)$/\1 \2\3 \3/p' \> conftest.nm
configure:5610: $? = 0
configure:5662: g++ -o conftest -O2 -I/home/wschrep/ArithmosRelease/Libraries/Arithmos/include -I/home/wschrep/mpfr-test/gmp-3.1.1   conftest.c conftstm.o >&5
configure:5665: $? = 0
configure:5703: result: ok
configure:5707: checking for objdir
configure:5722: result: .libs
configure:5812: checking for ar
configure:5839: result: ar
configure:5892: checking for ranlib
configure:5919: result: ranlib
configure:5972: checking for strip
configure:5988: found /usr/bin/strip
configure:5999: result: strip
configure:6261: checking if g++ static flag  works
configure:6284: result: yes
configure:6301: checking if g++ supports -fno-rtti -fno-exceptions
configure:6319: g++ -c -O2 -I/home/wschrep/ArithmosRelease/Libraries/Arithmos/include -I/home/wschrep/mpfr-test/gmp-3.1.1  -fno-rtti -fno-exceptions conftest.c >&5
configure:6323: $? = 0
configure:6334: result: yes
configure:6349: checking for g++ option to produce PIC
configure:6526: result: -fPIC
configure:6533: checking if g++ PIC flag -fPIC works
configure:6551: g++ -c -O2 -I/home/wschrep/ArithmosRelease/Libraries/Arithmos/include -I/home/wschrep/mpfr-test/gmp-3.1.1  -fPIC -DPIC conftest.c >&5
configure:6555: $? = 0
configure:6566: result: yes
configure:6590: checking if g++ supports -c -o file.o
configure:6618: g++ -c -O2 -I/home/wschrep/ArithmosRelease/Libraries/Arithmos/include -I/home/wschrep/mpfr-test/gmp-3.1.1  -o out/conftest2.o conftest.c >&5
configure:6622: $? = 0
configure:6639: result: yes
configure:6665: checking whether the g++ linker (/usr/i586-suse-linux/bin/ld) supports shared libraries
configure:7479: result: yes
configure:7505: checking whether -lc should be explicitly linked in
configure:7510: g++ -c -O2 -I/home/wschrep/ArithmosRelease/Libraries/Arithmos/include -I/home/wschrep/mpfr-test/gmp-3.1.1  conftest.c >&5
configure:7513: $? = 0
configure:7527: g++ -shared conftest.o  -v -Wl,-soname -Wl,conftest -o conftest 2\>\&1 \| grep  -lc  \>/dev/null 2\>\&1
configure:7530: $? = 0
configure:7542: result: no
configure:7550: checking how to hardcode library paths into programs
configure:7575: result: immediate
configure:7589: checking whether stripping libraries is possible
configure:7594: result: yes
configure:7616: checking dynamic linker characteristics
configure:8127: result: GNU/Linux ld.so
configure:8939: checking if libtool supports shared libraries
configure:8941: result: yes
configure:8944: checking whether to build shared libraries
configure:8993: result: yes
configure:8996: checking whether to build static libraries
configure:9000: result: yes
configure:9091: creating libtool
configure:9635: checking for ld used by g++
configure:9702: result: /usr/i586-suse-linux/bin/ld
configure:9711: checking if the linker (/usr/i586-suse-linux/bin/ld) is GNU ld
configure:9726: result: yes
configure:9777: checking whether the g++ linker (/usr/i586-suse-linux/bin/ld) supports shared libraries
configure:10592: result: yes
configure:10610: g++ -c -g -O2  conftest.cc >&5
configure:10613: $? = 0
configure:10709: checking for g++ option to produce PIC
configure:10961: result: -fPIC
configure:10968: checking if g++ PIC flag -fPIC works
configure:10986: g++ -c -g -O2  -fPIC -DPIC conftest.cc >&5
configure:10990: $? = 0
configure:11001: result: yes
configure:11025: checking if g++ supports -c -o file.o
configure:11053: g++ -c -g -O2  -o out/conftest2.o conftest.cc >&5
configure:11057: $? = 0
configure:11074: result: yes
configure:11100: checking whether the g++ linker (/usr/i586-suse-linux/bin/ld) supports shared libraries
configure:11125: result: yes
configure:11196: checking how to hardcode library paths into programs
configure:11221: result: immediate
configure:11235: checking whether stripping libraries is possible
configure:11240: result: yes
configure:11262: checking dynamic linker characteristics
configure:11773: result: GNU/Linux ld.so
configure:13058: checking if libtool supports shared libraries
configure:13060: result: yes
configure:13063: checking whether to build shared libraries
configure:13081: result: yes
configure:13084: checking whether to build static libraries
configure:13088: result: yes
configure:13100: checking for g77 option to produce PIC
configure:13277: result: -fPIC
configure:13284: checking if g77 PIC flag -fPIC works
configure:13302: g77 -c -g -O2 -fPIC conftest.f >&5
configure:13306: $? = 0
configure:13317: result: yes
configure:13341: checking if g77 supports -c -o file.o
configure:13369: g77 -c -g -O2 -o out/conftest2.o conftest.f >&5
configure:13373: $? = 0
configure:13390: result: yes
configure:13416: checking whether the g77 linker (/usr/i586-suse-linux/bin/ld) supports shared libraries
configure:14210: result: yes
configure:14281: checking how to hardcode library paths into programs
configure:14306: result: immediate
configure:14320: checking whether stripping libraries is possible
configure:14325: result: yes
configure:14347: checking dynamic linker characteristics
configure:14858: result: GNU/Linux ld.so
configure:18853: checking for size_t
configure:18877: g++ -c -O2 -I/home/wschrep/ArithmosRelease/Libraries/Arithmos/include -I/home/wschrep/mpfr-test/gmp-3.1.1  conftest.c >&5
configure:18883: $? = 0
configure:18887: test -z 
			 || test ! -s conftest.err
configure:18890: $? = 0
configure:18893: test -s conftest.o
configure:18896: $? = 0
configure:18907: result: yes
configure:18919: checking for working volatile
configure:18942: g++ -c -O2 -I/home/wschrep/ArithmosRelease/Libraries/Arithmos/include -I/home/wschrep/mpfr-test/gmp-3.1.1  conftest.c >&5
configure:18948: $? = 0
configure:18952: test -z 
			 || test ! -s conftest.err
configure:18955: $? = 0
configure:18958: test -s conftest.o
configure:18961: $? = 0
configure:18972: result: yes
configure:18982: checking for inline
configure:19003: g++ -c -O2 -I/home/wschrep/ArithmosRelease/Libraries/Arithmos/include -I/home/wschrep/mpfr-test/gmp-3.1.1  conftest.c >&5
configure:19009: $? = 0
configure:19013: test -z 
			 || test ! -s conftest.err
configure:19016: $? = 0
configure:19019: test -s conftest.o
configure:19022: $? = 0
configure:19034: result: inline
configure:19060: checking for extern inline
configure:19084: g++ -c -O2 -I/home/wschrep/ArithmosRelease/Libraries/Arithmos/include -I/home/wschrep/mpfr-test/gmp-3.1.1  conftest.c >&5
conftest.c: In function `double foo(double)':
conftest.c:28: error: redefinition of `double foo(double)'
conftest.c:27: error: `double foo(double)' previously defined here
conftest.c:28: error: redefinition of `double foo(double)'
conftest.c:27: error: `double foo(double)' previously defined here
conftest.c: In function `int main()':
conftest.c:32: error: call of overloaded `foo(double)' is ambiguous
conftest.c:27: error: candidates are: double foo(double)
conftest.c:28: error:                 double foo(double)
configure:19090: $? = 1
configure: failed program was:
| /* confdefs.h.  */
| 
| #define PACKAGE_NAME "gsl"
| #define PACKAGE_TARNAME "gsl"
| #define PACKAGE_VERSION "1.6"
| #define PACKAGE_STRING "gsl 1.6"
| #define PACKAGE_BUGREPORT ""
| #define PACKAGE "gsl"
| #define VERSION "1.6"
| #define RELEASED 1
| #ifdef __cplusplus
| extern "C" void std::exit (int) throw (); using std::exit;
| #endif
| #define STDC_HEADERS 1
| #define HAVE_SYS_TYPES_H 1
| #define HAVE_SYS_STAT_H 1
| #define HAVE_STDLIB_H 1
| #define HAVE_STRING_H 1
| #define HAVE_MEMORY_H 1
| #define HAVE_STRINGS_H 1
| #define HAVE_INTTYPES_H 1
| #define HAVE_STDINT_H 1
| #define HAVE_UNISTD_H 1
| #define HAVE_DLFCN_H 1
| /* end confdefs.h.  */
| extern inline double foo(double x);
| extern inline double foo(double x) { return x + 1.0 ; } ;
| double foo (double x) { return x + 1.0 ; };
| int
| main ()
| {
|   foo(1.0)
|   ;
|   return 0;
| }
configure:19114: result: no
configure:19132: checking for vprintf
configure:19189: g++ -o conftest -O2 -I/home/wschrep/ArithmosRelease/Libraries/Arithmos/include -I/home/wschrep/mpfr-test/gmp-3.1.1   conftest.c  >&5
configure:19195: $? = 0
configure:19199: test -z 
			 || test ! -s conftest.err
configure:19202: $? = 0
configure:19205: test -s conftest
configure:19208: $? = 0
configure:19220: result: yes
configure:19227: checking for _doprnt
configure:19284: g++ -o conftest -O2 -I/home/wschrep/ArithmosRelease/Libraries/Arithmos/include -I/home/wschrep/mpfr-test/gmp-3.1.1   conftest.c  >&5
/tmp/ccscYKoX.o(.text+0x11): In function `main':
conftest.c: undefined reference to `_doprnt'
/tmp/ccscYKoX.o(.data+0x0): undefined reference to `_doprnt'
collect2: ld returned 1 exit status
configure:19290: $? = 1
configure: failed program was:
| /* confdefs.h.  */
| 
| #define PACKAGE_NAME "gsl"
| #define PACKAGE_TARNAME "gsl"
| #define PACKAGE_VERSION "1.6"
| #define PACKAGE_STRING "gsl 1.6"
| #define PACKAGE_BUGREPORT ""
| #define PACKAGE "gsl"
| #define VERSION "1.6"
| #define RELEASED 1
| #ifdef __cplusplus
| extern "C" void std::exit (int) throw (); using std::exit;
| #endif
| #define STDC_HEADERS 1
| #define HAVE_SYS_TYPES_H 1
| #define HAVE_SYS_STAT_H 1
| #define HAVE_STDLIB_H 1
| #define HAVE_STRING_H 1
| #define HAVE_MEMORY_H 1
| #define HAVE_STRINGS_H 1
| #define HAVE_INTTYPES_H 1
| #define HAVE_STDINT_H 1
| #define HAVE_UNISTD_H 1
| #define HAVE_DLFCN_H 1
| #define HAVE_VPRINTF 1
| /* end confdefs.h.  */
| /* Define _doprnt to an innocuous variant, in case <limits.h> declares _doprnt.
|    For example, HP-UX 11i <limits.h> declares gettimeofday.  */
| #define _doprnt innocuous__doprnt
| 
| /* System header to define __stub macros and hopefully few prototypes,
|     which can conflict with char _doprnt (); below.
|     Prefer <limits.h> to <assert.h> if __STDC__ is defined, since
|     <limits.h> exists even on freestanding compilers.  */
| 
| #ifdef __STDC__
| # include <limits.h>
| #else
| # include <assert.h>
| #endif
| 
| #undef _doprnt
| 
| /* Override any gcc2 internal prototype to avoid an error.  */
| #ifdef __cplusplus
| extern "C"
| {
| #endif
| /* We use char because int might match the return type of a gcc2
|    builtin and then its argument prototype would still apply.  */
| char _doprnt ();
| /* The GNU C library defines this for functions which it implements
|     to always fail with ENOSYS.  Some functions are actually named
|     something starting with __ and the normal name is an alias.  */
| #if defined (__stub__doprnt) || defined (__stub____doprnt)
| choke me
| #else
| char (*f) () = _doprnt;
| #endif
| #ifdef __cplusplus
| }
| #endif
| 
| int
| main ()
| {
| return f != _doprnt;
|   ;
|   return 0;
| }
configure:19315: result: no
configure:19338: checking for memcpy
configure:19395: g++ -o conftest -O2 -I/home/wschrep/ArithmosRelease/Libraries/Arithmos/include -I/home/wschrep/mpfr-test/gmp-3.1.1   conftest.c  >&5
configure:19401: $? = 0
configure:19405: test -z 
			 || test ! -s conftest.err
configure:19408: $? = 0
configure:19411: test -s conftest
configure:19414: $? = 0
configure:19426: result: yes
configure:19338: checking for memmove
configure:19395: g++ -o conftest -O2 -I/home/wschrep/ArithmosRelease/Libraries/Arithmos/include -I/home/wschrep/mpfr-test/gmp-3.1.1   conftest.c  >&5
configure:19401: $? = 0
configure:19405: test -z 
			 || test ! -s conftest.err
configure:19408: $? = 0
configure:19411: test -s conftest
configure:19414: $? = 0
configure:19426: result: yes
configure:19338: checking for strdup
configure:19395: g++ -o conftest -O2 -I/home/wschrep/ArithmosRelease/Libraries/Arithmos/include -I/home/wschrep/mpfr-test/gmp-3.1.1   conftest.c  >&5
configure:19401: $? = 0
configure:19405: test -z 
			 || test ! -s conftest.err
configure:19408: $? = 0
configure:19411: test -s conftest
configure:19414: $? = 0
configure:19426: result: yes
configure:19338: checking for strtol
configure:19395: g++ -o conftest -O2 -I/home/wschrep/ArithmosRelease/Libraries/Arithmos/include -I/home/wschrep/mpfr-test/gmp-3.1.1   conftest.c  >&5
configure:19401: $? = 0
configure:19405: test -z 
			 || test ! -s conftest.err
configure:19408: $? = 0
configure:19411: test -s conftest
configure:19414: $? = 0
configure:19426: result: yes
configure:19338: checking for strtoul
configure:19395: g++ -o conftest -O2 -I/home/wschrep/ArithmosRelease/Libraries/Arithmos/include -I/home/wschrep/mpfr-test/gmp-3.1.1   conftest.c  >&5
configure:19401: $? = 0
configure:19405: test -z 
			 || test ! -s conftest.err
configure:19408: $? = 0
configure:19411: test -s conftest
configure:19414: $? = 0
configure:19426: result: yes
configure:19447: checking for EXIT_SUCCESS and EXIT_FAILURE
configure:19475: result: yes
configure:19488: checking for cos in -lm
configure:19518: g++ -o conftest -O2 -I/home/wschrep/ArithmosRelease/Libraries/Arithmos/include -I/home/wschrep/mpfr-test/gmp-3.1.1   conftest.c -lm   >&5
configure:19524: $? = 0
configure:19528: test -z 
			 || test ! -s conftest.err
configure:19531: $? = 0
configure:19534: test -s conftest
configure:19537: $? = 0
configure:19550: result: yes
configure:19563: checking whether feenableexcept is declared
configure:19589: g++ -c -O2 -I/home/wschrep/ArithmosRelease/Libraries/Arithmos/include -I/home/wschrep/mpfr-test/gmp-3.1.1  conftest.c >&5
configure:19595: $? = 0
configure:19599: test -z 
			 || test ! -s conftest.err
configure:19602: $? = 0
configure:19605: test -s conftest.o
configure:19608: $? = 0
configure:19619: result: yes
configure:19637: checking whether fesettrapenable is declared
configure:19663: g++ -c -O2 -I/home/wschrep/ArithmosRelease/Libraries/Arithmos/include -I/home/wschrep/mpfr-test/gmp-3.1.1  conftest.c >&5
conftest.c: In function `int main()':
conftest.c:42: error: `fesettrapenable' undeclared (first use this function)
conftest.c:42: error: (Each undeclared identifier is reported only once for 
   each function it appears in.)
configure:19669: $? = 1
configure: failed program was:
| /* confdefs.h.  */
| 
| #define PACKAGE_NAME "gsl"
| #define PACKAGE_TARNAME "gsl"
| #define PACKAGE_VERSION "1.6"
| #define PACKAGE_STRING "gsl 1.6"
| #define PACKAGE_BUGREPORT ""
| #define PACKAGE "gsl"
| #define VERSION "1.6"
| #define RELEASED 1
| #ifdef __cplusplus
| extern "C" void std::exit (int) throw (); using std::exit;
| #endif
| #define STDC_HEADERS 1
| #define HAVE_SYS_TYPES_H 1
| #define HAVE_SYS_STAT_H 1
| #define HAVE_STDLIB_H 1
| #define HAVE_STRING_H 1
| #define HAVE_MEMORY_H 1
| #define HAVE_STRINGS_H 1
| #define HAVE_INTTYPES_H 1
| #define HAVE_STDINT_H 1
| #define HAVE_UNISTD_H 1
| #define HAVE_DLFCN_H 1
| #define HAVE_VPRINTF 1
| #define HAVE_MEMCPY 1
| #define HAVE_MEMMOVE 1
| #define HAVE_STRDUP 1
| #define HAVE_STRTOL 1
| #define HAVE_STRTOUL 1
| #define HAVE_EXIT_SUCCESS_AND_FAILURE 1
| #define HAVE_LIBM 1
| #define HAVE_DECL_FEENABLEEXCEPT 1
| /* end confdefs.h.  */
| #define _GNU_SOURCE 1
| #include <fenv.h>
| 
| int
| main ()
| {
| #ifndef fesettrapenable
|   char *p = (char *) fesettrapenable;
| #endif
| 
|   ;
|   return 0;
| }
configure:19693: result: no
configure:19711: checking whether hypot is declared
configure:19736: g++ -c -O2 -I/home/wschrep/ArithmosRelease/Libraries/Arithmos/include -I/home/wschrep/mpfr-test/gmp-3.1.1  conftest.c >&5
configure:19742: $? = 0
configure:19746: test -z 
			 || test ! -s conftest.err
configure:19749: $? = 0
configure:19752: test -s conftest.o
configure:19755: $? = 0
configure:19766: result: yes
configure:19784: checking whether expm1 is declared
configure:19809: g++ -c -O2 -I/home/wschrep/ArithmosRelease/Libraries/Arithmos/include -I/home/wschrep/mpfr-test/gmp-3.1.1  conftest.c >&5
configure:19815: $? = 0
configure:19819: test -z 
			 || test ! -s conftest.err
configure:19822: $? = 0
configure:19825: test -s conftest.o
configure:19828: $? = 0
configure:19839: result: yes
configure:19857: checking whether acosh is declared
configure:19882: g++ -c -O2 -I/home/wschrep/ArithmosRelease/Libraries/Arithmos/include -I/home/wschrep/mpfr-test/gmp-3.1.1  conftest.c >&5
configure:19888: $? = 0
configure:19892: test -z 
			 || test ! -s conftest.err
configure:19895: $? = 0
configure:19898: test -s conftest.o
configure:19901: $? = 0
configure:19912: result: yes
configure:19930: checking whether asinh is declared
configure:19955: g++ -c -O2 -I/home/wschrep/ArithmosRelease/Libraries/Arithmos/include -I/home/wschrep/mpfr-test/gmp-3.1.1  conftest.c >&5
configure:19961: $? = 0
configure:19965: test -z 
			 || test ! -s conftest.err
configure:19968: $? = 0
configure:19971: test -s conftest.o
configure:19974: $? = 0
configure:19985: result: yes
configure:20003: checking whether atanh is declared
configure:20028: g++ -c -O2 -I/home/wschrep/ArithmosRelease/Libraries/Arithmos/include -I/home/wschrep/mpfr-test/gmp-3.1.1  conftest.c >&5
configure:20034: $? = 0
configure:20038: test -z 
			 || test ! -s conftest.err
configure:20041: $? = 0
configure:20044: test -s conftest.o
configure:20047: $? = 0
configure:20058: result: yes
configure:20076: checking whether ldexp is declared
configure:20101: g++ -c -O2 -I/home/wschrep/ArithmosRelease/Libraries/Arithmos/include -I/home/wschrep/mpfr-test/gmp-3.1.1  conftest.c >&5
configure:20107: $? = 0
configure:20111: test -z 
			 || test ! -s conftest.err
configure:20114: $? = 0
configure:20117: test -s conftest.o
configure:20120: $? = 0
configure:20131: result: yes
configure:20149: checking whether frexp is declared
configure:20174: g++ -c -O2 -I/home/wschrep/ArithmosRelease/Libraries/Arithmos/include -I/home/wschrep/mpfr-test/gmp-3.1.1  conftest.c >&5
configure:20180: $? = 0
configure:20184: test -z 
			 || test ! -s conftest.err
configure:20187: $? = 0
configure:20190: test -s conftest.o
configure:20193: $? = 0
configure:20204: result: yes
configure:20222: checking whether isinf is declared
configure:20247: g++ -c -O2 -I/home/wschrep/ArithmosRelease/Libraries/Arithmos/include -I/home/wschrep/mpfr-test/gmp-3.1.1  conftest.c >&5
configure:20253: $? = 0
configure:20257: test -z 
			 || test ! -s conftest.err
configure:20260: $? = 0
configure:20263: test -s conftest.o
configure:20266: $? = 0
configure:20277: result: yes
configure:20295: checking whether finite is declared
configure:20320: g++ -c -O2 -I/home/wschrep/ArithmosRelease/Libraries/Arithmos/include -I/home/wschrep/mpfr-test/gmp-3.1.1  conftest.c >&5
configure:20326: $? = 0
configure:20330: test -z 
			 || test ! -s conftest.err
configure:20333: $? = 0
configure:20336: test -s conftest.o
configure:20339: $? = 0
configure:20350: result: yes
configure:20368: checking whether isfinite is declared
configure:20393: g++ -c -O2 -I/home/wschrep/ArithmosRelease/Libraries/Arithmos/include -I/home/wschrep/mpfr-test/gmp-3.1.1  conftest.c >&5
configure:20399: $? = 0
configure:20403: test -z 
			 || test ! -s conftest.err
configure:20406: $? = 0
configure:20409: test -s conftest.o
configure:20412: $? = 0
configure:20423: result: yes
configure:20441: checking whether isnan is declared
configure:20466: g++ -c -O2 -I/home/wschrep/ArithmosRelease/Libraries/Arithmos/include -I/home/wschrep/mpfr-test/gmp-3.1.1  conftest.c >&5
configure:20472: $? = 0
configure:20476: test -z 
			 || test ! -s conftest.err
configure:20479: $? = 0
configure:20482: test -s conftest.o
configure:20485: $? = 0
configure:20496: result: yes
configure:20521: checking whether log1p is declared
configure:20546: g++ -c -O2 -I/home/wschrep/ArithmosRelease/Libraries/Arithmos/include -I/home/wschrep/mpfr-test/gmp-3.1.1  conftest.c >&5
configure:20552: $? = 0
configure:20556: test -z 
			 || test ! -s conftest.err
configure:20559: $? = 0
configure:20562: test -s conftest.o
configure:20565: $? = 0
configure:20576: result: yes
configure:20597: checking for long double stdio
configure:20623: g++ -o conftest -O2 -I/home/wschrep/ArithmosRelease/Libraries/Arithmos/include -I/home/wschrep/mpfr-test/gmp-3.1.1   conftest.c -lm  >&5
configure:20626: $? = 0
configure:20628: ./conftest
1.234
configure:20631: $? = 0
configure:20645: result: yes
configure:20656: checking for extended floating point registers
configure:20689: result: yes
configure:20700: checking for IEEE arithmetic interface type
configure:20760: result: gnux86
configure:20764: checking for FPU_SETCW
configure:20791: g++ -c -O2 -I/home/wschrep/ArithmosRelease/Libraries/Arithmos/include -I/home/wschrep/mpfr-test/gmp-3.1.1  conftest.c >&5
configure:20797: $? = 0
configure:20801: test -z 
			 || test ! -s conftest.err
configure:20804: $? = 0
configure:20807: test -s conftest.o
configure:20810: $? = 0
configure:20822: result: yes
configure:20854: checking for IEEE compiler flags
configure:20921: result: none
configure:20930: checking for IEEE comparisons
configure:20956: g++ -o conftest -O2 -I/home/wschrep/ArithmosRelease/Libraries/Arithmos/include -I/home/wschrep/mpfr-test/gmp-3.1.1   conftest.c -lm  >&5
configure:20959: $? = 0
configure:20961: ./conftest
configure:20964: $? = 0
configure:20979: result: yes
configure:20990: checking for IEEE denormalized values
configure:21017: g++ -o conftest -O2 -I/home/wschrep/ArithmosRelease/Libraries/Arithmos/include -I/home/wschrep/mpfr-test/gmp-3.1.1   conftest.c -lm  >&5
configure:21020: $? = 0
configure:21022: ./conftest
configure:21025: $? = 0
configure:21040: result: yes
configure:21155: creating ./config.status

## ---------------------- ##
## Running config.status. ##
## ---------------------- ##

This file was extended by gsl config.status 1.6, which was
generated by GNU Autoconf 2.59.  Invocation command line was

  CONFIG_FILES    = 
  CONFIG_HEADERS  = 
  CONFIG_LINKS    = 
  CONFIG_COMMANDS = 
  $ ./config.status 

on pascal

config.status:769: creating gsl-config
config.status:769: creating gsl.pc
config.status:769: creating gsl_version.h
config.status:769: creating gsl.spec
config.status:769: creating gsl/Makefile
config.status:769: creating test/Makefile
config.status:769: creating err/Makefile
config.status:769: creating sys/Makefile
config.status:769: creating utils/Makefile
config.status:769: creating const/Makefile
config.status:769: creating min/Makefile
config.status:769: creating multimin/Makefile
config.status:769: creating ieee-utils/Makefile
config.status:769: creating fft/Makefile
config.status:769: creating specfunc/Makefile
config.status:769: creating dht/Makefile
config.status:769: creating fit/Makefile
config.status:769: creating multifit/Makefile
config.status:769: creating statistics/Makefile
config.status:769: creating sum/Makefile
config.status:769: creating roots/Makefile
config.status:769: creating multiroots/Makefile
config.status:769: creating ntuple/Makefile
config.status:769: creating poly/Makefile
config.status:769: creating qrng/Makefile
config.status:769: creating rng/Makefile
config.status:769: creating randist/Makefile
config.status:769: creating siman/Makefile
config.status:769: creating integration/Makefile
config.status:769: creating interpolation/Makefile
config.status:769: creating doc/Makefile
config.status:769: creating block/Makefile
config.status:769: creating vector/Makefile
config.status:769: creating matrix/Makefile
config.status:769: creating histogram/Makefile
config.status:769: creating monte/Makefile
config.status:769: creating ode-initval/Makefile
config.status:769: creating cblas/Makefile
config.status:769: creating blas/Makefile
config.status:769: creating linalg/Makefile
config.status:769: creating eigen/Makefile
config.status:769: creating permutation/Makefile
config.status:769: creating combination/Makefile
config.status:769: creating sort/Makefile
config.status:769: creating complex/Makefile
config.status:769: creating diff/Makefile
config.status:769: creating deriv/Makefile
config.status:769: creating cheb/Makefile
config.status:769: creating cdf/Makefile
config.status:769: creating wavelet/Makefile
config.status:769: creating Makefile
config.status:873: creating config.h
config.status:1055: config.h is unchanged

## ---------------- ##
## Cache variables. ##
## ---------------- ##

ac_cv_build=i686-pc-linux-gnu
ac_cv_build_alias=i686-pc-linux-gnu
ac_cv_c_compiler_gnu=yes
ac_cv_c_extended_fp=yes
ac_cv_c_extern_inline=no
ac_cv_c_fpu_setcw=yes
ac_cv_c_ieee_comparisons=yes
ac_cv_c_ieee_denormals=yes
ac_cv_c_ieee_flags=none
ac_cv_c_ieee_interface=gnux86
ac_cv_c_inline=inline
ac_cv_c_volatile=yes
ac_cv_cxx_compiler_gnu=yes
ac_cv_decl_exit_success_and_failure=yes
ac_cv_env_CC_set=set
ac_cv_env_CC_value=g++
ac_cv_env_CFLAGS_set=set
ac_cv_env_CFLAGS_value='-O2 -I/home/wschrep/ArithmosRelease/Libraries/Arithmos/include -I/home/wschrep/mpfr-test/gmp-3.1.1'
ac_cv_env_CPPFLAGS_set=
ac_cv_env_CPPFLAGS_value=
ac_cv_env_CPP_set=
ac_cv_env_CPP_value=
ac_cv_env_CXXCPP_set=
ac_cv_env_CXXCPP_value=
ac_cv_env_CXXFLAGS_set=
ac_cv_env_CXXFLAGS_value=
ac_cv_env_CXX_set=
ac_cv_env_CXX_value=
ac_cv_env_F77_set=
ac_cv_env_F77_value=
ac_cv_env_FFLAGS_set=
ac_cv_env_FFLAGS_value=
ac_cv_env_LDFLAGS_set=
ac_cv_env_LDFLAGS_value=
ac_cv_env_build_alias_set=
ac_cv_env_build_alias_value=
ac_cv_env_host_alias_set=
ac_cv_env_host_alias_value=
ac_cv_env_target_alias_set=
ac_cv_env_target_alias_value=
ac_cv_exeext=
ac_cv_f77_compiler_gnu=yes
ac_cv_func__doprnt=no
ac_cv_func_memcpy=yes
ac_cv_func_memmove=yes
ac_cv_func_printf_longdouble=yes
ac_cv_func_strdup=yes
ac_cv_func_strtol=yes
ac_cv_func_strtoul=yes
ac_cv_func_vprintf=yes
ac_cv_have_decl_acosh=yes
ac_cv_have_decl_asinh=yes
ac_cv_have_decl_atanh=yes
ac_cv_have_decl_expm1=yes
ac_cv_have_decl_feenableexcept=yes
ac_cv_have_decl_fesettrapenable=no
ac_cv_have_decl_finite=yes
ac_cv_have_decl_frexp=yes
ac_cv_have_decl_hypot=yes
ac_cv_have_decl_isfinite=yes
ac_cv_have_decl_isinf=yes
ac_cv_have_decl_isnan=yes
ac_cv_have_decl_ldexp=yes
ac_cv_have_decl_log1p=yes
ac_cv_header_dlfcn_h=yes
ac_cv_header_inttypes_h=yes
ac_cv_header_memory_h=yes
ac_cv_header_stdc=yes
ac_cv_header_stdint_h=yes
ac_cv_header_stdlib_h=yes
ac_cv_header_string_h=yes
ac_cv_header_strings_h=yes
ac_cv_header_sys_stat_h=yes
ac_cv_header_sys_types_h=yes
ac_cv_header_unistd_h=yes
ac_cv_host=i686-pc-linux-gnu
ac_cv_host_alias=i686-pc-linux-gnu
ac_cv_lib_m_cos=yes
ac_cv_objext=o
ac_cv_path_install='/usr/bin/install -c'
ac_cv_prog_AWK=gawk
ac_cv_prog_CPP='g++ -E'
ac_cv_prog_CXXCPP='g++ -E'
ac_cv_prog_ac_ct_AR=ar
ac_cv_prog_ac_ct_CC=g++
ac_cv_prog_ac_ct_CXX=g++
ac_cv_prog_ac_ct_F77=g77
ac_cv_prog_ac_ct_RANLIB=ranlib
ac_cv_prog_ac_ct_STRIP=strip
ac_cv_prog_cc_g=yes
ac_cv_prog_cc_stdc=no
ac_cv_prog_cxx_g=yes
ac_cv_prog_egrep='grep -E'
ac_cv_prog_f77_g=yes
ac_cv_prog_make_make_set=yes
ac_cv_type_size_t=yes
lt_cv_deplibs_check_method=pass_all
lt_cv_file_magic_cmd='$MAGIC_CMD'
lt_cv_file_magic_test_file='/lib/libc.so.6 /lib/libc-*.so'
lt_cv_ld_reload_flag=-r
lt_cv_objdir=.libs
lt_cv_path_LD=/usr/i586-suse-linux/bin/ld
lt_cv_path_LDCXX=/usr/i586-suse-linux/bin/ld
lt_cv_path_NM='/usr/bin/nm -B'
lt_cv_path_SED=/usr/bin/sed
lt_cv_prog_compiler_c_o=yes
lt_cv_prog_compiler_c_o_CXX=yes
lt_cv_prog_compiler_c_o_F77=yes
lt_cv_prog_compiler_rtti_exceptions=yes
lt_cv_prog_gnu_ld=yes
lt_cv_prog_gnu_ldcxx=yes
lt_cv_sys_global_symbol_pipe='sed -n -e '\''s/^.*[ 	]\([ABCDGISTW][ABCDGISTW]*\)[ 	][ 	]*\(\)\([_A-Za-z][_A-Za-z0-9]*\)$/\1 \2\3 \3/p'\'''
lt_cv_sys_global_symbol_to_c_name_address='sed -n -e '\''s/^: \([^ ]*\) $/  {\"\1\", (lt_ptr) 0},/p'\'' -e '\''s/^[BCDEGRST] \([^ ]*\) \([^ ]*\)$/  {"\2", (lt_ptr) \&\2},/p'\'''
lt_cv_sys_global_symbol_to_cdecl='sed -n -e '\''s/^. .* \(.*\)$/extern int \1;/p'\'''
lt_cv_sys_max_cmd_len=32768
lt_lt_cv_prog_compiler_c_o='"yes"'
lt_lt_cv_prog_compiler_c_o_CXX='"yes"'
lt_lt_cv_prog_compiler_c_o_F77='"yes"'
lt_lt_cv_sys_global_symbol_pipe='"sed -n -e '\''s/^.*[ 	]\\([ABCDGISTW][ABCDGISTW]*\\)[ 	][ 	]*\\(\\)\\([_A-Za-z][_A-Za-z0-9]*\\)\$/\\1 \\2\\3 \\3/p'\''"'
lt_lt_cv_sys_global_symbol_to_c_name_address='"sed -n -e '\''s/^: \\([^ ]*\\) \$/  {\\\"\\1\\\", (lt_ptr) 0},/p'\'' -e '\''s/^[BCDEGRST] \\([^ ]*\\) \\([^ ]*\\)\$/  {\"\\2\", (lt_ptr) \\&\\2},/p'\''"'
lt_lt_cv_sys_global_symbol_to_cdecl='"sed -n -e '\''s/^. .* \\(.*\\)\$/extern int \\1;/p'\''"'

## ----------------- ##
## Output variables. ##
## ----------------- ##

ACLOCAL='${SHELL} /home/wschrep/precompiler_algorithm/gsl-1.6-precompile/missing --run aclocal-1.9'
AMTAR='${SHELL} /home/wschrep/precompiler_algorithm/gsl-1.6-precompile/missing --run tar'
AR='ar'
AUTOCONF='${SHELL} /home/wschrep/precompiler_algorithm/gsl-1.6-precompile/missing --run autoconf'
AUTOHEADER='${SHELL} /home/wschrep/precompiler_algorithm/gsl-1.6-precompile/missing --run autoheader'
AUTOMAKE='${SHELL} /home/wschrep/precompiler_algorithm/gsl-1.6-precompile/missing --run automake-1.9'
AWK='gawk'
CC='g++'
CFLAGS='-O2 -I/home/wschrep/ArithmosRelease/Libraries/Arithmos/include -I/home/wschrep/mpfr-test/gmp-3.1.1'
CPP='g++ -E'
CPPFLAGS=''
CXX='g++'
CXXCPP='g++ -E'
CXXFLAGS='-g -O2'
CYGPATH_W='echo'
DEFS='-DHAVE_CONFIG_H'
ECHO='echo'
ECHO_C=''
ECHO_N='-n'
ECHO_T=''
EGREP='grep -E'
EXEEXT=''
F77='g77'
FFLAGS='-g -O2'
GSL_CFLAGS='-I${prefix}/include'
GSL_LIBS='-L${exec_prefix}/lib -lgsl'
GSL_LT_CBLAS_VERSION='0:0:0'
GSL_LT_VERSION='7:0:7'
HAVE_AIX_IEEE_INTERFACE=''
HAVE_DARWIN_IEEE_INTERFACE=''
HAVE_EXTENDED_PRECISION_REGISTERS=''
HAVE_FREEBSD_IEEE_INTERFACE=''
HAVE_GNUM68K_IEEE_INTERFACE=''
HAVE_GNUPPC_IEEE_INTERFACE=''
HAVE_GNUSPARC_IEEE_INTERFACE=''
HAVE_GNUX86_IEEE_INTERFACE=''
HAVE_HPUX11_IEEE_INTERFACE=''
HAVE_HPUX_IEEE_INTERFACE=''
HAVE_IEEE_COMPARISONS=''
HAVE_IEEE_DENORMALS=''
HAVE_INLINE=''
HAVE_IRIX_IEEE_INTERFACE=''
HAVE_NETBSD_IEEE_INTERFACE=''
HAVE_OPENBSD_IEEE_INTERFACE=''
HAVE_OS2EMX_IEEE_INTERFACE=''
HAVE_PRINTF_LONGDOUBLE=''
HAVE_SOLARIS_IEEE_INTERFACE=''
HAVE_SUNOS4_IEEE_INTERFACE=''
HAVE_TRU64_IEEE_INTERFACE=''
INSTALL_DATA='${INSTALL} -m 644'
INSTALL_PROGRAM='${INSTALL}'
INSTALL_SCRIPT='${INSTALL}'
INSTALL_STRIP_PROGRAM='${SHELL} $(install_sh) -c -s'
LDFLAGS=''
LIBOBJS=''
LIBS='-lm '
LIBTOOL='$(SHELL) $(top_builddir)/libtool'
LN_S='ln -s'
LTLIBOBJS=''
MAINT='#'
MAINTAINER_MODE_FALSE=''
MAINTAINER_MODE_TRUE='#'
MAKEINFO='${SHELL} /home/wschrep/precompiler_algorithm/gsl-1.6-precompile/missing --run makeinfo'
OBJEXT='o'
PACKAGE='gsl'
PACKAGE_BUGREPORT=''
PACKAGE_NAME='gsl'
PACKAGE_STRING='gsl 1.6'
PACKAGE_TARNAME='gsl'
PACKAGE_VERSION='1.6'
PATH_SEPARATOR=':'
RANLIB='ranlib'
RELEASED=''
SET_MAKE=''
SHELL='/bin/sh'
STRIP='strip'
VERSION='1.6'
ac_ct_AR='ar'
ac_ct_CC='g++'
ac_ct_CXX='g++'
ac_ct_F77='g77'
ac_ct_RANLIB='ranlib'
ac_ct_STRIP='strip'
am__leading_dot='.'
am__tar='${AMTAR} chof - "$$tardir"'
am__untar='${AMTAR} xf -'
bindir='${exec_prefix}/bin'
build='i686-pc-linux-gnu'
build_alias=''
build_cpu='i686'
build_os='linux-gnu'
build_vendor='pc'
datadir='${prefix}/share'
exec_prefix='${prefix}'
host='i686-pc-linux-gnu'
host_alias=''
host_cpu='i686'
host_os='linux-gnu'
host_vendor='pc'
includedir='${prefix}/include'
infodir='${prefix}/info'
install_sh='/home/wschrep/precompiler_algorithm/gsl-1.6-precompile/install-sh'
libdir='${exec_prefix}/lib'
libexecdir='${exec_prefix}/libexec'
localstatedir='${prefix}/var'
mandir='${prefix}/man'
mkdir_p='mkdir -p --'
oldincludedir='/usr/include'
prefix='/usr/local'
program_transform_name='s,x,x,'
sbindir='${exec_prefix}/sbin'
sharedstatedir='${prefix}/com'
sysconfdir='${prefix}/etc'
target_alias=''

## ----------- ##
## confdefs.h. ##
## ----------- ##

#define HAVE_DECL_ACOSH 1
#define HAVE_DECL_ASINH 1
#define HAVE_DECL_ATANH 1
#define HAVE_DECL_EXPM1 1
#define HAVE_DECL_FEENABLEEXCEPT 1
#define HAVE_DECL_FESETTRAPENABLE 0
#define HAVE_DECL_FINITE 1
#define HAVE_DECL_FREXP 1
#define HAVE_DECL_HYPOT 1
#define HAVE_DECL_ISFINITE 1
#define HAVE_DECL_ISINF 1
#define HAVE_DECL_ISNAN 1
#define HAVE_DECL_LDEXP 1
#define HAVE_DECL_LOG1P 1
#define HAVE_DLFCN_H 1
#define HAVE_EXIT_SUCCESS_AND_FAILURE 1
#define HAVE_EXTENDED_PRECISION_REGISTERS 1
#define HAVE_GNUX86_IEEE_INTERFACE 1
#define HAVE_IEEE_COMPARISONS 1
#define HAVE_IEEE_DENORMALS 1
#define HAVE_INTTYPES_H 1
#define HAVE_LIBM 1
#define HAVE_MEMCPY 1
#define HAVE_MEMMOVE 1
#define HAVE_MEMORY_H 1
#define HAVE_PRINTF_LONGDOUBLE 1
#define HAVE_STDINT_H 1
#define HAVE_STDLIB_H 1
#define HAVE_STRDUP 1
#define HAVE_STRINGS_H 1
#define HAVE_STRING_H 1
#define HAVE_STRTOL 1
#define HAVE_STRTOUL 1
#define HAVE_SYS_STAT_H 1
#define HAVE_SYS_TYPES_H 1
#define HAVE_UNISTD_H 1
#define HAVE_VPRINTF 1
#define PACKAGE "gsl"
#define PACKAGE_BUGREPORT ""
#define PACKAGE_NAME "gsl"
#define PACKAGE_STRING "gsl 1.6"
#define PACKAGE_TARNAME "gsl"
#define PACKAGE_VERSION "1.6"
#define RELEASED 1
#define STDC_HEADERS 1
#define VERSION "1.6"
#endif
#ifdef __cplusplus
extern "C" void std::exit (int) throw (); using std::exit;

configure: exit 0

## ---------------------- ##
## Running config.status. ##
## ---------------------- ##

This file was extended by gsl config.status 1.6, which was
generated by GNU Autoconf 2.59.  Invocation command line was

  CONFIG_FILES    = 
  CONFIG_HEADERS  = 
  CONFIG_LINKS    = 
  CONFIG_COMMANDS = 
  $ ./config.status Makefile

on pascal

config.status:769: creating Makefile
