/usr/X11R6/bin/xauth:  error in locking authority file /u/sy/beebe/.Xauthority
============================================================
/usr/local/bin/.: Permission denied.
Machinetype:            Sun SPARC 10/51;               GNU/Linux 2.2.19-6.2.1 (Red Hat 6.2)
System status:           10:56am  up 8 days, 15:17,  2 users,  load average: 0.40, 0.09, 0.03
Package:                quadlog-gampsi-slim
Archive:                /u/sy/beebe/build//quadlog-gampsi-slim.tar.gz
Date:                   2004.03.21.10.55.45
Local user:             beebe
Local host:             ibapah.math.utah.edu
Local log directory:    /u/sy/beebe/build/logs/quadlog-gampsi-slim
Local log file:         quadlog-gampsi-slim.wombat.math.utah.edu.2004.03.21.10.55.45.log
Remote user:            beebe
Remote host:            wombat.math.utah.edu
Remote directory:       /local/build/f77
Remote date:            2004.03.21.10.56.09
Remote uname:           Linux wombat.math.utah.edu 2.2.19-6.2.16 #1 Wed Mar 13 09:32:43 EST 2002 sparc unknown unknown GNU/Linux
Remote gcc version:     gcc (GCC) 3.3.3
Remote g++ version:     g++ (GCC) 3.3.3
Remote gcc3 version:    gcc3: Command not found.
Remote g++3 version:    g++3: Command not found.
Configure environment:  CC=gcc CXX=g++ F77=f77 FC=f77 LDFLAGS="-Wl,-rpath,/usr/local/lib" 
Extra environment:      
Configure flags:        
Make all targets:       
Make check targets:     check
Disk free report for /local/build/f77:
			Filesystem           1K-blocks      Used Available Use% Mounted on
			/dev/sdd1              8732228   3323344   4965308  41% /local
Environment:
			DISPLAY=localhost:93.0
			DVIPSHEADERS=.:/usr/local/lib/tex/ps:/usr/local/lib/tex/fonts/ps:/usr/local/lib/tex/fonts/vf:/usr/local/lib/tex/fonts/old/vf:/usr/local/lib/tex/fonts/postscript/cmpsfont/pfb
			GROUP=wheel
			HOME=/u/sy/beebe
			HOST=wombat.math.utah.edu
			HOSTALIAS=wombat
			HOSTTYPE=sparc
			INDOMAIN=math.utah.edu
			INFO=/usr/local/plot79
			LOGNAME=beebe
			LS_COLORS=no=00:fi=00:di=37;44:ln=01;36;44:pi=33;44:so=01;35:bd=33;44;01:cd=33;44;01:or=40;31;01:ex=01;33;44:*.tar=01;31:*.tgz=01;31:*.arj=01;31:*.taz=01;31:*.lzh=01;31:*.zip=01;31:*.z=01;31:*.Z=01;31:*.gz=01;31:*.deb=01;31:*.i386.rpm=01;31:*.src.rpm=01;30:*.jpg=01;35:*.gif=01;35:*.bmp=01;35:*.ppm=01;35:*.tga=01;35:*.xbm=01;35:*.xpm=01;35:*.tif=01;35:*.mpg=01;37;42:*.avi=01;37;42:*.mp4=01;37;42:*.qt=01;37;42:*.gl=01;37;42:*.dl=01;37;42:*.c=1;34;47:*.h=1;35;47:*.in=1;32;44:*.i=07;33;44:*ChangeLog=01;34;43:*INSTALL=301;4;43:*Makefile=01;37;42;41:*NEWS=01;34;43:*README=01;34;43:*TO-DO=01;34;43:*WHERE-FROM=01;34;43:
			MACHTYPE=sparc
			MAIL=/var/spool/mail/beebe
			MFINPUTS=.:/usr/local/lib/mf/macros:/usr/local/lib/mf/cm:/usr/local/lib/mf
			NCARG_ROOT=/usr/local/ncar
			OPENWINHOME=/usr/openwin
			OSTYPE=linux
			PAGER=/usr/bin/less
			PATH=/usr/local/bin/X11:/usr/local/bin:/usr/local/share/bin:/usr/local/bin/X11:/usr/local/pbmplus:/usr/X11R6/bin:/usr/bin/X11:/usr/local/plot79:/usr/local/X11R5/bin:/usr/sbin:/usr/bin:/bin:/sbin:/usr/local/etc:/usr/etc:/etc:.:/u/sy/beebe/tex/bib
			PLT=/usr/local/plot79
			PVM_ROOT=/usr/local/pvm3
			PWD=/u/sy/beebe
			SHELL=/usr/local/bin/tcsh
			SHLVL=1
			SSH_CLIENT=155.101.96.157 35401 22
			SSH_CONNECTION=155.101.96.157 35401 155.101.96.142 22
			TERM=vt100
			TEXCONFIG=.:/usr/local/lib/tex/ps:/usr/local/lib/tex/fonts/vf:/usr/local/lib/tex/fonts/old/vf
			TEXFONTS=/usr/local/lib/tex/fonts/cm/600dpi:/usr/local/lib/tex/fonts/cm/tfms:/usr/local/lib/tex/ams/amspsfnt/tfms:/usr/local/lib/tex/ams/amspsfnt/pfb:/usr/local/lib/tex/ams/amsfonts/pk-files/600dpi:/usr/local/lib/tex/ams/amsfonts/pk-files/300dpi:/usr/local/lib/tex/fonts/pandora/600dpi:/usr/local/lib/tex/fonts/pandora/tfms:/usr/local/lib/tex/fonts/concrete/600dpi:/usr/local/lib/tex/fonts/concrete/tfms:/usr/local/lib/tex/fonts/greek:/usr/local/lib/tex/lamstex/mf:/usr/local/lib/tex/fonts/pk/tfms:/usr/local/lib/tex/fonts/pk/600dpi:/usr/local/lib/tex/fonts/pk/300dpi:/usr/local/lib/tex/fonts/ps:/usr/local/lib/tex/latex2e/fonts:/usr/local/lib/tex/fonts/vf:/usr/local/lib/tex/fonts/old/vf:/usr/local/lib/tex/musictex/pk/600dpi:/usr/local/lib/tex/musictex/pk/tfms:/usr/local/lib/tex/fonts/cmcyr/600dpi:/usr/local/lib/tex/fonts/ec/600dpi:/usr/local/lib/tex/fonts/ec/tfms:/usr/local/lib/tex/fonts/ecc/600dpi:/usr/local/lib/tex/fonts/ecc/tfms:/usr/local/lib/tex/fonts/ams
			TEXINPUTS=.:/usr/local/lib/tex/inputs:/usr/local/lib/tex/fonts/ps:/usr/local/lib/tex/latex:/usr/local/lib/tex/ams/amstex:/usr/local/lib/tex/ams/amstex/doc:/usr/local/lib/tex/ams/amslatex/inputs:/usr/local/lib/tex/bibtex:/usr/local/lib/tex/fonts/ap/300dpi:/usr/local/lib/tex/tugboat:/usr/local/lib/tex/lamstex/inputs:/usr/local/lib/tex/siam:/usr/local/lib/tex/ps:/usr/local/lib/tex/fonts/pandora
			TEXPKS=/usr/local/lib/tex/fonts/cm/600dpi:/usr/local/lib/tex/fonts/cm/tfms:/usr/local/lib/tex/ams/amspsfnt/tfms:/usr/local/lib/tex/ams/amspsfnt/pfb:/usr/local/lib/tex/ams/amsfonts/pk-files/600dpi:/usr/local/lib/tex/ams/amsfonts/pk-files/300dpi:/usr/local/lib/tex/fonts/pandora/600dpi:/usr/local/lib/tex/fonts/pandora/tfms:/usr/local/lib/tex/fonts/concrete/600dpi:/usr/local/lib/tex/fonts/concrete/tfms:/usr/local/lib/tex/fonts/greek:/usr/local/lib/tex/lamstex/mf:/usr/local/lib/tex/fonts/pk/tfms:/usr/local/lib/tex/fonts/pk/600dpi:/usr/local/lib/tex/fonts/pk/300dpi:/usr/local/lib/tex/fonts/ps:/usr/local/lib/tex/latex2e/fonts:/usr/local/lib/tex/fonts/vf:/usr/local/lib/tex/fonts/old/vf:/usr/local/lib/tex/musictex/pk/600dpi:/usr/local/lib/tex/musictex/pk/tfms:/usr/local/lib/tex/fonts/cmcyr/600dpi:/usr/local/lib/tex/fonts/ec/600dpi:/usr/local/lib/tex/fonts/ec/tfms:/usr/local/lib/tex/fonts/ecc/600dpi:/usr/local/lib/tex/fonts/ecc/tfms:/usr/local/lib/tex/fonts/ams
			USER=beebe
			VENDOR=unknown
			VFFONTS=.:/usr/local/lib/tex/latex2e/fonts:/usr/local/lib/tex/fonts/vf:/usr/local/lib/tex/fonts/old/vf:/usr/local/lib/tex/fonts/fontinst/contrib/helminck:/usr/local/lib/tex/fonts/malvern/vf:/usr/local/lib/tex/fonts/mathtime
			YPDOMAIN=YP.math.utah.edu
============================================================
configure: creating ./config.status
config.status: creating Makefile
configure: configuring in common
configure: running /bin/sh './configure'  --cache-file=/dev/null --srcdir=.
checking for gcc... gcc
checking for C compiler default output file name... a.out
checking whether the C compiler works... yes
checking whether we are cross compiling... no
checking for suffix of executables... 
checking for suffix of object files... o
checking whether we are using the GNU C compiler... yes
checking whether gcc accepts -g... yes
checking for gcc option to accept ANSI C... none needed
checking whether we are using the GNU Fortran 77 compiler... no
checking whether f77 accepts -g... yes
checking for autoconf... autoconf
configure: creating ./config.status
config.status: creating Makefile
configure: configuring in gampsi
configure: running /bin/sh './configure'  --cache-file=/dev/null --srcdir=.
checking for gcc... gcc
checking for C compiler default output file name... a.out
checking whether the C compiler works... yes
checking whether we are cross compiling... no
checking for suffix of executables... 
checking for suffix of object files... o
checking whether we are using the GNU C compiler... yes
checking whether gcc accepts -g... yes
checking for gcc option to accept ANSI C... none needed
checking whether we are using the GNU Fortran 77 compiler... no
checking whether f77 accepts -g... yes
checking for autoconf... autoconf
checking for gzip... gzip
checking for tar... tar
configure: creating ./config.status
config.status: creating Makefile
configure: configuring in jacobi
configure: running /bin/sh './configure'  --cache-file=/dev/null --srcdir=.
checking for gcc... gcc
checking for C compiler default output file name... a.out
checking whether the C compiler works... yes
checking whether we are cross compiling... no
checking for suffix of executables... 
checking for suffix of object files... o
checking whether we are using the GNU C compiler... yes
checking whether gcc accepts -g... yes
checking for gcc option to accept ANSI C... none needed
checking whether we are using the GNU Fortran 77 compiler... no
checking whether f77 accepts -g... yes
checking for autoconf... autoconf
configure: creating ./config.status
config.status: creating Makefile
configure: configuring in laguerre
configure: running /bin/sh './configure'  --cache-file=/dev/null --srcdir=.
checking for gcc... gcc
checking for C compiler default output file name... a.out
checking whether the C compiler works... yes
checking whether we are cross compiling... no
checking for suffix of executables... 
checking for suffix of object files... o
checking whether we are using the GNU C compiler... yes
checking whether gcc accepts -g... yes
checking for gcc option to accept ANSI C... none needed
checking whether we are using the GNU Fortran 77 compiler... no
checking whether f77 accepts -g... yes
checking for autoconf... autoconf
checking if -lm needed for math functions... yes
configure: creating ./config.status
config.status: creating Makefile
configure: configuring in man
configure: running /bin/sh './configure'  --cache-file=/dev/null --srcdir=.
checking for autoconf... autoconf
checking for deroff... deroff
checking for ps2pdf... ps2pdf
checking for man2html... man2html
configure: creating ./config.status
config.status: creating Makefile
69.82user 42.49system 4:15.87elapsed 43%CPU (0avgtext+0avgdata 0maxresident)k
0inputs+0outputs (177292major+150057minor)pagefaults 0swaps
(cd common && make  prefix=/usr/local FWARN="" FOPT="-O" all )
f77 -g -O     -c -o d2norm.o d2norm.f
d2norm.f:
   d2norm:
f77 -g -O     -c -o dcopy.o dcopy.f
dcopy.f:
   dcopy:
f77 -g -O     -c -o deps.o deps.f
deps.f:
   deps:
f77 -g -O     -c -o derbit.o derbit.f
derbit.f:
   derbit:
f77 -g -O     -c -o dfloat.o dfloat.f
dfloat.f:
   dfloat:
f77 -g -O     -c -o dfpmax.o dfpmax.f
dfpmax.f:
   dfpmax:
f77 -g -O     -c -o dgamma.o dgamma.f
dgamma.f:
   dgamma:
f77 -g -O     -c -o dinf.o dinf.f
dinf.f:
   dinf:
f77 -g -O     -c -o diran.o diran.f
diran.f:
   diran:
f77 -g -O     -c -o dlgam.o dlgam.f
dlgam.f:
   dlgam:
f77 -g -O     -c -o dlog2.o dlog2.f
dlog2.f:
   dlog2:
f77 -g -O     -c -o dnan.o dnan.f
dnan.f:
   dnan:
f77 -g -O     -c -o dpsi.o dpsi.f
dpsi.f:
   dpsi:
f77 -g -O     -c -o dpsiln.o dpsiln.f
dpsiln.f:
   dpsiln:
f77 -g -O     -c -o dran.o dran.f
dran.f:
   dran:
f77 -g -O     -c -o dstore.o dstore.f
dstore.f:
   dstore:
f77 -g -O     -c -o dstorf.o dstorf.f
dstorf.f:
   dstorf:
f77 -g -O     -c -o dvsum.o dvsum.f
dvsum.f:
   dvsum:
f77 -g -O     -c -o ffalse.o ffalse.f
ffalse.f:
   ffalse:
f77 -g -O     -c -o ftrue.o ftrue.f
ftrue.f:
   ftrue:
f77 -g -O     -c -o getnan.o getnan.f
getnan.f:
   getnan:
f77 -g -O     -c -o idceil.o idceil.f
idceil.f:
   idceil:
f77 -g -O     -c -o isdinf.o isdinf.f
isdinf.f:
   isdinf:
f77 -g -O     -c -o isdnan.o isdnan.f
isdnan.f:
   isdnan:
f77 -g -O     -c -o pythag.o pythag.f
pythag.f:
   pythag:
f77 -g -O     -c -o tql1.o tql1.f
tql1.f:
   tql1:
ar -r ../libgjl.a d2norm.o dcopy.o deps.o derbit.o dfloat.o dfpmax.o dgamma.o dinf.o diran.o dlgam.o dlog2.o dnan.o dpsi.o dpsiln.o dran.o dstore.o dstorf.o dvsum.o ffalse.o ftrue.o getnan.o idceil.o isdinf.o isdnan.o pythag.o tql1.o
ranlib ../libgjl.a || true
f77 -g -O     -c -o aeps.o aeps.f
aeps.f:
   aeps:
f77 -g -O     -c -o afpmax.o afpmax.f
afpmax.f:
   afpmax:
f77 -g -O     -c -o ainf.o ainf.f
ainf.f:
   ainf:
f77 -g -O     -c -o airan.o airan.f
airan.f:
   airan:
f77 -g -O     -c -o algam.o algam.f
algam.f:
   algam:
f77 -g -O     -c -o alog2.o alog2.f
alog2.f:
   alog2:
f77 -g -O     -c -o anan.o anan.f
anan.f:
   anan:
f77 -g -O     -c -o astore.o astore.f
astore.f:
   astore:
f77 -g -O     -c -o astorf.o astorf.f
astorf.f:
   astorf:
f77 -g -O     -c -o avsum.o avsum.f
avsum.f:
   avsum:
f77 -g -O     -c -o gamma.o gamma.f
gamma.f:
   gamma:
f77 -g -O     -c -o iceil.o iceil.f
iceil.f:
   iceil:
f77 -g -O     -c -o isainf.o isainf.f
isainf.f:
   isainf:
f77 -g -O     -c -o isanan.o isanan.f
isanan.f:
   isanan:
f77 -g -O     -c -o psi.o psi.f
psi.f:
   psi:
f77 -g -O     -c -o psiln.o psiln.f
psiln.f:
   psiln:
f77 -g -O     -c -o ran.o ran.f
ran.f:
   ran:
ar -r ../libgjl.a aeps.o afpmax.o ainf.o airan.o algam.o alog2.o anan.o astore.o astorf.o avsum.o gamma.o iceil.o isainf.o isanan.o psi.o psiln.o ran.o
ranlib ../libgjl.a || true
for subdir in man gampsi jacobi laguerre common ; do echo ============================== Making all in $subdir ; ( cd $subdir && make  prefix=/usr/local FWARN="" FOPT="-O" all ) ; done
============================== Making all in man
============================== Making all in gampsi
(cd ../common; make lib-dp)
ar -r ../libgjl.a d2norm.o dcopy.o deps.o derbit.o dfloat.o dfpmax.o dgamma.o dinf.o diran.o dlgam.o dlog2.o dnan.o dpsi.o dpsiln.o dran.o dstore.o dstorf.o dvsum.o ffalse.o ftrue.o getnan.o idceil.o isdinf.o isdnan.o pythag.o tql1.o
ranlib ../libgjl.a || true
f77 -g -O -I../common   -c -o tdgen.o tdgen.f
tdgen.f:
   MAIN tdgen:
f77 -g -O -I../common   -c -o funhdr.o funhdr.f
funhdr.f:
   funhdr:
f77 -g -O -I../common   -c -o dgen.o dgen.f
dgen.f:
   dgen:
f77 -g -O -I../common   -o tdgen tdgen.o funhdr.o dgen.o ../common/dfloat.o ../common/dinf.o ../common/diran.o ../common/dnan.o ../common/dran.o ../common/dstorf.o ../common/idceil.o ../common/isdnan.o ../common/dgamma.o ../common/dlgam.o ../common/dpsi.o ../common/dpsiln.o 
(cd ../common; make lib-sp)
ar -r ../libgjl.a aeps.o afpmax.o ainf.o airan.o algam.o alog2.o anan.o astore.o astorf.o avsum.o gamma.o iceil.o isainf.o isanan.o psi.o psiln.o ran.o
ranlib ../libgjl.a || true
f77 -g -O -I../common   -c -o tagen.o tagen.f
tagen.f:
   MAIN tagen:
f77 -g -O -I../common   -c -o agen.o agen.f
agen.f:
   agen:
f77 -g -O -I../common   -o tagen tagen.o funhdr.o agen.o ../common/ainf.o ../common/airan.o ../common/anan.o ../common/astorf.o ../common/iceil.o ../common/isanan.o ../common/ran.o ../common/algam.o ../common/dfloat.o ../common/gamma.o ../common/idceil.o ../common/psi.o ../common/psiln.o 
============================== Making all in jacobi
f77 -g -O -I../common   -c -o gjqf.o gjqf.f
gjqf.f:
   gjqf:
f77 -g -O -I../common   -c -o gjqfd.o gjqfd.f
gjqfd.f:
   gjqfd:
f77 -g -O -I../common   -c -o gjqli.o gjqli.f
gjqli.f:
   gjqli:
f77 -g -O -I../common   -c -o gjqrc.o gjqrc.f
gjqrc.f:
   gjqrc:
(cd ../common; make lib-dp)
ar -r ../libgjl.a d2norm.o dcopy.o deps.o derbit.o dfloat.o dfpmax.o dgamma.o dinf.o diran.o dlgam.o dlog2.o dnan.o dpsi.o dpsiln.o dran.o dstore.o dstorf.o dvsum.o ffalse.o ftrue.o getnan.o idceil.o isdinf.o isdnan.o pythag.o tql1.o
ranlib ../libgjl.a || true
ar -r ../libgjl.a gjqf.o gjqfd.o gjqli.o gjqrc.o
ranlib ../libgjl.a || true
f77 -g -O -I../common   -c -o tgjf1.o tgjf1.f
tgjf1.f:
   MAIN tgjf1:
f77 -g -O -I../common   -c -o ../common/prthdr.o ../common/prthdr.f
../common/prthdr.f:
   prthdr:
f77 -g -O -I../common   -c -o ../common/trapit.o ../common/trapit.f
../common/trapit.f:
   trapit:
f77 -g -O -I../common   -o tgjf1 tgjf1.o gjqf.o gjqli.o gjqrc.o gjqfd.o ../common/d2norm.o ../common/dcopy.o ../common/deps.o ../common/derbit.o ../common/dfloat.o ../common/dgamma.o ../common/dinf.o ../common/dlog2.o ../common/dnan.o ../common/dpsi.o ../common/dstore.o ../common/dstorf.o ../common/dvsum.o ../common/isdnan.o ../common/prthdr.o ../common/pythag.o ../common/tql1.o ../common/trapit.o ../libgjl.a
f77 -g -O -I../common   -c -o tgjf2.o tgjf2.f
tgjf2.f:
   MAIN tgjf2:
f77 -g -O -I../common   -o tgjf2 tgjf2.o gjqf.o gjqli.o gjqrc.o gjqfd.o ../common/d2norm.o ../common/dcopy.o ../common/deps.o ../common/derbit.o ../common/dfloat.o ../common/dgamma.o ../common/dinf.o ../common/dlog2.o ../common/dnan.o ../common/dpsi.o ../common/dstore.o ../common/dstorf.o ../common/dvsum.o ../common/isdnan.o ../common/prthdr.o ../common/pythag.o ../common/tql1.o ../common/trapit.o ../libgjl.a
f77 -g -O -I../common   -c -o tgjfd1.o tgjfd1.f
tgjfd1.f:
   MAIN tgjfd1:
f77 -g -O -I../common   -o tgjfd1 tgjfd1.o gjqfd.o ../common/d2norm.o ../common/dcopy.o ../common/deps.o ../common/derbit.o ../common/dfloat.o ../common/dgamma.o ../common/dinf.o ../common/dlog2.o ../common/dnan.o ../common/dpsi.o ../common/dstore.o ../common/dstorf.o ../common/dvsum.o ../common/isdnan.o ../common/prthdr.o ../common/pythag.o ../common/tql1.o ../common/trapit.o ../libgjl.a
f77 -g -O -I../common   -c -o tgjfd2.o tgjfd2.f
tgjfd2.f:
   MAIN tgjfd2:
f77 -g -O -I../common   -o tgjfd2 tgjfd2.o gjqfd.o ../common/d2norm.o ../common/dcopy.o ../common/deps.o ../common/derbit.o ../common/dfloat.o ../common/dgamma.o ../common/dinf.o ../common/dlog2.o ../common/dnan.o ../common/dpsi.o ../common/dstore.o ../common/dstorf.o ../common/dvsum.o ../common/isdnan.o ../common/prthdr.o ../common/pythag.o ../common/tql1.o ../common/trapit.o ../libgjl.a
============================== Making all in laguerre
f77 -g -O -I../common   -c -o glqf.o glqf.f
glqf.f:
   glqf:
f77 -g -O -I../common   -c -o glqfd.o glqfd.f
glqfd.f:
   glqfd:
f77 -g -O -I../common   -c -o glqli.o glqli.f
glqli.f:
   glqli:
f77 -g -O -I../common   -c -o glqrc.o glqrc.f
glqrc.f:
   glqrc:
Warning on line 1 of glqrc.f: dvsum declared EXTERNAL but never used.
(cd ../common; make lib-dp)
ar -r ../libgjl.a d2norm.o dcopy.o deps.o derbit.o dfloat.o dfpmax.o dgamma.o dinf.o diran.o dlgam.o dlog2.o dnan.o dpsi.o dpsiln.o dran.o dstore.o dstorf.o dvsum.o ffalse.o ftrue.o getnan.o idceil.o isdinf.o isdnan.o pythag.o tql1.o
ranlib ../libgjl.a || true
ar -r ../libgjl.a glqf.o glqfd.o glqli.o glqrc.o
ranlib ../libgjl.a || true
f77 -g -O -I../common   -c -o tglf1.o tglf1.f
tglf1.f:
   MAIN tglf1:
f77 -g -O -I../common   -o tglf1 tglf1.o glqf.o glqli.o glqfd.o glqrc.o ../common/prthdr.o ../common/d2norm.o ../common/dcopy.o ../common/deps.o ../common/derbit.o ../common/dfloat.o ../common/dgamma.o ../common/dinf.o ../common/dlog2.o ../common/dnan.o ../common/dpsi.o ../common/dstore.o ../common/dstorf.o ../common/dvsum.o ../common/isdnan.o ../common/pythag.o ../common/tql1.o ../common/trapit.o
f77 -g -O -I../common   -c -o tglf2.o tglf2.f
tglf2.f:
   MAIN tglf2:
f77 -g -O -I../common   -o tglf2 tglf2.o glqf.o glqli.o glqfd.o glqrc.o ../common/prthdr.o ../common/d2norm.o ../common/dcopy.o ../common/deps.o ../common/derbit.o ../common/dfloat.o ../common/dgamma.o ../common/dinf.o ../common/dlog2.o ../common/dnan.o ../common/dpsi.o ../common/dstore.o ../common/dstorf.o ../common/dvsum.o ../common/isdnan.o ../common/pythag.o ../common/tql1.o ../common/trapit.o
f77 -g -O -I../common   -c -o tglf3.o tglf3.f
tglf3.f:
   MAIN tglf3:
f77 -g -O -I../common   -o tglf3 tglf3.o glqf.o glqli.o glqfd.o glqrc.o ../common/prthdr.o ../common/d2norm.o ../common/dcopy.o ../common/deps.o ../common/derbit.o ../common/dfloat.o ../common/dgamma.o ../common/dinf.o ../common/dlog2.o ../common/dnan.o ../common/dpsi.o ../common/dstore.o ../common/dstorf.o ../common/dvsum.o ../common/isdnan.o ../common/pythag.o ../common/tql1.o ../common/trapit.o
f77 -g -O -I../common   -c -o tglf4.o tglf4.f
tglf4.f:
   MAIN tglf4:
f77 -g -O -I../common   -o tglf4 tglf4.o glqf.o glqli.o glqfd.o glqrc.o ../common/prthdr.o ../common/d2norm.o ../common/dcopy.o ../common/deps.o ../common/derbit.o ../common/dfloat.o ../common/dgamma.o ../common/dinf.o ../common/dlog2.o ../common/dnan.o ../common/dpsi.o ../common/dstore.o ../common/dstorf.o ../common/dvsum.o ../common/isdnan.o ../common/pythag.o ../common/tql1.o ../common/trapit.o
f77 -g -O -I../common   -c -o tglf5.o tglf5.f
tglf5.f:
   MAIN tglf5:
f77 -g -O -I../common   -o tglf5 tglf5.o glqf.o glqli.o glqfd.o glqrc.o ../common/prthdr.o ../common/d2norm.o ../common/dcopy.o ../common/deps.o ../common/derbit.o ../common/dfloat.o ../common/dgamma.o ../common/dinf.o ../common/dlog2.o ../common/dnan.o ../common/dpsi.o ../common/dstore.o ../common/dstorf.o ../common/dvsum.o ../common/isdnan.o ../common/pythag.o ../common/tql1.o ../common/trapit.o
f77 -g -O -I../common   -c -o tglf6.o tglf6.f
tglf6.f:
   MAIN tglf6:
f77 -g -O -I../common   -o tglf6 tglf6.o glqf.o glqli.o glqfd.o glqrc.o ../common/prthdr.o ../common/d2norm.o ../common/dcopy.o ../common/deps.o ../common/derbit.o ../common/dfloat.o ../common/dgamma.o ../common/dinf.o ../common/dlog2.o ../common/dnan.o ../common/dpsi.o ../common/dstore.o ../common/dstorf.o ../common/dvsum.o ../common/isdnan.o ../common/pythag.o ../common/tql1.o ../common/trapit.o
f77 -g -O -I../common   -c -o tglfd1.o tglfd1.f
tglfd1.f:
   MAIN tglfd1:
f77 -g -O -I../common   -o tglfd1 tglfd1.o glqli.o glqfd.o glqrc.o ../common/prthdr.o ../common/d2norm.o ../common/dcopy.o ../common/deps.o ../common/derbit.o ../common/dfloat.o ../common/dgamma.o ../common/dinf.o ../common/dlog2.o ../common/dnan.o ../common/dpsi.o ../common/dstore.o ../common/dstorf.o ../common/dvsum.o ../common/isdnan.o ../common/pythag.o ../common/tql1.o ../common/trapit.o
f77 -g -O -I../common   -c -o tglfd2.o tglfd2.f
tglfd2.f:
   MAIN tglfd2:
f77 -g -O -I../common   -o tglfd2 tglfd2.o glqli.o glqfd.o glqrc.o ../common/prthdr.o ../common/d2norm.o ../common/dcopy.o ../common/deps.o ../common/derbit.o ../common/dfloat.o ../common/dgamma.o ../common/dinf.o ../common/dlog2.o ../common/dnan.o ../common/dpsi.o ../common/dstore.o ../common/dstorf.o ../common/dvsum.o ../common/isdnan.o ../common/pythag.o ../common/tql1.o ../common/trapit.o
f77 -g -O -I../common   -c -o tglfd3.o tglfd3.f
tglfd3.f:
   MAIN tglfd3:
f77 -g -O -I../common   -o tglfd3 tglfd3.o glqli.o glqfd.o glqrc.o ../common/prthdr.o ../common/d2norm.o ../common/dcopy.o ../common/deps.o ../common/derbit.o ../common/dfloat.o ../common/dgamma.o ../common/dinf.o ../common/dlog2.o ../common/dnan.o ../common/dpsi.o ../common/dstore.o ../common/dstorf.o ../common/dvsum.o ../common/isdnan.o ../common/pythag.o ../common/tql1.o ../common/trapit.o
f77 -g -O -I../common   -c -o tglfd4.o tglfd4.f
tglfd4.f:
   MAIN tglfd4:
f77 -g -O -I../common   -o tglfd4 tglfd4.o glqli.o glqfd.o glqrc.o ../common/prthdr.o ../common/d2norm.o ../common/dcopy.o ../common/deps.o ../common/derbit.o ../common/dfloat.o ../common/dgamma.o ../common/dinf.o ../common/dlog2.o ../common/dnan.o ../common/dpsi.o ../common/dstore.o ../common/dstorf.o ../common/dvsum.o ../common/isdnan.o ../common/pythag.o ../common/tql1.o ../common/trapit.o
f77 -g -O -I../common   -c -o tglfd5.o tglfd5.f
tglfd5.f:
   MAIN tglfd5:
f77 -g -O -I../common   -o tglfd5 tglfd5.o glqli.o glqfd.o glqrc.o ../common/prthdr.o ../common/d2norm.o ../common/dcopy.o ../common/deps.o ../common/derbit.o ../common/dfloat.o ../common/dgamma.o ../common/dinf.o ../common/dlog2.o ../common/dnan.o ../common/dpsi.o ../common/dstore.o ../common/dstorf.o ../common/dvsum.o ../common/isdnan.o ../common/pythag.o ../common/tql1.o ../common/trapit.o
f77 -g -O -I../common   -c -o tglfd6.o tglfd6.f
tglfd6.f:
   MAIN tglfd6:
f77 -g -O -I../common   -o tglfd6 tglfd6.o glqli.o glqfd.o glqrc.o ../common/prthdr.o ../common/d2norm.o ../common/dcopy.o ../common/deps.o ../common/derbit.o ../common/dfloat.o ../common/dgamma.o ../common/dinf.o ../common/dlog2.o ../common/dnan.o ../common/dpsi.o ../common/dstore.o ../common/dstorf.o ../common/dvsum.o ../common/isdnan.o ../common/pythag.o ../common/tql1.o ../common/trapit.o
============================== Making all in common
ar -r ../libgjl.a d2norm.o dcopy.o deps.o derbit.o dfloat.o dfpmax.o dgamma.o dinf.o diran.o dlgam.o dlog2.o dnan.o dpsi.o dpsiln.o dran.o dstore.o dstorf.o dvsum.o ffalse.o ftrue.o getnan.o idceil.o isdinf.o isdnan.o pythag.o tql1.o
ranlib ../libgjl.a || true
ar -r ../libgjl.a aeps.o afpmax.o ainf.o airan.o algam.o alog2.o anan.o astore.o astorf.o avsum.o gamma.o iceil.o isainf.o isanan.o psi.o psiln.o ran.o
ranlib ../libgjl.a || true
146.530u 31.160s 6:19.05 46.8%	0+0k 0+0io 183468pf+0w
for subdir in man gampsi jacobi laguerre common ; do echo ============================== Making check-dp in $subdir ; ( cd $subdir && make  prefix=/usr/local FWARN="" FOPT="-O" check-dp ) ; done
============================== Making check-dp in man
There is no validation suite in this directory
============================== Making check-dp in gampsi
========================================================================
WARNING: This seems to be the slim package distribution without the
extensive validation suite. You must test the package on your own!
========================================================================
============================== Making check-dp in jacobi
(cd ../common; make lib-dp)
ar -r ../libgjl.a d2norm.o dcopy.o deps.o derbit.o dfloat.o dfpmax.o dgamma.o dinf.o diran.o dlgam.o dlog2.o dnan.o dpsi.o dpsiln.o dran.o dstore.o dstorf.o dvsum.o ffalse.o ftrue.o getnan.o idceil.o isdinf.o isdnan.o pythag.o tql1.o
ranlib ../libgjl.a || true
ar -r ../libgjl.a gjqf.o gjqfd.o gjqli.o gjqrc.o
ranlib ../libgjl.a || true
========================================================================
WARNING: This seems to be the slim package distribution without the
extensive validation suite: running the quick demos instead.
========================================================================
========================================================================
The demonstration programs demgjq and demqgjq read a single free-format
line of data on standard input with the four numeric values

        alpha beta nquad pmax

where

        alpha = power of (1-x) in Jacobi weight function
        beta  = power of (1+x) in Jacobi weight function
        nquad = quadrature order
        pmax  = maximum power of (1-x) in test function

In the demonstration targets, these values are supplied by a simple
echo command embedded in the Makefile.  Results are written to standard
output.
========================================================================
(cd ../common; make lib-dp)
ar -r ../libgjl.a d2norm.o dcopy.o deps.o derbit.o dfloat.o dfpmax.o dgamma.o dinf.o diran.o dlgam.o dlog2.o dnan.o dpsi.o dpsiln.o dran.o dstore.o dstorf.o dvsum.o ffalse.o ftrue.o getnan.o idceil.o isdinf.o isdnan.o pythag.o tql1.o
ranlib ../libgjl.a || true
ar -r ../libgjl.a gjqf.o gjqfd.o gjqli.o gjqrc.o
ranlib ../libgjl.a || true
f77 -g -O -I../common   -c -o demgjq.o demgjq.f
demgjq.f:
   MAIN demgjq:
   pad:
f77 -g -O -I../common   -o demgjq demgjq.o -Wl,-rpath,/usr/local/lib ../libgjl.a
getopt: invalid option -- W
getopt: invalid option -- l
getopt: invalid option -- ,
getopt: invalid option -- -
Ignoring -rpath,/usr/local/lib

This output file should closely match results in Table 2 of the paper
Efficient High-Accuracy Quadrature for Two Classes of Logarithmic
Weight Functions

echo -0.9375 -0.9375 20 40 | ./demgjq > test/demgjq.out 2>/dev/null
-rw-rw-r--  1 beebe wheel 28900 Mar 21 11:07 test/demgjq.out

Correct output from the development site is available here:

-r--r--r--  1 beebe wheel 28900 Nov 12 13:59 test/okay/demgjq.out


This output file must reproduce the Gauss-Legendre n=96 section
of Table 25.4 of Abramowitz and Stegen, Handbook of Mathematical
Functions, NBS #55, p. 919

echo 0 0 96 0 | ./demgjq > test/demgjq.nbs 2>/dev/null
-rw-rw-r--  1 beebe wheel 43329 Mar 21 11:07 test/demgjq.nbs

Correct output from the development site is available here:

-r--r--r--  1 beebe wheel 43329 Dec  4 17:48 test/okay/demgjq.nbs


The final tables in these output files must reproduce the values in the
literature citations therein:

echo 0 -0.5 99 0 | ./demgjq > test/demgjq.ls1 2>/dev/null
echo 0  0.0 99 0 | ./demgjq > test/demgjq.ls2 2>/dev/null
echo 0 +0.5 99 0 | ./demgjq > test/demgjq.ls3 2>/dev/null
echo -0.5 -0.5 1 0 | ./demgjq > test/demgjq.ls4 2>/dev/null
echo +0.5 +0.5 1 0 | ./demgjq > test/demgjq.ls5 2>/dev/null
echo +1.0 +1.0 1 0 | ./demgjq > test/demgjq.ls6 2>/dev/null
echo +1.5 +1.5 1 0 | ./demgjq > test/demgjq.ls7 2>/dev/null

-rw-rw-r--  1 beebe wheel 44586 Mar 21 11:07 test/demgjq.ls1
-rw-rw-r--  1 beebe wheel 44586 Mar 21 11:07 test/demgjq.ls2
-rw-rw-r--  1 beebe wheel 44586 Mar 21 11:08 test/demgjq.ls3
-rw-rw-r--  1 beebe wheel 20618 Mar 21 11:08 test/demgjq.ls4
-rw-rw-r--  1 beebe wheel 20618 Mar 21 11:08 test/demgjq.ls5
-rw-rw-r--  1 beebe wheel 20618 Mar 21 11:08 test/demgjq.ls6
-rw-rw-r--  1 beebe wheel 20618 Mar 21 11:08 test/demgjq.ls7

Correct output from the development site is available here:

-r--r--r--  1 beebe wheel 44586 Dec  4 17:47 test/okay/demgjq.ls1
-r--r--r--  1 beebe wheel 44586 Dec  4 17:47 test/okay/demgjq.ls2
-r--r--r--  1 beebe wheel 44586 Dec  4 17:47 test/okay/demgjq.ls3
-r--r--r--  1 beebe wheel 20617 Dec 11 15:52 test/okay/demgjq.ls4
-r--r--r--  1 beebe wheel 20617 Dec 11 15:52 test/okay/demgjq.ls5
-r--r--r--  1 beebe wheel 20617 Dec 11 15:52 test/okay/demgjq.ls6
-r--r--r--  1 beebe wheel 20617 Dec 11 15:52 test/okay/demgjq.ls7

============================== Making check-dp in laguerre
(cd ../common; make lib-dp)
ar -r ../libgjl.a d2norm.o dcopy.o deps.o derbit.o dfloat.o dfpmax.o dgamma.o dinf.o diran.o dlgam.o dlog2.o dnan.o dpsi.o dpsiln.o dran.o dstore.o dstorf.o dvsum.o ffalse.o ftrue.o getnan.o idceil.o isdinf.o isdnan.o pythag.o tql1.o
ranlib ../libgjl.a || true
ar -r ../libgjl.a glqf.o glqfd.o glqli.o glqrc.o
ranlib ../libgjl.a || true
========================================================================
WARNING: This seems to be the slim package distribution without the
extensive validation suite: running the quick demos instead.
========================================================================
========================================================================
The demonstration programs demglq and demqglq read a single free-format
line of data on standard input with the three numeric values

        alpha nquad pmax

where

        alpha = power of x in Laguerre weight function
        nquad = quadrature order
        pmax  = maximum power of x in test function

In the demonstration targets, these values are supplied by a simple
echo command embedded in the Makefile.  Results are written to standard
output.
========================================================================
(cd ../common; make lib-dp)
ar -r ../libgjl.a d2norm.o dcopy.o deps.o derbit.o dfloat.o dfpmax.o dgamma.o dinf.o diran.o dlgam.o dlog2.o dnan.o dpsi.o dpsiln.o dran.o dstore.o dstorf.o dvsum.o ffalse.o ftrue.o getnan.o idceil.o isdinf.o isdnan.o pythag.o tql1.o
ranlib ../libgjl.a || true
ar -r ../libgjl.a glqf.o glqfd.o glqli.o glqrc.o
ranlib ../libgjl.a || true
f77 -g -O -I../common   -c -o demglq.o demglq.f
demglq.f:
   MAIN demglq:
Warning on line 1 of demglq.f: dlog2 declared EXTERNAL but never used.
   pad:
f77 -g -O -I../common   -o demglq demglq.o -Wl,-rpath,/usr/local/lib ../libgjl.a
getopt: invalid option -- W
getopt: invalid option -- l
getopt: invalid option -- ,
getopt: invalid option -- -
Ignoring -rpath,/usr/local/lib

This output file should closely match results in Table 1 of the paper
Efficient High-Accuracy Quadrature for Two Classes of Logarithmic
Weight Functions

echo -0.9375 20 40 | ./demglq > test/demglq.out
-rw-rw-r--  1 beebe wheel 29360 Mar 21 11:08 test/demglq.out

Correct output from the development site is available here:

-r--r--r--  1 beebe wheel 29360 Nov 12 13:51 test/okay/demglq.out


This output file must reproduce the Gauss-Laguerre n=15 section
of Table 25.9 of Abramowitz and Stegen, Handbook of Mathematical
Functions, NBS #55, p. 923

echo 0 15 0 | ./demglq > test/demglq.nbs
-rw-rw-r--  1 beebe wheel 82846 Mar 21 11:08 test/demglq.nbs

Correct output from the development site is available here:

-r--r--r--  1 beebe wheel 82846 Dec 11 16:00 test/okay/demglq.nbs

============================== Making check-dp in common
ar -r ../libgjl.a d2norm.o dcopy.o deps.o derbit.o dfloat.o dfpmax.o dgamma.o dinf.o diran.o dlgam.o dlog2.o dnan.o dpsi.o dpsiln.o dran.o dstore.o dstorf.o dvsum.o ffalse.o ftrue.o getnan.o idceil.o isdinf.o isdnan.o pythag.o tql1.o
ranlib ../libgjl.a || true
ar -r ../libgjl.a aeps.o afpmax.o ainf.o airan.o algam.o alog2.o anan.o astore.o astorf.o avsum.o gamma.o iceil.o isainf.o isanan.o psi.o psiln.o ran.o
ranlib ../libgjl.a || true
There is no validation suite in this directory
36.510u 8.190s 1:25.86 52.0%	0+0k 0+0io 42449pf+0w
============================================================
Disk free report for /local/build/f77/quadlog-gampsi-slim:
			Filesystem           1K-blocks      Used Available Use% Mounted on
			/dev/sdd1              8732228   3375236   4913416  41% /local
Remote date:            2004.03.21.11.08.39
============================================================
