============================================================
/usr/local/bin/.: Permission denied.
Machinetype:            IBM RS6000 43P-132 (133 MHz);  AIX 4.2
System status:            10:59AM   up 20 days,   2:35,  1 user,  load average: 0.69, 0.24, 0.11
Remote lcc version:     lcc version 4.1.beta.9 [11-May-2001]
Package:                quadlog-gampsi-slim
Archive:                /u/sy/beebe/build//quadlog-gampsi-slim.tar.gz
Date:                   2004.03.21.10.59.34
Local user:             beebe
Local host:             ibapah.math.utah.edu
Local log directory:    /u/sy/beebe/build/logs/quadlog-gampsi-slim
Local log file:         quadlog-gampsi-slim.top.physics.utah.edu.2004.03.21.10.59.34.log
Remote user:            beebe
Remote host:            top.physics.utah.edu
Remote directory:       /u/admin/beebe/build/xlf90
Remote date:            2004.03.21.10.59.46
Remote uname:           AIX top 2 4 003814274C00 unknown unknown AIX
Remote gcc version:     2.95.3
Remote g++ version:     2.95.3
Remote gcc3 version:    gcc3: Command not found.
Remote g++3 version:    g++3: Command not found.
Configure environment:  CC=cc CXX=xlC	 F77=xlf90 FC=xlf90 LDFLAGS=-Wl,-L/usr/local/lib 
Extra environment:      
Configure flags:        
Make all targets:       
Make check targets:     check
Disk free report for /u/admin/beebe/build/xlf90:
			Filesystem           1K-blocks      Used Available Use% Mounted on
			nova.physics.utah.edu:/export/d1/0002/admin
			                      35211232  31260108   3599012  90% /tmp_mnt/home/admin
Environment:
			ARCH_TYPE=003814274C00
			DISPLAY=localhost:14.0
			EDITOR=/usr/local/bin/emacs
			GROUP=audit
			H=0.0.0.0
			HOME=/u/admin/beebe
			HOST=top.physics.utah.edu
			HOSTTYPE=rs6000
			ICAROOT=/usr/local/lib/ICAClient
			LANG=C
			LC__FASTMSG=true
			LOCPATH=/usr/lib/nls/loc
			LOGIN=beebe
			LOGNAME=beebe
			MACHINE_TYPE=AIX003814274C00
			MACHTYPE=rs6000
			MAIL=/var/mail/beebe
			MANPATH=/usr/man:/usr/local/man
			MFINPUTS=.:/usr/local/lib/mf/macros:/usr/local/lib/mf/cm:/usr/local/lib/mf
			NLSPATH=/usr/lib/nls/msg/%L/%N:/usr/lib/nls/msg/%L/%N.cat
			NNTPSERVER=news.cc.utah.edu
			ODMDIR=/etc/objrepos
			OSTYPE=aix
			OS_RELEASE=2
			OS_TYPE=AIX
			OS_VERSION=4
			PAGER=/usr/local/bin/less
			PATH=/usr/local/bin/X11:/usr/local/bin:/local/bin:/u/admin/beebe/bin:/usr/plocal/bin:/usr/local/bin/X11:/usr/dt/bin:/usr/bin/X11:/usr/local/pbmplus:/usr/local/X11R5/bin:/usr/ccs/bin:/usr/ucb:/usr/sbin:/usr/bin:/bin:/sbin:/usr/local/etc:/usr/etc:/etc:/usr/local/Acrobat3/bin:/usr/local/teTeX/bin/powerpc-aix4.1.4.0:/usr/plocal/aix4/bin:.:/u/admin/beebe/bin/aix42:/usr/local/Acrobat3/bin:/usr/local/teTeX/bin/powerpc-aix4.1.4.0
			PVM_ROOT=/usr/local/pvm3
			PWD=/u/admin/beebe
			REMOTEHOST=0.0.0.0
			SHELL=/bin/tcsh
			SHLVL=1
			SSH_CLIENT=155.101.96.157 35427 22
			SSH_CONNECTION=155.101.96.157 35427 128.110.200.129 22
			TERM=unknown
			TEXINPUTS=:~/tex//
			TZ=MST7MDT
			USER=beebe
			VENDOR=ibm
			WWW_HOME=http://www.physics.utah.edu/
			XKEYSYMDB=/usr/local/lib/netscape/XKeysymDB
			prefix=/usr/local
============================================================
configure: creating ./config.status
config.status: creating Makefile
configure: configuring in common
configure: running /bin/sh './configure'  --cache-file=/dev/null --srcdir=.
checking for gcc... cc
checking for C compiler default output file name... a.out
checking whether the C compiler works... yes
checking whether we are cross compiling... no
checking for suffix of executables... 
checking for suffix of object files... o
checking whether we are using the GNU C compiler... no
checking whether cc accepts -g... yes
checking for cc option to accept ANSI C... none needed
checking whether we are using the GNU Fortran 77 compiler... no
checking whether xlf90 accepts -g... yes
checking for autoconf... autoconf
configure: creating ./config.status
config.status: creating Makefile
configure: configuring in gampsi
configure: running /bin/sh './configure'  --cache-file=/dev/null --srcdir=.
checking for gcc... cc
checking for C compiler default output file name... a.out
checking whether the C compiler works... yes
checking whether we are cross compiling... no
checking for suffix of executables... 
checking for suffix of object files... o
checking whether we are using the GNU C compiler... no
checking whether cc accepts -g... yes
checking for cc option to accept ANSI C... none needed
checking whether we are using the GNU Fortran 77 compiler... no
checking whether xlf90 accepts -g... yes
checking for autoconf... autoconf
checking for gzip... gzip
checking for tar... tar
configure: creating ./config.status
config.status: creating Makefile
configure: configuring in jacobi
configure: running /bin/sh './configure'  --cache-file=/dev/null --srcdir=.
checking for gcc... cc
checking for C compiler default output file name... a.out
checking whether the C compiler works... yes
checking whether we are cross compiling... no
checking for suffix of executables... 
checking for suffix of object files... o
checking whether we are using the GNU C compiler... no
checking whether cc accepts -g... yes
checking for cc option to accept ANSI C... none needed
checking whether we are using the GNU Fortran 77 compiler... no
checking whether xlf90 accepts -g... yes
checking for autoconf... autoconf
configure: creating ./config.status
config.status: creating Makefile
configure: configuring in laguerre
configure: running /bin/sh './configure'  --cache-file=/dev/null --srcdir=.
checking for gcc... cc
checking for C compiler default output file name... a.out
checking whether the C compiler works... yes
checking whether we are cross compiling... no
checking for suffix of executables... 
checking for suffix of object files... o
checking whether we are using the GNU C compiler... no
checking whether cc accepts -g... yes
checking for cc option to accept ANSI C... none needed
checking whether we are using the GNU Fortran 77 compiler... no
checking whether xlf90 accepts -g... yes
checking for autoconf... autoconf
checking if -lm needed for math functions... yes
checking if -lxlf90 needed for library routines... 
checking if -lxlf90 needed for library routines... yes
configure: creating ./config.status
config.status: creating Makefile
configure: configuring in man
configure: running /bin/sh './configure'  --cache-file=/dev/null --srcdir=.
checking for autoconf... autoconf
checking for deroff... deroff
checking for ps2pdf... ps2pdf
checking for man2html... man2html
configure: creating ./config.status
config.status: creating Makefile
10.99user 34.49system 24:28.50elapsed 3%CPU (800avgtext+401avgdata 12640maxresident)k
0inputs+0outputs (348major+131843minor)pagefaults 0swaps
(cd common && make  prefix=/usr/local FWARN="" FOPT="-O" all )
xlf90 -g -O   -qfixed  -c -o d2norm.o d2norm.f
** d2norm   === End of Compilation 1 ===
1501-510  Compilation successful for file d2norm.f.
xlf90 -g -O   -qfixed  -c -o dcopy.o dcopy.f
** dcopy   === End of Compilation 1 ===
1501-510  Compilation successful for file dcopy.f.
xlf90 -g -O   -qfixed  -c -o deps.o deps.f
** deps   === End of Compilation 1 ===
1501-510  Compilation successful for file deps.f.
xlf90 -g -O   -qfixed  -c -o derbit.o derbit.f
** derbit   === End of Compilation 1 ===
1501-510  Compilation successful for file derbit.f.
xlf90 -g -O   -qfixed  -c -o dfloat.o dfloat.f
** dfloat   === End of Compilation 1 ===
1501-510  Compilation successful for file dfloat.f.
xlf90 -g -O   -qfixed  -c -o dfpmax.o dfpmax.f
** dfpmax   === End of Compilation 1 ===
1501-510  Compilation successful for file dfpmax.f.
xlf90 -g -O   -qfixed  -c -o dgamma.o dgamma.f
** dgamma   === End of Compilation 1 ===
1501-510  Compilation successful for file dgamma.f.
xlf90 -g -O   -qfixed  -c -o dinf.o dinf.f
** dinf   === End of Compilation 1 ===
1501-510  Compilation successful for file dinf.f.
xlf90 -g -O   -qfixed  -c -o diran.o diran.f
** diran   === End of Compilation 1 ===
1501-510  Compilation successful for file diran.f.
xlf90 -g -O   -qfixed  -c -o dlgam.o dlgam.f
** dlgam   === End of Compilation 1 ===
1501-510  Compilation successful for file dlgam.f.
xlf90 -g -O   -qfixed  -c -o dlog2.o dlog2.f
** dlog2   === End of Compilation 1 ===
1501-510  Compilation successful for file dlog2.f.
xlf90 -g -O   -qfixed  -c -o dnan.o dnan.f
** dnan   === End of Compilation 1 ===
1501-510  Compilation successful for file dnan.f.
xlf90 -g -O   -qfixed  -c -o dpsi.o dpsi.f
** dpsi   === End of Compilation 1 ===
1501-510  Compilation successful for file dpsi.f.
xlf90 -g -O   -qfixed  -c -o dpsiln.o dpsiln.f
** dpsiln   === End of Compilation 1 ===
1501-510  Compilation successful for file dpsiln.f.
xlf90 -g -O   -qfixed  -c -o dran.o dran.f
** dran   === End of Compilation 1 ===
1501-510  Compilation successful for file dran.f.
xlf90 -g -O   -qfixed  -c -o dstore.o dstore.f
** dstore   === End of Compilation 1 ===
1501-510  Compilation successful for file dstore.f.
xlf90 -g -O   -qfixed  -c -o dstorf.o dstorf.f
** dstorf   === End of Compilation 1 ===
1501-510  Compilation successful for file dstorf.f.
xlf90 -g -O   -qfixed  -c -o dvsum.o dvsum.f
** dvsum   === End of Compilation 1 ===
1501-510  Compilation successful for file dvsum.f.
xlf90 -g -O   -qfixed  -c -o ffalse.o ffalse.f
** ffalse   === End of Compilation 1 ===
1501-510  Compilation successful for file ffalse.f.
xlf90 -g -O   -qfixed  -c -o ftrue.o ftrue.f
** ftrue   === End of Compilation 1 ===
1501-510  Compilation successful for file ftrue.f.
xlf90 -g -O   -qfixed  -c -o getnan.o getnan.f
** getnan   === End of Compilation 1 ===
1501-510  Compilation successful for file getnan.f.
xlf90 -g -O   -qfixed  -c -o idceil.o idceil.f
** idceil   === End of Compilation 1 ===
1501-510  Compilation successful for file idceil.f.
xlf90 -g -O   -qfixed  -c -o isdinf.o isdinf.f
** isdinf   === End of Compilation 1 ===
1501-510  Compilation successful for file isdinf.f.
xlf90 -g -O   -qfixed  -c -o isdnan.o isdnan.f
** isdnan   === End of Compilation 1 ===
1501-510  Compilation successful for file isdnan.f.
xlf90 -g -O   -qfixed  -c -o pythag.o pythag.f
** pythag   === End of Compilation 1 ===
1501-510  Compilation successful for file pythag.f.
xlf90 -g -O   -qfixed  -c -o tql1.o tql1.f
** tql1   === End of Compilation 1 ===
1501-510  Compilation successful for file tql1.f.
ar -r ../libgjl.a d2norm.o dcopy.o deps.o derbit.o dfloat.o dfpmax.o dgamma.o dinf.o diran.o dlgam.o dlog2.o dnan.o dpsi.o dpsiln.o dran.o dstore.o dstorf.o dvsum.o ffalse.o ftrue.o getnan.o idceil.o isdinf.o isdnan.o pythag.o tql1.o
ar: creating an archive file ../libgjl.a
ranlib ../libgjl.a || true
xlf90 -g -O   -qfixed  -c -o aeps.o aeps.f
** aeps   === End of Compilation 1 ===
1501-510  Compilation successful for file aeps.f.
xlf90 -g -O   -qfixed  -c -o afpmax.o afpmax.f
** afpmax   === End of Compilation 1 ===
1501-510  Compilation successful for file afpmax.f.
xlf90 -g -O   -qfixed  -c -o ainf.o ainf.f
** ainf   === End of Compilation 1 ===
1501-510  Compilation successful for file ainf.f.
xlf90 -g -O   -qfixed  -c -o airan.o airan.f
** airan   === End of Compilation 1 ===
1501-510  Compilation successful for file airan.f.
xlf90 -g -O   -qfixed  -c -o algam.o algam.f
** algam   === End of Compilation 1 ===
1501-510  Compilation successful for file algam.f.
xlf90 -g -O   -qfixed  -c -o alog2.o alog2.f
** alog2   === End of Compilation 1 ===
1501-510  Compilation successful for file alog2.f.
xlf90 -g -O   -qfixed  -c -o anan.o anan.f
** anan   === End of Compilation 1 ===
1501-510  Compilation successful for file anan.f.
xlf90 -g -O   -qfixed  -c -o astore.o astore.f
** astore   === End of Compilation 1 ===
1501-510  Compilation successful for file astore.f.
xlf90 -g -O   -qfixed  -c -o astorf.o astorf.f
** astorf   === End of Compilation 1 ===
1501-510  Compilation successful for file astorf.f.
xlf90 -g -O   -qfixed  -c -o avsum.o avsum.f
** avsum   === End of Compilation 1 ===
1501-510  Compilation successful for file avsum.f.
xlf90 -g -O   -qfixed  -c -o gamma.o gamma.f
** gamma   === End of Compilation 1 ===
1501-510  Compilation successful for file gamma.f.
xlf90 -g -O   -qfixed  -c -o iceil.o iceil.f
** iceil   === End of Compilation 1 ===
1501-510  Compilation successful for file iceil.f.
xlf90 -g -O   -qfixed  -c -o isainf.o isainf.f
** isainf   === End of Compilation 1 ===
1501-510  Compilation successful for file isainf.f.
xlf90 -g -O   -qfixed  -c -o isanan.o isanan.f
** isanan   === End of Compilation 1 ===
1501-510  Compilation successful for file isanan.f.
xlf90 -g -O   -qfixed  -c -o psi.o psi.f
** psi   === End of Compilation 1 ===
1501-510  Compilation successful for file psi.f.
xlf90 -g -O   -qfixed  -c -o psiln.o psiln.f
** psiln   === End of Compilation 1 ===
1501-510  Compilation successful for file psiln.f.
xlf90 -g -O   -qfixed  -c -o ran.o ran.f
** ran   === End of Compilation 1 ===
1501-510  Compilation successful for file ran.f.
ar -r ../libgjl.a aeps.o afpmax.o ainf.o airan.o algam.o alog2.o anan.o astore.o astorf.o avsum.o gamma.o iceil.o isainf.o isanan.o psi.o psiln.o ran.o
ranlib ../libgjl.a || true
for subdir in man gampsi jacobi laguerre common ; do echo ============================== Making all in $subdir ; ( cd $subdir && make  prefix=/usr/local FWARN="" FOPT="-O" all ) ; done
============================== Making all in man
============================== Making all in gampsi
(cd ../common; make lib-dp)
ar -r ../libgjl.a d2norm.o dcopy.o deps.o derbit.o dfloat.o dfpmax.o dgamma.o dinf.o diran.o dlgam.o dlog2.o dnan.o dpsi.o dpsiln.o dran.o dstore.o dstorf.o dvsum.o ffalse.o ftrue.o getnan.o idceil.o isdinf.o isdnan.o pythag.o tql1.o
ranlib ../libgjl.a || true
xlf90 -g -O -I../common  -qfixed -c -o tdgen.o tdgen.f
** tdgen   === End of Compilation 1 ===
1501-510  Compilation successful for file tdgen.f.
xlf90 -g -O -I../common  -qfixed -c -o funhdr.o funhdr.f
** funhdr   === End of Compilation 1 ===
1501-510  Compilation successful for file funhdr.f.
xlf90 -g -O -I../common  -qfixed -c -o dgen.o dgen.f
** dgen   === End of Compilation 1 ===
1501-510  Compilation successful for file dgen.f.
xlf90 -g -O -I../common  -qfixed -o tdgen tdgen.o funhdr.o dgen.o ../common/dfloat.o ../common/dinf.o ../common/diran.o ../common/dnan.o ../common/dran.o ../common/dstorf.o ../common/idceil.o ../common/isdnan.o ../common/dgamma.o ../common/dlgam.o ../common/dpsi.o ../common/dpsiln.o 
(cd ../common; make lib-sp)
ar -r ../libgjl.a aeps.o afpmax.o ainf.o airan.o algam.o alog2.o anan.o astore.o astorf.o avsum.o gamma.o iceil.o isainf.o isanan.o psi.o psiln.o ran.o
ranlib ../libgjl.a || true
xlf90 -g -O -I../common  -qfixed -c -o tagen.o tagen.f
** tagen   === End of Compilation 1 ===
1501-510  Compilation successful for file tagen.f.
xlf90 -g -O -I../common  -qfixed -c -o agen.o agen.f
** agen   === End of Compilation 1 ===
1501-510  Compilation successful for file agen.f.
xlf90 -g -O -I../common  -qfixed -o tagen tagen.o funhdr.o agen.o ../common/ainf.o ../common/airan.o ../common/anan.o ../common/astorf.o ../common/iceil.o ../common/isanan.o ../common/ran.o ../common/algam.o ../common/dfloat.o ../common/gamma.o ../common/idceil.o ../common/psi.o ../common/psiln.o 
============================== Making all in jacobi
xlf90 -g -O -I../common  -qfixed -c -o gjqf.o gjqf.f
** gjqf   === End of Compilation 1 ===
1501-510  Compilation successful for file gjqf.f.
xlf90 -g -O -I../common  -qfixed -c -o gjqfd.o gjqfd.f
** gjqfd   === End of Compilation 1 ===
1501-510  Compilation successful for file gjqfd.f.
xlf90 -g -O -I../common  -qfixed -c -o gjqli.o gjqli.f
** gjqli   === End of Compilation 1 ===
1501-510  Compilation successful for file gjqli.f.
xlf90 -g -O -I../common  -qfixed -c -o gjqrc.o gjqrc.f
** gjqrc   === End of Compilation 1 ===
1501-510  Compilation successful for file gjqrc.f.
(cd ../common; make lib-dp)
ar -r ../libgjl.a d2norm.o dcopy.o deps.o derbit.o dfloat.o dfpmax.o dgamma.o dinf.o diran.o dlgam.o dlog2.o dnan.o dpsi.o dpsiln.o dran.o dstore.o dstorf.o dvsum.o ffalse.o ftrue.o getnan.o idceil.o isdinf.o isdnan.o pythag.o tql1.o
ranlib ../libgjl.a || true
ar -r ../libgjl.a gjqf.o gjqfd.o gjqli.o gjqrc.o
ranlib ../libgjl.a || true
xlf90 -g -O -I../common  -qfixed -c -o tgjf1.o tgjf1.f
** tgjf1   === End of Compilation 1 ===
1501-510  Compilation successful for file tgjf1.f.
xlf90 -g -O -I../common  -qfixed -c -o ../common/prthdr.o ../common/prthdr.f
** prthdr   === End of Compilation 1 ===
1501-510  Compilation successful for file prthdr.f.
xlf90 -g -O -I../common  -qfixed -c -o ../common/trapit.o ../common/trapit.f
** trapit   === End of Compilation 1 ===
1501-510  Compilation successful for file trapit.f.
xlf90 -g -O -I../common  -qfixed -o tgjf1 tgjf1.o gjqf.o gjqli.o gjqrc.o gjqfd.o ../common/d2norm.o ../common/dcopy.o ../common/deps.o ../common/derbit.o ../common/dfloat.o ../common/dgamma.o ../common/dinf.o ../common/dlog2.o ../common/dnan.o ../common/dpsi.o ../common/dstore.o ../common/dstorf.o ../common/dvsum.o ../common/isdnan.o ../common/prthdr.o ../common/pythag.o ../common/tql1.o ../common/trapit.o ../libgjl.a
xlf90 -g -O -I../common  -qfixed -c -o tgjf2.o tgjf2.f
** tgjf2   === End of Compilation 1 ===
1501-510  Compilation successful for file tgjf2.f.
xlf90 -g -O -I../common  -qfixed -o tgjf2 tgjf2.o gjqf.o gjqli.o gjqrc.o gjqfd.o ../common/d2norm.o ../common/dcopy.o ../common/deps.o ../common/derbit.o ../common/dfloat.o ../common/dgamma.o ../common/dinf.o ../common/dlog2.o ../common/dnan.o ../common/dpsi.o ../common/dstore.o ../common/dstorf.o ../common/dvsum.o ../common/isdnan.o ../common/prthdr.o ../common/pythag.o ../common/tql1.o ../common/trapit.o ../libgjl.a
xlf90 -g -O -I../common  -qfixed -c -o tgjfd1.o tgjfd1.f
** tgjfd1   === End of Compilation 1 ===
1501-510  Compilation successful for file tgjfd1.f.
xlf90 -g -O -I../common  -qfixed -o tgjfd1 tgjfd1.o gjqfd.o ../common/d2norm.o ../common/dcopy.o ../common/deps.o ../common/derbit.o ../common/dfloat.o ../common/dgamma.o ../common/dinf.o ../common/dlog2.o ../common/dnan.o ../common/dpsi.o ../common/dstore.o ../common/dstorf.o ../common/dvsum.o ../common/isdnan.o ../common/prthdr.o ../common/pythag.o ../common/tql1.o ../common/trapit.o ../libgjl.a
xlf90 -g -O -I../common  -qfixed -c -o tgjfd2.o tgjfd2.f
** tgjfd2   === End of Compilation 1 ===
1501-510  Compilation successful for file tgjfd2.f.
xlf90 -g -O -I../common  -qfixed -o tgjfd2 tgjfd2.o gjqfd.o ../common/d2norm.o ../common/dcopy.o ../common/deps.o ../common/derbit.o ../common/dfloat.o ../common/dgamma.o ../common/dinf.o ../common/dlog2.o ../common/dnan.o ../common/dpsi.o ../common/dstore.o ../common/dstorf.o ../common/dvsum.o ../common/isdnan.o ../common/prthdr.o ../common/pythag.o ../common/tql1.o ../common/trapit.o ../libgjl.a
============================== Making all in laguerre
xlf90 -g -O -I../common  -qfixed -c -o glqf.o glqf.f
** glqf   === End of Compilation 1 ===
1501-510  Compilation successful for file glqf.f.
xlf90 -g -O -I../common  -qfixed -c -o glqfd.o glqfd.f
** glqfd   === End of Compilation 1 ===
1501-510  Compilation successful for file glqfd.f.
xlf90 -g -O -I../common  -qfixed -c -o glqli.o glqli.f
** glqli   === End of Compilation 1 ===
1501-510  Compilation successful for file glqli.f.
xlf90 -g -O -I../common  -qfixed -c -o glqrc.o glqrc.f
** glqrc   === End of Compilation 1 ===
1501-510  Compilation successful for file glqrc.f.
(cd ../common; make lib-dp)
ar -r ../libgjl.a d2norm.o dcopy.o deps.o derbit.o dfloat.o dfpmax.o dgamma.o dinf.o diran.o dlgam.o dlog2.o dnan.o dpsi.o dpsiln.o dran.o dstore.o dstorf.o dvsum.o ffalse.o ftrue.o getnan.o idceil.o isdinf.o isdnan.o pythag.o tql1.o
ranlib ../libgjl.a || true
ar -r ../libgjl.a glqf.o glqfd.o glqli.o glqrc.o
ranlib ../libgjl.a || true
xlf90 -g -O -I../common  -qfixed -c -o tglf1.o tglf1.f
** tglf1   === End of Compilation 1 ===
1501-510  Compilation successful for file tglf1.f.
xlf90 -g -O -I../common  -qfixed -o tglf1 tglf1.o glqf.o glqli.o glqfd.o glqrc.o ../common/prthdr.o ../common/d2norm.o ../common/dcopy.o ../common/deps.o ../common/derbit.o ../common/dfloat.o ../common/dgamma.o ../common/dinf.o ../common/dlog2.o ../common/dnan.o ../common/dpsi.o ../common/dstore.o ../common/dstorf.o ../common/dvsum.o ../common/isdnan.o ../common/pythag.o ../common/tql1.o ../common/trapit.o
xlf90 -g -O -I../common  -qfixed -c -o tglf2.o tglf2.f
** tglf2   === End of Compilation 1 ===
1501-510  Compilation successful for file tglf2.f.
xlf90 -g -O -I../common  -qfixed -o tglf2 tglf2.o glqf.o glqli.o glqfd.o glqrc.o ../common/prthdr.o ../common/d2norm.o ../common/dcopy.o ../common/deps.o ../common/derbit.o ../common/dfloat.o ../common/dgamma.o ../common/dinf.o ../common/dlog2.o ../common/dnan.o ../common/dpsi.o ../common/dstore.o ../common/dstorf.o ../common/dvsum.o ../common/isdnan.o ../common/pythag.o ../common/tql1.o ../common/trapit.o
xlf90 -g -O -I../common  -qfixed -c -o tglf3.o tglf3.f
** tglf3   === End of Compilation 1 ===
1501-510  Compilation successful for file tglf3.f.
xlf90 -g -O -I../common  -qfixed -o tglf3 tglf3.o glqf.o glqli.o glqfd.o glqrc.o ../common/prthdr.o ../common/d2norm.o ../common/dcopy.o ../common/deps.o ../common/derbit.o ../common/dfloat.o ../common/dgamma.o ../common/dinf.o ../common/dlog2.o ../common/dnan.o ../common/dpsi.o ../common/dstore.o ../common/dstorf.o ../common/dvsum.o ../common/isdnan.o ../common/pythag.o ../common/tql1.o ../common/trapit.o
xlf90 -g -O -I../common  -qfixed -c -o tglf4.o tglf4.f
** tglf4   === End of Compilation 1 ===
1501-510  Compilation successful for file tglf4.f.
xlf90 -g -O -I../common  -qfixed -o tglf4 tglf4.o glqf.o glqli.o glqfd.o glqrc.o ../common/prthdr.o ../common/d2norm.o ../common/dcopy.o ../common/deps.o ../common/derbit.o ../common/dfloat.o ../common/dgamma.o ../common/dinf.o ../common/dlog2.o ../common/dnan.o ../common/dpsi.o ../common/dstore.o ../common/dstorf.o ../common/dvsum.o ../common/isdnan.o ../common/pythag.o ../common/tql1.o ../common/trapit.o
xlf90 -g -O -I../common  -qfixed -c -o tglf5.o tglf5.f
** tglf5   === End of Compilation 1 ===
1501-510  Compilation successful for file tglf5.f.
xlf90 -g -O -I../common  -qfixed -o tglf5 tglf5.o glqf.o glqli.o glqfd.o glqrc.o ../common/prthdr.o ../common/d2norm.o ../common/dcopy.o ../common/deps.o ../common/derbit.o ../common/dfloat.o ../common/dgamma.o ../common/dinf.o ../common/dlog2.o ../common/dnan.o ../common/dpsi.o ../common/dstore.o ../common/dstorf.o ../common/dvsum.o ../common/isdnan.o ../common/pythag.o ../common/tql1.o ../common/trapit.o
xlf90 -g -O -I../common  -qfixed -c -o tglf6.o tglf6.f
** tglf6   === End of Compilation 1 ===
1501-510  Compilation successful for file tglf6.f.
xlf90 -g -O -I../common  -qfixed -o tglf6 tglf6.o glqf.o glqli.o glqfd.o glqrc.o ../common/prthdr.o ../common/d2norm.o ../common/dcopy.o ../common/deps.o ../common/derbit.o ../common/dfloat.o ../common/dgamma.o ../common/dinf.o ../common/dlog2.o ../common/dnan.o ../common/dpsi.o ../common/dstore.o ../common/dstorf.o ../common/dvsum.o ../common/isdnan.o ../common/pythag.o ../common/tql1.o ../common/trapit.o
xlf90 -g -O -I../common  -qfixed -c -o tglfd1.o tglfd1.f
** tglfd1   === End of Compilation 1 ===
1501-510  Compilation successful for file tglfd1.f.
xlf90 -g -O -I../common  -qfixed -o tglfd1 tglfd1.o glqli.o glqfd.o glqrc.o ../common/prthdr.o ../common/d2norm.o ../common/dcopy.o ../common/deps.o ../common/derbit.o ../common/dfloat.o ../common/dgamma.o ../common/dinf.o ../common/dlog2.o ../common/dnan.o ../common/dpsi.o ../common/dstore.o ../common/dstorf.o ../common/dvsum.o ../common/isdnan.o ../common/pythag.o ../common/tql1.o ../common/trapit.o
xlf90 -g -O -I../common  -qfixed -c -o tglfd2.o tglfd2.f
** tglfd2   === End of Compilation 1 ===
1501-510  Compilation successful for file tglfd2.f.
xlf90 -g -O -I../common  -qfixed -o tglfd2 tglfd2.o glqli.o glqfd.o glqrc.o ../common/prthdr.o ../common/d2norm.o ../common/dcopy.o ../common/deps.o ../common/derbit.o ../common/dfloat.o ../common/dgamma.o ../common/dinf.o ../common/dlog2.o ../common/dnan.o ../common/dpsi.o ../common/dstore.o ../common/dstorf.o ../common/dvsum.o ../common/isdnan.o ../common/pythag.o ../common/tql1.o ../common/trapit.o
xlf90 -g -O -I../common  -qfixed -c -o tglfd3.o tglfd3.f
** tglfd3   === End of Compilation 1 ===
1501-510  Compilation successful for file tglfd3.f.
xlf90 -g -O -I../common  -qfixed -o tglfd3 tglfd3.o glqli.o glqfd.o glqrc.o ../common/prthdr.o ../common/d2norm.o ../common/dcopy.o ../common/deps.o ../common/derbit.o ../common/dfloat.o ../common/dgamma.o ../common/dinf.o ../common/dlog2.o ../common/dnan.o ../common/dpsi.o ../common/dstore.o ../common/dstorf.o ../common/dvsum.o ../common/isdnan.o ../common/pythag.o ../common/tql1.o ../common/trapit.o
xlf90 -g -O -I../common  -qfixed -c -o tglfd4.o tglfd4.f
** tglfd4   === End of Compilation 1 ===
1501-510  Compilation successful for file tglfd4.f.
xlf90 -g -O -I../common  -qfixed -o tglfd4 tglfd4.o glqli.o glqfd.o glqrc.o ../common/prthdr.o ../common/d2norm.o ../common/dcopy.o ../common/deps.o ../common/derbit.o ../common/dfloat.o ../common/dgamma.o ../common/dinf.o ../common/dlog2.o ../common/dnan.o ../common/dpsi.o ../common/dstore.o ../common/dstorf.o ../common/dvsum.o ../common/isdnan.o ../common/pythag.o ../common/tql1.o ../common/trapit.o
xlf90 -g -O -I../common  -qfixed -c -o tglfd5.o tglfd5.f
** tglfd5   === End of Compilation 1 ===
1501-510  Compilation successful for file tglfd5.f.
xlf90 -g -O -I../common  -qfixed -o tglfd5 tglfd5.o glqli.o glqfd.o glqrc.o ../common/prthdr.o ../common/d2norm.o ../common/dcopy.o ../common/deps.o ../common/derbit.o ../common/dfloat.o ../common/dgamma.o ../common/dinf.o ../common/dlog2.o ../common/dnan.o ../common/dpsi.o ../common/dstore.o ../common/dstorf.o ../common/dvsum.o ../common/isdnan.o ../common/pythag.o ../common/tql1.o ../common/trapit.o
xlf90 -g -O -I../common  -qfixed -c -o tglfd6.o tglfd6.f
** tglfd6   === End of Compilation 1 ===
1501-510  Compilation successful for file tglfd6.f.
xlf90 -g -O -I../common  -qfixed -o tglfd6 tglfd6.o glqli.o glqfd.o glqrc.o ../common/prthdr.o ../common/d2norm.o ../common/dcopy.o ../common/deps.o ../common/derbit.o ../common/dfloat.o ../common/dgamma.o ../common/dinf.o ../common/dlog2.o ../common/dnan.o ../common/dpsi.o ../common/dstore.o ../common/dstorf.o ../common/dvsum.o ../common/isdnan.o ../common/pythag.o ../common/tql1.o ../common/trapit.o
============================== Making all in common
ar -r ../libgjl.a d2norm.o dcopy.o deps.o derbit.o dfloat.o dfpmax.o dgamma.o dinf.o diran.o dlgam.o dlog2.o dnan.o dpsi.o dpsiln.o dran.o dstore.o dstorf.o dvsum.o ffalse.o ftrue.o getnan.o idceil.o isdinf.o isdnan.o pythag.o tql1.o
ranlib ../libgjl.a || true
ar -r ../libgjl.a aeps.o afpmax.o ainf.o airan.o algam.o alog2.o anan.o astore.o astorf.o avsum.o gamma.o iceil.o isainf.o isanan.o psi.o psiln.o ran.o
ranlib ../libgjl.a || true
31.430u 20.470s 43:06.98 2.0%	3009+1263k 0+0io 1903pf+0w
for subdir in man gampsi jacobi laguerre common ; do echo ============================== Making check-dp in $subdir ; ( cd $subdir && make  prefix=/usr/local FWARN="" FOPT="-O" check-dp ) ; done
============================== Making check-dp in man
There is no validation suite in this directory
============================== Making check-dp in gampsi
========================================================================
WARNING: This seems to be the slim package distribution without the
extensive validation suite. You must test the package on your own!
========================================================================
============================== Making check-dp in jacobi
(cd ../common; make lib-dp)
ar -r ../libgjl.a d2norm.o dcopy.o deps.o derbit.o dfloat.o dfpmax.o dgamma.o dinf.o diran.o dlgam.o dlog2.o dnan.o dpsi.o dpsiln.o dran.o dstore.o dstorf.o dvsum.o ffalse.o ftrue.o getnan.o idceil.o isdinf.o isdnan.o pythag.o tql1.o
ranlib ../libgjl.a || true
ar -r ../libgjl.a gjqf.o gjqfd.o gjqli.o gjqrc.o
ranlib ../libgjl.a || true
========================================================================
WARNING: This seems to be the slim package distribution without the
extensive validation suite: running the quick demos instead.
========================================================================
========================================================================
The demonstration programs demgjq and demqgjq read a single free-format
line of data on standard input with the four numeric values

        alpha beta nquad pmax

where

        alpha = power of (1-x) in Jacobi weight function
        beta  = power of (1+x) in Jacobi weight function
        nquad = quadrature order
        pmax  = maximum power of (1-x) in test function

In the demonstration targets, these values are supplied by a simple
echo command embedded in the Makefile.  Results are written to standard
output.
========================================================================
(cd ../common; make lib-dp)
ar -r ../libgjl.a d2norm.o dcopy.o deps.o derbit.o dfloat.o dfpmax.o dgamma.o dinf.o diran.o dlgam.o dlog2.o dnan.o dpsi.o dpsiln.o dran.o dstore.o dstorf.o dvsum.o ffalse.o ftrue.o getnan.o idceil.o isdinf.o isdnan.o pythag.o tql1.o
ranlib ../libgjl.a || true
ar -r ../libgjl.a gjqf.o gjqfd.o gjqli.o gjqrc.o
ranlib ../libgjl.a || true
xlf90 -g -O -I../common  -qfixed -c -o demgjq.o demgjq.f
** demgjq   === End of Compilation 1 ===
** pad   === End of Compilation 2 ===
1501-510  Compilation successful for file demgjq.f.
xlf90 -g -O -I../common  -qfixed -o demgjq demgjq.o -Wl,-L/usr/local/lib ../libgjl.a

This output file should closely match results in Table 2 of the paper
Efficient High-Accuracy Quadrature for Two Classes of Logarithmic
Weight Functions

echo -0.9375 -0.9375 20 40 | ./demgjq > test/demgjq.out 2>/dev/null
-rw-rw-r--  1 beebe audit 28900 Mar 21 12:16 test/demgjq.out

Correct output from the development site is available here:

-r--r--r--  1 beebe audit 28900 Nov 12 13:59 test/okay/demgjq.out


This output file must reproduce the Gauss-Legendre n=96 section
of Table 25.4 of Abramowitz and Stegen, Handbook of Mathematical
Functions, NBS #55, p. 919

echo 0 0 96 0 | ./demgjq > test/demgjq.nbs 2>/dev/null
-rw-rw-r--  1 beebe audit 43329 Mar 21 12:16 test/demgjq.nbs

Correct output from the development site is available here:

-r--r--r--  1 beebe audit 43329 Dec  4 17:48 test/okay/demgjq.nbs


The final tables in these output files must reproduce the values in the
literature citations therein:

echo 0 -0.5 99 0 | ./demgjq > test/demgjq.ls1 2>/dev/null
echo 0  0.0 99 0 | ./demgjq > test/demgjq.ls2 2>/dev/null
echo 0 +0.5 99 0 | ./demgjq > test/demgjq.ls3 2>/dev/null
echo -0.5 -0.5 1 0 | ./demgjq > test/demgjq.ls4 2>/dev/null
echo +0.5 +0.5 1 0 | ./demgjq > test/demgjq.ls5 2>/dev/null
echo +1.0 +1.0 1 0 | ./demgjq > test/demgjq.ls6 2>/dev/null
echo +1.5 +1.5 1 0 | ./demgjq > test/demgjq.ls7 2>/dev/null

-rw-rw-r--  1 beebe audit 44586 Mar 21 12:16 test/demgjq.ls1
-rw-rw-r--  1 beebe audit 44586 Mar 21 12:16 test/demgjq.ls2
-rw-rw-r--  1 beebe audit 44586 Mar 21 12:16 test/demgjq.ls3
-rw-rw-r--  1 beebe audit 20618 Mar 21 12:16 test/demgjq.ls4
-rw-rw-r--  1 beebe audit 20618 Mar 21 12:16 test/demgjq.ls5
-rw-rw-r--  1 beebe audit 20618 Mar 21 12:16 test/demgjq.ls6
-rw-rw-r--  1 beebe audit 20618 Mar 21 12:16 test/demgjq.ls7

Correct output from the development site is available here:

-r--r--r--  1 beebe audit 44586 Dec  4 17:47 test/okay/demgjq.ls1
-r--r--r--  1 beebe audit 44586 Dec  4 17:47 test/okay/demgjq.ls2
-r--r--r--  1 beebe audit 44586 Dec  4 17:47 test/okay/demgjq.ls3
-r--r--r--  1 beebe audit 20617 Dec 11 15:52 test/okay/demgjq.ls4
-r--r--r--  1 beebe audit 20617 Dec 11 15:52 test/okay/demgjq.ls5
-r--r--r--  1 beebe audit 20617 Dec 11 15:52 test/okay/demgjq.ls6
-r--r--r--  1 beebe audit 20617 Dec 11 15:52 test/okay/demgjq.ls7

============================== Making check-dp in laguerre
(cd ../common; make lib-dp)
ar -r ../libgjl.a d2norm.o dcopy.o deps.o derbit.o dfloat.o dfpmax.o dgamma.o dinf.o diran.o dlgam.o dlog2.o dnan.o dpsi.o dpsiln.o dran.o dstore.o dstorf.o dvsum.o ffalse.o ftrue.o getnan.o idceil.o isdinf.o isdnan.o pythag.o tql1.o
ranlib ../libgjl.a || true
ar -r ../libgjl.a glqf.o glqfd.o glqli.o glqrc.o
ranlib ../libgjl.a || true
========================================================================
WARNING: This seems to be the slim package distribution without the
extensive validation suite: running the quick demos instead.
========================================================================
========================================================================
The demonstration programs demglq and demqglq read a single free-format
line of data on standard input with the three numeric values

        alpha nquad pmax

where

        alpha = power of x in Laguerre weight function
        nquad = quadrature order
        pmax  = maximum power of x in test function

In the demonstration targets, these values are supplied by a simple
echo command embedded in the Makefile.  Results are written to standard
output.
========================================================================
(cd ../common; make lib-dp)
ar -r ../libgjl.a d2norm.o dcopy.o deps.o derbit.o dfloat.o dfpmax.o dgamma.o dinf.o diran.o dlgam.o dlog2.o dnan.o dpsi.o dpsiln.o dran.o dstore.o dstorf.o dvsum.o ffalse.o ftrue.o getnan.o idceil.o isdinf.o isdnan.o pythag.o tql1.o
ranlib ../libgjl.a || true
ar -r ../libgjl.a glqf.o glqfd.o glqli.o glqrc.o
ranlib ../libgjl.a || true
xlf90 -g -O -I../common  -qfixed -c -o demglq.o demglq.f
** demglq   === End of Compilation 1 ===
** pad   === End of Compilation 2 ===
1501-510  Compilation successful for file demglq.f.
xlf90 -g -O -I../common  -qfixed -o demglq demglq.o -Wl,-L/usr/local/lib ../libgjl.a

This output file should closely match results in Table 1 of the paper
Efficient High-Accuracy Quadrature for Two Classes of Logarithmic
Weight Functions

echo -0.9375 20 40 | ./demglq > test/demglq.out
-rw-rw-r--  1 beebe audit 29360 Mar 21 12:16 test/demglq.out

Correct output from the development site is available here:

-r--r--r--  1 beebe audit 29360 Nov 12 13:51 test/okay/demglq.out


This output file must reproduce the Gauss-Laguerre n=15 section
of Table 25.9 of Abramowitz and Stegen, Handbook of Mathematical
Functions, NBS #55, p. 923

echo 0 15 0 | ./demglq > test/demglq.nbs
-rw-rw-r--  1 beebe audit 82846 Mar 21 12:17 test/demglq.nbs

Correct output from the development site is available here:

-r--r--r--  1 beebe audit 82846 Dec 11 16:00 test/okay/demglq.nbs

============================== Making check-dp in common
ar -r ../libgjl.a d2norm.o dcopy.o deps.o derbit.o dfloat.o dfpmax.o dgamma.o dinf.o diran.o dlgam.o dlog2.o dnan.o dpsi.o dpsiln.o dran.o dstore.o dstorf.o dvsum.o ffalse.o ftrue.o getnan.o idceil.o isdinf.o isdnan.o pythag.o tql1.o
ranlib ../libgjl.a || true
ar -r ../libgjl.a aeps.o afpmax.o ainf.o airan.o algam.o alog2.o anan.o astore.o astorf.o avsum.o gamma.o iceil.o isainf.o isanan.o psi.o psiln.o ran.o
ranlib ../libgjl.a || true
There is no validation suite in this directory
8.130u 5.710s 1:30.43 15.3%	1628+886k 0+0io 322pf+0w
============================================================
Disk free report for /u/admin/beebe/build/xlf90/quadlog-gampsi-slim:
			Filesystem           1K-blocks      Used Available Use% Mounted on
			nova.physics.utah.edu:/export/d1/0002/admin
			                      35211232  31253412   3605708  90% /tmp_mnt/home/admin
Remote date:            2004.03.21.12.17.03
============================================================
