============================================================
/usr/local/bin/.: Permission denied.
Machinetype:            Sun Ultra 2/2400 (400 MHz);     Solaris 2.9
System status:           11:09am  up 29 day(s), 22:39,  4 users,  load average: 0.60, 0.26, 0.14
Remote c89 version:     cc: Sun C 5.5 Patch 112760-09 2004/03/31
Remote cc version:      cc: Sun C 5.5 Patch 112760-09 2004/03/31
Remote CC version:      CC: Sun C++ 5.5 Patch 113817-07 2004/03/23
Remote lcc version:     lcc version 4.1.beta.9 [11-May-2001]
Package:                quadlog-gampsi-slim
Archive:                /export/home/0077/sy/beebe/build//quadlog-gampsi-slim.tar.gz
Date:                   2004.06.10.11.09.21
Local user:             beebe
Local host:             suncore.math.utah.edu
Local log directory:    /export/home/0077/sy/beebe/build/logs/quadlog-gampsi-slim
Local log file:         quadlog-gampsi-slim.gretal.math.utah.edu.2004.06.10.11.09.21.log
Remote user:            beebe
Remote host:            gretal.math.utah.edu
Remote directory:       /local/build/f77
Remote date:            2004.06.10.11.09.35
Remote uname:           SunOS gretal.math.utah.edu 5.9 Generic_112233-12 sun4u sparc SUNW,Ultra-2 Solaris
Remote gcc version:     gcc (GCC) 3.3
Remote g++ version:     g++ (GCC) 3.3
Remote gcc3 version:    gcc3: Command not found.

Remote g++3 version:    g++3: Command not found.

Configure environment:  CC=/opt/studio9/SUNWspro/bin/cc CFLAGS=-I/usr/local/include CXX=/opt/studio9/SUNWspro/bin/CC CXXFLAGS=-I/usr/local/include FC=/opt/studio9/SUNWspro/bin/f77 F77=/opt/studio9/SUNWspro/bin/f77 LDFLAGS="-R/usr/local/lib -L/usr/local/lib" 
Extra environment:      
Configure flags:        
Make all targets:       
Make check targets:     check
Disk free report for /local/build/f77/quadlog-gampsi-slim:
			Filesystem           1K-blocks      Used Available Use% Mounted on
			/dev/dsk/c0t1d0s0     33209540   5500460  27376985  17% /
Environment:
			DVIPSHEADERS=.:/usr/local/lib/tex/ps:/usr/local/lib/tex/fonts/ps:/usr/local/lib/tex/fonts/vf:/usr/local/lib/tex/fonts/old/vf:/usr/local/lib/tex/fonts/postscript/cmpsfont/pfb
			GROUP=staff
			GUIDEHOME=/opt/SUNWguide
			HELPPATH=/usr/openwin/lib/locale:/usr/openwin/lib/help:/usr/local/lib/help
			HOME=/u/sy/beebe
			HOST=gretal.math.utah.edu
			HOSTALIAS=gretal
			HOSTTYPE=sun4
			INDOMAIN=math.utah.edu
			INFO=/usr/local/plot79
			LD_LIBRARY_PATH=/usr/dt/lib:/usr/openwin/lib:/usr/local/lib:/usr/local/X11R5/lib:/usr/local/lib/X11
			LOGNAME=beebe
			MACHTYPE=sparc
			MAIL=/var/mail//beebe
			MANPATH=/usr/share/man:/usr/openwin/share/man:/opt/SUNWspro/FileMerge/man:/opt/SUNWspro/man:/opt/SUNWspro/swmgr/man:/usr/local/man:/usr/local/X11R5/man
			MFINPUTS=.:/usr/local/lib/mf/macros:/usr/local/lib/mf/cm:/usr/local/lib/mf
			MOTIFHOME=/usr/dt
			NCARG_ROOT=/usr/local/ncar
			OPENWINHOME=/usr/openwin
			OSTYPE=solaris
			PATH=/usr/local/bin:/usr/local/sbin:/bin:/usr/ccs/bin:/opt/SUNWspro/bin:/u/sy/beebe/bin/sun4:/usr/local/share/bin:/usr/local/bin/X11:/usr/local/mpi/bin:/usr/local/pbmplus:/usr/openwin/bin:/usr/dt/bin:/usr/local/plot79:/usr/local/X11R5/bin:/usr/ucb:/usr/sbin:/sbin:/usr/local/ashare/bmdp/bin:/usr/java/bin:/usr/local/java/bin:/usr/local/hotjava/bin:/usr/local/etc:/etc:.:/u/sy/beebe/tex/bib:/usr/local/gnat/bin:/usr/proc/bin:/usr/local/ora/bin
			PLT=/usr/local/plot79
			PVM_ROOT=/usr/local/pvm3
			PWD=/u/sy/beebe
			SHELL=/usr/local/bin/tcsh
			SHLVL=1
			SSH_CLIENT=155.101.96.4 54029 22
			SSH_CONNECTION=155.101.96.4 54029 155.101.96.20 22
			TERM=unknown
			TEXCONFIG=.:/usr/local/lib/tex/ps:/usr/local/lib/tex/fonts/vf:/usr/local/lib/tex/fonts/old/vf
			TEXFONTS=/usr/local/lib/tex/fonts/cm/600dpi:/usr/local/lib/tex/fonts/cm/tfms:/usr/local/lib/tex/ams/amspsfnt/tfms:/usr/local/lib/tex/ams/amspsfnt/pfb:/usr/local/lib/tex/ams/amsfonts/pk-files/600dpi:/usr/local/lib/tex/ams/amsfonts/pk-files/300dpi:/usr/local/lib/tex/fonts/pandora/600dpi:/usr/local/lib/tex/fonts/pandora/tfms:/usr/local/lib/tex/fonts/concrete/600dpi:/usr/local/lib/tex/fonts/concrete/tfms:/usr/local/lib/tex/fonts/greek:/usr/local/lib/tex/lamstex/mf:/usr/local/lib/tex/fonts/pk/tfms:/usr/local/lib/tex/fonts/pk/600dpi:/usr/local/lib/tex/fonts/pk/300dpi:/usr/local/lib/tex/fonts/ps:/usr/local/lib/tex/latex2e/fonts:/usr/local/lib/tex/fonts/vf:/usr/local/lib/tex/fonts/old/vf:/usr/local/lib/tex/musictex/pk/600dpi:/usr/local/lib/tex/musictex/pk/tfms:/usr/local/lib/tex/fonts/cmcyr/600dpi:/usr/local/lib/tex/fonts/ec/600dpi:/usr/local/lib/tex/fonts/ec/tfms:/usr/local/lib/tex/fonts/ecc/600dpi:/usr/local/lib/tex/fonts/ecc/tfms:/usr/local/lib/tex/fonts/ams
			TEXINPUTS=.:/usr/local/lib/tex/inputs:/usr/local/lib/tex/fonts/ps:/usr/local/lib/tex/latex:/usr/local/lib/tex/ams/amstex:/usr/local/lib/tex/ams/amstex/doc:/usr/local/lib/tex/ams/amslatex/inputs:/usr/local/lib/tex/bibtex:/usr/local/lib/tex/fonts/ap/300dpi:/usr/local/lib/tex/tugboat:/usr/local/lib/tex/lamstex/inputs:/usr/local/lib/tex/siam:/usr/local/lib/tex/ps:/usr/local/lib/tex/fonts/pandora
			TEXPKS=/usr/local/lib/tex/fonts/cm/600dpi:/usr/local/lib/tex/fonts/cm/tfms:/usr/local/lib/tex/ams/amspsfnt/tfms:/usr/local/lib/tex/ams/amspsfnt/pfb:/usr/local/lib/tex/ams/amsfonts/pk-files/600dpi:/usr/local/lib/tex/ams/amsfonts/pk-files/300dpi:/usr/local/lib/tex/fonts/pandora/600dpi:/usr/local/lib/tex/fonts/pandora/tfms:/usr/local/lib/tex/fonts/concrete/600dpi:/usr/local/lib/tex/fonts/concrete/tfms:/usr/local/lib/tex/fonts/greek:/usr/local/lib/tex/lamstex/mf:/usr/local/lib/tex/fonts/pk/tfms:/usr/local/lib/tex/fonts/pk/600dpi:/usr/local/lib/tex/fonts/pk/300dpi:/usr/local/lib/tex/fonts/ps:/usr/local/lib/tex/latex2e/fonts:/usr/local/lib/tex/fonts/vf:/usr/local/lib/tex/fonts/old/vf:/usr/local/lib/tex/musictex/pk/600dpi:/usr/local/lib/tex/musictex/pk/tfms:/usr/local/lib/tex/fonts/cmcyr/600dpi:/usr/local/lib/tex/fonts/ec/600dpi:/usr/local/lib/tex/fonts/ec/tfms:/usr/local/lib/tex/fonts/ecc/600dpi:/usr/local/lib/tex/fonts/ecc/tfms:/usr/local/lib/tex/fonts/ams
			USER=beebe
			VENDOR=sun
			VFFONTS=.:/usr/local/lib/tex/latex2e/fonts:/usr/local/lib/tex/fonts/vf:/usr/local/lib/tex/fonts/old/vf:/usr/local/lib/tex/fonts/fontinst/contrib/helminck:/usr/local/lib/tex/fonts/malvern/vf:/usr/local/lib/tex/fonts/mathtime
			YPDOMAIN=YP.math.utah.edu
============================================================
configure: creating ./config.status
config.status: creating Makefile
configure: configuring in common
configure: running /bin/sh './configure'  --cache-file=/dev/null --srcdir=.
checking for gcc... /opt/studio9/SUNWspro/bin/cc
checking for C compiler default output file name... a.out
checking whether the C compiler works... yes
checking whether we are cross compiling... no
checking for suffix of executables... 
checking for suffix of object files... o
checking whether we are using the GNU C compiler... no
checking whether /opt/studio9/SUNWspro/bin/cc accepts -g... yes
checking for /opt/studio9/SUNWspro/bin/cc option to accept ANSI C... none needed
checking whether we are using the GNU Fortran 77 compiler... no
checking whether /opt/studio9/SUNWspro/bin/f77 accepts -g... yes
checking for autoconf... autoconf
configure: creating ./config.status
config.status: creating Makefile
configure: configuring in gampsi
configure: running /bin/sh './configure'  --cache-file=/dev/null --srcdir=.
checking for gcc... /opt/studio9/SUNWspro/bin/cc
checking for C compiler default output file name... a.out
checking whether the C compiler works... yes
checking whether we are cross compiling... no
checking for suffix of executables... 
checking for suffix of object files... o
checking whether we are using the GNU C compiler... no
checking whether /opt/studio9/SUNWspro/bin/cc accepts -g... yes
checking for /opt/studio9/SUNWspro/bin/cc option to accept ANSI C... none needed
checking whether we are using the GNU Fortran 77 compiler... no
checking whether /opt/studio9/SUNWspro/bin/f77 accepts -g... yes
checking for autoconf... autoconf
checking for gzip... gzip
checking for tar... tar
configure: creating ./config.status
config.status: creating Makefile
configure: configuring in jacobi
configure: running /bin/sh './configure'  --cache-file=/dev/null --srcdir=.
checking for gcc... /opt/studio9/SUNWspro/bin/cc
checking for C compiler default output file name... a.out
checking whether the C compiler works... yes
checking whether we are cross compiling... no
checking for suffix of executables... 
checking for suffix of object files... o
checking whether we are using the GNU C compiler... no
checking whether /opt/studio9/SUNWspro/bin/cc accepts -g... yes
checking for /opt/studio9/SUNWspro/bin/cc option to accept ANSI C... none needed
checking whether we are using the GNU Fortran 77 compiler... no
checking whether /opt/studio9/SUNWspro/bin/f77 accepts -g... yes
checking for autoconf... autoconf
configure: creating ./config.status
config.status: creating Makefile
configure: configuring in laguerre
configure: running /bin/sh './configure'  --cache-file=/dev/null --srcdir=.
checking for gcc... /opt/studio9/SUNWspro/bin/cc
checking for C compiler default output file name... a.out
checking whether the C compiler works... yes
checking whether we are cross compiling... no
checking for suffix of executables... 
checking for suffix of object files... o
checking whether we are using the GNU C compiler... no
checking whether /opt/studio9/SUNWspro/bin/cc accepts -g... yes
checking for /opt/studio9/SUNWspro/bin/cc option to accept ANSI C... none needed
checking whether we are using the GNU Fortran 77 compiler... no
checking whether /opt/studio9/SUNWspro/bin/f77 accepts -g... yes
checking for autoconf... autoconf
checking if -lm needed for math functions... yes
checking if -lsunmath needed for aint()... yes
configure: creating ./config.status
config.status: creating Makefile
configure: configuring in man
configure: running /bin/sh './configure'  --cache-file=/dev/null --srcdir=.
checking for autoconf... autoconf
checking for deroff... deroff
checking for ps2pdf... ps2pdf
checking for man2html... man2html
configure: creating ./config.status
config.status: creating Makefile
31.06user 98.37system 12:53.59elapsed 16%CPU (0avgtext+0avgdata 0maxresident)k
0inputs+0outputs (0major+0minor)pagefaults 0swaps
(cd common && make  prefix=/usr/local FWARN="" FOPT="-O" all )
/opt/studio9/SUNWspro/bin/f77 -g -O     -c -o d2norm.o d2norm.f
NOTICE: Invoking /opt/studio9/SUNWspro/bin/f90 -f77 -ftrap=%none -g -O -c -o d2norm.o d2norm.f
d2norm.f:
	d2norm:
/opt/studio9/SUNWspro/bin/f77 -g -O     -c -o dcopy.o dcopy.f
NOTICE: Invoking /opt/studio9/SUNWspro/bin/f90 -f77 -ftrap=%none -g -O -c -o dcopy.o dcopy.f
dcopy.f:
	dcopy:
/opt/studio9/SUNWspro/bin/f77 -g -O     -c -o deps.o deps.f
NOTICE: Invoking /opt/studio9/SUNWspro/bin/f90 -f77 -ftrap=%none -g -O -c -o deps.o deps.f
deps.f:
	deps:
/opt/studio9/SUNWspro/bin/f77 -g -O     -c -o derbit.o derbit.f
NOTICE: Invoking /opt/studio9/SUNWspro/bin/f90 -f77 -ftrap=%none -g -O -c -o derbit.o derbit.f
derbit.f:
	derbit:
/opt/studio9/SUNWspro/bin/f77 -g -O     -c -o dfloat.o dfloat.f
NOTICE: Invoking /opt/studio9/SUNWspro/bin/f90 -f77 -ftrap=%none -g -O -c -o dfloat.o dfloat.f
dfloat.f:
	dfloat:
/opt/studio9/SUNWspro/bin/f77 -g -O     -c -o dfpmax.o dfpmax.f
NOTICE: Invoking /opt/studio9/SUNWspro/bin/f90 -f77 -ftrap=%none -g -O -c -o dfpmax.o dfpmax.f
dfpmax.f:
	dfpmax:
/opt/studio9/SUNWspro/bin/f77 -g -O     -c -o dgamma.o dgamma.f
NOTICE: Invoking /opt/studio9/SUNWspro/bin/f90 -f77 -ftrap=%none -g -O -c -o dgamma.o dgamma.f
dgamma.f:
	dgamma:
/opt/studio9/SUNWspro/bin/f77 -g -O     -c -o dinf.o dinf.f
NOTICE: Invoking /opt/studio9/SUNWspro/bin/f90 -f77 -ftrap=%none -g -O -c -o dinf.o dinf.f
dinf.f:
	dinf:
/opt/studio9/SUNWspro/bin/f77 -g -O     -c -o diran.o diran.f
NOTICE: Invoking /opt/studio9/SUNWspro/bin/f90 -f77 -ftrap=%none -g -O -c -o diran.o diran.f
diran.f:
	diran:
/opt/studio9/SUNWspro/bin/f77 -g -O     -c -o dlgam.o dlgam.f
NOTICE: Invoking /opt/studio9/SUNWspro/bin/f90 -f77 -ftrap=%none -g -O -c -o dlgam.o dlgam.f
dlgam.f:
	dlgam:
/opt/studio9/SUNWspro/bin/f77 -g -O     -c -o dlog2.o dlog2.f
NOTICE: Invoking /opt/studio9/SUNWspro/bin/f90 -f77 -ftrap=%none -g -O -c -o dlog2.o dlog2.f
dlog2.f:
	dlog2:
/opt/studio9/SUNWspro/bin/f77 -g -O     -c -o dnan.o dnan.f
NOTICE: Invoking /opt/studio9/SUNWspro/bin/f90 -f77 -ftrap=%none -g -O -c -o dnan.o dnan.f
dnan.f:
	dnan:
/opt/studio9/SUNWspro/bin/f77 -g -O     -c -o dpsi.o dpsi.f
NOTICE: Invoking /opt/studio9/SUNWspro/bin/f90 -f77 -ftrap=%none -g -O -c -o dpsi.o dpsi.f
dpsi.f:
	dpsi:
/opt/studio9/SUNWspro/bin/f77 -g -O     -c -o dpsiln.o dpsiln.f
NOTICE: Invoking /opt/studio9/SUNWspro/bin/f90 -f77 -ftrap=%none -g -O -c -o dpsiln.o dpsiln.f
dpsiln.f:
	dpsiln:
/opt/studio9/SUNWspro/bin/f77 -g -O     -c -o dran.o dran.f
NOTICE: Invoking /opt/studio9/SUNWspro/bin/f90 -f77 -ftrap=%none -g -O -c -o dran.o dran.f
dran.f:
	dran:
/opt/studio9/SUNWspro/bin/f77 -g -O     -c -o dstore.o dstore.f
NOTICE: Invoking /opt/studio9/SUNWspro/bin/f90 -f77 -ftrap=%none -g -O -c -o dstore.o dstore.f
dstore.f:
	dstore:
/opt/studio9/SUNWspro/bin/f77 -g -O     -c -o dstorf.o dstorf.f
NOTICE: Invoking /opt/studio9/SUNWspro/bin/f90 -f77 -ftrap=%none -g -O -c -o dstorf.o dstorf.f
dstorf.f:
	dstorf:
/opt/studio9/SUNWspro/bin/f77 -g -O     -c -o dvsum.o dvsum.f
NOTICE: Invoking /opt/studio9/SUNWspro/bin/f90 -f77 -ftrap=%none -g -O -c -o dvsum.o dvsum.f
dvsum.f:
	dvsum:
/opt/studio9/SUNWspro/bin/f77 -g -O     -c -o ffalse.o ffalse.f
NOTICE: Invoking /opt/studio9/SUNWspro/bin/f90 -f77 -ftrap=%none -g -O -c -o ffalse.o ffalse.f
ffalse.f:
	ffalse:
/opt/studio9/SUNWspro/bin/f77 -g -O     -c -o ftrue.o ftrue.f
NOTICE: Invoking /opt/studio9/SUNWspro/bin/f90 -f77 -ftrap=%none -g -O -c -o ftrue.o ftrue.f
ftrue.f:
	ftrue:
/opt/studio9/SUNWspro/bin/f77 -g -O     -c -o getnan.o getnan.f
NOTICE: Invoking /opt/studio9/SUNWspro/bin/f90 -f77 -ftrap=%none -g -O -c -o getnan.o getnan.f
getnan.f:
	getnan:
/opt/studio9/SUNWspro/bin/f77 -g -O     -c -o idceil.o idceil.f
NOTICE: Invoking /opt/studio9/SUNWspro/bin/f90 -f77 -ftrap=%none -g -O -c -o idceil.o idceil.f
idceil.f:
	idceil:
/opt/studio9/SUNWspro/bin/f77 -g -O     -c -o isdinf.o isdinf.f
NOTICE: Invoking /opt/studio9/SUNWspro/bin/f90 -f77 -ftrap=%none -g -O -c -o isdinf.o isdinf.f
isdinf.f:
	isdinf:
/opt/studio9/SUNWspro/bin/f77 -g -O     -c -o isdnan.o isdnan.f
NOTICE: Invoking /opt/studio9/SUNWspro/bin/f90 -f77 -ftrap=%none -g -O -c -o isdnan.o isdnan.f
isdnan.f:
	isdnan:
/opt/studio9/SUNWspro/bin/f77 -g -O     -c -o pythag.o pythag.f
NOTICE: Invoking /opt/studio9/SUNWspro/bin/f90 -f77 -ftrap=%none -g -O -c -o pythag.o pythag.f
pythag.f:
	pythag:
/opt/studio9/SUNWspro/bin/f77 -g -O     -c -o tql1.o tql1.f
NOTICE: Invoking /opt/studio9/SUNWspro/bin/f90 -f77 -ftrap=%none -g -O -c -o tql1.o tql1.f
tql1.f:
	tql1:
ar -r ../libgjl.a d2norm.o dcopy.o deps.o derbit.o dfloat.o dfpmax.o dgamma.o dinf.o diran.o dlgam.o dlog2.o dnan.o dpsi.o dpsiln.o dran.o dstore.o dstorf.o dvsum.o ffalse.o ftrue.o getnan.o idceil.o isdinf.o isdnan.o pythag.o tql1.o
ranlib ../libgjl.a || true
/opt/studio9/SUNWspro/bin/f77 -g -O     -c -o aeps.o aeps.f
NOTICE: Invoking /opt/studio9/SUNWspro/bin/f90 -f77 -ftrap=%none -g -O -c -o aeps.o aeps.f
aeps.f:
	aeps:
/opt/studio9/SUNWspro/bin/f77 -g -O     -c -o afpmax.o afpmax.f
NOTICE: Invoking /opt/studio9/SUNWspro/bin/f90 -f77 -ftrap=%none -g -O -c -o afpmax.o afpmax.f
afpmax.f:
	afpmax:
/opt/studio9/SUNWspro/bin/f77 -g -O     -c -o ainf.o ainf.f
NOTICE: Invoking /opt/studio9/SUNWspro/bin/f90 -f77 -ftrap=%none -g -O -c -o ainf.o ainf.f
ainf.f:
	ainf:
/opt/studio9/SUNWspro/bin/f77 -g -O     -c -o airan.o airan.f
NOTICE: Invoking /opt/studio9/SUNWspro/bin/f90 -f77 -ftrap=%none -g -O -c -o airan.o airan.f
airan.f:
	airan:
/opt/studio9/SUNWspro/bin/f77 -g -O     -c -o algam.o algam.f
NOTICE: Invoking /opt/studio9/SUNWspro/bin/f90 -f77 -ftrap=%none -g -O -c -o algam.o algam.f
algam.f:
	algam:
/opt/studio9/SUNWspro/bin/f77 -g -O     -c -o alog2.o alog2.f
NOTICE: Invoking /opt/studio9/SUNWspro/bin/f90 -f77 -ftrap=%none -g -O -c -o alog2.o alog2.f
alog2.f:
	alog2:
/opt/studio9/SUNWspro/bin/f77 -g -O     -c -o anan.o anan.f
NOTICE: Invoking /opt/studio9/SUNWspro/bin/f90 -f77 -ftrap=%none -g -O -c -o anan.o anan.f
anan.f:
	anan:
/opt/studio9/SUNWspro/bin/f77 -g -O     -c -o astore.o astore.f
NOTICE: Invoking /opt/studio9/SUNWspro/bin/f90 -f77 -ftrap=%none -g -O -c -o astore.o astore.f
astore.f:
	astore:
/opt/studio9/SUNWspro/bin/f77 -g -O     -c -o astorf.o astorf.f
NOTICE: Invoking /opt/studio9/SUNWspro/bin/f90 -f77 -ftrap=%none -g -O -c -o astorf.o astorf.f
astorf.f:
	astorf:
/opt/studio9/SUNWspro/bin/f77 -g -O     -c -o avsum.o avsum.f
NOTICE: Invoking /opt/studio9/SUNWspro/bin/f90 -f77 -ftrap=%none -g -O -c -o avsum.o avsum.f
avsum.f:
	avsum:
/opt/studio9/SUNWspro/bin/f77 -g -O     -c -o gamma.o gamma.f
NOTICE: Invoking /opt/studio9/SUNWspro/bin/f90 -f77 -ftrap=%none -g -O -c -o gamma.o gamma.f
gamma.f:
	gamma:
/opt/studio9/SUNWspro/bin/f77 -g -O     -c -o iceil.o iceil.f
NOTICE: Invoking /opt/studio9/SUNWspro/bin/f90 -f77 -ftrap=%none -g -O -c -o iceil.o iceil.f
iceil.f:
	iceil:
/opt/studio9/SUNWspro/bin/f77 -g -O     -c -o isainf.o isainf.f
NOTICE: Invoking /opt/studio9/SUNWspro/bin/f90 -f77 -ftrap=%none -g -O -c -o isainf.o isainf.f
isainf.f:
	isainf:
/opt/studio9/SUNWspro/bin/f77 -g -O     -c -o isanan.o isanan.f
NOTICE: Invoking /opt/studio9/SUNWspro/bin/f90 -f77 -ftrap=%none -g -O -c -o isanan.o isanan.f
isanan.f:
	isanan:
/opt/studio9/SUNWspro/bin/f77 -g -O     -c -o psi.o psi.f
NOTICE: Invoking /opt/studio9/SUNWspro/bin/f90 -f77 -ftrap=%none -g -O -c -o psi.o psi.f
psi.f:
	psi:
/opt/studio9/SUNWspro/bin/f77 -g -O     -c -o psiln.o psiln.f
NOTICE: Invoking /opt/studio9/SUNWspro/bin/f90 -f77 -ftrap=%none -g -O -c -o psiln.o psiln.f
psiln.f:
	psiln:
/opt/studio9/SUNWspro/bin/f77 -g -O     -c -o ran.o ran.f
NOTICE: Invoking /opt/studio9/SUNWspro/bin/f90 -f77 -ftrap=%none -g -O -c -o ran.o ran.f
ran.f:
	ran:
ar -r ../libgjl.a aeps.o afpmax.o ainf.o airan.o algam.o alog2.o anan.o astore.o astorf.o avsum.o gamma.o iceil.o isainf.o isanan.o psi.o psiln.o ran.o
ranlib ../libgjl.a || true
for subdir in man gampsi jacobi laguerre common ; do echo ============================== Making all in $subdir ; ( cd $subdir && make  prefix=/usr/local FWARN="" FOPT="-O" all ) ; done
============================== Making all in man
============================== Making all in gampsi
(cd ../common; make lib-dp)
ar -r ../libgjl.a d2norm.o dcopy.o deps.o derbit.o dfloat.o dfpmax.o dgamma.o dinf.o diran.o dlgam.o dlog2.o dnan.o dpsi.o dpsiln.o dran.o dstore.o dstorf.o dvsum.o ffalse.o ftrue.o getnan.o idceil.o isdinf.o isdnan.o pythag.o tql1.o
ranlib ../libgjl.a || true
/opt/studio9/SUNWspro/bin/f77 -g -O -I../common   -c -o tdgen.o tdgen.f
NOTICE: Invoking /opt/studio9/SUNWspro/bin/f90 -f77 -ftrap=%none -g -O -I../common -c -o tdgen.o tdgen.f
tdgen.f:
 MAIN tdgen:
/opt/studio9/SUNWspro/bin/f77 -g -O -I../common   -c -o funhdr.o funhdr.f
NOTICE: Invoking /opt/studio9/SUNWspro/bin/f90 -f77 -ftrap=%none -g -O -I../common -c -o funhdr.o funhdr.f
funhdr.f:
	funhdr:
/opt/studio9/SUNWspro/bin/f77 -g -O -I../common   -c -o dgen.o dgen.f
NOTICE: Invoking /opt/studio9/SUNWspro/bin/f90 -f77 -ftrap=%none -g -O -I../common -c -o dgen.o dgen.f
dgen.f:
	dgen:
/opt/studio9/SUNWspro/bin/f77 -g -O -I../common   -o tdgen tdgen.o funhdr.o dgen.o ../common/dfloat.o ../common/dinf.o ../common/diran.o ../common/dnan.o ../common/dran.o ../common/dstorf.o ../common/idceil.o ../common/isdnan.o ../common/dgamma.o ../common/dlgam.o ../common/dpsi.o ../common/dpsiln.o 
NOTICE: Invoking /opt/studio9/SUNWspro/bin/f90 -f77 -ftrap=%none -g -O -I../common -o tdgen tdgen.o funhdr.o dgen.o ../common/dfloat.o ../common/dinf.o ../common/diran.o ../common/dnan.o ../common/dran.o ../common/dstorf.o ../common/idceil.o ../common/isdnan.o ../common/dgamma.o ../common/dlgam.o ../common/dpsi.o ../common/dpsiln.o
(cd ../common; make lib-sp)
ar -r ../libgjl.a aeps.o afpmax.o ainf.o airan.o algam.o alog2.o anan.o astore.o astorf.o avsum.o gamma.o iceil.o isainf.o isanan.o psi.o psiln.o ran.o
ranlib ../libgjl.a || true
/opt/studio9/SUNWspro/bin/f77 -g -O -I../common   -c -o tagen.o tagen.f
NOTICE: Invoking /opt/studio9/SUNWspro/bin/f90 -f77 -ftrap=%none -g -O -I../common -c -o tagen.o tagen.f
tagen.f:
 MAIN tagen:
/opt/studio9/SUNWspro/bin/f77 -g -O -I../common   -c -o agen.o agen.f
NOTICE: Invoking /opt/studio9/SUNWspro/bin/f90 -f77 -ftrap=%none -g -O -I../common -c -o agen.o agen.f
agen.f:
	agen:
/opt/studio9/SUNWspro/bin/f77 -g -O -I../common   -o tagen tagen.o funhdr.o agen.o ../common/ainf.o ../common/airan.o ../common/anan.o ../common/astorf.o ../common/iceil.o ../common/isanan.o ../common/ran.o ../common/algam.o ../common/dfloat.o ../common/gamma.o ../common/idceil.o ../common/psi.o ../common/psiln.o 
NOTICE: Invoking /opt/studio9/SUNWspro/bin/f90 -f77 -ftrap=%none -g -O -I../common -o tagen tagen.o funhdr.o agen.o ../common/ainf.o ../common/airan.o ../common/anan.o ../common/astorf.o ../common/iceil.o ../common/isanan.o ../common/ran.o ../common/algam.o ../common/dfloat.o ../common/gamma.o ../common/idceil.o ../common/psi.o ../common/psiln.o
============================== Making all in jacobi
/opt/studio9/SUNWspro/bin/f77 -g -O -I../common   -c -o gjqf.o gjqf.f
NOTICE: Invoking /opt/studio9/SUNWspro/bin/f90 -f77 -ftrap=%none -g -O -I../common -c -o gjqf.o gjqf.f
gjqf.f:
	gjqf:
/opt/studio9/SUNWspro/bin/f77 -g -O -I../common   -c -o gjqfd.o gjqfd.f
NOTICE: Invoking /opt/studio9/SUNWspro/bin/f90 -f77 -ftrap=%none -g -O -I../common -c -o gjqfd.o gjqfd.f
gjqfd.f:
	gjqfd:
/opt/studio9/SUNWspro/bin/f77 -g -O -I../common   -c -o gjqli.o gjqli.f
NOTICE: Invoking /opt/studio9/SUNWspro/bin/f90 -f77 -ftrap=%none -g -O -I../common -c -o gjqli.o gjqli.f
gjqli.f:
	gjqli:
/opt/studio9/SUNWspro/bin/f77 -g -O -I../common   -c -o gjqrc.o gjqrc.f
NOTICE: Invoking /opt/studio9/SUNWspro/bin/f90 -f77 -ftrap=%none -g -O -I../common -c -o gjqrc.o gjqrc.f
gjqrc.f:
	gjqrc:
(cd ../common; make lib-dp)
ar -r ../libgjl.a d2norm.o dcopy.o deps.o derbit.o dfloat.o dfpmax.o dgamma.o dinf.o diran.o dlgam.o dlog2.o dnan.o dpsi.o dpsiln.o dran.o dstore.o dstorf.o dvsum.o ffalse.o ftrue.o getnan.o idceil.o isdinf.o isdnan.o pythag.o tql1.o
ranlib ../libgjl.a || true
ar -r ../libgjl.a gjqf.o gjqfd.o gjqli.o gjqrc.o
ranlib ../libgjl.a || true
/opt/studio9/SUNWspro/bin/f77 -g -O -I../common   -c -o tgjf1.o tgjf1.f
NOTICE: Invoking /opt/studio9/SUNWspro/bin/f90 -f77 -ftrap=%none -g -O -I../common -c -o tgjf1.o tgjf1.f
tgjf1.f:
 MAIN tgjf1:
/opt/studio9/SUNWspro/bin/f77 -g -O -I../common   -c -o ../common/prthdr.o ../common/prthdr.f
NOTICE: Invoking /opt/studio9/SUNWspro/bin/f90 -f77 -ftrap=%none -g -O -I../common -c -o ../common/prthdr.o ../common/prthdr.f
../common/prthdr.f:
	prthdr:
/opt/studio9/SUNWspro/bin/f77 -g -O -I../common   -c -o ../common/trapit.o ../common/trapit.f
NOTICE: Invoking /opt/studio9/SUNWspro/bin/f90 -f77 -ftrap=%none -g -O -I../common -c -o ../common/trapit.o ../common/trapit.f
../common/trapit.f:
	trapit:
/opt/studio9/SUNWspro/bin/f77 -g -O -I../common   -o tgjf1 tgjf1.o gjqf.o gjqli.o gjqrc.o gjqfd.o ../common/d2norm.o ../common/dcopy.o ../common/deps.o ../common/derbit.o ../common/dfloat.o ../common/dgamma.o ../common/dinf.o ../common/dlog2.o ../common/dnan.o ../common/dpsi.o ../common/dstore.o ../common/dstorf.o ../common/dvsum.o ../common/isdnan.o ../common/prthdr.o ../common/pythag.o ../common/tql1.o ../common/trapit.o ../libgjl.a
NOTICE: Invoking /opt/studio9/SUNWspro/bin/f90 -f77 -ftrap=%none -g -O -I../common -o tgjf1 tgjf1.o gjqf.o gjqli.o gjqrc.o gjqfd.o ../common/d2norm.o ../common/dcopy.o ../common/deps.o ../common/derbit.o ../common/dfloat.o ../common/dgamma.o ../common/dinf.o ../common/dlog2.o ../common/dnan.o ../common/dpsi.o ../common/dstore.o ../common/dstorf.o ../common/dvsum.o ../common/isdnan.o ../common/prthdr.o ../common/pythag.o ../common/tql1.o ../common/trapit.o ../libgjl.a
/opt/studio9/SUNWspro/bin/f77 -g -O -I../common   -c -o tgjf2.o tgjf2.f
NOTICE: Invoking /opt/studio9/SUNWspro/bin/f90 -f77 -ftrap=%none -g -O -I../common -c -o tgjf2.o tgjf2.f
tgjf2.f:
 MAIN tgjf2:
/opt/studio9/SUNWspro/bin/f77 -g -O -I../common   -o tgjf2 tgjf2.o gjqf.o gjqli.o gjqrc.o gjqfd.o ../common/d2norm.o ../common/dcopy.o ../common/deps.o ../common/derbit.o ../common/dfloat.o ../common/dgamma.o ../common/dinf.o ../common/dlog2.o ../common/dnan.o ../common/dpsi.o ../common/dstore.o ../common/dstorf.o ../common/dvsum.o ../common/isdnan.o ../common/prthdr.o ../common/pythag.o ../common/tql1.o ../common/trapit.o ../libgjl.a
NOTICE: Invoking /opt/studio9/SUNWspro/bin/f90 -f77 -ftrap=%none -g -O -I../common -o tgjf2 tgjf2.o gjqf.o gjqli.o gjqrc.o gjqfd.o ../common/d2norm.o ../common/dcopy.o ../common/deps.o ../common/derbit.o ../common/dfloat.o ../common/dgamma.o ../common/dinf.o ../common/dlog2.o ../common/dnan.o ../common/dpsi.o ../common/dstore.o ../common/dstorf.o ../common/dvsum.o ../common/isdnan.o ../common/prthdr.o ../common/pythag.o ../common/tql1.o ../common/trapit.o ../libgjl.a
/opt/studio9/SUNWspro/bin/f77 -g -O -I../common   -c -o tgjfd1.o tgjfd1.f
NOTICE: Invoking /opt/studio9/SUNWspro/bin/f90 -f77 -ftrap=%none -g -O -I../common -c -o tgjfd1.o tgjfd1.f
tgjfd1.f:
 MAIN tgjfd1:
/opt/studio9/SUNWspro/bin/f77 -g -O -I../common   -o tgjfd1 tgjfd1.o gjqfd.o ../common/d2norm.o ../common/dcopy.o ../common/deps.o ../common/derbit.o ../common/dfloat.o ../common/dgamma.o ../common/dinf.o ../common/dlog2.o ../common/dnan.o ../common/dpsi.o ../common/dstore.o ../common/dstorf.o ../common/dvsum.o ../common/isdnan.o ../common/prthdr.o ../common/pythag.o ../common/tql1.o ../common/trapit.o ../libgjl.a
NOTICE: Invoking /opt/studio9/SUNWspro/bin/f90 -f77 -ftrap=%none -g -O -I../common -o tgjfd1 tgjfd1.o gjqfd.o ../common/d2norm.o ../common/dcopy.o ../common/deps.o ../common/derbit.o ../common/dfloat.o ../common/dgamma.o ../common/dinf.o ../common/dlog2.o ../common/dnan.o ../common/dpsi.o ../common/dstore.o ../common/dstorf.o ../common/dvsum.o ../common/isdnan.o ../common/prthdr.o ../common/pythag.o ../common/tql1.o ../common/trapit.o ../libgjl.a
/opt/studio9/SUNWspro/bin/f77 -g -O -I../common   -c -o tgjfd2.o tgjfd2.f
NOTICE: Invoking /opt/studio9/SUNWspro/bin/f90 -f77 -ftrap=%none -g -O -I../common -c -o tgjfd2.o tgjfd2.f
tgjfd2.f:
 MAIN tgjfd2:
/opt/studio9/SUNWspro/bin/f77 -g -O -I../common   -o tgjfd2 tgjfd2.o gjqfd.o ../common/d2norm.o ../common/dcopy.o ../common/deps.o ../common/derbit.o ../common/dfloat.o ../common/dgamma.o ../common/dinf.o ../common/dlog2.o ../common/dnan.o ../common/dpsi.o ../common/dstore.o ../common/dstorf.o ../common/dvsum.o ../common/isdnan.o ../common/prthdr.o ../common/pythag.o ../common/tql1.o ../common/trapit.o ../libgjl.a
NOTICE: Invoking /opt/studio9/SUNWspro/bin/f90 -f77 -ftrap=%none -g -O -I../common -o tgjfd2 tgjfd2.o gjqfd.o ../common/d2norm.o ../common/dcopy.o ../common/deps.o ../common/derbit.o ../common/dfloat.o ../common/dgamma.o ../common/dinf.o ../common/dlog2.o ../common/dnan.o ../common/dpsi.o ../common/dstore.o ../common/dstorf.o ../common/dvsum.o ../common/isdnan.o ../common/prthdr.o ../common/pythag.o ../common/tql1.o ../common/trapit.o ../libgjl.a
============================== Making all in laguerre
/opt/studio9/SUNWspro/bin/f77 -g -O -I../common   -c -o glqf.o glqf.f
NOTICE: Invoking /opt/studio9/SUNWspro/bin/f90 -f77 -ftrap=%none -g -O -I../common -c -o glqf.o glqf.f
glqf.f:
	glqf:
/opt/studio9/SUNWspro/bin/f77 -g -O -I../common   -c -o glqfd.o glqfd.f
NOTICE: Invoking /opt/studio9/SUNWspro/bin/f90 -f77 -ftrap=%none -g -O -I../common -c -o glqfd.o glqfd.f
glqfd.f:
	glqfd:
/opt/studio9/SUNWspro/bin/f77 -g -O -I../common   -c -o glqli.o glqli.f
NOTICE: Invoking /opt/studio9/SUNWspro/bin/f90 -f77 -ftrap=%none -g -O -I../common -c -o glqli.o glqli.f
glqli.f:
	glqli:
/opt/studio9/SUNWspro/bin/f77 -g -O -I../common   -c -o glqrc.o glqrc.f
NOTICE: Invoking /opt/studio9/SUNWspro/bin/f90 -f77 -ftrap=%none -g -O -I../common -c -o glqrc.o glqrc.f
glqrc.f:
	glqrc:
(cd ../common; make lib-dp)
ar -r ../libgjl.a d2norm.o dcopy.o deps.o derbit.o dfloat.o dfpmax.o dgamma.o dinf.o diran.o dlgam.o dlog2.o dnan.o dpsi.o dpsiln.o dran.o dstore.o dstorf.o dvsum.o ffalse.o ftrue.o getnan.o idceil.o isdinf.o isdnan.o pythag.o tql1.o
ranlib ../libgjl.a || true
ar -r ../libgjl.a glqf.o glqfd.o glqli.o glqrc.o
ranlib ../libgjl.a || true
/opt/studio9/SUNWspro/bin/f77 -g -O -I../common   -c -o tglf1.o tglf1.f
NOTICE: Invoking /opt/studio9/SUNWspro/bin/f90 -f77 -ftrap=%none -g -O -I../common -c -o tglf1.o tglf1.f
tglf1.f:
 MAIN tglf1:
/opt/studio9/SUNWspro/bin/f77 -g -O -I../common   -o tglf1 tglf1.o glqf.o glqli.o glqfd.o glqrc.o ../common/prthdr.o ../common/d2norm.o ../common/dcopy.o ../common/deps.o ../common/derbit.o ../common/dfloat.o ../common/dgamma.o ../common/dinf.o ../common/dlog2.o ../common/dnan.o ../common/dpsi.o ../common/dstore.o ../common/dstorf.o ../common/dvsum.o ../common/isdnan.o ../common/pythag.o ../common/tql1.o ../common/trapit.o
NOTICE: Invoking /opt/studio9/SUNWspro/bin/f90 -f77 -ftrap=%none -g -O -I../common -o tglf1 tglf1.o glqf.o glqli.o glqfd.o glqrc.o ../common/prthdr.o ../common/d2norm.o ../common/dcopy.o ../common/deps.o ../common/derbit.o ../common/dfloat.o ../common/dgamma.o ../common/dinf.o ../common/dlog2.o ../common/dnan.o ../common/dpsi.o ../common/dstore.o ../common/dstorf.o ../common/dvsum.o ../common/isdnan.o ../common/pythag.o ../common/tql1.o ../common/trapit.o
/opt/studio9/SUNWspro/bin/f77 -g -O -I../common   -c -o tglf2.o tglf2.f
NOTICE: Invoking /opt/studio9/SUNWspro/bin/f90 -f77 -ftrap=%none -g -O -I../common -c -o tglf2.o tglf2.f
tglf2.f:
 MAIN tglf2:
/opt/studio9/SUNWspro/bin/f77 -g -O -I../common   -o tglf2 tglf2.o glqf.o glqli.o glqfd.o glqrc.o ../common/prthdr.o ../common/d2norm.o ../common/dcopy.o ../common/deps.o ../common/derbit.o ../common/dfloat.o ../common/dgamma.o ../common/dinf.o ../common/dlog2.o ../common/dnan.o ../common/dpsi.o ../common/dstore.o ../common/dstorf.o ../common/dvsum.o ../common/isdnan.o ../common/pythag.o ../common/tql1.o ../common/trapit.o
NOTICE: Invoking /opt/studio9/SUNWspro/bin/f90 -f77 -ftrap=%none -g -O -I../common -o tglf2 tglf2.o glqf.o glqli.o glqfd.o glqrc.o ../common/prthdr.o ../common/d2norm.o ../common/dcopy.o ../common/deps.o ../common/derbit.o ../common/dfloat.o ../common/dgamma.o ../common/dinf.o ../common/dlog2.o ../common/dnan.o ../common/dpsi.o ../common/dstore.o ../common/dstorf.o ../common/dvsum.o ../common/isdnan.o ../common/pythag.o ../common/tql1.o ../common/trapit.o
/opt/studio9/SUNWspro/bin/f77 -g -O -I../common   -c -o tglf3.o tglf3.f
NOTICE: Invoking /opt/studio9/SUNWspro/bin/f90 -f77 -ftrap=%none -g -O -I../common -c -o tglf3.o tglf3.f
tglf3.f:
 MAIN tglf3:
/opt/studio9/SUNWspro/bin/f77 -g -O -I../common   -o tglf3 tglf3.o glqf.o glqli.o glqfd.o glqrc.o ../common/prthdr.o ../common/d2norm.o ../common/dcopy.o ../common/deps.o ../common/derbit.o ../common/dfloat.o ../common/dgamma.o ../common/dinf.o ../common/dlog2.o ../common/dnan.o ../common/dpsi.o ../common/dstore.o ../common/dstorf.o ../common/dvsum.o ../common/isdnan.o ../common/pythag.o ../common/tql1.o ../common/trapit.o
NOTICE: Invoking /opt/studio9/SUNWspro/bin/f90 -f77 -ftrap=%none -g -O -I../common -o tglf3 tglf3.o glqf.o glqli.o glqfd.o glqrc.o ../common/prthdr.o ../common/d2norm.o ../common/dcopy.o ../common/deps.o ../common/derbit.o ../common/dfloat.o ../common/dgamma.o ../common/dinf.o ../common/dlog2.o ../common/dnan.o ../common/dpsi.o ../common/dstore.o ../common/dstorf.o ../common/dvsum.o ../common/isdnan.o ../common/pythag.o ../common/tql1.o ../common/trapit.o
/opt/studio9/SUNWspro/bin/f77 -g -O -I../common   -c -o tglf4.o tglf4.f
NOTICE: Invoking /opt/studio9/SUNWspro/bin/f90 -f77 -ftrap=%none -g -O -I../common -c -o tglf4.o tglf4.f
tglf4.f:
 MAIN tglf4:
/opt/studio9/SUNWspro/bin/f77 -g -O -I../common   -o tglf4 tglf4.o glqf.o glqli.o glqfd.o glqrc.o ../common/prthdr.o ../common/d2norm.o ../common/dcopy.o ../common/deps.o ../common/derbit.o ../common/dfloat.o ../common/dgamma.o ../common/dinf.o ../common/dlog2.o ../common/dnan.o ../common/dpsi.o ../common/dstore.o ../common/dstorf.o ../common/dvsum.o ../common/isdnan.o ../common/pythag.o ../common/tql1.o ../common/trapit.o
NOTICE: Invoking /opt/studio9/SUNWspro/bin/f90 -f77 -ftrap=%none -g -O -I../common -o tglf4 tglf4.o glqf.o glqli.o glqfd.o glqrc.o ../common/prthdr.o ../common/d2norm.o ../common/dcopy.o ../common/deps.o ../common/derbit.o ../common/dfloat.o ../common/dgamma.o ../common/dinf.o ../common/dlog2.o ../common/dnan.o ../common/dpsi.o ../common/dstore.o ../common/dstorf.o ../common/dvsum.o ../common/isdnan.o ../common/pythag.o ../common/tql1.o ../common/trapit.o
/opt/studio9/SUNWspro/bin/f77 -g -O -I../common   -c -o tglf5.o tglf5.f
NOTICE: Invoking /opt/studio9/SUNWspro/bin/f90 -f77 -ftrap=%none -g -O -I../common -c -o tglf5.o tglf5.f
tglf5.f:
 MAIN tglf5:
/opt/studio9/SUNWspro/bin/f77 -g -O -I../common   -o tglf5 tglf5.o glqf.o glqli.o glqfd.o glqrc.o ../common/prthdr.o ../common/d2norm.o ../common/dcopy.o ../common/deps.o ../common/derbit.o ../common/dfloat.o ../common/dgamma.o ../common/dinf.o ../common/dlog2.o ../common/dnan.o ../common/dpsi.o ../common/dstore.o ../common/dstorf.o ../common/dvsum.o ../common/isdnan.o ../common/pythag.o ../common/tql1.o ../common/trapit.o
NOTICE: Invoking /opt/studio9/SUNWspro/bin/f90 -f77 -ftrap=%none -g -O -I../common -o tglf5 tglf5.o glqf.o glqli.o glqfd.o glqrc.o ../common/prthdr.o ../common/d2norm.o ../common/dcopy.o ../common/deps.o ../common/derbit.o ../common/dfloat.o ../common/dgamma.o ../common/dinf.o ../common/dlog2.o ../common/dnan.o ../common/dpsi.o ../common/dstore.o ../common/dstorf.o ../common/dvsum.o ../common/isdnan.o ../common/pythag.o ../common/tql1.o ../common/trapit.o
/opt/studio9/SUNWspro/bin/f77 -g -O -I../common   -c -o tglf6.o tglf6.f
NOTICE: Invoking /opt/studio9/SUNWspro/bin/f90 -f77 -ftrap=%none -g -O -I../common -c -o tglf6.o tglf6.f
tglf6.f:
 MAIN tglf6:
/opt/studio9/SUNWspro/bin/f77 -g -O -I../common   -o tglf6 tglf6.o glqf.o glqli.o glqfd.o glqrc.o ../common/prthdr.o ../common/d2norm.o ../common/dcopy.o ../common/deps.o ../common/derbit.o ../common/dfloat.o ../common/dgamma.o ../common/dinf.o ../common/dlog2.o ../common/dnan.o ../common/dpsi.o ../common/dstore.o ../common/dstorf.o ../common/dvsum.o ../common/isdnan.o ../common/pythag.o ../common/tql1.o ../common/trapit.o
NOTICE: Invoking /opt/studio9/SUNWspro/bin/f90 -f77 -ftrap=%none -g -O -I../common -o tglf6 tglf6.o glqf.o glqli.o glqfd.o glqrc.o ../common/prthdr.o ../common/d2norm.o ../common/dcopy.o ../common/deps.o ../common/derbit.o ../common/dfloat.o ../common/dgamma.o ../common/dinf.o ../common/dlog2.o ../common/dnan.o ../common/dpsi.o ../common/dstore.o ../common/dstorf.o ../common/dvsum.o ../common/isdnan.o ../common/pythag.o ../common/tql1.o ../common/trapit.o
/opt/studio9/SUNWspro/bin/f77 -g -O -I../common   -c -o tglfd1.o tglfd1.f
NOTICE: Invoking /opt/studio9/SUNWspro/bin/f90 -f77 -ftrap=%none -g -O -I../common -c -o tglfd1.o tglfd1.f
tglfd1.f:
 MAIN tglfd1:
/opt/studio9/SUNWspro/bin/f77 -g -O -I../common   -o tglfd1 tglfd1.o glqli.o glqfd.o glqrc.o ../common/prthdr.o ../common/d2norm.o ../common/dcopy.o ../common/deps.o ../common/derbit.o ../common/dfloat.o ../common/dgamma.o ../common/dinf.o ../common/dlog2.o ../common/dnan.o ../common/dpsi.o ../common/dstore.o ../common/dstorf.o ../common/dvsum.o ../common/isdnan.o ../common/pythag.o ../common/tql1.o ../common/trapit.o
NOTICE: Invoking /opt/studio9/SUNWspro/bin/f90 -f77 -ftrap=%none -g -O -I../common -o tglfd1 tglfd1.o glqli.o glqfd.o glqrc.o ../common/prthdr.o ../common/d2norm.o ../common/dcopy.o ../common/deps.o ../common/derbit.o ../common/dfloat.o ../common/dgamma.o ../common/dinf.o ../common/dlog2.o ../common/dnan.o ../common/dpsi.o ../common/dstore.o ../common/dstorf.o ../common/dvsum.o ../common/isdnan.o ../common/pythag.o ../common/tql1.o ../common/trapit.o
/opt/studio9/SUNWspro/bin/f77 -g -O -I../common   -c -o tglfd2.o tglfd2.f
NOTICE: Invoking /opt/studio9/SUNWspro/bin/f90 -f77 -ftrap=%none -g -O -I../common -c -o tglfd2.o tglfd2.f
tglfd2.f:
 MAIN tglfd2:
/opt/studio9/SUNWspro/bin/f77 -g -O -I../common   -o tglfd2 tglfd2.o glqli.o glqfd.o glqrc.o ../common/prthdr.o ../common/d2norm.o ../common/dcopy.o ../common/deps.o ../common/derbit.o ../common/dfloat.o ../common/dgamma.o ../common/dinf.o ../common/dlog2.o ../common/dnan.o ../common/dpsi.o ../common/dstore.o ../common/dstorf.o ../common/dvsum.o ../common/isdnan.o ../common/pythag.o ../common/tql1.o ../common/trapit.o
NOTICE: Invoking /opt/studio9/SUNWspro/bin/f90 -f77 -ftrap=%none -g -O -I../common -o tglfd2 tglfd2.o glqli.o glqfd.o glqrc.o ../common/prthdr.o ../common/d2norm.o ../common/dcopy.o ../common/deps.o ../common/derbit.o ../common/dfloat.o ../common/dgamma.o ../common/dinf.o ../common/dlog2.o ../common/dnan.o ../common/dpsi.o ../common/dstore.o ../common/dstorf.o ../common/dvsum.o ../common/isdnan.o ../common/pythag.o ../common/tql1.o ../common/trapit.o
/opt/studio9/SUNWspro/bin/f77 -g -O -I../common   -c -o tglfd3.o tglfd3.f
NOTICE: Invoking /opt/studio9/SUNWspro/bin/f90 -f77 -ftrap=%none -g -O -I../common -c -o tglfd3.o tglfd3.f
tglfd3.f:
 MAIN tglfd3:
/opt/studio9/SUNWspro/bin/f77 -g -O -I../common   -o tglfd3 tglfd3.o glqli.o glqfd.o glqrc.o ../common/prthdr.o ../common/d2norm.o ../common/dcopy.o ../common/deps.o ../common/derbit.o ../common/dfloat.o ../common/dgamma.o ../common/dinf.o ../common/dlog2.o ../common/dnan.o ../common/dpsi.o ../common/dstore.o ../common/dstorf.o ../common/dvsum.o ../common/isdnan.o ../common/pythag.o ../common/tql1.o ../common/trapit.o
NOTICE: Invoking /opt/studio9/SUNWspro/bin/f90 -f77 -ftrap=%none -g -O -I../common -o tglfd3 tglfd3.o glqli.o glqfd.o glqrc.o ../common/prthdr.o ../common/d2norm.o ../common/dcopy.o ../common/deps.o ../common/derbit.o ../common/dfloat.o ../common/dgamma.o ../common/dinf.o ../common/dlog2.o ../common/dnan.o ../common/dpsi.o ../common/dstore.o ../common/dstorf.o ../common/dvsum.o ../common/isdnan.o ../common/pythag.o ../common/tql1.o ../common/trapit.o
/opt/studio9/SUNWspro/bin/f77 -g -O -I../common   -c -o tglfd4.o tglfd4.f
NOTICE: Invoking /opt/studio9/SUNWspro/bin/f90 -f77 -ftrap=%none -g -O -I../common -c -o tglfd4.o tglfd4.f
tglfd4.f:
 MAIN tglfd4:
/opt/studio9/SUNWspro/bin/f77 -g -O -I../common   -o tglfd4 tglfd4.o glqli.o glqfd.o glqrc.o ../common/prthdr.o ../common/d2norm.o ../common/dcopy.o ../common/deps.o ../common/derbit.o ../common/dfloat.o ../common/dgamma.o ../common/dinf.o ../common/dlog2.o ../common/dnan.o ../common/dpsi.o ../common/dstore.o ../common/dstorf.o ../common/dvsum.o ../common/isdnan.o ../common/pythag.o ../common/tql1.o ../common/trapit.o
NOTICE: Invoking /opt/studio9/SUNWspro/bin/f90 -f77 -ftrap=%none -g -O -I../common -o tglfd4 tglfd4.o glqli.o glqfd.o glqrc.o ../common/prthdr.o ../common/d2norm.o ../common/dcopy.o ../common/deps.o ../common/derbit.o ../common/dfloat.o ../common/dgamma.o ../common/dinf.o ../common/dlog2.o ../common/dnan.o ../common/dpsi.o ../common/dstore.o ../common/dstorf.o ../common/dvsum.o ../common/isdnan.o ../common/pythag.o ../common/tql1.o ../common/trapit.o
/opt/studio9/SUNWspro/bin/f77 -g -O -I../common   -c -o tglfd5.o tglfd5.f
NOTICE: Invoking /opt/studio9/SUNWspro/bin/f90 -f77 -ftrap=%none -g -O -I../common -c -o tglfd5.o tglfd5.f
tglfd5.f:
 MAIN tglfd5:
/opt/studio9/SUNWspro/bin/f77 -g -O -I../common   -o tglfd5 tglfd5.o glqli.o glqfd.o glqrc.o ../common/prthdr.o ../common/d2norm.o ../common/dcopy.o ../common/deps.o ../common/derbit.o ../common/dfloat.o ../common/dgamma.o ../common/dinf.o ../common/dlog2.o ../common/dnan.o ../common/dpsi.o ../common/dstore.o ../common/dstorf.o ../common/dvsum.o ../common/isdnan.o ../common/pythag.o ../common/tql1.o ../common/trapit.o
NOTICE: Invoking /opt/studio9/SUNWspro/bin/f90 -f77 -ftrap=%none -g -O -I../common -o tglfd5 tglfd5.o glqli.o glqfd.o glqrc.o ../common/prthdr.o ../common/d2norm.o ../common/dcopy.o ../common/deps.o ../common/derbit.o ../common/dfloat.o ../common/dgamma.o ../common/dinf.o ../common/dlog2.o ../common/dnan.o ../common/dpsi.o ../common/dstore.o ../common/dstorf.o ../common/dvsum.o ../common/isdnan.o ../common/pythag.o ../common/tql1.o ../common/trapit.o
/opt/studio9/SUNWspro/bin/f77 -g -O -I../common   -c -o tglfd6.o tglfd6.f
NOTICE: Invoking /opt/studio9/SUNWspro/bin/f90 -f77 -ftrap=%none -g -O -I../common -c -o tglfd6.o tglfd6.f
tglfd6.f:
 MAIN tglfd6:
/opt/studio9/SUNWspro/bin/f77 -g -O -I../common   -o tglfd6 tglfd6.o glqli.o glqfd.o glqrc.o ../common/prthdr.o ../common/d2norm.o ../common/dcopy.o ../common/deps.o ../common/derbit.o ../common/dfloat.o ../common/dgamma.o ../common/dinf.o ../common/dlog2.o ../common/dnan.o ../common/dpsi.o ../common/dstore.o ../common/dstorf.o ../common/dvsum.o ../common/isdnan.o ../common/pythag.o ../common/tql1.o ../common/trapit.o
NOTICE: Invoking /opt/studio9/SUNWspro/bin/f90 -f77 -ftrap=%none -g -O -I../common -o tglfd6 tglfd6.o glqli.o glqfd.o glqrc.o ../common/prthdr.o ../common/d2norm.o ../common/dcopy.o ../common/deps.o ../common/derbit.o ../common/dfloat.o ../common/dgamma.o ../common/dinf.o ../common/dlog2.o ../common/dnan.o ../common/dpsi.o ../common/dstore.o ../common/dstorf.o ../common/dvsum.o ../common/isdnan.o ../common/pythag.o ../common/tql1.o ../common/trapit.o
============================== Making all in common
ar -r ../libgjl.a d2norm.o dcopy.o deps.o derbit.o dfloat.o dfpmax.o dgamma.o dinf.o diran.o dlgam.o dlog2.o dnan.o dpsi.o dpsiln.o dran.o dstore.o dstorf.o dvsum.o ffalse.o ftrue.o getnan.o idceil.o isdinf.o isdnan.o pythag.o tql1.o
ranlib ../libgjl.a || true
ar -r ../libgjl.a aeps.o afpmax.o ainf.o airan.o algam.o alog2.o anan.o astore.o astorf.o avsum.o gamma.o iceil.o isainf.o isanan.o psi.o psiln.o ran.o
ranlib ../libgjl.a || true
102.35u 52.79s 8:10.11 31.6%
for subdir in man gampsi jacobi laguerre common ; do echo ============================== Making check-dp in $subdir ; ( cd $subdir && make  prefix=/usr/local FWARN="" FOPT="-O" check-dp ) ; done
============================== Making check-dp in man
There is no validation suite in this directory
============================== Making check-dp in gampsi
========================================================================
WARNING: This seems to be the slim package distribution without the
extensive validation suite. You must test the package on your own!
========================================================================
============================== Making check-dp in jacobi
(cd ../common; make lib-dp)
ar -r ../libgjl.a d2norm.o dcopy.o deps.o derbit.o dfloat.o dfpmax.o dgamma.o dinf.o diran.o dlgam.o dlog2.o dnan.o dpsi.o dpsiln.o dran.o dstore.o dstorf.o dvsum.o ffalse.o ftrue.o getnan.o idceil.o isdinf.o isdnan.o pythag.o tql1.o
ranlib ../libgjl.a || true
ar -r ../libgjl.a gjqf.o gjqfd.o gjqli.o gjqrc.o
ranlib ../libgjl.a || true
========================================================================
WARNING: This seems to be the slim package distribution without the
extensive validation suite: running the quick demos instead.
========================================================================
========================================================================
The demonstration programs demgjq and demqgjq read a single free-format
line of data on standard input with the four numeric values

        alpha beta nquad pmax

where

        alpha = power of (1-x) in Jacobi weight function
        beta  = power of (1+x) in Jacobi weight function
        nquad = quadrature order
        pmax  = maximum power of (1-x) in test function

In the demonstration targets, these values are supplied by a simple
echo command embedded in the Makefile.  Results are written to standard
output.
========================================================================
(cd ../common; make lib-dp)
ar -r ../libgjl.a d2norm.o dcopy.o deps.o derbit.o dfloat.o dfpmax.o dgamma.o dinf.o diran.o dlgam.o dlog2.o dnan.o dpsi.o dpsiln.o dran.o dstore.o dstorf.o dvsum.o ffalse.o ftrue.o getnan.o idceil.o isdinf.o isdnan.o pythag.o tql1.o
ranlib ../libgjl.a || true
ar -r ../libgjl.a gjqf.o gjqfd.o gjqli.o gjqrc.o
ranlib ../libgjl.a || true
/opt/studio9/SUNWspro/bin/f77 -g -O -I../common   -c -o demgjq.o demgjq.f
NOTICE: Invoking /opt/studio9/SUNWspro/bin/f90 -f77 -ftrap=%none -g -O -I../common -c -o demgjq.o demgjq.f
demgjq.f:
 MAIN demgjq:
	pad:
/opt/studio9/SUNWspro/bin/f77 -g -O -I../common   -o demgjq demgjq.o -R/usr/local/lib -L/usr/local/lib ../libgjl.a
NOTICE: Invoking /opt/studio9/SUNWspro/bin/f90 -f77 -ftrap=%none -g -O -I../common -o demgjq demgjq.o -R/usr/local/lib -L/usr/local/lib ../libgjl.a

This output file should closely match results in Table 2 of the paper
Efficient High-Accuracy Quadrature for Two Classes of Logarithmic
Weight Functions

echo -0.9375 -0.9375 20 40 | ./demgjq > test/demgjq.out 2>/dev/null
-rw-rw-r--  1 beebe staff 28900 Jun 10 11:31 test/demgjq.out

Correct output from the development site is available here:

-r--r--r--  1 beebe staff 28900 Nov 12  2003 test/okay/demgjq.out


This output file must reproduce the Gauss-Legendre n=96 section
of Table 25.4 of Abramowitz and Stegen, Handbook of Mathematical
Functions, NBS #55, p. 919

echo 0 0 96 0 | ./demgjq > test/demgjq.nbs 2>/dev/null
-rw-rw-r--  1 beebe staff 43329 Jun 10 11:31 test/demgjq.nbs

Correct output from the development site is available here:

-r--r--r--  1 beebe staff 43329 Dec  4  2003 test/okay/demgjq.nbs


The final tables in these output files must reproduce the values in the
literature citations therein:

echo 0 -0.5 99 0 | ./demgjq > test/demgjq.ls1 2>/dev/null
echo 0  0.0 99 0 | ./demgjq > test/demgjq.ls2 2>/dev/null
echo 0 +0.5 99 0 | ./demgjq > test/demgjq.ls3 2>/dev/null
echo -0.5 -0.5 1 0 | ./demgjq > test/demgjq.ls4 2>/dev/null
echo +0.5 +0.5 1 0 | ./demgjq > test/demgjq.ls5 2>/dev/null
echo +1.0 +1.0 1 0 | ./demgjq > test/demgjq.ls6 2>/dev/null
echo +1.5 +1.5 1 0 | ./demgjq > test/demgjq.ls7 2>/dev/null

-rw-rw-r--  1 beebe staff 44586 Jun 10 11:31 test/demgjq.ls1
-rw-rw-r--  1 beebe staff 44586 Jun 10 11:31 test/demgjq.ls2
-rw-rw-r--  1 beebe staff 44586 Jun 10 11:31 test/demgjq.ls3
-rw-rw-r--  1 beebe staff 20618 Jun 10 11:31 test/demgjq.ls4
-rw-rw-r--  1 beebe staff 20618 Jun 10 11:31 test/demgjq.ls5
-rw-rw-r--  1 beebe staff 20618 Jun 10 11:31 test/demgjq.ls6
-rw-rw-r--  1 beebe staff 20618 Jun 10 11:31 test/demgjq.ls7

Correct output from the development site is available here:

-r--r--r--  1 beebe staff 44586 Dec  4  2003 test/okay/demgjq.ls1
-r--r--r--  1 beebe staff 44586 Dec  4  2003 test/okay/demgjq.ls2
-r--r--r--  1 beebe staff 44586 Dec  4  2003 test/okay/demgjq.ls3
-r--r--r--  1 beebe staff 20617 Dec 11 15:52 test/okay/demgjq.ls4
-r--r--r--  1 beebe staff 20617 Dec 11 15:52 test/okay/demgjq.ls5
-r--r--r--  1 beebe staff 20617 Dec 11 15:52 test/okay/demgjq.ls6
-r--r--r--  1 beebe staff 20617 Dec 11 15:52 test/okay/demgjq.ls7

============================== Making check-dp in laguerre
(cd ../common; make lib-dp)
ar -r ../libgjl.a d2norm.o dcopy.o deps.o derbit.o dfloat.o dfpmax.o dgamma.o dinf.o diran.o dlgam.o dlog2.o dnan.o dpsi.o dpsiln.o dran.o dstore.o dstorf.o dvsum.o ffalse.o ftrue.o getnan.o idceil.o isdinf.o isdnan.o pythag.o tql1.o
ranlib ../libgjl.a || true
ar -r ../libgjl.a glqf.o glqfd.o glqli.o glqrc.o
ranlib ../libgjl.a || true
========================================================================
WARNING: This seems to be the slim package distribution without the
extensive validation suite: running the quick demos instead.
========================================================================
========================================================================
The demonstration programs demglq and demqglq read a single free-format
line of data on standard input with the three numeric values

        alpha nquad pmax

where

        alpha = power of x in Laguerre weight function
        nquad = quadrature order
        pmax  = maximum power of x in test function

In the demonstration targets, these values are supplied by a simple
echo command embedded in the Makefile.  Results are written to standard
output.
========================================================================
(cd ../common; make lib-dp)
ar -r ../libgjl.a d2norm.o dcopy.o deps.o derbit.o dfloat.o dfpmax.o dgamma.o dinf.o diran.o dlgam.o dlog2.o dnan.o dpsi.o dpsiln.o dran.o dstore.o dstorf.o dvsum.o ffalse.o ftrue.o getnan.o idceil.o isdinf.o isdnan.o pythag.o tql1.o
ranlib ../libgjl.a || true
ar -r ../libgjl.a glqf.o glqfd.o glqli.o glqrc.o
ranlib ../libgjl.a || true
/opt/studio9/SUNWspro/bin/f77 -g -O -I../common   -c -o demglq.o demglq.f
NOTICE: Invoking /opt/studio9/SUNWspro/bin/f90 -f77 -ftrap=%none -g -O -I../common -c -o demglq.o demglq.f
demglq.f:
 MAIN demglq:
	pad:
/opt/studio9/SUNWspro/bin/f77 -g -O -I../common   -o demglq demglq.o -R/usr/local/lib -L/usr/local/lib ../libgjl.a
NOTICE: Invoking /opt/studio9/SUNWspro/bin/f90 -f77 -ftrap=%none -g -O -I../common -o demglq demglq.o -R/usr/local/lib -L/usr/local/lib ../libgjl.a

This output file should closely match results in Table 1 of the paper
Efficient High-Accuracy Quadrature for Two Classes of Logarithmic
Weight Functions

echo -0.9375 20 40 | ./demglq > test/demglq.out
-rw-rw-r--  1 beebe staff 29360 Jun 10 11:32 test/demglq.out

Correct output from the development site is available here:

-r--r--r--  1 beebe staff 29360 Nov 12  2003 test/okay/demglq.out


This output file must reproduce the Gauss-Laguerre n=15 section
of Table 25.9 of Abramowitz and Stegen, Handbook of Mathematical
Functions, NBS #55, p. 923

echo 0 15 0 | ./demglq > test/demglq.nbs
-rw-rw-r--  1 beebe staff 82846 Jun 10 11:32 test/demglq.nbs

Correct output from the development site is available here:

-r--r--r--  1 beebe staff 82846 Dec 11 16:00 test/okay/demglq.nbs

============================== Making check-dp in common
ar -r ../libgjl.a d2norm.o dcopy.o deps.o derbit.o dfloat.o dfpmax.o dgamma.o dinf.o diran.o dlgam.o dlog2.o dnan.o dpsi.o dpsiln.o dran.o dstore.o dstorf.o dvsum.o ffalse.o ftrue.o getnan.o idceil.o isdinf.o isdnan.o pythag.o tql1.o
ranlib ../libgjl.a || true
ar -r ../libgjl.a aeps.o afpmax.o ainf.o airan.o algam.o alog2.o anan.o astore.o astorf.o avsum.o gamma.o iceil.o isainf.o isanan.o psi.o psiln.o ran.o
ranlib ../libgjl.a || true
There is no validation suite in this directory
21.36u 11.00s 1:52.90 28.6%
============================================================
Disk free report for /local/build/f77/quadlog-gampsi-slim:
			Filesystem           1K-blocks      Used Available Use% Mounted on
			/dev/dsk/c0t1d0s0     33209540   5857400  27020045  18% /
Remote date:            2004.06.10.11.32.42
/usr/local/bin/.: Permission denied.
Build directory:        /a/suncore2/export/home/0077/sy/beebe
System status:           11:32am  up 29 day(s), 23:02,  4 users,  load average: 5.00, 5.20, 4.07
============================================================
