============================================================
/usr/local/bin/.: Permission denied.
Machinetype:            Sun Ultra Enterprise 450/400 (4 CPUs, 400 MHz);  Solaris 2.7
System status:            5:27pm  up 18 day(s), 15:26,  2 users,  load average: 0.71, 0.25, 0.14
Remote c89 version:     cc: WorkShop Compilers 5.0 98/12/15 C 5.0
Remote cc version:      cc: WorkShop Compilers 5.0 98/12/15 C 5.0
Remote CC version:      CC: WorkShop Compilers 5.0 98/12/15 C++ 5.0
Remote lcc version:     lcc version 4.1.beta.9 [11-May-2001]
Package:                quadlog-gampsi
Archive:                /a/suncore0/export/home/0077/sy/beebe/build//quadlog-gampsi.tar.gz
Date:                   2004.03.19.17.27.05
Local user:             beebe
Local host:             psi.math.utah.edu
Local log directory:    /a/suncore0/export/home/0077/sy/beebe/build/logs/quadlog-gampsi
Local log file:         quadlog-gampsi.nova.physics.utah.edu.2004.03.19.17.27.05.log
Remote user:            beebe
Remote host:            nova.physics.utah.edu
Remote directory:       /local/build/f90
Remote date:            2004.03.19.17.27.17
Remote uname:           SunOS nova.physics.utah.edu 5.7 Generic_106541-24 sun4u sparc SUNW,Ultra-4 Solaris
Remote gcc version:     2.95.3
Remote g++ version:     2.95.3
Remote gcc3 version:    gcc3: Command not found.
Remote g++3 version:    g++3: Command not found.
Configure environment:  CC=cc CFLAGS=-I/usr/local/include CXX=CC CXXFLAGS=-I/usr/local/include FC=f90 F77=f90 LDFLAGS="-R/usr/local/lib -L/usr/local/lib" 
Extra environment:      
Configure flags:        
Make all targets:       all all-qp
Make check targets:     check
Disk free report for /local/build/f90:
			Filesystem           1K-blocks      Used Available Use% Mounted on
			/dev/md/dsk/d0        35211234  33851711   1007411  98% /export/nova
Environment:
			AB2_DEFAULTSERVER=http://suncore.math.utah.edu:8888/
			ARCH_TYPE=sun4u
			DISPLAY=localhost:14.0
			DVIPSHEADERS=.:/usr/local/lib/tex/ps:/usr/local/lib/tex/fonts/ps:/usr/local/lib/tex/fonts/vf:/usr/local/lib/tex/fonts/old/vf:/usr/local/lib/tex/fonts/postscript/cmpsfont/pfb
			EDITOR=/usr/local/bin/emacs
			GROUP=staff
			GUIDEHOME=/opt/SUNWguide
			HELPPATH=/usr/openwin/lib/locale:/usr/openwin/lib/help:/usr/local/lib/help
			HOME=/u/admin/beebe
			HOST=nova.physics.utah.edu
			HOSTALIAS=nova
			HOSTTYPE=sun4
			ICAROOT=/usr/plocal/sun/lib/ICAClient
			INDOMAIN=physics.utah.edu
			INFO=/usr/local/plot79
			LD_LIBRARY_PATH=/usr/local/lib/X11:/usr/local/lib:/usr/openwin/lib:/usr/dt/lib:/usr/local/X11R5/lib
			LOGNAME=beebe
			MACHINE_TYPE=SunOSsun4u
			MACHTYPE=sparc
			MAIL=/var/mail//beebe
			MANPATH=/usr/share/man:/usr/openwin/share/man:/opt/SUNWspro/FileMerge/man:/opt/SUNWspro/man:/opt/SUNWspro/swmgr/man:/usr/local/man:/usr/local/X11R5/man
			MFINPUTS=.:/usr/local/lib/mf/macros:/usr/local/lib/mf/cm:/usr/local/lib/mf
			MOTIFHOME=/usr/dt
			NCARG_ROOT=/usr/local/ncar
			NNTPSERVER=news.cc.utah.edu
			OPENWINHOME=/usr/openwin
			OSTYPE=solaris
			OS_RELEASE=5.7
			OS_TYPE=SunOS
			OS_VERSION=Generic_106541-24
			PATH=/usr/local/bin:/usr/local/sbin:/bin:/usr/ccs/bin:/opt/SUNWspro/bin:/local/bin:/u/admin/beebe/bin:/usr/plocal/bin:/usr/local/bin/X11:/usr/openwin/bin:/usr/dt/bin:/usr/local/pbmplus:/usr/local/X11R5/bin:/usr/local/plot79:/usr/local/java/bin:/usr/local/hotjava/bin:/usr/ucb:/usr/sbin:/sbin:/usr/local/etc:/etc:/usr/plocal/sun/bin:.:/usr/proc/bin
			PLT=/usr/local/plot79
			PVM_ROOT=/usr/local/pvm3
			PWD=/u/admin/beebe
			SHELL=/bin/tcsh
			SHLVL=1
			SSH_CLIENT=128.110.198.32 49787 22
			SSH_CONNECTION=128.110.198.32 49787 128.110.200.143 22
			TERM=unknown
			TEXCONFIG=.:/usr/local/lib/tex/ps:/usr/local/lib/tex/fonts/vf:/usr/local/lib/tex/fonts/old/vf
			TEXFONTS=/usr/local/lib/tex/fonts/cm/600dpi:/usr/local/lib/tex/fonts/cm/tfms:/usr/local/lib/tex/ams/amspsfnt/tfms:/usr/local/lib/tex/ams/amspsfnt/pfb:/usr/local/lib/tex/ams/amsfonts/pk-files/600dpi:/usr/local/lib/tex/ams/amsfonts/pk-files/300dpi:/usr/local/lib/tex/fonts/pandora/600dpi:/usr/local/lib/tex/fonts/pandora/tfms:/usr/local/lib/tex/fonts/concrete/600dpi:/usr/local/lib/tex/fonts/concrete/tfms:/usr/local/lib/tex/fonts/greek:/usr/local/lib/tex/lamstex/mf:/usr/local/lib/tex/fonts/pk/tfms:/usr/local/lib/tex/fonts/pk/600dpi:/usr/local/lib/tex/fonts/pk/300dpi:/usr/local/lib/tex/fonts/ps:/usr/local/lib/tex/latex2e/fonts:/usr/local/lib/tex/fonts/vf:/usr/local/lib/tex/fonts/old/vf:/usr/local/lib/tex/musictex/pk/600dpi:/usr/local/lib/tex/musictex/pk/tfms:/usr/local/lib/tex/fonts/cmcyr/600dpi:/usr/local/lib/tex/fonts/ec/600dpi:/usr/local/lib/tex/fonts/ec/tfms:/usr/local/lib/tex/fonts/ecc/600dpi:/usr/local/lib/tex/fonts/ecc/tfms:/usr/local/lib/tex/fonts/ams
			TEXINPUTS=.:/usr/local/lib/tex/inputs:/usr/local/lib/tex/fonts/ps:/usr/local/lib/tex/latex:/usr/local/lib/tex/ams/amstex:/usr/local/lib/tex/ams/amstex/doc:/usr/local/lib/tex/ams/amslatex/inputs:/usr/local/lib/tex/bibtex:/usr/local/lib/tex/fonts/ap/300dpi:/usr/local/lib/tex/tugboat:/usr/local/lib/tex/lamstex/inputs:/usr/local/lib/tex/siam:/usr/local/lib/tex/ps:/usr/local/lib/tex/fonts/pandora
			TEXPKS=/usr/local/lib/tex/fonts/cm/600dpi:/usr/local/lib/tex/fonts/cm/tfms:/usr/local/lib/tex/ams/amspsfnt/tfms:/usr/local/lib/tex/ams/amspsfnt/pfb:/usr/local/lib/tex/ams/amsfonts/pk-files/600dpi:/usr/local/lib/tex/ams/amsfonts/pk-files/300dpi:/usr/local/lib/tex/fonts/pandora/600dpi:/usr/local/lib/tex/fonts/pandora/tfms:/usr/local/lib/tex/fonts/concrete/600dpi:/usr/local/lib/tex/fonts/concrete/tfms:/usr/local/lib/tex/fonts/greek:/usr/local/lib/tex/lamstex/mf:/usr/local/lib/tex/fonts/pk/tfms:/usr/local/lib/tex/fonts/pk/600dpi:/usr/local/lib/tex/fonts/pk/300dpi:/usr/local/lib/tex/fonts/ps:/usr/local/lib/tex/latex2e/fonts:/usr/local/lib/tex/fonts/vf:/usr/local/lib/tex/fonts/old/vf:/usr/local/lib/tex/musictex/pk/600dpi:/usr/local/lib/tex/musictex/pk/tfms:/usr/local/lib/tex/fonts/cmcyr/600dpi:/usr/local/lib/tex/fonts/ec/600dpi:/usr/local/lib/tex/fonts/ec/tfms:/usr/local/lib/tex/fonts/ecc/600dpi:/usr/local/lib/tex/fonts/ecc/tfms:/usr/local/lib/tex/fonts/ams
			TZ=US/Mountain
			USER=beebe
			VENDOR=sun
			VFFONTS=.:/usr/local/lib/tex/latex2e/fonts:/usr/local/lib/tex/fonts/vf:/usr/local/lib/tex/fonts/old/vf:/usr/local/lib/tex/fonts/fontinst/contrib/helminck:/usr/local/lib/tex/fonts/malvern/vf:/usr/local/lib/tex/fonts/mathtime
			WWW_HOME=http://www.physics.utah.edu/
			XKEYSYMDB=/usr/local/lib/netscape/XKeysymDB
			YPDOMAIN=yp.physics.utah.edu
			prefix=/usr/local
============================================================
configure: creating ./config.status
config.status: creating Makefile
configure: configuring in common
configure: running /bin/sh './configure'  --cache-file=/dev/null --srcdir=.
checking for gcc... cc
checking for C compiler default output file name... a.out
checking whether the C compiler works... yes
checking whether we are cross compiling... no
checking for suffix of executables... 
checking for suffix of object files... o
checking whether we are using the GNU C compiler... no
checking whether cc accepts -g... yes
checking for cc option to accept ANSI C... none needed
checking whether we are using the GNU Fortran 77 compiler... no
checking whether f90 accepts -g... yes
checking for autoconf... autoconf
configure: creating ./config.status
config.status: creating Makefile
configure: configuring in gampsi
configure: running /bin/sh './configure'  --cache-file=/dev/null --srcdir=.
checking for gcc... cc
checking for C compiler default output file name... a.out
checking whether the C compiler works... yes
checking whether we are cross compiling... no
checking for suffix of executables... 
checking for suffix of object files... o
checking whether we are using the GNU C compiler... no
checking whether cc accepts -g... yes
checking for cc option to accept ANSI C... none needed
checking whether we are using the GNU Fortran 77 compiler... no
checking whether f90 accepts -g... yes
checking for autoconf... autoconf
checking for gzip... gzip
checking for tar... tar
configure: creating ./config.status
config.status: creating Makefile
configure: configuring in jacobi
configure: running /bin/sh './configure'  --cache-file=/dev/null --srcdir=.
checking for gcc... cc
checking for C compiler default output file name... a.out
checking whether the C compiler works... yes
checking whether we are cross compiling... no
checking for suffix of executables... 
checking for suffix of object files... o
checking whether we are using the GNU C compiler... no
checking whether cc accepts -g... yes
checking for cc option to accept ANSI C... none needed
checking whether we are using the GNU Fortran 77 compiler... no
checking whether f90 accepts -g... yes
checking for autoconf... autoconf
configure: creating ./config.status
config.status: creating Makefile
configure: configuring in laguerre
configure: running /bin/sh './configure'  --cache-file=/dev/null --srcdir=.
checking for gcc... cc
checking for C compiler default output file name... a.out
checking whether the C compiler works... yes
checking whether we are cross compiling... no
checking for suffix of executables... 
checking for suffix of object files... o
checking whether we are using the GNU C compiler... no
checking whether cc accepts -g... yes
checking for cc option to accept ANSI C... none needed
checking whether we are using the GNU Fortran 77 compiler... no
checking whether f90 accepts -g... yes
checking for autoconf... autoconf
checking if -lm needed for math functions... yes
checking if -lsunmath needed for aint()... no
configure: creating ./config.status
config.status: creating Makefile
configure: configuring in man
configure: running /bin/sh './configure'  --cache-file=/dev/null --srcdir=.
checking for autoconf... autoconf
checking for deroff... deroff
checking for ps2pdf... ps2pdf
checking for man2html... man2html
configure: creating ./config.status
config.status: creating Makefile
10.13user 17.49system 0:48.78elapsed 56%CPU (0avgtext+0avgdata 0maxresident)k
0inputs+0outputs (0major+0minor)pagefaults 0swaps
(cd common && make  prefix=/usr/local FWARN="" FOPT="-O" all )
f90 -g -O   -ftrap=%none  -c -o d2norm.o d2norm.f
WARNING: The scalar optimization level should be 0 since the debugging level is 0.

f90: COMPILE TIME 0.030000 SECONDS
f90: MAXIMUM FIELD LENGTH 1773354 DECIMAL WORDS
f90: 29 SOURCE LINES
f90: 0 ERRORS, 1 WARNINGS, 0 OTHER MESSAGES, 0 ANSI
f90: CODE: 0 WORDS, DATA: 0 WORDS
f90 -g -O   -ftrap=%none  -c -o dcopy.o dcopy.f
WARNING: The scalar optimization level should be 0 since the debugging level is 0.

f90: COMPILE TIME 0.050000 SECONDS
f90: MAXIMUM FIELD LENGTH 1773354 DECIMAL WORDS
f90: 71 SOURCE LINES
f90: 0 ERRORS, 1 WARNINGS, 0 OTHER MESSAGES, 0 ANSI
f90: CODE: 0 WORDS, DATA: 0 WORDS
f90 -g -O   -ftrap=%none  -c -o deps.o deps.f
WARNING: The scalar optimization level should be 0 since the debugging level is 0.

f90: COMPILE TIME 0.030000 SECONDS
f90: MAXIMUM FIELD LENGTH 1773354 DECIMAL WORDS
f90: 36 SOURCE LINES
f90: 0 ERRORS, 1 WARNINGS, 0 OTHER MESSAGES, 0 ANSI
f90: CODE: 0 WORDS, DATA: 0 WORDS
f90 -g -O   -ftrap=%none  -c -o derbit.o derbit.f
WARNING: The scalar optimization level should be 0 since the debugging level is 0.

f90: COMPILE TIME 0.020000 SECONDS
f90: MAXIMUM FIELD LENGTH 1773354 DECIMAL WORDS
f90: 30 SOURCE LINES
f90: 0 ERRORS, 1 WARNINGS, 0 OTHER MESSAGES, 0 ANSI
f90: CODE: 0 WORDS, DATA: 0 WORDS
f90 -g -O   -ftrap=%none  -c -o dfloat.o dfloat.f
WARNING: The scalar optimization level should be 0 since the debugging level is 0.

f90: COMPILE TIME 0.030000 SECONDS
f90: MAXIMUM FIELD LENGTH 1773354 DECIMAL WORDS
f90: 15 SOURCE LINES
f90: 0 ERRORS, 1 WARNINGS, 0 OTHER MESSAGES, 0 ANSI
f90: CODE: 0 WORDS, DATA: 0 WORDS
f90 -g -O   -ftrap=%none  -c -o dfpmax.o dfpmax.f
WARNING: The scalar optimization level should be 0 since the debugging level is 0.

f90: COMPILE TIME 0.030000 SECONDS
f90: MAXIMUM FIELD LENGTH 1773354 DECIMAL WORDS
f90: 73 SOURCE LINES
f90: 0 ERRORS, 1 WARNINGS, 0 OTHER MESSAGES, 0 ANSI
f90: CODE: 0 WORDS, DATA: 0 WORDS
f90 -g -O   -ftrap=%none  -c -o dgamma.o dgamma.f
WARNING: The scalar optimization level should be 0 since the debugging level is 0.

f90: COMPILE TIME 0.070000 SECONDS
f90: MAXIMUM FIELD LENGTH 1775402 DECIMAL WORDS
f90: 468 SOURCE LINES
f90: 0 ERRORS, 1 WARNINGS, 0 OTHER MESSAGES, 0 ANSI
f90: CODE: 0 WORDS, DATA: 0 WORDS
f90 -g -O   -ftrap=%none  -c -o dinf.o dinf.f
WARNING: The scalar optimization level should be 0 since the debugging level is 0.

f90: COMPILE TIME 0.030000 SECONDS
f90: MAXIMUM FIELD LENGTH 1773354 DECIMAL WORDS
f90: 42 SOURCE LINES
f90: 0 ERRORS, 1 WARNINGS, 0 OTHER MESSAGES, 0 ANSI
f90: CODE: 0 WORDS, DATA: 0 WORDS
f90 -g -O   -ftrap=%none  -c -o diran.o diran.f
WARNING: The scalar optimization level should be 0 since the debugging level is 0.

f90: COMPILE TIME 0.040000 SECONDS
f90: MAXIMUM FIELD LENGTH 1773354 DECIMAL WORDS
f90: 49 SOURCE LINES
f90: 0 ERRORS, 1 WARNINGS, 0 OTHER MESSAGES, 0 ANSI
f90: CODE: 0 WORDS, DATA: 0 WORDS
f90 -g -O   -ftrap=%none  -c -o dlgam.o dlgam.f
WARNING: The scalar optimization level should be 0 since the debugging level is 0.

f90: COMPILE TIME 0.050000 SECONDS
f90: MAXIMUM FIELD LENGTH 1775402 DECIMAL WORDS
f90: 170 SOURCE LINES
f90: 0 ERRORS, 1 WARNINGS, 0 OTHER MESSAGES, 0 ANSI
f90: CODE: 0 WORDS, DATA: 0 WORDS
f90 -g -O   -ftrap=%none  -c -o dlog2.o dlog2.f
WARNING: The scalar optimization level should be 0 since the debugging level is 0.

f90: COMPILE TIME 0.030000 SECONDS
f90: MAXIMUM FIELD LENGTH 1775402 DECIMAL WORDS
f90: 58 SOURCE LINES
f90: 0 ERRORS, 1 WARNINGS, 0 OTHER MESSAGES, 0 ANSI
f90: CODE: 0 WORDS, DATA: 0 WORDS
f90 -g -O   -ftrap=%none  -c -o dnan.o dnan.f
WARNING: The scalar optimization level should be 0 since the debugging level is 0.

f90: COMPILE TIME 0.030000 SECONDS
f90: MAXIMUM FIELD LENGTH 1773354 DECIMAL WORDS
f90: 26 SOURCE LINES
f90: 0 ERRORS, 1 WARNINGS, 0 OTHER MESSAGES, 0 ANSI
f90: CODE: 0 WORDS, DATA: 0 WORDS
f90 -g -O   -ftrap=%none  -c -o dpsi.o dpsi.f
WARNING: The scalar optimization level should be 0 since the debugging level is 0.

f90: COMPILE TIME 0.050000 SECONDS
f90: MAXIMUM FIELD LENGTH 1775402 DECIMAL WORDS
f90: 441 SOURCE LINES
f90: 0 ERRORS, 1 WARNINGS, 0 OTHER MESSAGES, 0 ANSI
f90: CODE: 0 WORDS, DATA: 0 WORDS
f90 -g -O   -ftrap=%none  -c -o dpsiln.o dpsiln.f
WARNING: The scalar optimization level should be 0 since the debugging level is 0.

f90: COMPILE TIME 0.050000 SECONDS
f90: MAXIMUM FIELD LENGTH 1775402 DECIMAL WORDS
f90: 203 SOURCE LINES
f90: 0 ERRORS, 1 WARNINGS, 0 OTHER MESSAGES, 0 ANSI
f90: CODE: 0 WORDS, DATA: 0 WORDS
f90 -g -O   -ftrap=%none  -c -o dran.o dran.f
WARNING: The scalar optimization level should be 0 since the debugging level is 0.

f90: COMPILE TIME 0.020000 SECONDS
f90: MAXIMUM FIELD LENGTH 1773354 DECIMAL WORDS
f90: 90 SOURCE LINES
f90: 0 ERRORS, 1 WARNINGS, 0 OTHER MESSAGES, 0 ANSI
f90: CODE: 0 WORDS, DATA: 0 WORDS
f90 -g -O   -ftrap=%none  -c -o dstore.o dstore.f
WARNING: The scalar optimization level should be 0 since the debugging level is 0.

f90: COMPILE TIME 0.030000 SECONDS
f90: MAXIMUM FIELD LENGTH 1773354 DECIMAL WORDS
f90: 16 SOURCE LINES
f90: 0 ERRORS, 1 WARNINGS, 0 OTHER MESSAGES, 0 ANSI
f90: CODE: 0 WORDS, DATA: 0 WORDS
f90 -g -O   -ftrap=%none  -c -o dstorf.o dstorf.f
WARNING: The scalar optimization level should be 0 since the debugging level is 0.

f90: COMPILE TIME 0.030000 SECONDS
f90: MAXIMUM FIELD LENGTH 1773354 DECIMAL WORDS
f90: 19 SOURCE LINES
f90: 0 ERRORS, 1 WARNINGS, 0 OTHER MESSAGES, 0 ANSI
f90: CODE: 0 WORDS, DATA: 0 WORDS
f90 -g -O   -ftrap=%none  -c -o dvsum.o dvsum.f
WARNING: The scalar optimization level should be 0 since the debugging level is 0.

f90: COMPILE TIME 0.040000 SECONDS
f90: MAXIMUM FIELD LENGTH 1773354 DECIMAL WORDS
f90: 35 SOURCE LINES
f90: 0 ERRORS, 1 WARNINGS, 0 OTHER MESSAGES, 0 ANSI
f90: CODE: 0 WORDS, DATA: 0 WORDS
f90 -g -O   -ftrap=%none  -c -o ffalse.o ffalse.f
WARNING: The scalar optimization level should be 0 since the debugging level is 0.

f90: COMPILE TIME 0.030000 SECONDS
f90: MAXIMUM FIELD LENGTH 1773354 DECIMAL WORDS
f90: 12 SOURCE LINES
f90: 0 ERRORS, 1 WARNINGS, 0 OTHER MESSAGES, 0 ANSI
f90: CODE: 0 WORDS, DATA: 0 WORDS
f90 -g -O   -ftrap=%none  -c -o ftrue.o ftrue.f
WARNING: The scalar optimization level should be 0 since the debugging level is 0.

f90: COMPILE TIME 0.020000 SECONDS
f90: MAXIMUM FIELD LENGTH 1773354 DECIMAL WORDS
f90: 12 SOURCE LINES
f90: 0 ERRORS, 1 WARNINGS, 0 OTHER MESSAGES, 0 ANSI
f90: CODE: 0 WORDS, DATA: 0 WORDS
f90 -g -O   -ftrap=%none  -c -o getnan.o getnan.f
WARNING: The scalar optimization level should be 0 since the debugging level is 0.

f90: COMPILE TIME 0.040000 SECONDS
f90: MAXIMUM FIELD LENGTH 1773354 DECIMAL WORDS
f90: 81 SOURCE LINES
f90: 0 ERRORS, 1 WARNINGS, 0 OTHER MESSAGES, 0 ANSI
f90: CODE: 0 WORDS, DATA: 0 WORDS
f90 -g -O   -ftrap=%none  -c -o idceil.o idceil.f
WARNING: The scalar optimization level should be 0 since the debugging level is 0.

f90: COMPILE TIME 0.040000 SECONDS
f90: MAXIMUM FIELD LENGTH 1773354 DECIMAL WORDS
f90: 20 SOURCE LINES
f90: 0 ERRORS, 1 WARNINGS, 0 OTHER MESSAGES, 0 ANSI
f90: CODE: 0 WORDS, DATA: 0 WORDS
f90 -g -O   -ftrap=%none  -c -o isdinf.o isdinf.f
WARNING: The scalar optimization level should be 0 since the debugging level is 0.

f90: COMPILE TIME 0.030000 SECONDS
f90: MAXIMUM FIELD LENGTH 1773354 DECIMAL WORDS
f90: 19 SOURCE LINES
f90: 0 ERRORS, 1 WARNINGS, 0 OTHER MESSAGES, 0 ANSI
f90: CODE: 0 WORDS, DATA: 0 WORDS
f90 -g -O   -ftrap=%none  -c -o isdnan.o isdnan.f
WARNING: The scalar optimization level should be 0 since the debugging level is 0.

f90: COMPILE TIME 0.030000 SECONDS
f90: MAXIMUM FIELD LENGTH 1773354 DECIMAL WORDS
f90: 59 SOURCE LINES
f90: 0 ERRORS, 1 WARNINGS, 0 OTHER MESSAGES, 0 ANSI
f90: CODE: 0 WORDS, DATA: 0 WORDS
f90 -g -O   -ftrap=%none  -c -o pythag.o pythag.f
WARNING: The scalar optimization level should be 0 since the debugging level is 0.

f90: COMPILE TIME 0.030000 SECONDS
f90: MAXIMUM FIELD LENGTH 1773354 DECIMAL WORDS
f90: 57 SOURCE LINES
f90: 0 ERRORS, 1 WARNINGS, 0 OTHER MESSAGES, 0 ANSI
f90: CODE: 0 WORDS, DATA: 0 WORDS
f90 -g -O   -ftrap=%none  -c -o tql1.o tql1.f
WARNING: The scalar optimization level should be 0 since the debugging level is 0.

f90: COMPILE TIME 0.060000 SECONDS
f90: MAXIMUM FIELD LENGTH 1773354 DECIMAL WORDS
f90: 183 SOURCE LINES
f90: 0 ERRORS, 1 WARNINGS, 0 OTHER MESSAGES, 0 ANSI
f90: CODE: 0 WORDS, DATA: 0 WORDS
ar -r ../libgjl.a d2norm.o dcopy.o deps.o derbit.o dfloat.o dfpmax.o dgamma.o dinf.o diran.o dlgam.o dlog2.o dnan.o dpsi.o dpsiln.o dran.o dstore.o dstorf.o dvsum.o ffalse.o ftrue.o getnan.o idceil.o isdinf.o isdnan.o pythag.o tql1.o
ranlib ../libgjl.a || true
f90 -g -O   -ftrap=%none  -c -o aeps.o aeps.f
WARNING: The scalar optimization level should be 0 since the debugging level is 0.

f90: COMPILE TIME 0.040000 SECONDS
f90: MAXIMUM FIELD LENGTH 1773354 DECIMAL WORDS
f90: 36 SOURCE LINES
f90: 0 ERRORS, 1 WARNINGS, 0 OTHER MESSAGES, 0 ANSI
f90: CODE: 0 WORDS, DATA: 0 WORDS
f90 -g -O   -ftrap=%none  -c -o afpmax.o afpmax.f
WARNING: The scalar optimization level should be 0 since the debugging level is 0.

f90: COMPILE TIME 0.040000 SECONDS
f90: MAXIMUM FIELD LENGTH 1773354 DECIMAL WORDS
f90: 73 SOURCE LINES
f90: 0 ERRORS, 1 WARNINGS, 0 OTHER MESSAGES, 0 ANSI
f90: CODE: 0 WORDS, DATA: 0 WORDS
f90 -g -O   -ftrap=%none  -c -o ainf.o ainf.f
WARNING: The scalar optimization level should be 0 since the debugging level is 0.

f90: COMPILE TIME 0.030000 SECONDS
f90: MAXIMUM FIELD LENGTH 1773354 DECIMAL WORDS
f90: 39 SOURCE LINES
f90: 0 ERRORS, 1 WARNINGS, 0 OTHER MESSAGES, 0 ANSI
f90: CODE: 0 WORDS, DATA: 0 WORDS
f90 -g -O   -ftrap=%none  -c -o airan.o airan.f
WARNING: The scalar optimization level should be 0 since the debugging level is 0.

f90: COMPILE TIME 0.030000 SECONDS
f90: MAXIMUM FIELD LENGTH 1773354 DECIMAL WORDS
f90: 49 SOURCE LINES
f90: 0 ERRORS, 1 WARNINGS, 0 OTHER MESSAGES, 0 ANSI
f90: CODE: 0 WORDS, DATA: 0 WORDS
f90 -g -O   -ftrap=%none  -c -o algam.o algam.f
WARNING: The scalar optimization level should be 0 since the debugging level is 0.

f90: COMPILE TIME 0.050000 SECONDS
f90: MAXIMUM FIELD LENGTH 1775402 DECIMAL WORDS
f90: 168 SOURCE LINES
f90: 0 ERRORS, 1 WARNINGS, 0 OTHER MESSAGES, 0 ANSI
f90: CODE: 0 WORDS, DATA: 0 WORDS
f90 -g -O   -ftrap=%none  -c -o alog2.o alog2.f
WARNING: The scalar optimization level should be 0 since the debugging level is 0.

f90: COMPILE TIME 0.030000 SECONDS
f90: MAXIMUM FIELD LENGTH 1775402 DECIMAL WORDS
f90: 59 SOURCE LINES
f90: 0 ERRORS, 1 WARNINGS, 0 OTHER MESSAGES, 0 ANSI
f90: CODE: 0 WORDS, DATA: 0 WORDS
f90 -g -O   -ftrap=%none  -c -o anan.o anan.f
WARNING: The scalar optimization level should be 0 since the debugging level is 0.

f90: COMPILE TIME 0.030000 SECONDS
f90: MAXIMUM FIELD LENGTH 1773354 DECIMAL WORDS
f90: 26 SOURCE LINES
f90: 0 ERRORS, 1 WARNINGS, 0 OTHER MESSAGES, 0 ANSI
f90: CODE: 0 WORDS, DATA: 0 WORDS
f90 -g -O   -ftrap=%none  -c -o astore.o astore.f
WARNING: The scalar optimization level should be 0 since the debugging level is 0.

f90: COMPILE TIME 0.030000 SECONDS
f90: MAXIMUM FIELD LENGTH 1773354 DECIMAL WORDS
f90: 16 SOURCE LINES
f90: 0 ERRORS, 1 WARNINGS, 0 OTHER MESSAGES, 0 ANSI
f90: CODE: 0 WORDS, DATA: 0 WORDS
f90 -g -O   -ftrap=%none  -c -o astorf.o astorf.f
WARNING: The scalar optimization level should be 0 since the debugging level is 0.

f90: COMPILE TIME 0.030000 SECONDS
f90: MAXIMUM FIELD LENGTH 1773354 DECIMAL WORDS
f90: 19 SOURCE LINES
f90: 0 ERRORS, 1 WARNINGS, 0 OTHER MESSAGES, 0 ANSI
f90: CODE: 0 WORDS, DATA: 0 WORDS
f90 -g -O   -ftrap=%none  -c -o avsum.o avsum.f
WARNING: The scalar optimization level should be 0 since the debugging level is 0.

f90: COMPILE TIME 0.030000 SECONDS
f90: MAXIMUM FIELD LENGTH 1773354 DECIMAL WORDS
f90: 29 SOURCE LINES
f90: 0 ERRORS, 1 WARNINGS, 0 OTHER MESSAGES, 0 ANSI
f90: CODE: 0 WORDS, DATA: 0 WORDS
f90 -g -O   -ftrap=%none  -c -o gamma.o gamma.f
WARNING: The scalar optimization level should be 0 since the debugging level is 0.

f90: COMPILE TIME 0.070000 SECONDS
f90: MAXIMUM FIELD LENGTH 1775402 DECIMAL WORDS
f90: 709 SOURCE LINES
f90: 0 ERRORS, 1 WARNINGS, 0 OTHER MESSAGES, 0 ANSI
f90: CODE: 0 WORDS, DATA: 0 WORDS
f90 -g -O   -ftrap=%none  -c -o iceil.o iceil.f
WARNING: The scalar optimization level should be 0 since the debugging level is 0.

f90: COMPILE TIME 0.030000 SECONDS
f90: MAXIMUM FIELD LENGTH 1773354 DECIMAL WORDS
f90: 20 SOURCE LINES
f90: 0 ERRORS, 1 WARNINGS, 0 OTHER MESSAGES, 0 ANSI
f90: CODE: 0 WORDS, DATA: 0 WORDS
f90 -g -O   -ftrap=%none  -c -o isainf.o isainf.f
WARNING: The scalar optimization level should be 0 since the debugging level is 0.

f90: COMPILE TIME 0.030000 SECONDS
f90: MAXIMUM FIELD LENGTH 1773354 DECIMAL WORDS
f90: 19 SOURCE LINES
f90: 0 ERRORS, 1 WARNINGS, 0 OTHER MESSAGES, 0 ANSI
f90: CODE: 0 WORDS, DATA: 0 WORDS
f90 -g -O   -ftrap=%none  -c -o isanan.o isanan.f
WARNING: The scalar optimization level should be 0 since the debugging level is 0.

f90: COMPILE TIME 0.030000 SECONDS
f90: MAXIMUM FIELD LENGTH 1773354 DECIMAL WORDS
f90: 36 SOURCE LINES
f90: 0 ERRORS, 1 WARNINGS, 0 OTHER MESSAGES, 0 ANSI
f90: CODE: 0 WORDS, DATA: 0 WORDS
f90 -g -O   -ftrap=%none  -c -o psi.o psi.f
WARNING: The scalar optimization level should be 0 since the debugging level is 0.

f90: COMPILE TIME 0.060000 SECONDS
f90: MAXIMUM FIELD LENGTH 1775402 DECIMAL WORDS
f90: 593 SOURCE LINES
f90: 0 ERRORS, 1 WARNINGS, 0 OTHER MESSAGES, 0 ANSI
f90: CODE: 0 WORDS, DATA: 0 WORDS
f90 -g -O   -ftrap=%none  -c -o psiln.o psiln.f
WARNING: The scalar optimization level should be 0 since the debugging level is 0.

f90: COMPILE TIME 0.060000 SECONDS
f90: MAXIMUM FIELD LENGTH 1775402 DECIMAL WORDS
f90: 207 SOURCE LINES
f90: 0 ERRORS, 1 WARNINGS, 0 OTHER MESSAGES, 0 ANSI
f90: CODE: 0 WORDS, DATA: 0 WORDS
f90 -g -O   -ftrap=%none  -c -o ran.o ran.f
WARNING: The scalar optimization level should be 0 since the debugging level is 0.

f90: COMPILE TIME 0.030000 SECONDS
f90: MAXIMUM FIELD LENGTH 1773354 DECIMAL WORDS
f90: 75 SOURCE LINES
f90: 0 ERRORS, 1 WARNINGS, 0 OTHER MESSAGES, 0 ANSI
f90: CODE: 0 WORDS, DATA: 0 WORDS
ar -r ../libgjl.a aeps.o afpmax.o ainf.o airan.o algam.o alog2.o anan.o astore.o astorf.o avsum.o gamma.o iceil.o isainf.o isanan.o psi.o psiln.o ran.o
ranlib ../libgjl.a || true
for subdir in man gampsi jacobi laguerre common ; do echo ============================== Making all in $subdir ; ( cd $subdir && make  prefix=/usr/local FWARN="" FOPT="-O" all ) ; done
============================== Making all in man
============================== Making all in gampsi
(cd ../common; make lib-dp)
ar -r ../libgjl.a d2norm.o dcopy.o deps.o derbit.o dfloat.o dfpmax.o dgamma.o dinf.o diran.o dlgam.o dlog2.o dnan.o dpsi.o dpsiln.o dran.o dstore.o dstorf.o dvsum.o ffalse.o ftrue.o getnan.o idceil.o isdinf.o isdnan.o pythag.o tql1.o
ranlib ../libgjl.a || true
f90 -g -O -I../common  -ftrap=%none -c -o tdgen.o tdgen.f
WARNING: The scalar optimization level should be 0 since the debugging level is 0.

f90: COMPILE TIME 0.040000 SECONDS
f90: MAXIMUM FIELD LENGTH 1775402 DECIMAL WORDS
f90: 161 SOURCE LINES
f90: 0 ERRORS, 1 WARNINGS, 0 OTHER MESSAGES, 0 ANSI
f90: CODE: 0 WORDS, DATA: 0 WORDS
f90 -g -O -I../common  -ftrap=%none -c -o funhdr.o funhdr.f
WARNING: The scalar optimization level should be 0 since the debugging level is 0.

f90: COMPILE TIME 0.070000 SECONDS
f90: MAXIMUM FIELD LENGTH 1775402 DECIMAL WORDS
f90: 72 SOURCE LINES
f90: 0 ERRORS, 1 WARNINGS, 0 OTHER MESSAGES, 0 ANSI
f90: CODE: 0 WORDS, DATA: 0 WORDS
f90 -g -O -I../common  -ftrap=%none -c -o dgen.o dgen.f
WARNING: The scalar optimization level should be 0 since the debugging level is 0.

f90: COMPILE TIME 0.050000 SECONDS
f90: MAXIMUM FIELD LENGTH 1773354 DECIMAL WORDS
f90: 87 SOURCE LINES
f90: 0 ERRORS, 1 WARNINGS, 0 OTHER MESSAGES, 0 ANSI
f90: CODE: 0 WORDS, DATA: 0 WORDS
f90 -g -O -I../common  -ftrap=%none -o tdgen tdgen.o funhdr.o dgen.o ../common/dfloat.o ../common/dinf.o ../common/diran.o ../common/dnan.o ../common/dran.o ../common/dstorf.o ../common/idceil.o ../common/isdnan.o ../common/dgamma.o ../common/dlgam.o ../common/dpsi.o ../common/dpsiln.o 
(cd ../common; make lib-sp)
ar -r ../libgjl.a aeps.o afpmax.o ainf.o airan.o algam.o alog2.o anan.o astore.o astorf.o avsum.o gamma.o iceil.o isainf.o isanan.o psi.o psiln.o ran.o
ranlib ../libgjl.a || true
f90 -g -O -I../common  -ftrap=%none -c -o tagen.o tagen.f
WARNING: The scalar optimization level should be 0 since the debugging level is 0.

f90: COMPILE TIME 0.070000 SECONDS
f90: MAXIMUM FIELD LENGTH 1775402 DECIMAL WORDS
f90: 161 SOURCE LINES
f90: 0 ERRORS, 1 WARNINGS, 0 OTHER MESSAGES, 0 ANSI
f90: CODE: 0 WORDS, DATA: 0 WORDS
f90 -g -O -I../common  -ftrap=%none -c -o agen.o agen.f
WARNING: The scalar optimization level should be 0 since the debugging level is 0.

f90: COMPILE TIME 0.050000 SECONDS
f90: MAXIMUM FIELD LENGTH 1773354 DECIMAL WORDS
f90: 87 SOURCE LINES
f90: 0 ERRORS, 1 WARNINGS, 0 OTHER MESSAGES, 0 ANSI
f90: CODE: 0 WORDS, DATA: 0 WORDS
f90 -g -O -I../common  -ftrap=%none -o tagen tagen.o funhdr.o agen.o ../common/ainf.o ../common/airan.o ../common/anan.o ../common/astorf.o ../common/iceil.o ../common/isanan.o ../common/ran.o ../common/algam.o ../common/dfloat.o ../common/gamma.o ../common/idceil.o ../common/psi.o ../common/psiln.o 
============================== Making all in jacobi
f90 -g -O -I../common  -ftrap=%none -c -o gjqf.o gjqf.f
WARNING: The scalar optimization level should be 0 since the debugging level is 0.

f90: COMPILE TIME 0.050000 SECONDS
f90: MAXIMUM FIELD LENGTH 1775402 DECIMAL WORDS
f90: 234 SOURCE LINES
f90: 0 ERRORS, 1 WARNINGS, 0 OTHER MESSAGES, 0 ANSI
f90: CODE: 0 WORDS, DATA: 0 WORDS
f90 -g -O -I../common  -ftrap=%none -c -o gjqfd.o gjqfd.f
WARNING: The scalar optimization level should be 0 since the debugging level is 0.

f90: COMPILE TIME 0.070000 SECONDS
f90: MAXIMUM FIELD LENGTH 1775402 DECIMAL WORDS
f90: 298 SOURCE LINES
f90: 0 ERRORS, 1 WARNINGS, 0 OTHER MESSAGES, 0 ANSI
f90: CODE: 0 WORDS, DATA: 0 WORDS
f90 -g -O -I../common  -ftrap=%none -c -o gjqli.o gjqli.f
WARNING: The scalar optimization level should be 0 since the debugging level is 0.

f90: COMPILE TIME 0.040000 SECONDS
f90: MAXIMUM FIELD LENGTH 1775402 DECIMAL WORDS
f90: 118 SOURCE LINES
f90: 0 ERRORS, 1 WARNINGS, 0 OTHER MESSAGES, 0 ANSI
f90: CODE: 0 WORDS, DATA: 0 WORDS
f90 -g -O -I../common  -ftrap=%none -c -o gjqrc.o gjqrc.f
WARNING: The scalar optimization level should be 0 since the debugging level is 0.

f90: COMPILE TIME 0.050000 SECONDS
f90: MAXIMUM FIELD LENGTH 1775402 DECIMAL WORDS
f90: 230 SOURCE LINES
f90: 0 ERRORS, 1 WARNINGS, 0 OTHER MESSAGES, 0 ANSI
f90: CODE: 0 WORDS, DATA: 0 WORDS
(cd ../common; make lib-dp)
ar -r ../libgjl.a d2norm.o dcopy.o deps.o derbit.o dfloat.o dfpmax.o dgamma.o dinf.o diran.o dlgam.o dlog2.o dnan.o dpsi.o dpsiln.o dran.o dstore.o dstorf.o dvsum.o ffalse.o ftrue.o getnan.o idceil.o isdinf.o isdnan.o pythag.o tql1.o
ranlib ../libgjl.a || true
ar -r ../libgjl.a gjqf.o gjqfd.o gjqli.o gjqrc.o
ranlib ../libgjl.a || true
f90 -g -O -I../common  -ftrap=%none -c -o tgjf1.o tgjf1.f
WARNING: The scalar optimization level should be 0 since the debugging level is 0.

f90: COMPILE TIME 0.080000 SECONDS
f90: MAXIMUM FIELD LENGTH 1775402 DECIMAL WORDS
f90: 270 SOURCE LINES
f90: 0 ERRORS, 1 WARNINGS, 0 OTHER MESSAGES, 0 ANSI
f90: CODE: 0 WORDS, DATA: 0 WORDS
f90 -g -O -I../common  -ftrap=%none -c -o ../common/prthdr.o ../common/prthdr.f
WARNING: The scalar optimization level should be 0 since the debugging level is 0.

f90: COMPILE TIME 0.050000 SECONDS
f90: MAXIMUM FIELD LENGTH 1773354 DECIMAL WORDS
f90: 38 SOURCE LINES
f90: 0 ERRORS, 1 WARNINGS, 0 OTHER MESSAGES, 0 ANSI
f90: CODE: 0 WORDS, DATA: 0 WORDS
f90 -g -O -I../common  -ftrap=%none -c -o ../common/trapit.o ../common/trapit.f
WARNING: The scalar optimization level should be 0 since the debugging level is 0.

f90: COMPILE TIME 0.030000 SECONDS
f90: MAXIMUM FIELD LENGTH 1773354 DECIMAL WORDS
f90: 9 SOURCE LINES
f90: 0 ERRORS, 1 WARNINGS, 0 OTHER MESSAGES, 0 ANSI
f90: CODE: 0 WORDS, DATA: 0 WORDS
f90 -g -O -I../common  -ftrap=%none -o tgjf1 tgjf1.o gjqf.o gjqli.o gjqrc.o gjqfd.o ../common/d2norm.o ../common/dcopy.o ../common/deps.o ../common/derbit.o ../common/dfloat.o ../common/dgamma.o ../common/dinf.o ../common/dlog2.o ../common/dnan.o ../common/dpsi.o ../common/dstore.o ../common/dstorf.o ../common/dvsum.o ../common/isdnan.o ../common/prthdr.o ../common/pythag.o ../common/tql1.o ../common/trapit.o ../libgjl.a
f90 -g -O -I../common  -ftrap=%none -c -o tgjf2.o tgjf2.f
WARNING: The scalar optimization level should be 0 since the debugging level is 0.

f90: COMPILE TIME 0.090000 SECONDS
f90: MAXIMUM FIELD LENGTH 1775402 DECIMAL WORDS
f90: 271 SOURCE LINES
f90: 0 ERRORS, 1 WARNINGS, 0 OTHER MESSAGES, 0 ANSI
f90: CODE: 0 WORDS, DATA: 0 WORDS
f90 -g -O -I../common  -ftrap=%none -o tgjf2 tgjf2.o gjqf.o gjqli.o gjqrc.o gjqfd.o ../common/d2norm.o ../common/dcopy.o ../common/deps.o ../common/derbit.o ../common/dfloat.o ../common/dgamma.o ../common/dinf.o ../common/dlog2.o ../common/dnan.o ../common/dpsi.o ../common/dstore.o ../common/dstorf.o ../common/dvsum.o ../common/isdnan.o ../common/prthdr.o ../common/pythag.o ../common/tql1.o ../common/trapit.o ../libgjl.a
f90 -g -O -I../common  -ftrap=%none -c -o tgjfd1.o tgjfd1.f
WARNING: The scalar optimization level should be 0 since the debugging level is 0.

f90: COMPILE TIME 0.120000 SECONDS
f90: MAXIMUM FIELD LENGTH 1775402 DECIMAL WORDS
f90: 285 SOURCE LINES
f90: 0 ERRORS, 1 WARNINGS, 0 OTHER MESSAGES, 0 ANSI
f90: CODE: 0 WORDS, DATA: 0 WORDS
f90 -g -O -I../common  -ftrap=%none -o tgjfd1 tgjfd1.o gjqfd.o ../common/d2norm.o ../common/dcopy.o ../common/deps.o ../common/derbit.o ../common/dfloat.o ../common/dgamma.o ../common/dinf.o ../common/dlog2.o ../common/dnan.o ../common/dpsi.o ../common/dstore.o ../common/dstorf.o ../common/dvsum.o ../common/isdnan.o ../common/prthdr.o ../common/pythag.o ../common/tql1.o ../common/trapit.o ../libgjl.a
f90 -g -O -I../common  -ftrap=%none -c -o tgjfd2.o tgjfd2.f
WARNING: The scalar optimization level should be 0 since the debugging level is 0.

f90: COMPILE TIME 0.110000 SECONDS
f90: MAXIMUM FIELD LENGTH 1775402 DECIMAL WORDS
f90: 272 SOURCE LINES
f90: 0 ERRORS, 1 WARNINGS, 0 OTHER MESSAGES, 0 ANSI
f90: CODE: 0 WORDS, DATA: 0 WORDS
f90 -g -O -I../common  -ftrap=%none -o tgjfd2 tgjfd2.o gjqfd.o ../common/d2norm.o ../common/dcopy.o ../common/deps.o ../common/derbit.o ../common/dfloat.o ../common/dgamma.o ../common/dinf.o ../common/dlog2.o ../common/dnan.o ../common/dpsi.o ../common/dstore.o ../common/dstorf.o ../common/dvsum.o ../common/isdnan.o ../common/prthdr.o ../common/pythag.o ../common/tql1.o ../common/trapit.o ../libgjl.a
============================== Making all in laguerre
f90 -g -O -I../common  -ftrap=%none -c -o glqf.o glqf.f
WARNING: The scalar optimization level should be 0 since the debugging level is 0.

f90: COMPILE TIME 0.060000 SECONDS
f90: MAXIMUM FIELD LENGTH 1775402 DECIMAL WORDS
f90: 239 SOURCE LINES
f90: 0 ERRORS, 1 WARNINGS, 0 OTHER MESSAGES, 0 ANSI
f90: CODE: 0 WORDS, DATA: 0 WORDS
f90 -g -O -I../common  -ftrap=%none -c -o glqfd.o glqfd.f
WARNING: The scalar optimization level should be 0 since the debugging level is 0.

f90: COMPILE TIME 0.070000 SECONDS
f90: MAXIMUM FIELD LENGTH 1775402 DECIMAL WORDS
f90: 282 SOURCE LINES
f90: 0 ERRORS, 1 WARNINGS, 0 OTHER MESSAGES, 0 ANSI
f90: CODE: 0 WORDS, DATA: 0 WORDS
f90 -g -O -I../common  -ftrap=%none -c -o glqli.o glqli.f
WARNING: The scalar optimization level should be 0 since the debugging level is 0.

f90: COMPILE TIME 0.040000 SECONDS
f90: MAXIMUM FIELD LENGTH 1775402 DECIMAL WORDS
f90: 131 SOURCE LINES
f90: 0 ERRORS, 1 WARNINGS, 0 OTHER MESSAGES, 0 ANSI
f90: CODE: 0 WORDS, DATA: 0 WORDS
f90 -g -O -I../common  -ftrap=%none -c -o glqrc.o glqrc.f
WARNING: The scalar optimization level should be 0 since the debugging level is 0.

f90: COMPILE TIME 0.050000 SECONDS
f90: MAXIMUM FIELD LENGTH 1775402 DECIMAL WORDS
f90: 214 SOURCE LINES
f90: 0 ERRORS, 1 WARNINGS, 0 OTHER MESSAGES, 0 ANSI
f90: CODE: 0 WORDS, DATA: 0 WORDS
(cd ../common; make lib-dp)
ar -r ../libgjl.a d2norm.o dcopy.o deps.o derbit.o dfloat.o dfpmax.o dgamma.o dinf.o diran.o dlgam.o dlog2.o dnan.o dpsi.o dpsiln.o dran.o dstore.o dstorf.o dvsum.o ffalse.o ftrue.o getnan.o idceil.o isdinf.o isdnan.o pythag.o tql1.o
ranlib ../libgjl.a || true
ar -r ../libgjl.a glqf.o glqfd.o glqli.o glqrc.o
ranlib ../libgjl.a || true
f90 -g -O -I../common  -ftrap=%none -c -o tglf1.o tglf1.f
WARNING: The scalar optimization level should be 0 since the debugging level is 0.

f90: COMPILE TIME 0.120000 SECONDS
f90: MAXIMUM FIELD LENGTH 1775402 DECIMAL WORDS
f90: 290 SOURCE LINES
f90: 0 ERRORS, 1 WARNINGS, 0 OTHER MESSAGES, 0 ANSI
f90: CODE: 0 WORDS, DATA: 0 WORDS
f90 -g -O -I../common  -ftrap=%none -o tglf1 tglf1.o glqf.o glqli.o glqfd.o glqrc.o ../common/prthdr.o ../common/d2norm.o ../common/dcopy.o ../common/deps.o ../common/derbit.o ../common/dfloat.o ../common/dgamma.o ../common/dinf.o ../common/dlog2.o ../common/dnan.o ../common/dpsi.o ../common/dstore.o ../common/dstorf.o ../common/dvsum.o ../common/isdnan.o ../common/pythag.o ../common/tql1.o ../common/trapit.o
f90 -g -O -I../common  -ftrap=%none -c -o tglf2.o tglf2.f
WARNING: The scalar optimization level should be 0 since the debugging level is 0.

f90: COMPILE TIME 0.090000 SECONDS
f90: MAXIMUM FIELD LENGTH 1775402 DECIMAL WORDS
f90: 252 SOURCE LINES
f90: 0 ERRORS, 1 WARNINGS, 0 OTHER MESSAGES, 0 ANSI
f90: CODE: 0 WORDS, DATA: 0 WORDS
f90 -g -O -I../common  -ftrap=%none -o tglf2 tglf2.o glqf.o glqli.o glqfd.o glqrc.o ../common/prthdr.o ../common/d2norm.o ../common/dcopy.o ../common/deps.o ../common/derbit.o ../common/dfloat.o ../common/dgamma.o ../common/dinf.o ../common/dlog2.o ../common/dnan.o ../common/dpsi.o ../common/dstore.o ../common/dstorf.o ../common/dvsum.o ../common/isdnan.o ../common/pythag.o ../common/tql1.o ../common/trapit.o
f90 -g -O -I../common  -ftrap=%none -c -o tglf3.o tglf3.f
WARNING: The scalar optimization level should be 0 since the debugging level is 0.

f90: COMPILE TIME 0.080000 SECONDS
f90: MAXIMUM FIELD LENGTH 1775402 DECIMAL WORDS
f90: 288 SOURCE LINES
f90: 0 ERRORS, 1 WARNINGS, 0 OTHER MESSAGES, 0 ANSI
f90: CODE: 0 WORDS, DATA: 0 WORDS
f90 -g -O -I../common  -ftrap=%none -o tglf3 tglf3.o glqf.o glqli.o glqfd.o glqrc.o ../common/prthdr.o ../common/d2norm.o ../common/dcopy.o ../common/deps.o ../common/derbit.o ../common/dfloat.o ../common/dgamma.o ../common/dinf.o ../common/dlog2.o ../common/dnan.o ../common/dpsi.o ../common/dstore.o ../common/dstorf.o ../common/dvsum.o ../common/isdnan.o ../common/pythag.o ../common/tql1.o ../common/trapit.o
f90 -g -O -I../common  -ftrap=%none -c -o tglf4.o tglf4.f
WARNING: The scalar optimization level should be 0 since the debugging level is 0.

f90: COMPILE TIME 0.090000 SECONDS
f90: MAXIMUM FIELD LENGTH 1775402 DECIMAL WORDS
f90: 296 SOURCE LINES
f90: 0 ERRORS, 1 WARNINGS, 0 OTHER MESSAGES, 0 ANSI
f90: CODE: 0 WORDS, DATA: 0 WORDS
f90 -g -O -I../common  -ftrap=%none -o tglf4 tglf4.o glqf.o glqli.o glqfd.o glqrc.o ../common/prthdr.o ../common/d2norm.o ../common/dcopy.o ../common/deps.o ../common/derbit.o ../common/dfloat.o ../common/dgamma.o ../common/dinf.o ../common/dlog2.o ../common/dnan.o ../common/dpsi.o ../common/dstore.o ../common/dstorf.o ../common/dvsum.o ../common/isdnan.o ../common/pythag.o ../common/tql1.o ../common/trapit.o
f90 -g -O -I../common  -ftrap=%none -c -o tglf5.o tglf5.f
WARNING: The scalar optimization level should be 0 since the debugging level is 0.

f90: COMPILE TIME 0.120000 SECONDS
f90: MAXIMUM FIELD LENGTH 1775402 DECIMAL WORDS
f90: 262 SOURCE LINES
f90: 0 ERRORS, 1 WARNINGS, 0 OTHER MESSAGES, 0 ANSI
f90: CODE: 0 WORDS, DATA: 0 WORDS
f90 -g -O -I../common  -ftrap=%none -o tglf5 tglf5.o glqf.o glqli.o glqfd.o glqrc.o ../common/prthdr.o ../common/d2norm.o ../common/dcopy.o ../common/deps.o ../common/derbit.o ../common/dfloat.o ../common/dgamma.o ../common/dinf.o ../common/dlog2.o ../common/dnan.o ../common/dpsi.o ../common/dstore.o ../common/dstorf.o ../common/dvsum.o ../common/isdnan.o ../common/pythag.o ../common/tql1.o ../common/trapit.o
f90 -g -O -I../common  -ftrap=%none -c -o tglf6.o tglf6.f
WARNING: The scalar optimization level should be 0 since the debugging level is 0.

f90: COMPILE TIME 0.100000 SECONDS
f90: MAXIMUM FIELD LENGTH 1775402 DECIMAL WORDS
f90: 286 SOURCE LINES
f90: 0 ERRORS, 1 WARNINGS, 0 OTHER MESSAGES, 0 ANSI
f90: CODE: 0 WORDS, DATA: 0 WORDS
f90 -g -O -I../common  -ftrap=%none -o tglf6 tglf6.o glqf.o glqli.o glqfd.o glqrc.o ../common/prthdr.o ../common/d2norm.o ../common/dcopy.o ../common/deps.o ../common/derbit.o ../common/dfloat.o ../common/dgamma.o ../common/dinf.o ../common/dlog2.o ../common/dnan.o ../common/dpsi.o ../common/dstore.o ../common/dstorf.o ../common/dvsum.o ../common/isdnan.o ../common/pythag.o ../common/tql1.o ../common/trapit.o
f90 -g -O -I../common  -ftrap=%none -c -o tglfd1.o tglfd1.f
WARNING: The scalar optimization level should be 0 since the debugging level is 0.

f90: COMPILE TIME 0.100000 SECONDS
f90: MAXIMUM FIELD LENGTH 1775402 DECIMAL WORDS
f90: 290 SOURCE LINES
f90: 0 ERRORS, 1 WARNINGS, 0 OTHER MESSAGES, 0 ANSI
f90: CODE: 0 WORDS, DATA: 0 WORDS
f90 -g -O -I../common  -ftrap=%none -o tglfd1 tglfd1.o glqli.o glqfd.o glqrc.o ../common/prthdr.o ../common/d2norm.o ../common/dcopy.o ../common/deps.o ../common/derbit.o ../common/dfloat.o ../common/dgamma.o ../common/dinf.o ../common/dlog2.o ../common/dnan.o ../common/dpsi.o ../common/dstore.o ../common/dstorf.o ../common/dvsum.o ../common/isdnan.o ../common/pythag.o ../common/tql1.o ../common/trapit.o
f90 -g -O -I../common  -ftrap=%none -c -o tglfd2.o tglfd2.f
WARNING: The scalar optimization level should be 0 since the debugging level is 0.

f90: COMPILE TIME 0.100000 SECONDS
f90: MAXIMUM FIELD LENGTH 1775402 DECIMAL WORDS
f90: 245 SOURCE LINES
f90: 0 ERRORS, 1 WARNINGS, 0 OTHER MESSAGES, 0 ANSI
f90: CODE: 0 WORDS, DATA: 0 WORDS
f90 -g -O -I../common  -ftrap=%none -o tglfd2 tglfd2.o glqli.o glqfd.o glqrc.o ../common/prthdr.o ../common/d2norm.o ../common/dcopy.o ../common/deps.o ../common/derbit.o ../common/dfloat.o ../common/dgamma.o ../common/dinf.o ../common/dlog2.o ../common/dnan.o ../common/dpsi.o ../common/dstore.o ../common/dstorf.o ../common/dvsum.o ../common/isdnan.o ../common/pythag.o ../common/tql1.o ../common/trapit.o
f90 -g -O -I../common  -ftrap=%none -c -o tglfd3.o tglfd3.f
WARNING: The scalar optimization level should be 0 since the debugging level is 0.

f90: COMPILE TIME 0.110000 SECONDS
f90: MAXIMUM FIELD LENGTH 1775402 DECIMAL WORDS
f90: 282 SOURCE LINES
f90: 0 ERRORS, 1 WARNINGS, 0 OTHER MESSAGES, 0 ANSI
f90: CODE: 0 WORDS, DATA: 0 WORDS
f90 -g -O -I../common  -ftrap=%none -o tglfd3 tglfd3.o glqli.o glqfd.o glqrc.o ../common/prthdr.o ../common/d2norm.o ../common/dcopy.o ../common/deps.o ../common/derbit.o ../common/dfloat.o ../common/dgamma.o ../common/dinf.o ../common/dlog2.o ../common/dnan.o ../common/dpsi.o ../common/dstore.o ../common/dstorf.o ../common/dvsum.o ../common/isdnan.o ../common/pythag.o ../common/tql1.o ../common/trapit.o
f90 -g -O -I../common  -ftrap=%none -c -o tglfd4.o tglfd4.f
WARNING: The scalar optimization level should be 0 since the debugging level is 0.

f90: COMPILE TIME 0.110000 SECONDS
f90: MAXIMUM FIELD LENGTH 1775402 DECIMAL WORDS
f90: 297 SOURCE LINES
f90: 0 ERRORS, 1 WARNINGS, 0 OTHER MESSAGES, 0 ANSI
f90: CODE: 0 WORDS, DATA: 0 WORDS
f90 -g -O -I../common  -ftrap=%none -o tglfd4 tglfd4.o glqli.o glqfd.o glqrc.o ../common/prthdr.o ../common/d2norm.o ../common/dcopy.o ../common/deps.o ../common/derbit.o ../common/dfloat.o ../common/dgamma.o ../common/dinf.o ../common/dlog2.o ../common/dnan.o ../common/dpsi.o ../common/dstore.o ../common/dstorf.o ../common/dvsum.o ../common/isdnan.o ../common/pythag.o ../common/tql1.o ../common/trapit.o
f90 -g -O -I../common  -ftrap=%none -c -o tglfd5.o tglfd5.f
WARNING: The scalar optimization level should be 0 since the debugging level is 0.

f90: COMPILE TIME 0.110000 SECONDS
f90: MAXIMUM FIELD LENGTH 1775402 DECIMAL WORDS
f90: 262 SOURCE LINES
f90: 0 ERRORS, 1 WARNINGS, 0 OTHER MESSAGES, 0 ANSI
f90: CODE: 0 WORDS, DATA: 0 WORDS
f90 -g -O -I../common  -ftrap=%none -o tglfd5 tglfd5.o glqli.o glqfd.o glqrc.o ../common/prthdr.o ../common/d2norm.o ../common/dcopy.o ../common/deps.o ../common/derbit.o ../common/dfloat.o ../common/dgamma.o ../common/dinf.o ../common/dlog2.o ../common/dnan.o ../common/dpsi.o ../common/dstore.o ../common/dstorf.o ../common/dvsum.o ../common/isdnan.o ../common/pythag.o ../common/tql1.o ../common/trapit.o
f90 -g -O -I../common  -ftrap=%none -c -o tglfd6.o tglfd6.f
WARNING: The scalar optimization level should be 0 since the debugging level is 0.

f90: COMPILE TIME 0.090000 SECONDS
f90: MAXIMUM FIELD LENGTH 1775402 DECIMAL WORDS
f90: 285 SOURCE LINES
f90: 0 ERRORS, 1 WARNINGS, 0 OTHER MESSAGES, 0 ANSI
f90: CODE: 0 WORDS, DATA: 0 WORDS
f90 -g -O -I../common  -ftrap=%none -o tglfd6 tglfd6.o glqli.o glqfd.o glqrc.o ../common/prthdr.o ../common/d2norm.o ../common/dcopy.o ../common/deps.o ../common/derbit.o ../common/dfloat.o ../common/dgamma.o ../common/dinf.o ../common/dlog2.o ../common/dnan.o ../common/dpsi.o ../common/dstore.o ../common/dstorf.o ../common/dvsum.o ../common/isdnan.o ../common/pythag.o ../common/tql1.o ../common/trapit.o
============================== Making all in common
ar -r ../libgjl.a d2norm.o dcopy.o deps.o derbit.o dfloat.o dfpmax.o dgamma.o dinf.o diran.o dlgam.o dlog2.o dnan.o dpsi.o dpsiln.o dran.o dstore.o dstorf.o dvsum.o ffalse.o ftrue.o getnan.o idceil.o isdinf.o isdnan.o pythag.o tql1.o
ranlib ../libgjl.a || true
ar -r ../libgjl.a aeps.o afpmax.o ainf.o airan.o algam.o alog2.o anan.o astore.o astorf.o avsum.o gamma.o iceil.o isainf.o isanan.o psi.o psiln.o ran.o
ranlib ../libgjl.a || true
(cd common && make  prefix=/usr/local FWARN="" FOPT="-O" all-qp )
f90 -g -O   -ftrap=%none  -c -o iqceil.o iqceil.f
WARNING: The scalar optimization level should be 0 since the debugging level is 0.

f90: COMPILE TIME 0.030000 SECONDS
f90: MAXIMUM FIELD LENGTH 1773354 DECIMAL WORDS
f90: 20 SOURCE LINES
f90: 0 ERRORS, 1 WARNINGS, 0 OTHER MESSAGES, 0 ANSI
f90: CODE: 0 WORDS, DATA: 0 WORDS
f90 -g -O   -ftrap=%none  -c -o isqinf.o isqinf.f
WARNING: The scalar optimization level should be 0 since the debugging level is 0.

f90: COMPILE TIME 0.030000 SECONDS
f90: MAXIMUM FIELD LENGTH 1773354 DECIMAL WORDS
f90: 19 SOURCE LINES
f90: 0 ERRORS, 1 WARNINGS, 0 OTHER MESSAGES, 0 ANSI
f90: CODE: 0 WORDS, DATA: 0 WORDS
f90 -g -O   -ftrap=%none  -c -o isqnan.o isqnan.f
WARNING: The scalar optimization level should be 0 since the debugging level is 0.

f90: COMPILE TIME 0.030000 SECONDS
f90: MAXIMUM FIELD LENGTH 1773354 DECIMAL WORDS
f90: 36 SOURCE LINES
f90: 0 ERRORS, 1 WARNINGS, 0 OTHER MESSAGES, 0 ANSI
f90: CODE: 0 WORDS, DATA: 0 WORDS
f90 -g -O   -ftrap=%none  -c -o q2norm.o q2norm.f
WARNING: The scalar optimization level should be 0 since the debugging level is 0.

f90: COMPILE TIME 0.030000 SECONDS
f90: MAXIMUM FIELD LENGTH 1773354 DECIMAL WORDS
f90: 29 SOURCE LINES
f90: 0 ERRORS, 1 WARNINGS, 0 OTHER MESSAGES, 0 ANSI
f90: CODE: 0 WORDS, DATA: 0 WORDS
f90 -g -O   -ftrap=%none  -c -o qcopy.o qcopy.f
WARNING: The scalar optimization level should be 0 since the debugging level is 0.

f90: COMPILE TIME 0.040000 SECONDS
f90: MAXIMUM FIELD LENGTH 1773354 DECIMAL WORDS
f90: 71 SOURCE LINES
f90: 0 ERRORS, 1 WARNINGS, 0 OTHER MESSAGES, 0 ANSI
f90: CODE: 0 WORDS, DATA: 0 WORDS
f90 -g -O   -ftrap=%none  -c -o qeps.o qeps.f
WARNING: The scalar optimization level should be 0 since the debugging level is 0.

f90: COMPILE TIME 0.040000 SECONDS
f90: MAXIMUM FIELD LENGTH 1773354 DECIMAL WORDS
f90: 36 SOURCE LINES
f90: 0 ERRORS, 1 WARNINGS, 0 OTHER MESSAGES, 0 ANSI
f90: CODE: 0 WORDS, DATA: 0 WORDS
f90 -g -O   -ftrap=%none  -c -o qepsln.o qepsln.f
WARNING: The scalar optimization level should be 0 since the debugging level is 0.

f90: COMPILE TIME 0.030000 SECONDS
f90: MAXIMUM FIELD LENGTH 1773354 DECIMAL WORDS
f90: 35 SOURCE LINES
f90: 0 ERRORS, 1 WARNINGS, 0 OTHER MESSAGES, 0 ANSI
f90: CODE: 0 WORDS, DATA: 0 WORDS
f90 -g -O   -ftrap=%none  -c -o qerbit.o qerbit.f
WARNING: The scalar optimization level should be 0 since the debugging level is 0.

f90: COMPILE TIME 0.030000 SECONDS
f90: MAXIMUM FIELD LENGTH 1773354 DECIMAL WORDS
f90: 30 SOURCE LINES
f90: 0 ERRORS, 1 WARNINGS, 0 OTHER MESSAGES, 0 ANSI
f90: CODE: 0 WORDS, DATA: 0 WORDS
f90 -g -O   -ftrap=%none  -c -o qfloat.o qfloat.f
WARNING: The scalar optimization level should be 0 since the debugging level is 0.

f90: COMPILE TIME 0.030000 SECONDS
f90: MAXIMUM FIELD LENGTH 1773354 DECIMAL WORDS
f90: 12 SOURCE LINES
f90: 0 ERRORS, 1 WARNINGS, 0 OTHER MESSAGES, 0 ANSI
f90: CODE: 0 WORDS, DATA: 0 WORDS
f90 -g -O   -ftrap=%none  -c -o qfpmax.o qfpmax.f
WARNING: The scalar optimization level should be 0 since the debugging level is 0.

f90: COMPILE TIME 0.040000 SECONDS
f90: MAXIMUM FIELD LENGTH 1773354 DECIMAL WORDS
f90: 211 SOURCE LINES
f90: 0 ERRORS, 1 WARNINGS, 0 OTHER MESSAGES, 0 ANSI
f90: CODE: 0 WORDS, DATA: 0 WORDS
f90 -g -O   -ftrap=%none  -c -o qgamma.o qgamma.f
WARNING: The scalar optimization level should be 0 since the debugging level is 0.

      INTRINSIC           iqint,       mod,         qcos,        qexp
                          ^                                           
"qgamma.f", Line = 166, Column = 27: ERROR: "IQINT" is not an intrinsic routine.
                                                    ^                 
"qgamma.f", Line = 166, Column = 53: ERROR: "QCOS" is not an intrinsic routine.
                                                                 ^    
"qgamma.f", Line = 166, Column = 66: ERROR: "QEXP" is not an intrinsic routine.

      INTRINSIC           qint,        qlog,        qsin
                          ^                              
"qgamma.f", Line = 167, Column = 27: ERROR: "QINT" is not an intrinsic routine.
                                       ^                 
"qgamma.f", Line = 167, Column = 40: ERROR: "QLOG" is not an intrinsic routine.
                                                    ^    
"qgamma.f", Line = 167, Column = 53: ERROR: "QSIN" is not an intrinsic routine.

f90: COMPILE TIME 0.050000 SECONDS
f90: MAXIMUM FIELD LENGTH 1775402 DECIMAL WORDS
f90: 834 SOURCE LINES
f90: 6 ERRORS, 1 WARNINGS, 0 OTHER MESSAGES, 0 ANSI
f90: CODE: 0 WORDS, DATA: 0 WORDS
make: *** [all-qp] Error 2
24.98u 8.73s 0:54.43 61.9%
============================================================
Disk free report for /local/build/f90:
			Filesystem           1K-blocks      Used Available Use% Mounted on
			/dev/md/dsk/d0        35211234  34028472    830650  98% /export/nova
Remote date:            2004.03.19.17.31.31
============================================================
