============================================================
/usr/local/bin/.: Permission denied.
Machinetype:            Intel Pentium III (600 MHz);    GNU/Linux 2.4.18-27.8.0smp (Red Hat 8.0 (Psyche))
System status:            1:40pm  up 154 days, 20:07,  5 users,  load average: 0.02, 0.03, 0.04
Remote Intel compiler versions:
			OS information:
			Red Hat Linux release 8.0 (Psyche)
			Kernel on an \m
			Kernel 2.4.20-28.8smp
			glibc-2.3.2-4.80.8
			
			===========================================================
			Support Package IDs for Intel(R) Compilers in /export/local/ashare/i386-linux/sys/intel/compiler70/ia32/bin
			Please use the following information when submitting customer support requests.
			
			C++ Support Package ID    : l_cc_pc_7.1.035-NCOM
			Fortran Support Package ID: l_fc_pc_7.1.038-NCOM
			===========================================================
			C++ & Fortran License Expiration Date: never expire
			C++ & Fortran Support Services Expiration Date: never expire
			
			All Installed Compiler Components on this OS: 
			intel-iidb7-7.3.2-97: Linux Application Debugger for 32-bit applications,
			                      Version 7.3.2
			intel-isubh7-7.1-38: Substitute Headers for Intel(R) C++ Compiler
			                     for 32-bit applications, Version 7.1
			intel-icc7-7.1-38: Intel(R) C++ Compiler for 32-bit applications,
			                   Version 7.1 Build 20031225Z
			intel-isubh8-8.0-49: Substitute Headers for Intel(R) C++ Compiler
			                     for 32-bit applications, Version 8.0
			intel-icc8-8.0-49: Intel(R) C++ Compiler for 32-bit applications,
			                   Version 8.0
			intel-ifc7-7.1-40: Intel(R) Fortran Compiler for 32-bit applications,
			                   Version 7.1 Build 20031225Z
Remote c89 version:     gcc (GCC) 3.2 20020903 (Red Hat Linux 8.0 3.2-7)
Remote c99 version:     gcc (GCC) 3.2 20020903 (Red Hat Linux 8.0 3.2-7)
Remote lcc version:     lcc version 4.1.beta.9 [11-May-2001]
Remote pgCC version:    pgCC 5.1-3
Remote pgcc version:    pgcc 5.1-3
Package:                quadlog-gampsi
Archive:                /home/0077/sy/beebe/build//quadlog-gampsi.tar.gz
Date:                   2004.06.14.13.40.47
Local user:             beebe
Local host:             psi.math.utah.edu
Local log directory:    /home/0077/sy/beebe/build/logs/quadlog-gampsi
Local log file:         quadlog-gampsi.wasatch.math.utah.edu.2004.06.14.13.40.47.log
Remote user:            beebe
Remote host:            wasatch.math.utah.edu
Remote directory:       /local/build/f77
Remote date:            2004.06.14.13.41.22
Remote uname:           Linux wasatch.math.utah.edu 2.4.20-28.8smp #1 SMP Thu Dec 18 12:25:21 EST 2003 i686 unknown unknown GNU/Linux
Remote gcc version:     gcc (GCC) 3.3.3
Remote g++ version:     g++ (GCC) 3.3.3
Remote gcc3 version:    
Remote g++3 version:    
Configure environment:  CC=gcc CXX=g++ F77=f77 FC=f77 LDFLAGS="-Wl,-rpath,/usr/local/lib" 
Extra environment:      
Configure flags:        
Make all targets:       
Make check targets:     check
Disk free report for /local/build/f77/quadlog-gampsi:
gcc3: Command not found.
g++3: Command not found.
			Filesystem           1K-blocks      Used Available Use% Mounted on
			/dev/Volume00/LogVol00
			                      15514004  10317400   4408536  71% /
Environment:
			DVIPSHEADERS=.:/usr/local/lib/tex/ps:/usr/local/lib/tex/fonts/ps:/usr/local/lib/tex/fonts/vf:/usr/local/lib/tex/fonts/old/vf:/usr/local/lib/tex/fonts/postscript/cmpsfont/pfb
			FORTRANPLUS=/usr/local/sys/FortranPlus/fplus_55h
			GROUP=wheel
			G_BROKEN_FILENAMES=1
			HOME=/u/sy/beebe
			HOST=wasatch.math.utah.edu
			HOSTALIAS=wasatch
			HOSTTYPE=i386-linux
			INDOMAIN=math.utah.edu
			INFO=/usr/local/plot79
			LANG=en_US.UTF-8
			LESSOPEN=|/usr/bin/lesspipe.sh %s
			LIBRARY_PATH=/usr/local/sys/FortranPlus/fplus_55h/lib
			LM_LICENSE_FILE=/usr/local/sys/pgi/pgi/license.dat
			LOGNAME=beebe
			LS_COLORS=no=00:fi=00:di=37;44:ln=01;36;44:pi=33;44:so=01;35:bd=33;44;01:cd=33;44;01:or=40;31;01:ex=01;33;44:*.tar=01;31:*.tgz=01;31:*.arj=01;31:*.taz=01;31:*.lzh=01;31:*.zip=01;31:*.z=01;31:*.Z=01;31:*.gz=01;31:*.deb=01;31:*.i386.rpm=01;31:*.src.rpm=01;30:*.jpg=01;35:*.gif=01;35:*.bmp=01;35:*.ppm=01;35:*.tga=01;35:*.xbm=01;35:*.xpm=01;35:*.tif=01;35:*.mpg=01;37;42:*.avi=01;37;42:*.mp4=01;37;42:*.qt=01;37;42:*.gl=01;37;42:*.dl=01;37;42:*.c=1;34;47:*.h=1;35;47:*.in=1;32;44:*.i=07;33;44:*ChangeLog=01;34;43:*INSTALL=301;4;43:*Makefile=01;37;42;41:*NEWS=01;34;43:*README=01;34;43:*TO-DO=01;34;43:*WHERE-FROM=01;34;43:
			MACHTYPE=i386
			MAIL=/var/mail/beebe
			MANPATH=/usr/local/man:/usr/share/man:/usr/local/sys/lf9562/manuals/man/lf95:/usr/local/sys/lf9562/manuals/man/ssl2
			MFINPUTS=.:/usr/local/lib/mf/macros:/usr/local/lib/mf/cm:/usr/local/lib/mf
			NCARG_ROOT=/usr/local/ncar
			NLM_LICENCE_FILENAME=/usr/local/sys/FortranPlus/fplus_55h/license/license.nas
			OPENWINHOME=/usr/openwin
			OSTYPE=linux
			PAGER=/usr/bin/less
			PATH=/usr/local/bin/X11:/usr/local/bin:/u/sy/beebe/bin/i686:/usr/local/share/bin:/usr/local/bin/X11:/usr/local/pbmplus:/usr/X11R6/bin:/usr/bin/X11:/usr/local/plot79:/usr/sbin:/usr/bin:/bin:/sbin:/usr/local/etc:/usr/etc:/etc:.:/usr/local/sys/pgi/pgi/linux86/5.1/bin:/usr/local/sys/FortranPlus/fplus_55h/bin:/opt/intel_cc_80/bin:/opt/intel_fc_80/bin:/opt/intel_idb_73/bin:/usr/local/sys/intel/compiler70/ia32/bin:/u/sy/beebe/tex/bib:/usr/local/gnat/bin:/usr/local/ora/bin
			PFDIR=/usr/local/sys/lf9562/bin
			PGI=/usr/local/sys/pgi/pgi
			PLT=/usr/local/plot79
			PVM_ROOT=/usr/local/pvm3
			PWD=/u/sy/beebe
			QTDIR=/usr/lib/qt3-gcc3.2
			SAXDIR=/usr/local/ashare/sax
			SHELL=/usr/local/bin/tcsh
			SHLVL=1
			SSH_ASKPASS=/usr/libexec/openssh/gnome-ssh-askpass
			SSH_CLIENT=155.101.96.19 57055 22
			SSH_CONNECTION=155.101.96.19 57055 155.101.96.145 22
			TERM=vt100
			TEXCONFIG=.:/usr/local/lib/tex/ps:/usr/local/lib/tex/fonts/vf:/usr/local/lib/tex/fonts/old/vf
			TEXFONTS=/usr/local/lib/tex/fonts/cm/600dpi:/usr/local/lib/tex/fonts/cm/tfms:/usr/local/lib/tex/ams/amspsfnt/tfms:/usr/local/lib/tex/ams/amspsfnt/pfb:/usr/local/lib/tex/ams/amsfonts/pk-files/600dpi:/usr/local/lib/tex/ams/amsfonts/pk-files/300dpi:/usr/local/lib/tex/fonts/pandora/600dpi:/usr/local/lib/tex/fonts/pandora/tfms:/usr/local/lib/tex/fonts/concrete/600dpi:/usr/local/lib/tex/fonts/concrete/tfms:/usr/local/lib/tex/fonts/greek:/usr/local/lib/tex/lamstex/mf:/usr/local/lib/tex/fonts/pk/tfms:/usr/local/lib/tex/fonts/pk/600dpi:/usr/local/lib/tex/fonts/pk/300dpi:/usr/local/lib/tex/fonts/ps:/usr/local/lib/tex/latex2e/fonts:/usr/local/lib/tex/fonts/vf:/usr/local/lib/tex/fonts/old/vf:/usr/local/lib/tex/musictex/pk/600dpi:/usr/local/lib/tex/musictex/pk/tfms:/usr/local/lib/tex/fonts/cmcyr/600dpi:/usr/local/lib/tex/fonts/ec/600dpi:/usr/local/lib/tex/fonts/ec/tfms:/usr/local/lib/tex/fonts/ecc/600dpi:/usr/local/lib/tex/fonts/ecc/tfms:/usr/local/lib/tex/fonts/ams
			TEXINPUTS=.:/usr/local/lib/tex/inputs:/usr/local/lib/tex/fonts/ps:/usr/local/lib/tex/latex:/usr/local/lib/tex/ams/amstex:/usr/local/lib/tex/ams/amstex/doc:/usr/local/lib/tex/ams/amslatex/inputs:/usr/local/lib/tex/bibtex:/usr/local/lib/tex/fonts/ap/300dpi:/usr/local/lib/tex/tugboat:/usr/local/lib/tex/lamstex/inputs:/usr/local/lib/tex/siam:/usr/local/lib/tex/ps:/usr/local/lib/tex/fonts/pandora
			TEXPKS=/usr/local/lib/tex/fonts/cm/600dpi:/usr/local/lib/tex/fonts/cm/tfms:/usr/local/lib/tex/ams/amspsfnt/tfms:/usr/local/lib/tex/ams/amspsfnt/pfb:/usr/local/lib/tex/ams/amsfonts/pk-files/600dpi:/usr/local/lib/tex/ams/amsfonts/pk-files/300dpi:/usr/local/lib/tex/fonts/pandora/600dpi:/usr/local/lib/tex/fonts/pandora/tfms:/usr/local/lib/tex/fonts/concrete/600dpi:/usr/local/lib/tex/fonts/concrete/tfms:/usr/local/lib/tex/fonts/greek:/usr/local/lib/tex/lamstex/mf:/usr/local/lib/tex/fonts/pk/tfms:/usr/local/lib/tex/fonts/pk/600dpi:/usr/local/lib/tex/fonts/pk/300dpi:/usr/local/lib/tex/fonts/ps:/usr/local/lib/tex/latex2e/fonts:/usr/local/lib/tex/fonts/vf:/usr/local/lib/tex/fonts/old/vf:/usr/local/lib/tex/musictex/pk/600dpi:/usr/local/lib/tex/musictex/pk/tfms:/usr/local/lib/tex/fonts/cmcyr/600dpi:/usr/local/lib/tex/fonts/ec/600dpi:/usr/local/lib/tex/fonts/ec/tfms:/usr/local/lib/tex/fonts/ecc/600dpi:/usr/local/lib/tex/fonts/ecc/tfms:/usr/local/lib/tex/fonts/ams
			USER=beebe
			VENDOR=intel
			VFFONTS=.:/usr/local/lib/tex/latex2e/fonts:/usr/local/lib/tex/fonts/vf:/usr/local/lib/tex/fonts/old/vf:/usr/local/lib/tex/fonts/fontinst/contrib/helminck:/usr/local/lib/tex/fonts/malvern/vf:/usr/local/lib/tex/fonts/mathtime
			WISK=/usr/local/sys/lf9562
			YPDOMAIN=YP.math.utah.edu
============================================================
configure: creating ./config.status
config.status: creating Makefile
configure: configuring in common
configure: running /bin/sh './configure'  --cache-file=/dev/null --srcdir=.
checking for gcc... gcc
checking for C compiler default output file name... a.out
checking whether the C compiler works... yes
checking whether we are cross compiling... no
checking for suffix of executables... 
checking for suffix of object files... o
checking whether we are using the GNU C compiler... yes
checking whether gcc accepts -g... yes
checking for gcc option to accept ANSI C... none needed
checking whether we are using the GNU Fortran 77 compiler... no
checking whether f77 accepts -g... yes
checking for autoconf... autoconf
configure: creating ./config.status
config.status: creating Makefile
configure: configuring in gampsi
configure: running /bin/sh './configure'  --cache-file=/dev/null --srcdir=.
checking for gcc... gcc
checking for C compiler default output file name... a.out
checking whether the C compiler works... yes
checking whether we are cross compiling... no
checking for suffix of executables... 
checking for suffix of object files... o
checking whether we are using the GNU C compiler... yes
checking whether gcc accepts -g... yes
checking for gcc option to accept ANSI C... none needed
checking whether we are using the GNU Fortran 77 compiler... no
checking whether f77 accepts -g... yes
checking for autoconf... autoconf
checking for gzip... gzip
checking for tar... tar
configure: creating ./config.status
config.status: creating Makefile
configure: configuring in jacobi
configure: running /bin/sh './configure'  --cache-file=/dev/null --srcdir=.
checking for gcc... gcc
checking for C compiler default output file name... a.out
checking whether the C compiler works... yes
checking whether we are cross compiling... no
checking for suffix of executables... 
checking for suffix of object files... o
checking whether we are using the GNU C compiler... yes
checking whether gcc accepts -g... yes
checking for gcc option to accept ANSI C... none needed
checking whether we are using the GNU Fortran 77 compiler... no
checking whether f77 accepts -g... yes
checking for autoconf... autoconf
configure: creating ./config.status
config.status: creating Makefile
configure: configuring in laguerre
configure: running /bin/sh './configure'  --cache-file=/dev/null --srcdir=.
checking for gcc... gcc
checking for C compiler default output file name... a.out
checking whether the C compiler works... yes
checking whether we are cross compiling... no
checking for suffix of executables... 
checking for suffix of object files... o
checking whether we are using the GNU C compiler... yes
checking whether gcc accepts -g... yes
checking for gcc option to accept ANSI C... none needed
checking whether we are using the GNU Fortran 77 compiler... no
checking whether f77 accepts -g... yes
checking for autoconf... autoconf
checking if -lm needed for math functions... yes
configure: creating ./config.status
config.status: creating Makefile
configure: configuring in man
configure: running /bin/sh './configure'  --cache-file=/dev/null --srcdir=.
checking for autoconf... autoconf
checking for deroff... deroff
checking for ps2pdf... ps2pdf
checking for man2html... man2html
configure: creating ./config.status
config.status: creating Makefile
5.78user 10.65syst(cd common && make  prefix=/usr/local FWARN="" FOPT="-O" all )
f77 -g -O     -c -o d2norm.o d2norm.f
em 0:22.18elapsed 74%CPU (0avgtext+0avgdata 0maxresident)k
0inputs+0outputs (135364major+155536minor)pagefaults 0swaps
d2norm.f:
   d2norm:
f77 -g -O     -c -o dcopy.o dcopy.f
cc1: warning: changing search order for system directory "/usr/local/include"
cc1: warning:   as it has already been specified as a non-system directory
dcopy.f:
   dcopy:
cc1: warning: changing search order for system directory "/usr/local/include"
cc1: warning:   as it has already been specified as a non-system directory
f77 -g -O     -c -o deps.o deps.f
deps.f:
   deps:
f77 -g -O     -c -o derbit.o derbit.f
cc1: warning: changing search order for system directory "/usr/local/include"
cc1: warning:   as it has already been specified as a non-system directory
derbit.f:
   derbit:
cc1: warning: changing search order for system directory "/usr/local/include"
cc1: warning:   as it has already been specified as a non-system directory
f77 -g -O     -c -o dfloat.o dfloat.f
dfloat.f:
   dfloat:
f77 -g -O     -c -o dfpmax.o dfpmax.f
cc1: warning: changing search order for system directory "/usr/local/include"
cc1: warning:   as it has already been specified as a non-system directory
dfpmax.f:
   dfpmax:
cc1: warning: changing search order for system directory "/usr/local/include"
cc1: warning:   as it has already been specified as a non-system directory
f77 -g -O     -c -o dgamma.o dgamma.f
dgamma.f:
   dgamma:
cc1: warning: changing search order for system directory "/usr/local/include"
cc1: warning:   as it has already been specified as a non-system directory
f77 -g -O     -c -o dinf.o dinf.f
dinf.f:
   dinf:
f77 -g -O     -c -o diran.o diran.f
cc1: warning: changing search order for system directory "/usr/local/include"
cc1: warning:   as it has already been specified as a non-system directory
diran.f:
   diran:
f77 -g -O     -c -o dlgam.o dlgam.f
cc1: warning: changing search order for system directory "/usr/local/include"
cc1: warning:   as it has already been specified as a non-system directory
dlgam.f:
   dlgam:
f77 -g -O     -c -o dlog2.o dlog2.f
cc1: warning: changing search order for system directory "/usr/local/include"
cc1: warning:   as it has already been specified as a non-system directory
dlog2.f:
   dlog2:
cc1: warning: changing search order for system directory "/usr/local/include"
cc1: warning:   as it has already been specified as a non-system directory
f77 -g -O     -c -o dnan.o dnan.f
dnan.f:
   dnan:
f77 -g -O     -c -o dpsi.o dpsi.f
cc1: warning: changing search order for system directory "/usr/local/include"
cc1: warning:   as it has already been specified as a non-system directory
dpsi.f:
   dpsi:
cc1: warning: changing search order for system directory "/usr/local/include"
cc1: warning:   as it has already been specified as a non-system directory
f77 -g -O     -c -o dpsiln.o dpsiln.f
dpsiln.f:
   dpsiln:
cc1: warning: changing search order for system directory "/usr/local/include"
cc1: warning:   as it has already been specified as a non-system directory
f77 -g -O     -c -o dran.o dran.f
dran.f:
   dran:
cc1: warning: changing search order for system directory "/usr/local/include"
cc1: warning:   as it has already been specified as a non-system directory
f77 -g -O     -c -o dstore.o dstore.f
dstore.f:
   dstore:
f77 -g -O     -c -o dstorf.o dstorf.f
cc1: warning: changing search order for system directory "/usr/local/include"
cc1: warning:   as it has already been specified as a non-system directory
dstorf.f:
   dstorf:
f77 -g -O     -c -o dvsum.o dvsum.f
cc1: warning: changing search order for system directory "/usr/local/include"
cc1: warning:   as it has already been specified as a non-system directory
dvsum.f:
   dvsum:
cc1: warning: changing search order for system directory "/usr/local/include"
cc1: warning:   as it has already been specified as a non-system directory
f77 -g -O     -c -o ffalse.o ffalse.f
ffalse.f:
   ffalse:
f77 -g -O     -c -o ftrue.o ftrue.f
cc1: warning: changing search order for system directory "/usr/local/include"
cc1: warning:   as it has already been specified as a non-system directory
ftrue.f:
   ftrue:
f77 -g -O     -c -o getnan.o getnan.f
cc1: warning: changing search order for system directory "/usr/local/include"
cc1: warning:   as it has already been specified as a non-system directory
getnan.f:
   getnan:
f77 -g -O     -c -o idceil.o idceil.f
cc1: warning: changing search order for system directory "/usr/local/include"
cc1: warning:   as it has already been specified as a non-system directory
idceil.f:
   idceil:
f77 -g -O     -c -o isdinf.o isdinf.f
cc1: warning: changing search order for system directory "/usr/local/include"
cc1: warning:   as it has already been specified as a non-system directory
isdinf.f:
   isdinf:
cc1: warning: changing search order for system directory "/usr/local/include"
cc1: warning:   as it has already been specified as a non-system directory
f77 -g -O     -c -o isdnan.o isdnan.f
isdnan.f:
   isdnan:
f77 -g -O     -c -o pythag.o pythag.f
cc1: warning: changing search order for system directory "/usr/local/include"
cc1: warning:   as it has already been specified as a non-system directory
pythag.f:
   pythag:
cc1: warning: changing search order for system directory "/usr/local/include"
cc1: warning:   as it has already been specified as a non-system directory
f77 -g -O     -c -o tql1.o tql1.f
tql1.f:
   tql1:
cc1: warning: changing search order for system directory "/usr/local/include"
cc1: warning:   as it has already been specified as a non-system directory
ar -r ../libgjl.a d2norm.o dcopy.o deps.o derbit.o dfloat.o dfpmax.o dgamma.o dinf.o diran.o dlgam.o dlog2.o dnan.o dpsi.o dpsiln.o dran.o dstore.o dstorf.o dvsum.o ffalse.o ftrue.o getnan.o idceil.o isdinf.o isdnan.o pythag.o tql1.o
ranlib ../libgjl.a || true
f77 -g -O     -c -o aeps.o aeps.f
aeps.f:
   aeps:
cc1: warning: changing search order for system directory "/usr/local/include"
cc1: warning:   as it has already been specified as a non-system directory
f77 -g -O     -c -o afpmax.o afpmax.f
afpmax.f:
   afpmax:
f77 -g -O     -c -o ainf.o ainf.f
cc1: warning: changing search order for system directory "/usr/local/include"
cc1: warning:   as it has already been specified as a non-system directory
ainf.f:
   ainf:
cc1: warning: changing search order for system directory "/usr/local/include"
cc1: warning:   as it has already been specified as a non-system directory
f77 -g -O     -c -o airan.o airan.f
airan.f:
   airan:
f77 -g -O     -c -o algam.o algam.f
cc1: warning: changing search order for system directory "/usr/local/include"
cc1: warning:   as it has already been specified as a non-system directory
algam.f:
   algam:
f77 -g -O     -c -o alog2.o alog2.f
cc1: warning: changing search order for system directory "/usr/local/include"
cc1: warning:   as it has already been specified as a non-system directory
alog2.f:
   alog2:
f77 -g -O     -c -o anan.o anan.f
cc1: warning: changing search order for system directory "/usr/local/include"
cc1: warning:   as it has already been specified as a non-system directory
anan.f:
   anan:
f77 -g -O     -c -o astore.o astore.f
cc1: warning: changing search order for system directory "/usr/local/include"
cc1: warning:   as it has already been specified as a non-system directory
astore.f:
   astore:
f77 -g -O     -c -o astorf.o astorf.f
cc1: warning: changing search order for system directory "/usr/local/include"
cc1: warning:   as it has already been specified as a non-system directory
f77 -g -O     -c -o avsum.o avsum.f
astorf.f:
   astorf:
cc1: warning: changing search order for system directory "/usr/local/include"
cc1: warning:   as it has already been specified as a non-system directory
avsum.f:
   avsum:
f77 -g -O     -c -o gamma.o gamma.f
cc1: warning: changing search order for system directory "/usr/local/include"
cc1: warning:   as it has already been specified as a non-system directory
gamma.f:
   gamma:
cc1: warning: changing search order for system directory "/usr/local/include"
cc1: warning:   as it has already been specified as a non-system directory
f77 -g -O     -c -o iceil.o iceil.f
iceil.f:
   iceil:
cc1: warning: changing search order for system directory "/usr/local/include"
cc1: warning:   as it has already been specified as a non-system directory
f77 -g -O     -c -o isainf.o isainf.f
isainf.f:
   isainf:
f77 -g -O     -c -o isanan.o isanan.f
cc1: warning: changing search order for system directory "/usr/local/include"
cc1: warning:   as it has already been specified as a non-system directory
isanan.f:
   isanan:
f77 -g -O     -c -o psi.o psi.f
cc1: warning: changing search order for system directory "/usr/local/include"
cc1: warning:   as it has already been specified as a non-system directory
psi.f:
   psi:
cc1: warning: changing search order for system directory "/usr/local/include"
cc1: warning:   as it has already been specified as a non-system directory
f77 -g -O     -c -o psiln.o psiln.f
psiln.f:
   psiln:
cc1: warning: changing search order for system directory "/usr/local/include"
cc1: warning:   as it has already been specified as a non-system directory
f77 -g -O     -c -o ran.o ran.f
ran.f:
   ran:
ar -r ../libgjl.a aeps.o afpmax.o ainf.o airan.o algam.o alog2.o anan.o astore.o astorf.o avsum.o gamma.o iceil.o isainf.o isanan.o psi.o psiln.o ran.o
cc1: warning: changing search order for system directory "/usr/local/include"
cc1: warning:   as it has already been specified as a non-system directory
ranlib ../libgjl.a || true
for subdir in man gampsi jacobi laguerre common ; do echo ============================== Making all in $subdir ; ( cd $subdir && make  prefix=/usr/local FWARN="" FOPT="-O" all ) ; done
============================== Making all in man
============================== Making all in gampsi
(cd ../common; make lib-dp)
ar -r ../libgjl.a d2norm.o dcopy.o deps.o derbit.o dfloat.o dfpmax.o dgamma.o dinf.o diran.o dlgam.o dlog2.o dnan.o dpsi.o dpsiln.o dran.o dstore.o dstorf.o dvsum.o ffalse.o ftrue.o getnan.o idceil.o isdinf.o isdnan.o pythag.o tql1.o
ranlib ../libgjl.a || true
f77 -g -O -I../common   -c -o tdgen.o tdgen.f
tdgen.f:
   MAIN tdgen:
cc1: warning: changing search order for system directory "/usr/local/include"
cc1: warning:   as it has already been specified as a non-system directory
f77 -g -O -I../common   -c -o funhdr.o funhdr.f
funhdr.f:
   funhdr:
cc1: warning: changing search order for system directory "/usr/local/include"
cc1: warning:   as it has already been specified as a non-system directory
f77 -g -O -I../common   -c -o dgen.o dgen.f
dgen.f:
   dgen:
cc1: warning: changing search order for system directory "/usr/local/include"
cc1: warning:   as it has already been specified as a non-system directory
f77 -g -O -I../common   -o tdgen tdgen.o funhdr.o dgen.o ../common/dfloat.o ../common/dinf.o ../common/diran.o ../common/dnan.o ../common/dran.o ../common/dstorf.o ../common/idceil.o ../common/isdnan.o ../common/dgamma.o ../common/dlgam.o ../common/dpsi.o ../common/dpsiln.o 
(cd ../common; make lib-sp)
ar -r ../libgjl.a aeps.o afpmax.o ainf.o airan.o algam.o alog2.o anan.o astore.o astorf.o avsum.o gamma.o iceil.o isainf.o isanan.o psi.o psiln.o ran.o
ranlib ../libgjl.a || true
f77 -g -O -I../common   -c -o tagen.o tagen.f
tagen.f:
   MAIN tagen:
cc1: warning: changing search order for system directory "/usr/local/include"
cc1: warning:   as it has already been specified as a non-system directory
f77 -g -O -I../common   -c -o agen.o agen.f
agen.f:
   agen:
cc1: warning: changing search order for system directory "/usr/local/include"
cc1: warning:   as it has already been specified as a non-system directory
f77 -g -O -I../common   -o tagen tagen.o funhdr.o agen.o ../common/ainf.o ../common/airan.o ../common/anan.o ../common/astorf.o ../common/iceil.o ../common/isanan.o ../common/ran.o ../common/algam.o ../common/dfloat.o ../common/gamma.o ../common/idceil.o ../common/psi.o ../common/psiln.o 
============================== Making all in jacobi
f77 -g -O -I../common   -c -o gjqf.o gjqf.f
gjqf.f:
   gjqf:
cc1: warning: changing search order for system directory "/usr/local/include"
cc1: warning:   as it has already been specified as a non-system directory
f77 -g -O -I../common   -c -o gjqfd.o gjqfd.f
gjqfd.f:
   gjqfd:
cc1: warning: changing search order for system directory "/usr/local/include"
cc1: warning:   as it has already been specified as a non-system directory
f77 -g -O -I../common   -c -o gjqli.o gjqli.f
gjqli.f:
   gjqli:
cc1: warning: changing search order for system directory "/usr/local/include"
cc1: warning:   as it has already been specified as a non-system directory
f77 -g -O -I../common   -c -o gjqrc.o gjqrc.f
gjqrc.f:
   gjqrc:
cc1: warning: changing search order for system directory "/usr/local/include"
cc1: warning:   as it has already been specified as a non-system directory
(cd ../common; make lib-dp)
ar -r ../libgjl.a d2norm.o dcopy.o deps.o derbit.o dfloat.o dfpmax.o dgamma.o dinf.o diran.o dlgam.o dlog2.o dnan.o dpsi.o dpsiln.o dran.o dstore.o dstorf.o dvsum.o ffalse.o ftrue.o getnan.o idceil.o isdinf.o isdnan.o pythag.o tql1.o
ranlib ../libgjl.a || true
ar -r ../libgjl.a gjqf.o gjqfd.o gjqli.o gjqrc.o
ranlib ../libgjl.a || true
f77 -g -O -I../common   -c -o tgjf1.o tgjf1.f
tgjf1.f:
   MAIN tgjf1:
cc1: warning: changing search order for system directory "/usr/local/include"
cc1: warning:   as it has already been specified as a non-system directory
f77 -g -O -I../common   -c -o ../common/prthdr.o ../common/prthdr.f
../common/prthdr.f:
   prthdr:
f77 -g -O -I../common   -c -o ../common/trapit.o ../common/trapit.f
cc1: warning: changing search order for system directory "/usr/local/include"
cc1: warning:   as it has already been specified as a non-system directory
../common/trapit.f:
   trapit:
cc1: warning: changing search order for system directory "/usr/local/include"
cc1: warning:   as it has already been specified as a non-system directory
f77 -g -O -I../common   -o tgjf1 tgjf1.o gjqf.o gjqli.o gjqrc.o gjqfd.o ../common/d2norm.o ../common/dcopy.o ../common/deps.o ../common/derbit.o ../common/dfloat.o ../common/dgamma.o ../common/dinf.o ../common/dlog2.o ../common/dnan.o ../common/dpsi.o ../common/dstore.o ../common/dstorf.o ../common/dvsum.o ../common/isdnan.o ../common/prthdr.o ../common/pythag.o ../common/tql1.o ../common/trapit.o ../libgjl.a
f77 -g -O -I../common   -c -o tgjf2.o tgjf2.f
tgjf2.f:
   MAIN tgjf2:
cc1: warning: changing search order for system directory "/usr/local/include"
cc1: warning:   as it has already been specified as a non-system directory
f77 -g -O -I../common   -o tgjf2 tgjf2.o gjqf.o gjqli.o gjqrc.o gjqfd.o ../common/d2norm.o ../common/dcopy.o ../common/deps.o ../common/derbit.o ../common/dfloat.o ../common/dgamma.o ../common/dinf.o ../common/dlog2.o ../common/dnan.o ../common/dpsi.o ../common/dstore.o ../common/dstorf.o ../common/dvsum.o ../common/isdnan.o ../common/prthdr.o ../common/pythag.o ../common/tql1.o ../common/trapit.o ../libgjl.a
f77 -g -O -I../common   -c -o tgjfd1.o tgjfd1.f
tgjfd1.f:
   MAIN tgjfd1:
cc1: warning: changing search order for system directory "/usr/local/include"
cc1: warning:   as it has already been specified as a non-system directory
f77 -g -O -I../common   -o tgjfd1 tgjfd1.o gjqfd.o ../common/d2norm.o ../common/dcopy.o ../common/deps.o ../common/derbit.o ../common/dfloat.o ../common/dgamma.o ../common/dinf.o ../common/dlog2.o ../common/dnan.o ../common/dpsi.o ../common/dstore.o ../common/dstorf.o ../common/dvsum.o ../common/isdnan.o ../common/prthdr.o ../common/pythag.o ../common/tql1.o ../common/trapit.o ../libgjl.a
f77 -g -O -I../common   -c -o tgjfd2.o tgjfd2.f
tgjfd2.f:
   MAIN tgjfd2:
cc1: warning: changing search order for system directory "/usr/local/include"
cc1: warning:   as it has already been specified as a non-system directory
f77 -g -O -I../common   -o tgjfd2 tgjfd2.o gjqfd.o ../common/d2norm.o ../common/dcopy.o ../common/deps.o ../common/derbit.o ../common/dfloat.o ../common/dgamma.o ../common/dinf.o ../common/dlog2.o ../common/dnan.o ../common/dpsi.o ../common/dstore.o ../common/dstorf.o ../common/dvsum.o ../common/isdnan.o ../common/prthdr.o ../common/pythag.o ../common/tql1.o ../common/trapit.o ../libgjl.a
============================== Making all in laguerre
f77 -g -O -I../common   -c -o glqf.o glqf.f
glqf.f:
   glqf:
cc1: warning: changing search order for system directory "/usr/local/include"
cc1: warning:   as it has already been specified as a non-system directory
f77 -g -O -I../common   -c -o glqfd.o glqfd.f
glqfd.f:
   glqfd:
cc1: warning: changing search order for system directory "/usr/local/include"
cc1: warning:   as it has already been specified as a non-system directory
f77 -g -O -I../common   -c -o glqli.o glqli.f
glqli.f:
   glqli:
cc1: warning: changing search order for system directory "/usr/local/include"
cc1: warning:   as it has already been specified as a non-system directory
f77 -g -O -I../common   -c -o glqrc.o glqrc.f
glqrc.f:
   glqrc:
Warning on line 1 of glqrc.f: dvsum declared EXTERNAL but never used.
cc1: warning: changing search order for system directory "/usr/local/include"
cc1: warning:   as it has already been specified as a non-system directory
(cd ../common; make lib-dp)
ar -r ../libgjl.a d2norm.o dcopy.o deps.o derbit.o dfloat.o dfpmax.o dgamma.o dinf.o diran.o dlgam.o dlog2.o dnan.o dpsi.o dpsiln.o dran.o dstore.o dstorf.o dvsum.o ffalse.o ftrue.o getnan.o idceil.o isdinf.o isdnan.o pythag.o tql1.o
ranlib ../libgjl.a || true
ar -r ../libgjl.a glqf.o glqfd.o glqli.o glqrc.o
ranlib ../libgjl.a || true
f77 -g -O -I../common   -c -o tglf1.o tglf1.f
tglf1.f:
   MAIN tglf1:
cc1: warning: changing search order for system directory "/usr/local/include"
cc1: warning:   as it has already been specified as a non-system directory
f77 -g -O -I../common   -o tglf1 tglf1.o glqf.o glqli.o glqfd.o glqrc.o ../common/prthdr.o ../common/d2norm.o ../common/dcopy.o ../common/deps.o ../common/derbit.o ../common/dfloat.o ../common/dgamma.o ../common/dinf.o ../common/dlog2.o ../common/dnan.o ../common/dpsi.o ../common/dstore.o ../common/dstorf.o ../common/dvsum.o ../common/isdnan.o ../common/pythag.o ../common/tql1.o ../common/trapit.o
f77 -g -O -I../common   -c -o tglf2.o tglf2.f
tglf2.f:
   MAIN tglf2:
cc1: warning: changing search order for system directory "/usr/local/include"
cc1: warning:   as it has already been specified as a non-system directory
f77 -g -O -I../common   -o tglf2 tglf2.o glqf.o glqli.o glqfd.o glqrc.o ../common/prthdr.o ../common/d2norm.o ../common/dcopy.o ../common/deps.o ../common/derbit.o ../common/dfloat.o ../common/dgamma.o ../common/dinf.o ../common/dlog2.o ../common/dnan.o ../common/dpsi.o ../common/dstore.o ../common/dstorf.o ../common/dvsum.o ../common/isdnan.o ../common/pythag.o ../common/tql1.o ../common/trapit.o
f77 -g -O -I../common   -c -o tglf3.o tglf3.f
tglf3.f:
   MAIN tglf3:
cc1: warning: changing search order for system directory "/usr/local/include"
cc1: warning:   as it has already been specified as a non-system directory
f77 -g -O -I../common   -o tglf3 tglf3.o glqf.o glqli.o glqfd.o glqrc.o ../common/prthdr.o ../common/d2norm.o ../common/dcopy.o ../common/deps.o ../common/derbit.o ../common/dfloat.o ../common/dgamma.o ../common/dinf.o ../common/dlog2.o ../common/dnan.o ../common/dpsi.o ../common/dstore.o ../common/dstorf.o ../common/dvsum.o ../common/isdnan.o ../common/pythag.o ../common/tql1.o ../common/trapit.o
f77 -g -O -I../common   -c -o tglf4.o tglf4.f
tglf4.f:
   MAIN tglf4:
cc1: warning: changing search order for system directory "/usr/local/include"
cc1: warning:   as it has already been specified as a non-system directory
f77 -g -O -I../common   -o tglf4 tglf4.o glqf.o glqli.o glqfd.o glqrc.o ../common/prthdr.o ../common/d2norm.o ../common/dcopy.o ../common/deps.o ../common/derbit.o ../common/dfloat.o ../common/dgamma.o ../common/dinf.o ../common/dlog2.o ../common/dnan.o ../common/dpsi.o ../common/dstore.o ../common/dstorf.o ../common/dvsum.o ../common/isdnan.o ../common/pythag.o ../common/tql1.o ../common/trapit.o
f77 -g -O -I../common   -c -o tglf5.o tglf5.f
tglf5.f:
   MAIN tglf5:
cc1: warning: changing search order for system directory "/usr/local/include"
cc1: warning:   as it has already been specified as a non-system directory
f77 -g -O -I../common   -o tglf5 tglf5.o glqf.o glqli.o glqfd.o glqrc.o ../common/prthdr.o ../common/d2norm.o ../common/dcopy.o ../common/deps.o ../common/derbit.o ../common/dfloat.o ../common/dgamma.o ../common/dinf.o ../common/dlog2.o ../common/dnan.o ../common/dpsi.o ../common/dstore.o ../common/dstorf.o ../common/dvsum.o ../common/isdnan.o ../common/pythag.o ../common/tql1.o ../common/trapit.o
f77 -g -O -I../common   -c -o tglf6.o tglf6.f
tglf6.f:
   MAIN tglf6:
cc1: warning: changing search order for system directory "/usr/local/include"
cc1: warning:   as it has already been specified as a non-system directory
f77 -g -O -I../common   -o tglf6 tglf6.o glqf.o glqli.o glqfd.o glqrc.o ../common/prthdr.o ../common/d2norm.o ../common/dcopy.o ../common/deps.o ../common/derbit.o ../common/dfloat.o ../common/dgamma.o ../common/dinf.o ../common/dlog2.o ../common/dnan.o ../common/dpsi.o ../common/dstore.o ../common/dstorf.o ../common/dvsum.o ../common/isdnan.o ../common/pythag.o ../common/tql1.o ../common/trapit.o
f77 -g -O -I../common   -c -o tglfd1.o tglfd1.f
tglfd1.f:
   MAIN tglfd1:
cc1: warning: changing search order for system directory "/usr/local/include"
cc1: warning:   as it has already been specified as a non-system directory
f77 -g -O -I../common   -o tglfd1 tglfd1.o glqli.o glqfd.o glqrc.o ../common/prthdr.o ../common/d2norm.o ../common/dcopy.o ../common/deps.o ../common/derbit.o ../common/dfloat.o ../common/dgamma.o ../common/dinf.o ../common/dlog2.o ../common/dnan.o ../common/dpsi.o ../common/dstore.o ../common/dstorf.o ../common/dvsum.o ../common/isdnan.o ../common/pythag.o ../common/tql1.o ../common/trapit.o
f77 -g -O -I../common   -c -o tglfd2.o tglfd2.f
tglfd2.f:
   MAIN tglfd2:
cc1: warning: changing search order for system directory "/usr/local/include"
cc1: warning:   as it has already been specified as a non-system directory
f77 -g -O -I../common   -o tglfd2 tglfd2.o glqli.o glqfd.o glqrc.o ../common/prthdr.o ../common/d2norm.o ../common/dcopy.o ../common/deps.o ../common/derbit.o ../common/dfloat.o ../common/dgamma.o ../common/dinf.o ../common/dlog2.o ../common/dnan.o ../common/dpsi.o ../common/dstore.o ../common/dstorf.o ../common/dvsum.o ../common/isdnan.o ../common/pythag.o ../common/tql1.o ../common/trapit.o
f77 -g -O -I../common   -c -o tglfd3.o tglfd3.f
tglfd3.f:
   MAIN tglfd3:
cc1: warning: changing search order for system directory "/usr/local/include"
cc1: warning:   as it has already been specified as a non-system directory
f77 -g -O -I../common   -o tglfd3 tglfd3.o glqli.o glqfd.o glqrc.o ../common/prthdr.o ../common/d2norm.o ../common/dcopy.o ../common/deps.o ../common/derbit.o ../common/dfloat.o ../common/dgamma.o ../common/dinf.o ../common/dlog2.o ../common/dnan.o ../common/dpsi.o ../common/dstore.o ../common/dstorf.o ../common/dvsum.o ../common/isdnan.o ../common/pythag.o ../common/tql1.o ../common/trapit.o
f77 -g -O -I../common   -c -o tglfd4.o tglfd4.f
tglfd4.f:
   MAIN tglfd4:
cc1: warning: changing search order for system directory "/usr/local/include"
cc1: warning:   as it has already been specified as a non-system directory
f77 -g -O -I../common   -o tglfd4 tglfd4.o glqli.o glqfd.o glqrc.o ../common/prthdr.o ../common/d2norm.o ../common/dcopy.o ../common/deps.o ../common/derbit.o ../common/dfloat.o ../common/dgamma.o ../common/dinf.o ../common/dlog2.o ../common/dnan.o ../common/dpsi.o ../common/dstore.o ../common/dstorf.o ../common/dvsum.o ../common/isdnan.o ../common/pythag.o ../common/tql1.o ../common/trapit.o
f77 -g -O -I../common   -c -o tglfd5.o tglfd5.f
tglfd5.f:
   MAIN tglfd5:
cc1: warning: changing search order for system directory "/usr/local/include"
cc1: warning:   as it has already been specified as a non-system directory
f77 -g -O -I../common   -o tglfd5 tglfd5.o glqli.o glqfd.o glqrc.o ../common/prthdr.o ../common/d2norm.o ../common/dcopy.o ../common/deps.o ../common/derbit.o ../common/dfloat.o ../common/dgamma.o ../common/dinf.o ../common/dlog2.o ../common/dnan.o ../common/dpsi.o ../common/dstore.o ../common/dstorf.o ../common/dvsum.o ../common/isdnan.o ../common/pythag.o ../common/tql1.o ../common/trapit.o
f77 -g -O -I../common   -c -o tglfd6.o tglfd6.f
tglfd6.f:
   MAIN tglfd6:
cc1: warning: changing search order for system directory "/usr/local/include"
cc1: warning:   as it has already been specified as a non-system directory
f77 -g -O -I../common   -o tglfd6 tglfd6.o glqli.o glqfd.o glqrc.o ../common/prthdr.o ../common/d2norm.o ../common/dcopy.o ../common/deps.o ../common/derbit.o ../common/dfloat.o ../common/dgamma.o ../common/dinf.o ../common/dlog2.o ../common/dnan.o ../common/dpsi.o ../common/dstore.o ../common/dstorf.o ../common/dvsum.o ../common/isdnan.o ../common/pythag.o ../common/tql1.o ../common/trapit.o
============================== Making all in common
ar -r ../libgjl.a d2norm.o dcopy.o deps.o derbit.o dfloat.o dfpmax.o dgamma.o dinf.o diran.o dlgam.o dlog2.o dnan.o dpsi.o dpsiln.o dran.o dstore.o dstorf.o dvsum.o ffalse.o ftrue.o getnan.o idceil.o isdinf.o isdnan.o pythag.o tql1.o
ranlib ../libgjl.a || true
ar -r ../libgjl.a aeps.o afpmax.o ainf.o airan.o algam.o alog2.o anan.o astore.o astorf.o avsum.o gamma.o iceil.o isainf.o isanan.o psi.o psiln.o ran.o
ranlib ../libgjl.a || true
16.880u 7.150s 0:30.12 79.7%	0+0k 0+0io 172302pf+0w
for subdir in man gampsi jacobi laguerre common ; do echo ============================== Making check-dp in $subdir ; ( cd $subdir && make  prefix=/usr/local FWARN="" FOPT="-O" check-dp ) ; done
============================== Making check-dp in man
There is no validation suite in this directory
============================== Making check-dp in gampsi
Checking tdgen ...
File differences are made with: /usr/local/bin/ndiff --relerr 5.0e-11 --minwidth 10
cos001
okay/cos001.out cos001.out differ: byte 135, line 7
### Maximum relative error in matching lines = 8.80e-17 at line 8 field 5
Checking tdgen ...
File differences are made with: /usr/local/bin/ndiff --relerr 5.0e-11 --minwidth 10
cos101
okay/cos101.out cos101.out differ: byte 147, line 7
### Maximum relative error in matching lines = 1.09e-16 at line 8110 field 5
cos102
okay/cos102.out cos102.out differ: byte 147, line 7
### Maximum relative error in matching lines = 2.05e-16 at line 10278 field 5
cos103
okay/cos103.out cos103.out differ: byte 147, line 7
### Maximum relative error in matching lines = 1.09e-16 at line 8694 field 5
Checking tdgen ...
File differences are made with: /usr/local/bin/ndiff --relerr 5.0e-11 --minwidth 10
cos201
okay/cos201.out cos201.out differ: byte 147, line 7
### Maximum relative error in matching lines = 7.91e-14 at line 10579 field 5
delefun.f:
   MAIN delefun:
   f:
cc1: warning: changing search order for system directory "/usr/local/include"
cc1: warning:   as it has already been specified as a non-system directory
Checking tdgen ...
File differences are made with: /usr/local/bin/ndiff --relerr 5.0e-11 --minwidth 10
exp001
okay/exp001.out exp001.out differ: byte 135, line 7
### Maximum relative error in matching lines = 8.86e-17 at line 15 field 5
Checking tdgen ...
File differences are made with: /usr/local/bin/ndiff --relerr 5.0e-11 --minwidth 10
exp101
okay/exp101.out exp101.out differ: byte 147, line 7
### Maximum relative error in matching lines = 1.27e-16 at line 10608 field 5
tdfpmx.f:
   MAIN tdfpmx:
cc1: warning: changing search order for system directory "/usr/local/include"
cc1: warning:   as it has already been specified as a non-system directory
Checking tdfpmx ...
File differences are made with: /usr/local/bin/ndiff --relerr 5.0e-11 --minwidth 10
dfpm01
okay/dfpm01.out dfpm01.out differ: byte 38, line 1
Checking tdgen ...
File differences are made with: /usr/local/bin/ndiff --relerr 5.0e-11 --minwidth 10
gam001
okay/gam001.out gam001.out differ: byte 175, line 9
### Maximum relative error in matching lines = 4.49e-15 at line 104 field 5
Checking tdgen ...
File differences are made with: /usr/local/bin/ndiff --relerr 5.0e-11 --minwidth 10
gam101
okay/gam101.out gam101.out differ: byte 189, line 9
### Maximum relative error in matching lines = 2.15e-15 at line 8979 field 5
gam102
okay/gam102.out gam102.out differ: byte 188, line 9
8271c8271
< 2          -1437881687.   -23 0  3.2190259996495262768898388506609774067541016948562e-310 0 0
--- field 5	relative error 1.0e+00
> 2          -1437881687.   -23 0  0.000000000000000000E+000 0 0
8284c8284
< 2          -1435865686.   -23 0  2.1060033022938082473490931178187079067949119021935e-309 0 0
--- field 5	relative error 1.0e+00
> 2          -1435865686.   -23 0  0.000000000000000000E+000 0 0
8620c8620
< 2          -1436046166.   -23 0  1.6936814422437231751404174180212959399367164942901e-309 0 0
--- field 5	relative error 1.0e+00
> 2          -1436046166.   -23 0  0.000000000000000000E+000 0 0
8730c8730
< 2          -1436918615.   -23 0  6.9878452180838503989704325835311805201380625187489e-310 0 0
--- field 5	relative error 1.0e+00
> 2          -1436918615.   -23 0  0.000000000000000000E+000 0 0
### Maximum relative error in matching lines = 2.28e-15 at line 8979 field 5
gam103
okay/gam103.out gam103.out differ: byte 188, line 9
### Maximum relative error in matching lines = 6.00e-16 at line 5666 field 5
Checking tdgen ...
File differences are made with: /usr/local/bin/ndiff --relerr 5.0e-11 --minwidth 10
gam301
okay/gam301.out gam301.out differ: byte 206, line 9
### Maximum relative error in matching lines = 8.90e-16 at line 10082 field 5
Checking tdgen ...
File differences are made with: /usr/local/bin/ndiff --relerr 5.0e-11 --minwidth 10
lga001
okay/lga001.out lga001.out differ: byte 141, line 7
7c7
< 2                    0.     0 0                                                  Infinity 0 0
--- field 5
> 2                     .0       0 0                        NAN 0 0
12c12
< 2                  Inf     0 0                                                  Infinity 0 0
--- field 5
> 2                    inf       0 0                        NAN 0 0
### Maximum relative error in matching lines = 3.34e-17 at line 10 field 5
Checking tdgen ...
File differences are made with: /usr/local/bin/ndiff --relerr 5.0e-11 --minwidth 10
lga101
okay/lga101.out lga101.out differ: byte 153, line 7
### Maximum relative error in matching lines = 8.85e-13 at line 5514 field 5
lga102
okay/lga102.out lga102.out differ: byte 153, line 7
### Maximum relative error in matching lines = 1.88e-13 at line 3559 field 5
lga103
okay/lga103.out lga103.out differ: byte 153, line 7
### Maximum relative error in matching lines = 6.89e-13 at line 6002 field 5
Checking tdgen ...
File differences are made with: /usr/local/bin/ndiff --relerr 5.0e-11 --minwidth 10
lga201
okay/lga201.out lga201.out differ: byte 153, line 7
### Maximum relative error in matching lines = 1.17e-15 at line 84 field 5
Checking tdgen ...
File differences are made with: /usr/local/bin/ndiff --relerr 5.0e-11 --minwidth 10
log001
okay/log001.out log001.out differ: byte 135, line 7
### Maximum relative error in matching lines = 8.24e-17 at line 12 field 5
Checking tdgen ...
File differences are made with: /usr/local/bin/ndiff --relerr 5.0e-11 --minwidth 10
log101
okay/log101.out log101.out differ: byte 146, line 7
### Maximum relative error in matching lines = 1.10e-16 at line 7436 field 5
log102
okay/log102.out log102.out differ: byte 146, line 7
### Maximum relative error in matching lines = 1.09e-16 at line 7677 field 5
log103
okay/log103.out log103.out differ: byte 146, line 7
### Maximum relative error in matching lines = 1.09e-16 at line 4520 field 5
Checking tdgen ...
File differences are made with: /usr/local/bin/ndiff --relerr 5.0e-11 --minwidth 10
psi001
okay/psi001.out psi001.out differ: byte 247, line 10
10c10
< 2                    0.0       0 0 Infinity                                                   0 0
--- field 5
> 2                     .0       0 0                       -INF 0 0
### Maximum relative error in matching lines = 6.88e-17 at line 19 field 5
psi002
okay/psi002.out psi002.out differ: byte 258, line 10
### Maximum relative error in matching lines = 5.84e-17 at line 11 field 5
psi003
okay/psi003.out psi003.out differ: byte 261, line 10
psi006
okay/psi006.out psi006.out differ: byte 228, line 10
10c10
< 2 1.0   -1030 0 Infinity 0 0
--- field 3	relative error 9.80e-03
> 2                     .0   -1020 0                        INF 0 0
Checking tdgen ...
File differences are made with: /usr/local/bin/ndiff --relerr 5.0e-11 --minwidth 10
psi101
okay/psi101.out psi101.out differ: byte 258, line 10
### Maximum relative error in matching lines = 1.96e-16 at line 305 field 5
psi102
okay/psi102.out psi102.out differ: byte 259, line 10
### Maximum relative error in matching lines = 5.01e-14 at line 10006 field 5
psi103
okay/psi103.out psi103.out differ: byte 259, line 10
### Maximum relative error in matching lines = 1.16e-13 at line 2012 field 5
psi104
okay/psi104.out psi104.out differ: byte 259, line 10
### Maximum relative error in matching lines = 2.95e-14 at line 8290 field 5
psi105
okay/psi105.out psi105.out differ: byte 259, line 10
### Maximum relative error in matching lines = 2.06e-16 at line 1615 field 5
psi106
okay/psi106.out psi106.out differ: byte 258, line 10
### Maximum relative error in matching lines = 2.13e-16 at line 6027 field 5
psi107
okay/psi107.out psi107.out differ: byte 258, line 10
### Maximum relative error in matching lines = 8.94e-17 at line 2746 field 5
Checking tdgen ...
File differences are made with: /usr/local/bin/ndiff --relerr 5.0e-11 --minwidth 10
psi201
okay/psi201.out psi201.out differ: byte 258, line 10
### Maximum relative error in matching lines = 3.94e-15 at line 5355 field 5
Checking tdgen ...
File differences are made with: /usr/local/bin/ndiff --relerr 5.0e-11 --minwidth 10
psi301
okay/psi301.out psi301.out differ: byte 258, line 10
### Maximum relative error in matching lines = 4.23e-13 at line 6050 field 5
Checking tdgen ...
File differences are made with: /usr/local/bin/ndiff --relerr 5.0e-11 --minwidth 10
psi402
okay/psi402.out psi402.out differ: byte 259, line 10
7517c7517
< 2  -143552237253163104.   -45 0  -4.0467387574260058660953059618179715113862479319482e+04 0 0
--- field 5	relative error 1.84e-08
> 2  -143552237253163120.   -45 0 -4.046738831926466810E+004 0 0
### Maximum relative error in matching lines = 2.32e-14 at line 7984 field 5
Checking tdgen ...
File differences are made with: /usr/local/bin/ndiff --relerr 5.0e-11 --minwidth 10
psi601
okay/psi601.out psi601.out differ: byte 258, line 10
### Maximum relative error in matching lines = 2.80e-16 at line 8439 field 5
psi602
okay/psi602.out psi602.out differ: byte 259, line 10
### Maximum relative error in matching lines = 2.51e-16 at line 7887 field 5
Checking tdgen ...
File differences are made with: /usr/local/bin/ndiff --relerr 5.0e-11 --minwidth 10
pln001
okay/pln001.out pln001.out differ: byte 284, line 11
### Maximum relative error in matching lines = 6.02e-16 at line 15 field 5
Checking tdgen ...
File differences are made with: /usr/local/bin/ndiff --relerr 5.0e-11 --minwidth 10
pln101
okay/pln101.out pln101.out differ: byte 295, line 11
### Maximum relative error in matching lines = 2.93e-15 at line 8650 field 5
Checking tdgen ...
File differences are made with: /usr/local/bin/ndiff --relerr 5.0e-11 --minwidth 10
pln201
okay/pln201.out pln201.out differ: byte 295, line 11
### Maximum relative error in matching lines = 2.29e-15 at line 28 field 5
Checking tdgen ...
File differences are made with: /usr/local/bin/ndiff --relerr 5.0e-11 --minwidth 10
sin001
okay/sin001.out sin001.out differ: byte 135, line 7
### Maximum relative error in matching lines = 6.45e-17 at line 14 field 5
Checking tdgen ...
File differences are made with: /usr/local/bin/ndiff --relerr 5.0e-11 --minwidth 10
sin101
okay/sin101.out sin101.out differ: byte 147, line 7
### Maximum relative error in matching lines = 1.09e-16 at line 3324 field 5
sin102
okay/sin102.out sin102.out differ: byte 147, line 7
### Maximum relative error in matching lines = 1.09e-16 at line 2070 field 5
sin103
okay/sin103.out sin103.out differ: byte 147, line 7
### Maximum relative error in matching lines = 1.09e-16 at line 4667 field 5
Checking tdgen ...
File differences are made with: /usr/local/bin/ndiff --relerr 5.0e-11 --minwidth 10
sin201
okay/sin201.out sin201.out differ: byte 147, line 7
### Maximum relative error in matching lines = 2.25e-15 at line 9867 field 5
Checking tdgen ...
File differences are made with: /usr/local/bin/ndiff --relerr 5.0e-11 --minwidth 10
tan001
okay/tan001.out tan001.out differ: byte 135, line 7
### Maximum relative error in matching lines = 8.47e-17 at line 14 field 5
Checking tdgen ...
File differences are made with: /usr/local/bin/ndiff --relerr 5.0e-11 --minwidth 10
tan101
okay/tan101.out tan101.out differ: byte 147, line 7
### Maximum relative error in matching lines = 1.10e-16 at line 3366 field 5
tan102
okay/tan102.out tan102.out differ: byte 147, line 7
### Maximum relative error in matching lines = 1.10e-16 at line 3783 field 5
Checking tdgen ...
File differences are made with: /usr/local/bin/ndiff --relerr 5.0e-11 --minwidth 10
tan201
okay/tan201.out tan201.out differ: byte 147, line 7
### Maximum relative error in matching lines = 7.90e-14 at line 10579 field 5
============================== Making check-dp in jacobi
(cd ../common; make lib-dp)
ar -r ../libgjl.a d2norm.o dcopy.o deps.o derbit.o dfloat.o dfpmax.o dgamma.o dinf.o diran.o dlgam.o dlog2.o dnan.o dpsi.o dpsiln.o dran.o dstore.o dstorf.o dvsum.o ffalse.o ftrue.o getnan.o idceil.o isdinf.o isdnan.o pythag.o tql1.o
ranlib ../libgjl.a || true
ar -r ../libgjl.a gjqf.o gjqfd.o gjqli.o gjqrc.o
ranlib ../libgjl.a || true
========================================================================
There should be no output from these tests, except their names. If
ndiff is available, there will also be reports of the maximum absolute
and relative errors found. If small numeric differences are reported,
then YOU must decide whether they are significant. You can do
         make check RELERR=xxx
to rerun the tests with a different relative error tolerance, where xxx
is either a suitable small positive floating-point number, or else a
value >= 1.0, meaning that multiple of the machine epsilon.
========================================================================
Checking tgjf1 ...
File differences are made with: /usr/local/bin/ndiff --relerr 1.0e-10 --minwidth 10 --abserr 0
gjf101
### Maximum relative error in matching lines = 2.54e-13 at line 55 field 5
### Maximum relative error in matching lines = 2.22e-14 at line 46 field 6
gjf102
22c22
<     13   -0.000000000000001    1.190475237977319E-01   -3.924654934481443E-02    8.601253434791832E-02
--- field 2	relative error 1.0e+00
>     13     .000000000000000    1.190475237977318E-01   -3.924654934481198E-02    8.601253434791897E-02
184c184
<     13   -0.000000000000002    1.186182897098736E-01   -3.903335878242045E-02    8.567384099551958E-02
--- field 2	relative error 3.0e+00
>     13     .000000000000001    1.186182897098735E-01   -3.903335878241435E-02    8.567384099552081E-02
### Maximum relative error in matching lines = 1.45e-12 at line 196 field 5
### Maximum relative error in matching lines = 4.70e-14 at line 56 field 6
gjf103
### Maximum relative error in matching lines = 2.25e-12 at line 196 field 5
### Maximum relative error in matching lines = 7.62e-14 at line 206 field 6
gjf104
22c22
<     13    0.000000000000000    1.208304866765306E-01   -4.013091197275015E-02    8.742244393316674E-02
--- field 2	relative error 1.0e+00
>     13    -.000000000000001    1.208304866765305E-01   -4.013091197274928E-02    8.742244393316310E-02
284c284
<     38   -0.000000000000001    4.133674544197099E-02   -1.401667347449951E-02    2.909730518649745E-02
--- field 2	relative error 1.0e+00
>     38     .000000000000000    4.133674544197097E-02   -1.401667347447966E-02    2.909730518649484E-02
472c472
<   Minimum relative error =   0.00E+00       0.00 ulps       0.00 bits at nquad =   25
--- field 13	relative error 1.0e+00
>   Minimum relative error =   4.05E-17        .18 ulps       2.46 bits at nquad =   50
### Maximum relative error in matching lines = 3.43e-11 at line 140 field 5
### Maximum relative error in matching lines = 1.15e-13 at line 156 field 6
gjf105
Checking tgjf2 ...
File differences are made with: /usr/local/bin/ndiff --relerr 1.0e-10 --minwidth 10 --abserr 0
gjf201
### Maximum relative error in matching lines = 2.54e-13 at line 55 field 5
### Maximum relative error in matching lines = 5.03e-15 at line 26 field 6
gjf202
22c22
<     13   -0.000000000000001    1.190475237977319E-01   -3.924654934481443E-02    8.601253434791832E-02
--- field 2	relative error 1.0e+00
>     13     .000000000000000    1.190475237977318E-01   -3.924654934481198E-02    8.601253434791897E-02
184c184
<     13   -0.000000000000002    1.186182897098736E-01   -3.903335878242045E-02    8.567384099551958E-02
--- field 2	relative error 3.0e+00
>     13     .000000000000001    1.186182897098735E-01   -3.903335878241435E-02    8.567384099552081E-02
### Maximum relative error in matching lines = 1.45e-12 at line 196 field 5
### Maximum relative error in matching lines = 5.44e-14 at line 206 field 6
gjf203
### Maximum relative error in matching lines = 2.25e-12 at line 196 field 5
### Maximum relative error in matching lines = 2.53e-14 at line 56 field 6
gjf204
22c22
<     13    0.000000000000000    1.208304866765306E-01   -4.013091197275015E-02    8.742244393316674E-02
--- field 2	relative error 1.0e+00
>     13    -.000000000000001    1.208304866765305E-01   -4.013091197274928E-02    8.742244393316310E-02
284c284
<     38   -0.000000000000001    4.133674544197099E-02   -1.401667347449951E-02    2.909730518649745E-02
--- field 2	relative error 1.0e+00
>     38     .000000000000000    4.133674544197097E-02   -1.401667347447966E-02    2.909730518649484E-02
475c475
<   Maximum relative error =   3.20E-14     144.21 ulps       7.17 bits at nquad =   25
--- field 13	relative error 2.0e+00
>   Maximum relative error =  -2.74E-14    -123.20 ulps       6.94 bits at nquad =   75
476c476
<   Minimum relative error =   0.00E+00       0.00 ulps       0.00 bits at nquad =   50
--- field 13	relative error 1.0e+00
>   Minimum relative error =   0.00E+00        .00 ulps        .00 bits at nquad =   25
### Maximum relative error in matching lines = 3.43e-11 at line 140 field 5
### Maximum relative error in matching lines = 2.33e-14 at line 56 field 6
gjf205
Checking tgjfd1 ...
File differences are made with: /usr/local/bin/ndiff --relerr 1.0e-10 --minwidth 10 --abserr 0
gjfd101
### Maximum relative error in matching lines = 4.32e-14 at line 19 field 5
### Maximum relative error in matching lines = 9.39e-15 at line 26 field 6
gjfd102
22c22
<     13   -0.000000000000001    1.190475237977319E-01   -2.179627421480163E-03    3.466200255897992E-03
--- field 2	relative error 1.0e+00
>     13     .000000000000000    1.190475237977318E-01   -2.179627421480002E-03    3.466200255897988E-03
184c184
<     13   -0.000000000000002    1.186182897098736E-01   -2.156141099742518E-03    3.433166975660812E-03
--- field 2	relative error 3.0e+00
>     13     .000000000000001    1.186182897098735E-01   -2.156141099742280E-03    3.433166975660803E-03
### Maximum relative error in matching lines = 7.73e-13 at line 277 field 5
### Maximum relative error in matching lines = 1.09e-13 at line 206 field 6
gjfd103
### Maximum relative error in matching lines = 5.71e-13 at line 253 field 5
### Maximum relative error in matching lines = 7.14e-14 at line 206 field 6
gjfd104
22c22
<     13    0.000000000000000    1.208304866765306E-01   -2.279010328918708E-03    3.605332292153957E-03
--- field 2	relative error 1.0e+00
>     13    -.000000000000001    1.208304866765305E-01   -2.279010328918827E-03    3.605332292153958E-03
284c284
<     38   -0.000000000000001    4.133674544197099E-02   -2.701632677813243E-04    4.253925486677674E-04
--- field 2	relative error 1.0e+00
>     38     .000000000000000    4.133674544197097E-02   -2.701632677812836E-04    4.253925486677669E-04
472c472
<   Minimum relative error =   0.00E+00       0.00 ulps       0.00 bits at nquad =   25
--- field 13	relative error 1.0e+00
>   Minimum relative error =   1.92E-17        .09 ulps       3.53 bits at nquad =   50
### Maximum relative error in matching lines = 3.58e-13 at line 247 field 5
### Maximum relative error in matching lines = 4.69e-14 at line 56 field 6
gjfd105
Checking tgjfd2 ...
File differences are made with: /usr/local/bin/ndiff --relerr 1.0e-10 --minwidth 10 --abserr 0
gjfd201
### Maximum relative error in matching lines = 4.32e-14 at line 19 field 5
### Maximum relative error in matching lines = 5.03e-15 at line 26 field 6
gjfd202
22c22
<     13   -0.000000000000001    1.190475237977319E-01   -2.179627421480163E-03    3.466200255897992E-03
--- field 2	relative error 1.0e+00
>     13     .000000000000000    1.190475237977318E-01   -2.179627421480002E-03    3.466200255897988E-03
184c184
<     13   -0.000000000000002    1.186182897098736E-01   -2.156141099742518E-03    3.433166975660812E-03
--- field 2	relative error 3.0e+00
>     13     .000000000000001    1.186182897098735E-01   -2.156141099742280E-03    3.433166975660803E-03
### Maximum relative error in matching lines = 7.73e-13 at line 277 field 5
### Maximum relative error in matching lines = 5.44e-14 at line 206 field 6
gjfd203
### Maximum relative error in matching lines = 5.71e-13 at line 253 field 5
### Maximum relative error in matching lines = 2.53e-14 at line 56 field 6
gjfd204
22c22
<     13    0.000000000000000    1.208304866765306E-01   -2.279010328918708E-03    3.605332292153957E-03
--- field 2	relative error 1.0e+00
>     13    -.000000000000001    1.208304866765305E-01   -2.279010328918827E-03    3.605332292153958E-03
284c284
<     38   -0.000000000000001    4.133674544197099E-02   -2.701632677813243E-04    4.253925486677674E-04
--- field 2	relative error 1.0e+00
>     38     .000000000000000    4.133674544197097E-02   -2.701632677812836E-04    4.253925486677669E-04
475c475
<   Maximum relative error =   3.20E-14     144.21 ulps       7.17 bits at nquad =   25
--- field 13	relative error 2.0e+00
>   Maximum relative error =  -2.74E-14    -123.20 ulps       6.94 bits at nquad =   75
476c476
<   Minimum relative error =   0.00E+00       0.00 ulps       0.00 bits at nquad =   50
--- field 13	relative error 1.0e+00
>   Minimum relative error =   0.00E+00        .00 ulps        .00 bits at nquad =   25
### Maximum relative error in matching lines = 3.58e-13 at line 247 field 5
### Maximum relative error in matching lines = 2.33e-14 at line 56 field 6
gjfd205
============================== Making check-dp in laguerre
(cd ../common; make lib-dp)
ar -r ../libgjl.a d2norm.o dcopy.o deps.o derbit.o dfloat.o dfpmax.o dgamma.o dinf.o diran.o dlgam.o dlog2.o dnan.o dpsi.o dpsiln.o dran.o dstore.o dstorf.o dvsum.o ffalse.o ftrue.o getnan.o idceil.o isdinf.o isdnan.o pythag.o tql1.o
ranlib ../libgjl.a || true
ar -r ../libgjl.a glqf.o glqfd.o glqli.o glqrc.o
ranlib ../libgjl.a || true
========================================================================
There should be no output from these tests, except their names. If
ndiff is available, there will also be reports of the maximum absolute
and relative errors found. If small numeric differences are reported,
then YOU must decide whether they are significant. You can do
         make check RELERR=xxx
to rerun the tests with a different relative error tolerance, where xxx
is either a suitable small positive floating-point number, or else a
value >= 1.0, meaning that multiple of the machine epsilon.
========================================================================
Checking tglf1 ...
File differences are made with: /usr/local/bin/ndiff --relerr 1.0e-10 --minwidth 10 --abserr 0
glf101
301c301
<   Minimum relative error =   0.00E+00       0.00 ulps       0.00 bits at nquad =   65
--- field 13	relative error 3.0e-01
>   Minimum relative error =   1.07E-16        .48 ulps       1.06 bits at nquad =   50
### Maximum relative error in matching lines = 1.03e-12 at line 176 field 6
### Maximum relative error in matching lines = 1.23e-14 at line 55 field 5
glf102
330c330
<   Maximum relative error =  -2.25E-14    -101.49 ulps       6.67 bits at nquad =   75
--- field 13	relative error 2.66e-01
>   Maximum relative error =  -3.84E-14    -172.98 ulps       7.43 bits at nquad =   95
331c331
<   Minimum relative error =  -8.12E-16      -3.66 ulps       1.87 bits at nquad =   95
--- field 13	relative error 2.66e-01
>   Minimum relative error =  -2.38E-18       -.01 ulps       6.54 bits at nquad =   75
### Maximum relative error in matching lines = 1.57e-12 at line 301 field 6
### Maximum relative error in matching lines = 2.65e-14 at line 40 field 5
glf103
### Maximum relative error in matching lines = 1.76e-12 at line 304 field 6
### Maximum relative error in matching lines = 6.72e-14 at line 40 field 5
glf104
331c331
<   Minimum relative error =  -1.20E-16      -0.54 ulps       0.88 bits at nquad =   50
--- field 13	relative error 9.0e-01
>   Minimum relative error =  -4.45E-18       -.02 ulps       5.64 bits at nquad =   95
### Maximum relative error in matching lines = 2.53e-12 at line 304 field 6
### Maximum relative error in matching lines = 3.09e-14 at line 24 field 5
glf105
331c331
<   Minimum relative error =   1.36E-16       0.61 ulps       0.70 bits at nquad =   75
--- field 13	relative error 5.0e-01
>   Minimum relative error =  -1.99E-16       -.90 ulps        .16 bits at nquad =   50
### Maximum relative error in matching lines = 2.26e-12 at line 305 field 6
### Maximum relative error in matching lines = 2.27e-14 at line 49 field 5
glf106
325c325
<   Maximum relative error =   2.05E-14      92.41 ulps       6.53 bits at nquad =   75
--- field 13	relative error 2.0e-01
>   Maximum relative error =   2.66E-14     119.75 ulps       6.90 bits at nquad =   90
326c326
<   Minimum relative error =  -4.28E-16      -1.93 ulps       0.95 bits at nquad =   50
--- field 13	relative error 8.0e-01
>   Minimum relative error =   2.32E-16       1.05 ulps        .06 bits at nquad =   90
### Maximum relative error in matching lines = 2.47e-12 at line 299 field 3
### Maximum relative error in matching lines = 2.46e-14 at line 60 field 5
glf107
320c320
<   Maximum relative error =  -3.23E-14    -145.33 ulps       7.18 bits at nquad =   50
--- field 13	relative error 7.0e-01
>   Maximum relative error =   2.02E-14      91.15 ulps       6.51 bits at nquad =   85
321c321
<   Minimum relative error =   1.55E-16       0.70 ulps       0.52 bits at nquad =   75
--- field 13	relative error 1.33e-01
>   Minimum relative error =   1.45E-16        .65 ulps        .61 bits at nquad =   85
### Maximum relative error in matching lines = 2.09e-12 at line 294 field 6
### Maximum relative error in matching lines = 2.33e-14 at line 23 field 5
glf108
208c208
<   Maximum relative error =   8.07E-15      36.36 ulps       5.18 bits at nquad =   75
--- field 13	relative error 5.0e-01
>   Maximum relative error =   1.31E-14      59.05 ulps       5.88 bits at nquad =   50
209c209
<   Minimum relative error =   6.16E-16       2.77 ulps       1.47 bits at nquad =   75
--- field 13	relative error 5.0e-01
>   Minimum relative error =  -6.52E-16      -2.94 ulps       1.55 bits at nquad =   50
### Maximum relative error in matching lines = 1.61e-12 at line 186 field 6
### Maximum relative error in matching lines = 1.99e-14 at line 23 field 5
glf109
### Maximum relative error in matching lines = 2.19e-14 at line 21 field 6
### Maximum relative error in matching lines = 4.04e-15 at line 14 field 5
Checking tglf2 ...
File differences are made with: /usr/local/bin/ndiff --relerr 1.0e-10 --minwidth 10 --abserr 0
glf201
### Maximum relative error in matching lines = 6.30e-14 at line 93 field 2
### Maximum relative error in matching lines = 6.30e-14 at line 94 field 4
glf202
Checking tglf3 ...
File differences are made with: /usr/local/bin/ndiff --relerr 1.0e-10 --minwidth 10 --abserr 0
glf301
952c952
<   Maximum relative error =  -3.71E-13   -1671.47 ulps      10.71 bits at nquad =   40 mu =  1.0000000E+02 p =    79
--- field 19	relative error 2.59e-02
>   Maximum relative error =  -5.21E-13   -2347.20 ulps      11.20 bits at nquad =   40 mu =  1.0000000E+02 p =    77
953c953
<   Minimum relative error =   0.00E+00       0.00 ulps       0.00 bits at nquad =   80 mu =  1.0000000E+00 p =     2
--- field 13	relative error 1.5e+01
>   Minimum relative error =   0.00E+00        .00 ulps        .00 bits at nquad =    5 mu =  1.0000000E+00 p =     1
### Maximum relative error in matching lines = 7.80e-13 at line 912 field 2
### Maximum relative error in matching lines = 7.80e-13 at line 821 field 5
glf302
Checking tglf4 ...
File differences are made with: /usr/local/bin/ndiff --relerr 1.0e-10 --minwidth 10 --abserr 0
glf401
105c105
<   Minimum relative error =   0.00E+00   0.00E+00 ulps       0.00 bits at nquad =   34 sigma =    0.1000 alpha =    0.0100
--- field 13	relative error 1.47e-01
>   Minimum relative error =  -8.20E-17  -3.69E-01 ulps       1.44 bits at nquad =   39 sigma =     .1000 alpha =     .0100
### Maximum relative error in matching lines = 1.31e-14 at line 75 field 4
### Maximum relative error in matching lines = 1.30e-14 at line 74 field 5
glf402
### Maximum relative error in matching lines = 1.50e-13 at line 100 field 4
### Maximum relative error in matching lines = 1.50e-13 at line 99 field 5
glf403
104c104
<   Minimum relative error =   3.36E-16   1.51E+00 ulps       0.60 bits at nquad =   25 sigma =    0.0100 alpha =   -0.5000
--- field 13	relative error 3.16e+00
>   Minimum relative error =  -5.14E-16  -2.31E+00 ulps       1.21 bits at nquad =    6 sigma =     .0100 alpha =    -.5000
### Maximum relative error in matching lines = 1.77e-13 at line 101 field 4
### Maximum relative error in matching lines = 1.77e-13 at line 100 field 5
glf404
105c105
<   Minimum relative error =   0.00E+00   0.00E+00 ulps       0.00 bits at nquad =   36 sigma =    0.1000 alpha =    0.5000
--- field 13	relative error 2.6e+00
>   Minimum relative error =   6.03E-17   2.71E-01 ulps       1.88 bits at nquad =   10 sigma =     .1000 alpha =     .5000
### Maximum relative error in matching lines = 6.49e-15 at line 97 field 4
### Maximum relative error in matching lines = 6.41e-15 at line 96 field 5
glf405
105c105
<   Minimum relative error =   7.15E-16   3.22E+00 ulps       1.69 bits at nquad =   68 sigma =    2.0000 alpha =    1.0000
--- field 13	relative error 1.47e-02
>   Minimum relative error =   9.70E-17   4.37E-01 ulps       1.20 bits at nquad =   69 sigma =    2.0000 alpha =    1.0000
### Maximum relative error in matching lines = 1.21e-13 at line 14 field 4
### Maximum relative error in matching lines = 1.21e-13 at line 13 field 5
glf406
### Maximum relative error in matching lines = 6.63e-14 at line 95 field 4
### Maximum relative error in matching lines = 6.64e-14 at line 94 field 5
glf407
### Maximum relative error in matching lines = 2.46e-13 at line 23 field 4
### Maximum relative error in matching lines = 2.46e-13 at line 22 field 5
glf408
### Maximum relative error in matching lines = 3.15e-13 at line 19 field 4
### Maximum relative error in matching lines = 3.15e-13 at line 18 field 5
glf409
### Maximum relative error in matching lines = 7.99e-13 at line 32 field 4
### Maximum relative error in matching lines = 7.99e-13 at line 31 field 5
glf410
### Maximum relative error in matching lines = 2.38e-14 at line 8 field 4
### Maximum relative error in matching lines = 2.38e-14 at line 7 field 5
Checking tglf5 ...
File differences are made with: /usr/local/bin/ndiff --relerr 1.0e-10 --minwidth 10 --abserr 0
glf501
301c301
<   Minimum relative error =   0.00E+00       0.00 ulps       0.00 bits at nquad =   70
--- field 13	relative error 1.8e+00
>   Minimum relative error =   0.00E+00        .00 ulps        .00 bits at nquad =   25
### Maximum relative error in matching lines = 1.03e-12 at line 176 field 6
### Maximum relative error in matching lines = 4.66e-15 at line 24 field 5
glf502
330c330
<   Maximum relative error =  -1.66E-14     -74.63 ulps       6.22 bits at nquad =   95
--- field 13	relative error 2.66e-01
>   Maximum relative error =  -6.30E-15     -28.38 ulps       4.83 bits at nquad =   75
331c331
<   Minimum relative error =   0.00E+00       0.00 ulps       0.00 bits at nquad =   95
--- field 13	relative error 9.0e-01
>   Minimum relative error =   0.00E+00        .00 ulps        .00 bits at nquad =   50
### Maximum relative error in matching lines = 1.57e-12 at line 301 field 6
### Maximum relative error in matching lines = 1.78e-14 at line 40 field 5
glf503
331c331
<   Minimum relative error =   0.00E+00       0.00 ulps       0.00 bits at nquad =   25
--- field 13	relative error 2.0e+00
>   Minimum relative error =   0.00E+00        .00 ulps        .00 bits at nquad =   75
### Maximum relative error in matching lines = 1.76e-12 at line 304 field 6
### Maximum relative error in matching lines = 8.15e-15 at line 40 field 5
glf504
331c331
<   Minimum relative error =   0.00E+00       0.00 ulps       0.00 bits at nquad =   50
--- field 13	relative error 1.0e+00
>   Minimum relative error =   0.00E+00        .00 ulps        .00 bits at nquad =   25
### Maximum relative error in matching lines = 2.53e-12 at line 304 field 6
### Maximum relative error in matching lines = 8.32e-15 at line 40 field 5
glf505
330c330
<   Maximum relative error =   1.93E-15       8.67 ulps       3.12 bits at nquad =   75
--- field 13	relative error 2.66e-01
>   Maximum relative error =  -1.93E-15      -8.67 ulps       3.12 bits at nquad =   95
331c331
<   Minimum relative error =   0.00E+00       0.00 ulps       0.00 bits at nquad =   25
--- field 13	relative error 1.0e+00
>   Minimum relative error =   0.00E+00        .00 ulps        .00 bits at nquad =   50
### Maximum relative error in matching lines = 2.26e-12 at line 305 field 6
### Maximum relative error in matching lines = 1.92e-15 at line 49 field 5
glf506
325c325
<   Maximum relative error =  -9.21E-16      -4.15 ulps       2.05 bits at nquad =   50
--- field 13	relative error 5.0e-01
>   Maximum relative error =   2.22E-15       9.98 ulps       3.32 bits at nquad =   75
### Maximum relative error in matching lines = 2.47e-12 at line 299 field 3
### Maximum relative error in matching lines = 1.93e-15 at line 39 field 5
glf507
320c320
<   Maximum relative error =   1.87E-15       8.43 ulps       3.08 bits at nquad =   85
--- field 13	relative error 2.4e+00
>   Maximum relative error =   9.69E-16       4.36 ulps       2.13 bits at nquad =   25
### Maximum relative error in matching lines = 2.09e-12 at line 294 field 6
### Maximum relative error in matching lines = 2.07e-15 at line 56 field 5
glf508
208c208
<   Maximum relative error =  -1.49E-15      -6.70 ulps       2.74 bits at nquad =   75
--- field 13	relative error 5.0e-01
>   Maximum relative error =   1.35E-15       6.06 ulps       2.60 bits at nquad =   50
209c209
<   Minimum relative error =   0.00E+00       0.00 ulps       0.00 bits at nquad =   50
--- field 13	relative error 5.0e-01
>   Minimum relative error =   0.00E+00        .00 ulps        .00 bits at nquad =   75
### Maximum relative error in matching lines = 1.61e-12 at line 186 field 6
### Maximum relative error in matching lines = 1.97e-15 at line 37 field 5
glf509
Checking tglf6 ...
File differences are made with: /usr/local/bin/ndiff --relerr 1.0e-10 --minwidth 10 --abserr 0
glf601
105c105
<   Minimum relative error =   0.00E+00   0.00E+00 ulps       0.00 bits at nquad =   24 sigma =    0.1000 alpha =    0.0100
--- field 13	relative error 7.14e-01
>   Minimum relative error =   0.00E+00   0.00E+00 ulps        .00 bits at nquad =   14 sigma =     .1000 alpha =     .0100
### Maximum relative error in matching lines = 2.91e-15 at line 68 field 4
### Maximum relative error in matching lines = 2.93e-15 at line 67 field 5
glf602
105c105
<   Minimum relative error =   0.00E+00   0.00E+00 ulps       0.00 bits at nquad =   61 sigma =    1.0000 alpha =    1.0000
--- field 13	relative error 1.29e-01
>   Minimum relative error =   0.00E+00   0.00E+00 ulps        .00 bits at nquad =   54 sigma =    1.0000 alpha =    1.0000
### Maximum relative error in matching lines = 6.20e-15 at line 63 field 4
### Maximum relative error in matching lines = 6.21e-15 at line 62 field 5
glf603
104c104
<   Minimum relative error =   0.00E+00   0.00E+00 ulps       0.00 bits at nquad =    6 sigma =    0.0100 alpha =   -0.5000
--- field 13	relative error 5.0e-01
>   Minimum relative error =   0.00E+00   0.00E+00 ulps        .00 bits at nquad =    4 sigma =     .0100 alpha =    -.5000
### Maximum relative error in matching lines = 6.20e-15 at line 89 field 4
### Maximum relative error in matching lines = 6.26e-15 at line 88 field 5
glf604
105c105
<   Minimum relative error =   0.00E+00   0.00E+00 ulps       0.00 bits at nquad =   17 sigma =    0.1000 alpha =    0.5000
--- field 13	relative error 2.14e-01
>   Minimum relative error =   0.00E+00   0.00E+00 ulps        .00 bits at nquad =   14 sigma =     .1000 alpha =     .5000
### Maximum relative error in matching lines = 3.81e-15 at line 83 field 4
### Maximum relative error in matching lines = 3.38e-15 at line 82 field 5
glf605
105c105
<   Minimum relative error =   3.47E-16   1.56E+00 ulps       0.64 bits at nquad =   91 sigma =    2.0000 alpha =    1.0000
--- field 13	relative error 4.91e-01
>   Minimum relative error =   3.47E-16   1.56E+00 ulps        .64 bits at nquad =   61 sigma =    2.0000 alpha =    1.0000
### Maximum relative error in matching lines = 2.93e-14 at line 76 field 4
### Maximum relative error in matching lines = 2.94e-14 at line 75 field 5
glf606
### Maximum relative error in matching lines = 3.43e-14 at line 95 field 4
### Maximum relative error in matching lines = 3.46e-14 at line 94 field 5
glf607
### Maximum relative error in matching lines = 7.33e-14 at line 90 field 4
### Maximum relative error in matching lines = 7.37e-14 at line 89 field 5
glf608
### Maximum relative error in matching lines = 1.49e-13 at line 17 field 4
### Maximum relative error in matching lines = 1.48e-13 at line 16 field 5
glf609
### Maximum relative error in matching lines = 1.41e-13 at line 28 field 4
### Maximum relative error in matching lines = 1.41e-13 at line 27 field 5
glf610
Checking tglfd1 ...
File differences are made with: /usr/local/bin/ndiff --relerr 1.0e-10 --minwidth 10 --abserr 0
glfd101
326c326
<   Minimum relative error =   0.00E+00       0.00 ulps       0.00 bits at nquad =   50
--- field 13	relative error 1.0e+00
>   Minimum relative error =  -2.96E-18       -.01 ulps       6.23 bits at nquad =   25
### Maximum relative error in matching lines = 2.98e-12 at line 50 field 4
### Maximum relative error in matching lines = 5.90e-15 at line 13 field 5
glfd102
330c330
<   Maximum relative error =  -2.85E-14    -128.37 ulps       7.00 bits at nquad =   95
--- field 13	relative error 2.66e-01
>   Maximum relative error =  -1.53E-14     -68.79 ulps       6.10 bits at nquad =   75
331c331
<   Minimum relative error =  -1.35E-16      -0.61 ulps       0.71 bits at nquad =   95
--- field 13	relative error 2.66e-01
>   Minimum relative error =  -6.60E-17       -.30 ulps       1.75 bits at nquad =   75
### Maximum relative error in matching lines = 1.52e-12 at line 304 field 5
### Maximum relative error in matching lines = 3.22e-14 at line 40 field 5
glfd103
331c331
<   Minimum relative error =   0.00E+00       0.00 ulps       0.00 bits at nquad =   25
--- field 13	relative error 2.0e+00
>   Minimum relative error =   2.98E-17        .13 ulps       2.90 bits at nquad =   75
### Maximum relative error in matching lines = 1.13e-12 at line 302 field 5
### Maximum relative error in matching lines = 9.52e-15 at line 25 field 5
glfd104
331c331
<   Minimum relative error =   0.00E+00       0.00 ulps       0.00 bits at nquad =   50
--- field 13	relative error 1.0e+00
>   Minimum relative error =  -2.41E-17       -.11 ulps       3.20 bits at nquad =   25
### Maximum relative error in matching lines = 1.76e-12 at line 304 field 5
### Maximum relative error in matching lines = 2.21e-14 at line 40 field 5
glfd105
336c336
<   Minimum relative error =   0.00E+00       0.00 ulps       0.00 bits at nquad =   25
--- field 13	relative error 2.0e+00
>   Minimum relative error =   5.92E-18        .03 ulps       5.23 bits at nquad =   75
### Maximum relative error in matching lines = 4.00e-11 at line 114 field 4
### Maximum relative error in matching lines = 2.16e-15 at line 20 field 5
glfd106
335c335
<   Maximum relative error =   1.66E-15       7.46 ulps       2.90 bits at nquad =  100
--- field 13	relative error 3.33e-01
>   Maximum relative error =   2.79E-15      12.57 ulps       3.65 bits at nquad =   75
336c336
<   Minimum relative error =   0.00E+00       0.00 ulps       0.00 bits at nquad =   75
--- field 13	relative error 5.0e-01
>   Minimum relative error =   1.19E-17        .05 ulps       4.22 bits at nquad =   50
### Maximum relative error in matching lines = 2.65e-12 at line 309 field 5
### Maximum relative error in matching lines = 2.73e-15 at line 39 field 5
glfd107
335c335
<   Maximum relative error =   1.30E-15       5.86 ulps       2.55 bits at nquad =   75
--- field 13	relative error 3.33e-01
>   Maximum relative error =  -1.93E-15      -8.68 ulps       3.12 bits at nquad =  100
### Maximum relative error in matching lines = 1.56e-12 at line 309 field 5
### Maximum relative error in matching lines = 2.63e-15 at line 53 field 5
glfd108
335c335
<   Maximum relative error =   1.53E-15       6.87 ulps       2.78 bits at nquad =  100
--- field 13	relative error 1.0e+00
>   Maximum relative error =   1.61E-15       7.27 ulps       2.86 bits at nquad =   50
336c336
<   Minimum relative error =   0.00E+00       0.00 ulps       0.00 bits at nquad =   25
--- field 13	relative error 3.0e+00
>   Minimum relative error =  -4.50E-17       -.20 ulps       2.30 bits at nquad =  100
### Maximum relative error in matching lines = 1.84e-12 at line 211 field 5
### Maximum relative error in matching lines = 2.36e-15 at line 48 field 5
glfd109
27c27
<       1  -5.772156861565561E-01  -5.772156550109730E-01  -5.40E-08   -2.43E+08     27.86
--- field 2	relative error 1.93e-08
>       1  -5.772156749806854E-01  -5.772156550109730E-01  -3.46E-08   -1.56E+08     27.22
### Maximum relative error in matching lines = 1.49e-14 at line 22 field 4
8c8
< 2   1    4.999999969612645145E-09         20   -5.772156861565560515E-01 -5.40E-08  3.11E-08
--- field 5	relative error 1.93e-08
> 2   1    4.999999969612645145E-09         20   -5.772156749806853782E-01 -3.46E-08  2.00E-08
### Maximum relative error in matching lines = 1.31e-15 at line 9 field 5
Checking tglfd2 ...
File differences are made with: /usr/local/bin/ndiff --relerr 1.0e-10 --minwidth 10 --abserr 0
glfd201
### Maximum relative error in matching lines = 1.20e-13 at line 101 field 2
### Maximum relative error in matching lines = 1.20e-13 at line 102 field 4
glfd202
Checking tglfd3 ...
File differences are made with: /usr/local/bin/ndiff --relerr 1.0e-10 --minwidth 10 --abserr 0
glfd301
952c952
<   Maximum relative error =  -3.62E-14    -163.03 ulps       7.35 bits at nquad =   20 mu =  1.0000000E+01 p =    10
--- field 13	relative error 3.0e+00
>   Maximum relative error =   6.46E-14     291.07 ulps       8.19 bits at nquad =   80 mu =  1.0000000E+01 p =     9
953c953
<   Minimum relative error =   0.00E+00       0.00 ulps       0.00 bits at nquad =    5 mu =  1.0000000E+00 p =     8
--- field 19	relative error 1.25e-01
>   Minimum relative error =   0.00E+00        .00 ulps        .00 bits at nquad =    5 mu =  1.0000000E+00 p =     9
### Maximum relative error in matching lines = 7.15e-14 at line 604 field 2
### Maximum relative error in matching lines = 7.15e-14 at line 537 field 5
glfd302
Checking tglfd4 ...
File differences are made with: /usr/local/bin/ndiff --relerr 1.0e-10 --minwidth 10 --abserr 0
glfd401
105c105
<   Minimum relative error =   0.00E+00   0.00E+00 ulps       0.00 bits at nquad =   13 sigma =    0.1000 alpha =    0.0100
--- field 13	relative error 6.92e-01
>   Minimum relative error =  -8.20E-17  -3.69E-01 ulps       1.44 bits at nquad =   22 sigma =     .1000 alpha =     .0100
### Maximum relative error in matching lines = 1.33e-14 at line 91 field 4
### Maximum relative error in matching lines = 1.34e-14 at line 90 field 5
glfd402
105c105
<   Minimum relative error =   5.46E-16   2.46E+00 ulps       1.30 bits at nquad =   41 sigma =    1.0000 alpha =    1.0000
--- field 13	relative error 4.63e-01
>   Minimum relative error =  -5.46E-16  -2.46E+00 ulps       1.30 bits at nquad =   60 sigma =    1.0000 alpha =    1.0000
### Maximum relative error in matching lines = 1.05e-13 at line 101 field 4
### Maximum relative error in matching lines = 1.05e-13 at line 100 field 5
glfd403
104c104
<   Minimum relative error =   1.34E-15   6.05E+00 ulps       2.60 bits at nquad =   21 sigma =    0.0100 alpha =   -0.5000
--- field 13	relative error 3.12e-01
>   Minimum relative error =  -9.92E-18  -4.47E-02 ulps       4.48 bits at nquad =   16 sigma =     .0100 alpha =    -.5000
### Maximum relative error in matching lines = 2.54e-13 at line 97 field 4
### Maximum relative error in matching lines = 2.54e-13 at line 96 field 5
glfd404
105c105
<   Minimum relative error =   0.00E+00   0.00E+00 ulps       0.00 bits at nquad =   22 sigma =    0.1000 alpha =    0.5000
--- field 13	relative error 1.0e+00
>   Minimum relative error =   6.03E-17   2.71E-01 ulps       1.88 bits at nquad =   11 sigma =     .1000 alpha =     .5000
### Maximum relative error in matching lines = 5.61e-15 at line 97 field 4
### Maximum relative error in matching lines = 5.65e-15 at line 96 field 5
glfd405
105c105
<   Minimum relative error =  -4.29E-16  -1.93E+00 ulps       0.95 bits at nquad =   58 sigma =    2.0000 alpha =    1.0000
--- field 13	relative error 5.86e-01
>   Minimum relative error =   2.40E-16   1.08E+00 ulps        .11 bits at nquad =   92 sigma =    2.0000 alpha =    1.0000
### Maximum relative error in matching lines = 4.48e-14 at line 14 field 4
### Maximum relative error in matching lines = 4.49e-14 at line 13 field 5
glfd406
105c105
<   Minimum relative error =   9.40E-14   4.23E+02 ulps       8.73 bits at nquad =   90 sigma =    3.0000 alpha =    0.2000
--- field 13	relative error 3.33e-02
>   Minimum relative error =   8.26E-14   3.72E+02 ulps       8.54 bits at nquad =   93 sigma =    3.0000 alpha =     .2000
### Maximum relative error in matching lines = 3.94e-14 at line 16 field 4
### Maximum relative error in matching lines = 3.96e-14 at line 15 field 5
glfd407
### Maximum relative error in matching lines = 3.44e-14 at line 90 field 4
### Maximum relative error in matching lines = 3.46e-14 at line 89 field 5
glfd408
### Maximum relative error in matching lines = 9.24e-14 at line 20 field 4
### Maximum relative error in matching lines = 9.22e-14 at line 19 field 5
glfd409
### Maximum relative error in matching lines = 1.24e-12 at line 34 field 4
### Maximum relative error in matching lines = 1.24e-12 at line 33 field 5
glfd410
### Maximum relative error in matching lines = 9.24e-15 at line 9 field 4
### Maximum relative error in matching lines = 9.22e-15 at line 8 field 5
Checking tglfd5 ...
File differences are made with: /usr/local/bin/ndiff --relerr 1.0e-10 --minwidth 10 --abserr 0
glfd501
301c301
<   Minimum relative error =   0.00E+00       0.00 ulps       0.00 bits at nquad =   70
--- field 13	relative error 1.8e+00
>   Minimum relative error =   0.00E+00        .00 ulps        .00 bits at nquad =   25
### Maximum relative error in matching lines = 2.98e-12 at line 50 field 4
### Maximum relative error in matching lines = 4.66e-15 at line 24 field 5
glfd502
330c330
<   Maximum relative error =  -1.66E-14     -74.63 ulps       6.22 bits at nquad =   95
--- field 13	relative error 2.66e-01
>   Maximum relative error =  -6.30E-15     -28.38 ulps       4.83 bits at nquad =   75
331c331
<   Minimum relative error =   0.00E+00       0.00 ulps       0.00 bits at nquad =   95
--- field 13	relative error 9.0e-01
>   Minimum relative error =   0.00E+00        .00 ulps        .00 bits at nquad =   50
### Maximum relative error in matching lines = 1.52e-12 at line 304 field 5
### Maximum relative error in matching lines = 1.78e-14 at line 40 field 5
glfd503
331c331
<   Minimum relative error =   0.00E+00       0.00 ulps       0.00 bits at nquad =   25
--- field 13	relative error 2.0e+00
>   Minimum relative error =   0.00E+00        .00 ulps        .00 bits at nquad =   75
### Maximum relative error in matching lines = 1.13e-12 at line 302 field 5
### Maximum relative error in matching lines = 8.15e-15 at line 40 field 5
glfd504
331c331
<   Minimum relative error =   0.00E+00       0.00 ulps       0.00 bits at nquad =   50
--- field 13	relative error 1.0e+00
>   Minimum relative error =   0.00E+00        .00 ulps        .00 bits at nquad =   25
### Maximum relative error in matching lines = 1.76e-12 at line 304 field 5
### Maximum relative error in matching lines = 8.32e-15 at line 40 field 5
glfd505
330c330
<   Maximum relative error =   1.93E-15       8.67 ulps       3.12 bits at nquad =   75
--- field 13	relative error 2.66e-01
>   Maximum relative error =  -1.93E-15      -8.67 ulps       3.12 bits at nquad =   95
331c331
<   Minimum relative error =   0.00E+00       0.00 ulps       0.00 bits at nquad =   25
--- field 13	relative error 1.0e+00
>   Minimum relative error =   0.00E+00        .00 ulps        .00 bits at nquad =   50
### Maximum relative error in matching lines = 4.00e-11 at line 114 field 4
### Maximum relative error in matching lines = 1.92e-15 at line 49 field 5
glfd506
325c325
<   Maximum relative error =  -9.21E-16      -4.15 ulps       2.05 bits at nquad =   50
--- field 13	relative error 5.0e-01
>   Maximum relative error =   2.22E-15       9.98 ulps       3.32 bits at nquad =   75
### Maximum relative error in matching lines = 2.48e-12 at line 299 field 5
### Maximum relative error in matching lines = 1.93e-15 at line 39 field 5
glfd507
320c320
<   Maximum relative error =   1.87E-15       8.43 ulps       3.08 bits at nquad =   85
--- field 13	relative error 2.4e+00
>   Maximum relative error =   9.69E-16       4.36 ulps       2.13 bits at nquad =   25
### Maximum relative error in matching lines = 1.01e-12 at line 294 field 5
### Maximum relative error in matching lines = 2.07e-15 at line 56 field 5
glfd508
208c208
<   Maximum relative error =  -1.49E-15      -6.70 ulps       2.74 bits at nquad =   75
--- field 13	relative error 5.0e-01
>   Maximum relative error =   1.35E-15       6.06 ulps       2.60 bits at nquad =   50
209c209
<   Minimum relative error =   0.00E+00       0.00 ulps       0.00 bits at nquad =   50
--- field 13	relative error 5.0e-01
>   Minimum relative error =   0.00E+00        .00 ulps        .00 bits at nquad =   75
### Maximum relative error in matching lines = 7.01e-13 at line 115 field 5
### Maximum relative error in matching lines = 1.97e-15 at line 37 field 5
glfd509
Checking tglfd6 ...
File differences are made with: /usr/local/bin/ndiff --relerr 1.0e-10 --minwidth 10 --abserr 0
glfd601
105c105
<   Minimum relative error =   0.00E+00   0.00E+00 ulps       0.00 bits at nquad =   24 sigma =    0.1000 alpha =    0.0100
--- field 13	relative error 7.14e-01
>   Minimum relative error =   0.00E+00   0.00E+00 ulps        .00 bits at nquad =   14 sigma =     .1000 alpha =     .0100
### Maximum relative error in matching lines = 2.91e-15 at line 68 field 4
### Maximum relative error in matching lines = 2.93e-15 at line 67 field 5
glfd602
105c105
<   Minimum relative error =   0.00E+00   0.00E+00 ulps       0.00 bits at nquad =   61 sigma =    1.0000 alpha =    1.0000
--- field 13	relative error 1.29e-01
>   Minimum relative error =   0.00E+00   0.00E+00 ulps        .00 bits at nquad =   54 sigma =    1.0000 alpha =    1.0000
### Maximum relative error in matching lines = 6.20e-15 at line 63 field 4
### Maximum relative error in matching lines = 6.21e-15 at line 62 field 5
glfd603
104c104
<   Minimum relative error =   0.00E+00   0.00E+00 ulps       0.00 bits at nquad =    6 sigma =    0.0100 alpha =   -0.5000
--- field 13	relative error 5.0e-01
>   Minimum relative error =   0.00E+00   0.00E+00 ulps        .00 bits at nquad =    4 sigma =     .0100 alpha =    -.5000
### Maximum relative error in matching lines = 6.20e-15 at line 89 field 4
### Maximum relative error in matching lines = 6.26e-15 at line 88 field 5
glfd604
105c105
<   Minimum relative error =   0.00E+00   0.00E+00 ulps       0.00 bits at nquad =   17 sigma =    0.1000 alpha =    0.5000
--- field 13	relative error 2.14e-01
>   Minimum relative error =   0.00E+00   0.00E+00 ulps        .00 bits at nquad =   14 sigma =     .1000 alpha =     .5000
### Maximum relative error in matching lines = 3.81e-15 at line 83 field 4
### Maximum relative error in matching lines = 3.38e-15 at line 82 field 5
glfd605
105c105
<   Minimum relative error =   3.47E-16   1.56E+00 ulps       0.64 bits at nquad =   91 sigma =    2.0000 alpha =    1.0000
--- field 13	relative error 4.91e-01
>   Minimum relative error =   3.47E-16   1.56E+00 ulps        .64 bits at nquad =   61 sigma =    2.0000 alpha =    1.0000
### Maximum relative error in matching lines = 2.93e-14 at line 76 field 4
### Maximum relative error in matching lines = 2.94e-14 at line 75 field 5
glfd606
### Maximum relative error in matching lines = 3.43e-14 at line 95 field 4
### Maximum relative error in matching lines = 3.46e-14 at line 94 field 5
glfd607
### Maximum relative error in matching lines = 7.33e-14 at line 90 field 4
### Maximum relative error in matching lines = 7.37e-14 at line 89 field 5
glfd608
### Maximum relative error in matching lines = 1.49e-13 at line 17 field 4
### Maximum relative error in matching lines = 1.48e-13 at line 16 field 5
glfd609
### Maximum relative error in matching lines = 1.41e-13 at line 28 field 4
### Maximum relative error in matching lines = 1.41e-13 at line 27 field 5
glfd610
============================== Making check-dp in common
ar -r ../libgjl.a d2norm.o dcopy.o deps.o derbit.o dfloat.o dfpmax.o dgamma.o dinf.o diran.o dlgam.o dlog2.o dnan.o dpsi.o dpsiln.o dran.o dstore.o dstorf.o dvsum.o ffalse.o ftrue.o getnan.o idceil.o isdinf.o isdnan.o pythag.o tql1.o
ranlib ../libgjl.a || true
ar -r ../libgjl.a aeps.o afpmax.o ainf.o airan.o algam.o alog2.o anan.o astore.o astorf.o avsum.o gamma.o iceil.o isainf.o isanan.o psi.o psiln.o ran.o
ranlib ../libgjl.a || true
There is no validation suite in this directory
236.640u 7.540s 4:08.37 98.3%	0+0k 0+0io 189651pf+0w
============================================================
Disk free report for /local/build/f77/quadlog-gampsi:
			Filesystem           1K-blocks      Used Available Use% Mounted on
			/dev/Volume00/LogVol00
			                      15514004  10317404   4408532  71% /
Remote date:            2004.06.14.13.46.45
/usr/local/bin/.: Permission denied.
Build directory:        /a/suncore1/export/home/0077/sy/beebe
System status:            1:46pm  up 154 days, 20:13,  5 users,  load average: 1.12, 0.89, 0.44
============================================================
