============================================================
/usr/sbin/.: Permission denied.
Machinetype:            Intel Pentium III (600 MHz);    Solaris 2.9
System status:           12:16pm  up 32 day(s),  4:13,  3 users,  load average: 0.59, 0.46, 0.32
Remote c89 version:     cc: Sun C 5.5 Patch 112761-07 2004/03/31
Remote cc version:      cc: Sun C 5.5 Patch 112761-07 2004/03/31
Remote CC version:      CC: Sun C++ 5.5 Patch 113819-07 2004/03/23
Remote lcc version:     lcc: Command not found.
Package:                quadlog-gampsi
Archive:                /home/0077/sy/beebe/build//quadlog-gampsi.tar.gz
Date:                   2004.06.14.12.20.29
Local user:             beebe
Local host:             psi.math.utah.edu
Local log directory:    /home/0077/sy/beebe/build/logs/quadlog-gampsi
Local log file:         quadlog-gampsi.solx86.vm.math.utah.edu.2004.06.14.12.20.29.log
Remote user:            beebe
Remote host:            solx86.vm.math.utah.edu
Remote directory:       /local/build/g77
Remote date:            2004.06.14.12.16.34
Remote uname:           SunOS solx86.vm.math.utah.edu 5.9 Generic_112234-12 i86pc i386 i86pc Solaris
Remote gcc version:     gcc (GCC) 3.3 20030407 (prerelease)
Remote g++ version:     g++ (GCC) 3.3 20030407 (prerelease)
Remote gcc3 version:    gcc3: Command not found.

Remote g++3 version:    g++3: Command not found.

Configure environment:  CC=gcc CFLAGS=-I/usr/local/include CXX=g++ CXXFLAGS=-I/usr/local/include FC=g77 F77=g77 LDFLAGS="-R/usr/local/lib -L/usr/local/lib" 
Extra environment:      
Configure flags:        
Make all targets:       
Make check targets:     check
Disk free report for /local/build/g77/quadlog-gampsi:
			Filesystem           1K-blocks      Used Available Use% Mounted on
			/dev/dsk/c0d0s0       11589179   8117937   3355351  71% /
Environment:
			DVIPSHEADERS=.:/usr/local/lib/tex/ps:/usr/local/lib/tex/fonts/ps:/usr/local/lib/tex/fonts/vf:/usr/local/lib/tex/fonts/old/vf:/usr/local/lib/tex/fonts/postscript/cmpsfont/pfb
			GROUP=staff
			GUIDEHOME=/opt/SUNWguide
			HOME=/u/sy/beebe
			HOST=solx86.vm.math.utah.edu
			HOSTALIAS=solx86
			HOSTTYPE=i86pc
			INDOMAIN=vm.math.utah.edu
			INFO=/usr/local/plot79
			LD_LIBRARY_PATH=/usr/local/lib:/usr/lib:/lib
			LOGNAME=beebe
			MACHTYPE=i386
			MAIL=/var/mail//beebe
			MANPATH=/usr/share/man:/usr/openwin/share/man:/opt/SUNWspro/FileMerge/man:/opt/SUNWspro/man:/opt/SUNWspro/swmgr/man:/usr/local/man:/usr/local/X11R5/man
			MFINPUTS=.:/usr/local/lib/mf/macros:/usr/local/lib/mf/cm:/usr/local/lib/mf
			NCARG_ROOT=/usr/local/ncar
			OSTYPE=solaris
			PATH=/usr/local/bin:/usr/local/sbin:/bin:/usr/ccs/bin:/opt/SUNWspro/bin:/usr/local/share/bin:/usr/local/bin/X11:/usr/openwin/bin:/usr/dt/bin:/usr/ucb:/usr/sbin:/sbin:/usr/java/bin:/usr/local/etc:/etc:.:/u/sy/beebe/tex/bib:/usr/proc/bin
			PLT=/usr/local/plot79
			PVM_ROOT=/usr/local/pvm3
			PWD=/u/sy/beebe
			SHELL=/usr/local/bin/tcsh
			SHLVL=1
			SSH_CLIENT=155.101.96.19 56978 22
			SSH_CONNECTION=155.101.96.19 56978 155.101.96.148 22
			TERM=unknown
			TEXCONFIG=.:/usr/local/lib/tex/ps:/usr/local/lib/tex/fonts/vf:/usr/local/lib/tex/fonts/old/vf
			TEXFONTS=/usr/local/lib/tex/fonts/cm/600dpi:/usr/local/lib/tex/fonts/cm/tfms:/usr/local/lib/tex/ams/amspsfnt/tfms:/usr/local/lib/tex/ams/amspsfnt/pfb:/usr/local/lib/tex/ams/amsfonts/pk-files/600dpi:/usr/local/lib/tex/ams/amsfonts/pk-files/300dpi:/usr/local/lib/tex/fonts/pandora/600dpi:/usr/local/lib/tex/fonts/pandora/tfms:/usr/local/lib/tex/fonts/concrete/600dpi:/usr/local/lib/tex/fonts/concrete/tfms:/usr/local/lib/tex/fonts/greek:/usr/local/lib/tex/lamstex/mf:/usr/local/lib/tex/fonts/pk/tfms:/usr/local/lib/tex/fonts/pk/600dpi:/usr/local/lib/tex/fonts/pk/300dpi:/usr/local/lib/tex/fonts/ps:/usr/local/lib/tex/latex2e/fonts:/usr/local/lib/tex/fonts/vf:/usr/local/lib/tex/fonts/old/vf:/usr/local/lib/tex/musictex/pk/600dpi:/usr/local/lib/tex/musictex/pk/tfms:/usr/local/lib/tex/fonts/cmcyr/600dpi:/usr/local/lib/tex/fonts/ec/600dpi:/usr/local/lib/tex/fonts/ec/tfms:/usr/local/lib/tex/fonts/ecc/600dpi:/usr/local/lib/tex/fonts/ecc/tfms:/usr/local/lib/tex/fonts/ams
			TEXINPUTS=.:/usr/local/lib/tex/inputs:/usr/local/lib/tex/fonts/ps:/usr/local/lib/tex/latex:/usr/local/lib/tex/ams/amstex:/usr/local/lib/tex/ams/amstex/doc:/usr/local/lib/tex/ams/amslatex/inputs:/usr/local/lib/tex/bibtex:/usr/local/lib/tex/fonts/ap/300dpi:/usr/local/lib/tex/tugboat:/usr/local/lib/tex/lamstex/inputs:/usr/local/lib/tex/siam:/usr/local/lib/tex/ps:/usr/local/lib/tex/fonts/pandora
			TEXPKS=/usr/local/lib/tex/fonts/cm/600dpi:/usr/local/lib/tex/fonts/cm/tfms:/usr/local/lib/tex/ams/amspsfnt/tfms:/usr/local/lib/tex/ams/amspsfnt/pfb:/usr/local/lib/tex/ams/amsfonts/pk-files/600dpi:/usr/local/lib/tex/ams/amsfonts/pk-files/300dpi:/usr/local/lib/tex/fonts/pandora/600dpi:/usr/local/lib/tex/fonts/pandora/tfms:/usr/local/lib/tex/fonts/concrete/600dpi:/usr/local/lib/tex/fonts/concrete/tfms:/usr/local/lib/tex/fonts/greek:/usr/local/lib/tex/lamstex/mf:/usr/local/lib/tex/fonts/pk/tfms:/usr/local/lib/tex/fonts/pk/600dpi:/usr/local/lib/tex/fonts/pk/300dpi:/usr/local/lib/tex/fonts/ps:/usr/local/lib/tex/latex2e/fonts:/usr/local/lib/tex/fonts/vf:/usr/local/lib/tex/fonts/old/vf:/usr/local/lib/tex/musictex/pk/600dpi:/usr/local/lib/tex/musictex/pk/tfms:/usr/local/lib/tex/fonts/cmcyr/600dpi:/usr/local/lib/tex/fonts/ec/600dpi:/usr/local/lib/tex/fonts/ec/tfms:/usr/local/lib/tex/fonts/ecc/600dpi:/usr/local/lib/tex/fonts/ecc/tfms:/usr/local/lib/tex/fonts/ams
			USER=beebe
			VENDOR=sun
			VFFONTS=.:/usr/local/lib/tex/latex2e/fonts:/usr/local/lib/tex/fonts/vf:/usr/local/lib/tex/fonts/old/vf:/usr/local/lib/tex/fonts/fontinst/contrib/helminck:/usr/local/lib/tex/fonts/malvern/vf:/usr/local/lib/tex/fonts/mathtime
			YPDOMAIN=
============================================================
configure: creating ./config.status
config.status: creating Makefile
configure: configuring in common
configure: running /bin/sh './configure'  --cache-file=/dev/null --srcdir=.
checking for gcc... gcc
checking for C compiler default output file name... a.out
checking whether the C compiler works... yes
checking whether we are cross compiling... no
checking for suffix of executables... 
checking for suffix of object files... o
checking whether we are using the GNU C compiler... yes
checking whether gcc accepts -g... yes
checking for gcc option to accept ANSI C... none needed
checking whether we are using the GNU Fortran 77 compiler... yes
checking whether g77 accepts -g... yes
checking for autoconf... autoconf
configure: creating ./config.status
config.status: creating Makefile
configure: configuring in gampsi
configure: running /bin/sh './configure'  --cache-file=/dev/null --srcdir=.
checking for gcc... gcc
checking for C compiler default output file name... a.out
checking whether the C compiler works... yes
checking whether we are cross compiling... no
checking for suffix of executables... 
checking for suffix of object files... o
checking whether we are using the GNU C compiler... yes
checking whether gcc accepts -g... yes
checking for gcc option to accept ANSI C... none needed
checking whether we are using the GNU Fortran 77 compiler... yes
checking whether g77 accepts -g... yes
checking for autoconf... autoconf
checking for gzip... gzip
checking for tar... tar
configure: creating ./config.status
config.status: creating Makefile
configure: configuring in jacobi
configure: running /bin/sh './configure'  --cache-file=/dev/null --srcdir=.
checking for gcc... gcc
checking for C compiler default output file name... a.out
checking whether the C compiler works... yes
checking whether we are cross compiling... no
checking for suffix of executables... 
checking for suffix of object files... o
checking whether we are using the GNU C compiler... yes
checking whether gcc accepts -g... yes
checking for gcc option to accept ANSI C... none needed
checking whether we are using the GNU Fortran 77 compiler... yes
checking whether g77 accepts -g... yes
checking for autoconf... autoconf
configure: creating ./config.status
config.status: creating Makefile
configure: configuring in laguerre
configure: running /bin/sh './configure'  --cache-file=/dev/null --srcdir=.
checking for gcc... gcc
checking for C compiler default output file name... a.out
checking whether the C compiler works... yes
checking whether we are cross compiling... no
checking for suffix of executables... 
checking for suffix of object files... o
checking whether we are using the GNU C compiler... yes
checking whether gcc accepts -g... yes
checking for gcc option to accept ANSI C... none needed
checking whether we are using the GNU Fortran 77 compiler... yes
checking whether g77 accepts -g... yes
checking for autoconf... autoconf
checking if -lm needed for math functions... yes
checking if -lsunmath needed for aint()... yes
configure: creating ./config.status
config.status: creating Makefile
configure: configuring in man
configure: running /bin/sh './configure'  --cache-file=/dev/null --srcdir=.
checking for autoconf... autoconf
checking for deroff... deroff
checking for ps2pdf... ps2pdf
checking for man2html... no
configure: creating ./config.status
config.status: creating Makefile
21.34user 55.12system 4:22.69elapsed 29%CPU (0avgtext+0avgdata 0maxresident)k
0inputs+0outputs (0major+0minor)pagefaults 0swaps
(cd common && make  prefix=/usr/local FWARN="" FOPT="-O" all )
g77 -g -O2 -O     -c -o d2norm.o d2norm.f
g77 -g -O2 -O     -c -o dcopy.o dcopy.f
g77 -g -O2 -O     -c -o deps.o deps.f
g77 -g -O2 -O     -c -o derbit.o derbit.f
g77 -g -O2 -O     -c -o dfloat.o dfloat.f
g77 -g -O2 -O     -c -o dfpmax.o dfpmax.f
g77 -g -O2 -O     -c -o dgamma.o dgamma.f
g77 -g -O2 -O     -c -o dinf.o dinf.f
g77 -g -O2 -O     -c -o diran.o diran.f
g77 -g -O2 -O     -c -o dlgam.o dlgam.f
g77 -g -O2 -O     -c -o dlog2.o dlog2.f
g77 -g -O2 -O     -c -o dnan.o dnan.f
g77 -g -O2 -O     -c -o dpsi.o dpsi.f
g77 -g -O2 -O     -c -o dpsiln.o dpsiln.f
g77 -g -O2 -O     -c -o dran.o dran.f
g77 -g -O2 -O     -c -o dstore.o dstore.f
g77 -g -O2 -O     -c -o dstorf.o dstorf.f
g77 -g -O2 -O     -c -o dvsum.o dvsum.f
g77 -g -O2 -O     -c -o ffalse.o ffalse.f
g77 -g -O2 -O     -c -o ftrue.o ftrue.f
g77 -g -O2 -O     -c -o getnan.o getnan.f
g77 -g -O2 -O     -c -o idceil.o idceil.f
g77 -g -O2 -O     -c -o isdinf.o isdinf.f
g77 -g -O2 -O     -c -o isdnan.o isdnan.f
g77 -g -O2 -O     -c -o pythag.o pythag.f
g77 -g -O2 -O     -c -o tql1.o tql1.f
ar -r ../libgjl.a d2norm.o dcopy.o deps.o derbit.o dfloat.o dfpmax.o dgamma.o dinf.o diran.o dlgam.o dlog2.o dnan.o dpsi.o dpsiln.o dran.o dstore.o dstorf.o dvsum.o ffalse.o ftrue.o getnan.o idceil.o isdinf.o isdnan.o pythag.o tql1.o
ranlib ../libgjl.a || true
g77 -g -O2 -O     -c -o aeps.o aeps.f
g77 -g -O2 -O     -c -o afpmax.o afpmax.f
g77 -g -O2 -O     -c -o ainf.o ainf.f
g77 -g -O2 -O     -c -o airan.o airan.f
g77 -g -O2 -O     -c -o algam.o algam.f
g77 -g -O2 -O     -c -o alog2.o alog2.f
g77 -g -O2 -O     -c -o anan.o anan.f
g77 -g -O2 -O     -c -o astore.o astore.f
g77 -g -O2 -O     -c -o astorf.o astorf.f
g77 -g -O2 -O     -c -o avsum.o avsum.f
g77 -g -O2 -O     -c -o gamma.o gamma.f
g77 -g -O2 -O     -c -o iceil.o iceil.f
g77 -g -O2 -O     -c -o isainf.o isainf.f
g77 -g -O2 -O     -c -o isanan.o isanan.f
g77 -g -O2 -O     -c -o psi.o psi.f
g77 -g -O2 -O     -c -o psiln.o psiln.f
g77 -g -O2 -O     -c -o ran.o ran.f
ar -r ../libgjl.a aeps.o afpmax.o ainf.o airan.o algam.o alog2.o anan.o astore.o astorf.o avsum.o gamma.o iceil.o isainf.o isanan.o psi.o psiln.o ran.o
ranlib ../libgjl.a || true
for subdir in man gampsi jacobi laguerre common ; do echo ============================== Making all in $subdir ; ( cd $subdir && make  prefix=/usr/local FWARN="" FOPT="-O" all ) ; done
============================== Making all in man
============================== Making all in gampsi
(cd ../common; make lib-dp)
ar -r ../libgjl.a d2norm.o dcopy.o deps.o derbit.o dfloat.o dfpmax.o dgamma.o dinf.o diran.o dlgam.o dlog2.o dnan.o dpsi.o dpsiln.o dran.o dstore.o dstorf.o dvsum.o ffalse.o ftrue.o getnan.o idceil.o isdinf.o isdnan.o pythag.o tql1.o
ranlib ../libgjl.a || true
g77 -g -O2 -O -I../common   -c -o tdgen.o tdgen.f
g77 -g -O2 -O -I../common   -c -o funhdr.o funhdr.f
g77 -g -O2 -O -I../common   -c -o dgen.o dgen.f
g77 -g -O2 -O -I../common   -o tdgen tdgen.o funhdr.o dgen.o ../common/dfloat.o ../common/dinf.o ../common/diran.o ../common/dnan.o ../common/dran.o ../common/dstorf.o ../common/idceil.o ../common/isdnan.o ../common/dgamma.o ../common/dlgam.o ../common/dpsi.o ../common/dpsiln.o 
(cd ../common; make lib-sp)
ar -r ../libgjl.a aeps.o afpmax.o ainf.o airan.o algam.o alog2.o anan.o astore.o astorf.o avsum.o gamma.o iceil.o isainf.o isanan.o psi.o psiln.o ran.o
ranlib ../libgjl.a || true
g77 -g -O2 -O -I../common   -c -o tagen.o tagen.f
g77 -g -O2 -O -I../common   -c -o agen.o agen.f
g77 -g -O2 -O -I../common   -o tagen tagen.o funhdr.o agen.o ../common/ainf.o ../common/airan.o ../common/anan.o ../common/astorf.o ../common/iceil.o ../common/isanan.o ../common/ran.o ../common/algam.o ../common/dfloat.o ../common/gamma.o ../common/idceil.o ../common/psi.o ../common/psiln.o 
============================== Making all in jacobi
g77 -g -O2 -O -I../common   -c -o gjqf.o gjqf.f
g77 -g -O2 -O -I../common   -c -o gjqfd.o gjqfd.f
g77 -g -O2 -O -I../common   -c -o gjqli.o gjqli.f
g77 -g -O2 -O -I../common   -c -o gjqrc.o gjqrc.f
(cd ../common; make lib-dp)
ar -r ../libgjl.a d2norm.o dcopy.o deps.o derbit.o dfloat.o dfpmax.o dgamma.o dinf.o diran.o dlgam.o dlog2.o dnan.o dpsi.o dpsiln.o dran.o dstore.o dstorf.o dvsum.o ffalse.o ftrue.o getnan.o idceil.o isdinf.o isdnan.o pythag.o tql1.o
ranlib ../libgjl.a || true
ar -r ../libgjl.a gjqf.o gjqfd.o gjqli.o gjqrc.o
ranlib ../libgjl.a || true
g77 -g -O2 -O -I../common   -c -o tgjf1.o tgjf1.f
g77 -g -O2 -O -I../common   -c -o ../common/prthdr.o ../common/prthdr.f
g77 -g -O2 -O -I../common   -c -o ../common/trapit.o ../common/trapit.f
g77 -g -O2 -O -I../common   -o tgjf1 tgjf1.o gjqf.o gjqli.o gjqrc.o gjqfd.o ../common/d2norm.o ../common/dcopy.o ../common/deps.o ../common/derbit.o ../common/dfloat.o ../common/dgamma.o ../common/dinf.o ../common/dlog2.o ../common/dnan.o ../common/dpsi.o ../common/dstore.o ../common/dstorf.o ../common/dvsum.o ../common/isdnan.o ../common/prthdr.o ../common/pythag.o ../common/tql1.o ../common/trapit.o ../libgjl.a
g77 -g -O2 -O -I../common   -c -o tgjf2.o tgjf2.f
g77 -g -O2 -O -I../common   -o tgjf2 tgjf2.o gjqf.o gjqli.o gjqrc.o gjqfd.o ../common/d2norm.o ../common/dcopy.o ../common/deps.o ../common/derbit.o ../common/dfloat.o ../common/dgamma.o ../common/dinf.o ../common/dlog2.o ../common/dnan.o ../common/dpsi.o ../common/dstore.o ../common/dstorf.o ../common/dvsum.o ../common/isdnan.o ../common/prthdr.o ../common/pythag.o ../common/tql1.o ../common/trapit.o ../libgjl.a
g77 -g -O2 -O -I../common   -c -o tgjfd1.o tgjfd1.f
g77 -g -O2 -O -I../common   -o tgjfd1 tgjfd1.o gjqfd.o ../common/d2norm.o ../common/dcopy.o ../common/deps.o ../common/derbit.o ../common/dfloat.o ../common/dgamma.o ../common/dinf.o ../common/dlog2.o ../common/dnan.o ../common/dpsi.o ../common/dstore.o ../common/dstorf.o ../common/dvsum.o ../common/isdnan.o ../common/prthdr.o ../common/pythag.o ../common/tql1.o ../common/trapit.o ../libgjl.a
g77 -g -O2 -O -I../common   -c -o tgjfd2.o tgjfd2.f
g77 -g -O2 -O -I../common   -o tgjfd2 tgjfd2.o gjqfd.o ../common/d2norm.o ../common/dcopy.o ../common/deps.o ../common/derbit.o ../common/dfloat.o ../common/dgamma.o ../common/dinf.o ../common/dlog2.o ../common/dnan.o ../common/dpsi.o ../common/dstore.o ../common/dstorf.o ../common/dvsum.o ../common/isdnan.o ../common/prthdr.o ../common/pythag.o ../common/tql1.o ../common/trapit.o ../libgjl.a
============================== Making all in laguerre
g77 -g -O2 -O -I../common   -c -o glqf.o glqf.f
g77 -g -O2 -O -I../common   -c -o glqfd.o glqfd.f
g77 -g -O2 -O -I../common   -c -o glqli.o glqli.f
g77 -g -O2 -O -I../common   -c -o glqrc.o glqrc.f
(cd ../common; make lib-dp)
ar -r ../libgjl.a d2norm.o dcopy.o deps.o derbit.o dfloat.o dfpmax.o dgamma.o dinf.o diran.o dlgam.o dlog2.o dnan.o dpsi.o dpsiln.o dran.o dstore.o dstorf.o dvsum.o ffalse.o ftrue.o getnan.o idceil.o isdinf.o isdnan.o pythag.o tql1.o
ranlib ../libgjl.a || true
ar -r ../libgjl.a glqf.o glqfd.o glqli.o glqrc.o
ranlib ../libgjl.a || true
g77 -g -O2 -O -I../common   -c -o tglf1.o tglf1.f
g77 -g -O2 -O -I../common   -o tglf1 tglf1.o glqf.o glqli.o glqfd.o glqrc.o ../common/prthdr.o ../common/d2norm.o ../common/dcopy.o ../common/deps.o ../common/derbit.o ../common/dfloat.o ../common/dgamma.o ../common/dinf.o ../common/dlog2.o ../common/dnan.o ../common/dpsi.o ../common/dstore.o ../common/dstorf.o ../common/dvsum.o ../common/isdnan.o ../common/pythag.o ../common/tql1.o ../common/trapit.o
g77 -g -O2 -O -I../common   -c -o tglf2.o tglf2.f
g77 -g -O2 -O -I../common   -o tglf2 tglf2.o glqf.o glqli.o glqfd.o glqrc.o ../common/prthdr.o ../common/d2norm.o ../common/dcopy.o ../common/deps.o ../common/derbit.o ../common/dfloat.o ../common/dgamma.o ../common/dinf.o ../common/dlog2.o ../common/dnan.o ../common/dpsi.o ../common/dstore.o ../common/dstorf.o ../common/dvsum.o ../common/isdnan.o ../common/pythag.o ../common/tql1.o ../common/trapit.o
g77 -g -O2 -O -I../common   -c -o tglf3.o tglf3.f
g77 -g -O2 -O -I../common   -o tglf3 tglf3.o glqf.o glqli.o glqfd.o glqrc.o ../common/prthdr.o ../common/d2norm.o ../common/dcopy.o ../common/deps.o ../common/derbit.o ../common/dfloat.o ../common/dgamma.o ../common/dinf.o ../common/dlog2.o ../common/dnan.o ../common/dpsi.o ../common/dstore.o ../common/dstorf.o ../common/dvsum.o ../common/isdnan.o ../common/pythag.o ../common/tql1.o ../common/trapit.o
g77 -g -O2 -O -I../common   -c -o tglf4.o tglf4.f
g77 -g -O2 -O -I../common   -o tglf4 tglf4.o glqf.o glqli.o glqfd.o glqrc.o ../common/prthdr.o ../common/d2norm.o ../common/dcopy.o ../common/deps.o ../common/derbit.o ../common/dfloat.o ../common/dgamma.o ../common/dinf.o ../common/dlog2.o ../common/dnan.o ../common/dpsi.o ../common/dstore.o ../common/dstorf.o ../common/dvsum.o ../common/isdnan.o ../common/pythag.o ../common/tql1.o ../common/trapit.o
g77 -g -O2 -O -I../common   -c -o tglf5.o tglf5.f
g77 -g -O2 -O -I../common   -o tglf5 tglf5.o glqf.o glqli.o glqfd.o glqrc.o ../common/prthdr.o ../common/d2norm.o ../common/dcopy.o ../common/deps.o ../common/derbit.o ../common/dfloat.o ../common/dgamma.o ../common/dinf.o ../common/dlog2.o ../common/dnan.o ../common/dpsi.o ../common/dstore.o ../common/dstorf.o ../common/dvsum.o ../common/isdnan.o ../common/pythag.o ../common/tql1.o ../common/trapit.o
g77 -g -O2 -O -I../common   -c -o tglf6.o tglf6.f
g77 -g -O2 -O -I../common   -o tglf6 tglf6.o glqf.o glqli.o glqfd.o glqrc.o ../common/prthdr.o ../common/d2norm.o ../common/dcopy.o ../common/deps.o ../common/derbit.o ../common/dfloat.o ../common/dgamma.o ../common/dinf.o ../common/dlog2.o ../common/dnan.o ../common/dpsi.o ../common/dstore.o ../common/dstorf.o ../common/dvsum.o ../common/isdnan.o ../common/pythag.o ../common/tql1.o ../common/trapit.o
g77 -g -O2 -O -I../common   -c -o tglfd1.o tglfd1.f
g77 -g -O2 -O -I../common   -o tglfd1 tglfd1.o glqli.o glqfd.o glqrc.o ../common/prthdr.o ../common/d2norm.o ../common/dcopy.o ../common/deps.o ../common/derbit.o ../common/dfloat.o ../common/dgamma.o ../common/dinf.o ../common/dlog2.o ../common/dnan.o ../common/dpsi.o ../common/dstore.o ../common/dstorf.o ../common/dvsum.o ../common/isdnan.o ../common/pythag.o ../common/tql1.o ../common/trapit.o
g77 -g -O2 -O -I../common   -c -o tglfd2.o tglfd2.f
g77 -g -O2 -O -I../common   -o tglfd2 tglfd2.o glqli.o glqfd.o glqrc.o ../common/prthdr.o ../common/d2norm.o ../common/dcopy.o ../common/deps.o ../common/derbit.o ../common/dfloat.o ../common/dgamma.o ../common/dinf.o ../common/dlog2.o ../common/dnan.o ../common/dpsi.o ../common/dstore.o ../common/dstorf.o ../common/dvsum.o ../common/isdnan.o ../common/pythag.o ../common/tql1.o ../common/trapit.o
g77 -g -O2 -O -I../common   -c -o tglfd3.o tglfd3.f
g77 -g -O2 -O -I../common   -o tglfd3 tglfd3.o glqli.o glqfd.o glqrc.o ../common/prthdr.o ../common/d2norm.o ../common/dcopy.o ../common/deps.o ../common/derbit.o ../common/dfloat.o ../common/dgamma.o ../common/dinf.o ../common/dlog2.o ../common/dnan.o ../common/dpsi.o ../common/dstore.o ../common/dstorf.o ../common/dvsum.o ../common/isdnan.o ../common/pythag.o ../common/tql1.o ../common/trapit.o
g77 -g -O2 -O -I../common   -c -o tglfd4.o tglfd4.f
g77 -g -O2 -O -I../common   -o tglfd4 tglfd4.o glqli.o glqfd.o glqrc.o ../common/prthdr.o ../common/d2norm.o ../common/dcopy.o ../common/deps.o ../common/derbit.o ../common/dfloat.o ../common/dgamma.o ../common/dinf.o ../common/dlog2.o ../common/dnan.o ../common/dpsi.o ../common/dstore.o ../common/dstorf.o ../common/dvsum.o ../common/isdnan.o ../common/pythag.o ../common/tql1.o ../common/trapit.o
g77 -g -O2 -O -I../common   -c -o tglfd5.o tglfd5.f
g77 -g -O2 -O -I../common   -o tglfd5 tglfd5.o glqli.o glqfd.o glqrc.o ../common/prthdr.o ../common/d2norm.o ../common/dcopy.o ../common/deps.o ../common/derbit.o ../common/dfloat.o ../common/dgamma.o ../common/dinf.o ../common/dlog2.o ../common/dnan.o ../common/dpsi.o ../common/dstore.o ../common/dstorf.o ../common/dvsum.o ../common/isdnan.o ../common/pythag.o ../common/tql1.o ../common/trapit.o
g77 -g -O2 -O -I../common   -c -o tglfd6.o tglfd6.f
g77 -g -O2 -O -I../common   -o tglfd6 tglfd6.o glqli.o glqfd.o glqrc.o ../common/prthdr.o ../common/d2norm.o ../common/dcopy.o ../common/deps.o ../common/derbit.o ../common/dfloat.o ../common/dgamma.o ../common/dinf.o ../common/dlog2.o ../common/dnan.o ../common/dpsi.o ../common/dstore.o ../common/dstorf.o ../common/dvsum.o ../common/isdnan.o ../common/pythag.o ../common/tql1.o ../common/trapit.o
============================== Making all in common
ar -r ../libgjl.a d2norm.o dcopy.o deps.o derbit.o dfloat.o dfpmax.o dgamma.o dinf.o diran.o dlgam.o dlog2.o dnan.o dpsi.o dpsiln.o dran.o dstore.o dstorf.o dvsum.o ffalse.o ftrue.o getnan.o idceil.o isdinf.o isdnan.o pythag.o tql1.o
ranlib ../libgjl.a || true
ar -r ../libgjl.a aeps.o afpmax.o ainf.o airan.o algam.o alog2.o anan.o astore.o astorf.o avsum.o gamma.o iceil.o isainf.o isanan.o psi.o psiln.o ran.o
ranlib ../libgjl.a || true
11.06u 11.16s 0:23.62 94.0%
for subdir in man gampsi jacobi laguerre common ; do echo ============================== Making check-dp in $subdir ; ( cd $subdir && make  prefix=/usr/local FWARN="" FOPT="-O" check-dp ) ; done
============================== Making check-dp in man
There is no validation suite in this directory
============================== Making check-dp in gampsi
Checking tdgen ...
File differences are made with: /usr/local/bin/ndiff --relerr 5.0e-11 --minwidth 10
cos001
okay/cos001.out cos001.out differ: char 137, line 7
### Maximum relative error in matching lines = 8.80e-17 at line 8 field 5
Checking tdgen ...
File differences are made with: /usr/local/bin/ndiff --relerr 5.0e-11 --minwidth 10
cos101
okay/cos101.out cos101.out differ: char 147, line 7
### Maximum relative error in matching lines = 1.09e-16 at line 8110 field 5
cos102
okay/cos102.out cos102.out differ: char 147, line 7
### Maximum relative error in matching lines = 1.09e-16 at line 8110 field 5
cos103
okay/cos103.out cos103.out differ: char 147, line 7
### Maximum relative error in matching lines = 1.09e-16 at line 8694 field 5
Checking tdgen ...
File differences are made with: /usr/local/bin/ndiff --relerr 5.0e-11 --minwidth 10
cos201
okay/cos201.out cos201.out differ: char 147, line 7
### Maximum relative error in matching lines = 1.07e-16 at line 3989 field 5
1,2c1,2
< dacos( Infinity ) = 0.000000000000000E+0000
< dasin( Infinity ) = 0.000000000000000E+0000
---
> dacos( Infinity ) = NaN 
> dasin( Infinity ) = NaN 
4c4
< dcos( Infinity ) = -NaN
---
> dcos( Infinity ) = NaN 
9c9
< dsin( Infinity ) = -NaN
---
> dsin( Infinity ) = NaN 
12c12
< dtan( Infinity ) = -NaN
---
> dtan( Infinity ) = NaN 
14,26c14,26
< dacos( -NaN ) = -NaN
< dasin( -NaN ) = -NaN
< datan( -NaN ) = -NaN
< dcos( -NaN ) = -NaN
< dcosh( -NaN ) = NaN
< dexp( -NaN ) = -NaN
< dlog( -NaN ) = -NaN
< dlog10( -NaN ) = -NaN
< dsin( -NaN ) = -NaN
< dsinh( -NaN ) = -NaN
< dsqrt( -NaN ) = -NaN
< dtan( -NaN ) = -NaN
< dtanh( -NaN ) = -NaN
---
> dacos( NaN ) = NaN 
> dasin( NaN ) = NaN 
> datan( NaN ) = NaN 
> dcos( NaN ) = NaN 
> dcosh( NaN ) = NaN 
> dexp( NaN ) = NaN 
> dlog( NaN ) = NaN 
> dlog10( NaN ) = NaN 
> dsin( NaN ) = NaN 
> dsinh( NaN ) = NaN 
> dsqrt( NaN ) = NaN 
> dtan( NaN ) = NaN 
> dtanh( NaN ) = NaN 
Checking tdgen ...
File differences are made with: /usr/local/bin/ndiff --relerr 5.0e-11 --minwidth 10
exp001
okay/exp001.out exp001.out differ: char 137, line 7
### Maximum relative error in matching lines = 8.86e-17 at line 15 field 5
Checking tdgen ...
File differences are made with: /usr/local/bin/ndiff --relerr 5.0e-11 --minwidth 10
exp101
okay/exp101.out exp101.out differ: char 147, line 7
### Maximum relative error in matching lines = 1.27e-16 at line 10608 field 5
Checking tdfpmx ...
File differences are made with: /usr/local/bin/ndiff --relerr 5.0e-11 --minwidth 10
dfpm01
okay/dfpm01.out dfpm01.out differ: char 38, line 1
Checking tdgen ...
File differences are made with: /usr/local/bin/ndiff --relerr 5.0e-11 --minwidth 10
gam001
okay/gam001.out gam001.out differ: char 175, line 9
### Maximum relative error in matching lines = 4.66e-15 at line 114 field 5
Checking tdgen ...
File differences are made with: /usr/local/bin/ndiff --relerr 5.0e-11 --minwidth 10
gam101
okay/gam101.out gam101.out differ: char 189, line 9
### Maximum relative error in matching lines = 1.33e-16 at line 11 field 5
gam102
okay/gam102.out gam102.out differ: char 188, line 9
### Maximum relative error in matching lines = 3.37e-15 at line 8271 field 5
gam103
okay/gam103.out gam103.out differ: char 188, line 9
### Maximum relative error in matching lines = 3.08e-16 at line 307 field 5
Checking tdgen ...
File differences are made with: /usr/local/bin/ndiff --relerr 5.0e-11 --minwidth 10
gam301
okay/gam301.out gam301.out differ: char 206, line 9
### Maximum relative error in matching lines = 1.81e-16 at line 9485 field 5
Checking tdgen ...
File differences are made with: /usr/local/bin/ndiff --relerr 5.0e-11 --minwidth 10
lga001
okay/lga001.out lga001.out differ: char 143, line 7
7c7
< 2                    0.     0 0                                                  Infinity 0 0
--- field 5
> 2                    0.0       0 0                       -NaN 0 0
12c12
< 2                  Inf     0 0                                                  Infinity 0 0
--- field 5
> 2                    Inf       0 0                       -NaN 0 0
### Maximum relative error in matching lines = 3.34e-17 at line 10 field 5
Checking tdgen ...
File differences are made with: /usr/local/bin/ndiff --relerr 5.0e-11 --minwidth 10
lga101
okay/lga101.out lga101.out differ: char 153, line 7
### Maximum relative error in matching lines = 8.85e-13 at line 5514 field 5
lga102
okay/lga102.out lga102.out differ: char 153, line 7
### Maximum relative error in matching lines = 1.88e-13 at line 3559 field 5
lga103
okay/lga103.out lga103.out differ: char 153, line 7
### Maximum relative error in matching lines = 6.89e-13 at line 6002 field 5
Checking tdgen ...
File differences are made with: /usr/local/bin/ndiff --relerr 5.0e-11 --minwidth 10
lga201
okay/lga201.out lga201.out differ: char 153, line 7
### Maximum relative error in matching lines = 1.17e-15 at line 84 field 5
Checking tdgen ...
File differences are made with: /usr/local/bin/ndiff --relerr 5.0e-11 --minwidth 10
log001
okay/log001.out log001.out differ: char 137, line 7
9c9
< 2                   -1.     0 0 NaN                                                       0 0
--- field 5
> 2                   -1.0       0 0                  -Infinity 0 0
11c11
< 2                   -2.     0 0 NaN                                                       0 0
--- field 5
> 2                   -2.0       0 0                  -Infinity 0 0
13c13
< 2                   -3.     0 0 NaN                                                       0 0
--- field 5
> 2                   -3.0       0 0                  -Infinity 0 0
15c15
< 2                   -4.     0 0 NaN                                                       0 0
--- field 5
> 2                   -4.0       0 0                  -Infinity 0 0
### Maximum relative error in matching lines = 8.24e-17 at line 12 field 5
Checking tdgen ...
File differences are made with: /usr/local/bin/ndiff --relerr 5.0e-11 --minwidth 10
log101
okay/log101.out log101.out differ: char 146, line 7
### Maximum relative error in matching lines = 1.10e-16 at line 7436 field 5
log102
okay/log102.out log102.out differ: char 146, line 7
### Maximum relative error in matching lines = 1.09e-16 at line 7677 field 5
log103
okay/log103.out log103.out differ: char 146, line 7
### Maximum relative error in matching lines = 1.09e-16 at line 4520 field 5
Checking tdgen ...
File differences are made with: /usr/local/bin/ndiff --relerr 5.0e-11 --minwidth 10
psi001
okay/psi001.out psi001.out differ: char 261, line 10
10c10
< 2                    0.0       0 0 Infinity                                                   0 0
--- field 5
> 2                    0.0       0 0                  -Infinity 0 0
### Maximum relative error in matching lines = 6.88e-17 at line 19 field 5
psi002
okay/psi002.out psi002.out differ: char 258, line 10
### Maximum relative error in matching lines = 5.84e-17 at line 11 field 5
psi003
okay/psi003.out psi003.out differ: char 261, line 10
psi006
okay/psi006.out psi006.out differ: char 228, line 10
10c10
< 2 1.0   -1030 0 Infinity 0 0
--- field 3	relative error 9.80e-03
> 2                    0.0   -1020 0                   Infinity 0 0
Checking tdgen ...
File differences are made with: /usr/local/bin/ndiff --relerr 5.0e-11 --minwidth 10
psi101
okay/psi101.out psi101.out differ: char 258, line 10
### Maximum relative error in matching lines = 1.45e-16 at line 43 field 5
psi102
okay/psi102.out psi102.out differ: char 259, line 10
### Maximum relative error in matching lines = 9.63e-14 at line 10006 field 5
psi103
okay/psi103.out psi103.out differ: char 259, line 10
### Maximum relative error in matching lines = 2.23e-13 at line 2012 field 5
psi104
okay/psi104.out psi104.out differ: char 259, line 10
### Maximum relative error in matching lines = 4.43e-14 at line 4754 field 5
psi105
okay/psi105.out psi105.out differ: char 259, line 10
### Maximum relative error in matching lines = 1.51e-16 at line 1885 field 5
psi106
okay/psi106.out psi106.out differ: char 258, line 10
### Maximum relative error in matching lines = 1.95e-16 at line 3599 field 5
psi107
okay/psi107.out psi107.out differ: char 258, line 10
### Maximum relative error in matching lines = 1.44e-16 at line 2686 field 5
Checking tdgen ...
File differences are made with: /usr/local/bin/ndiff --relerr 5.0e-11 --minwidth 10
psi201
okay/psi201.out psi201.out differ: char 258, line 10
### Maximum relative error in matching lines = 3.94e-15 at line 5355 field 5
Checking tdgen ...
File differences are made with: /usr/local/bin/ndiff --relerr 5.0e-11 --minwidth 10
psi301
okay/psi301.out psi301.out differ: char 258, line 10
### Maximum relative error in matching lines = 4.23e-13 at line 6050 field 5
Checking tdgen ...
File differences are made with: /usr/local/bin/ndiff --relerr 5.0e-11 --minwidth 10
psi402
okay/psi402.out psi402.out differ: char 259, line 10
7517c7517
< 2  -143552237253163104.   -45 0  -4.0467387574260058660953059618179715113862479319482e+04 0 0
--- field 5	relative error 1.84e-08
> 2  -143552237253163120.   -45 0 -4.046738831926466810E+004 0 0
### Maximum relative error in matching lines = 2.35e-14 at line 8582 field 5
Checking tdgen ...
File differences are made with: /usr/local/bin/ndiff --relerr 5.0e-11 --minwidth 10
psi601
okay/psi601.out psi601.out differ: char 258, line 10
### Maximum relative error in matching lines = 2.80e-16 at line 8439 field 5
psi602
okay/psi602.out psi602.out differ: char 259, line 10
### Maximum relative error in matching lines = 2.51e-16 at line 7887 field 5
Checking tdgen ...
File differences are made with: /usr/local/bin/ndiff --relerr 5.0e-11 --minwidth 10
pln001
okay/pln001.out pln001.out differ: char 284, line 11
### Maximum relative error in matching lines = 2.72e-16 at line 13 field 5
Checking tdgen ...
File differences are made with: /usr/local/bin/ndiff --relerr 5.0e-11 --minwidth 10
pln101
okay/pln101.out pln101.out differ: char 295, line 11
### Maximum relative error in matching lines = 2.78e-15 at line 8567 field 5
Checking tdgen ...
File differences are made with: /usr/local/bin/ndiff --relerr 5.0e-11 --minwidth 10
pln201
okay/pln201.out pln201.out differ: char 295, line 11
### Maximum relative error in matching lines = 1.99e-15 at line 41 field 5
Checking tdgen ...
File differences are made with: /usr/local/bin/ndiff --relerr 5.0e-11 --minwidth 10
sin001
okay/sin001.out sin001.out differ: char 137, line 7
### Maximum relative error in matching lines = 6.45e-17 at line 14 field 5
Checking tdgen ...
File differences are made with: /usr/local/bin/ndiff --relerr 5.0e-11 --minwidth 10
sin101
okay/sin101.out sin101.out differ: char 147, line 7
### Maximum relative error in matching lines = 1.09e-16 at line 3324 field 5
sin102
okay/sin102.out sin102.out differ: char 147, line 7
### Maximum relative error in matching lines = 1.09e-16 at line 2070 field 5
sin103
okay/sin103.out sin103.out differ: char 147, line 7
### Maximum relative error in matching lines = 1.09e-16 at line 4667 field 5
Checking tdgen ...
File differences are made with: /usr/local/bin/ndiff --relerr 5.0e-11 --minwidth 10
sin201
okay/sin201.out sin201.out differ: char 147, line 7
### Maximum relative error in matching lines = 1.09e-16 at line 1798 field 5
Checking tdgen ...
File differences are made with: /usr/local/bin/ndiff --relerr 5.0e-11 --minwidth 10
tan001
okay/tan001.out tan001.out differ: char 137, line 7
### Maximum relative error in matching lines = 8.47e-17 at line 14 field 5
Checking tdgen ...
File differences are made with: /usr/local/bin/ndiff --relerr 5.0e-11 --minwidth 10
tan101
okay/tan101.out tan101.out differ: char 147, line 7
### Maximum relative error in matching lines = 1.10e-16 at line 3366 field 5
tan102
okay/tan102.out tan102.out differ: char 147, line 7
### Maximum relative error in matching lines = 1.10e-16 at line 3783 field 5
Checking tdgen ...
File differences are made with: /usr/local/bin/ndiff --relerr 5.0e-11 --minwidth 10
tan201
okay/tan201.out tan201.out differ: char 147, line 7
### Maximum relative error in matching lines = 1.10e-16 at line 1126 field 5
============================== Making check-dp in jacobi
(cd ../common; make lib-dp)
ar -r ../libgjl.a d2norm.o dcopy.o deps.o derbit.o dfloat.o dfpmax.o dgamma.o dinf.o diran.o dlgam.o dlog2.o dnan.o dpsi.o dpsiln.o dran.o dstore.o dstorf.o dvsum.o ffalse.o ftrue.o getnan.o idceil.o isdinf.o isdnan.o pythag.o tql1.o
ranlib ../libgjl.a || true
ar -r ../libgjl.a gjqf.o gjqfd.o gjqli.o gjqrc.o
ranlib ../libgjl.a || true
========================================================================
There should be no output from these tests, except their names. If
ndiff is available, there will also be reports of the maximum absolute
and relative errors found. If small numeric differences are reported,
then YOU must decide whether they are significant. You can do
         make check RELERR=xxx
to rerun the tests with a different relative error tolerance, where xxx
is either a suitable small positive floating-point number, or else a
value >= 1.0, meaning that multiple of the machine epsilon.
========================================================================
Checking tgjf1 ...
File differences are made with: /usr/local/bin/ndiff --relerr 1.0e-10 --minwidth 10 --abserr 0
gjf101
### Maximum relative error in matching lines = 1.22e-13 at line 19 field 5
### Maximum relative error in matching lines = 9.59e-15 at line 46 field 6
gjf102
22c22
<     13   -0.000000000000001    1.190475237977319E-01   -3.924654934481443E-02    8.601253434791832E-02
--- field 2	relative error 1.0e+00
>     13    0.000000000000000    1.190475237977319E-01   -3.924654934481807E-02    8.601253434791985E-02
184c184
<     13   -0.000000000000002    1.186182897098736E-01   -3.903335878242045E-02    8.567384099551958E-02
--- field 2	relative error 1.0e+00
>     13    0.000000000000000    1.186182897098735E-01   -3.903335878241522E-02    8.567384099552038E-02
### Maximum relative error in matching lines = 1.52e-12 at line 277 field 5
### Maximum relative error in matching lines = 2.84e-14 at line 106 field 6
gjf103
### Maximum relative error in matching lines = 3.36e-12 at line 277 field 5
### Maximum relative error in matching lines = 1.37e-13 at line 206 field 6
gjf104
284c284
<     38   -0.000000000000001    4.133674544197099E-02   -1.401667347449951E-02    2.909730518649745E-02
--- field 2	relative error 1.0e+00
>     38    0.000000000000000    4.133674544197097E-02   -1.401667347442370E-02    2.909730518649572E-02
321c321
<     75    0.999145758387301    7.059297156929621E-05    9.982662541002286E-01    1.298436106184631E-07
--- field 5	relative error 1.35e-10
>     75    0.999145758387302    7.059297156921275E-05    9.982662541003301E-01    1.298436106008060E-07
472c472
<   Minimum relative error =   0.00E+00       0.00 ulps       0.00 bits at nquad =   25
--- field 13	relative error 1.0e+00
>   Minimum relative error =  -3.51E-17      -0.16 ulps       2.66 bits at nquad =   50
### Maximum relative error in matching lines = 5.05e-11 at line 320 field 5
### Maximum relative error in matching lines = 3.60e-13 at line 302 field 6
gjf105
Checking tgjf2 ...
File differences are made with: /usr/local/bin/ndiff --relerr 1.0e-10 --minwidth 10 --abserr 0
gjf201
### Maximum relative error in matching lines = 1.22e-13 at line 19 field 5
### Maximum relative error in matching lines = 6.60e-15 at line 26 field 6
gjf202
22c22
<     13   -0.000000000000001    1.190475237977319E-01   -3.924654934481443E-02    8.601253434791832E-02
--- field 2	relative error 1.0e+00
>     13    0.000000000000000    1.190475237977319E-01   -3.924654934481807E-02    8.601253434791985E-02
184c184
<     13   -0.000000000000002    1.186182897098736E-01   -3.903335878242045E-02    8.567384099551958E-02
--- field 2	relative error 1.0e+00
>     13    0.000000000000000    1.186182897098735E-01   -3.903335878241522E-02    8.567384099552038E-02
### Maximum relative error in matching lines = 1.52e-12 at line 277 field 5
### Maximum relative error in matching lines = 2.65e-14 at line 206 field 6
gjf203
### Maximum relative error in matching lines = 3.36e-12 at line 277 field 5
### Maximum relative error in matching lines = 1.42e-14 at line 106 field 6
gjf204
284c284
<     38   -0.000000000000001    4.133674544197099E-02   -1.401667347449951E-02    2.909730518649745E-02
--- field 2	relative error 1.0e+00
>     38    0.000000000000000    4.133674544197097E-02   -1.401667347442370E-02    2.909730518649572E-02
321c321
<     75    0.999145758387301    7.059297156929621E-05    9.982662541002286E-01    1.298436106184631E-07
--- field 5	relative error 1.35e-10
>     75    0.999145758387302    7.059297156921275E-05    9.982662541003301E-01    1.298436106008060E-07
475c475
<   Maximum relative error =   3.20E-14     144.21 ulps       7.17 bits at nquad =   25
--- field 13	relative error 2.0e+00
>   Maximum relative error =   6.39E-14     287.60 ulps       8.17 bits at nquad =   75
476c476
<   Minimum relative error =   0.00E+00       0.00 ulps       0.00 bits at nquad =   50
--- field 13	relative error 1.0e+00
>   Minimum relative error =   2.83E-16       1.27 ulps       0.35 bits at nquad =   25
### Maximum relative error in matching lines = 5.05e-11 at line 320 field 5
### Maximum relative error in matching lines = 7.73e-14 at line 306 field 6
gjf205
Checking tgjfd1 ...
File differences are made with: /usr/local/bin/ndiff --relerr 1.0e-10 --minwidth 10 --abserr 0
gjfd101
### Maximum relative error in matching lines = 4.24e-14 at line 19 field 5
### Maximum relative error in matching lines = 1.06e-14 at line 26 field 6
gjfd102
22c22
<     13   -0.000000000000001    1.190475237977319E-01   -2.179627421480163E-03    3.466200255897992E-03
--- field 2	relative error 1.0e+00
>     13    0.000000000000000    1.190475237977319E-01   -2.179627421479990E-03    3.466200255897988E-03
184c184
<     13   -0.000000000000002    1.186182897098736E-01   -2.156141099742518E-03    3.433166975660812E-03
--- field 2	relative error 1.0e+00
>     13    0.000000000000000    1.186182897098735E-01   -2.156141099742378E-03    3.433166975660805E-03
### Maximum relative error in matching lines = 5.02e-13 at line 196 field 5
### Maximum relative error in matching lines = 6.17e-14 at line 205 field 6
gjfd103
### Maximum relative error in matching lines = 5.04e-13 at line 253 field 5
### Maximum relative error in matching lines = 3.96e-14 at line 105 field 6
gjfd104
284c284
<     38   -0.000000000000001    4.133674544197099E-02   -2.701632677813243E-04    4.253925486677674E-04
--- field 2	relative error 1.0e+00
>     38    0.000000000000000    4.133674544197097E-02   -2.701632677812943E-04    4.253925486677669E-04
### Maximum relative error in matching lines = 2.36e-12 at line 321 field 5
### Maximum relative error in matching lines = 1.57e-13 at line 302 field 6
gjfd105
Checking tgjfd2 ...
File differences are made with: /usr/local/bin/ndiff --relerr 1.0e-10 --minwidth 10 --abserr 0
gjfd201
### Maximum relative error in matching lines = 4.24e-14 at line 19 field 5
### Maximum relative error in matching lines = 6.60e-15 at line 26 field 6
gjfd202
22c22
<     13   -0.000000000000001    1.190475237977319E-01   -2.179627421480163E-03    3.466200255897992E-03
--- field 2	relative error 1.0e+00
>     13    0.000000000000000    1.190475237977319E-01   -2.179627421479990E-03    3.466200255897988E-03
184c184
<     13   -0.000000000000002    1.186182897098736E-01   -2.156141099742518E-03    3.433166975660812E-03
--- field 2	relative error 1.0e+00
>     13    0.000000000000000    1.186182897098735E-01   -2.156141099742378E-03    3.433166975660805E-03
### Maximum relative error in matching lines = 5.02e-13 at line 196 field 5
### Maximum relative error in matching lines = 2.65e-14 at line 206 field 6
gjfd203
### Maximum relative error in matching lines = 5.04e-13 at line 253 field 5
### Maximum relative error in matching lines = 1.42e-14 at line 106 field 6
gjfd204
284c284
<     38   -0.000000000000001    4.133674544197099E-02   -2.701632677813243E-04    4.253925486677674E-04
--- field 2	relative error 1.0e+00
>     38    0.000000000000000    4.133674544197097E-02   -2.701632677812943E-04    4.253925486677669E-04
475c475
<   Maximum relative error =   3.20E-14     144.21 ulps       7.17 bits at nquad =   25
--- field 13	relative error 2.0e+00
>   Maximum relative error =   6.39E-14     287.60 ulps       8.17 bits at nquad =   75
476c476
<   Minimum relative error =   0.00E+00       0.00 ulps       0.00 bits at nquad =   50
--- field 13	relative error 1.0e+00
>   Minimum relative error =   2.83E-16       1.27 ulps       0.35 bits at nquad =   25
### Maximum relative error in matching lines = 2.36e-12 at line 321 field 5
### Maximum relative error in matching lines = 7.73e-14 at line 306 field 6
gjfd205
============================== Making check-dp in laguerre
(cd ../common; make lib-dp)
ar -r ../libgjl.a d2norm.o dcopy.o deps.o derbit.o dfloat.o dfpmax.o dgamma.o dinf.o diran.o dlgam.o dlog2.o dnan.o dpsi.o dpsiln.o dran.o dstore.o dstorf.o dvsum.o ffalse.o ftrue.o getnan.o idceil.o isdinf.o isdnan.o pythag.o tql1.o
ranlib ../libgjl.a || true
ar -r ../libgjl.a glqf.o glqfd.o glqli.o glqrc.o
ranlib ../libgjl.a || true
========================================================================
There should be no output from these tests, except their names. If
ndiff is available, there will also be reports of the maximum absolute
and relative errors found. If small numeric differences are reported,
then YOU must decide whether they are significant. You can do
         make check RELERR=xxx
to rerun the tests with a different relative error tolerance, where xxx
is either a suitable small positive floating-point number, or else a
value >= 1.0, meaning that multiple of the machine epsilon.
========================================================================
Checking tglf1 ...
File differences are made with: /usr/local/bin/ndiff --relerr 1.0e-10 --minwidth 10 --abserr 0
glf101
301c301
<   Minimum relative error =   0.00E+00       0.00 ulps       0.00 bits at nquad =   65
--- field 13	relative error 7.69e-02
>   Minimum relative error =   6.72E-18       0.03 ulps       5.05 bits at nquad =   70
### Maximum relative error in matching lines = 9.65e-13 at line 177 field 6
### Maximum relative error in matching lines = 1.71e-14 at line 57 field 5
glf102
331c331
<   Minimum relative error =  -8.12E-16      -3.66 ulps       1.87 bits at nquad =   95
--- field 13	relative error 9.0e-01
>   Minimum relative error =  -1.38E-16      -0.62 ulps       0.69 bits at nquad =   50
### Maximum relative error in matching lines = 2.14e-12 at line 305 field 6
### Maximum relative error in matching lines = 3.56e-14 at line 24 field 5
glf103
330c330
<   Maximum relative error =   5.34E-14     240.27 ulps       7.91 bits at nquad =   95
--- field 13	relative error 2.66e-01
>   Maximum relative error =   1.50E-14      67.74 ulps       6.08 bits at nquad =   75
331c331
<   Minimum relative error =  -1.36E-16      -0.61 ulps       0.70 bits at nquad =   95
--- field 13	relative error 2.8e+00
>   Minimum relative error =  -3.22E-17      -0.14 ulps       2.79 bits at nquad =   25
### Maximum relative error in matching lines = 1.56e-12 at line 304 field 6
### Maximum relative error in matching lines = 5.75e-14 at line 40 field 5
glf104
331c331
<   Minimum relative error =  -1.20E-16      -0.54 ulps       0.88 bits at nquad =   50
--- field 13	relative error 5.0e-01
>   Minimum relative error =   3.61E-17       0.16 ulps       2.62 bits at nquad =   75
### Maximum relative error in matching lines = 2.32e-12 at line 304 field 3
### Maximum relative error in matching lines = 7.09e-14 at line 40 field 5
glf105
331c331
<   Minimum relative error =   1.36E-16       0.61 ulps       0.70 bits at nquad =   75
--- field 13	relative error 5.0e-01
>   Minimum relative error =  -3.11E-17      -0.14 ulps       2.84 bits at nquad =   50
### Maximum relative error in matching lines = 1.61e-12 at line 305 field 6
### Maximum relative error in matching lines = 9.80e-15 at line 34 field 5
glf106
325c325
<   Maximum relative error =   2.05E-14      92.41 ulps       6.53 bits at nquad =   75
--- field 13	relative error 2.0e-01
>   Maximum relative error =  -5.82E-15     -26.21 ulps       4.71 bits at nquad =   90
326c326
<   Minimum relative error =  -4.28E-16      -1.93 ulps       0.95 bits at nquad =   50
--- field 13	relative error 5.0e-01
>   Minimum relative error =   2.59E-17       0.12 ulps       3.10 bits at nquad =   75
### Maximum relative error in matching lines = 5.53e-12 at line 212 field 6
### Maximum relative error in matching lines = 2.36e-14 at line 54 field 5
glf107
320c320
<   Maximum relative error =  -3.23E-14    -145.33 ulps       7.18 bits at nquad =   50
--- field 13	relative error 7.0e-01
>   Maximum relative error =   1.55E-14      70.00 ulps       6.13 bits at nquad =   85
### Maximum relative error in matching lines = 2.12e-12 at line 294 field 6
### Maximum relative error in matching lines = 3.22e-14 at line 23 field 5
glf108
208c208
<   Maximum relative error =   8.07E-15      36.36 ulps       5.18 bits at nquad =   75
--- field 13	relative error 5.0e-01
>   Maximum relative error =  -8.87E-15     -39.96 ulps       5.32 bits at nquad =   50
209c209
<   Minimum relative error =   6.16E-16       2.77 ulps       1.47 bits at nquad =   75
--- field 13	relative error 2.0e+00
>   Minimum relative error =   7.72E-17       0.35 ulps       1.52 bits at nquad =   25
### Maximum relative error in matching lines = 1.16e-12 at line 187 field 6
### Maximum relative error in matching lines = 7.06e-15 at line 26 field 5
glf109
### Maximum relative error in matching lines = 1.38e-14 at line 21 field 6
### Maximum relative error in matching lines = 2.86e-15 at line 15 field 5
Checking tglf2 ...
File differences are made with: /usr/local/bin/ndiff --relerr 1.0e-10 --minwidth 10 --abserr 0
glf201
104c104
<   Maximum relative error =   8.87E-14     399.33 ulps       8.64 bits at nquad =   95
--- field 13	relative error 1.72e-01
>   Maximum relative error =   3.35E-14     150.72 ulps       7.24 bits at nquad =   81
### Maximum relative error in matching lines = 7.09e-14 at line 102 field 2
### Maximum relative error in matching lines = 7.09e-14 at line 103 field 4
glf202
Checking tglf3 ...
File differences are made with: /usr/local/bin/ndiff --relerr 1.0e-10 --minwidth 10 --abserr 0
glf301
952c952
<   Maximum relative error =  -3.71E-13   -1671.47 ulps      10.71 bits at nquad =   40 mu =  1.0000000E+02 p =    79
--- field 19	relative error 1.28e-02
>   Maximum relative error =   3.54E-13    1594.12 ulps      10.64 bits at nquad =   40 mu =  1.0000000E+02 p =    78
953c953
<   Minimum relative error =   0.00E+00       0.00 ulps       0.00 bits at nquad =   80 mu =  1.0000000E+00 p =     2
--- field 13	relative error 1.5e+01
>   Minimum relative error =   0.00E+00       0.00 ulps       0.00 bits at nquad =    5 mu =  1.0000000E+00 p =     0
### Maximum relative error in matching lines = 4.40e-13 at line 913 field 2
### Maximum relative error in matching lines = 4.40e-13 at line 822 field 5
glf302
Checking tglf4 ...
File differences are made with: /usr/local/bin/ndiff --relerr 1.0e-10 --minwidth 10 --abserr 0
glf401
105c105
<   Minimum relative error =   0.00E+00   0.00E+00 ulps       0.00 bits at nquad =   34 sigma =    0.1000 alpha =    0.0100
--- field 13	relative error 1.12e+00
>   Minimum relative error =  -8.15E-17  -3.67E-01 ulps       1.45 bits at nquad =   16 sigma =    0.1000 alpha =    0.0100
### Maximum relative error in matching lines = 1.12e-14 at line 70 field 4
### Maximum relative error in matching lines = 1.12e-14 at line 69 field 5
glf402
105c105
<   Minimum relative error =   5.46E-16   2.46E+00 ulps       1.30 bits at nquad =   31 sigma =    1.0000 alpha =    1.0000
--- field 13	relative error 1.32e+00
>   Minimum relative error =  -8.81E-16  -3.97E+00 ulps       1.99 bits at nquad =   72 sigma =    1.0000 alpha =    1.0000
### Maximum relative error in matching lines = 1.41e-13 at line 100 field 4
### Maximum relative error in matching lines = 1.41e-13 at line 99 field 5
glf403
104c104
<   Minimum relative error =   3.36E-16   1.51E+00 ulps       0.60 bits at nquad =   25 sigma =    0.0100 alpha =   -0.5000
--- field 13	relative error 7.85e-01
>   Minimum relative error =   1.58E-16   7.12E-01 ulps       0.49 bits at nquad =   14 sigma =    0.0100 alpha =   -0.5000
### Maximum relative error in matching lines = 1.38e-13 at line 84 field 4
### Maximum relative error in matching lines = 1.38e-13 at line 83 field 5
glf404
105c105
<   Minimum relative error =   0.00E+00   0.00E+00 ulps       0.00 bits at nquad =   36 sigma =    0.1000 alpha =    0.5000
--- field 13	relative error 1.76e+00
>   Minimum relative error =   6.05E-17   2.73E-01 ulps       1.88 bits at nquad =   13 sigma =    0.1000 alpha =    0.5000
### Maximum relative error in matching lines = 6.05e-15 at line 75 field 4
### Maximum relative error in matching lines = 6.11e-15 at line 74 field 5
glf405
105c105
<   Minimum relative error =   7.15E-16   3.22E+00 ulps       1.69 bits at nquad =   68 sigma =    2.0000 alpha =    1.0000
--- field 13	relative error 1.47e-01
>   Minimum relative error =   4.21E-16   1.90E+00 ulps       0.92 bits at nquad =   78 sigma =    2.0000 alpha =    1.0000
### Maximum relative error in matching lines = 9.04e-14 at line 10 field 4
### Maximum relative error in matching lines = 9.05e-14 at line 9 field 5
glf406
### Maximum relative error in matching lines = 6.21e-14 at line 80 field 4
### Maximum relative error in matching lines = 6.20e-14 at line 79 field 5
glf407
### Maximum relative error in matching lines = 8.85e-14 at line 88 field 4
### Maximum relative error in matching lines = 8.86e-14 at line 87 field 5
glf408
### Maximum relative error in matching lines = 2.46e-13 at line 19 field 4
### Maximum relative error in matching lines = 2.47e-13 at line 18 field 5
glf409
### Maximum relative error in matching lines = 1.34e-12 at line 32 field 4
### Maximum relative error in matching lines = 1.34e-12 at line 31 field 5
glf410
### Maximum relative error in matching lines = 8.92e-15 at line 8 field 4
### Maximum relative error in matching lines = 8.92e-15 at line 7 field 5
Checking tglf5 ...
File differences are made with: /usr/local/bin/ndiff --relerr 1.0e-10 --minwidth 10 --abserr 0
glf501
300c300
<   Maximum relative error =  -2.22E-15     -10.00 ulps       3.32 bits at nquad =   65
--- field 13	relative error 7.69e-02
>   Maximum relative error =   1.78E-15       8.00 ulps       3.00 bits at nquad =   70
301c301
<   Minimum relative error =   0.00E+00       0.00 ulps       0.00 bits at nquad =   70
--- field 13	relative error 1.8e+00
>   Minimum relative error =   0.00E+00       0.00 ulps       0.00 bits at nquad =   25
### Maximum relative error in matching lines = 9.65e-13 at line 177 field 6
### Maximum relative error in matching lines = 2.44e-15 at line 24 field 5
glf502
330c330
<   Maximum relative error =  -1.66E-14     -74.63 ulps       6.22 bits at nquad =   95
--- field 13	relative error 2.66e-01
>   Maximum relative error =  -6.67E-15     -30.03 ulps       4.91 bits at nquad =   75
### Maximum relative error in matching lines = 2.14e-12 at line 305 field 6
### Maximum relative error in matching lines = 2.03e-14 at line 40 field 5
glf503
331c331
<   Minimum relative error =   0.00E+00       0.00 ulps       0.00 bits at nquad =   25
--- field 13	relative error 2.0e+00
>   Minimum relative error =   3.29E-18       0.01 ulps       6.08 bits at nquad =   75
### Maximum relative error in matching lines = 1.56e-12 at line 304 field 6
### Maximum relative error in matching lines = 4.13e-15 at line 24 field 5
glf504
330c330
<   Maximum relative error =   5.44E-15      24.50 ulps       4.61 bits at nquad =   95
--- field 13	relative error 9.0e-01
>   Maximum relative error =   2.33E-15      10.50 ulps       3.39 bits at nquad =   50
331c331
<   Minimum relative error =   0.00E+00       0.00 ulps       0.00 bits at nquad =   50
--- field 13	relative error 1.0e+00
>   Minimum relative error =   0.00E+00       0.00 ulps       0.00 bits at nquad =   25
### Maximum relative error in matching lines = 2.32e-12 at line 304 field 3
### Maximum relative error in matching lines = 3.66e-15 at line 40 field 5
glf505
331c331
<   Minimum relative error =   0.00E+00       0.00 ulps       0.00 bits at nquad =   25
--- field 13	relative error 2.8e+00
>   Minimum relative error =   0.00E+00       0.00 ulps       0.00 bits at nquad =   95
### Maximum relative error in matching lines = 1.61e-12 at line 305 field 6
### Maximum relative error in matching lines = 1.26e-15 at line 25 field 5
glf506
### Maximum relative error in matching lines = 5.53e-12 at line 212 field 6
### Maximum relative error in matching lines = 1.84e-15 at line 22 field 5
glf507
### Maximum relative error in matching lines = 2.12e-12 at line 294 field 6
### Maximum relative error in matching lines = 1.08e-15 at line 23 field 5
glf508
209c209
<   Minimum relative error =   0.00E+00       0.00 ulps       0.00 bits at nquad =   50
--- field 13	relative error 5.0e-01
>   Minimum relative error =   8.24E-17       0.37 ulps       1.43 bits at nquad =   75
### Maximum relative error in matching lines = 1.16e-12 at line 187 field 6
### Maximum relative error in matching lines = 1.69e-15 at line 38 field 5
glf509
Checking tglf6 ...
File differences are made with: /usr/local/bin/ndiff --relerr 1.0e-10 --minwidth 10 --abserr 0
glf601
105c105
<   Minimum relative error =   0.00E+00   0.00E+00 ulps       0.00 bits at nquad =   24 sigma =    0.1000 alpha =    0.0100
--- field 13	relative error 2.63e-01
>   Minimum relative error =   0.00E+00   0.00E+00 ulps       0.00 bits at nquad =   19 sigma =    0.1000 alpha =    0.0100
### Maximum relative error in matching lines = 3.31e-15 at line 92 field 4
### Maximum relative error in matching lines = 3.34e-15 at line 91 field 5
glf602
105c105
<   Minimum relative error =   0.00E+00   0.00E+00 ulps       0.00 bits at nquad =   61 sigma =    1.0000 alpha =    1.0000
--- field 13	relative error 7.42e-01
>   Minimum relative error =   0.00E+00   0.00E+00 ulps       0.00 bits at nquad =   35 sigma =    1.0000 alpha =    1.0000
### Maximum relative error in matching lines = 5.80e-15 at line 98 field 4
### Maximum relative error in matching lines = 5.77e-15 at line 97 field 5
glf603
104c104
<   Minimum relative error =   0.00E+00   0.00E+00 ulps       0.00 bits at nquad =    6 sigma =    0.0100 alpha =   -0.5000
--- field 13	relative error 5.0e-01
>   Minimum relative error =   0.00E+00   0.00E+00 ulps       0.00 bits at nquad =    4 sigma =    0.0100 alpha =   -0.5000
### Maximum relative error in matching lines = 5.52e-15 at line 83 field 4
### Maximum relative error in matching lines = 5.48e-15 at line 82 field 5
glf604
105c105
<   Minimum relative error =   0.00E+00   0.00E+00 ulps       0.00 bits at nquad =   17 sigma =    0.1000 alpha =    0.5000
--- field 13	relative error 1.12e+00
>   Minimum relative error =   0.00E+00   0.00E+00 ulps       0.00 bits at nquad =    8 sigma =    0.1000 alpha =    0.5000
### Maximum relative error in matching lines = 3.05e-15 at line 83 field 4
### Maximum relative error in matching lines = 3.17e-15 at line 82 field 5
glf605
105c105
<   Minimum relative error =   3.47E-16   1.56E+00 ulps       0.64 bits at nquad =   91 sigma =    2.0000 alpha =    1.0000
--- field 13	relative error 1.37e-01
>   Minimum relative error =   0.00E+00   0.00E+00 ulps       0.00 bits at nquad =   80 sigma =    2.0000 alpha =    1.0000
### Maximum relative error in matching lines = 2.81e-14 at line 97 field 4
### Maximum relative error in matching lines = 2.79e-14 at line 96 field 5
glf606
### Maximum relative error in matching lines = 2.82e-14 at line 74 field 4
### Maximum relative error in matching lines = 2.81e-14 at line 73 field 5
glf607
### Maximum relative error in matching lines = 6.98e-14 at line 90 field 4
### Maximum relative error in matching lines = 6.98e-14 at line 89 field 5
glf608
### Maximum relative error in matching lines = 7.65e-14 at line 23 field 4
### Maximum relative error in matching lines = 7.64e-14 at line 22 field 5
glf609
### Maximum relative error in matching lines = 3.00e-13 at line 28 field 4
### Maximum relative error in matching lines = 3.00e-13 at line 27 field 5
glf610
Checking tglfd1 ...
File differences are made with: /usr/local/bin/ndiff --relerr 1.0e-10 --minwidth 10 --abserr 0
glfd101
325c325
<   Maximum relative error =  -4.60E-15     -20.70 ulps       4.37 bits at nquad =   75
--- field 13	relative error 2.0e-01
>   Maximum relative error =   2.32E-15      10.47 ulps       3.39 bits at nquad =   90
326c326
<   Minimum relative error =   0.00E+00       0.00 ulps       0.00 bits at nquad =   50
--- field 13	relative error 5.0e-01
>   Minimum relative error =   1.03E-17       0.05 ulps       4.43 bits at nquad =   75
### Maximum relative error in matching lines = 2.89e-12 at line 50 field 4
### Maximum relative error in matching lines = 4.69e-15 at line 41 field 5
glfd102
331c331
<   Minimum relative error =  -1.35E-16      -0.61 ulps       0.71 bits at nquad =   95
--- field 13	relative error 2.66e-01
>   Minimum relative error =  -3.49E-17      -0.16 ulps       2.67 bits at nquad =   75
### Maximum relative error in matching lines = 1.75e-12 at line 304 field 5
### Maximum relative error in matching lines = 5.32e-14 at line 40 field 5
glfd103
330c330
<   Maximum relative error =  -1.41E-14     -63.65 ulps       5.99 bits at nquad =   50
--- field 13	relative error 9.0e-01
>   Maximum relative error =  -2.88E-14    -129.49 ulps       7.02 bits at nquad =   95
### Maximum relative error in matching lines = 8.48e-13 at line 302 field 4
### Maximum relative error in matching lines = 3.16e-14 at line 40 field 5
glfd104
331c331
<   Minimum relative error =   0.00E+00       0.00 ulps       0.00 bits at nquad =   50
--- field 13	relative error 9.0e-01
>   Minimum relative error =   6.80E-20       0.00 ulps      11.67 bits at nquad =   95
### Maximum relative error in matching lines = 2.33e-12 at line 304 field 5
### Maximum relative error in matching lines = 1.82e-14 at line 40 field 5
glfd105
336c336
<   Minimum relative error =   0.00E+00       0.00 ulps       0.00 bits at nquad =   25
--- field 13	relative error 3.0e+00
>   Minimum relative error =  -3.28E-17      -0.15 ulps       2.76 bits at nquad =  100
### Maximum relative error in matching lines = 5.02e-12 at line 114 field 4
### Maximum relative error in matching lines = 2.56e-15 at line 60 field 5
glfd106
336c336
<   Minimum relative error =   0.00E+00       0.00 ulps       0.00 bits at nquad =   75
--- field 13	relative error 2.0e+00
>   Minimum relative error =   1.26E-17       0.06 ulps       4.14 bits at nquad =   25
### Maximum relative error in matching lines = 2.65e-12 at line 309 field 5
### Maximum relative error in matching lines = 2.14e-15 at line 21 field 5
glfd107
336c336
<   Minimum relative error =   0.00E+00       0.00 ulps       0.00 bits at nquad =   75
--- field 13	relative error 5.0e-01
>   Minimum relative error =   6.80E-20       0.00 ulps      11.67 bits at nquad =   50
### Maximum relative error in matching lines = 1.24e-12 at line 309 field 5
### Maximum relative error in matching lines = 1.79e-15 at line 42 field 5
glfd108
### Maximum relative error in matching lines = 1.90e-12 at line 211 field 5
### Maximum relative error in matching lines = 2.50e-15 at line 46 field 5
glfd109
27c27
<       1  -5.772156861565561E-01  -5.772156550109730E-01  -5.40E-08   -2.43E+08     27.86
--- field 2	relative error 5.16e-08
>       1  -5.772156563542344E-01  -5.772156550109730E-01  -2.33E-09   -1.05E+07     23.32
40c40
<   Average relative error =   4.91E-09 ********** ulps      24.40 bits
--- field 6
>   Average relative error =   2.12E-10  952776.58 ulps      19.86 bits
### Maximum relative error in matching lines = 8.51e-15 at line 22 field 4
8c8
< 2   1    4.999999969612645145E-09         20   -5.772156861565560515E-01 -5.40E-08  3.11E-08
--- field 5	relative error 5.16e-08
> 2   1    4.999999969612645145E-09         20   -5.772156563542344410E-01 -2.33E-09  1.34E-09
### Maximum relative error in matching lines = 1.96e-15 at line 9 field 5
Checking tglfd2 ...
File differences are made with: /usr/local/bin/ndiff --relerr 1.0e-10 --minwidth 10 --abserr 0
glfd201
104c104
<   Maximum relative error =   8.27E-14     372.48 ulps       8.54 bits at nquad =   88
--- field 13	relative error 4.54e-02
>   Maximum relative error =   6.27E-14     282.39 ulps       8.14 bits at nquad =   92
### Maximum relative error in matching lines = 9.67e-14 at line 101 field 2
### Maximum relative error in matching lines = 9.67e-14 at line 102 field 4
glfd202
Checking tglfd3 ...
File differences are made with: /usr/local/bin/ndiff --relerr 1.0e-10 --minwidth 10 --abserr 0
glfd301
953c953
<   Minimum relative error =   0.00E+00       0.00 ulps       0.00 bits at nquad =    5 mu =  1.0000000E+00 p =     8
--- field 19	relative error 7.0e+00
>   Minimum relative error =   0.00E+00       0.00 ulps       0.00 bits at nquad =    5 mu =  1.0000000E+00 p =     1
### Maximum relative error in matching lines = 7.06e-14 at line 560 field 2
### Maximum relative error in matching lines = 7.08e-14 at line 497 field 5
glfd302
Checking tglfd4 ...
File differences are made with: /usr/local/bin/ndiff --relerr 1.0e-10 --minwidth 10 --abserr 0
glfd401
105c105
<   Minimum relative error =   0.00E+00   0.00E+00 ulps       0.00 bits at nquad =   13 sigma =    0.1000 alpha =    0.0100
--- field 13	relative error 9.23e-01
>   Minimum relative error =  -8.15E-17  -3.67E-01 ulps       1.45 bits at nquad =   25 sigma =    0.1000 alpha =    0.0100
### Maximum relative error in matching lines = 1.76e-14 at line 91 field 4
### Maximum relative error in matching lines = 1.77e-14 at line 90 field 5
glfd402
105c105
<   Minimum relative error =   5.46E-16   2.46E+00 ulps       1.30 bits at nquad =   41 sigma =    1.0000 alpha =    1.0000
--- field 13	relative error 4.39e-01
>   Minimum relative error =   2.99E-17   1.35E-01 ulps       2.89 bits at nquad =   59 sigma =    1.0000 alpha =    1.0000
### Maximum relative error in matching lines = 1.06e-13 at line 100 field 4
### Maximum relative error in matching lines = 1.06e-13 at line 99 field 5
glfd403
104c104
<   Minimum relative error =   1.34E-15   6.05E+00 ulps       2.60 bits at nquad =   21 sigma =    0.0100 alpha =   -0.5000
--- field 13	relative error 4.25e+00
>   Minimum relative error =  -9.92E-18  -4.47E-02 ulps       4.48 bits at nquad =    4 sigma =    0.0100 alpha =   -0.5000
### Maximum relative error in matching lines = 2.70e-13 at line 71 field 4
### Maximum relative error in matching lines = 2.70e-13 at line 70 field 5
glfd404
105c105
<   Minimum relative error =   0.00E+00   0.00E+00 ulps       0.00 bits at nquad =   22 sigma =    0.1000 alpha =    0.5000
--- field 13	relative error 1.44e+00
>   Minimum relative error =   6.05E-17   2.73E-01 ulps       1.88 bits at nquad =    9 sigma =    0.1000 alpha =    0.5000
### Maximum relative error in matching lines = 4.95e-15 at line 96 field 4
### Maximum relative error in matching lines = 4.88e-15 at line 96 field 5
glfd405
105c105
<   Minimum relative error =  -4.29E-16  -1.93E+00 ulps       0.95 bits at nquad =   58 sigma =    2.0000 alpha =    1.0000
--- field 13	relative error 5.17e-01
>   Minimum relative error =  -7.83E-18  -3.52E-02 ulps       4.83 bits at nquad =   88 sigma =    2.0000 alpha =    1.0000
### Maximum relative error in matching lines = 1.80e-14 at line 61 field 4
### Maximum relative error in matching lines = 1.80e-14 at line 60 field 5
glfd406
105c105
<   Minimum relative error =   9.40E-14   4.23E+02 ulps       8.73 bits at nquad =   90 sigma =    3.0000 alpha =    0.2000
--- field 13	relative error 5.55e-02
>   Minimum relative error =   8.60E-14   3.88E+02 ulps       8.60 bits at nquad =   95 sigma =    3.0000 alpha =    0.2000
### Maximum relative error in matching lines = 1.33e-13 at line 16 field 4
### Maximum relative error in matching lines = 1.33e-13 at line 15 field 5
glfd407
### Maximum relative error in matching lines = 3.56e-14 at line 90 field 4
### Maximum relative error in matching lines = 3.56e-14 at line 89 field 5
glfd408
### Maximum relative error in matching lines = 5.28e-14 at line 88 field 4
### Maximum relative error in matching lines = 5.29e-14 at line 87 field 5
glfd409
### Maximum relative error in matching lines = 3.96e-13 at line 34 field 4
### Maximum relative error in matching lines = 3.96e-13 at line 33 field 5
glfd410
### Maximum relative error in matching lines = 6.93e-15 at line 9 field 4
### Maximum relative error in matching lines = 7.01e-15 at line 8 field 5
Checking tglfd5 ...
File differences are made with: /usr/local/bin/ndiff --relerr 1.0e-10 --minwidth 10 --abserr 0
glfd501
300c300
<   Maximum relative error =  -2.22E-15     -10.00 ulps       3.32 bits at nquad =   65
--- field 13	relative error 7.69e-02
>   Maximum relative error =   1.78E-15       8.00 ulps       3.00 bits at nquad =   70
301c301
<   Minimum relative error =   0.00E+00       0.00 ulps       0.00 bits at nquad =   70
--- field 13	relative error 1.8e+00
>   Minimum relative error =   0.00E+00       0.00 ulps       0.00 bits at nquad =   25
### Maximum relative error in matching lines = 2.89e-12 at line 50 field 4
### Maximum relative error in matching lines = 2.44e-15 at line 24 field 5
glfd502
330c330
<   Maximum relative error =  -1.66E-14     -74.63 ulps       6.22 bits at nquad =   95
--- field 13	relative error 2.66e-01
>   Maximum relative error =  -6.67E-15     -30.03 ulps       4.91 bits at nquad =   75
### Maximum relative error in matching lines = 1.75e-12 at line 304 field 5
### Maximum relative error in matching lines = 2.03e-14 at line 40 field 5
glfd503
331c331
<   Minimum relative error =   0.00E+00       0.00 ulps       0.00 bits at nquad =   25
--- field 13	relative error 2.0e+00
>   Minimum relative error =   3.29E-18       0.01 ulps       6.08 bits at nquad =   75
### Maximum relative error in matching lines = 8.48e-13 at line 302 field 4
### Maximum relative error in matching lines = 4.13e-15 at line 24 field 5
glfd504
330c330
<   Maximum relative error =   5.44E-15      24.50 ulps       4.61 bits at nquad =   95
--- field 13	relative error 9.0e-01
>   Maximum relative error =   2.33E-15      10.50 ulps       3.39 bits at nquad =   50
331c331
<   Minimum relative error =   0.00E+00       0.00 ulps       0.00 bits at nquad =   50
--- field 13	relative error 1.0e+00
>   Minimum relative error =   0.00E+00       0.00 ulps       0.00 bits at nquad =   25
### Maximum relative error in matching lines = 2.33e-12 at line 304 field 5
### Maximum relative error in matching lines = 3.66e-15 at line 40 field 5
glfd505
331c331
<   Minimum relative error =   0.00E+00       0.00 ulps       0.00 bits at nquad =   25
--- field 13	relative error 2.8e+00
>   Minimum relative error =   0.00E+00       0.00 ulps       0.00 bits at nquad =   95
### Maximum relative error in matching lines = 5.02e-12 at line 114 field 4
### Maximum relative error in matching lines = 1.26e-15 at line 25 field 5
glfd506
### Maximum relative error in matching lines = 2.37e-12 at line 299 field 5
### Maximum relative error in matching lines = 1.84e-15 at line 22 field 5
glfd507
### Maximum relative error in matching lines = 1.10e-12 at line 186 field 5
### Maximum relative error in matching lines = 1.08e-15 at line 23 field 5
glfd508
209c209
<   Minimum relative error =   0.00E+00       0.00 ulps       0.00 bits at nquad =   50
--- field 13	relative error 5.0e-01
>   Minimum relative error =   8.24E-17       0.37 ulps       1.43 bits at nquad =   75
### Maximum relative error in matching lines = 6.69e-13 at line 115 field 5
### Maximum relative error in matching lines = 1.69e-15 at line 38 field 5
glfd509
Checking tglfd6 ...
File differences are made with: /usr/local/bin/ndiff --relerr 1.0e-10 --minwidth 10 --abserr 0
glfd601
105c105
<   Minimum relative error =   0.00E+00   0.00E+00 ulps       0.00 bits at nquad =   24 sigma =    0.1000 alpha =    0.0100
--- field 13	relative error 2.63e-01
>   Minimum relative error =   0.00E+00   0.00E+00 ulps       0.00 bits at nquad =   19 sigma =    0.1000 alpha =    0.0100
### Maximum relative error in matching lines = 3.31e-15 at line 92 field 4
### Maximum relative error in matching lines = 3.34e-15 at line 91 field 5
glfd602
105c105
<   Minimum relative error =   0.00E+00   0.00E+00 ulps       0.00 bits at nquad =   61 sigma =    1.0000 alpha =    1.0000
--- field 13	relative error 7.42e-01
>   Minimum relative error =   0.00E+00   0.00E+00 ulps       0.00 bits at nquad =   35 sigma =    1.0000 alpha =    1.0000
### Maximum relative error in matching lines = 5.80e-15 at line 98 field 4
### Maximum relative error in matching lines = 5.77e-15 at line 97 field 5
glfd603
104c104
<   Minimum relative error =   0.00E+00   0.00E+00 ulps       0.00 bits at nquad =    6 sigma =    0.0100 alpha =   -0.5000
--- field 13	relative error 5.0e-01
>   Minimum relative error =   0.00E+00   0.00E+00 ulps       0.00 bits at nquad =    4 sigma =    0.0100 alpha =   -0.5000
### Maximum relative error in matching lines = 5.52e-15 at line 83 field 4
### Maximum relative error in matching lines = 5.48e-15 at line 82 field 5
glfd604
105c105
<   Minimum relative error =   0.00E+00   0.00E+00 ulps       0.00 bits at nquad =   17 sigma =    0.1000 alpha =    0.5000
--- field 13	relative error 1.12e+00
>   Minimum relative error =   0.00E+00   0.00E+00 ulps       0.00 bits at nquad =    8 sigma =    0.1000 alpha =    0.5000
### Maximum relative error in matching lines = 3.05e-15 at line 83 field 4
### Maximum relative error in matching lines = 3.17e-15 at line 82 field 5
glfd605
105c105
<   Minimum relative error =   3.47E-16   1.56E+00 ulps       0.64 bits at nquad =   91 sigma =    2.0000 alpha =    1.0000
--- field 13	relative error 1.37e-01
>   Minimum relative error =   0.00E+00   0.00E+00 ulps       0.00 bits at nquad =   80 sigma =    2.0000 alpha =    1.0000
### Maximum relative error in matching lines = 2.81e-14 at line 97 field 4
### Maximum relative error in matching lines = 2.79e-14 at line 96 field 5
glfd606
### Maximum relative error in matching lines = 2.82e-14 at line 74 field 4
### Maximum relative error in matching lines = 2.81e-14 at line 73 field 5
glfd607
### Maximum relative error in matching lines = 6.98e-14 at line 90 field 4
### Maximum relative error in matching lines = 6.98e-14 at line 89 field 5
glfd608
### Maximum relative error in matching lines = 7.65e-14 at line 23 field 4
### Maximum relative error in matching lines = 7.64e-14 at line 22 field 5
glfd609
### Maximum relative error in matching lines = 3.00e-13 at line 28 field 4
### Maximum relative error in matching lines = 3.00e-13 at line 27 field 5
glfd610
============================== Making check-dp in common
ar -r ../libgjl.a d2norm.o dcopy.o deps.o derbit.o dfloat.o dfpmax.o dgamma.o dinf.o diran.o dlgam.o dlog2.o dnan.o dpsi.o dpsiln.o dran.o dstore.o dstorf.o dvsum.o ffalse.o ftrue.o getnan.o idceil.o isdinf.o isdnan.o pythag.o tql1.o
ranlib ../libgjl.a || true
ar -r ../libgjl.a aeps.o afpmax.o ainf.o airan.o algam.o alog2.o anan.o astore.o astorf.o avsum.o gamma.o iceil.o isainf.o isanan.o psi.o psiln.o ran.o
ranlib ../libgjl.a || true
There is no validation suite in this directory
101.88u 19.14s 2:03.25 98.1%
============================================================
Disk free report for /local/build/g77/quadlog-gampsi:
			Filesystem           1K-blocks      Used Available Use% Mounted on
			/dev/dsk/c0d0s0       11589179   8118457   3354831  71% /
Remote date:            2004.06.14.12.29.54
/usr/sbin/.: Permission denied.
Build directory:        /u/sy/beebe
System status:           12:29pm  up 32 day(s),  4:27,  3 users,  load average: 1.45, 1.04, 0.61
============================================================
