/usr/X11R6/bin/xauth:  error in locking authority file /u/sy/beebe/.Xauthority
============================================================
/bin/.: Permission denied.
Machinetype:            DEC Alphastation 200 4/100 (1 CPU, 100 MHz Alpha 21064 EV4, 64MB RAM);    GNU/Linux 2.2.22-6.2.2
System status:            6:22am  up 76 days, 14:06,  3 users,  load average: 2.28, 1.11, 0.44
Package:                quadlog-gampsi
Archive:                /export/home/0077/sy/beebe//quadlog-gampsi.tar.gz
Date:                   2004.03.19.06.21.39
Local user:             beebe
Local host:             suncore.math.utah.edu
Local log directory:    /export/home/0077/sy/beebe/logs/quadlog-gampsi
Local log file:         quadlog-gampsi.blab02.math.utah.edu.2004.03.19.06.21.39.log
Remote user:            beebe
Remote host:            blab02.math.utah.edu
Remote directory:       /local/build/f77
Remote date:            2004.03.19.06.22.16
Remote uname:           Linux blab02.math.utah.edu 2.2.22-6.2.2 #1 Mon Sep 23 06:51:14 EDT 2002 alpha unknown unknown GNU/Linux
Remote gcc version:     gcc (GCC) 3.3
Remote g++ version:     g++ (GCC) 3.3
Remote gcc3 version:    gcc3: Command not found.
Remote g++3 version:    g++3: Command not found.
Configure environment:  CC=gcc CXX=g++ F77=f77 FC=f77 LDFLAGS="-Wl,-rpath,/usr/local/lib" 
Extra environment:      
Configure flags:        
Make all targets:       all all-qp
Make check targets:     check
Disk free report for /local/build/f77:
			Filesystem           1K-blocks      Used Available Use% Mounted on
			/dev/sdb1             35321504   4101472  29425780  13% /export
Environment:
			DISPLAY=localhost:96.0
			DVIPSHEADERS=.:/usr/local/lib/tex/ps:/usr/local/lib/tex/fonts/ps:/usr/local/lib/tex/fonts/vf:/usr/local/lib/tex/fonts/old/vf:/usr/local/lib/tex/fonts/postscript/cmpsfont/pfb
			FUSE_BIN=/usr/opt/PRT200/bin
			GROUP=wheel
			HOME=/u/sy/beebe
			HOST=blab02.math.utah.edu
			HOSTALIAS=blab02
			HOSTTYPE=alpha
			INDOMAIN=math.utah.edu
			INFO=/usr/local/plot79
			LOGNAME=beebe
			LS_COLORS=no=00:fi=00:di=37;44:ln=01;36;44:pi=33;44:so=01;35:bd=33;44;01:cd=33;44;01:or=40;31;01:ex=01;33;44:*.tar=01;31:*.tgz=01;31:*.arj=01;31:*.taz=01;31:*.lzh=01;31:*.zip=01;31:*.z=01;31:*.Z=01;31:*.gz=01;31:*.deb=01;31:*.i386.rpm=01;31:*.src.rpm=01;30:*.jpg=01;35:*.gif=01;35:*.bmp=01;35:*.ppm=01;35:*.tga=01;35:*.xbm=01;35:*.xpm=01;35:*.tif=01;35:*.mpg=01;37;42:*.avi=01;37;42:*.mp4=01;37;42:*.qt=01;37;42:*.gl=01;37;42:*.dl=01;37;42:*.c=1;34;47:*.h=1;35;47:*.in=1;32;44:*.i=07;33;44:*ChangeLog=01;34;43:*INSTALL=301;4;43:*Makefile=01;37;42;41:*NEWS=01;34;43:*README=01;34;43:*TO-DO=01;34;43:*WHERE-FROM=01;34;43:
			MACHTYPE=alpha
			MAIL=/var/spool/mail/beebe
			MFINPUTS=.:/usr/local/lib/mf/macros:/usr/local/lib/mf/cm:/usr/local/lib/mf
			MORE=cspvf
			NCARG_ROOT=/usr/local/ncar
			OPENWINHOME=/usr/openwin
			OSTYPE=linux
			PAGER=/usr/bin/less
			PATH=/usr/local/bin/X11:/usr/local/bin:/u/sy/beebe/bin/alpha:/usr/local/share/bin:/usr/local/bin/X11:/usr/X11R6/bin:/usr/bin/X11:/usr/sbin:/usr/bin:/bin:/sbin:/usr/local/etc:/usr/etc:/etc:.:/u/sy/beebe/tex/bib
			PLT=/usr/local/plot79
			PVM_ROOT=/usr/local/pvm3
			PWD=/u/sy/beebe
			SHELL=/usr/local/bin/tcsh
			SHLVL=1
			SSH_CLIENT=155.101.96.131 57814 22
			SSH_CONNECTION=155.101.96.131 57814 155.101.96.154 22
			TERM=vt100
			TEXCONFIG=.:/usr/local/lib/tex/ps:/usr/local/lib/tex/fonts/vf:/usr/local/lib/tex/fonts/old/vf
			TEXFONTS=/usr/local/lib/tex/fonts/cm/600dpi:/usr/local/lib/tex/fonts/cm/tfms:/usr/local/lib/tex/ams/amspsfnt/tfms:/usr/local/lib/tex/ams/amspsfnt/pfb:/usr/local/lib/tex/ams/amsfonts/pk-files/600dpi:/usr/local/lib/tex/ams/amsfonts/pk-files/300dpi:/usr/local/lib/tex/fonts/pandora/600dpi:/usr/local/lib/tex/fonts/pandora/tfms:/usr/local/lib/tex/fonts/concrete/600dpi:/usr/local/lib/tex/fonts/concrete/tfms:/usr/local/lib/tex/fonts/greek:/usr/local/lib/tex/lamstex/mf:/usr/local/lib/tex/fonts/pk/tfms:/usr/local/lib/tex/fonts/pk/600dpi:/usr/local/lib/tex/fonts/pk/300dpi:/usr/local/lib/tex/fonts/ps:/usr/local/lib/tex/latex2e/fonts:/usr/local/lib/tex/fonts/vf:/usr/local/lib/tex/fonts/old/vf:/usr/local/lib/tex/musictex/pk/600dpi:/usr/local/lib/tex/musictex/pk/tfms:/usr/local/lib/tex/fonts/cmcyr/600dpi:/usr/local/lib/tex/fonts/ec/600dpi:/usr/local/lib/tex/fonts/ec/tfms:/usr/local/lib/tex/fonts/ecc/600dpi:/usr/local/lib/tex/fonts/ecc/tfms:/usr/local/lib/tex/fonts/ams
			TEXINPUTS=.:/usr/local/lib/tex/inputs:/usr/local/lib/tex/fonts/ps:/usr/local/lib/tex/latex:/usr/local/lib/tex/ams/amstex:/usr/local/lib/tex/ams/amstex/doc:/usr/local/lib/tex/ams/amslatex/inputs:/usr/local/lib/tex/bibtex:/usr/local/lib/tex/fonts/ap/300dpi:/usr/local/lib/tex/tugboat:/usr/local/lib/tex/lamstex/inputs:/usr/local/lib/tex/siam:/usr/local/lib/tex/ps:/usr/local/lib/tex/fonts/pandora
			TEXPKS=/usr/local/lib/tex/fonts/cm/600dpi:/usr/local/lib/tex/fonts/cm/tfms:/usr/local/lib/tex/ams/amspsfnt/tfms:/usr/local/lib/tex/ams/amspsfnt/pfb:/usr/local/lib/tex/ams/amsfonts/pk-files/600dpi:/usr/local/lib/tex/ams/amsfonts/pk-files/300dpi:/usr/local/lib/tex/fonts/pandora/600dpi:/usr/local/lib/tex/fonts/pandora/tfms:/usr/local/lib/tex/fonts/concrete/600dpi:/usr/local/lib/tex/fonts/concrete/tfms:/usr/local/lib/tex/fonts/greek:/usr/local/lib/tex/lamstex/mf:/usr/local/lib/tex/fonts/pk/tfms:/usr/local/lib/tex/fonts/pk/600dpi:/usr/local/lib/tex/fonts/pk/300dpi:/usr/local/lib/tex/fonts/ps:/usr/local/lib/tex/latex2e/fonts:/usr/local/lib/tex/fonts/vf:/usr/local/lib/tex/fonts/old/vf:/usr/local/lib/tex/musictex/pk/600dpi:/usr/local/lib/tex/musictex/pk/tfms:/usr/local/lib/tex/fonts/cmcyr/600dpi:/usr/local/lib/tex/fonts/ec/600dpi:/usr/local/lib/tex/fonts/ec/tfms:/usr/local/lib/tex/fonts/ecc/600dpi:/usr/local/lib/tex/fonts/ecc/tfms:/usr/local/lib/tex/fonts/ams
			USER=beebe
			VENDOR=dec
			VFFONTS=.:/usr/local/lib/tex/latex2e/fonts:/usr/local/lib/tex/fonts/vf:/usr/local/lib/tex/fonts/old/vf:/usr/local/lib/tex/fonts/fontinst/contrib/helminck:/usr/local/lib/tex/fonts/malvern/vf:/usr/local/lib/tex/fonts/mathtime
			YPDOMAIN=YP.math.utah.edu
============================================================
configure: creating ./config.status
config.status: creating Makefile
configure: configuring in common
configure: running /bin/sh './configure'  --cache-file=/dev/null --srcdir=.
checking for gcc... gcc
checking for C compiler default output file name... a.out
checking whether the C compiler works... yes
checking whether we are cross compiling... no
checking for suffix of executables... 
checking for suffix of object files... o
checking whether we are using the GNU C compiler... yes
checking whether gcc accepts -g... yes
checking for gcc option to accept ANSI C... none needed
checking whether we are using the GNU Fortran 77 compiler... no
checking whether f77 accepts -g... yes
checking for autoconf... autoconf
configure: creating ./config.status
config.status: creating Makefile
configure: configuring in gampsi
configure: running /bin/sh './configure'  --cache-file=/dev/null --srcdir=.
checking for gcc... gcc
checking for C compiler default output file name... a.out
checking whether the C compiler works... yes
checking whether we are cross compiling... no
checking for suffix of executables... 
checking for suffix of object files... o
checking whether we are using the GNU C compiler... yes
checking whether gcc accepts -g... yes
checking for gcc option to accept ANSI C... none needed
checking whether we are using the GNU Fortran 77 compiler... no
checking whether f77 accepts -g... yes
checking for autoconf... autoconf
checking for gzip... gzip
checking for tar... tar
configure: creating ./config.status
config.status: creating Makefile
configure: configuring in jacobi
configure: running /bin/sh './configure'  --cache-file=/dev/null --srcdir=.
checking for gcc... gcc
checking for C compiler default output file name... a.out
checking whether the C compiler works... yes
checking whether we are cross compiling... no
checking for suffix of executables... 
checking for suffix of object files... o
checking whether we are using the GNU C compiler... yes
checking whether gcc accepts -g... yes
checking for gcc option to accept ANSI C... none needed
checking whether we are using the GNU Fortran 77 compiler... no
checking whether f77 accepts -g... yes
checking for autoconf... autoconf
configure: creating ./config.status
config.status: creating Makefile
configure: configuring in laguerre
configure: running /bin/sh './configure'  --cache-file=/dev/null --srcdir=.
checking for gcc... gcc
checking for C compiler default output file name... a.out
checking whether the C compiler works... yes
checking whether we are cross compiling... no
checking for suffix of executables... 
checking for suffix of object files... o
checking whether we are using the GNU C compiler... yes
checking whether gcc accepts -g... yes
checking for gcc option to accept ANSI C... none needed
checking whether we are using the GNU Fortran 77 compiler... no
checking whether f77 accepts -g... yes
checking for autoconf... autoconf
checking if -lm needed for math functions... yes
configure: creating ./config.status
config.status: creating Makefile
configure: configuring in man
configure: running /bin/sh './configure'  --cache-file=/dev/null --srcdir=.
checking for autoconf... autoconf
checking for deroff... deroff
checking for ps2pdf... ps2pdf
checking for man2html... man2html
configure: creating ./config.status
config.status: creating Makefile
62.72user 52.28system 7:14.14elapsed 26%CPU (0avgtext+0avgdata 0maxresident)k
0inputs+0outputs (116807major+111601minor)pagefaults 0swaps
(cd common && make  prefix=/usr/local FWARN="" FOPT="-O" all )
f77 -g -O   -mieee  -c -o d2norm.o d2norm.f
d2norm.f:
   d2norm:
f77 -g -O   -mieee  -c -o dcopy.o dcopy.f
dcopy.f:
   dcopy:
f77 -g -O   -mieee  -c -o deps.o deps.f
deps.f:
   deps:
f77 -g -O   -mieee  -c -o derbit.o derbit.f
derbit.f:
   derbit:
f77 -g -O   -mieee  -c -o dfloat.o dfloat.f
dfloat.f:
   dfloat:
f77 -g -O   -mieee  -c -o dfpmax.o dfpmax.f
dfpmax.f:
   dfpmax:
f77 -g -O   -mieee  -c -o dgamma.o dgamma.f
dgamma.f:
   dgamma:
f77 -g -O   -mieee  -c -o dinf.o dinf.f
dinf.f:
   dinf:
f77 -g -O   -mieee  -c -o diran.o diran.f
diran.f:
   diran:
f77 -g -O   -mieee  -c -o dlgam.o dlgam.f
dlgam.f:
   dlgam:
f77 -g -O   -mieee  -c -o dlog2.o dlog2.f
dlog2.f:
   dlog2:
f77 -g -O   -mieee  -c -o dnan.o dnan.f
dnan.f:
   dnan:
f77 -g -O   -mieee  -c -o dpsi.o dpsi.f
dpsi.f:
   dpsi:
f77 -g -O   -mieee  -c -o dpsiln.o dpsiln.f
dpsiln.f:
   dpsiln:
f77 -g -O   -mieee  -c -o dran.o dran.f
dran.f:
   dran:
f77 -g -O   -mieee  -c -o dstore.o dstore.f
dstore.f:
   dstore:
f77 -g -O   -mieee  -c -o dstorf.o dstorf.f
dstorf.f:
   dstorf:
f77 -g -O   -mieee  -c -o dvsum.o dvsum.f
dvsum.f:
   dvsum:
f77 -g -O   -mieee  -c -o ffalse.o ffalse.f
ffalse.f:
   ffalse:
f77 -g -O   -mieee  -c -o ftrue.o ftrue.f
ftrue.f:
   ftrue:
f77 -g -O   -mieee  -c -o getnan.o getnan.f
getnan.f:
   getnan:
f77 -g -O   -mieee  -c -o idceil.o idceil.f
idceil.f:
   idceil:
f77 -g -O   -mieee  -c -o isdinf.o isdinf.f
isdinf.f:
   isdinf:
f77 -g -O   -mieee  -c -o isdnan.o isdnan.f
isdnan.f:
   isdnan:
f77 -g -O   -mieee  -c -o pythag.o pythag.f
pythag.f:
   pythag:
f77 -g -O   -mieee  -c -o tql1.o tql1.f
tql1.f:
   tql1:
ar -r ../libgjl.a d2norm.o dcopy.o deps.o derbit.o dfloat.o dfpmax.o dgamma.o dinf.o diran.o dlgam.o dlog2.o dnan.o dpsi.o dpsiln.o dran.o dstore.o dstorf.o dvsum.o ffalse.o ftrue.o getnan.o idceil.o isdinf.o isdnan.o pythag.o tql1.o
ranlib ../libgjl.a || true
f77 -g -O   -mieee  -c -o aeps.o aeps.f
aeps.f:
   aeps:
f77 -g -O   -mieee  -c -o afpmax.o afpmax.f
afpmax.f:
   afpmax:
f77 -g -O   -mieee  -c -o ainf.o ainf.f
ainf.f:
   ainf:
f77 -g -O   -mieee  -c -o airan.o airan.f
airan.f:
   airan:
f77 -g -O   -mieee  -c -o algam.o algam.f
algam.f:
   algam:
f77 -g -O   -mieee  -c -o alog2.o alog2.f
alog2.f:
   alog2:
f77 -g -O   -mieee  -c -o anan.o anan.f
anan.f:
   anan:
f77 -g -O   -mieee  -c -o astore.o astore.f
astore.f:
   astore:
f77 -g -O   -mieee  -c -o astorf.o astorf.f
astorf.f:
   astorf:
f77 -g -O   -mieee  -c -o avsum.o avsum.f
avsum.f:
   avsum:
f77 -g -O   -mieee  -c -o gamma.o gamma.f
gamma.f:
   gamma:
f77 -g -O   -mieee  -c -o iceil.o iceil.f
iceil.f:
   iceil:
f77 -g -O   -mieee  -c -o isainf.o isainf.f
isainf.f:
   isainf:
f77 -g -O   -mieee  -c -o isanan.o isanan.f
isanan.f:
   isanan:
f77 -g -O   -mieee  -c -o psi.o psi.f
psi.f:
   psi:
f77 -g -O   -mieee  -c -o psiln.o psiln.f
psiln.f:
   psiln:
f77 -g -O   -mieee  -c -o ran.o ran.f
ran.f:
   ran:
ar -r ../libgjl.a aeps.o afpmax.o ainf.o airan.o algam.o alog2.o anan.o astore.o astorf.o avsum.o gamma.o iceil.o isainf.o isanan.o psi.o psiln.o ran.o
ranlib ../libgjl.a || true
for subdir in man gampsi jacobi laguerre common ; do echo ============================== Making all in $subdir ; ( cd $subdir && make  prefix=/usr/local FWARN="" FOPT="-O" all ) ; done
============================== Making all in man
============================== Making all in gampsi
(cd ../common; make lib-dp)
ar -r ../libgjl.a d2norm.o dcopy.o deps.o derbit.o dfloat.o dfpmax.o dgamma.o dinf.o diran.o dlgam.o dlog2.o dnan.o dpsi.o dpsiln.o dran.o dstore.o dstorf.o dvsum.o ffalse.o ftrue.o getnan.o idceil.o isdinf.o isdnan.o pythag.o tql1.o
ranlib ../libgjl.a || true
f77 -g -O -I../common  -mieee -c -o tdgen.o tdgen.f
tdgen.f:
   MAIN tdgen:
f77 -g -O -I../common  -mieee -c -o funhdr.o funhdr.f
funhdr.f:
   funhdr:
f77 -g -O -I../common  -mieee -c -o dgen.o dgen.f
dgen.f:
   dgen:
f77 -g -O -I../common  -mieee -o tdgen tdgen.o funhdr.o dgen.o ../common/dfloat.o ../common/dinf.o ../common/diran.o ../common/dnan.o ../common/dran.o ../common/dstorf.o ../common/idceil.o ../common/isdnan.o ../common/dgamma.o ../common/dlgam.o ../common/dpsi.o ../common/dpsiln.o 
(cd ../common; make lib-sp)
ar -r ../libgjl.a aeps.o afpmax.o ainf.o airan.o algam.o alog2.o anan.o astore.o astorf.o avsum.o gamma.o iceil.o isainf.o isanan.o psi.o psiln.o ran.o
ranlib ../libgjl.a || true
f77 -g -O -I../common  -mieee -c -o tagen.o tagen.f
tagen.f:
   MAIN tagen:
f77 -g -O -I../common  -mieee -c -o agen.o agen.f
agen.f:
   agen:
f77 -g -O -I../common  -mieee -o tagen tagen.o funhdr.o agen.o ../common/ainf.o ../common/airan.o ../common/anan.o ../common/astorf.o ../common/iceil.o ../common/isanan.o ../common/ran.o ../common/algam.o ../common/dfloat.o ../common/gamma.o ../common/idceil.o ../common/psi.o ../common/psiln.o 
============================== Making all in jacobi
f77 -g -O -I../common  -mieee -c -o gjqf.o gjqf.f
gjqf.f:
   gjqf:
f77 -g -O -I../common  -mieee -c -o gjqfd.o gjqfd.f
gjqfd.f:
   gjqfd:
f77 -g -O -I../common  -mieee -c -o gjqli.o gjqli.f
gjqli.f:
   gjqli:
f77 -g -O -I../common  -mieee -c -o gjqrc.o gjqrc.f
gjqrc.f:
   gjqrc:
(cd ../common; make lib-dp)
ar -r ../libgjl.a d2norm.o dcopy.o deps.o derbit.o dfloat.o dfpmax.o dgamma.o dinf.o diran.o dlgam.o dlog2.o dnan.o dpsi.o dpsiln.o dran.o dstore.o dstorf.o dvsum.o ffalse.o ftrue.o getnan.o idceil.o isdinf.o isdnan.o pythag.o tql1.o
ranlib ../libgjl.a || true
ar -r ../libgjl.a gjqf.o gjqfd.o gjqli.o gjqrc.o
ranlib ../libgjl.a || true
f77 -g -O -I../common  -mieee -c -o tgjf1.o tgjf1.f
tgjf1.f:
   MAIN tgjf1:
f77 -g -O -I../common  -mieee -c -o ../common/prthdr.o ../common/prthdr.f
../common/prthdr.f:
   prthdr:
f77 -g -O -I../common  -mieee -c -o ../common/trapit.o ../common/trapit.f
../common/trapit.f:
   trapit:
f77 -g -O -I../common  -mieee -o tgjf1 tgjf1.o gjqf.o gjqli.o gjqrc.o gjqfd.o ../common/d2norm.o ../common/dcopy.o ../common/deps.o ../common/derbit.o ../common/dfloat.o ../common/dgamma.o ../common/dinf.o ../common/dlog2.o ../common/dnan.o ../common/dpsi.o ../common/dstore.o ../common/dstorf.o ../common/dvsum.o ../common/isdnan.o ../common/prthdr.o ../common/pythag.o ../common/tql1.o ../common/trapit.o ../libgjl.a
f77 -g -O -I../common  -mieee -c -o tgjf2.o tgjf2.f
tgjf2.f:
   MAIN tgjf2:
f77 -g -O -I../common  -mieee -o tgjf2 tgjf2.o gjqf.o gjqli.o gjqrc.o gjqfd.o ../common/d2norm.o ../common/dcopy.o ../common/deps.o ../common/derbit.o ../common/dfloat.o ../common/dgamma.o ../common/dinf.o ../common/dlog2.o ../common/dnan.o ../common/dpsi.o ../common/dstore.o ../common/dstorf.o ../common/dvsum.o ../common/isdnan.o ../common/prthdr.o ../common/pythag.o ../common/tql1.o ../common/trapit.o ../libgjl.a
f77 -g -O -I../common  -mieee -c -o tgjfd1.o tgjfd1.f
tgjfd1.f:
   MAIN tgjfd1:
f77 -g -O -I../common  -mieee -o tgjfd1 tgjfd1.o gjqfd.o ../common/d2norm.o ../common/dcopy.o ../common/deps.o ../common/derbit.o ../common/dfloat.o ../common/dgamma.o ../common/dinf.o ../common/dlog2.o ../common/dnan.o ../common/dpsi.o ../common/dstore.o ../common/dstorf.o ../common/dvsum.o ../common/isdnan.o ../common/prthdr.o ../common/pythag.o ../common/tql1.o ../common/trapit.o ../libgjl.a
f77 -g -O -I../common  -mieee -c -o tgjfd2.o tgjfd2.f
tgjfd2.f:
   MAIN tgjfd2:
f77 -g -O -I../common  -mieee -o tgjfd2 tgjfd2.o gjqfd.o ../common/d2norm.o ../common/dcopy.o ../common/deps.o ../common/derbit.o ../common/dfloat.o ../common/dgamma.o ../common/dinf.o ../common/dlog2.o ../common/dnan.o ../common/dpsi.o ../common/dstore.o ../common/dstorf.o ../common/dvsum.o ../common/isdnan.o ../common/prthdr.o ../common/pythag.o ../common/tql1.o ../common/trapit.o ../libgjl.a
============================== Making all in laguerre
f77 -g -O -I../common  -mieee -c -o glqf.o glqf.f
glqf.f:
   glqf:
f77 -g -O -I../common  -mieee -c -o glqfd.o glqfd.f
glqfd.f:
   glqfd:
f77 -g -O -I../common  -mieee -c -o glqli.o glqli.f
glqli.f:
   glqli:
f77 -g -O -I../common  -mieee -c -o glqrc.o glqrc.f
glqrc.f:
   glqrc:
Warning on line 1 of glqrc.f: dvsum declared EXTERNAL but never used.
(cd ../common; make lib-dp)
ar -r ../libgjl.a d2norm.o dcopy.o deps.o derbit.o dfloat.o dfpmax.o dgamma.o dinf.o diran.o dlgam.o dlog2.o dnan.o dpsi.o dpsiln.o dran.o dstore.o dstorf.o dvsum.o ffalse.o ftrue.o getnan.o idceil.o isdinf.o isdnan.o pythag.o tql1.o
ranlib ../libgjl.a || true
ar -r ../libgjl.a glqf.o glqfd.o glqli.o glqrc.o
ranlib ../libgjl.a || true
f77 -g -O -I../common  -mieee -c -o tglf1.o tglf1.f
tglf1.f:
   MAIN tglf1:
f77 -g -O -I../common  -mieee -o tglf1 tglf1.o glqf.o glqli.o glqfd.o glqrc.o ../common/prthdr.o ../common/d2norm.o ../common/dcopy.o ../common/deps.o ../common/derbit.o ../common/dfloat.o ../common/dgamma.o ../common/dinf.o ../common/dlog2.o ../common/dnan.o ../common/dpsi.o ../common/dstore.o ../common/dstorf.o ../common/dvsum.o ../common/isdnan.o ../common/pythag.o ../common/tql1.o ../common/trapit.o
f77 -g -O -I../common  -mieee -c -o tglf2.o tglf2.f
tglf2.f:
   MAIN tglf2:
f77 -g -O -I../common  -mieee -o tglf2 tglf2.o glqf.o glqli.o glqfd.o glqrc.o ../common/prthdr.o ../common/d2norm.o ../common/dcopy.o ../common/deps.o ../common/derbit.o ../common/dfloat.o ../common/dgamma.o ../common/dinf.o ../common/dlog2.o ../common/dnan.o ../common/dpsi.o ../common/dstore.o ../common/dstorf.o ../common/dvsum.o ../common/isdnan.o ../common/pythag.o ../common/tql1.o ../common/trapit.o
f77 -g -O -I../common  -mieee -c -o tglf3.o tglf3.f
tglf3.f:
   MAIN tglf3:
f77 -g -O -I../common  -mieee -o tglf3 tglf3.o glqf.o glqli.o glqfd.o glqrc.o ../common/prthdr.o ../common/d2norm.o ../common/dcopy.o ../common/deps.o ../common/derbit.o ../common/dfloat.o ../common/dgamma.o ../common/dinf.o ../common/dlog2.o ../common/dnan.o ../common/dpsi.o ../common/dstore.o ../common/dstorf.o ../common/dvsum.o ../common/isdnan.o ../common/pythag.o ../common/tql1.o ../common/trapit.o
f77 -g -O -I../common  -mieee -c -o tglf4.o tglf4.f
tglf4.f:
   MAIN tglf4:
f77 -g -O -I../common  -mieee -o tglf4 tglf4.o glqf.o glqli.o glqfd.o glqrc.o ../common/prthdr.o ../common/d2norm.o ../common/dcopy.o ../common/deps.o ../common/derbit.o ../common/dfloat.o ../common/dgamma.o ../common/dinf.o ../common/dlog2.o ../common/dnan.o ../common/dpsi.o ../common/dstore.o ../common/dstorf.o ../common/dvsum.o ../common/isdnan.o ../common/pythag.o ../common/tql1.o ../common/trapit.o
f77 -g -O -I../common  -mieee -c -o tglf5.o tglf5.f
tglf5.f:
   MAIN tglf5:
f77 -g -O -I../common  -mieee -o tglf5 tglf5.o glqf.o glqli.o glqfd.o glqrc.o ../common/prthdr.o ../common/d2norm.o ../common/dcopy.o ../common/deps.o ../common/derbit.o ../common/dfloat.o ../common/dgamma.o ../common/dinf.o ../common/dlog2.o ../common/dnan.o ../common/dpsi.o ../common/dstore.o ../common/dstorf.o ../common/dvsum.o ../common/isdnan.o ../common/pythag.o ../common/tql1.o ../common/trapit.o
f77 -g -O -I../common  -mieee -c -o tglf6.o tglf6.f
tglf6.f:
   MAIN tglf6:
f77 -g -O -I../common  -mieee -o tglf6 tglf6.o glqf.o glqli.o glqfd.o glqrc.o ../common/prthdr.o ../common/d2norm.o ../common/dcopy.o ../common/deps.o ../common/derbit.o ../common/dfloat.o ../common/dgamma.o ../common/dinf.o ../common/dlog2.o ../common/dnan.o ../common/dpsi.o ../common/dstore.o ../common/dstorf.o ../common/dvsum.o ../common/isdnan.o ../common/pythag.o ../common/tql1.o ../common/trapit.o
f77 -g -O -I../common  -mieee -c -o tglfd1.o tglfd1.f
tglfd1.f:
   MAIN tglfd1:
f77 -g -O -I../common  -mieee -o tglfd1 tglfd1.o glqli.o glqfd.o glqrc.o ../common/prthdr.o ../common/d2norm.o ../common/dcopy.o ../common/deps.o ../common/derbit.o ../common/dfloat.o ../common/dgamma.o ../common/dinf.o ../common/dlog2.o ../common/dnan.o ../common/dpsi.o ../common/dstore.o ../common/dstorf.o ../common/dvsum.o ../common/isdnan.o ../common/pythag.o ../common/tql1.o ../common/trapit.o
f77 -g -O -I../common  -mieee -c -o tglfd2.o tglfd2.f
tglfd2.f:
   MAIN tglfd2:
f77 -g -O -I../common  -mieee -o tglfd2 tglfd2.o glqli.o glqfd.o glqrc.o ../common/prthdr.o ../common/d2norm.o ../common/dcopy.o ../common/deps.o ../common/derbit.o ../common/dfloat.o ../common/dgamma.o ../common/dinf.o ../common/dlog2.o ../common/dnan.o ../common/dpsi.o ../common/dstore.o ../common/dstorf.o ../common/dvsum.o ../common/isdnan.o ../common/pythag.o ../common/tql1.o ../common/trapit.o
f77 -g -O -I../common  -mieee -c -o tglfd3.o tglfd3.f
tglfd3.f:
   MAIN tglfd3:
f77 -g -O -I../common  -mieee -o tglfd3 tglfd3.o glqli.o glqfd.o glqrc.o ../common/prthdr.o ../common/d2norm.o ../common/dcopy.o ../common/deps.o ../common/derbit.o ../common/dfloat.o ../common/dgamma.o ../common/dinf.o ../common/dlog2.o ../common/dnan.o ../common/dpsi.o ../common/dstore.o ../common/dstorf.o ../common/dvsum.o ../common/isdnan.o ../common/pythag.o ../common/tql1.o ../common/trapit.o
f77 -g -O -I../common  -mieee -c -o tglfd4.o tglfd4.f
tglfd4.f:
   MAIN tglfd4:
f77 -g -O -I../common  -mieee -o tglfd4 tglfd4.o glqli.o glqfd.o glqrc.o ../common/prthdr.o ../common/d2norm.o ../common/dcopy.o ../common/deps.o ../common/derbit.o ../common/dfloat.o ../common/dgamma.o ../common/dinf.o ../common/dlog2.o ../common/dnan.o ../common/dpsi.o ../common/dstore.o ../common/dstorf.o ../common/dvsum.o ../common/isdnan.o ../common/pythag.o ../common/tql1.o ../common/trapit.o
f77 -g -O -I../common  -mieee -c -o tglfd5.o tglfd5.f
tglfd5.f:
   MAIN tglfd5:
f77 -g -O -I../common  -mieee -o tglfd5 tglfd5.o glqli.o glqfd.o glqrc.o ../common/prthdr.o ../common/d2norm.o ../common/dcopy.o ../common/deps.o ../common/derbit.o ../common/dfloat.o ../common/dgamma.o ../common/dinf.o ../common/dlog2.o ../common/dnan.o ../common/dpsi.o ../common/dstore.o ../common/dstorf.o ../common/dvsum.o ../common/isdnan.o ../common/pythag.o ../common/tql1.o ../common/trapit.o
f77 -g -O -I../common  -mieee -c -o tglfd6.o tglfd6.f
tglfd6.f:
   MAIN tglfd6:
f77 -g -O -I../common  -mieee -o tglfd6 tglfd6.o glqli.o glqfd.o glqrc.o ../common/prthdr.o ../common/d2norm.o ../common/dcopy.o ../common/deps.o ../common/derbit.o ../common/dfloat.o ../common/dgamma.o ../common/dinf.o ../common/dlog2.o ../common/dnan.o ../common/dpsi.o ../common/dstore.o ../common/dstorf.o ../common/dvsum.o ../common/isdnan.o ../common/pythag.o ../common/tql1.o ../common/trapit.o
============================== Making all in common
ar -r ../libgjl.a d2norm.o dcopy.o deps.o derbit.o dfloat.o dfpmax.o dgamma.o dinf.o diran.o dlgam.o dlog2.o dnan.o dpsi.o dpsiln.o dran.o dstore.o dstorf.o dvsum.o ffalse.o ftrue.o getnan.o idceil.o isdinf.o isdnan.o pythag.o tql1.o
ranlib ../libgjl.a || true
ar -r ../libgjl.a aeps.o afpmax.o ainf.o airan.o algam.o alog2.o anan.o astore.o astorf.o avsum.o gamma.o iceil.o isainf.o isanan.o psi.o psiln.o ran.o
ranlib ../libgjl.a || true
(cd common && make  prefix=/usr/local FWARN="" FOPT="-O" all-qp )
f77 -g -O   -mieee  -c -o iqceil.o iqceil.f
iqceil.f:
   iqceil:
Error on line 10 of iqceil.f: incompatible type-length combination
Error on line 14 of iqceil.f: incompatible type-length combination
make: *** [all-qp] Error 2
158.761u 37.305s 9:56.71 32.8%	0+0k 0+0io 126397pf+0w
============================================================
Disk free report for /local/build/f77:
			Filesystem           1K-blocks      Used Available Use% Mounted on
			/dev/sdb1             35321504   4274944  29252308  13% /export
Remote date:            2004.03.19.06.42.09
============================================================
