============================================================
/bin/.: Permission denied.
Machinetype:            DEC Alphastation 200 4/100 (1 CPU, 100 MHz Alpha 21064 EV4, 64MB RAM);    GNU/Linux 2.2.22-6.2.2
System status:            3:54pm  up 36 days,  3:56,  2 users,  load average: 2.35, 1.08, 0.43
Package:                quadlog-gampsi
Archive:                /home/0077/sy/beebe/build//quadlog-gampsi.tar.gz
Date:                   2004.06.14.15.53.49
Local user:             beebe
Local host:             psi.math.utah.edu
Local log directory:    /home/0077/sy/beebe/build/logs/quadlog-gampsi
Local log file:         quadlog-gampsi.blab02.math.utah.edu.2004.06.14.15.53.49.log
Remote user:            beebe
Remote host:            blab02.math.utah.edu
Remote directory:       /local/build/g77
Remote date:            2004.06.14.15.54.14
Remote uname:           Linux blab02.math.utah.edu 2.2.22-6.2.2 #1 Mon Sep 23 06:51:14 EDT 2002 alpha unknown unknown GNU/Linux
Remote gcc version:     gcc (GCC) 3.3
Remote g++ version:     g++ (GCC) 3.3
Remote gcc3 version:    gcc3: Command not found.

Remote g++3 version:    g++3: Command not found.

Configure environment:  CC=gcc CFLAGS=-mieee CXX=g++ F77=g77 FC=g77 FFLAGS=-fpe3 LDFLAGS="-Wl,-rpath,/usr/local/lib"  
Extra environment:      
Configure flags:        
Make all targets:       
Make check targets:     check
Disk free report for /local/build/g77/quadlog-gampsi:
			Filesystem           1K-blocks      Used Available Use% Mounted on
			/dev/sdb1             35321504   5387596  28139656  17% /export
Environment:
			DVIPSHEADERS=.:/usr/local/lib/tex/ps:/usr/local/lib/tex/fonts/ps:/usr/local/lib/tex/fonts/vf:/usr/local/lib/tex/fonts/old/vf:/usr/local/lib/tex/fonts/postscript/cmpsfont/pfb
			FUSE_BIN=/usr/opt/PRT200/bin
			GROUP=wheel
			HOME=/u/sy/beebe
			HOST=blab02.math.utah.edu
			HOSTALIAS=blab02
			HOSTTYPE=alpha
			INDOMAIN=math.utah.edu
			INFO=/usr/local/plot79
			LOGNAME=beebe
			LS_COLORS=no=00:fi=00:di=37;44:ln=01;36;44:pi=33;44:so=01;35:bd=33;44;01:cd=33;44;01:or=40;31;01:ex=01;33;44:*.tar=01;31:*.tgz=01;31:*.arj=01;31:*.taz=01;31:*.lzh=01;31:*.zip=01;31:*.z=01;31:*.Z=01;31:*.gz=01;31:*.deb=01;31:*.i386.rpm=01;31:*.src.rpm=01;30:*.jpg=01;35:*.gif=01;35:*.bmp=01;35:*.ppm=01;35:*.tga=01;35:*.xbm=01;35:*.xpm=01;35:*.tif=01;35:*.mpg=01;37;42:*.avi=01;37;42:*.mp4=01;37;42:*.qt=01;37;42:*.gl=01;37;42:*.dl=01;37;42:*.c=1;34;47:*.h=1;35;47:*.in=1;32;44:*.i=07;33;44:*ChangeLog=01;34;43:*INSTALL=301;4;43:*Makefile=01;37;42;41:*NEWS=01;34;43:*README=01;34;43:*TO-DO=01;34;43:*WHERE-FROM=01;34;43:
			MACHTYPE=alpha
			MAIL=/var/spool/mail/beebe
			MFINPUTS=.:/usr/local/lib/mf/macros:/usr/local/lib/mf/cm:/usr/local/lib/mf
			MORE=cspvf
			NCARG_ROOT=/usr/local/ncar
			OPENWINHOME=/usr/openwin
			OSTYPE=linux
			PAGER=/usr/bin/less
			PATH=/usr/local/bin/X11:/usr/local/bin:/u/sy/beebe/bin/alpha:/usr/local/share/bin:/usr/local/bin/X11:/usr/X11R6/bin:/usr/bin/X11:/usr/sbin:/usr/bin:/bin:/sbin:/usr/local/etc:/usr/etc:/etc:.:/u/sy/beebe/tex/bib
			PLT=/usr/local/plot79
			PVM_ROOT=/usr/local/pvm3
			PWD=/u/sy/beebe
			SHELL=/usr/local/bin/tcsh
			SHLVL=1
			SSH_CLIENT=155.101.96.19 57137 22
			SSH_CONNECTION=155.101.96.19 57137 155.101.96.154 22
			TERM=vt100
			TEXCONFIG=.:/usr/local/lib/tex/ps:/usr/local/lib/tex/fonts/vf:/usr/local/lib/tex/fonts/old/vf
			TEXFONTS=/usr/local/lib/tex/fonts/cm/600dpi:/usr/local/lib/tex/fonts/cm/tfms:/usr/local/lib/tex/ams/amspsfnt/tfms:/usr/local/lib/tex/ams/amspsfnt/pfb:/usr/local/lib/tex/ams/amsfonts/pk-files/600dpi:/usr/local/lib/tex/ams/amsfonts/pk-files/300dpi:/usr/local/lib/tex/fonts/pandora/600dpi:/usr/local/lib/tex/fonts/pandora/tfms:/usr/local/lib/tex/fonts/concrete/600dpi:/usr/local/lib/tex/fonts/concrete/tfms:/usr/local/lib/tex/fonts/greek:/usr/local/lib/tex/lamstex/mf:/usr/local/lib/tex/fonts/pk/tfms:/usr/local/lib/tex/fonts/pk/600dpi:/usr/local/lib/tex/fonts/pk/300dpi:/usr/local/lib/tex/fonts/ps:/usr/local/lib/tex/latex2e/fonts:/usr/local/lib/tex/fonts/vf:/usr/local/lib/tex/fonts/old/vf:/usr/local/lib/tex/musictex/pk/600dpi:/usr/local/lib/tex/musictex/pk/tfms:/usr/local/lib/tex/fonts/cmcyr/600dpi:/usr/local/lib/tex/fonts/ec/600dpi:/usr/local/lib/tex/fonts/ec/tfms:/usr/local/lib/tex/fonts/ecc/600dpi:/usr/local/lib/tex/fonts/ecc/tfms:/usr/local/lib/tex/fonts/ams
			TEXINPUTS=.:/usr/local/lib/tex/inputs:/usr/local/lib/tex/fonts/ps:/usr/local/lib/tex/latex:/usr/local/lib/tex/ams/amstex:/usr/local/lib/tex/ams/amstex/doc:/usr/local/lib/tex/ams/amslatex/inputs:/usr/local/lib/tex/bibtex:/usr/local/lib/tex/fonts/ap/300dpi:/usr/local/lib/tex/tugboat:/usr/local/lib/tex/lamstex/inputs:/usr/local/lib/tex/siam:/usr/local/lib/tex/ps:/usr/local/lib/tex/fonts/pandora
			TEXPKS=/usr/local/lib/tex/fonts/cm/600dpi:/usr/local/lib/tex/fonts/cm/tfms:/usr/local/lib/tex/ams/amspsfnt/tfms:/usr/local/lib/tex/ams/amspsfnt/pfb:/usr/local/lib/tex/ams/amsfonts/pk-files/600dpi:/usr/local/lib/tex/ams/amsfonts/pk-files/300dpi:/usr/local/lib/tex/fonts/pandora/600dpi:/usr/local/lib/tex/fonts/pandora/tfms:/usr/local/lib/tex/fonts/concrete/600dpi:/usr/local/lib/tex/fonts/concrete/tfms:/usr/local/lib/tex/fonts/greek:/usr/local/lib/tex/lamstex/mf:/usr/local/lib/tex/fonts/pk/tfms:/usr/local/lib/tex/fonts/pk/600dpi:/usr/local/lib/tex/fonts/pk/300dpi:/usr/local/lib/tex/fonts/ps:/usr/local/lib/tex/latex2e/fonts:/usr/local/lib/tex/fonts/vf:/usr/local/lib/tex/fonts/old/vf:/usr/local/lib/tex/musictex/pk/600dpi:/usr/local/lib/tex/musictex/pk/tfms:/usr/local/lib/tex/fonts/cmcyr/600dpi:/usr/local/lib/tex/fonts/ec/600dpi:/usr/local/lib/tex/fonts/ec/tfms:/usr/local/lib/tex/fonts/ecc/600dpi:/usr/local/lib/tex/fonts/ecc/tfms:/usr/local/lib/tex/fonts/ams
			USER=beebe
			VENDOR=dec
			VFFONTS=.:/usr/local/lib/tex/latex2e/fonts:/usr/local/lib/tex/fonts/vf:/usr/local/lib/tex/fonts/old/vf:/usr/local/lib/tex/fonts/fontinst/contrib/helminck:/usr/local/lib/tex/fonts/malvern/vf:/usr/local/lib/tex/fonts/mathtime
			YPDOMAIN=YP.math.utah.edu
============================================================
configure: creating ./config.status
config.status: creating Makefile
configure: configuring in common
configure: running /bin/sh './configure'  --cache-file=/dev/null --srcdir=.
checking for gcc... gcc
checking for C compiler default output file name... a.out
checking whether the C compiler works... yes
checking whether we are cross compiling... no
checking for suffix of executables... 
checking for suffix of object files... o
checking whether we are using the GNU C compiler... yes
checking whether gcc accepts -g... yes
checking for gcc option to accept ANSI C... none needed
checking whether we are using the GNU Fortran 77 compiler... no
checking whether g77 accepts -g... yes
checking for autoconf... autoconf
configure: creating ./config.status
config.status: creating Makefile
configure: configuring in gampsi
configure: running /bin/sh './configure'  --cache-file=/dev/null --srcdir=.
checking for gcc... gcc
checking for C compiler default output file name... a.out
checking whether the C compiler works... yes
checking whether we are cross compiling... no
checking for suffix of executables... 
checking for suffix of object files... o
checking whether we are using the GNU C compiler... yes
checking whether gcc accepts -g... yes
checking for gcc option to accept ANSI C... none needed
checking whether we are using the GNU Fortran 77 compiler... no
checking whether g77 accepts -g... yes
checking for autoconf... autoconf
checking for gzip... gzip
checking for tar... tar
configure: creating ./config.status
config.status: creating Makefile
configure: configuring in jacobi
configure: running /bin/sh './configure'  --cache-file=/dev/null --srcdir=.
checking for gcc... gcc
checking for C compiler default output file name... a.out
checking whether the C compiler works... yes
checking whether we are cross compiling... no
checking for suffix of executables... 
checking for suffix of object files... o
checking whether we are using the GNU C compiler... yes
checking whether gcc accepts -g... yes
checking for gcc option to accept ANSI C... none needed
checking whether we are using the GNU Fortran 77 compiler... no
checking whether g77 accepts -g... yes
checking for autoconf... autoconf
configure: creating ./config.status
config.status: creating Makefile
configure: configuring in laguerre
configure: running /bin/sh './configure'  --cache-file=/dev/null --srcdir=.
checking for gcc... gcc
checking for C compiler default output file name... a.out
checking whether the C compiler works... yes
checking whether we are cross compiling... no
checking for suffix of executables... 
checking for suffix of object files... o
checking whether we are using the GNU C compiler... yes
checking whether gcc accepts -g... yes
checking for gcc option to accept ANSI C... none needed
checking whether we are using the GNU Fortran 77 compiler... no
checking whether g77 accepts -g... yes
checking for autoconf... autoconf
checking if -lm needed for math functions... yes
configure: creating ./config.status
config.status: creating Makefile
configure: configuring in man
configure: running /bin/sh './configure'  --cache-file=/dev/null --srcdir=.
checking for autoconf... autoconf
checking for deroff... deroff
checking for ps2pdf... ps2pdf
checking for man2html... man2html
configure: creating ./config.status
config.status: creating Makefile
55.55user 49.26system 6:47.69elapsed 25%CPU (0avgtext+0avgdata 0maxresident)k
0inputs+0outputs (107213major+107017minor)pagefaults 0swaps
(cd common && make  prefix=/usr/local FWARN="" FOPT="-O" all )
g77 -fpe3 -O   -mieee  -c -o d2norm.o d2norm.f
f771: error: unrecognized option `-fpe3'
0.309u 0.157s 0:01.55 29.0%	0+0k 0+0io 654pf+0w
============================================================
Disk free report for /local/build/g77/quadlog-gampsi:
make: *** [all] Error 2
			Filesystem           1K-blocks      Used Available Use% Mounted on
			/dev/sdb1             35321504   5440924  28086328  17% /export
Remote date:            2004.06.14.16.04.15
/bin/.: Permission denied.
Build directory:        /a/suncore1/export/home/0077/sy/beebe
System status:            4:04pm  up 36 days,  4:06,  2 users,  load average: 3.19, 2.96, 1.77
============================================================
