============================================================
/bin/.: Permission denied.
Machinetype:            DEC Alphastation 200 4/100 (1 CPU, 100 MHz Alpha 21064 EV4, 64MB RAM);    GNU/Linux 2.2.22-6.2.2
System status:           10:19am  up 36 days, 22:21,  2 users,  load average: 0.32, 0.12, 0.02
Package:                quadlog-gampsi
Archive:                /home/0077/sy/beebe/build//quadlog-gampsi.tar.gz
Date:                   2004.06.15.10.19.50
Local user:             beebe
Local host:             psi.math.utah.edu
Local log directory:    /home/0077/sy/beebe/build/logs/quadlog-gampsi
Local log file:         quadlog-gampsi.blab02.math.utah.edu.2004.06.15.10.19.50.log
Remote user:            beebe
Remote host:            blab02.math.utah.edu
Remote directory:       /local/build/f77
Remote date:            2004.06.15.10.19.59
Remote uname:           Linux blab02.math.utah.edu 2.2.22-6.2.2 #1 Mon Sep 23 06:51:14 EDT 2002 alpha unknown unknown GNU/Linux
Remote gcc version:     gcc (GCC) 3.3
Remote g++ version:     g++ (GCC) 3.3
Remote gcc3 version:    
Remote g++3 version:    gcc3: Command not found.

Configure environment:  CC=gcc CFLAGS=-mieee CXX=g++ F77=f77 FC=f77 LDFLAGS="-Wl,-rpath,/usr/local/lib" 
Extra environment:      
Configure flags:        
Make all targets:       
Make check targets:     check
Disk free report for /local/build/f77/quadlog-gampsi:
g++3: Command not found.
			Filesystem           1K-blocks      Used Available Use% Mounted on
			/dev/sdb1             35321504   5507600  28019652  17% /export
Environment:
			DVIPSHEADERS=.:/usr/local/lib/tex/ps:/usr/local/lib/tex/fonts/ps:/usr/local/lib/tex/fonts/vf:/usr/local/lib/tex/fonts/old/vf:/usr/local/lib/tex/fonts/postscript/cmpsfont/pfb
			FUSE_BIN=/usr/opt/PRT200/bin
			GROUP=wheel
			HOME=/u/sy/beebe
			HOST=blab02.math.utah.edu
			HOSTALIAS=blab02
			HOSTTYPE=alpha
			INDOMAIN=math.utah.edu
			INFO=/usr/local/plot79
			LOGNAME=beebe
			LS_COLORS=no=00:fi=00:di=37;44:ln=01;36;44:pi=33;44:so=01;35:bd=33;44;01:cd=33;44;01:or=40;31;01:ex=01;33;44:*.tar=01;31:*.tgz=01;31:*.arj=01;31:*.taz=01;31:*.lzh=01;31:*.zip=01;31:*.z=01;31:*.Z=01;31:*.gz=01;31:*.deb=01;31:*.i386.rpm=01;31:*.src.rpm=01;30:*.jpg=01;35:*.gif=01;35:*.bmp=01;35:*.ppm=01;35:*.tga=01;35:*.xbm=01;35:*.xpm=01;35:*.tif=01;35:*.mpg=01;37;42:*.avi=01;37;42:*.mp4=01;37;42:*.qt=01;37;42:*.gl=01;37;42:*.dl=01;37;42:*.c=1;34;47:*.h=1;35;47:*.in=1;32;44:*.i=07;33;44:*ChangeLog=01;34;43:*INSTALL=301;4;43:*Makefile=01;37;42;41:*NEWS=01;34;43:*README=01;34;43:*TO-DO=01;34;43:*WHERE-FROM=01;34;43:
			MACHTYPE=alpha
			MAIL=/var/spool/mail/beebe
			MFINPUTS=.:/usr/local/lib/mf/macros:/usr/local/lib/mf/cm:/usr/local/lib/mf
			MORE=cspvf
			NCARG_ROOT=/usr/local/ncar
			OPENWINHOME=/usr/openwin
			OSTYPE=linux
			PAGER=/usr/bin/less
			PATH=/usr/local/bin/X11:/usr/local/bin:/u/sy/beebe/bin/alpha:/usr/local/share/bin:/usr/local/bin/X11:/usr/X11R6/bin:/usr/bin/X11:/usr/sbin:/usr/bin:/bin:/sbin:/usr/local/etc:/usr/etc:/etc:.:/u/sy/beebe/tex/bib
			PLT=/usr/local/plot79
			PVM_ROOT=/usr/local/pvm3
			PWD=/u/sy/beebe
			SHELL=/usr/local/bin/tcsh
			SHLVL=1
			SSH_CLIENT=155.101.96.19 57649 22
			SSH_CONNECTION=155.101.96.19 57649 155.101.96.154 22
			TERM=vt100
			TEXCONFIG=.:/usr/local/lib/tex/ps:/usr/local/lib/tex/fonts/vf:/usr/local/lib/tex/fonts/old/vf
			TEXFONTS=/usr/local/lib/tex/fonts/cm/600dpi:/usr/local/lib/tex/fonts/cm/tfms:/usr/local/lib/tex/ams/amspsfnt/tfms:/usr/local/lib/tex/ams/amspsfnt/pfb:/usr/local/lib/tex/ams/amsfonts/pk-files/600dpi:/usr/local/lib/tex/ams/amsfonts/pk-files/300dpi:/usr/local/lib/tex/fonts/pandora/600dpi:/usr/local/lib/tex/fonts/pandora/tfms:/usr/local/lib/tex/fonts/concrete/600dpi:/usr/local/lib/tex/fonts/concrete/tfms:/usr/local/lib/tex/fonts/greek:/usr/local/lib/tex/lamstex/mf:/usr/local/lib/tex/fonts/pk/tfms:/usr/local/lib/tex/fonts/pk/600dpi:/usr/local/lib/tex/fonts/pk/300dpi:/usr/local/lib/tex/fonts/ps:/usr/local/lib/tex/latex2e/fonts:/usr/local/lib/tex/fonts/vf:/usr/local/lib/tex/fonts/old/vf:/usr/local/lib/tex/musictex/pk/600dpi:/usr/local/lib/tex/musictex/pk/tfms:/usr/local/lib/tex/fonts/cmcyr/600dpi:/usr/local/lib/tex/fonts/ec/600dpi:/usr/local/lib/tex/fonts/ec/tfms:/usr/local/lib/tex/fonts/ecc/600dpi:/usr/local/lib/tex/fonts/ecc/tfms:/usr/local/lib/tex/fonts/ams
			TEXINPUTS=.:/usr/local/lib/tex/inputs:/usr/local/lib/tex/fonts/ps:/usr/local/lib/tex/latex:/usr/local/lib/tex/ams/amstex:/usr/local/lib/tex/ams/amstex/doc:/usr/local/lib/tex/ams/amslatex/inputs:/usr/local/lib/tex/bibtex:/usr/local/lib/tex/fonts/ap/300dpi:/usr/local/lib/tex/tugboat:/usr/local/lib/tex/lamstex/inputs:/usr/local/lib/tex/siam:/usr/local/lib/tex/ps:/usr/local/lib/tex/fonts/pandora
			TEXPKS=/usr/local/lib/tex/fonts/cm/600dpi:/usr/local/lib/tex/fonts/cm/tfms:/usr/local/lib/tex/ams/amspsfnt/tfms:/usr/local/lib/tex/ams/amspsfnt/pfb:/usr/local/lib/tex/ams/amsfonts/pk-files/600dpi:/usr/local/lib/tex/ams/amsfonts/pk-files/300dpi:/usr/local/lib/tex/fonts/pandora/600dpi:/usr/local/lib/tex/fonts/pandora/tfms:/usr/local/lib/tex/fonts/concrete/600dpi:/usr/local/lib/tex/fonts/concrete/tfms:/usr/local/lib/tex/fonts/greek:/usr/local/lib/tex/lamstex/mf:/usr/local/lib/tex/fonts/pk/tfms:/usr/local/lib/tex/fonts/pk/600dpi:/usr/local/lib/tex/fonts/pk/300dpi:/usr/local/lib/tex/fonts/ps:/usr/local/lib/tex/latex2e/fonts:/usr/local/lib/tex/fonts/vf:/usr/local/lib/tex/fonts/old/vf:/usr/local/lib/tex/musictex/pk/600dpi:/usr/local/lib/tex/musictex/pk/tfms:/usr/local/lib/tex/fonts/cmcyr/600dpi:/usr/local/lib/tex/fonts/ec/600dpi:/usr/local/lib/tex/fonts/ec/tfms:/usr/local/lib/tex/fonts/ecc/600dpi:/usr/local/lib/tex/fonts/ecc/tfms:/usr/local/lib/tex/fonts/ams
			USER=beebe
			VENDOR=dec
			VFFONTS=.:/usr/local/lib/tex/latex2e/fonts:/usr/local/lib/tex/fonts/vf:/usr/local/lib/tex/fonts/old/vf:/usr/local/lib/tex/fonts/fontinst/contrib/helminck:/usr/local/lib/tex/fonts/malvern/vf:/usr/local/lib/tex/fonts/mathtime
			YPDOMAIN=YP.math.utah.edu
============================================================
configure: creating ./config.status
config.status: creating Makefile
configure: configuring in common
configure: running /bin/sh './configure'  --cache-file=/dev/null --srcdir=.
checking for gcc... gcc
checking for C compiler default output file name... a.out
checking whether the C compiler works... yes
checking whether we are cross compiling... no
checking for suffix of executables... 
checking for suffix of object files... o
checking whether we are using the GNU C compiler... yes
checking whether gcc accepts -g... yes
checking for gcc option to accept ANSI C... none needed
checking whether we are using the GNU Fortran 77 compiler... no
checking whether f77 accepts -g... yes
checking for autoconf... autoconf
configure: creating ./config.status
config.status: creating Makefile
configure: configuring in gampsi
configure: running /bin/sh './configure'  --cache-file=/dev/null --srcdir=.
checking for gcc... gcc
checking for C compiler default output file name... a.out
checking whether the C compiler works... yes
checking whether we are cross compiling... no
checking for suffix of executables... 
checking for suffix of object files... o
checking whether we are using the GNU C compiler... yes
checking whether gcc accepts -g... yes
checking for gcc option to accept ANSI C... none needed
checking whether we are using the GNU Fortran 77 compiler... no
checking whether f77 accepts -g... yes
checking for autoconf... autoconf
checking for gzip... gzip
checking for tar... tar
configure: creating ./config.status
config.status: creating Makefile
configure: configuring in jacobi
configure: running /bin/sh './configure'  --cache-file=/dev/null --srcdir=.
checking for gcc... gcc
checking for C compiler default output file name... a.out
checking whether the C compiler works... yes
checking whether we are cross compiling... no
checking for suffix of executables... 
checking for suffix of object files... o
checking whether we are using the GNU C compiler... yes
checking whether gcc accepts -g... yes
checking for gcc option to accept ANSI C... none needed
checking whether we are using the GNU Fortran 77 compiler... no
checking whether f77 accepts -g... yes
checking for autoconf... autoconf
configure: creating ./config.status
config.status: creating Makefile
configure: configuring in laguerre
configure: running /bin/sh './configure'  --cache-file=/dev/null --srcdir=.
checking for gcc... gcc
checking for C compiler default output file name... a.out
checking whether the C compiler works... yes
checking whether we are cross compiling... no
checking for suffix of executables... 
checking for suffix of object files... o
checking whether we are using the GNU C compiler... yes
checking whether gcc accepts -g... yes
checking for gcc option to accept ANSI C... none needed
checking whether we are using the GNU Fortran 77 compiler... no
checking whether f77 accepts -g... yes
checking for autoconf... autoconf
checking if -lm needed for math functions... yes
configure: creating ./config.status
config.status: creating Makefile
configure: configuring in man
configure: running /bin/sh './configure'  --cache-file=/dev/null --srcdir=.
checking for autoconf... autoconf
checking for deroff... deroff
checking for ps2pdf... ps2pdf
checking for man2html... man2html
configure: creating ./config.status
config.status: creating Makefile
59.20user 52.18system 4:37.83elapsed 40%CPU (0avgtext+0avgdata 0maxresident)k
0inputs+0outputs (116430major+111601minor)pagefaults 0swaps
(cd common && make  prefix=/usr/local FWARN="" FOPT="-O" all )
f77 -g -O   -mieee  -c -o d2norm.o d2norm.f
d2norm.f:
   d2norm:
f77 -g -O   -mieee  -c -o dcopy.o dcopy.f
dcopy.f:
   dcopy:
f77 -g -O   -mieee  -c -o deps.o deps.f
deps.f:
   deps:
f77 -g -O   -mieee  -c -o derbit.o derbit.f
derbit.f:
   derbit:
f77 -g -O   -mieee  -c -o dfloat.o dfloat.f
dfloat.f:
   dfloat:
f77 -g -O   -mieee  -c -o dfpmax.o dfpmax.f
dfpmax.f:
   dfpmax:
f77 -g -O   -mieee  -c -o dgamma.o dgamma.f
dgamma.f:
   dgamma:
f77 -g -O   -mieee  -c -o dinf.o dinf.f
dinf.f:
   dinf:
f77 -g -O   -mieee  -c -o diran.o diran.f
diran.f:
   diran:
f77 -g -O   -mieee  -c -o dlgam.o dlgam.f
dlgam.f:
   dlgam:
f77 -g -O   -mieee  -c -o dlog2.o dlog2.f
dlog2.f:
   dlog2:
f77 -g -O   -mieee  -c -o dnan.o dnan.f
dnan.f:
   dnan:
f77 -g -O   -mieee  -c -o dpsi.o dpsi.f
dpsi.f:
   dpsi:
f77 -g -O   -mieee  -c -o dpsiln.o dpsiln.f
dpsiln.f:
   dpsiln:
f77 -g -O   -mieee  -c -o dran.o dran.f
dran.f:
   dran:
f77 -g -O   -mieee  -c -o dstore.o dstore.f
dstore.f:
   dstore:
f77 -g -O   -mieee  -c -o dstorf.o dstorf.f
dstorf.f:
   dstorf:
f77 -g -O   -mieee  -c -o dvsum.o dvsum.f
dvsum.f:
   dvsum:
f77 -g -O   -mieee  -c -o ffalse.o ffalse.f
ffalse.f:
   ffalse:
f77 -g -O   -mieee  -c -o ftrue.o ftrue.f
ftrue.f:
   ftrue:
f77 -g -O   -mieee  -c -o getnan.o getnan.f
getnan.f:
   getnan:
f77 -g -O   -mieee  -c -o idceil.o idceil.f
idceil.f:
   idceil:
f77 -g -O   -mieee  -c -o isdinf.o isdinf.f
isdinf.f:
   isdinf:
f77 -g -O   -mieee  -c -o isdnan.o isdnan.f
isdnan.f:
   isdnan:
f77 -g -O   -mieee  -c -o pythag.o pythag.f
pythag.f:
   pythag:
f77 -g -O   -mieee  -c -o tql1.o tql1.f
tql1.f:
   tql1:
ar -r ../libgjl.a d2norm.o dcopy.o deps.o derbit.o dfloat.o dfpmax.o dgamma.o dinf.o diran.o dlgam.o dlog2.o dnan.o dpsi.o dpsiln.o dran.o dstore.o dstorf.o dvsum.o ffalse.o ftrue.o getnan.o idceil.o isdinf.o isdnan.o pythag.o tql1.o
ranlib ../libgjl.a || true
f77 -g -O   -mieee  -c -o aeps.o aeps.f
aeps.f:
   aeps:
f77 -g -O   -mieee  -c -o afpmax.o afpmax.f
afpmax.f:
   afpmax:
f77 -g -O   -mieee  -c -o ainf.o ainf.f
ainf.f:
   ainf:
f77 -g -O   -mieee  -c -o airan.o airan.f
airan.f:
   airan:
f77 -g -O   -mieee  -c -o algam.o algam.f
algam.f:
   algam:
f77 -g -O   -mieee  -c -o alog2.o alog2.f
alog2.f:
   alog2:
f77 -g -O   -mieee  -c -o anan.o anan.f
anan.f:
   anan:
f77 -g -O   -mieee  -c -o astore.o astore.f
astore.f:
   astore:
f77 -g -O   -mieee  -c -o astorf.o astorf.f
astorf.f:
   astorf:
f77 -g -O   -mieee  -c -o avsum.o avsum.f
avsum.f:
   avsum:
f77 -g -O   -mieee  -c -o gamma.o gamma.f
gamma.f:
   gamma:
f77 -g -O   -mieee  -c -o iceil.o iceil.f
iceil.f:
   iceil:
f77 -g -O   -mieee  -c -o isainf.o isainf.f
isainf.f:
   isainf:
f77 -g -O   -mieee  -c -o isanan.o isanan.f
isanan.f:
   isanan:
f77 -g -O   -mieee  -c -o psi.o psi.f
psi.f:
   psi:
f77 -g -O   -mieee  -c -o psiln.o psiln.f
psiln.f:
   psiln:
f77 -g -O   -mieee  -c -o ran.o ran.f
ran.f:
   ran:
ar -r ../libgjl.a aeps.o afpmax.o ainf.o airan.o algam.o alog2.o anan.o astore.o astorf.o avsum.o gamma.o iceil.o isainf.o isanan.o psi.o psiln.o ran.o
ranlib ../libgjl.a || true
for subdir in man gampsi jacobi laguerre common ; do echo ============================== Making all in $subdir ; ( cd $subdir && make  prefix=/usr/local FWARN="" FOPT="-O" all ) ; done
============================== Making all in man
============================== Making all in gampsi
(cd ../common; make lib-dp)
ar -r ../libgjl.a d2norm.o dcopy.o deps.o derbit.o dfloat.o dfpmax.o dgamma.o dinf.o diran.o dlgam.o dlog2.o dnan.o dpsi.o dpsiln.o dran.o dstore.o dstorf.o dvsum.o ffalse.o ftrue.o getnan.o idceil.o isdinf.o isdnan.o pythag.o tql1.o
ranlib ../libgjl.a || true
f77 -g -O -I../common  -mieee -c -o tdgen.o tdgen.f
tdgen.f:
   MAIN tdgen:
f77 -g -O -I../common  -mieee -c -o funhdr.o funhdr.f
funhdr.f:
   funhdr:
f77 -g -O -I../common  -mieee -c -o dgen.o dgen.f
dgen.f:
   dgen:
f77 -g -O -I../common  -mieee -o tdgen tdgen.o funhdr.o dgen.o ../common/dfloat.o ../common/dinf.o ../common/diran.o ../common/dnan.o ../common/dran.o ../common/dstorf.o ../common/idceil.o ../common/isdnan.o ../common/dgamma.o ../common/dlgam.o ../common/dpsi.o ../common/dpsiln.o 
(cd ../common; make lib-sp)
ar -r ../libgjl.a aeps.o afpmax.o ainf.o airan.o algam.o alog2.o anan.o astore.o astorf.o avsum.o gamma.o iceil.o isainf.o isanan.o psi.o psiln.o ran.o
ranlib ../libgjl.a || true
f77 -g -O -I../common  -mieee -c -o tagen.o tagen.f
tagen.f:
   MAIN tagen:
f77 -g -O -I../common  -mieee -c -o agen.o agen.f
agen.f:
   agen:
f77 -g -O -I../common  -mieee -o tagen tagen.o funhdr.o agen.o ../common/ainf.o ../common/airan.o ../common/anan.o ../common/astorf.o ../common/iceil.o ../common/isanan.o ../common/ran.o ../common/algam.o ../common/dfloat.o ../common/gamma.o ../common/idceil.o ../common/psi.o ../common/psiln.o 
============================== Making all in jacobi
f77 -g -O -I../common  -mieee -c -o gjqf.o gjqf.f
gjqf.f:
   gjqf:
f77 -g -O -I../common  -mieee -c -o gjqfd.o gjqfd.f
gjqfd.f:
   gjqfd:
f77 -g -O -I../common  -mieee -c -o gjqli.o gjqli.f
gjqli.f:
   gjqli:
f77 -g -O -I../common  -mieee -c -o gjqrc.o gjqrc.f
gjqrc.f:
   gjqrc:
(cd ../common; make lib-dp)
ar -r ../libgjl.a d2norm.o dcopy.o deps.o derbit.o dfloat.o dfpmax.o dgamma.o dinf.o diran.o dlgam.o dlog2.o dnan.o dpsi.o dpsiln.o dran.o dstore.o dstorf.o dvsum.o ffalse.o ftrue.o getnan.o idceil.o isdinf.o isdnan.o pythag.o tql1.o
ranlib ../libgjl.a || true
ar -r ../libgjl.a gjqf.o gjqfd.o gjqli.o gjqrc.o
ranlib ../libgjl.a || true
f77 -g -O -I../common  -mieee -c -o tgjf1.o tgjf1.f
tgjf1.f:
   MAIN tgjf1:
f77 -g -O -I../common  -mieee -c -o ../common/prthdr.o ../common/prthdr.f
../common/prthdr.f:
   prthdr:
f77 -g -O -I../common  -mieee -c -o ../common/trapit.o ../common/trapit.f
../common/trapit.f:
   trapit:
f77 -g -O -I../common  -mieee -o tgjf1 tgjf1.o gjqf.o gjqli.o gjqrc.o gjqfd.o ../common/d2norm.o ../common/dcopy.o ../common/deps.o ../common/derbit.o ../common/dfloat.o ../common/dgamma.o ../common/dinf.o ../common/dlog2.o ../common/dnan.o ../common/dpsi.o ../common/dstore.o ../common/dstorf.o ../common/dvsum.o ../common/isdnan.o ../common/prthdr.o ../common/pythag.o ../common/tql1.o ../common/trapit.o ../libgjl.a
f77 -g -O -I../common  -mieee -c -o tgjf2.o tgjf2.f
tgjf2.f:
   MAIN tgjf2:
f77 -g -O -I../common  -mieee -o tgjf2 tgjf2.o gjqf.o gjqli.o gjqrc.o gjqfd.o ../common/d2norm.o ../common/dcopy.o ../common/deps.o ../common/derbit.o ../common/dfloat.o ../common/dgamma.o ../common/dinf.o ../common/dlog2.o ../common/dnan.o ../common/dpsi.o ../common/dstore.o ../common/dstorf.o ../common/dvsum.o ../common/isdnan.o ../common/prthdr.o ../common/pythag.o ../common/tql1.o ../common/trapit.o ../libgjl.a
f77 -g -O -I../common  -mieee -c -o tgjfd1.o tgjfd1.f
tgjfd1.f:
   MAIN tgjfd1:
f77 -g -O -I../common  -mieee -o tgjfd1 tgjfd1.o gjqfd.o ../common/d2norm.o ../common/dcopy.o ../common/deps.o ../common/derbit.o ../common/dfloat.o ../common/dgamma.o ../common/dinf.o ../common/dlog2.o ../common/dnan.o ../common/dpsi.o ../common/dstore.o ../common/dstorf.o ../common/dvsum.o ../common/isdnan.o ../common/prthdr.o ../common/pythag.o ../common/tql1.o ../common/trapit.o ../libgjl.a
f77 -g -O -I../common  -mieee -c -o tgjfd2.o tgjfd2.f
tgjfd2.f:
   MAIN tgjfd2:
f77 -g -O -I../common  -mieee -o tgjfd2 tgjfd2.o gjqfd.o ../common/d2norm.o ../common/dcopy.o ../common/deps.o ../common/derbit.o ../common/dfloat.o ../common/dgamma.o ../common/dinf.o ../common/dlog2.o ../common/dnan.o ../common/dpsi.o ../common/dstore.o ../common/dstorf.o ../common/dvsum.o ../common/isdnan.o ../common/prthdr.o ../common/pythag.o ../common/tql1.o ../common/trapit.o ../libgjl.a
============================== Making all in laguerre
f77 -g -O -I../common  -mieee -c -o glqf.o glqf.f
glqf.f:
   glqf:
f77 -g -O -I../common  -mieee -c -o glqfd.o glqfd.f
glqfd.f:
   glqfd:
f77 -g -O -I../common  -mieee -c -o glqli.o glqli.f
glqli.f:
   glqli:
f77 -g -O -I../common  -mieee -c -o glqrc.o glqrc.f
glqrc.f:
   glqrc:
Warning on line 1 of glqrc.f: dvsum declared EXTERNAL but never used.
(cd ../common; make lib-dp)
ar -r ../libgjl.a d2norm.o dcopy.o deps.o derbit.o dfloat.o dfpmax.o dgamma.o dinf.o diran.o dlgam.o dlog2.o dnan.o dpsi.o dpsiln.o dran.o dstore.o dstorf.o dvsum.o ffalse.o ftrue.o getnan.o idceil.o isdinf.o isdnan.o pythag.o tql1.o
ranlib ../libgjl.a || true
ar -r ../libgjl.a glqf.o glqfd.o glqli.o glqrc.o
ranlib ../libgjl.a || true
f77 -g -O -I../common  -mieee -c -o tglf1.o tglf1.f
tglf1.f:
   MAIN tglf1:
f77 -g -O -I../common  -mieee -o tglf1 tglf1.o glqf.o glqli.o glqfd.o glqrc.o ../common/prthdr.o ../common/d2norm.o ../common/dcopy.o ../common/deps.o ../common/derbit.o ../common/dfloat.o ../common/dgamma.o ../common/dinf.o ../common/dlog2.o ../common/dnan.o ../common/dpsi.o ../common/dstore.o ../common/dstorf.o ../common/dvsum.o ../common/isdnan.o ../common/pythag.o ../common/tql1.o ../common/trapit.o
f77 -g -O -I../common  -mieee -c -o tglf2.o tglf2.f
tglf2.f:
   MAIN tglf2:
f77 -g -O -I../common  -mieee -o tglf2 tglf2.o glqf.o glqli.o glqfd.o glqrc.o ../common/prthdr.o ../common/d2norm.o ../common/dcopy.o ../common/deps.o ../common/derbit.o ../common/dfloat.o ../common/dgamma.o ../common/dinf.o ../common/dlog2.o ../common/dnan.o ../common/dpsi.o ../common/dstore.o ../common/dstorf.o ../common/dvsum.o ../common/isdnan.o ../common/pythag.o ../common/tql1.o ../common/trapit.o
f77 -g -O -I../common  -mieee -c -o tglf3.o tglf3.f
tglf3.f:
   MAIN tglf3:
f77 -g -O -I../common  -mieee -o tglf3 tglf3.o glqf.o glqli.o glqfd.o glqrc.o ../common/prthdr.o ../common/d2norm.o ../common/dcopy.o ../common/deps.o ../common/derbit.o ../common/dfloat.o ../common/dgamma.o ../common/dinf.o ../common/dlog2.o ../common/dnan.o ../common/dpsi.o ../common/dstore.o ../common/dstorf.o ../common/dvsum.o ../common/isdnan.o ../common/pythag.o ../common/tql1.o ../common/trapit.o
f77 -g -O -I../common  -mieee -c -o tglf4.o tglf4.f
tglf4.f:
   MAIN tglf4:
f77 -g -O -I../common  -mieee -o tglf4 tglf4.o glqf.o glqli.o glqfd.o glqrc.o ../common/prthdr.o ../common/d2norm.o ../common/dcopy.o ../common/deps.o ../common/derbit.o ../common/dfloat.o ../common/dgamma.o ../common/dinf.o ../common/dlog2.o ../common/dnan.o ../common/dpsi.o ../common/dstore.o ../common/dstorf.o ../common/dvsum.o ../common/isdnan.o ../common/pythag.o ../common/tql1.o ../common/trapit.o
f77 -g -O -I../common  -mieee -c -o tglf5.o tglf5.f
tglf5.f:
   MAIN tglf5:
f77 -g -O -I../common  -mieee -o tglf5 tglf5.o glqf.o glqli.o glqfd.o glqrc.o ../common/prthdr.o ../common/d2norm.o ../common/dcopy.o ../common/deps.o ../common/derbit.o ../common/dfloat.o ../common/dgamma.o ../common/dinf.o ../common/dlog2.o ../common/dnan.o ../common/dpsi.o ../common/dstore.o ../common/dstorf.o ../common/dvsum.o ../common/isdnan.o ../common/pythag.o ../common/tql1.o ../common/trapit.o
f77 -g -O -I../common  -mieee -c -o tglf6.o tglf6.f
tglf6.f:
   MAIN tglf6:
f77 -g -O -I../common  -mieee -o tglf6 tglf6.o glqf.o glqli.o glqfd.o glqrc.o ../common/prthdr.o ../common/d2norm.o ../common/dcopy.o ../common/deps.o ../common/derbit.o ../common/dfloat.o ../common/dgamma.o ../common/dinf.o ../common/dlog2.o ../common/dnan.o ../common/dpsi.o ../common/dstore.o ../common/dstorf.o ../common/dvsum.o ../common/isdnan.o ../common/pythag.o ../common/tql1.o ../common/trapit.o
f77 -g -O -I../common  -mieee -c -o tglfd1.o tglfd1.f
tglfd1.f:
   MAIN tglfd1:
f77 -g -O -I../common  -mieee -o tglfd1 tglfd1.o glqli.o glqfd.o glqrc.o ../common/prthdr.o ../common/d2norm.o ../common/dcopy.o ../common/deps.o ../common/derbit.o ../common/dfloat.o ../common/dgamma.o ../common/dinf.o ../common/dlog2.o ../common/dnan.o ../common/dpsi.o ../common/dstore.o ../common/dstorf.o ../common/dvsum.o ../common/isdnan.o ../common/pythag.o ../common/tql1.o ../common/trapit.o
f77 -g -O -I../common  -mieee -c -o tglfd2.o tglfd2.f
tglfd2.f:
   MAIN tglfd2:
f77 -g -O -I../common  -mieee -o tglfd2 tglfd2.o glqli.o glqfd.o glqrc.o ../common/prthdr.o ../common/d2norm.o ../common/dcopy.o ../common/deps.o ../common/derbit.o ../common/dfloat.o ../common/dgamma.o ../common/dinf.o ../common/dlog2.o ../common/dnan.o ../common/dpsi.o ../common/dstore.o ../common/dstorf.o ../common/dvsum.o ../common/isdnan.o ../common/pythag.o ../common/tql1.o ../common/trapit.o
f77 -g -O -I../common  -mieee -c -o tglfd3.o tglfd3.f
tglfd3.f:
   MAIN tglfd3:
f77 -g -O -I../common  -mieee -o tglfd3 tglfd3.o glqli.o glqfd.o glqrc.o ../common/prthdr.o ../common/d2norm.o ../common/dcopy.o ../common/deps.o ../common/derbit.o ../common/dfloat.o ../common/dgamma.o ../common/dinf.o ../common/dlog2.o ../common/dnan.o ../common/dpsi.o ../common/dstore.o ../common/dstorf.o ../common/dvsum.o ../common/isdnan.o ../common/pythag.o ../common/tql1.o ../common/trapit.o
f77 -g -O -I../common  -mieee -c -o tglfd4.o tglfd4.f
tglfd4.f:
   MAIN tglfd4:
f77 -g -O -I../common  -mieee -o tglfd4 tglfd4.o glqli.o glqfd.o glqrc.o ../common/prthdr.o ../common/d2norm.o ../common/dcopy.o ../common/deps.o ../common/derbit.o ../common/dfloat.o ../common/dgamma.o ../common/dinf.o ../common/dlog2.o ../common/dnan.o ../common/dpsi.o ../common/dstore.o ../common/dstorf.o ../common/dvsum.o ../common/isdnan.o ../common/pythag.o ../common/tql1.o ../common/trapit.o
f77 -g -O -I../common  -mieee -c -o tglfd5.o tglfd5.f
tglfd5.f:
   MAIN tglfd5:
f77 -g -O -I../common  -mieee -o tglfd5 tglfd5.o glqli.o glqfd.o glqrc.o ../common/prthdr.o ../common/d2norm.o ../common/dcopy.o ../common/deps.o ../common/derbit.o ../common/dfloat.o ../common/dgamma.o ../common/dinf.o ../common/dlog2.o ../common/dnan.o ../common/dpsi.o ../common/dstore.o ../common/dstorf.o ../common/dvsum.o ../common/isdnan.o ../common/pythag.o ../common/tql1.o ../common/trapit.o
f77 -g -O -I../common  -mieee -c -o tglfd6.o tglfd6.f
tglfd6.f:
   MAIN tglfd6:
f77 -g -O -I../common  -mieee -o tglfd6 tglfd6.o glqli.o glqfd.o glqrc.o ../common/prthdr.o ../common/d2norm.o ../common/dcopy.o ../common/deps.o ../common/derbit.o ../common/dfloat.o ../common/dgamma.o ../common/dinf.o ../common/dlog2.o ../common/dnan.o ../common/dpsi.o ../common/dstore.o ../common/dstorf.o ../common/dvsum.o ../common/isdnan.o ../common/pythag.o ../common/tql1.o ../common/trapit.o
============================== Making all in common
ar -r ../libgjl.a d2norm.o dcopy.o deps.o derbit.o dfloat.o dfpmax.o dgamma.o dinf.o diran.o dlgam.o dlog2.o dnan.o dpsi.o dpsiln.o dran.o dstore.o dstorf.o dvsum.o ffalse.o ftrue.o getnan.o idceil.o isdinf.o isdnan.o pythag.o tql1.o
ranlib ../libgjl.a || true
ar -r ../libgjl.a aeps.o afpmax.o ainf.o airan.o algam.o alog2.o anan.o astore.o astorf.o avsum.o gamma.o iceil.o isainf.o isanan.o psi.o psiln.o ran.o
ranlib ../libgjl.a || true
157.648u 38.083s 7:04.62 46.0%	0+0k 0+0io 125593pf+0w
for subdir in man gampsi jacobi laguerre common ; do echo ============================== Making check-dp in $subdir ; ( cd $subdir && make  prefix=/usr/local FWARN="" FOPT="-O" check-dp ) ; done
============================== Making check-dp in man
There is no validation suite in this directory
============================== Making check-dp in gampsi
Checking tdgen ...
File differences are made with: /usr/local/bin/ndiff --relerr 5.0e-11 --minwidth 10
cos001
okay/cos001.out cos001.out differ: char 135, line 7
second file is short
### Maximum relative error in matching lines = 8.80e-17 at line 8 field 5
Checking tdgen ...
File differences are made with: /usr/local/bin/ndiff --relerr 5.0e-11 --minwidth 10
cos101
okay/cos101.out cos101.out differ: char 147, line 7
### Maximum relative error in matching lines = 1.15e-16 at line 3077 field 5
cos102
okay/cos102.out cos102.out differ: char 147, line 7
### Maximum relative error in matching lines = 1.15e-16 at line 10835 field 5
cos103
okay/cos103.out cos103.out differ: char 147, line 7
### Maximum relative error in matching lines = 1.20e-16 at line 8393 field 5
Checking tdgen ...
File differences are made with: /usr/local/bin/ndiff --relerr 5.0e-11 --minwidth 10
cos201
okay/cos201.out cos201.out differ: char 147, line 7
### Maximum relative error in matching lines = 1.17e-16 at line 8508 field 5
delefun.f:
   MAIN delefun:
   f:
Floating Exception
0a1,26
> dacos( Infinity ) = NaN 
> dasin( Infinity ) = NaN 
> datan( Infinity ) = 1.570796326794897E+0000
> dcos( Infinity ) = NaN 
> dcosh( Infinity ) = Infinity 
> dexp( Infinity ) = Infinity 
> dlog( Infinity ) = Infinity 
> dlog10( Infinity ) = Infinity 
> dsin( Infinity ) = NaN 
> dsinh( Infinity ) = Infinity 
> dsqrt( Infinity ) = Infinity 
> dtan( Infinity ) = NaN 
> dtanh( Infinity ) = 1.000000000000000E+0000
> dacos( NaN ) = NaN 
> dasin( NaN ) = NaN 
> datan( NaN ) = NaN 
> dcos( NaN ) = NaN 
> dcosh( NaN ) = NaN 
> dexp( NaN ) = NaN 
> dlog( NaN ) = NaN 
> dlog10( NaN ) = NaN 
> dsin( NaN ) = NaN 
> dsinh( NaN ) = NaN 
> dsqrt( NaN ) = NaN 
> dtan( NaN ) = NaN 
> dtanh( NaN ) = NaN 
Checking tdgen ...
File differences are made with: /usr/local/bin/ndiff --relerr 5.0e-11 --minwidth 10
exp001
okay/exp001.out exp001.out differ: char 135, line 7
### Maximum relative error in matching lines = 8.86e-17 at line 15 field 5
Checking tdgen ...
File differences are made with: /usr/local/bin/ndiff --relerr 5.0e-11 --minwidth 10
exp101
okay/exp101.out exp101.out differ: char 147, line 7
### Maximum relative error in matching lines = 1.10e-16 at line 4628 field 5
tdfpmx.f:
   MAIN tdfpmx:
Checking tdfpmx ...
File differences are made with: /usr/local/bin/ndiff --relerr 5.0e-11 --minwidth 10
dfpm01
okay/dfpm01.out dfpm01.out differ: char 38, line 1
1c1
< Computed:   1.797693134862316E+0308  7FEFFFFF FFFFFFFF
--- field 4
> Computed:   1.797693134862316E+0308  ******************
Checking tdgen ...
File differences are made with: /usr/local/bin/ndiff --relerr 5.0e-11 --minwidth 10
gam001
okay/gam001.out gam001.out differ: char 175, line 9
second file is short
### Maximum relative error in matching lines = 4.31e-17 at line 18 field 5
Checking tdgen ...
File differences are made with: /usr/local/bin/ndiff --relerr 5.0e-11 --minwidth 10
gam101
okay/gam101.out gam101.out differ: char 189, line 9
### Maximum relative error in matching lines = 2.15e-15 at line 8979 field 5
gam102
okay/gam102.out gam102.out differ: char 188, line 9
second file is short
### Maximum relative error in matching lines = 1.92e-15 at line 7763 field 5
gam103
okay/gam103.out gam103.out differ: char 188, line 9
### Maximum relative error in matching lines = 6.00e-16 at line 5666 field 5
Checking tdgen ...
File differences are made with: /usr/local/bin/ndiff --relerr 5.0e-11 --minwidth 10
gam301
okay/gam301.out gam301.out differ: char 206, line 9
### Maximum relative error in matching lines = 8.90e-16 at line 10082 field 5
Checking tdgen ...
File differences are made with: /usr/local/bin/ndiff --relerr 5.0e-11 --minwidth 10
lga001
cmp: EOF on lga001.out
second file is short
Checking tdgen ...
File differences are made with: /usr/local/bin/ndiff --relerr 5.0e-11 --minwidth 10
lga101
okay/lga101.out lga101.out differ: char 153, line 7
### Maximum relative error in matching lines = 8.85e-13 at line 5514 field 5
lga102
okay/lga102.out lga102.out differ: char 153, line 7
### Maximum relative error in matching lines = 1.88e-13 at line 3559 field 5
lga103
okay/lga103.out lga103.out differ: char 153, line 7
### Maximum relative error in matching lines = 6.89e-13 at line 6002 field 5
Checking tdgen ...
File differences are made with: /usr/local/bin/ndiff --relerr 5.0e-11 --minwidth 10
lga201
okay/lga201.out lga201.out differ: char 153, line 7
### Maximum relative error in matching lines = 1.17e-15 at line 84 field 5
Checking tdgen ...
File differences are made with: /usr/local/bin/ndiff --relerr 5.0e-11 --minwidth 10
log001
okay/log001.out log001.out differ: char 135, line 7
second file is short
Checking tdgen ...
File differences are made with: /usr/local/bin/ndiff --relerr 5.0e-11 --minwidth 10
log101
okay/log101.out log101.out differ: char 146, line 7
### Maximum relative error in matching lines = 1.10e-16 at line 7436 field 5
log102
okay/log102.out log102.out differ: char 146, line 7
### Maximum relative error in matching lines = 1.09e-16 at line 7677 field 5
log103
okay/log103.out log103.out differ: char 146, line 7
### Maximum relative error in matching lines = 1.41e-16 at line 9993 field 5
Checking tdgen ...
File differences are made with: /usr/local/bin/ndiff --relerr 5.0e-11 --minwidth 10
psi001
okay/psi001.out psi001.out differ: char 247, line 10
second file is short
10c10
< 2                    0.0       0 0 Infinity                                                   0 0
--- field 5
> 2                     .0       0 0                       -INF 0 0
### Maximum relative error in matching lines = 1.19e-16 at line 13 field 5
psi002
okay/psi002.out psi002.out differ: char 258, line 10
### Maximum relative error in matching lines = 1.42e-16 at line 19 field 5
psi003
cmp: EOF on psi003.out
psi006
okay/psi006.out psi006.out differ: char 228, line 10
10c10
< 2 1.0   -1030 0 Infinity 0 0
--- field 3	relative error 9.80e-03
> 2                     .0   -1020 0                        INF 0 0
Checking tdgen ...
File differences are made with: /usr/local/bin/ndiff --relerr 5.0e-11 --minwidth 10
psi101
okay/psi101.out psi101.out differ: char 258, line 10
### Maximum relative error in matching lines = 3.48e-16 at line 11 field 5
psi102
okay/psi102.out psi102.out differ: char 259, line 10
### Maximum relative error in matching lines = 1.11e-13 at line 3266 field 5
psi103
okay/psi103.out psi103.out differ: char 259, line 10
### Maximum relative error in matching lines = 1.80e-13 at line 2012 field 5
psi104
okay/psi104.out psi104.out differ: char 259, line 10
### Maximum relative error in matching lines = 1.11e-13 at line 6522 field 5
psi105
okay/psi105.out psi105.out differ: char 259, line 10
### Maximum relative error in matching lines = 6.77e-16 at line 1471 field 5
psi106
okay/psi106.out psi106.out differ: char 258, line 10
### Maximum relative error in matching lines = 6.84e-16 at line 5253 field 5
psi107
okay/psi107.out psi107.out differ: char 258, line 10
### Maximum relative error in matching lines = 6.32e-16 at line 6653 field 5
Checking tdgen ...
File differences are made with: /usr/local/bin/ndiff --relerr 5.0e-11 --minwidth 10
psi201
okay/psi201.out psi201.out differ: char 258, line 10
### Maximum relative error in matching lines = 3.94e-15 at line 5355 field 5
Checking tdgen ...
File differences are made with: /usr/local/bin/ndiff --relerr 5.0e-11 --minwidth 10
psi301
okay/psi301.out psi301.out differ: char 258, line 10
### Maximum relative error in matching lines = 4.23e-13 at line 6050 field 5
Checking tdgen ...
File differences are made with: /usr/local/bin/ndiff --relerr 5.0e-11 --minwidth 10
psi402
okay/psi402.out psi402.out differ: char 259, line 10
### Maximum relative error in matching lines = 2.32e-14 at line 7984 field 5
Checking tdgen ...
File differences are made with: /usr/local/bin/ndiff --relerr 5.0e-11 --minwidth 10
psi601
okay/psi601.out psi601.out differ: char 258, line 10
### Maximum relative error in matching lines = 3.31e-16 at line 8156 field 5
psi602
okay/psi602.out psi602.out differ: char 259, line 10
### Maximum relative error in matching lines = 3.46e-16 at line 8156 field 5
Checking tdgen ...
File differences are made with: /usr/local/bin/ndiff --relerr 5.0e-11 --minwidth 10
pln001
okay/pln001.out pln001.out differ: char 284, line 11
second file is short
### Maximum relative error in matching lines = 1.10e-15 at line 15 field 5
Checking tdgen ...
File differences are made with: /usr/local/bin/ndiff --relerr 5.0e-11 --minwidth 10
pln101
okay/pln101.out pln101.out differ: char 295, line 11
### Maximum relative error in matching lines = 3.03e-15 at line 8625 field 5
Checking tdgen ...
File differences are made with: /usr/local/bin/ndiff --relerr 5.0e-11 --minwidth 10
pln201
okay/pln201.out pln201.out differ: char 295, line 11
second file is short
### Maximum relative error in matching lines = 1.93e-15 at line 33 field 5
Checking tdgen ...
File differences are made with: /usr/local/bin/ndiff --relerr 5.0e-11 --minwidth 10
sin001
okay/sin001.out sin001.out differ: char 135, line 7
second file is short
### Maximum relative error in matching lines = 6.45e-17 at line 14 field 5
Checking tdgen ...
File differences are made with: /usr/local/bin/ndiff --relerr 5.0e-11 --minwidth 10
sin101
okay/sin101.out sin101.out differ: char 147, line 7
### Maximum relative error in matching lines = 1.18e-16 at line 6438 field 5
sin102
okay/sin102.out sin102.out differ: char 147, line 7
### Maximum relative error in matching lines = 1.15e-16 at line 1943 field 5
sin103
okay/sin103.out sin103.out differ: char 147, line 7
### Maximum relative error in matching lines = 1.15e-16 at line 1943 field 5
Checking tdgen ...
File differences are made with: /usr/local/bin/ndiff --relerr 5.0e-11 --minwidth 10
sin201
okay/sin201.out sin201.out differ: char 147, line 7
### Maximum relative error in matching lines = 1.15e-16 at line 592 field 5
Checking tdgen ...
File differences are made with: /usr/local/bin/ndiff --relerr 5.0e-11 --minwidth 10
tan001
okay/tan001.out tan001.out differ: char 135, line 7
second file is short
### Maximum relative error in matching lines = 1.06e-16 at line 14 field 5
Checking tdgen ...
File differences are made with: /usr/local/bin/ndiff --relerr 5.0e-11 --minwidth 10
tan101
okay/tan101.out tan101.out differ: char 147, line 7
### Maximum relative error in matching lines = 1.19e-16 at line 2803 field 5
tan102
okay/tan102.out tan102.out differ: char 147, line 7
### Maximum relative error in matching lines = 1.22e-16 at line 4904 field 5
Checking tdgen ...
File differences are made with: /usr/local/bin/ndiff --relerr 5.0e-11 --minwidth 10
tan201
okay/tan201.out tan201.out differ: char 147, line 7
### Maximum relative error in matching lines = 1.25e-16 at line 4272 field 5
============================== Making check-dp in jacobi
(cd ../common; make lib-dp)
ar -r ../libgjl.a d2norm.o dcopy.o deps.o derbit.o dfloat.o dfpmax.o dgamma.o dinf.o diran.o dlgam.o dlog2.o dnan.o dpsi.o dpsiln.o dran.o dstore.o dstorf.o dvsum.o ffalse.o ftrue.o getnan.o idceil.o isdinf.o isdnan.o pythag.o tql1.o
ranlib ../libgjl.a || true
ar -r ../libgjl.a gjqf.o gjqfd.o gjqli.o gjqrc.o
ranlib ../libgjl.a || true
========================================================================
There should be no output from these tests, except their names. If
ndiff is available, there will also be reports of the maximum absolute
and relative errors found. If small numeric differences are reported,
then YOU must decide whether they are significant. You can do
         make check RELERR=xxx
to rerun the tests with a different relative error tolerance, where xxx
is either a suitable small positive floating-point number, or else a
value >= 1.0, meaning that multiple of the machine epsilon.
========================================================================
Checking tgjf1 ...
File differences are made with: /usr/local/bin/ndiff --relerr 1.0e-10 --minwidth 10 --abserr 0
gjf101
### Maximum relative error in matching lines = 4.80e-15 at line 77 field 3
gjf102
### Maximum relative error in matching lines = 1.04e-14 at line 163 field 3
gjf103
### Maximum relative error in matching lines = 1.38e-14 at line 228 field 3
gjf104
### Maximum relative error in matching lines = 8.30e-14 at line 463 field 3
gjf105
Checking tgjf2 ...
File differences are made with: /usr/local/bin/ndiff --relerr 1.0e-10 --minwidth 10 --abserr 0
gjf201
gjf202
gjf203
gjf204
gjf205
Checking tgjfd1 ...
File differences are made with: /usr/local/bin/ndiff --relerr 1.0e-10 --minwidth 10 --abserr 0
gjfd101
### Maximum relative error in matching lines = 4.80e-15 at line 77 field 3
gjfd102
### Maximum relative error in matching lines = 1.04e-14 at line 163 field 3
gjfd103
### Maximum relative error in matching lines = 1.38e-14 at line 228 field 3
gjfd104
### Maximum relative error in matching lines = 8.30e-14 at line 463 field 3
gjfd105
Checking tgjfd2 ...
File differences are made with: /usr/local/bin/ndiff --relerr 1.0e-10 --minwidth 10 --abserr 0
gjfd201
gjfd202
gjfd203
gjfd204
gjfd205
============================== Making check-dp in laguerre
(cd ../common; make lib-dp)
ar -r ../libgjl.a d2norm.o dcopy.o deps.o derbit.o dfloat.o dfpmax.o dgamma.o dinf.o diran.o dlgam.o dlog2.o dnan.o dpsi.o dpsiln.o dran.o dstore.o dstorf.o dvsum.o ffalse.o ftrue.o getnan.o idceil.o isdinf.o isdnan.o pythag.o tql1.o
ranlib ../libgjl.a || true
ar -r ../libgjl.a glqf.o glqfd.o glqli.o glqrc.o
ranlib ../libgjl.a || true
========================================================================
There should be no output from these tests, except their names. If
ndiff is available, there will also be reports of the maximum absolute
and relative errors found. If small numeric differences are reported,
then YOU must decide whether they are significant. You can do
         make check RELERR=xxx
to rerun the tests with a different relative error tolerance, where xxx
is either a suitable small positive floating-point number, or else a
value >= 1.0, meaning that multiple of the machine epsilon.
========================================================================
Checking tglf1 ...
File differences are made with: /usr/local/bin/ndiff --relerr 1.0e-10 --minwidth 10 --abserr 0
glf101
### Maximum relative error in matching lines = 5.03e-16 at line 296 field 3
glf102
glf103
glf104
glf105
### Maximum relative error in matching lines = 5.03e-16 at line 327 field 3
glf106
### Maximum relative error in matching lines = 5.03e-16 at line 205 field 3
glf107
### Maximum relative error in matching lines = 5.03e-16 at line 41 field 3
glf108
glf109
Checking tglf2 ...
File differences are made with: /usr/local/bin/ndiff --relerr 1.0e-10 --minwidth 10 --abserr 0
glf201
glf202
Checking tglf3 ...
File differences are made with: /usr/local/bin/ndiff --relerr 1.0e-10 --minwidth 10 --abserr 0
glf301
### Maximum relative error in matching lines = 1.67e-14 at line 573 field 2
### Maximum relative error in matching lines = 1.66e-14 at line 510 field 5
glf302
Checking tglf4 ...
File differences are made with: /usr/local/bin/ndiff --relerr 1.0e-10 --minwidth 10 --abserr 0
glf401
### Maximum relative error in matching lines = 2.38e-16 at line 70 field 4
### Maximum relative error in matching lines = 1.65e-16 at line 69 field 5
glf402
105c105
<   Minimum relative error =   5.46E-16   2.46E+00 ulps       1.30 bits at nquad =   31 sigma =    1.0000 alpha =    1.0000
--- field 13	relative error 3.87e-01
>   Minimum relative error =  -7.28E-16  -3.28E+00 ulps       1.71 bits at nquad =   43 sigma =    1.0000 alpha =    1.0000
### Maximum relative error in matching lines = 1.57e-15 at line 18 field 4
### Maximum relative error in matching lines = 1.45e-15 at line 17 field 5
glf403
### Maximum relative error in matching lines = 1.23e-15 at line 39 field 4
### Maximum relative error in matching lines = 1.34e-15 at line 38 field 5
glf404
105c105
<   Minimum relative error =   0.00E+00   0.00E+00 ulps       0.00 bits at nquad =   36 sigma =    0.1000 alpha =    0.5000
--- field 13	relative error 1.22e+00
>   Minimum relative error =   0.00E+00   0.00E+00 ulps        .00 bits at nquad =   80 sigma =     .1000 alpha =     .5000
### Maximum relative error in matching lines = 2.20e-16 at line 36 field 4
### Maximum relative error in matching lines = 1.52e-16 at line 96 field 5
glf405
### Maximum relative error in matching lines = 5.16e-16 at line 26 field 4
### Maximum relative error in matching lines = 4.30e-16 at line 25 field 5
glf406
### Maximum relative error in matching lines = 3.22e-16 at line 37 field 4
### Maximum relative error in matching lines = 1.79e-16 at line 36 field 5
glf407
### Maximum relative error in matching lines = 3.55e-16 at line 29 field 4
### Maximum relative error in matching lines = 1.97e-16 at line 28 field 5
glf408
### Maximum relative error in matching lines = 2.78e-16 at line 68 field 4
### Maximum relative error in matching lines = 1.71e-16 at line 35 field 5
glf409
### Maximum relative error in matching lines = 2.83e-16 at line 83 field 4
### Maximum relative error in matching lines = 2.12e-16 at line 40 field 5
glf410
### Maximum relative error in matching lines = 5.24e-16 at line 8 field 4
### Maximum relative error in matching lines = 7.28e-16 at line 7 field 5
Checking tglf5 ...
File differences are made with: /usr/local/bin/ndiff --relerr 1.0e-10 --minwidth 10 --abserr 0
glf501
glf502
glf503
glf504
glf505
glf506
glf507
glf508
glf509
Checking tglf6 ...
File differences are made with: /usr/local/bin/ndiff --relerr 1.0e-10 --minwidth 10 --abserr 0
glf601
### Maximum relative error in matching lines = 2.01e-16 at line 67 field 4
### Maximum relative error in matching lines = 1.39e-16 at line 66 field 5
glf602
### Maximum relative error in matching lines = 2.00e-16 at line 86 field 4
### Maximum relative error in matching lines = 2.21e-16 at line 73 field 5
glf603
glf604
### Maximum relative error in matching lines = 7.63e-16 at line 94 field 4
### Maximum relative error in matching lines = 2.12e-16 at line 65 field 5
glf605
### Maximum relative error in matching lines = 6.24e-16 at line 42 field 4
### Maximum relative error in matching lines = 3.23e-16 at line 17 field 5
glf606
### Maximum relative error in matching lines = 6.35e-16 at line 18 field 4
### Maximum relative error in matching lines = 3.52e-16 at line 17 field 5
glf607
### Maximum relative error in matching lines = 5.02e-16 at line 58 field 4
### Maximum relative error in matching lines = 2.78e-16 at line 57 field 5
glf608
### Maximum relative error in matching lines = 4.14e-15 at line 24 field 4
### Maximum relative error in matching lines = 4.11e-15 at line 23 field 5
glf609
### Maximum relative error in matching lines = 4.39e-15 at line 28 field 4
### Maximum relative error in matching lines = 4.51e-15 at line 27 field 5
glf610
Checking tglfd1 ...
File differences are made with: /usr/local/bin/ndiff --relerr 1.0e-10 --minwidth 10 --abserr 0
glfd101
glfd102
glfd103
glfd104
glfd105
### Maximum relative error in matching lines = 5.03e-16 at line 332 field 3
glfd106
### Maximum relative error in matching lines = 5.03e-16 at line 205 field 3
glfd107
### Maximum relative error in matching lines = 5.03e-16 at line 41 field 3
glfd108
glfd109
Checking tglfd2 ...
File differences are made with: /usr/local/bin/ndiff --relerr 1.0e-10 --minwidth 10 --abserr 0
glfd201
glfd202
Checking tglfd3 ...
File differences are made with: /usr/local/bin/ndiff --relerr 1.0e-10 --minwidth 10 --abserr 0
glfd301
### Maximum relative error in matching lines = 5.39e-16 at line 539 field 2
### Maximum relative error in matching lines = 6.24e-16 at line 480 field 5
glfd302
Checking tglfd4 ...
File differences are made with: /usr/local/bin/ndiff --relerr 1.0e-10 --minwidth 10 --abserr 0
glfd401
### Maximum relative error in matching lines = 2.38e-16 at line 48 field 4
### Maximum relative error in matching lines = 1.65e-16 at line 47 field 5
glfd402
### Maximum relative error in matching lines = 7.87e-16 at line 43 field 4
### Maximum relative error in matching lines = 7.28e-16 at line 42 field 5
glfd403
### Maximum relative error in matching lines = 6.19e-16 at line 15 field 4
### Maximum relative error in matching lines = 6.71e-16 at line 14 field 5
glfd404
### Maximum relative error in matching lines = 2.20e-16 at line 41 field 4
### Maximum relative error in matching lines = 1.52e-16 at line 40 field 5
glfd405
### Maximum relative error in matching lines = 5.15e-16 at line 80 field 4
### Maximum relative error in matching lines = 3.38e-16 at line 12 field 5
glfd406
### Maximum relative error in matching lines = 9.29e-16 at line 9 field 4
### Maximum relative error in matching lines = 5.84e-16 at line 9 field 5
glfd407
### Maximum relative error in matching lines = 6.02e-16 at line 18 field 4
### Maximum relative error in matching lines = 5.57e-16 at line 17 field 5
glfd408
### Maximum relative error in matching lines = 6.72e-16 at line 20 field 4
### Maximum relative error in matching lines = 4.66e-16 at line 19 field 5
glfd409
### Maximum relative error in matching lines = 5.04e-16 at line 12 field 4
### Maximum relative error in matching lines = 1.90e-16 at line 44 field 5
glfd410
Checking tglfd5 ...
File differences are made with: /usr/local/bin/ndiff --relerr 1.0e-10 --minwidth 10 --abserr 0
glfd501
glfd502
glfd503
glfd504
glfd505
glfd506
glfd507
glfd508
glfd509
Checking tglfd6 ...
File differences are made with: /usr/local/bin/ndiff --relerr 1.0e-10 --minwidth 10 --abserr 0
glfd601
### Maximum relative error in matching lines = 2.01e-16 at line 67 field 4
### Maximum relative error in matching lines = 1.39e-16 at line 66 field 5
glfd602
### Maximum relative error in matching lines = 2.00e-16 at line 86 field 4
### Maximum relative error in matching lines = 2.21e-16 at line 73 field 5
glfd603
glfd604
### Maximum relative error in matching lines = 7.63e-16 at line 94 field 4
### Maximum relative error in matching lines = 2.12e-16 at line 65 field 5
glfd605
### Maximum relative error in matching lines = 6.24e-16 at line 42 field 4
### Maximum relative error in matching lines = 3.23e-16 at line 17 field 5
glfd606
### Maximum relative error in matching lines = 6.35e-16 at line 18 field 4
### Maximum relative error in matching lines = 3.52e-16 at line 17 field 5
glfd607
### Maximum relative error in matching lines = 5.02e-16 at line 58 field 4
### Maximum relative error in matching lines = 2.78e-16 at line 57 field 5
glfd608
### Maximum relative error in matching lines = 4.14e-15 at line 24 field 4
### Maximum relative error in matching lines = 4.11e-15 at line 23 field 5
glfd609
### Maximum relative error in matching lines = 4.39e-15 at line 28 field 4
### Maximum relative error in matching lines = 4.51e-15 at line 27 field 5
glfd610
============================== Making check-dp in common
ar -r ../libgjl.a d2norm.o dcopy.o deps.o derbit.o dfloat.o dfpmax.o dgamma.o dinf.o diran.o dlgam.o dlog2.o dnan.o dpsi.o dpsiln.o dran.o dstore.o dstorf.o dvsum.o ffalse.o ftrue.o getnan.o idceil.o isdinf.o isdnan.o pythag.o tql1.o
ranlib ../libgjl.a || true
ar -r ../libgjl.a aeps.o afpmax.o ainf.o airan.o algam.o alog2.o anan.o astore.o astorf.o avsum.o gamma.o iceil.o isainf.o isanan.o psi.o psiln.o ran.o
ranlib ../libgjl.a || true
There is no validation suite in this directory
3233.412u 64.025s 1:47:58.90 50.8%	0+0k 0+0io 147021pf+0w
============================================================
Disk free report for /local/build/f77/quadlog-gampsi:
			Filesystem           1K-blocks      Used Available Use% Mounted on
			/dev/sdb1             35321504   5541768  27985484  17% /export
Remote date:            2004.06.15.12.21.52
/bin/.: Permission denied.
Build directory:        /a/suncore1/export/home/0077/sy/beebe
System status:           12:21pm  up 37 days, 23 min,  2 users,  load average: 1.02, 1.45, 1.77
============================================================
