============================================================
/uufs/inscc.utah.edu/common/home/mthnhb/alpha/local/bin/.: Permission denied.
Machinetype:            Compaq AlphaServer DS20 Sierra/667 (2 EV67 21264 CPUs, 667 MHz, 1MB RAM); OSF/1 5.1
System status:          12:23  up 260 days,  1:09,  9 users,  load average: 1.37, 1.16, 1.10
Remote c89 version:     Compaq C V6.3-028 on Compaq Tru64 UNIX V5.1 (Rev. 732)
Remote cc version:      Compaq C V6.3-028 on Compaq Tru64 UNIX V5.1 (Rev. 732)
Remote cxx version:     Compaq C++ V6.3-008 for Compaq Tru64 UNIX V5.1 (Rev. 732)
Remote lcc version:     lcc: Command not found.
Package:                quadlog-gampsi
Archive:                /home/0077/sy/beebe/build//quadlog-gampsi.tar.gz
Date:                   2004.06.14.12.23.09
Local user:             beebe
Local host:             psi.math.utah.edu
Local log directory:    /home/0077/sy/beebe/build/logs/quadlog-gampsi
Local log file:         quadlog-gampsi.rocky.chpc.utah.edu.2004.06.14.12.23.09.log
Remote user:            mthnhb
Remote host:            rocky.chpc.utah.edu
Remote directory:       $HOME/alpha/build/g77
Remote date:            2004.06.14.12.23.12
Remote uname:           OSF1 sierra-int V5.1 732 alpha alpha unknown Tru64
Remote gcc version:     gcc (GCC) 3.3 20030407 (prerelease)
Remote g++ version:     g++ (GCC) 3.3 20030407 (prerelease)
Remote gcc3 version:    
Remote g++3 version:    gcc3: Command not found.

Configure environment:  CC=gcc CXX=g++ F77=g77 FC=g77 FFLAGS=-mieee    LDFLAGS="-L$HOME/alpha/local/lib -Wl,-rpath,$HOME/alpha/local/lib" 
Extra environment:      
Configure flags:        
Make all targets:       
Make check targets:     check
Disk free report for $HOME/alpha/build/g77/quadlog-gampsi:
			Filesystem           1K-blocks      Used Available Use% Mounted on
			fileserv.inscc.utah.edu:/export/hpc/uufs/common/home
			                     283115520 265586364  17529156  94% /uufs/inscc.utah.edu/common/home
Environment:
g++3: Command not found.
			CONFIG_SITE=/uufs/inscc.utah.edu/common/home/mthnhb/alpha/local/share/config.site
			DISPLAYXXX=:0.0
			GROUP=beeben
			H=
			HOME=/uufs/inscc.utah.edu/common/home/mthnhb
			HOST=sierra-int
			HOSTTYPE=alpha
			LOGNAME=mthnhb
			MACHTYPE=alpha
			MAIL=/var/spool/mail/mthnhb
			MFINPUTS=.:/usr/local/lib/mf/macros:/usr/local/lib/mf/cm:/usr/local/lib/mf
			OSTYPE=osf1
			PATH=/uufs/inscc.utah.edu/common/home/mthnhb/alpha/local/bin:/usr/local/bin:/usr/bin:/bin:/usr/sbin:/sbin:/uufs/sierra/host/pkg/openssh/3.0.1p1/bin
			PVM_ROOT=/usr/local/pvm3
			PWD=/uufs/inscc.utah.edu/common/home/mthnhb
			REMOTEHOST=
			SHELL=/uufs/sierra/host/bin/tcsh
			SHLVL=1
			SSH_CLIENT=155.101.96.19 56988 22
			USER=mthnhb
			VENDOR=dec
============================================================
configure: loading site script /uufs/inscc.utah.edu/common/home/mthnhb/alpha/local/share/config.site
configure: creating ./config.status
config.status: creating Makefile
configure: configuring in common
configure: running /bin/sh './configure'  --cache-file=/dev/null --srcdir=.
configure: loading site script /uufs/inscc.utah.edu/common/home/mthnhb/alpha/local/share/config.site
checking for gcc... gcc
checking for C compiler default output file name... a.out
checking whether the C compiler works... yes
checking whether we are cross compiling... no
checking for suffix of executables... 
checking for suffix of object files... o
checking whether we are using the GNU C compiler... yes
checking whether gcc accepts -g... yes
checking for gcc option to accept ANSI C... none needed
checking whether we are using the GNU Fortran 77 compiler... yes
checking whether g77 accepts -g... yes
checking for autoconf... autoconf
configure: creating ./config.status
config.status: creating Makefile
configure: configuring in gampsi
configure: running /bin/sh './configure'  --cache-file=/dev/null --srcdir=.
configure: loading site script /uufs/inscc.utah.edu/common/home/mthnhb/alpha/local/share/config.site
checking for gcc... gcc
checking for C compiler default output file name... a.out
checking whether the C compiler works... yes
checking whether we are cross compiling... no
checking for suffix of executables... 
checking for suffix of object files... o
checking whether we are using the GNU C compiler... yes
checking whether gcc accepts -g... yes
checking for gcc option to accept ANSI C... none needed
checking whether we are using the GNU Fortran 77 compiler... yes
checking whether g77 accepts -g... yes
checking for autoconf... autoconf
checking for gzip... gzip
checking for tar... tar
configure: creating ./config.status
config.status: creating Makefile
configure: configuring in jacobi
configure: running /bin/sh './configure'  --cache-file=/dev/null --srcdir=.
configure: loading site script /uufs/inscc.utah.edu/common/home/mthnhb/alpha/local/share/config.site
checking for gcc... gcc
checking for C compiler default output file name... a.out
checking whether the C compiler works... yes
checking whether we are cross compiling... no
checking for suffix of executables... 
checking for suffix of object files... o
checking whether we are using the GNU C compiler... yes
checking whether gcc accepts -g... yes
checking for gcc option to accept ANSI C... none needed
checking whether we are using the GNU Fortran 77 compiler... yes
checking whether g77 accepts -g... yes
checking for autoconf... autoconf
configure: creating ./config.status
config.status: creating Makefile
configure: configuring in laguerre
configure: running /bin/sh './configure'  --cache-file=/dev/null --srcdir=.
configure: loading site script /uufs/inscc.utah.edu/common/home/mthnhb/alpha/local/share/config.site
checking for gcc... gcc
checking for C compiler default output file name... a.out
checking whether the C compiler works... yes
checking whether we are cross compiling... no
checking for suffix of executables... 
checking for suffix of object files... o
checking whether we are using the GNU C compiler... yes
checking whether gcc accepts -g... yes
checking for gcc option to accept ANSI C... none needed
checking whether we are using the GNU Fortran 77 compiler... yes
checking whether g77 accepts -g... yes
checking for autoconf... autoconf
checking if -lm needed for math functions... yes
configure: creating ./config.status
config.status: creating Makefile
configure: configuring in man
configure: running /bin/sh './configure'  --cache-file=/dev/null --srcdir=.
configure: loading site script /uufs/inscc.utah.edu/common/home/mthnhb/alpha/local/share/config.site
checking for autoconf... autoconf
checking for deroff... deroff
checking for ps2pdf... ps2pdf
checking for man2html... man2html
configure: creating ./config.status
config.status: creating Makefile
4.67user 10.10system 0:38.54elapsed 38%CPU (44avgtext+12480882323213509avgdata (cd common && make  prefix=/uufs/inscc.utah.edu/common/home/mthnhb/alpha/local FWARN="" FOPT="-O" all )
44288maxresident)k
2008inputs+1618outputs (618major+376387minor)pagefaults 0swaps
g77 -mieee -O   -mieee  -c -o d2norm.o d2norm.f
g77 -mieee -O   -mieee  -c -o dcopy.o dcopy.f
g77 -mieee -O   -mieee  -c -o deps.o deps.f
g77 -mieee -O   -mieee  -c -o derbit.o derbit.f
g77 -mieee -O   -mieee  -c -o dfloat.o dfloat.f
g77 -mieee -O   -mieee  -c -o dfpmax.o dfpmax.f
g77 -mieee -O   -mieee  -c -o dgamma.o dgamma.f
g77 -mieee -O   -mieee  -c -o dinf.o dinf.f
g77 -mieee -O   -mieee  -c -o diran.o diran.f
g77 -mieee -O   -mieee  -c -o dlgam.o dlgam.f
g77 -mieee -O   -mieee  -c -o dlog2.o dlog2.f
g77 -mieee -O   -mieee  -c -o dnan.o dnan.f
g77 -mieee -O   -mieee  -c -o dpsi.o dpsi.f
g77 -mieee -O   -mieee  -c -o dpsiln.o dpsiln.f
g77 -mieee -O   -mieee  -c -o dran.o dran.f
g77 -mieee -O   -mieee  -c -o dstore.o dstore.f
g77 -mieee -O   -mieee  -c -o dstorf.o dstorf.f
g77 -mieee -O   -mieee  -c -o dvsum.o dvsum.f
g77 -mieee -O   -mieee  -c -o ffalse.o ffalse.f
g77 -mieee -O   -mieee  -c -o ftrue.o ftrue.f
g77 -mieee -O   -mieee  -c -o getnan.o getnan.f
g77 -mieee -O   -mieee  -c -o idceil.o idceil.f
g77 -mieee -O   -mieee  -c -o isdinf.o isdinf.f
g77 -mieee -O   -mieee  -c -o isdnan.o isdnan.f
g77 -mieee -O   -mieee  -c -o pythag.o pythag.f
g77 -mieee -O   -mieee  -c -o tql1.o tql1.f
ar -r ../libgjl.a d2norm.o dcopy.o deps.o derbit.o dfloat.o dfpmax.o dgamma.o dinf.o diran.o dlgam.o dlog2.o dnan.o dpsi.o dpsiln.o dran.o dstore.o dstorf.o dvsum.o ffalse.o ftrue.o getnan.o idceil.o isdinf.o isdnan.o pythag.o tql1.o
ar: Warning: creating ../libgjl.a
ranlib ../libgjl.a || true
g77 -mieee -O   -mieee  -c -o aeps.o aeps.f
g77 -mieee -O   -mieee  -c -o afpmax.o afpmax.f
g77 -mieee -O   -mieee  -c -o ainf.o ainf.f
g77 -mieee -O   -mieee  -c -o airan.o airan.f
g77 -mieee -O   -mieee  -c -o algam.o algam.f
g77 -mieee -O   -mieee  -c -o alog2.o alog2.f
g77 -mieee -O   -mieee  -c -o anan.o anan.f
g77 -mieee -O   -mieee  -c -o astore.o astore.f
g77 -mieee -O   -mieee  -c -o astorf.o astorf.f
g77 -mieee -O   -mieee  -c -o avsum.o avsum.f
g77 -mieee -O   -mieee  -c -o gamma.o gamma.f
g77 -mieee -O   -mieee  -c -o iceil.o iceil.f
g77 -mieee -O   -mieee  -c -o isainf.o isainf.f
g77 -mieee -O   -mieee  -c -o isanan.o isanan.f
g77 -mieee -O   -mieee  -c -o psi.o psi.f
g77 -mieee -O   -mieee  -c -o psiln.o psiln.f
g77 -mieee -O   -mieee  -c -o ran.o ran.f
ar -r ../libgjl.a aeps.o afpmax.o ainf.o airan.o algam.o alog2.o anan.o astore.o astorf.o avsum.o gamma.o iceil.o isainf.o isanan.o psi.o psiln.o ran.o
ranlib ../libgjl.a || true
for subdir in man gampsi jacobi laguerre common ; do echo ============================== Making all in $subdir ; ( cd $subdir && make  prefix=/uufs/inscc.utah.edu/common/home/mthnhb/alpha/local FWARN="" FOPT="-O" all ) ; done
============================== Making all in man
============================== Making all in gampsi
(cd ../common; make lib-dp)
ar -r ../libgjl.a d2norm.o dcopy.o deps.o derbit.o dfloat.o dfpmax.o dgamma.o dinf.o diran.o dlgam.o dlog2.o dnan.o dpsi.o dpsiln.o dran.o dstore.o dstorf.o dvsum.o ffalse.o ftrue.o getnan.o idceil.o isdinf.o isdnan.o pythag.o tql1.o
ranlib ../libgjl.a || true
g77 -mieee -O -I../common  -mieee -c -o tdgen.o tdgen.f
g77 -mieee -O -I../common  -mieee -c -o funhdr.o funhdr.f
g77 -mieee -O -I../common  -mieee -c -o dgen.o dgen.f
g77 -mieee -O -I../common  -mieee -o tdgen tdgen.o funhdr.o dgen.o ../common/dfloat.o ../common/dinf.o ../common/diran.o ../common/dnan.o ../common/dran.o ../common/dstorf.o ../common/idceil.o ../common/isdnan.o ../common/dgamma.o ../common/dlgam.o ../common/dpsi.o ../common/dpsiln.o 
(cd ../common; make lib-sp)
ar -r ../libgjl.a aeps.o afpmax.o ainf.o airan.o algam.o alog2.o anan.o astore.o astorf.o avsum.o gamma.o iceil.o isainf.o isanan.o psi.o psiln.o ran.o
ranlib ../libgjl.a || true
g77 -mieee -O -I../common  -mieee -c -o tagen.o tagen.f
g77 -mieee -O -I../common  -mieee -c -o agen.o agen.f
g77 -mieee -O -I../common  -mieee -o tagen tagen.o funhdr.o agen.o ../common/ainf.o ../common/airan.o ../common/anan.o ../common/astorf.o ../common/iceil.o ../common/isanan.o ../common/ran.o ../common/algam.o ../common/dfloat.o ../common/gamma.o ../common/idceil.o ../common/psi.o ../common/psiln.o 
============================== Making all in jacobi
g77 -mieee -O -I../common  -mieee -c -o gjqf.o gjqf.f
g77 -mieee -O -I../common  -mieee -c -o gjqfd.o gjqfd.f
g77 -mieee -O -I../common  -mieee -c -o gjqli.o gjqli.f
g77 -mieee -O -I../common  -mieee -c -o gjqrc.o gjqrc.f
(cd ../common; make lib-dp)
ar -r ../libgjl.a d2norm.o dcopy.o deps.o derbit.o dfloat.o dfpmax.o dgamma.o dinf.o diran.o dlgam.o dlog2.o dnan.o dpsi.o dpsiln.o dran.o dstore.o dstorf.o dvsum.o ffalse.o ftrue.o getnan.o idceil.o isdinf.o isdnan.o pythag.o tql1.o
ranlib ../libgjl.a || true
ar -r ../libgjl.a gjqf.o gjqfd.o gjqli.o gjqrc.o
ranlib ../libgjl.a || true
g77 -mieee -O -I../common  -mieee -c -o tgjf1.o tgjf1.f
g77 -mieee -O -I../common  -mieee -c -o ../common/prthdr.o ../common/prthdr.f
g77 -mieee -O -I../common  -mieee -c -o ../common/trapit.o ../common/trapit.f
g77 -mieee -O -I../common  -mieee -o tgjf1 tgjf1.o gjqf.o gjqli.o gjqrc.o gjqfd.o ../common/d2norm.o ../common/dcopy.o ../common/deps.o ../common/derbit.o ../common/dfloat.o ../common/dgamma.o ../common/dinf.o ../common/dlog2.o ../common/dnan.o ../common/dpsi.o ../common/dstore.o ../common/dstorf.o ../common/dvsum.o ../common/isdnan.o ../common/prthdr.o ../common/pythag.o ../common/tql1.o ../common/trapit.o ../libgjl.a
g77 -mieee -O -I../common  -mieee -c -o tgjf2.o tgjf2.f
g77 -mieee -O -I../common  -mieee -o tgjf2 tgjf2.o gjqf.o gjqli.o gjqrc.o gjqfd.o ../common/d2norm.o ../common/dcopy.o ../common/deps.o ../common/derbit.o ../common/dfloat.o ../common/dgamma.o ../common/dinf.o ../common/dlog2.o ../common/dnan.o ../common/dpsi.o ../common/dstore.o ../common/dstorf.o ../common/dvsum.o ../common/isdnan.o ../common/prthdr.o ../common/pythag.o ../common/tql1.o ../common/trapit.o ../libgjl.a
g77 -mieee -O -I../common  -mieee -c -o tgjfd1.o tgjfd1.f
g77 -mieee -O -I../common  -mieee -o tgjfd1 tgjfd1.o gjqfd.o ../common/d2norm.o ../common/dcopy.o ../common/deps.o ../common/derbit.o ../common/dfloat.o ../common/dgamma.o ../common/dinf.o ../common/dlog2.o ../common/dnan.o ../common/dpsi.o ../common/dstore.o ../common/dstorf.o ../common/dvsum.o ../common/isdnan.o ../common/prthdr.o ../common/pythag.o ../common/tql1.o ../common/trapit.o ../libgjl.a
g77 -mieee -O -I../common  -mieee -c -o tgjfd2.o tgjfd2.f
g77 -mieee -O -I../common  -mieee -o tgjfd2 tgjfd2.o gjqfd.o ../common/d2norm.o ../common/dcopy.o ../common/deps.o ../common/derbit.o ../common/dfloat.o ../common/dgamma.o ../common/dinf.o ../common/dlog2.o ../common/dnan.o ../common/dpsi.o ../common/dstore.o ../common/dstorf.o ../common/dvsum.o ../common/isdnan.o ../common/prthdr.o ../common/pythag.o ../common/tql1.o ../common/trapit.o ../libgjl.a
============================== Making all in laguerre
g77 -mieee -O -I../common  -mieee -c -o glqf.o glqf.f
g77 -mieee -O -I../common  -mieee -c -o glqfd.o glqfd.f
g77 -mieee -O -I../common  -mieee -c -o glqli.o glqli.f
g77 -mieee -O -I../common  -mieee -c -o glqrc.o glqrc.f
(cd ../common; make lib-dp)
ar -r ../libgjl.a d2norm.o dcopy.o deps.o derbit.o dfloat.o dfpmax.o dgamma.o dinf.o diran.o dlgam.o dlog2.o dnan.o dpsi.o dpsiln.o dran.o dstore.o dstorf.o dvsum.o ffalse.o ftrue.o getnan.o idceil.o isdinf.o isdnan.o pythag.o tql1.o
ranlib ../libgjl.a || true
ar -r ../libgjl.a glqf.o glqfd.o glqli.o glqrc.o
ranlib ../libgjl.a || true
g77 -mieee -O -I../common  -mieee -c -o tglf1.o tglf1.f
g77 -mieee -O -I../common  -mieee -o tglf1 tglf1.o glqf.o glqli.o glqfd.o glqrc.o ../common/prthdr.o ../common/d2norm.o ../common/dcopy.o ../common/deps.o ../common/derbit.o ../common/dfloat.o ../common/dgamma.o ../common/dinf.o ../common/dlog2.o ../common/dnan.o ../common/dpsi.o ../common/dstore.o ../common/dstorf.o ../common/dvsum.o ../common/isdnan.o ../common/pythag.o ../common/tql1.o ../common/trapit.o
g77 -mieee -O -I../common  -mieee -c -o tglf2.o tglf2.f
g77 -mieee -O -I../common  -mieee -o tglf2 tglf2.o glqf.o glqli.o glqfd.o glqrc.o ../common/prthdr.o ../common/d2norm.o ../common/dcopy.o ../common/deps.o ../common/derbit.o ../common/dfloat.o ../common/dgamma.o ../common/dinf.o ../common/dlog2.o ../common/dnan.o ../common/dpsi.o ../common/dstore.o ../common/dstorf.o ../common/dvsum.o ../common/isdnan.o ../common/pythag.o ../common/tql1.o ../common/trapit.o
g77 -mieee -O -I../common  -mieee -c -o tglf3.o tglf3.f
g77 -mieee -O -I../common  -mieee -o tglf3 tglf3.o glqf.o glqli.o glqfd.o glqrc.o ../common/prthdr.o ../common/d2norm.o ../common/dcopy.o ../common/deps.o ../common/derbit.o ../common/dfloat.o ../common/dgamma.o ../common/dinf.o ../common/dlog2.o ../common/dnan.o ../common/dpsi.o ../common/dstore.o ../common/dstorf.o ../common/dvsum.o ../common/isdnan.o ../common/pythag.o ../common/tql1.o ../common/trapit.o
g77 -mieee -O -I../common  -mieee -c -o tglf4.o tglf4.f
g77 -mieee -O -I../common  -mieee -o tglf4 tglf4.o glqf.o glqli.o glqfd.o glqrc.o ../common/prthdr.o ../common/d2norm.o ../common/dcopy.o ../common/deps.o ../common/derbit.o ../common/dfloat.o ../common/dgamma.o ../common/dinf.o ../common/dlog2.o ../common/dnan.o ../common/dpsi.o ../common/dstore.o ../common/dstorf.o ../common/dvsum.o ../common/isdnan.o ../common/pythag.o ../common/tql1.o ../common/trapit.o
g77 -mieee -O -I../common  -mieee -c -o tglf5.o tglf5.f
g77 -mieee -O -I../common  -mieee -o tglf5 tglf5.o glqf.o glqli.o glqfd.o glqrc.o ../common/prthdr.o ../common/d2norm.o ../common/dcopy.o ../common/deps.o ../common/derbit.o ../common/dfloat.o ../common/dgamma.o ../common/dinf.o ../common/dlog2.o ../common/dnan.o ../common/dpsi.o ../common/dstore.o ../common/dstorf.o ../common/dvsum.o ../common/isdnan.o ../common/pythag.o ../common/tql1.o ../common/trapit.o
g77 -mieee -O -I../common  -mieee -c -o tglf6.o tglf6.f
g77 -mieee -O -I../common  -mieee -o tglf6 tglf6.o glqf.o glqli.o glqfd.o glqrc.o ../common/prthdr.o ../common/d2norm.o ../common/dcopy.o ../common/deps.o ../common/derbit.o ../common/dfloat.o ../common/dgamma.o ../common/dinf.o ../common/dlog2.o ../common/dnan.o ../common/dpsi.o ../common/dstore.o ../common/dstorf.o ../common/dvsum.o ../common/isdnan.o ../common/pythag.o ../common/tql1.o ../common/trapit.o
g77 -mieee -O -I../common  -mieee -c -o tglfd1.o tglfd1.f
g77 -mieee -O -I../common  -mieee -o tglfd1 tglfd1.o glqli.o glqfd.o glqrc.o ../common/prthdr.o ../common/d2norm.o ../common/dcopy.o ../common/deps.o ../common/derbit.o ../common/dfloat.o ../common/dgamma.o ../common/dinf.o ../common/dlog2.o ../common/dnan.o ../common/dpsi.o ../common/dstore.o ../common/dstorf.o ../common/dvsum.o ../common/isdnan.o ../common/pythag.o ../common/tql1.o ../common/trapit.o
g77 -mieee -O -I../common  -mieee -c -o tglfd2.o tglfd2.f
g77 -mieee -O -I../common  -mieee -o tglfd2 tglfd2.o glqli.o glqfd.o glqrc.o ../common/prthdr.o ../common/d2norm.o ../common/dcopy.o ../common/deps.o ../common/derbit.o ../common/dfloat.o ../common/dgamma.o ../common/dinf.o ../common/dlog2.o ../common/dnan.o ../common/dpsi.o ../common/dstore.o ../common/dstorf.o ../common/dvsum.o ../common/isdnan.o ../common/pythag.o ../common/tql1.o ../common/trapit.o
g77 -mieee -O -I../common  -mieee -c -o tglfd3.o tglfd3.f
g77 -mieee -O -I../common  -mieee -o tglfd3 tglfd3.o glqli.o glqfd.o glqrc.o ../common/prthdr.o ../common/d2norm.o ../common/dcopy.o ../common/deps.o ../common/derbit.o ../common/dfloat.o ../common/dgamma.o ../common/dinf.o ../common/dlog2.o ../common/dnan.o ../common/dpsi.o ../common/dstore.o ../common/dstorf.o ../common/dvsum.o ../common/isdnan.o ../common/pythag.o ../common/tql1.o ../common/trapit.o
g77 -mieee -O -I../common  -mieee -c -o tglfd4.o tglfd4.f
g77 -mieee -O -I../common  -mieee -o tglfd4 tglfd4.o glqli.o glqfd.o glqrc.o ../common/prthdr.o ../common/d2norm.o ../common/dcopy.o ../common/deps.o ../common/derbit.o ../common/dfloat.o ../common/dgamma.o ../common/dinf.o ../common/dlog2.o ../common/dnan.o ../common/dpsi.o ../common/dstore.o ../common/dstorf.o ../common/dvsum.o ../common/isdnan.o ../common/pythag.o ../common/tql1.o ../common/trapit.o
g77 -mieee -O -I../common  -mieee -c -o tglfd5.o tglfd5.f
g77 -mieee -O -I../common  -mieee -o tglfd5 tglfd5.o glqli.o glqfd.o glqrc.o ../common/prthdr.o ../common/d2norm.o ../common/dcopy.o ../common/deps.o ../common/derbit.o ../common/dfloat.o ../common/dgamma.o ../common/dinf.o ../common/dlog2.o ../common/dnan.o ../common/dpsi.o ../common/dstore.o ../common/dstorf.o ../common/dvsum.o ../common/isdnan.o ../common/pythag.o ../common/tql1.o ../common/trapit.o
g77 -mieee -O -I../common  -mieee -c -o tglfd6.o tglfd6.f
g77 -mieee -O -I../common  -mieee -o tglfd6 tglfd6.o glqli.o glqfd.o glqrc.o ../common/prthdr.o ../common/d2norm.o ../common/dcopy.o ../common/deps.o ../common/derbit.o ../common/dfloat.o ../common/dgamma.o ../common/dinf.o ../common/dlog2.o ../common/dnan.o ../common/dpsi.o ../common/dstore.o ../common/dstorf.o ../common/dvsum.o ../common/isdnan.o ../common/pythag.o ../common/tql1.o ../common/trapit.o
============================== Making all in common
ar -r ../libgjl.a d2norm.o dcopy.o deps.o derbit.o dfloat.o dfpmax.o dgamma.o dinf.o diran.o dlgam.o dlog2.o dnan.o dpsi.o dpsiln.o dran.o dstore.o dstorf.o dvsum.o ffalse.o ftrue.o getnan.o idceil.o isdinf.o isdnan.o pythag.o tql1.o
ranlib ../libgjl.a || true
ar -r ../libgjl.a aeps.o afpmax.o ainf.o airan.o algam.o alog2.o anan.o astore.o astorf.o avsum.o gamma.o iceil.o isainf.o isanan.o psi.o psiln.o ran.o
ranlib ../libgjl.a || true
6.107u 4.474s 0:32.51 32.5%	18+10k 1408+2489io 134pf+0w
for subdir in man gampsi jacobi laguerre common ; do echo ============================== Making check-dp in $subdir ; ( cd $subdir && make  prefix=/uufs/inscc.utah.edu/common/home/mthnhb/alpha/local FWARN="" FOPT="-O" check-dp ) ; done
============================== Making check-dp in man
There is no validation suite in this directory
============================== Making check-dp in gampsi
Checking tdgen ...
File differences are made with: /uufs/inscc.utah.edu/common/home/mthnhb/alpha/local/bin/ndiff --relerr 5.0e-11 --minwidth 10
cos001
cmp: EOF on cos001.out
second file is short
Checking tdgen ...
File differences are made with: /uufs/inscc.utah.edu/common/home/mthnhb/alpha/local/bin/ndiff --relerr 5.0e-11 --minwidth 10
cos101
cos102
cos103
cmp: EOF on cos101.out
second file is short
cmp: EOF on cos102.out
second file is short
cmp: EOF on cos103.out
second file is short
Checking tdgen ...
File differences are made with: /uufs/inscc.utah.edu/common/home/mthnhb/alpha/local/bin/ndiff --relerr 5.0e-11 --minwidth 10
cos201
cmp: EOF on cos201.out
second file is short
0a1,26
> dacos( Infinity ) = NaN 
> dasin( Infinity ) = NaN 
> datan( Infinity ) = 1.570796326794897E+0000
> dcos( Infinity ) = NaN 
> dcosh( Infinity ) = Infinity 
> dexp( Infinity ) = Infinity 
> dlog( Infinity ) = Infinity 
> dlog10( Infinity ) = Infinity 
> dsin( Infinity ) = NaN 
> dsinh( Infinity ) = Infinity 
> dsqrt( Infinity ) = Infinity 
> dtan( Infinity ) = NaN 
> dtanh( Infinity ) = 1.000000000000000E+0000
> dacos( NaN ) = NaN 
> dasin( NaN ) = NaN 
> datan( NaN ) = NaN 
> dcos( NaN ) = NaN 
> dcosh( NaN ) = NaN 
> dexp( NaN ) = NaN 
> dlog( NaN ) = NaN 
> dlog10( NaN ) = NaN 
> dsin( NaN ) = NaN 
> dsinh( NaN ) = NaN 
> dsqrt( NaN ) = NaN 
> dtan( NaN ) = NaN 
> dtanh( NaN ) = NaN 
Checking tdgen ...
File differences are made with: /uufs/inscc.utah.edu/common/home/mthnhb/alpha/local/bin/ndiff --relerr 5.0e-11 --minwidth 10
exp001
cmp: EOF on exp001.out
second file is short
Checking tdgen ...
File differences are made with: /uufs/inscc.utah.edu/common/home/mthnhb/alpha/local/bin/ndiff --relerr 5.0e-11 --minwidth 10
exp101
cmp: EOF on exp101.out
second file is short
Checking tdfpmx ...
File differences are made with: /uufs/inscc.utah.edu/common/home/mthnhb/alpha/local/bin/ndiff --relerr 5.0e-11 --minwidth 10
dfpm01
cmp: EOF on dfpm01.out
second file is short
Checking tdgen ...
File differences are made with: /uufs/inscc.utah.edu/common/home/mthnhb/alpha/local/bin/ndiff --relerr 5.0e-11 --minwidth 10
gam001
cmp: EOF on gam001.out
second file is short
Checking tdgen ...
File differences are made with: /uufs/inscc.utah.edu/common/home/mthnhb/alpha/local/bin/ndiff --relerr 5.0e-11 --minwidth 10
gam101
gam102
gam103
cmp: EOF on gam101.out
second file is short
cmp: EOF on gam102.out
second file is short
cmp: EOF on gam103.out
second file is short
Checking tdgen ...
File differences are made with: /uufs/inscc.utah.edu/common/home/mthnhb/alpha/local/bin/ndiff --relerr 5.0e-11 --minwidth 10
gam301
cmp: EOF on gam301.out
second file is short
Checking tdgen ...
File differences are made with: /uufs/inscc.utah.edu/common/home/mthnhb/alpha/local/bin/ndiff --relerr 5.0e-11 --minwidth 10
lga001
cmp: EOF on lga001.out
second file is short
Checking tdgen ...
File differences are made with: /uufs/inscc.utah.edu/common/home/mthnhb/alpha/local/bin/ndiff --relerr 5.0e-11 --minwidth 10
lga101
lga102
cmp: EOF on lga101.out
second file is short
lga103
cmp: EOF on lga102.out
second file is short
cmp: EOF on lga103.out
second file is short
Checking tdgen ...
File differences are made with: /uufs/inscc.utah.edu/common/home/mthnhb/alpha/local/bin/ndiff --relerr 5.0e-11 --minwidth 10
lga201
cmp: EOF on lga201.out
second file is short
Checking tdgen ...
File differences are made with: /uufs/inscc.utah.edu/common/home/mthnhb/alpha/local/bin/ndiff --relerr 5.0e-11 --minwidth 10
log001
cmp: EOF on log001.out
second file is short
Checking tdgen ...
File differences are made with: /uufs/inscc.utah.edu/common/home/mthnhb/alpha/local/bin/ndiff --relerr 5.0e-11 --minwidth 10
log101
log102
cmp: EOF on log101.out
second file is short
cmp: EOF on log102.out
log103
second file is short
cmp: EOF on log103.out
second file is short
Checking tdgen ...
File differences are made with: /uufs/inscc.utah.edu/common/home/mthnhb/alpha/local/bin/ndiff --relerr 5.0e-11 --minwidth 10
psi001
psi002
psi003
cmp: EOF on psi001.out
second file is short
cmp: EOF on psi002.out
second file is short
psi006
cmp: EOF on psi003.out
second file is short
cmp: EOF on psi006.out
second file is short
Checking tdgen ...
File differences are made with: /uufs/inscc.utah.edu/common/home/mthnhb/alpha/local/bin/ndiff --relerr 5.0e-11 --minwidth 10
psi101
psi102
cmp: EOF on psi101.out
second file is short
psi103
cmp: EOF on psi102.out
second file is short
cmp: EOF on psi103.out
psi104
psi105
second file is short
cmp: EOF on psi104.out
second file is short
psi106
cmp: EOF on psi105.out
second file is short
psi107
cmp: EOF on psi106.out
second file is short
cmp: EOF on psi107.out
second file is short
Checking tdgen ...
File differences are made with: /uufs/inscc.utah.edu/common/home/mthnhb/alpha/local/bin/ndiff --relerr 5.0e-11 --minwidth 10
psi201
cmp: EOF on psi201.out
second file is short
Checking tdgen ...
File differences are made with: /uufs/inscc.utah.edu/common/home/mthnhb/alpha/local/bin/ndiff --relerr 5.0e-11 --minwidth 10
psi301
cmp: EOF on psi301.out
second file is short
Checking tdgen ...
File differences are made with: /uufs/inscc.utah.edu/common/home/mthnhb/alpha/local/bin/ndiff --relerr 5.0e-11 --minwidth 10
psi402
cmp: EOF on psi402.out
second file is short
Checking tdgen ...
File differences are made with: /uufs/inscc.utah.edu/common/home/mthnhb/alpha/local/bin/ndiff --relerr 5.0e-11 --minwidth 10
psi601
psi602
cmp: EOF on psi601.out
second file is short
cmp: EOF on psi602.out
second file is short
Checking tdgen ...
File differences are made with: /uufs/inscc.utah.edu/common/home/mthnhb/alpha/local/bin/ndiff --relerr 5.0e-11 --minwidth 10
pln001
cmp: EOF on pln001.out
second file is short
Checking tdgen ...
File differences are made with: /uufs/inscc.utah.edu/common/home/mthnhb/alpha/local/bin/ndiff --relerr 5.0e-11 --minwidth 10
pln101
cmp: EOF on pln101.out
second file is short
Checking tdgen ...
File differences are made with: /uufs/inscc.utah.edu/common/home/mthnhb/alpha/local/bin/ndiff --relerr 5.0e-11 --minwidth 10
pln201
cmp: EOF on pln201.out
second file is short
Checking tdgen ...
File differences are made with: /uufs/inscc.utah.edu/common/home/mthnhb/alpha/local/bin/ndiff --relerr 5.0e-11 --minwidth 10
sin001
cmp: EOF on sin001.out
second file is short
Checking tdgen ...
File differences are made with: /uufs/inscc.utah.edu/common/home/mthnhb/alpha/local/bin/ndiff --relerr 5.0e-11 --minwidth 10
sin101
sin102
cmp: EOF on sin101.out
second file is short
sin103
cmp: EOF on sin102.out
second file is short
cmp: EOF on sin103.out
second file is short
Checking tdgen ...
File differences are made with: /uufs/inscc.utah.edu/common/home/mthnhb/alpha/local/bin/ndiff --relerr 5.0e-11 --minwidth 10
sin201
cmp: EOF on sin201.out
second file is short
Checking tdgen ...
File differences are made with: /uufs/inscc.utah.edu/common/home/mthnhb/alpha/local/bin/ndiff --relerr 5.0e-11 --minwidth 10
tan001
cmp: EOF on tan001.out
second file is short
Checking tdgen ...
File differences are made with: /uufs/inscc.utah.edu/common/home/mthnhb/alpha/local/bin/ndiff --relerr 5.0e-11 --minwidth 10
tan101
tan102
cmp: EOF on tan101.out
second file is short
cmp: EOF on tan102.out
second file is short
Checking tdgen ...
File differences are made with: /uufs/inscc.utah.edu/common/home/mthnhb/alpha/local/bin/ndiff --relerr 5.0e-11 --minwidth 10
tan201
============================== Making check-dp in jacobi
cmp: EOF on tan201.out
second file is short
(cd ../common; make lib-dp)
ar -r ../libgjl.a d2norm.o dcopy.o deps.o derbit.o dfloat.o dfpmax.o dgamma.o dinf.o diran.o dlgam.o dlog2.o dnan.o dpsi.o dpsiln.o dran.o dstore.o dstorf.o dvsum.o ffalse.o ftrue.o getnan.o idceil.o isdinf.o isdnan.o pythag.o tql1.o
ranlib ../libgjl.a || true
ar -r ../libgjl.a gjqf.o gjqfd.o gjqli.o gjqrc.o
ranlib ../libgjl.a || true
========================================================================
There should be no output from these tests, except their names. If
ndiff is available, there will also be reports of the maximum absolute
and relative errors found. If small numeric differences are reported,
then YOU must decide whether they are significant. You can do
         make check RELERR=xxx
to rerun the tests with a different relative error tolerance, where xxx
is either a suitable small positive floating-point number, or else a
value >= 1.0, meaning that multiple of the machine epsilon.
========================================================================
Checking tgjf1 ...
File differences are made with: /uufs/inscc.utah.edu/common/home/mthnhb/alpha/local/bin/ndiff --relerr 1.0e-10 --minwidth 10 --abserr 0
gjf101
gjf102
mv: cannot stat `output.dat': No such file or directory
second file is short
second file is short
gjf103
mv: cannot stat `output.dat': No such file or directory
second file is short
second file is short
mv: cannot stat `output.dat': No such file or directory
gjf104
second file is short
second file is short
mv: cannot stat `output.dat': No such file or directory
gjf105
second file is short
second file is short
mv: cannot stat `output.dat': No such file or directory
second file is short
second file is short
Checking tgjf2 ...
File differences are made with: /uufs/inscc.utah.edu/common/home/mthnhb/alpha/local/bin/ndiff --relerr 1.0e-10 --minwidth 10 --abserr 0
gjf201
gjf202
mv: cannot stat `output.dat': No such file or directory
second file is short
second file is short
gjf203
mv: cannot stat `output.dat': No such file or directory
second file is short
second file is short
gjf204
mv: cannot stat `output.dat': No such file or directory
second file is short
second file is short
gjf205
mv: cannot stat `output.dat': No such file or directory
second file is short
second file is short
mv: cannot stat `output.dat': No such file or directory
second file is short
second file is short
Checking tgjfd1 ...
File differences are made with: /uufs/inscc.utah.edu/common/home/mthnhb/alpha/local/bin/ndiff --relerr 1.0e-10 --minwidth 10 --abserr 0
gjfd101
mv: cannot stat `output.dat': No such file or directory
gjfd102
second file is short
second file is short
gjfd103
mv: cannot stat `output.dat': No such file or directory
second file is short
second file is short
gjfd104
mv: cannot stat `output.dat': No such file or directory
second file is short
second file is short
gjfd105
mv: cannot stat `output.dat': No such file or directory
second file is short
second file is short
mv: cannot stat `output.dat': No such file or directory
second file is short
second file is short
Checking tgjfd2 ...
File differences are made with: /uufs/inscc.utah.edu/common/home/mthnhb/alpha/local/bin/ndiff --relerr 1.0e-10 --minwidth 10 --abserr 0
gjfd201
gjfd202
mv: cannot stat `output.dat': No such file or directory
second file is short
second file is short
gjfd203
mv: cannot stat `output.dat': No such file or directory
second file is short
second file is short
gjfd204
mv: cannot stat `output.dat': No such file or directory
second file is short
second file is short
gjfd205
mv: cannot stat `output.dat': No such file or directory
second file is short
second file is short
============================== Making check-dp in laguerre
mv: cannot stat `output.dat': No such file or directory
second file is short
second file is short
(cd ../common; make lib-dp)
ar -r ../libgjl.a d2norm.o dcopy.o deps.o derbit.o dfloat.o dfpmax.o dgamma.o dinf.o diran.o dlgam.o dlog2.o dnan.o dpsi.o dpsiln.o dran.o dstore.o dstorf.o dvsum.o ffalse.o ftrue.o getnan.o idceil.o isdinf.o isdnan.o pythag.o tql1.o
ranlib ../libgjl.a || true
ar -r ../libgjl.a glqf.o glqfd.o glqli.o glqrc.o
ranlib ../libgjl.a || true
========================================================================
There should be no output from these tests, except their names. If
ndiff is available, there will also be reports of the maximum absolute
and relative errors found. If small numeric differences are reported,
then YOU must decide whether they are significant. You can do
         make check RELERR=xxx
to rerun the tests with a different relative error tolerance, where xxx
is either a suitable small positive floating-point number, or else a
value >= 1.0, meaning that multiple of the machine epsilon.
========================================================================
Checking tglf1 ...
File differences are made with: /uufs/inscc.utah.edu/common/home/mthnhb/alpha/local/bin/ndiff --relerr 1.0e-10 --minwidth 10 --abserr 0
glf101
glf102
mv: cannot stat `output.dat': No such file or directory
second file is short
second file is short
mv: cannot stat `output.dat': No such file or directory
second file is short
glf103
second file is short
mv: cannot stat `output.dat': No such file or directory
glf104
second file is short
second file is short
mv: cannot stat `output.dat': No such file or directory
glf105
second file is short
second file is short
glf106
mv: cannot stat `output.dat': No such file or directory
second file is short
second file is short
glf107
mv: cannot stat `output.dat': No such file or directory
second file is short
second file is short
glf108
mv: cannot stat `output.dat': No such file or directory
second file is short
second file is short
glf109
mv: cannot stat `output.dat': No such file or directory
second file is short
second file is short
mv: cannot stat `output.dat': No such file or directory
second file is short
second file is short
Checking tglf2 ...
File differences are made with: /uufs/inscc.utah.edu/common/home/mthnhb/alpha/local/bin/ndiff --relerr 1.0e-10 --minwidth 10 --abserr 0
glf201
glf202
mv: cannot stat `output.dat': No such file or directory
second file is short
second file is short
mv: cannot stat `output.dat': No such file or directory
second file is short
second file is short
Checking tglf3 ...
File differences are made with: /uufs/inscc.utah.edu/common/home/mthnhb/alpha/local/bin/ndiff --relerr 1.0e-10 --minwidth 10 --abserr 0
glf301
glf302
mv: cannot stat `output.dat': No such file or directory
second file is short
second file is short
mv: cannot stat `output.dat': No such file or directory
second file is short
second file is short
Checking tglf4 ...
File differences are made with: /uufs/inscc.utah.edu/common/home/mthnhb/alpha/local/bin/ndiff --relerr 1.0e-10 --minwidth 10 --abserr 0
glf401
glf402
mv: cannot stat `output.dat': No such file or directory
second file is short
second file is short
mv: cannot stat `output.dat': No such file or directory
second file is short
glf403
second file is short
mv: cannot stat `output.dat': No such file or directory
second file is short
glf404
second file is short
mv: cannot stat `output.dat': No such file or directory
glf405
second file is short
second file is short
mv: cannot stat `output.dat': No such file or directory
glf406
second file is short
second file is short
glf407
mv: cannot stat `output.dat': No such file or directory
second file is short
second file is short
glf408
mv: cannot stat `output.dat': No such file or directory
second file is short
second file is short
glf409
mv: cannot stat `output.dat': No such file or directory
second file is short
second file is short
mv: cannot stat `output.dat': No such file or directory
second file is short
glf410
second file is short
mv: cannot stat `output.dat': No such file or directory
second file is short
Checking tglf5 ...
File differences are made with: /uufs/inscc.utah.edu/common/home/mthnhb/alpha/local/bin/ndiff --relerr 1.0e-10 --minwidth 10 --abserr 0
glf501
second file is short
glf502
mv: cannot stat `output.dat': No such file or directory
second file is short
second file is short
glf503
mv: cannot stat `output.dat': No such file or directory
second file is short
second file is short
mv: cannot stat `output.dat': No such file or directory
second file is short
glf504
second file is short
mv: cannot stat `output.dat': No such file or directory
second file is short
glf505
second file is short
mv: cannot stat `output.dat': No such file or directory
glf506
second file is short
second file is short
mv: cannot stat `output.dat': No such file or directory
glf507
second file is short
second file is short
mv: cannot stat `output.dat': No such file or directory
glf508
second file is short
second file is short
glf509
mv: cannot stat `output.dat': No such file or directory
second file is short
second file is short
mv: cannot stat `output.dat': No such file or directory
second file is short
second file is short
Checking tglf6 ...
File differences are made with: /uufs/inscc.utah.edu/common/home/mthnhb/alpha/local/bin/ndiff --relerr 1.0e-10 --minwidth 10 --abserr 0
glf601
glf602
mv: cannot stat `output.dat': No such file or directory
second file is short
second file is short
glf603
mv: cannot stat `output.dat': No such file or directory
second file is short
second file is short
glf604
mv: cannot stat `output.dat': No such file or directory
second file is short
second file is short
mv: cannot stat `output.dat': No such file or directory
second file is short
second file is short
glf605
mv: cannot stat `output.dat': No such file or directory
glf606
second file is short
second file is short
mv: cannot stat `output.dat': No such file or directory
glf607
second file is short
second file is short
mv: cannot stat `output.dat': No such file or directory
glf608
second file is short
second file is short
glf609
mv: cannot stat `output.dat': No such file or directory
second file is short
second file is short
glf610
mv: cannot stat `output.dat': No such file or directory
second file is short
second file is short
mv: cannot stat `output.dat': No such file or directory
second file is short
second file is short
Checking tglfd1 ...
File differences are made with: /uufs/inscc.utah.edu/common/home/mthnhb/alpha/local/bin/ndiff --relerr 1.0e-10 --minwidth 10 --abserr 0
glfd101
glfd102
mv: cannot stat `output.dat': No such file or directory
second file is short
second file is short
glfd103
mv: cannot stat `output.dat': No such file or directory
second file is short
second file is short
mv: cannot stat `output.dat': No such file or directory
second file is short
glfd104
second file is short
mv: cannot stat `output.dat': No such file or directory
glfd105
second file is short
second file is short
mv: cannot stat `output.dat': No such file or directory
glfd106
second file is short
second file is short
glfd107
mv: cannot stat `output.dat': No such file or directory
second file is short
second file is short
glfd108
mv: cannot stat `output.dat': No such file or directory
second file is short
second file is short
mv: cannot stat `output.dat': No such file or directory
second file is short
glfd109
second file is short
mv: cannot stat `output.dat': No such file or directory
Checking tglfd2 ...
File differences are made with: /uufs/inscc.utah.edu/common/home/mthnhb/alpha/local/bin/ndiff --relerr 1.0e-10 --minwidth 10 --abserr 0
glfd201
second file is short
second file is short
mv: cannot stat `output.dat': No such file or directory
second file is short
glfd202
second file is short
mv: cannot stat `output.dat': No such file or directory
second file is short
second file is short
Checking tglfd3 ...
File differences are made with: /uufs/inscc.utah.edu/common/home/mthnhb/alpha/local/bin/ndiff --relerr 1.0e-10 --minwidth 10 --abserr 0
glfd301
glfd302
mv: cannot stat `output.dat': No such file or directory
second file is short
second file is short
mv: cannot stat `output.dat': No such file or directory
second file is short
second file is short
Checking tglfd4 ...
File differences are made with: /uufs/inscc.utah.edu/common/home/mthnhb/alpha/local/bin/ndiff --relerr 1.0e-10 --minwidth 10 --abserr 0
glfd401
glfd402
mv: cannot stat `output.dat': No such file or directory
second file is short
second file is short
glfd403
mv: cannot stat `output.dat': No such file or directory
second file is short
second file is short
glfd404
mv: cannot stat `output.dat': No such file or directory
second file is short
second file is short
mv: cannot stat `output.dat': No such file or directory
glfd405
second file is short
second file is short
mv: cannot stat `output.dat': No such file or directory
glfd406
second file is short
second file is short
glfd407
mv: cannot stat `output.dat': No such file or directory
second file is short
second file is short
glfd408
mv: cannot stat `output.dat': No such file or directory
second file is short
second file is short
mv: cannot stat `output.dat': No such file or directory
second file is short
glfd409
second file is short
mv: cannot stat `output.dat': No such file or directory
glfd410
second file is short
second file is short
mv: cannot stat `output.dat': No such file or directory
second file is short
second file is short
Checking tglfd5 ...
File differences are made with: /uufs/inscc.utah.edu/common/home/mthnhb/alpha/local/bin/ndiff --relerr 1.0e-10 --minwidth 10 --abserr 0
glfd501
glfd502
mv: cannot stat `output.dat': No such file or directory
second file is short
second file is short
glfd503
mv: cannot stat `output.dat': No such file or directory
second file is short
second file is short
glfd504
mv: cannot stat `output.dat': No such file or directory
second file is short
second file is short
mv: cannot stat `output.dat': No such file or directory
glfd505
second file is short
second file is short
mv: cannot stat `output.dat': No such file or directory
glfd506
second file is short
second file is short
glfd507
mv: cannot stat `output.dat': No such file or directory
second file is short
second file is short
glfd508
mv: cannot stat `output.dat': No such file or directory
second file is short
second file is short
glfd509
mv: cannot stat `output.dat': No such file or directory
second file is short
second file is short
mv: cannot stat `output.dat': No such file or directory
Checking tglfd6 ...
second file is short
second file is short
File differences are made with: /uufs/inscc.utah.edu/common/home/mthnhb/alpha/local/bin/ndiff --relerr 1.0e-10 --minwidth 10 --abserr 0
glfd601
mv: cannot stat `output.dat': No such file or directory
glfd602
second file is short
second file is short
glfd603
mv: cannot stat `output.dat': No such file or directory
second file is short
second file is short
mv: cannot stat `output.dat': No such file or directory
second file is short
glfd604
second file is short
mv: cannot stat `output.dat': No such file or directory
second file is short
glfd605
second file is short
mv: cannot stat `output.dat': No such file or directory
glfd606
second file is short
second file is short
glfd607
mv: cannot stat `output.dat': No such file or directory
second file is short
second file is short
glfd608
mv: cannot stat `output.dat': No such file or directory
second file is short
second file is short
glfd609
mv: cannot stat `output.dat': No such file or directory
second file is short
second file is short
mv: cannot stat `output.dat': No such file or directory
second file is short
glfd610
second file is short
mv: cannot stat `output.dat': No such file or directory
============================== Making check-dp in common
second file is short
second file is short
ar -r ../libgjl.a d2norm.o dcopy.o deps.o derbit.o dfloat.o dfpmax.o dgamma.o dinf.o diran.o dlgam.o dlog2.o dnan.o dpsi.o dpsiln.o dran.o dstore.o dstorf.o dvsum.o ffalse.o ftrue.o getnan.o idceil.o isdinf.o isdnan.o pythag.o tql1.o
ranlib ../libgjl.a || true
ar -r ../libgjl.a aeps.o afpmax.o ainf.o airan.o algam.o alog2.o anan.o astore.o astorf.o avsum.o gamma.o iceil.o isainf.o isanan.o psi.o psiln.o ran.o
ranlib ../libgjl.a || true
There is no validation suite in this directory
4.014u 5.102s 0:24.07 37.8%	4+1k 1934+797io 11pf+0w
============================================================
Disk free report for $HOME/alpha/build/g77/quadlog-gampsi:
			Filesystem           1K-blocks      Used Available Use% Mounted on
			fileserv.inscc.utah.edu:/export/hpc/uufs/common/home
			                     283115520 265563652  17551868  94% /uufs/inscc.utah.edu/common/home
Remote date:            2004.06.14.12.26.54
/uufs/inscc.utah.edu/common/home/mthnhb/alpha/local/bin/.: Permission denied.
System status:          12:26  up 260 days,  1:12,  9 users,  load average: 1.57, 1.53, 1.45
============================================================
