
                              < M A T L A B >
                  Copyright 1984-2002 The MathWorks, Inc.
                      Version 6.5.0.180913a Release 13
                                Jun 18 2002

 
  To get started, type one of these: helpwin, helpdesk, or demo.
  For product information, visit www.mathworks.com.
 

Computing Eigenvalue 1:
  Iteration	Eigenvalue	Residual
  ======================================================
  1		1.035221E-03	3.044622E+00
  2		1.178918E-05	8.443077E-02
  3		1.789362E-06	2.779957E-02
  4		8.852795E-07	9.713763E-03
  5		6.243489E-07	5.164162E-03
  6		5.588800E-07	1.227994E-03
  7		5.565691E-07	1.617230E-04
   
    Computing ILU factorization: if it takes too long, try the options:
      opt.iluThresh, opt.Preconditioner, or opt.usePrecon. 
   
    Done!  Starting preconditioned iterations: 
      if convergence is not accelerated, try decreasing opt.iluThresh. 
   
  8		5.565344E-07	8.796481E-06
  9		5.565343E-07	3.417231E-07
  10		5.565343E-07	5.632901E-08
  11		5.565343E-07	1.134544E-08
  12		5.565343E-07	6.850076E-10
  13		5.565343E-07	8.718951E-11
  14		5.565343E-07	3.321289E-12
  15		5.565343E-07	3.026547E-13
  ------------
  Eigenvalue 1 converged. 
  # of multiplications by A (and B):      202. 
  # of multiplications by preconditioner: 8.

-----
  CPU Time:13.940000.

eigenvalues =

   5.5653e-07

