
                              < M A T L A B >
                  Copyright 1984-2002 The MathWorks, Inc.
                      Version 6.5.0.180913a Release 13
                                Jun 18 2002

 
  To get started, type one of these: helpwin, helpdesk, or demo.
  For product information, visit www.mathworks.com.
 

Computing Eigenvalue 1:
  Iteration	Eigenvalue	Residual
  ======================================================
  1		1.035221E-03	3.044622E+00
  2		2.654192E-04	1.547976E+00
  3		9.520307E-05	6.994557E-01
  4		4.822840E-05	4.282062E-01
  5		2.463577E-05	3.119991E-01
  6		1.349148E-05	1.900224E-01
  7		9.019523E-06	1.319492E-01
  8		6.716043E-06	9.681849E-02
  9		5.390018E-06	7.999528E-02
  10		4.408203E-06	6.608267E-02
  11		3.813605E-06	5.153633E-02
  12		3.439781E-06	4.289169E-02
  13		3.143914E-06	3.954070E-02
  14		2.898818E-06	3.654682E-02
  15		2.676899E-06	3.403089E-02
  16		2.489908E-06	3.298983E-02
  17		2.293378E-06	3.357561E-02
  18		2.107264E-06	3.138753E-02
  19		1.941659E-06	2.910703E-02
  20		1.804211E-06	2.654915E-02
  21		1.692325E-06	2.411949E-02
  22		1.593193E-06	2.192558E-02
  23		1.513957E-06	2.032656E-02
  24		1.442312E-06	1.927839E-02
  25		1.374441E-06	1.892906E-02
  26		1.308424E-06	1.863981E-02
  27		1.245736E-06	1.807379E-02
  28		1.187561E-06	1.700268E-02
  29		1.136019E-06	1.591868E-02
  30		1.089612E-06	1.502307E-02
  31		1.047385E-06	1.448565E-02
  32		1.008873E-06	1.365784E-02
  33		9.735785E-07	1.306026E-02
  34		9.407775E-07	1.248427E-02
  35		9.103665E-07	1.213465E-02
  36		8.814570E-07	1.165515E-02
  37		8.543423E-07	1.125915E-02
  38		8.290328E-07	1.083197E-02
  39		8.056535E-07	1.031890E-02
  40		7.841453E-07	9.856844E-03
  41		7.641781E-07	9.391264E-03
  42		7.457798E-07	9.033741E-03
  43		7.286046E-07	8.696729E-03
  44		7.126100E-07	8.332725E-03
  45		6.976654E-07	7.987893E-03
  46		6.836777E-07	7.692622E-03
  47		6.602503E-07	7.994662E-03
  48		6.371372E-07	7.795980E-03
  49		6.193161E-07	6.577721E-03
  50		6.049861E-07	5.886741E-03
  51		5.931736E-07	5.448129E-03
  52		5.831976E-07	4.756126E-03
  53		5.754140E-07	4.231723E-03
  54		5.697185E-07	3.565510E-03
  55		5.654425E-07	3.077063E-03
  56		5.625141E-07	2.446686E-03
  57		5.605736E-07	1.970128E-03
  58		5.593826E-07	1.558353E-03
  59		5.585722E-07	1.299586E-03
  60		5.579740E-07	1.191174E-03
  61		5.575209E-07	9.293950E-04
  62		5.572352E-07	7.576527E-04
   
    Computing ILU factorization: if it takes too long, try the options:
      opt.iluThresh, opt.Preconditioner, or opt.usePrecon. 
   
    Done!  Starting preconditioned iterations: 
      if convergence is not accelerated, try decreasing opt.iluThresh. 
   
  63		5.565558E-07	9.451755E-05
  64		5.565346E-07	1.461900E-05
  65		5.565343E-07	1.542574E-06
  66		5.565343E-07	1.335877E-07
  67		5.565343E-07	9.023287E-09
  68		5.565343E-07	1.143152E-09
  69		5.565343E-07	1.924577E-10
  70		5.565343E-07	1.312592E-11
  71		5.565343E-07	8.095785E-13
  ------------
  Eigenvalue 1 converged. 
  # of multiplications by A (and B):      165. 
  # of multiplications by preconditioner: 9.

-----
  CPU Time:10.240000.

eigenvalues =

   5.5653e-07

