============================================================
.: Command not found.
Machinetype:            Intel Pentium II (2 CPUs, 450 MHz);       FreeBSD 4.4.0
System status:          11:01AM  up 19 days, 21:14, 3 users, load averages: 0.13, 0.03, 0.01
Remote cc version:      2.95.3
Remote CC version:      2.95.3
Remote lcc version:     lcc version 4.1.beta.9 [11-May-2001]
Package:                quadlog-gampsi-slim
Archive:                /u/sy/beebe/build//quadlog-gampsi-slim.tar.gz
Date:                   2004.03.21.11.01.31
Local user:             beebe
Local host:             ibapah.math.utah.edu
Local log directory:    /u/sy/beebe/build/logs/quadlog-gampsi-slim
Local log file:         quadlog-gampsi-slim.ee.ece.utah.edu.2004.03.21.11.01.31.log
Remote user:            beebe
Remote host:            ee.ece.utah.edu
Remote directory:       /home/staff/computing/beebe/i386/build/g77
Remote date:            2004.03.21.11.01.38
Remote uname:           FreeBSD ee.ece.utah.edu 4.4-RELEASE FreeBSD 4.4-RELEASE #0: Tue Oct i386 i386 Pentium III/Pentium III Xeon/Celeron FreeBSD
Remote gcc version:     2.95.3
Remote g++ version:     2.95.3
Remote gcc3 version:    gcc3: Command not found.
Remote g++3 version:    g++3: Command not found.
Configure environment:  CC=gcc CXX=g++ F77=g77 FC=g77 LDFLAGS=-Wl,-rpath,/usr/local/lib 
Extra environment:      
Configure flags:        
Make all targets:       
Make check targets:     check
Disk free report for /home/staff/computing/beebe/i386/build/g77:
			Filesystem           1K-blocks      Used Available Use% Mounted on
			/dev/da20s1c           2031922   1622308    247061  87% /export/staff/computing/beebe
Environment:
			CONFIG_SITE=/home/staff/computing/beebe/i386/local/share/config.site
			DISPLAY=localhost:13.0
			GROUP=facility
			H=216.141.7.8
			HOME=/home/staff/computing/beebe
			HOST=ee.ece.utah.edu
			HOSTTYPE=FreeBSD
			LOGNAME=beebe
			MACHTYPE=i386
			MAIL=/var/mail/beebe
			MANPATH=/usr/share/man:/usr/local/man:/usr/X11R6/man:/home/staff/computing/beebe/i386/local/man
			MFINPUTS=.:/usr/local/lib/mf/macros:/usr/local/lib/mf/cm:/usr/local/lib/mf
			OSTYPE=FreeBSD
			PATH=/home/staff/computing/beebe/i386/local/bin:/usr/local/bin:/sbin:/bin:/usr/sbin:/usr/bin:/usr/games:/usr/local/sbin:/usr/X11R6/bin:/home/staff/computing/beebe/bin
			PVM_ROOT=/usr/local/pvm3
			PWD=/home/staff/computing/beebe
			REMOTEHOST=216.141.7.8
			SHELL=/usr/local/bin/tcsh
			SHLVL=1
			SSH_CLIENT=155.101.96.157 35454 22
			USER=beebe
			VENDOR=intel
============================================================
configure: loading site script /home/staff/computing/beebe/i386/local/share/config.site
configure: creating ./config.status
config.status: creating Makefile
configure: configuring in common
configure: running /bin/sh './configure'  --cache-file=/dev/null --srcdir=.
configure: loading site script /home/staff/computing/beebe/i386/local/share/config.site
checking for gcc... gcc
checking for C compiler default output file name... a.out
checking whether the C compiler works... yes
checking whether we are cross compiling... no
checking for suffix of executables... 
checking for suffix of object files... o
checking whether we are using the GNU C compiler... yes
checking whether gcc accepts -g... yes
checking for gcc option to accept ANSI C... none needed
checking whether we are using the GNU Fortran 77 compiler... yes
checking whether g77 accepts -g... yes
checking for autoconf... autoconf
configure: creating ./config.status
config.status: creating Makefile
configure: configuring in gampsi
configure: running /bin/sh './configure'  --cache-file=/dev/null --srcdir=.
configure: loading site script /home/staff/computing/beebe/i386/local/share/config.site
checking for gcc... gcc
checking for C compiler default output file name... a.out
checking whether the C compiler works... yes
checking whether we are cross compiling... no
checking for suffix of executables... 
checking for suffix of object files... o
checking whether we are using the GNU C compiler... yes
checking whether gcc accepts -g... yes
checking for gcc option to accept ANSI C... none needed
checking whether we are using the GNU Fortran 77 compiler... yes
checking whether g77 accepts -g... yes
checking for autoconf... autoconf
checking for gzip... gzip
checking for tar... tar
configure: creating ./config.status
config.status: creating Makefile
configure: configuring in jacobi
configure: running /bin/sh './configure'  --cache-file=/dev/null --srcdir=.
configure: loading site script /home/staff/computing/beebe/i386/local/share/config.site
checking for gcc... gcc
checking for C compiler default output file name... a.out
checking whether the C compiler works... yes
checking whether we are cross compiling... no
checking for suffix of executables... 
checking for suffix of object files... o
checking whether we are using the GNU C compiler... yes
checking whether gcc accepts -g... yes
checking for gcc option to accept ANSI C... none needed
checking whether we are using the GNU Fortran 77 compiler... yes
checking whether g77 accepts -g... yes
checking for autoconf... autoconf
configure: creating ./config.status
config.status: creating Makefile
configure: configuring in laguerre
configure: running /bin/sh './configure'  --cache-file=/dev/null --srcdir=.
configure: loading site script /home/staff/computing/beebe/i386/local/share/config.site
checking for gcc... gcc
checking for C compiler default output file name... a.out
checking whether the C compiler works... yes
checking whether we are cross compiling... no
checking for suffix of executables... 
checking for suffix of object files... o
checking whether we are using the GNU C compiler... yes
checking whether gcc accepts -g... yes
checking for gcc option to accept ANSI C... none needed
checking whether we are using the GNU Fortran 77 compiler... yes
checking whether g77 accepts -g... yes
checking for autoconf... autoconf
checking if -lm needed for math functions... yes
configure: creating ./config.status
config.status: creating Makefile
configure: configuring in man
configure: running /bin/sh './configure'  --cache-file=/dev/null --srcdir=.
configure: loading site script /home/staff/computing/beebe/i386/local/share/config.site
checking for autoconf... autoconf
checking for deroff... deroff
checking for ps2pdf... ps2pdf
checking for man2html... man2html
configure: creating ./config.status
config.status: creating Makefile
1.74user 8.63system 0:48.62elapsed 21%CPU (1729avgtext+1563avgdata 9200maxresident)k
24inputs+1962outputs (97major+193223minor)pagefaults 0swaps
(cd common && make  prefix=/home/staff/computing/beebe/i386/local FWARN="" FOPT="-O" all )
g77 -g -O2 -O     -c -o d2norm.o d2norm.f
g77 -g -O2 -O     -c -o dcopy.o dcopy.f
g77 -g -O2 -O     -c -o deps.o deps.f
g77 -g -O2 -O     -c -o derbit.o derbit.f
g77 -g -O2 -O     -c -o dfloat.o dfloat.f
g77 -g -O2 -O     -c -o dfpmax.o dfpmax.f
g77 -g -O2 -O     -c -o dgamma.o dgamma.f
g77 -g -O2 -O     -c -o dinf.o dinf.f
g77 -g -O2 -O     -c -o diran.o diran.f
g77 -g -O2 -O     -c -o dlgam.o dlgam.f
g77 -g -O2 -O     -c -o dlog2.o dlog2.f
g77 -g -O2 -O     -c -o dnan.o dnan.f
g77 -g -O2 -O     -c -o dpsi.o dpsi.f
g77 -g -O2 -O     -c -o dpsiln.o dpsiln.f
g77 -g -O2 -O     -c -o dran.o dran.f
g77 -g -O2 -O     -c -o dstore.o dstore.f
g77 -g -O2 -O     -c -o dstorf.o dstorf.f
g77 -g -O2 -O     -c -o dvsum.o dvsum.f
g77 -g -O2 -O     -c -o ffalse.o ffalse.f
g77 -g -O2 -O     -c -o ftrue.o ftrue.f
g77 -g -O2 -O     -c -o getnan.o getnan.f
g77 -g -O2 -O     -c -o idceil.o idceil.f
g77 -g -O2 -O     -c -o isdinf.o isdinf.f
g77 -g -O2 -O     -c -o isdnan.o isdnan.f
g77 -g -O2 -O     -c -o pythag.o pythag.f
g77 -g -O2 -O     -c -o tql1.o tql1.f
ar -r ../libgjl.a d2norm.o dcopy.o deps.o derbit.o dfloat.o dfpmax.o dgamma.o dinf.o diran.o dlgam.o dlog2.o dnan.o dpsi.o dpsiln.o dran.o dstore.o dstorf.o dvsum.o ffalse.o ftrue.o getnan.o idceil.o isdinf.o isdnan.o pythag.o tql1.o
ranlib ../libgjl.a || true
g77 -g -O2 -O     -c -o aeps.o aeps.f
g77 -g -O2 -O     -c -o afpmax.o afpmax.f
g77 -g -O2 -O     -c -o ainf.o ainf.f
g77 -g -O2 -O     -c -o airan.o airan.f
g77 -g -O2 -O     -c -o algam.o algam.f
g77 -g -O2 -O     -c -o alog2.o alog2.f
g77 -g -O2 -O     -c -o anan.o anan.f
g77 -g -O2 -O     -c -o astore.o astore.f
g77 -g -O2 -O     -c -o astorf.o astorf.f
g77 -g -O2 -O     -c -o avsum.o avsum.f
g77 -g -O2 -O     -c -o gamma.o gamma.f
g77 -g -O2 -O     -c -o iceil.o iceil.f
g77 -g -O2 -O     -c -o isainf.o isainf.f
g77 -g -O2 -O     -c -o isanan.o isanan.f
g77 -g -O2 -O     -c -o psi.o psi.f
g77 -g -O2 -O     -c -o psiln.o psiln.f
g77 -g -O2 -O     -c -o ran.o ran.f
ar -r ../libgjl.a aeps.o afpmax.o ainf.o airan.o algam.o alog2.o anan.o astore.o astorf.o avsum.o gamma.o iceil.o isainf.o isanan.o psi.o psiln.o ran.o
ranlib ../libgjl.a || true
for subdir in man gampsi jacobi laguerre common ; do echo ============================== Making all in $subdir ; ( cd $subdir && make  prefix=/home/staff/computing/beebe/i386/local FWARN="" FOPT="-O" all ) ; done
============================== Making all in man
============================== Making all in gampsi
(cd ../common; make lib-dp)
ar -r ../libgjl.a d2norm.o dcopy.o deps.o derbit.o dfloat.o dfpmax.o dgamma.o dinf.o diran.o dlgam.o dlog2.o dnan.o dpsi.o dpsiln.o dran.o dstore.o dstorf.o dvsum.o ffalse.o ftrue.o getnan.o idceil.o isdinf.o isdnan.o pythag.o tql1.o
ranlib ../libgjl.a || true
g77 -g -O2 -O -I../common   -c -o tdgen.o tdgen.f
g77 -g -O2 -O -I../common   -c -o funhdr.o funhdr.f
g77 -g -O2 -O -I../common   -c -o dgen.o dgen.f
g77 -g -O2 -O -I../common   -o tdgen tdgen.o funhdr.o dgen.o ../common/dfloat.o ../common/dinf.o ../common/diran.o ../common/dnan.o ../common/dran.o ../common/dstorf.o ../common/idceil.o ../common/isdnan.o ../common/dgamma.o ../common/dlgam.o ../common/dpsi.o ../common/dpsiln.o 
/home/staff/computing/beebe/i386/local/lib/gcc-lib/i386-unknown-freebsdelf/2.95.3/libg2c.a(open.o): In function `f_open':
open.o(.text+0x4c4): warning: tempnam() possibly used unsafely; consider using mkstemp()
(cd ../common; make lib-sp)
ar -r ../libgjl.a aeps.o afpmax.o ainf.o airan.o algam.o alog2.o anan.o astore.o astorf.o avsum.o gamma.o iceil.o isainf.o isanan.o psi.o psiln.o ran.o
ranlib ../libgjl.a || true
g77 -g -O2 -O -I../common   -c -o tagen.o tagen.f
g77 -g -O2 -O -I../common   -c -o agen.o agen.f
g77 -g -O2 -O -I../common   -o tagen tagen.o funhdr.o agen.o ../common/ainf.o ../common/airan.o ../common/anan.o ../common/astorf.o ../common/iceil.o ../common/isanan.o ../common/ran.o ../common/algam.o ../common/dfloat.o ../common/gamma.o ../common/idceil.o ../common/psi.o ../common/psiln.o 
/home/staff/computing/beebe/i386/local/lib/gcc-lib/i386-unknown-freebsdelf/2.95.3/libg2c.a(open.o): In function `f_open':
open.o(.text+0x4c4): warning: tempnam() possibly used unsafely; consider using mkstemp()
============================== Making all in jacobi
g77 -g -O2 -O -I../common   -c -o gjqf.o gjqf.f
g77 -g -O2 -O -I../common   -c -o gjqfd.o gjqfd.f
g77 -g -O2 -O -I../common   -c -o gjqli.o gjqli.f
g77 -g -O2 -O -I../common   -c -o gjqrc.o gjqrc.f
(cd ../common; make lib-dp)
ar -r ../libgjl.a d2norm.o dcopy.o deps.o derbit.o dfloat.o dfpmax.o dgamma.o dinf.o diran.o dlgam.o dlog2.o dnan.o dpsi.o dpsiln.o dran.o dstore.o dstorf.o dvsum.o ffalse.o ftrue.o getnan.o idceil.o isdinf.o isdnan.o pythag.o tql1.o
ranlib ../libgjl.a || true
ar -r ../libgjl.a gjqf.o gjqfd.o gjqli.o gjqrc.o
ranlib ../libgjl.a || true
g77 -g -O2 -O -I../common   -c -o tgjf1.o tgjf1.f
g77 -g -O2 -O -I../common   -c -o ../common/prthdr.o ../common/prthdr.f
g77 -g -O2 -O -I../common   -c -o ../common/trapit.o ../common/trapit.f
g77 -g -O2 -O -I../common   -o tgjf1 tgjf1.o gjqf.o gjqli.o gjqrc.o gjqfd.o ../common/d2norm.o ../common/dcopy.o ../common/deps.o ../common/derbit.o ../common/dfloat.o ../common/dgamma.o ../common/dinf.o ../common/dlog2.o ../common/dnan.o ../common/dpsi.o ../common/dstore.o ../common/dstorf.o ../common/dvsum.o ../common/isdnan.o ../common/prthdr.o ../common/pythag.o ../common/tql1.o ../common/trapit.o ../libgjl.a
/home/staff/computing/beebe/i386/local/lib/gcc-lib/i386-unknown-freebsdelf/2.95.3/libg2c.a(open.o): In function `f_open':
open.o(.text+0x4c4): warning: tempnam() possibly used unsafely; consider using mkstemp()
g77 -g -O2 -O -I../common   -c -o tgjf2.o tgjf2.f
g77 -g -O2 -O -I../common   -o tgjf2 tgjf2.o gjqf.o gjqli.o gjqrc.o gjqfd.o ../common/d2norm.o ../common/dcopy.o ../common/deps.o ../common/derbit.o ../common/dfloat.o ../common/dgamma.o ../common/dinf.o ../common/dlog2.o ../common/dnan.o ../common/dpsi.o ../common/dstore.o ../common/dstorf.o ../common/dvsum.o ../common/isdnan.o ../common/prthdr.o ../common/pythag.o ../common/tql1.o ../common/trapit.o ../libgjl.a
/home/staff/computing/beebe/i386/local/lib/gcc-lib/i386-unknown-freebsdelf/2.95.3/libg2c.a(open.o): In function `f_open':
open.o(.text+0x4c4): warning: tempnam() possibly used unsafely; consider using mkstemp()
g77 -g -O2 -O -I../common   -c -o tgjfd1.o tgjfd1.f
g77 -g -O2 -O -I../common   -o tgjfd1 tgjfd1.o gjqfd.o ../common/d2norm.o ../common/dcopy.o ../common/deps.o ../common/derbit.o ../common/dfloat.o ../common/dgamma.o ../common/dinf.o ../common/dlog2.o ../common/dnan.o ../common/dpsi.o ../common/dstore.o ../common/dstorf.o ../common/dvsum.o ../common/isdnan.o ../common/prthdr.o ../common/pythag.o ../common/tql1.o ../common/trapit.o ../libgjl.a
/home/staff/computing/beebe/i386/local/lib/gcc-lib/i386-unknown-freebsdelf/2.95.3/libg2c.a(open.o): In function `f_open':
open.o(.text+0x4c4): warning: tempnam() possibly used unsafely; consider using mkstemp()
g77 -g -O2 -O -I../common   -c -o tgjfd2.o tgjfd2.f
g77 -g -O2 -O -I../common   -o tgjfd2 tgjfd2.o gjqfd.o ../common/d2norm.o ../common/dcopy.o ../common/deps.o ../common/derbit.o ../common/dfloat.o ../common/dgamma.o ../common/dinf.o ../common/dlog2.o ../common/dnan.o ../common/dpsi.o ../common/dstore.o ../common/dstorf.o ../common/dvsum.o ../common/isdnan.o ../common/prthdr.o ../common/pythag.o ../common/tql1.o ../common/trapit.o ../libgjl.a
/home/staff/computing/beebe/i386/local/lib/gcc-lib/i386-unknown-freebsdelf/2.95.3/libg2c.a(open.o): In function `f_open':
open.o(.text+0x4c4): warning: tempnam() possibly used unsafely; consider using mkstemp()
============================== Making all in laguerre
g77 -g -O2 -O -I../common   -c -o glqf.o glqf.f
g77 -g -O2 -O -I../common   -c -o glqfd.o glqfd.f
g77 -g -O2 -O -I../common   -c -o glqli.o glqli.f
g77 -g -O2 -O -I../common   -c -o glqrc.o glqrc.f
(cd ../common; make lib-dp)
ar -r ../libgjl.a d2norm.o dcopy.o deps.o derbit.o dfloat.o dfpmax.o dgamma.o dinf.o diran.o dlgam.o dlog2.o dnan.o dpsi.o dpsiln.o dran.o dstore.o dstorf.o dvsum.o ffalse.o ftrue.o getnan.o idceil.o isdinf.o isdnan.o pythag.o tql1.o
ranlib ../libgjl.a || true
ar -r ../libgjl.a glqf.o glqfd.o glqli.o glqrc.o
ranlib ../libgjl.a || true
g77 -g -O2 -O -I../common   -c -o tglf1.o tglf1.f
g77 -g -O2 -O -I../common   -o tglf1 tglf1.o glqf.o glqli.o glqfd.o glqrc.o ../common/prthdr.o ../common/d2norm.o ../common/dcopy.o ../common/deps.o ../common/derbit.o ../common/dfloat.o ../common/dgamma.o ../common/dinf.o ../common/dlog2.o ../common/dnan.o ../common/dpsi.o ../common/dstore.o ../common/dstorf.o ../common/dvsum.o ../common/isdnan.o ../common/pythag.o ../common/tql1.o ../common/trapit.o
/home/staff/computing/beebe/i386/local/lib/gcc-lib/i386-unknown-freebsdelf/2.95.3/libg2c.a(open.o): In function `f_open':
open.o(.text+0x4c4): warning: tempnam() possibly used unsafely; consider using mkstemp()
g77 -g -O2 -O -I../common   -c -o tglf2.o tglf2.f
g77 -g -O2 -O -I../common   -o tglf2 tglf2.o glqf.o glqli.o glqfd.o glqrc.o ../common/prthdr.o ../common/d2norm.o ../common/dcopy.o ../common/deps.o ../common/derbit.o ../common/dfloat.o ../common/dgamma.o ../common/dinf.o ../common/dlog2.o ../common/dnan.o ../common/dpsi.o ../common/dstore.o ../common/dstorf.o ../common/dvsum.o ../common/isdnan.o ../common/pythag.o ../common/tql1.o ../common/trapit.o
/home/staff/computing/beebe/i386/local/lib/gcc-lib/i386-unknown-freebsdelf/2.95.3/libg2c.a(open.o): In function `f_open':
open.o(.text+0x4c4): warning: tempnam() possibly used unsafely; consider using mkstemp()
g77 -g -O2 -O -I../common   -c -o tglf3.o tglf3.f
g77 -g -O2 -O -I../common   -o tglf3 tglf3.o glqf.o glqli.o glqfd.o glqrc.o ../common/prthdr.o ../common/d2norm.o ../common/dcopy.o ../common/deps.o ../common/derbit.o ../common/dfloat.o ../common/dgamma.o ../common/dinf.o ../common/dlog2.o ../common/dnan.o ../common/dpsi.o ../common/dstore.o ../common/dstorf.o ../common/dvsum.o ../common/isdnan.o ../common/pythag.o ../common/tql1.o ../common/trapit.o
/home/staff/computing/beebe/i386/local/lib/gcc-lib/i386-unknown-freebsdelf/2.95.3/libg2c.a(open.o): In function `f_open':
open.o(.text+0x4c4): warning: tempnam() possibly used unsafely; consider using mkstemp()
g77 -g -O2 -O -I../common   -c -o tglf4.o tglf4.f
g77 -g -O2 -O -I../common   -o tglf4 tglf4.o glqf.o glqli.o glqfd.o glqrc.o ../common/prthdr.o ../common/d2norm.o ../common/dcopy.o ../common/deps.o ../common/derbit.o ../common/dfloat.o ../common/dgamma.o ../common/dinf.o ../common/dlog2.o ../common/dnan.o ../common/dpsi.o ../common/dstore.o ../common/dstorf.o ../common/dvsum.o ../common/isdnan.o ../common/pythag.o ../common/tql1.o ../common/trapit.o
/home/staff/computing/beebe/i386/local/lib/gcc-lib/i386-unknown-freebsdelf/2.95.3/libg2c.a(open.o): In function `f_open':
open.o(.text+0x4c4): warning: tempnam() possibly used unsafely; consider using mkstemp()
g77 -g -O2 -O -I../common   -c -o tglf5.o tglf5.f
g77 -g -O2 -O -I../common   -o tglf5 tglf5.o glqf.o glqli.o glqfd.o glqrc.o ../common/prthdr.o ../common/d2norm.o ../common/dcopy.o ../common/deps.o ../common/derbit.o ../common/dfloat.o ../common/dgamma.o ../common/dinf.o ../common/dlog2.o ../common/dnan.o ../common/dpsi.o ../common/dstore.o ../common/dstorf.o ../common/dvsum.o ../common/isdnan.o ../common/pythag.o ../common/tql1.o ../common/trapit.o
/home/staff/computing/beebe/i386/local/lib/gcc-lib/i386-unknown-freebsdelf/2.95.3/libg2c.a(open.o): In function `f_open':
open.o(.text+0x4c4): warning: tempnam() possibly used unsafely; consider using mkstemp()
g77 -g -O2 -O -I../common   -c -o tglf6.o tglf6.f
g77 -g -O2 -O -I../common   -o tglf6 tglf6.o glqf.o glqli.o glqfd.o glqrc.o ../common/prthdr.o ../common/d2norm.o ../common/dcopy.o ../common/deps.o ../common/derbit.o ../common/dfloat.o ../common/dgamma.o ../common/dinf.o ../common/dlog2.o ../common/dnan.o ../common/dpsi.o ../common/dstore.o ../common/dstorf.o ../common/dvsum.o ../common/isdnan.o ../common/pythag.o ../common/tql1.o ../common/trapit.o
/home/staff/computing/beebe/i386/local/lib/gcc-lib/i386-unknown-freebsdelf/2.95.3/libg2c.a(open.o): In function `f_open':
open.o(.text+0x4c4): warning: tempnam() possibly used unsafely; consider using mkstemp()
g77 -g -O2 -O -I../common   -c -o tglfd1.o tglfd1.f
g77 -g -O2 -O -I../common   -o tglfd1 tglfd1.o glqli.o glqfd.o glqrc.o ../common/prthdr.o ../common/d2norm.o ../common/dcopy.o ../common/deps.o ../common/derbit.o ../common/dfloat.o ../common/dgamma.o ../common/dinf.o ../common/dlog2.o ../common/dnan.o ../common/dpsi.o ../common/dstore.o ../common/dstorf.o ../common/dvsum.o ../common/isdnan.o ../common/pythag.o ../common/tql1.o ../common/trapit.o
/home/staff/computing/beebe/i386/local/lib/gcc-lib/i386-unknown-freebsdelf/2.95.3/libg2c.a(open.o): In function `f_open':
open.o(.text+0x4c4): warning: tempnam() possibly used unsafely; consider using mkstemp()
g77 -g -O2 -O -I../common   -c -o tglfd2.o tglfd2.f
g77 -g -O2 -O -I../common   -o tglfd2 tglfd2.o glqli.o glqfd.o glqrc.o ../common/prthdr.o ../common/d2norm.o ../common/dcopy.o ../common/deps.o ../common/derbit.o ../common/dfloat.o ../common/dgamma.o ../common/dinf.o ../common/dlog2.o ../common/dnan.o ../common/dpsi.o ../common/dstore.o ../common/dstorf.o ../common/dvsum.o ../common/isdnan.o ../common/pythag.o ../common/tql1.o ../common/trapit.o
/home/staff/computing/beebe/i386/local/lib/gcc-lib/i386-unknown-freebsdelf/2.95.3/libg2c.a(open.o): In function `f_open':
open.o(.text+0x4c4): warning: tempnam() possibly used unsafely; consider using mkstemp()
g77 -g -O2 -O -I../common   -c -o tglfd3.o tglfd3.f
g77 -g -O2 -O -I../common   -o tglfd3 tglfd3.o glqli.o glqfd.o glqrc.o ../common/prthdr.o ../common/d2norm.o ../common/dcopy.o ../common/deps.o ../common/derbit.o ../common/dfloat.o ../common/dgamma.o ../common/dinf.o ../common/dlog2.o ../common/dnan.o ../common/dpsi.o ../common/dstore.o ../common/dstorf.o ../common/dvsum.o ../common/isdnan.o ../common/pythag.o ../common/tql1.o ../common/trapit.o
/home/staff/computing/beebe/i386/local/lib/gcc-lib/i386-unknown-freebsdelf/2.95.3/libg2c.a(open.o): In function `f_open':
open.o(.text+0x4c4): warning: tempnam() possibly used unsafely; consider using mkstemp()
g77 -g -O2 -O -I../common   -c -o tglfd4.o tglfd4.f
g77 -g -O2 -O -I../common   -o tglfd4 tglfd4.o glqli.o glqfd.o glqrc.o ../common/prthdr.o ../common/d2norm.o ../common/dcopy.o ../common/deps.o ../common/derbit.o ../common/dfloat.o ../common/dgamma.o ../common/dinf.o ../common/dlog2.o ../common/dnan.o ../common/dpsi.o ../common/dstore.o ../common/dstorf.o ../common/dvsum.o ../common/isdnan.o ../common/pythag.o ../common/tql1.o ../common/trapit.o
/home/staff/computing/beebe/i386/local/lib/gcc-lib/i386-unknown-freebsdelf/2.95.3/libg2c.a(open.o): In function `f_open':
open.o(.text+0x4c4): warning: tempnam() possibly used unsafely; consider using mkstemp()
g77 -g -O2 -O -I../common   -c -o tglfd5.o tglfd5.f
g77 -g -O2 -O -I../common   -o tglfd5 tglfd5.o glqli.o glqfd.o glqrc.o ../common/prthdr.o ../common/d2norm.o ../common/dcopy.o ../common/deps.o ../common/derbit.o ../common/dfloat.o ../common/dgamma.o ../common/dinf.o ../common/dlog2.o ../common/dnan.o ../common/dpsi.o ../common/dstore.o ../common/dstorf.o ../common/dvsum.o ../common/isdnan.o ../common/pythag.o ../common/tql1.o ../common/trapit.o
/home/staff/computing/beebe/i386/local/lib/gcc-lib/i386-unknown-freebsdelf/2.95.3/libg2c.a(open.o): In function `f_open':
open.o(.text+0x4c4): warning: tempnam() possibly used unsafely; consider using mkstemp()
g77 -g -O2 -O -I../common   -c -o tglfd6.o tglfd6.f
g77 -g -O2 -O -I../common   -o tglfd6 tglfd6.o glqli.o glqfd.o glqrc.o ../common/prthdr.o ../common/d2norm.o ../common/dcopy.o ../common/deps.o ../common/derbit.o ../common/dfloat.o ../common/dgamma.o ../common/dinf.o ../common/dlog2.o ../common/dnan.o ../common/dpsi.o ../common/dstore.o ../common/dstorf.o ../common/dvsum.o ../common/isdnan.o ../common/pythag.o ../common/tql1.o ../common/trapit.o
/home/staff/computing/beebe/i386/local/lib/gcc-lib/i386-unknown-freebsdelf/2.95.3/libg2c.a(open.o): In function `f_open':
open.o(.text+0x4c4): warning: tempnam() possibly used unsafely; consider using mkstemp()
============================== Making all in common
ar -r ../libgjl.a d2norm.o dcopy.o deps.o derbit.o dfloat.o dfpmax.o dgamma.o dinf.o diran.o dlgam.o dlog2.o dnan.o dpsi.o dpsiln.o dran.o dstore.o dstorf.o dvsum.o ffalse.o ftrue.o getnan.o idceil.o isdinf.o isdnan.o pythag.o tql1.o
ranlib ../libgjl.a || true
ar -r ../libgjl.a aeps.o afpmax.o ainf.o airan.o algam.o alog2.o anan.o astore.o astorf.o avsum.o gamma.o iceil.o isainf.o isanan.o psi.o psiln.o ran.o
ranlib ../libgjl.a || true
4.280u 1.551s 0:28.66 20.3%	1667+785k 13+931io 16pf+0w
for subdir in man gampsi jacobi laguerre common ; do echo ============================== Making check-dp in $subdir ; ( cd $subdir && make  prefix=/home/staff/computing/beebe/i386/local FWARN="" FOPT="-O" check-dp ) ; done
============================== Making check-dp in man
There is no validation suite in this directory
============================== Making check-dp in gampsi
========================================================================
WARNING: This seems to be the slim package distribution without the
extensive validation suite. You must test the package on your own!
========================================================================
============================== Making check-dp in jacobi
(cd ../common; make lib-dp)
ar -r ../libgjl.a d2norm.o dcopy.o deps.o derbit.o dfloat.o dfpmax.o dgamma.o dinf.o diran.o dlgam.o dlog2.o dnan.o dpsi.o dpsiln.o dran.o dstore.o dstorf.o dvsum.o ffalse.o ftrue.o getnan.o idceil.o isdinf.o isdnan.o pythag.o tql1.o
ranlib ../libgjl.a || true
ar -r ../libgjl.a gjqf.o gjqfd.o gjqli.o gjqrc.o
ranlib ../libgjl.a || true
========================================================================
WARNING: This seems to be the slim package distribution without the
extensive validation suite: running the quick demos instead.
========================================================================
========================================================================
The demonstration programs demgjq and demqgjq read a single free-format
line of data on standard input with the four numeric values

        alpha beta nquad pmax

where

        alpha = power of (1-x) in Jacobi weight function
        beta  = power of (1+x) in Jacobi weight function
        nquad = quadrature order
        pmax  = maximum power of (1-x) in test function

In the demonstration targets, these values are supplied by a simple
echo command embedded in the Makefile.  Results are written to standard
output.
========================================================================
(cd ../common; make lib-dp)
ar -r ../libgjl.a d2norm.o dcopy.o deps.o derbit.o dfloat.o dfpmax.o dgamma.o dinf.o diran.o dlgam.o dlog2.o dnan.o dpsi.o dpsiln.o dran.o dstore.o dstorf.o dvsum.o ffalse.o ftrue.o getnan.o idceil.o isdinf.o isdnan.o pythag.o tql1.o
ranlib ../libgjl.a || true
ar -r ../libgjl.a gjqf.o gjqfd.o gjqli.o gjqrc.o
ranlib ../libgjl.a || true
g77 -g -O2 -O -I../common   -c -o demgjq.o demgjq.f
g77 -g -O2 -O -I../common   -o demgjq demgjq.o -Wl,-rpath,/usr/local/lib ../libgjl.a
/home/staff/computing/beebe/i386/local/lib/gcc-lib/i386-unknown-freebsdelf/2.95.3/libg2c.a(open.o): In function `f_open':
open.o(.text+0x4c4): warning: tempnam() possibly used unsafely; consider using mkstemp()

This output file should closely match results in Table 2 of the paper
Efficient High-Accuracy Quadrature for Two Classes of Logarithmic
Weight Functions

echo -0.9375 -0.9375 20 40 | ./demgjq > test/demgjq.out 2>/dev/null
-rw-rw-r--  1 beebe wheel 28900 Mar 21 11:04 test/demgjq.out

Correct output from the development site is available here:

-r--r--r--  1 beebe wheel 28900 Nov 12 13:59 test/okay/demgjq.out


This output file must reproduce the Gauss-Legendre n=96 section
of Table 25.4 of Abramowitz and Stegen, Handbook of Mathematical
Functions, NBS #55, p. 919

echo 0 0 96 0 | ./demgjq > test/demgjq.nbs 2>/dev/null
-rw-rw-r--  1 beebe wheel 43329 Mar 21 11:04 test/demgjq.nbs

Correct output from the development site is available here:

-r--r--r--  1 beebe wheel 43329 Dec  4 17:48 test/okay/demgjq.nbs


The final tables in these output files must reproduce the values in the
literature citations therein:

echo 0 -0.5 99 0 | ./demgjq > test/demgjq.ls1 2>/dev/null
echo 0  0.0 99 0 | ./demgjq > test/demgjq.ls2 2>/dev/null
echo 0 +0.5 99 0 | ./demgjq > test/demgjq.ls3 2>/dev/null
echo -0.5 -0.5 1 0 | ./demgjq > test/demgjq.ls4 2>/dev/null
echo +0.5 +0.5 1 0 | ./demgjq > test/demgjq.ls5 2>/dev/null
echo +1.0 +1.0 1 0 | ./demgjq > test/demgjq.ls6 2>/dev/null
echo +1.5 +1.5 1 0 | ./demgjq > test/demgjq.ls7 2>/dev/null

-rw-rw-r--  1 beebe wheel 44586 Mar 21 11:04 test/demgjq.ls1
-rw-rw-r--  1 beebe wheel 44586 Mar 21 11:04 test/demgjq.ls2
-rw-rw-r--  1 beebe wheel 44586 Mar 21 11:04 test/demgjq.ls3
-rw-rw-r--  1 beebe wheel 20618 Mar 21 11:04 test/demgjq.ls4
-rw-rw-r--  1 beebe wheel 20618 Mar 21 11:04 test/demgjq.ls5
-rw-rw-r--  1 beebe wheel 20618 Mar 21 11:04 test/demgjq.ls6
-rw-rw-r--  1 beebe wheel 20618 Mar 21 11:04 test/demgjq.ls7

Correct output from the development site is available here:

-r--r--r--  1 beebe wheel 44586 Dec  4 17:47 test/okay/demgjq.ls1
-r--r--r--  1 beebe wheel 44586 Dec  4 17:47 test/okay/demgjq.ls2
-r--r--r--  1 beebe wheel 44586 Dec  4 17:47 test/okay/demgjq.ls3
-r--r--r--  1 beebe wheel 20617 Dec 11 15:52 test/okay/demgjq.ls4
-r--r--r--  1 beebe wheel 20617 Dec 11 15:52 test/okay/demgjq.ls5
-r--r--r--  1 beebe wheel 20617 Dec 11 15:52 test/okay/demgjq.ls6
-r--r--r--  1 beebe wheel 20617 Dec 11 15:52 test/okay/demgjq.ls7

============================== Making check-dp in laguerre
(cd ../common; make lib-dp)
ar -r ../libgjl.a d2norm.o dcopy.o deps.o derbit.o dfloat.o dfpmax.o dgamma.o dinf.o diran.o dlgam.o dlog2.o dnan.o dpsi.o dpsiln.o dran.o dstore.o dstorf.o dvsum.o ffalse.o ftrue.o getnan.o idceil.o isdinf.o isdnan.o pythag.o tql1.o
ranlib ../libgjl.a || true
ar -r ../libgjl.a glqf.o glqfd.o glqli.o glqrc.o
ranlib ../libgjl.a || true
========================================================================
WARNING: This seems to be the slim package distribution without the
extensive validation suite: running the quick demos instead.
========================================================================
========================================================================
The demonstration programs demglq and demqglq read a single free-format
line of data on standard input with the three numeric values

        alpha nquad pmax

where

        alpha = power of x in Laguerre weight function
        nquad = quadrature order
        pmax  = maximum power of x in test function

In the demonstration targets, these values are supplied by a simple
echo command embedded in the Makefile.  Results are written to standard
output.
========================================================================
(cd ../common; make lib-dp)
ar -r ../libgjl.a d2norm.o dcopy.o deps.o derbit.o dfloat.o dfpmax.o dgamma.o dinf.o diran.o dlgam.o dlog2.o dnan.o dpsi.o dpsiln.o dran.o dstore.o dstorf.o dvsum.o ffalse.o ftrue.o getnan.o idceil.o isdinf.o isdnan.o pythag.o tql1.o
ranlib ../libgjl.a || true
ar -r ../libgjl.a glqf.o glqfd.o glqli.o glqrc.o
ranlib ../libgjl.a || true
g77 -g -O2 -O -I../common   -c -o demglq.o demglq.f
g77 -g -O2 -O -I../common   -o demglq demglq.o -Wl,-rpath,/usr/local/lib ../libgjl.a
/home/staff/computing/beebe/i386/local/lib/gcc-lib/i386-unknown-freebsdelf/2.95.3/libg2c.a(open.o): In function `f_open':
open.o(.text+0x4c4): warning: tempnam() possibly used unsafely; consider using mkstemp()

This output file should closely match results in Table 1 of the paper
Efficient High-Accuracy Quadrature for Two Classes of Logarithmic
Weight Functions

echo -0.9375 20 40 | ./demglq > test/demglq.out
-rw-rw-r--  1 beebe wheel 29360 Mar 21 11:04 test/demglq.out

Correct output from the development site is available here:

-r--r--r--  1 beebe wheel 29360 Nov 12 13:51 test/okay/demglq.out


This output file must reproduce the Gauss-Laguerre n=15 section
of Table 25.9 of Abramowitz and Stegen, Handbook of Mathematical
Functions, NBS #55, p. 923

echo 0 15 0 | ./demglq > test/demglq.nbs
-rw-rw-r--  1 beebe wheel 82846 Mar 21 11:04 test/demglq.nbs

Correct output from the development site is available here:

-r--r--r--  1 beebe wheel 82846 Dec 11 16:00 test/okay/demglq.nbs

============================== Making check-dp in common
ar -r ../libgjl.a d2norm.o dcopy.o deps.o derbit.o dfloat.o dfpmax.o dgamma.o dinf.o diran.o dlgam.o dlog2.o dnan.o dpsi.o dpsiln.o dran.o dstore.o dstorf.o dvsum.o ffalse.o ftrue.o getnan.o idceil.o isdinf.o isdnan.o pythag.o tql1.o
ranlib ../libgjl.a || true
ar -r ../libgjl.a aeps.o afpmax.o ainf.o airan.o algam.o alog2.o anan.o astore.o astorf.o avsum.o gamma.o iceil.o isainf.o isanan.o psi.o psiln.o ran.o
ranlib ../libgjl.a || true
There is no validation suite in this directory
1.279u 0.548s 0:08.26 21.9%	1020+921k 3+272io 0pf+0w
============================================================
Disk free report for /home/staff/computing/beebe/i386/build/g77/quadlog-gampsi-slim:
			Filesystem           1K-blocks      Used Available Use% Mounted on
			/dev/da20s1c           2031922   1656161    213208  89% /export/staff/computing/beebe
Remote date:            2004.03.21.11.04.30
============================================================
