============================================================
/usr/local/bin/.: Permission denied.
Machinetype:            Sun Sun Blade 2000 (1015 MHz);  Solaris 2.9
System status:           10:54am  up 20 day(s),  5:10,  10 users,  load average: 1.44, 0.41, 0.25
Remote c89 version:     cc: Sun C 5.5 Patch 112760-01 2003/05/18
Remote cc version:      cc: Sun C 5.5 Patch 112760-01 2003/05/18
Remote CC version:      CC: Sun C++ 5.5 Patch 113817-01 2003/05/18
Remote lcc version:     lcc version 4.1.beta.9 [11-May-2001]
Package:                quadlog-gampsi-slim
Archive:                /u/sy/beebe/build//quadlog-gampsi-slim.tar.gz
Date:                   2004.03.21.10.53.53
Local user:             beebe
Local host:             ibapah.math.utah.edu
Local log directory:    /u/sy/beebe/build/logs/quadlog-gampsi-slim
Local log file:         quadlog-gampsi-slim.psi.math.utah.edu.2004.03.21.10.53.53.log
Remote user:            beebe
Remote host:            psi.math.utah.edu
Remote directory:       /local/build/f95
Remote date:            2004.03.21.10.54.07
Remote uname:           SunOS psi.math.utah.edu 5.9 Generic_112233-08 sun4u sparc SUNW,Sun-Blade-1000 Solaris
Remote gcc version:     gcc (GCC) 3.3
Remote g++ version:     g++ (GCC) 3.3
Remote gcc3 version:    gcc3: Command not found.
Remote g++3 version:    g++3: Command not found.
Configure environment:  CC=cc CFLAGS=-I/usr/local/include CXX=CC CXXFLAGS=-I/usr/local/include FC=f95 F77=f95 LDFLAGS="-R/usr/local/lib -L/usr/local/lib" 
Extra environment:      
Configure flags:        
Make all targets:       
Make check targets:     check
Disk free report for /local/build/f95:
			Filesystem           1K-blocks      Used Available Use% Mounted on
			/dev/dsk/c0t1d0s0     68522650  24187593  43649831  36% /
Environment:
			DISPLAY=localhost:102.0
			DVIPSHEADERS=.:/usr/local/lib/tex/ps:/usr/local/lib/tex/fonts/ps:/usr/local/lib/tex/fonts/vf:/usr/local/lib/tex/fonts/old/vf:/usr/local/lib/tex/fonts/postscript/cmpsfont/pfb
			GROUP=staff
			GUIDEHOME=/opt/SUNWguide
			HELPPATH=/usr/openwin/lib/locale:/usr/openwin/lib/help:/usr/local/lib/help
			HOME=/u/sy/beebe
			HOST=psi.math.utah.edu
			HOSTALIAS=psi
			HOSTTYPE=sun4
			INDOMAIN=math.utah.edu
			INFO=/usr/local/plot79
			LD_LIBRARY_PATH=/usr/dt/lib:/usr/openwin/lib:/usr/local/lib:/usr/local/X11R5/lib:/usr/local/lib/X11
			LOGNAME=beebe
			MACHTYPE=sparc
			MAIL=/var/mail//beebe
			MANPATH=/usr/share/man:/usr/openwin/share/man:/opt/SUNWspro/FileMerge/man:/opt/SUNWspro/man:/opt/SUNWspro/swmgr/man:/usr/local/man:/usr/local/X11R5/man
			MFINPUTS=.:/usr/local/lib/mf/macros:/usr/local/lib/mf/cm:/usr/local/lib/mf
			MOTIFHOME=/usr/dt
			NCARG_ROOT=/usr/local/ncar
			OPENWINHOME=/usr/openwin
			OSTYPE=solaris
			PATH=/usr/local/bin:/usr/local/sbin:/bin:/usr/ccs/bin:/opt/SUNWspro/bin:/u/sy/beebe/bin/sun4:/usr/local/share/bin:/usr/local/bin/X11:/usr/local/mpi/bin:/usr/local/pbmplus:/usr/openwin/bin:/usr/dt/bin:/usr/local/plot79:/usr/local/X11R5/bin:/usr/ucb:/usr/sbin:/sbin:/usr/local/ashare/bmdp/bin:/usr/java/bin:/usr/local/java/bin:/usr/local/hotjava/bin:/usr/local/etc:/etc:.:/u/sy/beebe/tex/bib:/usr/local/gnat/bin:/usr/proc/bin:/usr/local/ora/bin
			PLT=/usr/local/plot79
			PVM_ROOT=/usr/local/pvm3
			PWD=/u/sy/beebe
			SHELL=/usr/local/bin/tcsh
			SHLVL=1
			SSH_CLIENT=155.101.96.157 35381 22
			SSH_CONNECTION=155.101.96.157 35381 128.110.198.32 22
			TERM=unknown
			TEXCONFIG=.:/usr/local/lib/tex/ps:/usr/local/lib/tex/fonts/vf:/usr/local/lib/tex/fonts/old/vf
			TEXFONTS=/usr/local/lib/tex/fonts/cm/600dpi:/usr/local/lib/tex/fonts/cm/tfms:/usr/local/lib/tex/ams/amspsfnt/tfms:/usr/local/lib/tex/ams/amspsfnt/pfb:/usr/local/lib/tex/ams/amsfonts/pk-files/600dpi:/usr/local/lib/tex/ams/amsfonts/pk-files/300dpi:/usr/local/lib/tex/fonts/pandora/600dpi:/usr/local/lib/tex/fonts/pandora/tfms:/usr/local/lib/tex/fonts/concrete/600dpi:/usr/local/lib/tex/fonts/concrete/tfms:/usr/local/lib/tex/fonts/greek:/usr/local/lib/tex/lamstex/mf:/usr/local/lib/tex/fonts/pk/tfms:/usr/local/lib/tex/fonts/pk/600dpi:/usr/local/lib/tex/fonts/pk/300dpi:/usr/local/lib/tex/fonts/ps:/usr/local/lib/tex/latex2e/fonts:/usr/local/lib/tex/fonts/vf:/usr/local/lib/tex/fonts/old/vf:/usr/local/lib/tex/musictex/pk/600dpi:/usr/local/lib/tex/musictex/pk/tfms:/usr/local/lib/tex/fonts/cmcyr/600dpi:/usr/local/lib/tex/fonts/ec/600dpi:/usr/local/lib/tex/fonts/ec/tfms:/usr/local/lib/tex/fonts/ecc/600dpi:/usr/local/lib/tex/fonts/ecc/tfms:/usr/local/lib/tex/fonts/ams
			TEXINPUTS=.:/usr/local/lib/tex/inputs:/usr/local/lib/tex/fonts/ps:/usr/local/lib/tex/latex:/usr/local/lib/tex/ams/amstex:/usr/local/lib/tex/ams/amstex/doc:/usr/local/lib/tex/ams/amslatex/inputs:/usr/local/lib/tex/bibtex:/usr/local/lib/tex/fonts/ap/300dpi:/usr/local/lib/tex/tugboat:/usr/local/lib/tex/lamstex/inputs:/usr/local/lib/tex/siam:/usr/local/lib/tex/ps:/usr/local/lib/tex/fonts/pandora
			TEXPKS=/usr/local/lib/tex/fonts/cm/600dpi:/usr/local/lib/tex/fonts/cm/tfms:/usr/local/lib/tex/ams/amspsfnt/tfms:/usr/local/lib/tex/ams/amspsfnt/pfb:/usr/local/lib/tex/ams/amsfonts/pk-files/600dpi:/usr/local/lib/tex/ams/amsfonts/pk-files/300dpi:/usr/local/lib/tex/fonts/pandora/600dpi:/usr/local/lib/tex/fonts/pandora/tfms:/usr/local/lib/tex/fonts/concrete/600dpi:/usr/local/lib/tex/fonts/concrete/tfms:/usr/local/lib/tex/fonts/greek:/usr/local/lib/tex/lamstex/mf:/usr/local/lib/tex/fonts/pk/tfms:/usr/local/lib/tex/fonts/pk/600dpi:/usr/local/lib/tex/fonts/pk/300dpi:/usr/local/lib/tex/fonts/ps:/usr/local/lib/tex/latex2e/fonts:/usr/local/lib/tex/fonts/vf:/usr/local/lib/tex/fonts/old/vf:/usr/local/lib/tex/musictex/pk/600dpi:/usr/local/lib/tex/musictex/pk/tfms:/usr/local/lib/tex/fonts/cmcyr/600dpi:/usr/local/lib/tex/fonts/ec/600dpi:/usr/local/lib/tex/fonts/ec/tfms:/usr/local/lib/tex/fonts/ecc/600dpi:/usr/local/lib/tex/fonts/ecc/tfms:/usr/local/lib/tex/fonts/ams
			TZ=US/Mountain
			USER=beebe
			VENDOR=sun
			VFFONTS=.:/usr/local/lib/tex/latex2e/fonts:/usr/local/lib/tex/fonts/vf:/usr/local/lib/tex/fonts/old/vf:/usr/local/lib/tex/fonts/fontinst/contrib/helminck:/usr/local/lib/tex/fonts/malvern/vf:/usr/local/lib/tex/fonts/mathtime
			YPDOMAIN=YP.math.utah.edu
============================================================
configure: creating ./config.status
config.status: creating Makefile
configure: configuring in common
configure: running /bin/sh './configure'  --cache-file=/dev/null --srcdir=.
checking for gcc... cc
checking for C compiler default output file name... a.out
checking whether the C compiler works... yes
checking whether we are cross compiling... no
checking for suffix of executables... 
checking for suffix of object files... o
checking whether we are using the GNU C compiler... no
checking whether cc accepts -g... yes
checking for cc option to accept ANSI C... none needed
checking whether we are using the GNU Fortran 77 compiler... no
checking whether f95 accepts -g... yes
checking for autoconf... autoconf
configure: creating ./config.status
config.status: creating Makefile
configure: configuring in gampsi
configure: running /bin/sh './configure'  --cache-file=/dev/null --srcdir=.
checking for gcc... cc
checking for C compiler default output file name... a.out
checking whether the C compiler works... yes
checking whether we are cross compiling... no
checking for suffix of executables... 
checking for suffix of object files... o
checking whether we are using the GNU C compiler... no
checking whether cc accepts -g... yes
checking for cc option to accept ANSI C... none needed
checking whether we are using the GNU Fortran 77 compiler... no
checking whether f95 accepts -g... yes
checking for autoconf... autoconf
checking for gzip... gzip
checking for tar... tar
configure: creating ./config.status
config.status: creating Makefile
configure: configuring in jacobi
configure: running /bin/sh './configure'  --cache-file=/dev/null --srcdir=.
checking for gcc... cc
checking for C compiler default output file name... a.out
checking whether the C compiler works... yes
checking whether we are cross compiling... no
checking for suffix of executables... 
checking for suffix of object files... o
checking whether we are using the GNU C compiler... no
checking whether cc accepts -g... yes
checking for cc option to accept ANSI C... none needed
checking whether we are using the GNU Fortran 77 compiler... no
checking whether f95 accepts -g... yes
checking for autoconf... autoconf
configure: creating ./config.status
config.status: creating Makefile
configure: configuring in laguerre
configure: running /bin/sh './configure'  --cache-file=/dev/null --srcdir=.
checking for gcc... cc
checking for C compiler default output file name... a.out
checking whether the C compiler works... yes
checking whether we are cross compiling... no
checking for suffix of executables... 
checking for suffix of object files... o
checking whether we are using the GNU C compiler... no
checking whether cc accepts -g... yes
checking for cc option to accept ANSI C... none needed
checking whether we are using the GNU Fortran 77 compiler... no
checking whether f95 accepts -g... yes
checking for autoconf... autoconf
checking if -lm needed for math functions... yes
checking if -lsunmath needed for aint()... yes
configure: creating ./config.status
config.status: creating Makefile
configure: configuring in man
configure: running /bin/sh './configure'  --cache-file=/dev/null --srcdir=.
checking for autoconf... autoconf
checking for deroff... deroff
checking for ps2pdf... ps2pdf
checking for man2html... man2html
configure: creating ./config.status
config.status: creating Makefile
5.11user 17.81system 3:29.03elapsed 10%CPU (0avgtext+0avgdata 0maxresident)k
0inputs+0outputs (0major+0minor)pagefaults 0swaps
(cd common && make  prefix=/usr/local FWARN="" FOPT="-O" all )
f95 -g -O   -ftrap=%none  -c -o d2norm.o d2norm.f

f90comp: 29 SOURCE LINES
f90comp: 0 ERRORS, 1 WARNINGS, 0 OTHER MESSAGES, 0 ANSI
f95 -g -O   -ftrap=%none  -c -o dcopy.o dcopy.f

f90comp: 71 SOURCE LINES
f90comp: 0 ERRORS, 1 WARNINGS, 0 OTHER MESSAGES, 0 ANSI
f95 -g -O   -ftrap=%none  -c -o deps.o deps.f

f90comp: 36 SOURCE LINES
f90comp: 0 ERRORS, 1 WARNINGS, 0 OTHER MESSAGES, 0 ANSI
f95 -g -O   -ftrap=%none  -c -o derbit.o derbit.f

f90comp: 30 SOURCE LINES
f90comp: 0 ERRORS, 1 WARNINGS, 0 OTHER MESSAGES, 0 ANSI
f95 -g -O   -ftrap=%none  -c -o dfloat.o dfloat.f

f90comp: 15 SOURCE LINES
f90comp: 0 ERRORS, 1 WARNINGS, 0 OTHER MESSAGES, 0 ANSI
f95 -g -O   -ftrap=%none  -c -o dfpmax.o dfpmax.f

f90comp: 73 SOURCE LINES
f90comp: 0 ERRORS, 1 WARNINGS, 0 OTHER MESSAGES, 0 ANSI
f95 -g -O   -ftrap=%none  -c -o dgamma.o dgamma.f

f90comp: 468 SOURCE LINES
f90comp: 0 ERRORS, 1 WARNINGS, 0 OTHER MESSAGES, 0 ANSI
f95 -g -O   -ftrap=%none  -c -o dinf.o dinf.f

f90comp: 42 SOURCE LINES
f90comp: 0 ERRORS, 1 WARNINGS, 0 OTHER MESSAGES, 0 ANSI
f95 -g -O   -ftrap=%none  -c -o diran.o diran.f

f90comp: 49 SOURCE LINES
f90comp: 0 ERRORS, 1 WARNINGS, 0 OTHER MESSAGES, 0 ANSI
f95 -g -O   -ftrap=%none  -c -o dlgam.o dlgam.f

f90comp: 170 SOURCE LINES
f90comp: 0 ERRORS, 1 WARNINGS, 0 OTHER MESSAGES, 0 ANSI
f95 -g -O   -ftrap=%none  -c -o dlog2.o dlog2.f

f90comp: 58 SOURCE LINES
f90comp: 0 ERRORS, 1 WARNINGS, 0 OTHER MESSAGES, 0 ANSI
f95 -g -O   -ftrap=%none  -c -o dnan.o dnan.f

f90comp: 26 SOURCE LINES
f90comp: 0 ERRORS, 1 WARNINGS, 0 OTHER MESSAGES, 0 ANSI
f95 -g -O   -ftrap=%none  -c -o dpsi.o dpsi.f

f90comp: 441 SOURCE LINES
f90comp: 0 ERRORS, 1 WARNINGS, 0 OTHER MESSAGES, 0 ANSI
f95 -g -O   -ftrap=%none  -c -o dpsiln.o dpsiln.f

f90comp: 203 SOURCE LINES
f90comp: 0 ERRORS, 1 WARNINGS, 0 OTHER MESSAGES, 0 ANSI
f95 -g -O   -ftrap=%none  -c -o dran.o dran.f

f90comp: 90 SOURCE LINES
f90comp: 0 ERRORS, 1 WARNINGS, 0 OTHER MESSAGES, 0 ANSI
f95 -g -O   -ftrap=%none  -c -o dstore.o dstore.f

f90comp: 16 SOURCE LINES
f90comp: 0 ERRORS, 1 WARNINGS, 0 OTHER MESSAGES, 0 ANSI
f95 -g -O   -ftrap=%none  -c -o dstorf.o dstorf.f

f90comp: 19 SOURCE LINES
f90comp: 0 ERRORS, 1 WARNINGS, 0 OTHER MESSAGES, 0 ANSI
f95 -g -O   -ftrap=%none  -c -o dvsum.o dvsum.f

f90comp: 35 SOURCE LINES
f90comp: 0 ERRORS, 1 WARNINGS, 0 OTHER MESSAGES, 0 ANSI
f95 -g -O   -ftrap=%none  -c -o ffalse.o ffalse.f

f90comp: 12 SOURCE LINES
f90comp: 0 ERRORS, 1 WARNINGS, 0 OTHER MESSAGES, 0 ANSI
f95 -g -O   -ftrap=%none  -c -o ftrue.o ftrue.f

f90comp: 12 SOURCE LINES
f90comp: 0 ERRORS, 1 WARNINGS, 0 OTHER MESSAGES, 0 ANSI
f95 -g -O   -ftrap=%none  -c -o getnan.o getnan.f

f90comp: 81 SOURCE LINES
f90comp: 0 ERRORS, 1 WARNINGS, 0 OTHER MESSAGES, 0 ANSI
f95 -g -O   -ftrap=%none  -c -o idceil.o idceil.f

f90comp: 20 SOURCE LINES
f90comp: 0 ERRORS, 1 WARNINGS, 0 OTHER MESSAGES, 0 ANSI
f95 -g -O   -ftrap=%none  -c -o isdinf.o isdinf.f

f90comp: 19 SOURCE LINES
f90comp: 0 ERRORS, 1 WARNINGS, 0 OTHER MESSAGES, 0 ANSI
f95 -g -O   -ftrap=%none  -c -o isdnan.o isdnan.f

f90comp: 59 SOURCE LINES
f90comp: 0 ERRORS, 1 WARNINGS, 0 OTHER MESSAGES, 0 ANSI
f95 -g -O   -ftrap=%none  -c -o pythag.o pythag.f

f90comp: 57 SOURCE LINES
f90comp: 0 ERRORS, 1 WARNINGS, 0 OTHER MESSAGES, 0 ANSI
f95 -g -O   -ftrap=%none  -c -o tql1.o tql1.f

f90comp: 183 SOURCE LINES
f90comp: 0 ERRORS, 1 WARNINGS, 0 OTHER MESSAGES, 0 ANSI
ar -r ../libgjl.a d2norm.o dcopy.o deps.o derbit.o dfloat.o dfpmax.o dgamma.o dinf.o diran.o dlgam.o dlog2.o dnan.o dpsi.o dpsiln.o dran.o dstore.o dstorf.o dvsum.o ffalse.o ftrue.o getnan.o idceil.o isdinf.o isdnan.o pythag.o tql1.o
ranlib ../libgjl.a || true
f95 -g -O   -ftrap=%none  -c -o aeps.o aeps.f

f90comp: 36 SOURCE LINES
f90comp: 0 ERRORS, 1 WARNINGS, 0 OTHER MESSAGES, 0 ANSI
f95 -g -O   -ftrap=%none  -c -o afpmax.o afpmax.f

f90comp: 73 SOURCE LINES
f90comp: 0 ERRORS, 1 WARNINGS, 0 OTHER MESSAGES, 0 ANSI
f95 -g -O   -ftrap=%none  -c -o ainf.o ainf.f

f90comp: 39 SOURCE LINES
f90comp: 0 ERRORS, 1 WARNINGS, 0 OTHER MESSAGES, 0 ANSI
f95 -g -O   -ftrap=%none  -c -o airan.o airan.f

f90comp: 49 SOURCE LINES
f90comp: 0 ERRORS, 1 WARNINGS, 0 OTHER MESSAGES, 0 ANSI
f95 -g -O   -ftrap=%none  -c -o algam.o algam.f

f90comp: 168 SOURCE LINES
f90comp: 0 ERRORS, 1 WARNINGS, 0 OTHER MESSAGES, 0 ANSI
f95 -g -O   -ftrap=%none  -c -o alog2.o alog2.f

f90comp: 59 SOURCE LINES
f90comp: 0 ERRORS, 1 WARNINGS, 0 OTHER MESSAGES, 0 ANSI
f95 -g -O   -ftrap=%none  -c -o anan.o anan.f

f90comp: 26 SOURCE LINES
f90comp: 0 ERRORS, 1 WARNINGS, 0 OTHER MESSAGES, 0 ANSI
f95 -g -O   -ftrap=%none  -c -o astore.o astore.f

f90comp: 16 SOURCE LINES
f90comp: 0 ERRORS, 1 WARNINGS, 0 OTHER MESSAGES, 0 ANSI
f95 -g -O   -ftrap=%none  -c -o astorf.o astorf.f

f90comp: 19 SOURCE LINES
f90comp: 0 ERRORS, 1 WARNINGS, 0 OTHER MESSAGES, 0 ANSI
f95 -g -O   -ftrap=%none  -c -o avsum.o avsum.f

f90comp: 29 SOURCE LINES
f90comp: 0 ERRORS, 1 WARNINGS, 0 OTHER MESSAGES, 0 ANSI
f95 -g -O   -ftrap=%none  -c -o gamma.o gamma.f

f90comp: 709 SOURCE LINES
f90comp: 0 ERRORS, 1 WARNINGS, 0 OTHER MESSAGES, 0 ANSI
f95 -g -O   -ftrap=%none  -c -o iceil.o iceil.f

f90comp: 20 SOURCE LINES
f90comp: 0 ERRORS, 1 WARNINGS, 0 OTHER MESSAGES, 0 ANSI
f95 -g -O   -ftrap=%none  -c -o isainf.o isainf.f

f90comp: 19 SOURCE LINES
f90comp: 0 ERRORS, 1 WARNINGS, 0 OTHER MESSAGES, 0 ANSI
f95 -g -O   -ftrap=%none  -c -o isanan.o isanan.f

f90comp: 36 SOURCE LINES
f90comp: 0 ERRORS, 1 WARNINGS, 0 OTHER MESSAGES, 0 ANSI
f95 -g -O   -ftrap=%none  -c -o psi.o psi.f

f90comp: 593 SOURCE LINES
f90comp: 0 ERRORS, 1 WARNINGS, 0 OTHER MESSAGES, 0 ANSI
f95 -g -O   -ftrap=%none  -c -o psiln.o psiln.f

f90comp: 207 SOURCE LINES
f90comp: 0 ERRORS, 1 WARNINGS, 0 OTHER MESSAGES, 0 ANSI
f95 -g -O   -ftrap=%none  -c -o ran.o ran.f

f90comp: 75 SOURCE LINES
f90comp: 0 ERRORS, 1 WARNINGS, 0 OTHER MESSAGES, 0 ANSI
ar -r ../libgjl.a aeps.o afpmax.o ainf.o airan.o algam.o alog2.o anan.o astore.o astorf.o avsum.o gamma.o iceil.o isainf.o isanan.o psi.o psiln.o ran.o
ranlib ../libgjl.a || true
for subdir in man gampsi jacobi laguerre common ; do echo ============================== Making all in $subdir ; ( cd $subdir && make  prefix=/usr/local FWARN="" FOPT="-O" all ) ; done
============================== Making all in man
============================== Making all in gampsi
(cd ../common; make lib-dp)
ar -r ../libgjl.a d2norm.o dcopy.o deps.o derbit.o dfloat.o dfpmax.o dgamma.o dinf.o diran.o dlgam.o dlog2.o dnan.o dpsi.o dpsiln.o dran.o dstore.o dstorf.o dvsum.o ffalse.o ftrue.o getnan.o idceil.o isdinf.o isdnan.o pythag.o tql1.o
ranlib ../libgjl.a || true
f95 -g -O -I../common  -ftrap=%none -c -o tdgen.o tdgen.f

f90comp: 161 SOURCE LINES
f90comp: 0 ERRORS, 1 WARNINGS, 0 OTHER MESSAGES, 0 ANSI
f95 -g -O -I../common  -ftrap=%none -c -o funhdr.o funhdr.f

f90comp: 72 SOURCE LINES
f90comp: 0 ERRORS, 1 WARNINGS, 0 OTHER MESSAGES, 0 ANSI
f95 -g -O -I../common  -ftrap=%none -c -o dgen.o dgen.f

f90comp: 87 SOURCE LINES
f90comp: 0 ERRORS, 1 WARNINGS, 0 OTHER MESSAGES, 0 ANSI
f95 -g -O -I../common  -ftrap=%none -o tdgen tdgen.o funhdr.o dgen.o ../common/dfloat.o ../common/dinf.o ../common/diran.o ../common/dnan.o ../common/dran.o ../common/dstorf.o ../common/idceil.o ../common/isdnan.o ../common/dgamma.o ../common/dlgam.o ../common/dpsi.o ../common/dpsiln.o 
(cd ../common; make lib-sp)
ar -r ../libgjl.a aeps.o afpmax.o ainf.o airan.o algam.o alog2.o anan.o astore.o astorf.o avsum.o gamma.o iceil.o isainf.o isanan.o psi.o psiln.o ran.o
ranlib ../libgjl.a || true
f95 -g -O -I../common  -ftrap=%none -c -o tagen.o tagen.f

f90comp: 161 SOURCE LINES
f90comp: 0 ERRORS, 1 WARNINGS, 0 OTHER MESSAGES, 0 ANSI
f95 -g -O -I../common  -ftrap=%none -c -o agen.o agen.f

f90comp: 87 SOURCE LINES
f90comp: 0 ERRORS, 1 WARNINGS, 0 OTHER MESSAGES, 0 ANSI
f95 -g -O -I../common  -ftrap=%none -o tagen tagen.o funhdr.o agen.o ../common/ainf.o ../common/airan.o ../common/anan.o ../common/astorf.o ../common/iceil.o ../common/isanan.o ../common/ran.o ../common/algam.o ../common/dfloat.o ../common/gamma.o ../common/idceil.o ../common/psi.o ../common/psiln.o 
============================== Making all in jacobi
f95 -g -O -I../common  -ftrap=%none -c -o gjqf.o gjqf.f

f90comp: 234 SOURCE LINES
f90comp: 0 ERRORS, 1 WARNINGS, 0 OTHER MESSAGES, 0 ANSI
f95 -g -O -I../common  -ftrap=%none -c -o gjqfd.o gjqfd.f

f90comp: 298 SOURCE LINES
f90comp: 0 ERRORS, 1 WARNINGS, 0 OTHER MESSAGES, 0 ANSI
f95 -g -O -I../common  -ftrap=%none -c -o gjqli.o gjqli.f

f90comp: 118 SOURCE LINES
f90comp: 0 ERRORS, 1 WARNINGS, 0 OTHER MESSAGES, 0 ANSI
f95 -g -O -I../common  -ftrap=%none -c -o gjqrc.o gjqrc.f

f90comp: 230 SOURCE LINES
f90comp: 0 ERRORS, 1 WARNINGS, 0 OTHER MESSAGES, 0 ANSI
(cd ../common; make lib-dp)
ar -r ../libgjl.a d2norm.o dcopy.o deps.o derbit.o dfloat.o dfpmax.o dgamma.o dinf.o diran.o dlgam.o dlog2.o dnan.o dpsi.o dpsiln.o dran.o dstore.o dstorf.o dvsum.o ffalse.o ftrue.o getnan.o idceil.o isdinf.o isdnan.o pythag.o tql1.o
ranlib ../libgjl.a || true
ar -r ../libgjl.a gjqf.o gjqfd.o gjqli.o gjqrc.o
ranlib ../libgjl.a || true
f95 -g -O -I../common  -ftrap=%none -c -o tgjf1.o tgjf1.f

f90comp: 270 SOURCE LINES
f90comp: 0 ERRORS, 1 WARNINGS, 0 OTHER MESSAGES, 0 ANSI
f95 -g -O -I../common  -ftrap=%none -c -o ../common/prthdr.o ../common/prthdr.f

f90comp: 38 SOURCE LINES
f90comp: 0 ERRORS, 1 WARNINGS, 0 OTHER MESSAGES, 0 ANSI
f95 -g -O -I../common  -ftrap=%none -c -o ../common/trapit.o ../common/trapit.f

f90comp: 9 SOURCE LINES
f90comp: 0 ERRORS, 1 WARNINGS, 0 OTHER MESSAGES, 0 ANSI
f95 -g -O -I../common  -ftrap=%none -o tgjf1 tgjf1.o gjqf.o gjqli.o gjqrc.o gjqfd.o ../common/d2norm.o ../common/dcopy.o ../common/deps.o ../common/derbit.o ../common/dfloat.o ../common/dgamma.o ../common/dinf.o ../common/dlog2.o ../common/dnan.o ../common/dpsi.o ../common/dstore.o ../common/dstorf.o ../common/dvsum.o ../common/isdnan.o ../common/prthdr.o ../common/pythag.o ../common/tql1.o ../common/trapit.o ../libgjl.a
f95 -g -O -I../common  -ftrap=%none -c -o tgjf2.o tgjf2.f

f90comp: 271 SOURCE LINES
f90comp: 0 ERRORS, 1 WARNINGS, 0 OTHER MESSAGES, 0 ANSI
f95 -g -O -I../common  -ftrap=%none -o tgjf2 tgjf2.o gjqf.o gjqli.o gjqrc.o gjqfd.o ../common/d2norm.o ../common/dcopy.o ../common/deps.o ../common/derbit.o ../common/dfloat.o ../common/dgamma.o ../common/dinf.o ../common/dlog2.o ../common/dnan.o ../common/dpsi.o ../common/dstore.o ../common/dstorf.o ../common/dvsum.o ../common/isdnan.o ../common/prthdr.o ../common/pythag.o ../common/tql1.o ../common/trapit.o ../libgjl.a
f95 -g -O -I../common  -ftrap=%none -c -o tgjfd1.o tgjfd1.f

f90comp: 285 SOURCE LINES
f90comp: 0 ERRORS, 1 WARNINGS, 0 OTHER MESSAGES, 0 ANSI
f95 -g -O -I../common  -ftrap=%none -o tgjfd1 tgjfd1.o gjqfd.o ../common/d2norm.o ../common/dcopy.o ../common/deps.o ../common/derbit.o ../common/dfloat.o ../common/dgamma.o ../common/dinf.o ../common/dlog2.o ../common/dnan.o ../common/dpsi.o ../common/dstore.o ../common/dstorf.o ../common/dvsum.o ../common/isdnan.o ../common/prthdr.o ../common/pythag.o ../common/tql1.o ../common/trapit.o ../libgjl.a
f95 -g -O -I../common  -ftrap=%none -c -o tgjfd2.o tgjfd2.f

f90comp: 272 SOURCE LINES
f90comp: 0 ERRORS, 1 WARNINGS, 0 OTHER MESSAGES, 0 ANSI
f95 -g -O -I../common  -ftrap=%none -o tgjfd2 tgjfd2.o gjqfd.o ../common/d2norm.o ../common/dcopy.o ../common/deps.o ../common/derbit.o ../common/dfloat.o ../common/dgamma.o ../common/dinf.o ../common/dlog2.o ../common/dnan.o ../common/dpsi.o ../common/dstore.o ../common/dstorf.o ../common/dvsum.o ../common/isdnan.o ../common/prthdr.o ../common/pythag.o ../common/tql1.o ../common/trapit.o ../libgjl.a
============================== Making all in laguerre
f95 -g -O -I../common  -ftrap=%none -c -o glqf.o glqf.f

f90comp: 239 SOURCE LINES
f90comp: 0 ERRORS, 1 WARNINGS, 0 OTHER MESSAGES, 0 ANSI
f95 -g -O -I../common  -ftrap=%none -c -o glqfd.o glqfd.f

f90comp: 282 SOURCE LINES
f90comp: 0 ERRORS, 1 WARNINGS, 0 OTHER MESSAGES, 0 ANSI
f95 -g -O -I../common  -ftrap=%none -c -o glqli.o glqli.f

f90comp: 131 SOURCE LINES
f90comp: 0 ERRORS, 1 WARNINGS, 0 OTHER MESSAGES, 0 ANSI
f95 -g -O -I../common  -ftrap=%none -c -o glqrc.o glqrc.f

f90comp: 214 SOURCE LINES
f90comp: 0 ERRORS, 1 WARNINGS, 0 OTHER MESSAGES, 0 ANSI
(cd ../common; make lib-dp)
ar -r ../libgjl.a d2norm.o dcopy.o deps.o derbit.o dfloat.o dfpmax.o dgamma.o dinf.o diran.o dlgam.o dlog2.o dnan.o dpsi.o dpsiln.o dran.o dstore.o dstorf.o dvsum.o ffalse.o ftrue.o getnan.o idceil.o isdinf.o isdnan.o pythag.o tql1.o
ranlib ../libgjl.a || true
ar -r ../libgjl.a glqf.o glqfd.o glqli.o glqrc.o
ranlib ../libgjl.a || true
f95 -g -O -I../common  -ftrap=%none -c -o tglf1.o tglf1.f

f90comp: 290 SOURCE LINES
f90comp: 0 ERRORS, 1 WARNINGS, 0 OTHER MESSAGES, 0 ANSI
f95 -g -O -I../common  -ftrap=%none -o tglf1 tglf1.o glqf.o glqli.o glqfd.o glqrc.o ../common/prthdr.o ../common/d2norm.o ../common/dcopy.o ../common/deps.o ../common/derbit.o ../common/dfloat.o ../common/dgamma.o ../common/dinf.o ../common/dlog2.o ../common/dnan.o ../common/dpsi.o ../common/dstore.o ../common/dstorf.o ../common/dvsum.o ../common/isdnan.o ../common/pythag.o ../common/tql1.o ../common/trapit.o
f95 -g -O -I../common  -ftrap=%none -c -o tglf2.o tglf2.f

f90comp: 252 SOURCE LINES
f90comp: 0 ERRORS, 1 WARNINGS, 0 OTHER MESSAGES, 0 ANSI
f95 -g -O -I../common  -ftrap=%none -o tglf2 tglf2.o glqf.o glqli.o glqfd.o glqrc.o ../common/prthdr.o ../common/d2norm.o ../common/dcopy.o ../common/deps.o ../common/derbit.o ../common/dfloat.o ../common/dgamma.o ../common/dinf.o ../common/dlog2.o ../common/dnan.o ../common/dpsi.o ../common/dstore.o ../common/dstorf.o ../common/dvsum.o ../common/isdnan.o ../common/pythag.o ../common/tql1.o ../common/trapit.o
f95 -g -O -I../common  -ftrap=%none -c -o tglf3.o tglf3.f

f90comp: 288 SOURCE LINES
f90comp: 0 ERRORS, 1 WARNINGS, 0 OTHER MESSAGES, 0 ANSI
f95 -g -O -I../common  -ftrap=%none -o tglf3 tglf3.o glqf.o glqli.o glqfd.o glqrc.o ../common/prthdr.o ../common/d2norm.o ../common/dcopy.o ../common/deps.o ../common/derbit.o ../common/dfloat.o ../common/dgamma.o ../common/dinf.o ../common/dlog2.o ../common/dnan.o ../common/dpsi.o ../common/dstore.o ../common/dstorf.o ../common/dvsum.o ../common/isdnan.o ../common/pythag.o ../common/tql1.o ../common/trapit.o
f95 -g -O -I../common  -ftrap=%none -c -o tglf4.o tglf4.f

f90comp: 296 SOURCE LINES
f90comp: 0 ERRORS, 1 WARNINGS, 0 OTHER MESSAGES, 0 ANSI
f95 -g -O -I../common  -ftrap=%none -o tglf4 tglf4.o glqf.o glqli.o glqfd.o glqrc.o ../common/prthdr.o ../common/d2norm.o ../common/dcopy.o ../common/deps.o ../common/derbit.o ../common/dfloat.o ../common/dgamma.o ../common/dinf.o ../common/dlog2.o ../common/dnan.o ../common/dpsi.o ../common/dstore.o ../common/dstorf.o ../common/dvsum.o ../common/isdnan.o ../common/pythag.o ../common/tql1.o ../common/trapit.o
f95 -g -O -I../common  -ftrap=%none -c -o tglf5.o tglf5.f

f90comp: 262 SOURCE LINES
f90comp: 0 ERRORS, 1 WARNINGS, 0 OTHER MESSAGES, 0 ANSI
f95 -g -O -I../common  -ftrap=%none -o tglf5 tglf5.o glqf.o glqli.o glqfd.o glqrc.o ../common/prthdr.o ../common/d2norm.o ../common/dcopy.o ../common/deps.o ../common/derbit.o ../common/dfloat.o ../common/dgamma.o ../common/dinf.o ../common/dlog2.o ../common/dnan.o ../common/dpsi.o ../common/dstore.o ../common/dstorf.o ../common/dvsum.o ../common/isdnan.o ../common/pythag.o ../common/tql1.o ../common/trapit.o
f95 -g -O -I../common  -ftrap=%none -c -o tglf6.o tglf6.f

f90comp: 286 SOURCE LINES
f90comp: 0 ERRORS, 1 WARNINGS, 0 OTHER MESSAGES, 0 ANSI
f95 -g -O -I../common  -ftrap=%none -o tglf6 tglf6.o glqf.o glqli.o glqfd.o glqrc.o ../common/prthdr.o ../common/d2norm.o ../common/dcopy.o ../common/deps.o ../common/derbit.o ../common/dfloat.o ../common/dgamma.o ../common/dinf.o ../common/dlog2.o ../common/dnan.o ../common/dpsi.o ../common/dstore.o ../common/dstorf.o ../common/dvsum.o ../common/isdnan.o ../common/pythag.o ../common/tql1.o ../common/trapit.o
f95 -g -O -I../common  -ftrap=%none -c -o tglfd1.o tglfd1.f

f90comp: 290 SOURCE LINES
f90comp: 0 ERRORS, 1 WARNINGS, 0 OTHER MESSAGES, 0 ANSI
f95 -g -O -I../common  -ftrap=%none -o tglfd1 tglfd1.o glqli.o glqfd.o glqrc.o ../common/prthdr.o ../common/d2norm.o ../common/dcopy.o ../common/deps.o ../common/derbit.o ../common/dfloat.o ../common/dgamma.o ../common/dinf.o ../common/dlog2.o ../common/dnan.o ../common/dpsi.o ../common/dstore.o ../common/dstorf.o ../common/dvsum.o ../common/isdnan.o ../common/pythag.o ../common/tql1.o ../common/trapit.o
f95 -g -O -I../common  -ftrap=%none -c -o tglfd2.o tglfd2.f

f90comp: 245 SOURCE LINES
f90comp: 0 ERRORS, 1 WARNINGS, 0 OTHER MESSAGES, 0 ANSI
f95 -g -O -I../common  -ftrap=%none -o tglfd2 tglfd2.o glqli.o glqfd.o glqrc.o ../common/prthdr.o ../common/d2norm.o ../common/dcopy.o ../common/deps.o ../common/derbit.o ../common/dfloat.o ../common/dgamma.o ../common/dinf.o ../common/dlog2.o ../common/dnan.o ../common/dpsi.o ../common/dstore.o ../common/dstorf.o ../common/dvsum.o ../common/isdnan.o ../common/pythag.o ../common/tql1.o ../common/trapit.o
f95 -g -O -I../common  -ftrap=%none -c -o tglfd3.o tglfd3.f

f90comp: 282 SOURCE LINES
f90comp: 0 ERRORS, 1 WARNINGS, 0 OTHER MESSAGES, 0 ANSI
f95 -g -O -I../common  -ftrap=%none -o tglfd3 tglfd3.o glqli.o glqfd.o glqrc.o ../common/prthdr.o ../common/d2norm.o ../common/dcopy.o ../common/deps.o ../common/derbit.o ../common/dfloat.o ../common/dgamma.o ../common/dinf.o ../common/dlog2.o ../common/dnan.o ../common/dpsi.o ../common/dstore.o ../common/dstorf.o ../common/dvsum.o ../common/isdnan.o ../common/pythag.o ../common/tql1.o ../common/trapit.o
f95 -g -O -I../common  -ftrap=%none -c -o tglfd4.o tglfd4.f

f90comp: 297 SOURCE LINES
f90comp: 0 ERRORS, 1 WARNINGS, 0 OTHER MESSAGES, 0 ANSI
f95 -g -O -I../common  -ftrap=%none -o tglfd4 tglfd4.o glqli.o glqfd.o glqrc.o ../common/prthdr.o ../common/d2norm.o ../common/dcopy.o ../common/deps.o ../common/derbit.o ../common/dfloat.o ../common/dgamma.o ../common/dinf.o ../common/dlog2.o ../common/dnan.o ../common/dpsi.o ../common/dstore.o ../common/dstorf.o ../common/dvsum.o ../common/isdnan.o ../common/pythag.o ../common/tql1.o ../common/trapit.o
f95 -g -O -I../common  -ftrap=%none -c -o tglfd5.o tglfd5.f

f90comp: 262 SOURCE LINES
f90comp: 0 ERRORS, 1 WARNINGS, 0 OTHER MESSAGES, 0 ANSI
f95 -g -O -I../common  -ftrap=%none -o tglfd5 tglfd5.o glqli.o glqfd.o glqrc.o ../common/prthdr.o ../common/d2norm.o ../common/dcopy.o ../common/deps.o ../common/derbit.o ../common/dfloat.o ../common/dgamma.o ../common/dinf.o ../common/dlog2.o ../common/dnan.o ../common/dpsi.o ../common/dstore.o ../common/dstorf.o ../common/dvsum.o ../common/isdnan.o ../common/pythag.o ../common/tql1.o ../common/trapit.o
f95 -g -O -I../common  -ftrap=%none -c -o tglfd6.o tglfd6.f

f90comp: 285 SOURCE LINES
f90comp: 0 ERRORS, 1 WARNINGS, 0 OTHER MESSAGES, 0 ANSI
f95 -g -O -I../common  -ftrap=%none -o tglfd6 tglfd6.o glqli.o glqfd.o glqrc.o ../common/prthdr.o ../common/d2norm.o ../common/dcopy.o ../common/deps.o ../common/derbit.o ../common/dfloat.o ../common/dgamma.o ../common/dinf.o ../common/dlog2.o ../common/dnan.o ../common/dpsi.o ../common/dstore.o ../common/dstorf.o ../common/dvsum.o ../common/isdnan.o ../common/pythag.o ../common/tql1.o ../common/trapit.o
============================== Making all in common
ar -r ../libgjl.a d2norm.o dcopy.o deps.o derbit.o dfloat.o dfpmax.o dgamma.o dinf.o diran.o dlgam.o dlog2.o dnan.o dpsi.o dpsiln.o dran.o dstore.o dstorf.o dvsum.o ffalse.o ftrue.o getnan.o idceil.o isdinf.o isdnan.o pythag.o tql1.o
ranlib ../libgjl.a || true
ar -r ../libgjl.a aeps.o afpmax.o ainf.o airan.o algam.o alog2.o anan.o astore.o astorf.o avsum.o gamma.o iceil.o isainf.o isanan.o psi.o psiln.o ran.o
ranlib ../libgjl.a || true
17.00u 7.48s 1:26.87 28.1%
for subdir in man gampsi jacobi laguerre common ; do echo ============================== Making check-dp in $subdir ; ( cd $subdir && make  prefix=/usr/local FWARN="" FOPT="-O" check-dp ) ; done
============================== Making check-dp in man
There is no validation suite in this directory
============================== Making check-dp in gampsi
========================================================================
WARNING: This seems to be the slim package distribution without the
extensive validation suite. You must test the package on your own!
========================================================================
============================== Making check-dp in jacobi
(cd ../common; make lib-dp)
ar -r ../libgjl.a d2norm.o dcopy.o deps.o derbit.o dfloat.o dfpmax.o dgamma.o dinf.o diran.o dlgam.o dlog2.o dnan.o dpsi.o dpsiln.o dran.o dstore.o dstorf.o dvsum.o ffalse.o ftrue.o getnan.o idceil.o isdinf.o isdnan.o pythag.o tql1.o
ranlib ../libgjl.a || true
ar -r ../libgjl.a gjqf.o gjqfd.o gjqli.o gjqrc.o
ranlib ../libgjl.a || true
========================================================================
WARNING: This seems to be the slim package distribution without the
extensive validation suite: running the quick demos instead.
========================================================================
========================================================================
The demonstration programs demgjq and demqgjq read a single free-format
line of data on standard input with the four numeric values

        alpha beta nquad pmax

where

        alpha = power of (1-x) in Jacobi weight function
        beta  = power of (1+x) in Jacobi weight function
        nquad = quadrature order
        pmax  = maximum power of (1-x) in test function

In the demonstration targets, these values are supplied by a simple
echo command embedded in the Makefile.  Results are written to standard
output.
========================================================================
(cd ../common; make lib-dp)
ar -r ../libgjl.a d2norm.o dcopy.o deps.o derbit.o dfloat.o dfpmax.o dgamma.o dinf.o diran.o dlgam.o dlog2.o dnan.o dpsi.o dpsiln.o dran.o dstore.o dstorf.o dvsum.o ffalse.o ftrue.o getnan.o idceil.o isdinf.o isdnan.o pythag.o tql1.o
ranlib ../libgjl.a || true
ar -r ../libgjl.a gjqf.o gjqfd.o gjqli.o gjqrc.o
ranlib ../libgjl.a || true
f95 -g -O -I../common  -ftrap=%none -c -o demgjq.o demgjq.f

f90comp: 364 SOURCE LINES
f90comp: 0 ERRORS, 1 WARNINGS, 0 OTHER MESSAGES, 0 ANSI
f95 -g -O -I../common  -ftrap=%none -o demgjq demgjq.o -R/usr/local/lib -L/usr/local/lib ../libgjl.a

This output file should closely match results in Table 2 of the paper
Efficient High-Accuracy Quadrature for Two Classes of Logarithmic
Weight Functions

echo -0.9375 -0.9375 20 40 | ./demgjq > test/demgjq.out 2>/dev/null
-rw-rw-r--  1 beebe staff 28915 Mar 21 10:59 test/demgjq.out

Correct output from the development site is available here:

-r--r--r--  1 beebe staff 28900 Nov 12 13:59 test/okay/demgjq.out


This output file must reproduce the Gauss-Legendre n=96 section
of Table 25.4 of Abramowitz and Stegen, Handbook of Mathematical
Functions, NBS #55, p. 919

echo 0 0 96 0 | ./demgjq > test/demgjq.nbs 2>/dev/null
-rw-rw-r--  1 beebe staff 43344 Mar 21 10:59 test/demgjq.nbs

Correct output from the development site is available here:

-r--r--r--  1 beebe staff 43329 Dec  4 17:48 test/okay/demgjq.nbs


The final tables in these output files must reproduce the values in the
literature citations therein:

echo 0 -0.5 99 0 | ./demgjq > test/demgjq.ls1 2>/dev/null
echo 0  0.0 99 0 | ./demgjq > test/demgjq.ls2 2>/dev/null
echo 0 +0.5 99 0 | ./demgjq > test/demgjq.ls3 2>/dev/null
echo -0.5 -0.5 1 0 | ./demgjq > test/demgjq.ls4 2>/dev/null
echo +0.5 +0.5 1 0 | ./demgjq > test/demgjq.ls5 2>/dev/null
echo +1.0 +1.0 1 0 | ./demgjq > test/demgjq.ls6 2>/dev/null
echo +1.5 +1.5 1 0 | ./demgjq > test/demgjq.ls7 2>/dev/null

-rw-rw-r--  1 beebe staff 44601 Mar 21 10:59 test/demgjq.ls1
-rw-rw-r--  1 beebe staff 44601 Mar 21 10:59 test/demgjq.ls2
-rw-rw-r--  1 beebe staff 44601 Mar 21 10:59 test/demgjq.ls3
-rw-rw-r--  1 beebe staff 20633 Mar 21 10:59 test/demgjq.ls4
-rw-rw-r--  1 beebe staff 20633 Mar 21 10:59 test/demgjq.ls5
-rw-rw-r--  1 beebe staff 20633 Mar 21 10:59 test/demgjq.ls6
-rw-rw-r--  1 beebe staff 20633 Mar 21 10:59 test/demgjq.ls7

Correct output from the development site is available here:

-r--r--r--  1 beebe staff 44586 Dec  4 17:47 test/okay/demgjq.ls1
-r--r--r--  1 beebe staff 44586 Dec  4 17:47 test/okay/demgjq.ls2
-r--r--r--  1 beebe staff 44586 Dec  4 17:47 test/okay/demgjq.ls3
-r--r--r--  1 beebe staff 20617 Dec 11 15:52 test/okay/demgjq.ls4
-r--r--r--  1 beebe staff 20617 Dec 11 15:52 test/okay/demgjq.ls5
-r--r--r--  1 beebe staff 20617 Dec 11 15:52 test/okay/demgjq.ls6
-r--r--r--  1 beebe staff 20617 Dec 11 15:52 test/okay/demgjq.ls7

============================== Making check-dp in laguerre
(cd ../common; make lib-dp)
ar -r ../libgjl.a d2norm.o dcopy.o deps.o derbit.o dfloat.o dfpmax.o dgamma.o dinf.o diran.o dlgam.o dlog2.o dnan.o dpsi.o dpsiln.o dran.o dstore.o dstorf.o dvsum.o ffalse.o ftrue.o getnan.o idceil.o isdinf.o isdnan.o pythag.o tql1.o
ranlib ../libgjl.a || true
ar -r ../libgjl.a glqf.o glqfd.o glqli.o glqrc.o
ranlib ../libgjl.a || true
========================================================================
WARNING: This seems to be the slim package distribution without the
extensive validation suite: running the quick demos instead.
========================================================================
========================================================================
The demonstration programs demglq and demqglq read a single free-format
line of data on standard input with the three numeric values

        alpha nquad pmax

where

        alpha = power of x in Laguerre weight function
        nquad = quadrature order
        pmax  = maximum power of x in test function

In the demonstration targets, these values are supplied by a simple
echo command embedded in the Makefile.  Results are written to standard
output.
========================================================================
(cd ../common; make lib-dp)
ar -r ../libgjl.a d2norm.o dcopy.o deps.o derbit.o dfloat.o dfpmax.o dgamma.o dinf.o diran.o dlgam.o dlog2.o dnan.o dpsi.o dpsiln.o dran.o dstore.o dstorf.o dvsum.o ffalse.o ftrue.o getnan.o idceil.o isdinf.o isdnan.o pythag.o tql1.o
ranlib ../libgjl.a || true
ar -r ../libgjl.a glqf.o glqfd.o glqli.o glqrc.o
ranlib ../libgjl.a || true
f95 -g -O -I../common  -ftrap=%none -c -o demglq.o demglq.f

f90comp: 294 SOURCE LINES
f90comp: 0 ERRORS, 1 WARNINGS, 0 OTHER MESSAGES, 0 ANSI
f95 -g -O -I../common  -ftrap=%none -o demglq demglq.o -R/usr/local/lib -L/usr/local/lib ../libgjl.a

This output file should closely match results in Table 1 of the paper
Efficient High-Accuracy Quadrature for Two Classes of Logarithmic
Weight Functions

echo -0.9375 20 40 | ./demglq > test/demglq.out
-rw-rw-r--  1 beebe staff 29379 Mar 21 10:59 test/demglq.out

Correct output from the development site is available here:

-r--r--r--  1 beebe staff 29360 Nov 12 13:51 test/okay/demglq.out


This output file must reproduce the Gauss-Laguerre n=15 section
of Table 25.9 of Abramowitz and Stegen, Handbook of Mathematical
Functions, NBS #55, p. 923

echo 0 15 0 | ./demglq > test/demglq.nbs
-rw-rw-r--  1 beebe staff 82865 Mar 21 10:59 test/demglq.nbs

Correct output from the development site is available here:

-r--r--r--  1 beebe staff 82846 Dec 11 16:00 test/okay/demglq.nbs

============================== Making check-dp in common
ar -r ../libgjl.a d2norm.o dcopy.o deps.o derbit.o dfloat.o dfpmax.o dgamma.o dinf.o diran.o dlgam.o dlog2.o dnan.o dpsi.o dpsiln.o dran.o dstore.o dstorf.o dvsum.o ffalse.o ftrue.o getnan.o idceil.o isdinf.o isdnan.o pythag.o tql1.o
ranlib ../libgjl.a || true
ar -r ../libgjl.a aeps.o afpmax.o ainf.o airan.o algam.o alog2.o anan.o astore.o astorf.o avsum.o gamma.o iceil.o isainf.o isanan.o psi.o psiln.o ran.o
ranlib ../libgjl.a || true
There is no validation suite in this directory
3.31u 1.95s 0:10.24 51.3%
============================================================
Disk free report for /local/build/f95/quadlog-gampsi-slim:
			Filesystem           1K-blocks      Used Available Use% Mounted on
			/dev/dsk/c0t1d0s0     68522650  24256832  43580592  36% /
Remote date:            2004.03.21.10.59.17
============================================================
