============================================================
/usr/local/bin/.: Permission denied.
Machinetype:            Intel Pentium III (600 MHz);    GNU/Linux 2.4.18-27.8.0smp (Red Hat 8.0 (Psyche))
System status:            5:12pm  up 2 days,  3:19,  3 users,  load average: 1.08, 0.31, 0.15
Remote Intel compiler versions:
			OS information:
			Red Hat Linux release 8.0 (Psyche)
			Kernel on an \m
			Kernel 2.4.20-28.8smp
			glibc-2.3.2-4.80.8
			
			===========================================================
			Support Package IDs for Intel(R) Compilers in /export/local/ashare/i386-linux/sys/intel/compiler70/ia32/bin
			Please use the following information when submitting customer support requests.
			
			C++ Support Package ID    : l_cc_pc_7.1.035-NCOM
			Fortran Support Package ID: l_fc_pc_7.1.038-NCOM
			===========================================================
			C++ & Fortran License Expiration Date: never expire
			C++ & Fortran Support Services Expiration Date: never expire
			
			All Installed Compiler Components on this OS: 
			intel-icc7-7.1-38: Intel(R) C++ Compiler for 32-bit applications,
			                   Version 7.1 Build 20031225Z
			intel-ifc7-7.1-40: Intel(R) Fortran Compiler for 32-bit applications,
			                   Version 7.1 Build 20031225Z
			intel-icc8-8.0-49: Intel(R) C++ Compiler for 32-bit applications,
			                   Version 8.0
			intel-isubh7-7.1-38: Substitute Headers for Intel(R) C++ Compiler
			                     for 32-bit applications, Version 7.1
			intel-iidb7-7.3.2-97: Linux Application Debugger for 32-bit applications,
			                      Version 7.3.2
			intel-isubh8-8.0-49: Substitute Headers for Intel(R) C++ Compiler
			                     for 32-bit applications, Version 8.0
Remote c89 version:     gcc (GCC) 3.2 20020903 (Red Hat Linux 8.0 3.2-7)
Remote c99 version:     gcc (GCC) 3.2 20020903 (Red Hat Linux 8.0 3.2-7)
Remote lcc version:     lcc version 4.1.beta.9 [11-May-2001]
Remote pgCC version:    Copyright 1989-2000, The Portland Group, Inc. All Rights Reserved.
Remote pgcc version:    Copyright 1989-2000, The Portland Group, Inc. All Rights Reserved.
Package:                quadlog-gampsi
Archive:                /a/suncore0/export/home/0077/sy/beebe/build//quadlog-gampsi.tar.gz
Date:                   2004.03.19.17.12.17
Local user:             beebe
Local host:             psi.math.utah.edu
Local log directory:    /a/suncore0/export/home/0077/sy/beebe/build/logs/quadlog-gampsi
Local log file:         quadlog-gampsi.uinta.math.utah.edu.2004.03.19.17.12.17.log
Remote user:            beebe
Remote host:            uinta.math.utah.edu
Remote directory:       /local/build/ifort
Remote date:            2004.03.19.17.12.30
Remote uname:           Linux uinta.math.utah.edu 2.4.20-28.8smp #1 SMP Thu Dec 18 12:25:21 EST 2003 i686 unknown unknown GNU/Linux
Remote gcc version:     gcc (GCC) 3.3.3
Remote g++ version:     g++ (GCC) 3.3.3
Remote gcc3 version:    gcc3: Command not found.
Remote g++3 version:    g++3: Command not found.
Configure environment:  CC=icc CXX=icc F77=ifort FC=ifort LDFLAGS=-R/usr/local/lib -L/usr/local/lib 
Extra environment:      
Configure flags:        
Make all targets:       all all-qp
Make check targets:     check
Disk free report for /local/build/ifort:
			Filesystem           1K-blocks      Used Available Use% Mounted on
			/dev/sda1             15622740  13581340   1247792  92% /
Environment:
			DISPLAY=localhost:93.0
			DVIPSHEADERS=.:/usr/local/lib/tex/ps:/usr/local/lib/tex/fonts/ps:/usr/local/lib/tex/fonts/vf:/usr/local/lib/tex/fonts/old/vf:/usr/local/lib/tex/fonts/postscript/cmpsfont/pfb
			FORTRANPLUS=/usr/local/sys/FortranPlus/fplus_55h
			GROUP=wheel
			G_BROKEN_FILENAMES=1
			HOME=/u/sy/beebe
			HOST=uinta.math.utah.edu
			HOSTALIAS=uinta
			HOSTTYPE=i386-linux
			INDOMAIN=math.utah.edu
			INFO=/usr/local/plot79
			LANG=en_US.UTF-8
			LESSOPEN=|/usr/bin/lesspipe.sh %s
			LIBRARY_PATH=/usr/local/sys/FortranPlus/fplus_55h/lib
			LM_LICENSE_FILE=/usr/local/sys/pgi/pgi/license.dat
			LOGNAME=beebe
			LS_COLORS=no=00:fi=00:di=37;44:ln=01;36;44:pi=33;44:so=01;35:bd=33;44;01:cd=33;44;01:or=40;31;01:ex=01;33;44:*.tar=01;31:*.tgz=01;31:*.arj=01;31:*.taz=01;31:*.lzh=01;31:*.zip=01;31:*.z=01;31:*.Z=01;31:*.gz=01;31:*.deb=01;31:*.i386.rpm=01;31:*.src.rpm=01;30:*.jpg=01;35:*.gif=01;35:*.bmp=01;35:*.ppm=01;35:*.tga=01;35:*.xbm=01;35:*.xpm=01;35:*.tif=01;35:*.mpg=01;37;42:*.avi=01;37;42:*.mp4=01;37;42:*.qt=01;37;42:*.gl=01;37;42:*.dl=01;37;42:*.c=1;34;47:*.h=1;35;47:*.in=1;32;44:*.i=07;33;44:*ChangeLog=01;34;43:*INSTALL=301;4;43:*Makefile=01;37;42;41:*NEWS=01;34;43:*README=01;34;43:*TO-DO=01;34;43:*WHERE-FROM=01;34;43:
			MACHTYPE=i386
			MAIL=/var/mail/beebe
			MANPATH=/usr/local/man:/usr/share/man:/usr/local/sys/lf9562/manuals/man/lf95:/usr/local/sys/lf9562/manuals/man/ssl2
			MFINPUTS=.:/usr/local/lib/mf/macros:/usr/local/lib/mf/cm:/usr/local/lib/mf
			NCARG_ROOT=/usr/local/ncar
			NLM_LICENCE_FILENAME=/usr/local/sys/FortranPlus/fplus_55h/license/license.nas
			OPENWINHOME=/usr/openwin
			OSTYPE=linux
			PAGER=/usr/bin/less
			PATH=/usr/local/bin/X11:/usr/local/bin:/u/sy/beebe/bin/i686:/usr/local/share/bin:/usr/local/bin/X11:/usr/local/pbmplus:/usr/X11R6/bin:/usr/bin/X11:/usr/local/plot79:/usr/sbin:/usr/bin:/bin:/sbin:/usr/local/etc:/usr/etc:/etc:.:/usr/local/sys/pgi/pgi/linux86/5.1/bin:/usr/local/sys/FortranPlus/fplus_55h/bin:/opt/intel_cc_80/bin:/opt/intel_fc_80/bin:/opt/intel_idb_73/bin:/usr/local/sys/intel/compiler70/ia32/bin:/u/sy/beebe/tex/bib:/usr/local/gnat/bin:/usr/local/ora/bin
			PFDIR=/usr/local/sys/lf9562/bin
			PGI=/usr/local/sys/pgi/pgi
			PLT=/usr/local/plot79
			PVM_ROOT=/usr/local/pvm3
			PWD=/u/sy/beebe
			QTDIR=/usr/lib/qt3-gcc3.2
			SAXDIR=/usr/local/ashare/sax
			SHELL=/usr/local/bin/tcsh
			SHLVL=1
			SSH_ASKPASS=/usr/libexec/openssh/gnome-ssh-askpass
			SSH_CLIENT=128.110.198.32 49739 22
			SSH_CONNECTION=128.110.198.32 49739 155.101.96.144 22
			TERM=vt100
			TEXCONFIG=.:/usr/local/lib/tex/ps:/usr/local/lib/tex/fonts/vf:/usr/local/lib/tex/fonts/old/vf
			TEXFONTS=/usr/local/lib/tex/fonts/cm/600dpi:/usr/local/lib/tex/fonts/cm/tfms:/usr/local/lib/tex/ams/amspsfnt/tfms:/usr/local/lib/tex/ams/amspsfnt/pfb:/usr/local/lib/tex/ams/amsfonts/pk-files/600dpi:/usr/local/lib/tex/ams/amsfonts/pk-files/300dpi:/usr/local/lib/tex/fonts/pandora/600dpi:/usr/local/lib/tex/fonts/pandora/tfms:/usr/local/lib/tex/fonts/concrete/600dpi:/usr/local/lib/tex/fonts/concrete/tfms:/usr/local/lib/tex/fonts/greek:/usr/local/lib/tex/lamstex/mf:/usr/local/lib/tex/fonts/pk/tfms:/usr/local/lib/tex/fonts/pk/600dpi:/usr/local/lib/tex/fonts/pk/300dpi:/usr/local/lib/tex/fonts/ps:/usr/local/lib/tex/latex2e/fonts:/usr/local/lib/tex/fonts/vf:/usr/local/lib/tex/fonts/old/vf:/usr/local/lib/tex/musictex/pk/600dpi:/usr/local/lib/tex/musictex/pk/tfms:/usr/local/lib/tex/fonts/cmcyr/600dpi:/usr/local/lib/tex/fonts/ec/600dpi:/usr/local/lib/tex/fonts/ec/tfms:/usr/local/lib/tex/fonts/ecc/600dpi:/usr/local/lib/tex/fonts/ecc/tfms:/usr/local/lib/tex/fonts/ams
			TEXINPUTS=.:/usr/local/lib/tex/inputs:/usr/local/lib/tex/fonts/ps:/usr/local/lib/tex/latex:/usr/local/lib/tex/ams/amstex:/usr/local/lib/tex/ams/amstex/doc:/usr/local/lib/tex/ams/amslatex/inputs:/usr/local/lib/tex/bibtex:/usr/local/lib/tex/fonts/ap/300dpi:/usr/local/lib/tex/tugboat:/usr/local/lib/tex/lamstex/inputs:/usr/local/lib/tex/siam:/usr/local/lib/tex/ps:/usr/local/lib/tex/fonts/pandora
			TEXPKS=/usr/local/lib/tex/fonts/cm/600dpi:/usr/local/lib/tex/fonts/cm/tfms:/usr/local/lib/tex/ams/amspsfnt/tfms:/usr/local/lib/tex/ams/amspsfnt/pfb:/usr/local/lib/tex/ams/amsfonts/pk-files/600dpi:/usr/local/lib/tex/ams/amsfonts/pk-files/300dpi:/usr/local/lib/tex/fonts/pandora/600dpi:/usr/local/lib/tex/fonts/pandora/tfms:/usr/local/lib/tex/fonts/concrete/600dpi:/usr/local/lib/tex/fonts/concrete/tfms:/usr/local/lib/tex/fonts/greek:/usr/local/lib/tex/lamstex/mf:/usr/local/lib/tex/fonts/pk/tfms:/usr/local/lib/tex/fonts/pk/600dpi:/usr/local/lib/tex/fonts/pk/300dpi:/usr/local/lib/tex/fonts/ps:/usr/local/lib/tex/latex2e/fonts:/usr/local/lib/tex/fonts/vf:/usr/local/lib/tex/fonts/old/vf:/usr/local/lib/tex/musictex/pk/600dpi:/usr/local/lib/tex/musictex/pk/tfms:/usr/local/lib/tex/fonts/cmcyr/600dpi:/usr/local/lib/tex/fonts/ec/600dpi:/usr/local/lib/tex/fonts/ec/tfms:/usr/local/lib/tex/fonts/ecc/600dpi:/usr/local/lib/tex/fonts/ecc/tfms:/usr/local/lib/tex/fonts/ams
			USER=beebe
			VENDOR=intel
			VFFONTS=.:/usr/local/lib/tex/latex2e/fonts:/usr/local/lib/tex/fonts/vf:/usr/local/lib/tex/fonts/old/vf:/usr/local/lib/tex/fonts/fontinst/contrib/helminck:/usr/local/lib/tex/fonts/malvern/vf:/usr/local/lib/tex/fonts/mathtime
			WISK=/usr/local/sys/lf9562
			YPDOMAIN=YP.math.utah.edu
============================================================
configure: creating ./config.status
config.status: creating Makefile
configure: configuring in common
configure: running /bin/sh './configure'  --cache-file=/dev/null --srcdir=.
checking for gcc... icc
checking for C compiler default output file name... a.out
checking whether the C compiler works... yes
checking whether we are cross compiling... no
checking for suffix of executables... 
checking for suffix of object files... o
checking whether we are using the GNU C compiler... yes
checking whether icc accepts -g... yes
checking for icc option to accept ANSI C... none needed
checking whether we are using the GNU Fortran 77 compiler... no
checking whether ifort accepts -g... yes
checking for autoconf... autoconf
configure: creating ./config.status
config.status: creating Makefile
configure: configuring in gampsi
configure: running /bin/sh './configure'  --cache-file=/dev/null --srcdir=.
checking for gcc... icc
checking for C compiler default output file name... a.out
checking whether the C compiler works... yes
checking whether we are cross compiling... no
checking for suffix of executables... 
checking for suffix of object files... o
checking whether we are using the GNU C compiler... yes
checking whether icc accepts -g... yes
checking for icc option to accept ANSI C... none needed
checking whether we are using the GNU Fortran 77 compiler... no
checking whether ifort accepts -g... yes
checking for autoconf... autoconf
checking for gzip... gzip
checking for tar... tar
configure: creating ./config.status
config.status: creating Makefile
configure: configuring in jacobi
configure: running /bin/sh './configure'  --cache-file=/dev/null --srcdir=.
checking for gcc... icc
checking for C compiler default output file name... a.out
checking whether the C compiler works... yes
checking whether we are cross compiling... no
checking for suffix of executables... 
checking for suffix of object files... o
checking whether we are using the GNU C compiler... yes
checking whether icc accepts -g... yes
checking for icc option to accept ANSI C... none needed
checking whether we are using the GNU Fortran 77 compiler... no
checking whether ifort accepts -g... yes
checking for autoconf... autoconf
configure: creating ./config.status
config.status: creating Makefile
configure: configuring in laguerre
configure: running /bin/sh './configure'  --cache-file=/dev/null --srcdir=.
checking for gcc... icc
checking for C compiler default output file name... a.out
checking whether the C compiler works... yes
checking whether we are cross compiling... no
checking for suffix of executables... 
checking for suffix of object files... o
checking whether we are using the GNU C compiler... yes
checking whether icc accepts -g... yes
checking for icc option to accept ANSI C... none needed
checking whether we are using the GNU Fortran 77 compiler... no
checking whether ifort accepts -g... yes
checking for autoconf... autoconf
checking if -lm needed for math functions... no
configure: creating ./config.status
config.status: creating Makefile
configure: configuring in man
configure: running /bin/sh './configure'  --cache-file=/dev/null --srcdir=.
checking for autoconf... autoconf
checking for deroff... deroff
checking for ps2pdf... ps2pdf
checking for man2html... man2html
configure: creating ./config.status
config.status: creating Makefile
6.46user 9.35system 0:23.54elapsed 67%CPU (0avgtext+0avgdata 0maxresident)k
0inputs+0outputs (157310major+163856minor)pagefaults 0swaps
(cd common && make  prefix=/usr/local FWARN="" FOPT="-O" all )
ifort -g -O     -c -o d2norm.o d2norm.f
ifort -g -O     -c -o dcopy.o dcopy.f
ifort -g -O     -c -o deps.o deps.f
ifort -g -O     -c -o derbit.o derbit.f
ifort -g -O     -c -o dfloat.o dfloat.f
ifort -g -O     -c -o dfpmax.o dfpmax.f
ifort -g -O     -c -o dgamma.o dgamma.f
ifort -g -O     -c -o dinf.o dinf.f
ifort -g -O     -c -o diran.o diran.f
ifort -g -O     -c -o dlgam.o dlgam.f
ifort -g -O     -c -o dlog2.o dlog2.f
ifort -g -O     -c -o dnan.o dnan.f
ifort -g -O     -c -o dpsi.o dpsi.f
ifort -g -O     -c -o dpsiln.o dpsiln.f
ifort -g -O     -c -o dran.o dran.f
ifort -g -O     -c -o dstore.o dstore.f
ifort -g -O     -c -o dstorf.o dstorf.f
ifort -g -O     -c -o dvsum.o dvsum.f
ifort -g -O     -c -o ffalse.o ffalse.f
ifort -g -O     -c -o ftrue.o ftrue.f
ifort -g -O     -c -o getnan.o getnan.f
ifort -g -O     -c -o idceil.o idceil.f
ifort -g -O     -c -o isdinf.o isdinf.f
ifort -g -O     -c -o isdnan.o isdnan.f
ifort -g -O     -c -o pythag.o pythag.f
ifort -g -O     -c -o tql1.o tql1.f
ar -r ../libgjl.a d2norm.o dcopy.o deps.o derbit.o dfloat.o dfpmax.o dgamma.o dinf.o diran.o dlgam.o dlog2.o dnan.o dpsi.o dpsiln.o dran.o dstore.o dstorf.o dvsum.o ffalse.o ftrue.o getnan.o idceil.o isdinf.o isdnan.o pythag.o tql1.o
ranlib ../libgjl.a || true
ifort -g -O     -c -o aeps.o aeps.f
ifort -g -O     -c -o afpmax.o afpmax.f
ifort -g -O     -c -o ainf.o ainf.f
ifort -g -O     -c -o airan.o airan.f
ifort -g -O     -c -o algam.o algam.f
ifort -g -O     -c -o alog2.o alog2.f
ifort -g -O     -c -o anan.o anan.f
ifort -g -O     -c -o astore.o astore.f
ifort -g -O     -c -o astorf.o astorf.f
ifort -g -O     -c -o avsum.o avsum.f
ifort -g -O     -c -o gamma.o gamma.f
ifort -g -O     -c -o iceil.o iceil.f
ifort -g -O     -c -o isainf.o isainf.f
ifort -g -O     -c -o isanan.o isanan.f
ifort -g -O     -c -o psi.o psi.f
ifort -g -O     -c -o psiln.o psiln.f
ifort -g -O     -c -o ran.o ran.f
ar -r ../libgjl.a aeps.o afpmax.o ainf.o airan.o algam.o alog2.o anan.o astore.o astorf.o avsum.o gamma.o iceil.o isainf.o isanan.o psi.o psiln.o ran.o
ranlib ../libgjl.a || true
for subdir in man gampsi jacobi laguerre common ; do echo ============================== Making all in $subdir ; ( cd $subdir && make  prefix=/usr/local FWARN="" FOPT="-O" all ) ; done
============================== Making all in man
============================== Making all in gampsi
(cd ../common; make lib-dp)
ar -r ../libgjl.a d2norm.o dcopy.o deps.o derbit.o dfloat.o dfpmax.o dgamma.o dinf.o diran.o dlgam.o dlog2.o dnan.o dpsi.o dpsiln.o dran.o dstore.o dstorf.o dvsum.o ffalse.o ftrue.o getnan.o idceil.o isdinf.o isdnan.o pythag.o tql1.o
ranlib ../libgjl.a || true
ifort -g -O -I../common   -c -o tdgen.o tdgen.f
ifort -g -O -I../common   -c -o funhdr.o funhdr.f
ifort -g -O -I../common   -c -o dgen.o dgen.f
ifort -g -O -I../common   -o tdgen tdgen.o funhdr.o dgen.o ../common/dfloat.o ../common/dinf.o ../common/diran.o ../common/dnan.o ../common/dran.o ../common/dstorf.o ../common/idceil.o ../common/isdnan.o ../common/dgamma.o ../common/dlgam.o ../common/dpsi.o ../common/dpsiln.o 
(cd ../common; make lib-sp)
ar -r ../libgjl.a aeps.o afpmax.o ainf.o airan.o algam.o alog2.o anan.o astore.o astorf.o avsum.o gamma.o iceil.o isainf.o isanan.o psi.o psiln.o ran.o
ranlib ../libgjl.a || true
ifort -g -O -I../common   -c -o tagen.o tagen.f
ifort -g -O -I../common   -c -o agen.o agen.f
ifort -g -O -I../common   -o tagen tagen.o funhdr.o agen.o ../common/ainf.o ../common/airan.o ../common/anan.o ../common/astorf.o ../common/iceil.o ../common/isanan.o ../common/ran.o ../common/algam.o ../common/dfloat.o ../common/gamma.o ../common/idceil.o ../common/psi.o ../common/psiln.o 
============================== Making all in jacobi
ifort -g -O -I../common   -c -o gjqf.o gjqf.f
ifort -g -O -I../common   -c -o gjqfd.o gjqfd.f
ifort -g -O -I../common   -c -o gjqli.o gjqli.f
ifort -g -O -I../common   -c -o gjqrc.o gjqrc.f
(cd ../common; make lib-dp)
ar -r ../libgjl.a d2norm.o dcopy.o deps.o derbit.o dfloat.o dfpmax.o dgamma.o dinf.o diran.o dlgam.o dlog2.o dnan.o dpsi.o dpsiln.o dran.o dstore.o dstorf.o dvsum.o ffalse.o ftrue.o getnan.o idceil.o isdinf.o isdnan.o pythag.o tql1.o
ranlib ../libgjl.a || true
ar -r ../libgjl.a gjqf.o gjqfd.o gjqli.o gjqrc.o
ranlib ../libgjl.a || true
ifort -g -O -I../common   -c -o tgjf1.o tgjf1.f
ifort -g -O -I../common   -c -o ../common/prthdr.o ../common/prthdr.f
ifort -g -O -I../common   -c -o ../common/trapit.o ../common/trapit.f
ifort -g -O -I../common   -o tgjf1 tgjf1.o gjqf.o gjqli.o gjqrc.o gjqfd.o ../common/d2norm.o ../common/dcopy.o ../common/deps.o ../common/derbit.o ../common/dfloat.o ../common/dgamma.o ../common/dinf.o ../common/dlog2.o ../common/dnan.o ../common/dpsi.o ../common/dstore.o ../common/dstorf.o ../common/dvsum.o ../common/isdnan.o ../common/prthdr.o ../common/pythag.o ../common/tql1.o ../common/trapit.o ../libgjl.a
ifort -g -O -I../common   -c -o tgjf2.o tgjf2.f
ifort -g -O -I../common   -o tgjf2 tgjf2.o gjqf.o gjqli.o gjqrc.o gjqfd.o ../common/d2norm.o ../common/dcopy.o ../common/deps.o ../common/derbit.o ../common/dfloat.o ../common/dgamma.o ../common/dinf.o ../common/dlog2.o ../common/dnan.o ../common/dpsi.o ../common/dstore.o ../common/dstorf.o ../common/dvsum.o ../common/isdnan.o ../common/prthdr.o ../common/pythag.o ../common/tql1.o ../common/trapit.o ../libgjl.a
ifort -g -O -I../common   -c -o tgjfd1.o tgjfd1.f
ifort -g -O -I../common   -o tgjfd1 tgjfd1.o gjqfd.o ../common/d2norm.o ../common/dcopy.o ../common/deps.o ../common/derbit.o ../common/dfloat.o ../common/dgamma.o ../common/dinf.o ../common/dlog2.o ../common/dnan.o ../common/dpsi.o ../common/dstore.o ../common/dstorf.o ../common/dvsum.o ../common/isdnan.o ../common/prthdr.o ../common/pythag.o ../common/tql1.o ../common/trapit.o ../libgjl.a
ifort -g -O -I../common   -c -o tgjfd2.o tgjfd2.f
ifort -g -O -I../common   -o tgjfd2 tgjfd2.o gjqfd.o ../common/d2norm.o ../common/dcopy.o ../common/deps.o ../common/derbit.o ../common/dfloat.o ../common/dgamma.o ../common/dinf.o ../common/dlog2.o ../common/dnan.o ../common/dpsi.o ../common/dstore.o ../common/dstorf.o ../common/dvsum.o ../common/isdnan.o ../common/prthdr.o ../common/pythag.o ../common/tql1.o ../common/trapit.o ../libgjl.a
============================== Making all in laguerre
ifort -g -O -I../common   -c -o glqf.o glqf.f
ifort -g -O -I../common   -c -o glqfd.o glqfd.f
ifort -g -O -I../common   -c -o glqli.o glqli.f
ifort -g -O -I../common   -c -o glqrc.o glqrc.f
(cd ../common; make lib-dp)
ar -r ../libgjl.a d2norm.o dcopy.o deps.o derbit.o dfloat.o dfpmax.o dgamma.o dinf.o diran.o dlgam.o dlog2.o dnan.o dpsi.o dpsiln.o dran.o dstore.o dstorf.o dvsum.o ffalse.o ftrue.o getnan.o idceil.o isdinf.o isdnan.o pythag.o tql1.o
ranlib ../libgjl.a || true
ar -r ../libgjl.a glqf.o glqfd.o glqli.o glqrc.o
ranlib ../libgjl.a || true
ifort -g -O -I../common   -c -o tglf1.o tglf1.f
ifort -g -O -I../common   -o tglf1 tglf1.o glqf.o glqli.o glqfd.o glqrc.o ../common/prthdr.o ../common/d2norm.o ../common/dcopy.o ../common/deps.o ../common/derbit.o ../common/dfloat.o ../common/dgamma.o ../common/dinf.o ../common/dlog2.o ../common/dnan.o ../common/dpsi.o ../common/dstore.o ../common/dstorf.o ../common/dvsum.o ../common/isdnan.o ../common/pythag.o ../common/tql1.o ../common/trapit.o
ifort -g -O -I../common   -c -o tglf2.o tglf2.f
ifort -g -O -I../common   -o tglf2 tglf2.o glqf.o glqli.o glqfd.o glqrc.o ../common/prthdr.o ../common/d2norm.o ../common/dcopy.o ../common/deps.o ../common/derbit.o ../common/dfloat.o ../common/dgamma.o ../common/dinf.o ../common/dlog2.o ../common/dnan.o ../common/dpsi.o ../common/dstore.o ../common/dstorf.o ../common/dvsum.o ../common/isdnan.o ../common/pythag.o ../common/tql1.o ../common/trapit.o
ifort -g -O -I../common   -c -o tglf3.o tglf3.f
ifort -g -O -I../common   -o tglf3 tglf3.o glqf.o glqli.o glqfd.o glqrc.o ../common/prthdr.o ../common/d2norm.o ../common/dcopy.o ../common/deps.o ../common/derbit.o ../common/dfloat.o ../common/dgamma.o ../common/dinf.o ../common/dlog2.o ../common/dnan.o ../common/dpsi.o ../common/dstore.o ../common/dstorf.o ../common/dvsum.o ../common/isdnan.o ../common/pythag.o ../common/tql1.o ../common/trapit.o
ifort -g -O -I../common   -c -o tglf4.o tglf4.f
ifort -g -O -I../common   -o tglf4 tglf4.o glqf.o glqli.o glqfd.o glqrc.o ../common/prthdr.o ../common/d2norm.o ../common/dcopy.o ../common/deps.o ../common/derbit.o ../common/dfloat.o ../common/dgamma.o ../common/dinf.o ../common/dlog2.o ../common/dnan.o ../common/dpsi.o ../common/dstore.o ../common/dstorf.o ../common/dvsum.o ../common/isdnan.o ../common/pythag.o ../common/tql1.o ../common/trapit.o
ifort -g -O -I../common   -c -o tglf5.o tglf5.f
ifort -g -O -I../common   -o tglf5 tglf5.o glqf.o glqli.o glqfd.o glqrc.o ../common/prthdr.o ../common/d2norm.o ../common/dcopy.o ../common/deps.o ../common/derbit.o ../common/dfloat.o ../common/dgamma.o ../common/dinf.o ../common/dlog2.o ../common/dnan.o ../common/dpsi.o ../common/dstore.o ../common/dstorf.o ../common/dvsum.o ../common/isdnan.o ../common/pythag.o ../common/tql1.o ../common/trapit.o
ifort -g -O -I../common   -c -o tglf6.o tglf6.f
ifort -g -O -I../common   -o tglf6 tglf6.o glqf.o glqli.o glqfd.o glqrc.o ../common/prthdr.o ../common/d2norm.o ../common/dcopy.o ../common/deps.o ../common/derbit.o ../common/dfloat.o ../common/dgamma.o ../common/dinf.o ../common/dlog2.o ../common/dnan.o ../common/dpsi.o ../common/dstore.o ../common/dstorf.o ../common/dvsum.o ../common/isdnan.o ../common/pythag.o ../common/tql1.o ../common/trapit.o
ifort -g -O -I../common   -c -o tglfd1.o tglfd1.f
ifort -g -O -I../common   -o tglfd1 tglfd1.o glqli.o glqfd.o glqrc.o ../common/prthdr.o ../common/d2norm.o ../common/dcopy.o ../common/deps.o ../common/derbit.o ../common/dfloat.o ../common/dgamma.o ../common/dinf.o ../common/dlog2.o ../common/dnan.o ../common/dpsi.o ../common/dstore.o ../common/dstorf.o ../common/dvsum.o ../common/isdnan.o ../common/pythag.o ../common/tql1.o ../common/trapit.o
ifort -g -O -I../common   -c -o tglfd2.o tglfd2.f
ifort -g -O -I../common   -o tglfd2 tglfd2.o glqli.o glqfd.o glqrc.o ../common/prthdr.o ../common/d2norm.o ../common/dcopy.o ../common/deps.o ../common/derbit.o ../common/dfloat.o ../common/dgamma.o ../common/dinf.o ../common/dlog2.o ../common/dnan.o ../common/dpsi.o ../common/dstore.o ../common/dstorf.o ../common/dvsum.o ../common/isdnan.o ../common/pythag.o ../common/tql1.o ../common/trapit.o
ifort -g -O -I../common   -c -o tglfd3.o tglfd3.f
ifort -g -O -I../common   -o tglfd3 tglfd3.o glqli.o glqfd.o glqrc.o ../common/prthdr.o ../common/d2norm.o ../common/dcopy.o ../common/deps.o ../common/derbit.o ../common/dfloat.o ../common/dgamma.o ../common/dinf.o ../common/dlog2.o ../common/dnan.o ../common/dpsi.o ../common/dstore.o ../common/dstorf.o ../common/dvsum.o ../common/isdnan.o ../common/pythag.o ../common/tql1.o ../common/trapit.o
ifort -g -O -I../common   -c -o tglfd4.o tglfd4.f
ifort -g -O -I../common   -o tglfd4 tglfd4.o glqli.o glqfd.o glqrc.o ../common/prthdr.o ../common/d2norm.o ../common/dcopy.o ../common/deps.o ../common/derbit.o ../common/dfloat.o ../common/dgamma.o ../common/dinf.o ../common/dlog2.o ../common/dnan.o ../common/dpsi.o ../common/dstore.o ../common/dstorf.o ../common/dvsum.o ../common/isdnan.o ../common/pythag.o ../common/tql1.o ../common/trapit.o
ifort -g -O -I../common   -c -o tglfd5.o tglfd5.f
ifort -g -O -I../common   -o tglfd5 tglfd5.o glqli.o glqfd.o glqrc.o ../common/prthdr.o ../common/d2norm.o ../common/dcopy.o ../common/deps.o ../common/derbit.o ../common/dfloat.o ../common/dgamma.o ../common/dinf.o ../common/dlog2.o ../common/dnan.o ../common/dpsi.o ../common/dstore.o ../common/dstorf.o ../common/dvsum.o ../common/isdnan.o ../common/pythag.o ../common/tql1.o ../common/trapit.o
ifort -g -O -I../common   -c -o tglfd6.o tglfd6.f
ifort -g -O -I../common   -o tglfd6 tglfd6.o glqli.o glqfd.o glqrc.o ../common/prthdr.o ../common/d2norm.o ../common/dcopy.o ../common/deps.o ../common/derbit.o ../common/dfloat.o ../common/dgamma.o ../common/dinf.o ../common/dlog2.o ../common/dnan.o ../common/dpsi.o ../common/dstore.o ../common/dstorf.o ../common/dvsum.o ../common/isdnan.o ../common/pythag.o ../common/tql1.o ../common/trapit.o
============================== Making all in common
ar -r ../libgjl.a d2norm.o dcopy.o deps.o derbit.o dfloat.o dfpmax.o dgamma.o dinf.o diran.o dlgam.o dlog2.o dnan.o dpsi.o dpsiln.o dran.o dstore.o dstorf.o dvsum.o ffalse.o ftrue.o getnan.o idceil.o isdinf.o isdnan.o pythag.o tql1.o
ranlib ../libgjl.a || true
ar -r ../libgjl.a aeps.o afpmax.o ainf.o airan.o algam.o alog2.o anan.o astore.o astorf.o avsum.o gamma.o iceil.o isainf.o isanan.o psi.o psiln.o ran.o
ranlib ../libgjl.a || true
(cd common && make  prefix=/usr/local FWARN="" FOPT="-O" all-qp )
ifort -g -O     -c -o iqceil.o iqceil.f
ifort -g -O     -c -o isqinf.o isqinf.f
ifort -g -O     -c -o isqnan.o isqnan.f
ifort -g -O     -c -o q2norm.o q2norm.f
ifort -g -O     -c -o qcopy.o qcopy.f
ifort -g -O     -c -o qeps.o qeps.f
ifort -g -O     -c -o qepsln.o qepsln.f
ifort -g -O     -c -o qerbit.o qerbit.f
ifort -g -O     -c -o qfloat.o qfloat.f
ifort -g -O     -c -o qfpmax.o qfpmax.f
ifort -g -O     -c -o qgamma.o qgamma.f
ifort -g -O     -c -o qinf.o qinf.f
ifort -g -O     -c -o qiran.o qiran.f
ifort -g -O     -c -o qlgam.o qlgam.f
ifort -g -O     -c -o qlog2.o qlog2.f
ifort -g -O     -c -o qnan.o qnan.f
ifort -g -O     -c -o qpsi.o qpsi.f
ifort -g -O     -c -o qpsiln.o qpsiln.f
ifort -g -O     -c -o qpythg.o qpythg.f
ifort -g -O     -c -o qstore.o qstore.f
ifort -g -O     -c -o qstorf.o qstorf.f
ifort -g -O     -c -o qtql1.o qtql1.f
ifort -g -O     -c -o qvsum.o qvsum.f
ar -r ../libgjl.a iqceil.o isqinf.o isqnan.o q2norm.o qcopy.o qeps.o qepsln.o qerbit.o qfloat.o qfpmax.o qgamma.o qinf.o qiran.o qlgam.o qlog2.o qnan.o qpsi.o qpsiln.o qpythg.o qstore.o qstorf.o qtql1.o qvsum.o
ranlib ../libgjl.a || true
for subdir in man gampsi jacobi laguerre common ; do echo ============================== Making all-qp in $subdir ; ( cd $subdir && make  prefix=/usr/local FWARN="" FOPT="-O" all-qp ) ; done
============================== Making all-qp in man
============================== Making all-qp in gampsi
(cd ../common; make lib-qp)
ar -r ../libgjl.a iqceil.o isqinf.o isqnan.o q2norm.o qcopy.o qeps.o qepsln.o qerbit.o qfloat.o qfpmax.o qgamma.o qinf.o qiran.o qlgam.o qlog2.o qnan.o qpsi.o qpsiln.o qpythg.o qstore.o qstorf.o qtql1.o qvsum.o
ranlib ../libgjl.a || true
ifort -g -O -I../common   -c -o tqgen.o tqgen.f
ifort -g -O -I../common   -c -o qgen.o qgen.f
ifort -g -O -I../common   -o tqgen tqgen.o funhdr.o qgen.o ../common/dfloat.o ../common/diran.o ../common/dran.o ../common/dstorf.o ../common/iqceil.o ../common/isqnan.o ../common/qfloat.o ../common/qinf.o ../common/qnan.o ../common/qstorf.o ../common/qgamma.o ../common/qlgam.o ../common/qpsi.o ../common/qpsiln.o 
============================== Making all-qp in jacobi
ifort -g -O -I../common   -c -o qgjqf.o qgjqf.f
ifort -g -O -I../common   -c -o qgjqfd.o qgjqfd.f
ifort -g -O -I../common   -c -o qgjqli.o qgjqli.f
ifort -g -O -I../common   -c -o qgjqrc.o qgjqrc.f
(cd ../common; make lib-qp)
ar -r ../libgjl.a iqceil.o isqinf.o isqnan.o q2norm.o qcopy.o qeps.o qepsln.o qerbit.o qfloat.o qfpmax.o qgamma.o qinf.o qiran.o qlgam.o qlog2.o qnan.o qpsi.o qpsiln.o qpythg.o qstore.o qstorf.o qtql1.o qvsum.o
ranlib ../libgjl.a || true
ar -r ../libgjl.a qgjqf.o qgjqfd.o qgjqli.o qgjqrc.o
ranlib ../libgjl.a || true
ifort -g -O -I../common   -c -o tqgjf1.o tqgjf1.f
ifort -g -O -I../common   -c -o ../common/qprthdr.o ../common/qprthdr.f
ifort -g -O -I../common   -o tqgjf1 tqgjf1.o qgjqf.o qgjqli.o qgjqrc.o qgjqfd.o ../common/q2norm.o ../common/qcopy.o ../common/qeps.o ../common/qerbit.o ../common/qfloat.o ../common/qgamma.o ../common/qinf.o ../common/qlog2.o ../common/qnan.o ../common/qpsi.o ../common/qstore.o ../common/qstorf.o ../common/qvsum.o ../common/isqnan.o ../common/qprthdr.o ../common/qpythg.o ../common/qtql1.o ../common/trapit.o ../libgjl.a
ifort -g -O -I../common   -c -o tqgjf2.o tqgjf2.f
ifort -g -O -I../common   -o tqgjf2 tqgjf2.o qgjqf.o qgjqli.o qgjqrc.o qgjqfd.o ../common/q2norm.o ../common/qcopy.o ../common/qeps.o ../common/qerbit.o ../common/qfloat.o ../common/qgamma.o ../common/qinf.o ../common/qlog2.o ../common/qnan.o ../common/qpsi.o ../common/qstore.o ../common/qstorf.o ../common/qvsum.o ../common/isqnan.o ../common/qprthdr.o ../common/qpythg.o ../common/qtql1.o ../common/trapit.o ../libgjl.a
ifort -g -O -I../common   -c -o tqgjfd1.o tqgjfd1.f
ifort -g -O -I../common   -o tqgjfd1 tqgjfd1.o qgjqfd.o ../common/q2norm.o ../common/qcopy.o ../common/qeps.o ../common/qerbit.o ../common/qfloat.o ../common/qgamma.o ../common/qinf.o ../common/qlog2.o ../common/qnan.o ../common/qpsi.o ../common/qstore.o ../common/qstorf.o ../common/qvsum.o ../common/isqnan.o ../common/qprthdr.o ../common/qpythg.o ../common/qtql1.o ../common/trapit.o ../libgjl.a
ifort -g -O -I../common   -c -o tqgjfd2.o tqgjfd2.f
ifort -g -O -I../common   -o tqgjfd2 tqgjfd2.o qgjqfd.o ../common/q2norm.o ../common/qcopy.o ../common/qeps.o ../common/qerbit.o ../common/qfloat.o ../common/qgamma.o ../common/qinf.o ../common/qlog2.o ../common/qnan.o ../common/qpsi.o ../common/qstore.o ../common/qstorf.o ../common/qvsum.o ../common/isqnan.o ../common/qprthdr.o ../common/qpythg.o ../common/qtql1.o ../common/trapit.o ../libgjl.a
============================== Making all-qp in laguerre
ifort -g -O -I../common   -c -o qglqf.o qglqf.f
ifort -g -O -I../common   -c -o qglqfd.o qglqfd.f
ifort -g -O -I../common   -c -o qglqli.o qglqli.f
ifort -g -O -I../common   -c -o qglqrc.o qglqrc.f
(cd ../common; make lib-qp)
ar -r ../libgjl.a iqceil.o isqinf.o isqnan.o q2norm.o qcopy.o qeps.o qepsln.o qerbit.o qfloat.o qfpmax.o qgamma.o qinf.o qiran.o qlgam.o qlog2.o qnan.o qpsi.o qpsiln.o qpythg.o qstore.o qstorf.o qtql1.o qvsum.o
ranlib ../libgjl.a || true
ar -r ../libgjl.a qglqf.o qglqfd.o qglqli.o qglqrc.o
ranlib ../libgjl.a || true
ifort -g -O -I../common   -c -o tqglf1.o tqglf1.f
ifort -g -O -I../common   -o tqglf1 tqglf1.o qglqf.o qglqli.o qglqfd.o qglqrc.o ../common/qprthdr.o ../common/q2norm.o ../common/qcopy.o ../common/qeps.o ../common/qerbit.o ../common/qfloat.o ../common/qgamma.o ../common/qinf.o ../common/qlog2.o ../common/qnan.o ../common/qpsi.o ../common/qstore.o ../common/qstorf.o ../common/qvsum.o ../common/isqnan.o ../common/qpythg.o ../common/qtql1.o ../common/trapit.o
ifort -g -O -I../common   -c -o tqglf2.o tqglf2.f
ifort -g -O -I../common   -o tqglf2 tqglf2.o qglqf.o qglqli.o qglqfd.o qglqrc.o ../common/qprthdr.o ../common/q2norm.o ../common/qcopy.o ../common/qeps.o ../common/qerbit.o ../common/qfloat.o ../common/qgamma.o ../common/qinf.o ../common/qlog2.o ../common/qnan.o ../common/qpsi.o ../common/qstore.o ../common/qstorf.o ../common/qvsum.o ../common/isqnan.o ../common/qpythg.o ../common/qtql1.o ../common/trapit.o
ifort -g -O -I../common   -c -o tqglf3.o tqglf3.f
ifort -g -O -I../common   -o tqglf3 tqglf3.o qglqf.o qglqli.o qglqfd.o qglqrc.o ../common/qprthdr.o ../common/q2norm.o ../common/qcopy.o ../common/qeps.o ../common/qerbit.o ../common/qfloat.o ../common/qgamma.o ../common/qinf.o ../common/qlog2.o ../common/qnan.o ../common/qpsi.o ../common/qstore.o ../common/qstorf.o ../common/qvsum.o ../common/isqnan.o ../common/qpythg.o ../common/qtql1.o ../common/trapit.o
ifort -g -O -I../common   -c -o tqglf4.o tqglf4.f
ifort -g -O -I../common   -o tqglf4 tqglf4.o qglqf.o qglqli.o qglqfd.o qglqrc.o ../common/qprthdr.o ../common/q2norm.o ../common/qcopy.o ../common/qeps.o ../common/qerbit.o ../common/qfloat.o ../common/qgamma.o ../common/qinf.o ../common/qlog2.o ../common/qnan.o ../common/qpsi.o ../common/qstore.o ../common/qstorf.o ../common/qvsum.o ../common/isqnan.o ../common/qpythg.o ../common/qtql1.o ../common/trapit.o
ifort -g -O -I../common   -c -o tqglf5.o tqglf5.f
ifort -g -O -I../common   -o tqglf5 tqglf5.o qglqf.o qglqli.o qglqfd.o qglqrc.o ../common/qprthdr.o ../common/q2norm.o ../common/qcopy.o ../common/qeps.o ../common/qerbit.o ../common/qfloat.o ../common/qgamma.o ../common/qinf.o ../common/qlog2.o ../common/qnan.o ../common/qpsi.o ../common/qstore.o ../common/qstorf.o ../common/qvsum.o ../common/isqnan.o ../common/qpythg.o ../common/qtql1.o ../common/trapit.o
ifort -g -O -I../common   -c -o tqglf6.o tqglf6.f
ifort -g -O -I../common   -o tqglf6 tqglf6.o qglqf.o qglqli.o qglqfd.o qglqrc.o ../common/qprthdr.o ../common/q2norm.o ../common/qcopy.o ../common/qeps.o ../common/qerbit.o ../common/qfloat.o ../common/qgamma.o ../common/qinf.o ../common/qlog2.o ../common/qnan.o ../common/qpsi.o ../common/qstore.o ../common/qstorf.o ../common/qvsum.o ../common/isqnan.o ../common/qpythg.o ../common/qtql1.o ../common/trapit.o
ifort -g -O -I../common   -c -o tqglfd1.o tqglfd1.f
ifort -g -O -I../common   -o tqglfd1 tqglfd1.o qglqli.o qglqfd.o qglqrc.o ../common/qprthdr.o ../common/q2norm.o ../common/qcopy.o ../common/qeps.o ../common/qerbit.o ../common/qfloat.o ../common/qgamma.o ../common/qinf.o ../common/qlog2.o ../common/qnan.o ../common/qpsi.o ../common/qstore.o ../common/qstorf.o ../common/qvsum.o ../common/isqnan.o ../common/qpythg.o ../common/qtql1.o ../common/trapit.o
ifort -g -O -I../common   -c -o tqglfd2.o tqglfd2.f
ifort -g -O -I../common   -o tqglfd2 tqglfd2.o qglqli.o qglqfd.o qglqrc.o ../common/qprthdr.o ../common/q2norm.o ../common/qcopy.o ../common/qeps.o ../common/qerbit.o ../common/qfloat.o ../common/qgamma.o ../common/qinf.o ../common/qlog2.o ../common/qnan.o ../common/qpsi.o ../common/qstore.o ../common/qstorf.o ../common/qvsum.o ../common/isqnan.o ../common/qpythg.o ../common/qtql1.o ../common/trapit.o
ifort -g -O -I../common   -c -o tqglfd3.o tqglfd3.f
ifort -g -O -I../common   -o tqglfd3 tqglfd3.o qglqli.o qglqfd.o qglqrc.o ../common/qprthdr.o ../common/q2norm.o ../common/qcopy.o ../common/qeps.o ../common/qerbit.o ../common/qfloat.o ../common/qgamma.o ../common/qinf.o ../common/qlog2.o ../common/qnan.o ../common/qpsi.o ../common/qstore.o ../common/qstorf.o ../common/qvsum.o ../common/isqnan.o ../common/qpythg.o ../common/qtql1.o ../common/trapit.o
ifort -g -O -I../common   -c -o tqglfd4.o tqglfd4.f
ifort -g -O -I../common   -o tqglfd4 tqglfd4.o qglqli.o qglqfd.o qglqrc.o ../common/qprthdr.o ../common/q2norm.o ../common/qcopy.o ../common/qeps.o ../common/qerbit.o ../common/qfloat.o ../common/qgamma.o ../common/qinf.o ../common/qlog2.o ../common/qnan.o ../common/qpsi.o ../common/qstore.o ../common/qstorf.o ../common/qvsum.o ../common/isqnan.o ../common/qpythg.o ../common/qtql1.o ../common/trapit.o
ifort -g -O -I../common   -c -o tqglfd5.o tqglfd5.f
ifort -g -O -I../common   -o tqglfd5 tqglfd5.o qglqli.o qglqfd.o qglqrc.o ../common/qprthdr.o ../common/q2norm.o ../common/qcopy.o ../common/qeps.o ../common/qerbit.o ../common/qfloat.o ../common/qgamma.o ../common/qinf.o ../common/qlog2.o ../common/qnan.o ../common/qpsi.o ../common/qstore.o ../common/qstorf.o ../common/qvsum.o ../common/isqnan.o ../common/qpythg.o ../common/qtql1.o ../common/trapit.o
ifort -g -O -I../common   -c -o tqglfd6.o tqglfd6.f
ifort -g -O -I../common   -o tqglfd6 tqglfd6.o qglqli.o qglqfd.o qglqrc.o ../common/qprthdr.o ../common/q2norm.o ../common/qcopy.o ../common/qeps.o ../common/qerbit.o ../common/qfloat.o ../common/qgamma.o ../common/qinf.o ../common/qlog2.o ../common/qnan.o ../common/qpsi.o ../common/qstore.o ../common/qstorf.o ../common/qvsum.o ../common/isqnan.o ../common/qpythg.o ../common/qtql1.o ../common/trapit.o
============================== Making all-qp in common
ar -r ../libgjl.a iqceil.o isqinf.o isqnan.o q2norm.o qcopy.o qeps.o qepsln.o qerbit.o qfloat.o qfpmax.o qgamma.o qinf.o qiran.o qlgam.o qlog2.o qnan.o qpsi.o qpsiln.o qpythg.o qstore.o qstorf.o qtql1.o qvsum.o
ranlib ../libgjl.a || true
31.880u 12.850s 0:48.73 91.7%	0+0k 0+0io 268351pf+0w
for subdir in man gampsi jacobi laguerre common ; do echo ============================== Making check-dp in $subdir ; ( cd $subdir && make  prefix=/usr/local FWARN="" FOPT="-O" check-dp ) ; done
============================== Making check-dp in man
There is no validation suite in this directory
============================== Making check-dp in gampsi
Checking tdgen ...
File differences are made with: /usr/local/bin/ndiff --relerr 5.0e-11 --minwidth 10
cos001
okay/cos001.out cos001.out differ: byte 137, line 7
### Maximum relative error in matching lines = 8.80e-17 at line 8 field 5
Checking tdgen ...
File differences are made with: /usr/local/bin/ndiff --relerr 5.0e-11 --minwidth 10
cos101
okay/cos101.out cos101.out differ: byte 147, line 7
### Maximum relative error in matching lines = 1.09e-16 at line 8110 field 5
cos102
okay/cos102.out cos102.out differ: byte 147, line 7
### Maximum relative error in matching lines = 2.05e-16 at line 10278 field 5
cos103
okay/cos103.out cos103.out differ: byte 147, line 7
### Maximum relative error in matching lines = 1.09e-16 at line 8694 field 5
Checking tdgen ...
File differences are made with: /usr/local/bin/ndiff --relerr 5.0e-11 --minwidth 10
cos201
okay/cos201.out cos201.out differ: byte 147, line 7
### Maximum relative error in matching lines = 7.91e-14 at line 10579 field 5
14,26c14,26
< dacos( 0.00000000E+0000 ) = 1.570796326794897E+0000
< dasin( 0.00000000E+0000 ) = 0.000000000000000E+0000
< datan( 0.00000000E+0000 ) = 0.000000000000000E+0000
< dcos( 0.00000000E+0000 ) = 1.000000000000000E+0000
< dcosh( 0.00000000E+0000 ) = 1.000000000000000E+0000
< dexp( 0.00000000E+0000 ) = 1.000000000000000E+0000
< dlog( 0.00000000E+0000 ) = -Infinity
< dlog10( 0.00000000E+0000 ) = -Infinity
< dsin( 0.00000000E+0000 ) = 0.000000000000000E+0000
< dsinh( 0.00000000E+0000 ) = 0.000000000000000E+0000
< dsqrt( 0.00000000E+0000 ) = 0.000000000000000E+0000
< dtan( 0.00000000E+0000 ) = 0.000000000000000E+0000
< dtanh( 0.00000000E+0000 ) = 0.000000000000000E+0000
---
> dacos( NaN ) = NaN 
> dasin( NaN ) = NaN 
> datan( NaN ) = NaN 
> dcos( NaN ) = NaN 
> dcosh( NaN ) = NaN 
> dexp( NaN ) = NaN 
> dlog( NaN ) = NaN 
> dlog10( NaN ) = NaN 
> dsin( NaN ) = NaN 
> dsinh( NaN ) = NaN 
> dsqrt( NaN ) = NaN 
> dtan( NaN ) = NaN 
> dtanh( NaN ) = NaN 
Checking tdgen ...
File differences are made with: /usr/local/bin/ndiff --relerr 5.0e-11 --minwidth 10
exp001
okay/exp001.out exp001.out differ: byte 137, line 7
### Maximum relative error in matching lines = 8.86e-17 at line 15 field 5
Checking tdgen ...
File differences are made with: /usr/local/bin/ndiff --relerr 5.0e-11 --minwidth 10
exp101
okay/exp101.out exp101.out differ: byte 147, line 7
### Maximum relative error in matching lines = 1.10e-16 at line 4628 field 5
Checking tdfpmx ...
File differences are made with: /usr/local/bin/ndiff --relerr 5.0e-11 --minwidth 10
dfpm01
okay/dfpm01.out dfpm01.out differ: byte 38, line 1
Checking tdgen ...
File differences are made with: /usr/local/bin/ndiff --relerr 5.0e-11 --minwidth 10
gam001
okay/gam001.out gam001.out differ: byte 175, line 9
21c21
< 2                  NaN     0 0                                                       NaN 0 0
--- field 5
> 2  NaN                         0 0  Infinity                  0 0
### Maximum relative error in matching lines = 4.49e-15 at line 104 field 5
Checking tdgen ...
File differences are made with: /usr/local/bin/ndiff --relerr 5.0e-11 --minwidth 10
gam101
okay/gam101.out gam101.out differ: byte 189, line 9
### Maximum relative error in matching lines = 2.15e-15 at line 8979 field 5
gam102
okay/gam102.out gam102.out differ: byte 188, line 9
8271c8271
< 2          -1437881687.   -23 0  3.2190259996495262768898388506609774067541016948562e-310 0 0
--- field 5	relative error 1.0e+00
> 2          -1437881687.   -23 0  0.000000000000000000E+000 0 0
8284c8284
< 2          -1435865686.   -23 0  2.1060033022938082473490931178187079067949119021935e-309 0 0
--- field 5	relative error 1.0e+00
> 2          -1435865686.   -23 0  0.000000000000000000E+000 0 0
8620c8620
< 2          -1436046166.   -23 0  1.6936814422437231751404174180212959399367164942901e-309 0 0
--- field 5	relative error 1.0e+00
> 2          -1436046166.   -23 0  0.000000000000000000E+000 0 0
8730c8730
< 2          -1436918615.   -23 0  6.9878452180838503989704325835311805201380625187489e-310 0 0
--- field 5	relative error 1.0e+00
> 2          -1436918615.   -23 0  0.000000000000000000E+000 0 0
### Maximum relative error in matching lines = 2.28e-15 at line 8979 field 5
gam103
okay/gam103.out gam103.out differ: byte 188, line 9
### Maximum relative error in matching lines = 6.00e-16 at line 5666 field 5
Checking tdgen ...
File differences are made with: /usr/local/bin/ndiff --relerr 5.0e-11 --minwidth 10
gam301
okay/gam301.out gam301.out differ: byte 206, line 9
### Maximum relative error in matching lines = 8.90e-16 at line 10082 field 5
Checking tdgen ...
File differences are made with: /usr/local/bin/ndiff --relerr 5.0e-11 --minwidth 10
lga001
okay/lga001.out lga001.out differ: byte 143, line 7
7c7
< 2                    0.     0 0                                                  Infinity 0 0
--- field 5
> 2                    0.0       0 0  NaN                       0 0
12c12
< 2                  Inf     0 0                                                  Infinity 0 0
--- field 5
> 2  Infinity                    0 0  NaN                       0 0
### Maximum relative error in matching lines = 3.34e-17 at line 10 field 5


Checking tdgen ...
File differences are made with: /usr/local/bin/ndiff --relerr 5.0e-11 --minwidth 10
lga101
okay/lga101.out lga101.out differ: byte 153, line 7
### Maximum relative error in matching lines = 8.85e-13 at line 5514 field 5
lga102
okay/lga102.out lga102.out differ: byte 153, line 7
### Maximum relative error in matching lines = 1.88e-13 at line 3559 field 5
lga103
okay/lga103.out lga103.out differ: byte 153, line 7
### Maximum relative error in matching lines = 6.89e-13 at line 6002 field 5
Checking tdgen ...
File differences are made with: /usr/local/bin/ndiff --relerr 5.0e-11 --minwidth 10
lga201
okay/lga201.out lga201.out differ: byte 153, line 7
### Maximum relative error in matching lines = 1.17e-15 at line 84 field 5
Checking tdgen ...
File differences are made with: /usr/local/bin/ndiff --relerr 5.0e-11 --minwidth 10
log001
okay/log001.out log001.out differ: byte 137, line 7
### Maximum relative error in matching lines = 8.24e-17 at line 12 field 5
Checking tdgen ...
File differences are made with: /usr/local/bin/ndiff --relerr 5.0e-11 --minwidth 10
log101
okay/log101.out log101.out differ: byte 146, line 7
### Maximum relative error in matching lines = 1.10e-16 at line 7436 field 5
log102
okay/log102.out log102.out differ: byte 146, line 7
### Maximum relative error in matching lines = 1.09e-16 at line 7677 field 5
log103
okay/log103.out log103.out differ: byte 146, line 7
### Maximum relative error in matching lines = 1.09e-16 at line 4520 field 5
Checking tdgen ...
File differences are made with: /usr/local/bin/ndiff --relerr 5.0e-11 --minwidth 10
psi001
okay/psi001.out psi001.out differ: byte 261, line 10
10c10
< 2                    0.0       0 0 Infinity                                                   0 0
--- field 5
> 2                    0.0       0 0  -Infinity                 0 0
### Maximum relative error in matching lines = 3.82e-16 at line 13 field 5
psi002
okay/psi002.out psi002.out differ: byte 258, line 10
### Maximum relative error in matching lines = 3.91e-16 at line 13 field 5
psi003
okay/psi003.out psi003.out differ: byte 261, line 10
psi006
okay/psi006.out psi006.out differ: byte 228, line 10
10c10
< 2 1.0   -1030 0 Infinity 0 0
--- field 3	relative error 9.80e-03
> 2                    0.0   -1020 0  Infinity                  0 0
Checking tdgen ...
File differences are made with: /usr/local/bin/ndiff --relerr 5.0e-11 --minwidth 10
psi101
okay/psi101.out psi101.out differ: byte 258, line 10
### Maximum relative error in matching lines = 1.24e-15 at line 22 field 5
psi102
okay/psi102.out psi102.out differ: byte 259, line 10
### Maximum relative error in matching lines = 4.71e-13 at line 4150 field 5
psi103
okay/psi103.out psi103.out differ: byte 259, line 10
### Maximum relative error in matching lines = 1.80e-13 at line 2012 field 5
psi104
okay/psi104.out psi104.out differ: byte 259, line 10
### Maximum relative error in matching lines = 1.04e-12 at line 8865 field 5
psi105
okay/psi105.out psi105.out differ: byte 259, line 10
### Maximum relative error in matching lines = 7.87e-16 at line 147 field 5
psi106
okay/psi106.out psi106.out differ: byte 258, line 10
### Maximum relative error in matching lines = 1.78e-13 at line 2774 field 5
psi107
okay/psi107.out psi107.out differ: byte 258, line 10
### Maximum relative error in matching lines = 7.39e-16 at line 8644 field 5
Checking tdgen ...
File differences are made with: /usr/local/bin/ndiff --relerr 5.0e-11 --minwidth 10
psi201
okay/psi201.out psi201.out differ: byte 258, line 10
### Maximum relative error in matching lines = 2.09e-11 at line 5355 field 5
Checking tdgen ...
File differences are made with: /usr/local/bin/ndiff --relerr 5.0e-11 --minwidth 10
psi301
okay/psi301.out psi301.out differ: byte 258, line 10
594c594
< 2      411412694194466.   -48 0  -6.1802488015664439647238121063477644856283013443788e-07 0 0
--- field 5	relative error 1.49e-10
> 2      411412694194466.   -48 0 -6.180248800642316648E-007 0 0
783c783
< 2      411413390220839.   -48 0   1.7748167241617083167371537623262527001767843780159e-06 0 0
--- field 5	relative error 5.20e-11
> 2      411413390220839.   -48 0  1.774816724254120930E-006 0 0
1487c1487
< 2      411412393412503.   -48 0  -1.6520729982109412435971534931302284089403241886939e-06 0 0
--- field 5	relative error 5.59e-11
> 2      411412393412503.   -48 0 -1.652072998118528410E-006 0 0
1732c1732
< 2      411412983380015.   -48 0   3.7615536572445759201778310433602264910649253259504e-07 0 0
--- field 5	relative error 2.45e-10
> 2      411412983380015.   -48 0  3.761553658168701796E-007 0 0
1946c1946
< 2      411413243091349.   -48 0   1.2690065071606977475468607373060078864748307261103e-06 0 0
--- field 5	relative error 7.28e-11
> 2      411413243091349.   -48 0  1.269006507253110214E-006 0 0
2011c2011
< 2      411412713843943.   -48 0  -5.5047264422329787807440042828880375091050399690713e-07 0 0
--- field 5	relative error 1.67e-10
> 2      411412713843943.   -48 0 -5.504726441308852657E-007 0 0
2196c2196
< 2      411413233266610.   -48 0   1.2352304461312808123017730996062502465305241794646e-06 0 0
--- field 5	relative error 7.48e-11
> 2      411413233266610.   -48 0  1.235230446223693309E-006 0 0
2378c2378
< 2      411412565264902.   -48 0  -1.0612673353967982279221483261730962521031883681070e-06 0 0
--- field 5	relative error 8.70e-11
> 2      411412565264902.   -48 0 -1.061267335304385413E-006 0 0
2650c2650
< 2      411412600054141.   -48 0  -9.4166660464395820871000745837830583249586381974072e-07 0 0
--- field 5	relative error 9.81e-11
> 2      411412600054141.   -48 0 -9.416666045515452954E-007 0 0
3259c3259
< 2      411412363938287.   -48 0  -1.7534014610083766351397423131114077764812708336364e-06 0 0
--- field 5	relative error 5.27e-11
> 2      411412363938287.   -48 0 -1.753401460915964296E-006 0 0
3520c3520
< 2      411412524999579.   -48 0  -1.1996941242768497795951126432460751985266724130563e-06 0 0
--- field 5	relative error 7.70e-11
> 2      411412524999579.   -48 0 -1.199694124184436973E-006 0 0
3554c3554
< 2      411412998519777.   -48 0   4.2820376480161186261751810728503645284177163862111e-07 0 0
--- field 5	relative error 2.15e-10
> 2      411412998519777.   -48 0  4.282037648940244078E-007 0 0
3764c3764
< 2      411412465648493.   -48 0  -1.4037352437763250605002023392789351580374190886355e-06 0 0
--- field 5	relative error 6.58e-11
> 2      411412465648493.   -48 0 -1.403735243683912240E-006 0 0
3997c3997
< 2      411413238984286.   -48 0   1.2548870064543345667427814393907045989733945527031e-06 0 0
--- field 5	relative error 7.36e-11
> 2      411413238984286.   -48 0  1.254887006546747195E-006 0 0
4121c4121
< 2      411413167392541.   -48 0   1.0087646999584071538982110232117019828663791385049e-06 0 0
--- field 5	relative error 9.16e-11
> 2      411413167392541.   -48 0  1.008764700050819691E-006 0 0
4641c4641
< 2      411413256701028.   -48 0   1.3157946539993722256924638056832744942866407996689e-06 0 0
--- field 5	relative error 7.02e-11
> 2      411413256701028.   -48 0  1.315794654091784755E-006 0 0
5864c5864
< 2      411412649016773.   -48 0  -7.7333967545967345512498233725140453686380004197266e-07 0 0
--- field 5	relative error 1.19e-10
> 2      411412649016773.   -48 0 -7.733396753672606752E-007 0 0
5994c5994
< 2      411413066568173.   -48 0   6.6214466774437011932475741931914782664922538468781e-07 0 0
--- field 5	relative error 1.39e-10
> 2      411413066568173.   -48 0  6.621446678367826978E-007 0 0
6050c6050
< 2      411412886098995.   -48 0   4.1716668676328761694099044256222081457688860710927e-08 0 0
--- field 5	relative error 2.21e-09
> 2      411412886098995.   -48 0  4.171666876874141630E-008 0 0
6410c6410
< 2      411412857913269.   -48 0  -5.5181980220919560781196763323997953108978006598747e-08 0 0
--- field 5	relative error 1.67e-09
> 2      411412857913269.   -48 0 -5.518198012850689319E-008 0 0
6575c6575
< 2      411413075346013.   -48 0   6.9232165470868875545712589096909800325932575496692e-07 0 0
--- field 5	relative error 1.33e-10
> 2      411413075346013.   -48 0  6.923216548011013277E-007 0 0
6874c6874
< 2      411412454857386.   -48 0  -1.4408336349325125650430056843401001583775144275808e-06 0 0
--- field 5	relative error 6.41e-11
> 2      411412454857386.   -48 0 -1.440833634840099631E-006 0 0
6916c6916
< 2      411413295275207.   -48 0   1.4484072011530984757223926825679985623952344768326e-06 0 0
--- field 5	relative error 6.38e-11
> 2      411413295275207.   -48 0  1.448407201245510960E-006 0 0
7200c7200
< 2      411412366595798.   -48 0  -1.7442652886930259195081425277671668566898339124091e-06 0 0
--- field 5	relative error 5.29e-11
> 2      411412366595798.   -48 0 -1.744265288600613111E-006 0 0
7570c7570
< 2      411412385037316.   -48 0  -1.6808657842597507303717120852172248869315710062481e-06 0 0
--- field 5	relative error 5.49e-11
> 2      411412385037316.   -48 0 -1.680865784167337760E-006 0 0
7858c7858
< 2      411412929505013.   -48 0   1.9094057047437880490730507307832018225431513434408e-07 0 0
--- field 5	relative error 4.83e-10
> 2      411412929505013.   -48 0  1.909405705667914523E-007 0 0
7981c7981
< 2      411412995218020.   -48 0   4.1685278301703776069982568493801737484243741208531e-07 0 0
--- field 5	relative error 2.21e-10
> 2      411412995218020.   -48 0  4.168527831094503822E-007 0 0
8260c8260
< 2      411412974843767.   -48 0   3.4680892952386412653059072991442424821086585830092e-07 0 0
--- field 5	relative error 2.66e-10
> 2      411412974843767.   -48 0  3.468089296162766607E-007 0 0
8575c8575
< 2      411412938282854.   -48 0   2.2111757432369995608803333811444754449129697994011e-07 0 0
--- field 5	relative error 4.17e-10
> 2      411412938282854.   -48 0  2.211175744161125834E-007 0 0
8683c8683
< 2      411413332158243.   -48 0   1.5752058233810093053301622367562462369458234205633e-06 0 0
--- field 5	relative error 5.86e-11
> 2      411413332158243.   -48 0  1.575205823473421984E-006 0 0
9548c9548
< 2      411412717145700.   -48 0  -5.3912165205504755341994472307409433050847641373302e-07 0 0
--- field 5	relative error 1.71e-10
> 2      411412717145700.   -48 0 -5.391216519626347661E-007 0 0
9572c9572
< 2      411412392204543.   -48 0  -1.6562258049996492904947144345258763054675461925460e-06 0 0
--- field 5	relative error 5.57e-11
> 2      411412392204543.   -48 0 -1.656225804907236582E-006 0 0
9712c9712
< 2      411412442375136.   -48 0  -1.4837459525036743838188669666747867471771364024437e-06 0 0
--- field 5	relative error 6.22e-11
> 2      411412442375136.   -48 0 -1.483745952411261510E-006 0 0
9782c9782
< 2      411412580565724.   -48 0  -1.0086651629177579504807631868174924640047325319138e-06 0 0
--- field 5	relative error 9.16e-11
> 2      411412580565724.   -48 0 -1.008665162825345322E-006 0 0
### Maximum relative error in matching lines = 4.61e-11 at line 953 field 5
Checking tdgen ...
File differences are made with: /usr/local/bin/ndiff --relerr 5.0e-11 --minwidth 10
psi402
okay/psi402.out psi402.out differ: byte 259, line 10
### Maximum relative error in matching lines = 6.35e-14 at line 7720 field 5
Checking tdgen ...
File differences are made with: /usr/local/bin/ndiff --relerr 5.0e-11 --minwidth 10
psi601
okay/psi601.out psi601.out differ: byte 258, line 10
### Maximum relative error in matching lines = 2.77e-16 at line 9599 field 5
psi602
okay/psi602.out psi602.out differ: byte 259, line 10
### Maximum relative error in matching lines = 3.17e-16 at line 8761 field 5
Checking tdgen ...
File differences are made with: /usr/local/bin/ndiff --relerr 5.0e-11 --minwidth 10
pln001
okay/pln001.out pln001.out differ: byte 284, line 11
### Maximum relative error in matching lines = 6.02e-16 at line 15 field 5
Checking tdgen ...
File differences are made with: /usr/local/bin/ndiff --relerr 5.0e-11 --minwidth 10
pln101
okay/pln101.out pln101.out differ: byte 295, line 11
### Maximum relative error in matching lines = 3.28e-15 at line 8804 field 5
Checking tdgen ...
File differences are made with: /usr/local/bin/ndiff --relerr 5.0e-11 --minwidth 10
pln201
okay/pln201.out pln201.out differ: byte 295, line 11
### Maximum relative error in matching lines = 1.93e-15 at line 33 field 5
Checking tdgen ...
File differences are made with: /usr/local/bin/ndiff --relerr 5.0e-11 --minwidth 10
sin001
okay/sin001.out sin001.out differ: byte 137, line 7
### Maximum relative error in matching lines = 6.45e-17 at line 14 field 5
Checking tdgen ...
File differences are made with: /usr/local/bin/ndiff --relerr 5.0e-11 --minwidth 10
sin101
okay/sin101.out sin101.out differ: byte 147, line 7
### Maximum relative error in matching lines = 1.09e-16 at line 3324 field 5
sin102
okay/sin102.out sin102.out differ: byte 147, line 7
### Maximum relative error in matching lines = 1.09e-16 at line 2070 field 5
sin103
okay/sin103.out sin103.out differ: byte 147, line 7
### Maximum relative error in matching lines = 1.09e-16 at line 4667 field 5
Checking tdgen ...
File differences are made with: /usr/local/bin/ndiff --relerr 5.0e-11 --minwidth 10
sin201
okay/sin201.out sin201.out differ: byte 147, line 7
### Maximum relative error in matching lines = 2.25e-15 at line 9867 field 5
Checking tdgen ...
File differences are made with: /usr/local/bin/ndiff --relerr 5.0e-11 --minwidth 10
tan001
okay/tan001.out tan001.out differ: byte 137, line 7
### Maximum relative error in matching lines = 8.47e-17 at line 14 field 5
Checking tdgen ...
File differences are made with: /usr/local/bin/ndiff --relerr 5.0e-11 --minwidth 10
tan101
okay/tan101.out tan101.out differ: byte 147, line 7
### Maximum relative error in matching lines = 1.10e-16 at line 3366 field 5
tan102
okay/tan102.out tan102.out differ: byte 147, line 7
### Maximum relative error in matching lines = 1.10e-16 at line 3783 field 5
Checking tdgen ...
File differences are made with: /usr/local/bin/ndiff --relerr 5.0e-11 --minwidth 10
tan201
okay/tan201.out tan201.out differ: byte 147, line 7
### Maximum relative error in matching lines = 7.90e-14 at line 10579 field 5
============================== Making check-dp in jacobi
(cd ../common; make lib-dp)
ar -r ../libgjl.a d2norm.o dcopy.o deps.o derbit.o dfloat.o dfpmax.o dgamma.o dinf.o diran.o dlgam.o dlog2.o dnan.o dpsi.o dpsiln.o dran.o dstore.o dstorf.o dvsum.o ffalse.o ftrue.o getnan.o idceil.o isdinf.o isdnan.o pythag.o tql1.o
ranlib ../libgjl.a || true
ar -r ../libgjl.a gjqf.o gjqfd.o gjqli.o gjqrc.o
ranlib ../libgjl.a || true
========================================================================
There should be no output from these tests, except their names. If
ndiff is available, there will also be reports of the maximum absolute
and relative errors found. If small numeric differences are reported,
then YOU must decide whether they are significant. You can do
         make check RELERR=xxx
to rerun the tests with a different relative error tolerance, where xxx
is either a suitable small positive floating-point number, or else a
value >= 1.0, meaning that multiple of the machine epsilon.
========================================================================
Checking tgjf1 ...
File differences are made with: /usr/local/bin/ndiff --relerr 1.0e-10 --minwidth 10 --abserr 0
gjf101
### Maximum relative error in matching lines = 1.78e-14 at line 82 field 5
### Maximum relative error in matching lines = 2.02e-15 at line 15 field 6
gjf102
### Maximum relative error in matching lines = 1.43e-13 at line 34 field 5
### Maximum relative error in matching lines = 2.80e-14 at line 106 field 6
gjf103
### Maximum relative error in matching lines = 5.83e-13 at line 196 field 5
### Maximum relative error in matching lines = 2.72e-14 at line 106 field 6
gjf104
472c472
<   Minimum relative error =   0.00E+00       0.00 ulps       0.00 bits at nquad =   25
--- field 13	relative error 2.0e+00
>   Minimum relative error =  -1.65E-16      -0.74 ulps       0.43 bits at nquad =   75
### Maximum relative error in matching lines = 9.01e-12 at line 321 field 5
### Maximum relative error in matching lines = 4.39e-14 at line 301 field 6
gjf105
Checking tgjf2 ...
File differences are made with: /usr/local/bin/ndiff --relerr 1.0e-10 --minwidth 10 --abserr 0
gjf201
### Maximum relative error in matching lines = 1.78e-14 at line 82 field 5
gjf202
### Maximum relative error in matching lines = 1.43e-13 at line 34 field 5
gjf203
### Maximum relative error in matching lines = 5.83e-13 at line 196 field 5
gjf204
### Maximum relative error in matching lines = 9.01e-12 at line 321 field 5
### Maximum relative error in matching lines = 9.32e-19 at line 107 field 6
gjf205
Checking tgjfd1 ...
File differences are made with: /usr/local/bin/ndiff --relerr 1.0e-10 --minwidth 10 --abserr 0
gjfd101
### Maximum relative error in matching lines = 3.24e-15 at line 106 field 3
### Maximum relative error in matching lines = 1.60e-15 at line 84 field 6
gjfd102
### Maximum relative error in matching lines = 1.19e-14 at line 305 field 3
### Maximum relative error in matching lines = 8.28e-15 at line 205 field 6
gjfd103
### Maximum relative error in matching lines = 2.58e-14 at line 329 field 2
### Maximum relative error in matching lines = 2.58e-14 at line 206 field 6
gjfd104
472c472
<   Minimum relative error =   0.00E+00       0.00 ulps       0.00 bits at nquad =   25
--- field 13	relative error 2.0e+00
>   Minimum relative error =   0.00E+00       0.00 ulps       0.00 bits at nquad =   75
### Maximum relative error in matching lines = 7.44e-14 at line 448 field 3
### Maximum relative error in matching lines = 4.99e-14 at line 297 field 6
gjfd105
Checking tgjfd2 ...
File differences are made with: /usr/local/bin/ndiff --relerr 1.0e-10 --minwidth 10 --abserr 0
gjfd201
### Maximum relative error in matching lines = 1.01e-14 at line 109 field 3
gjfd202
### Maximum relative error in matching lines = 2.82e-14 at line 163 field 3
gjfd203
### Maximum relative error in matching lines = 2.47e-14 at line 148 field 3
gjfd204
### Maximum relative error in matching lines = 1.75e-14 at line 247 field 4
### Maximum relative error in matching lines = 9.32e-19 at line 107 field 6
gjfd205
============================== Making check-dp in laguerre
(cd ../common; make lib-dp)
ar -r ../libgjl.a d2norm.o dcopy.o deps.o derbit.o dfloat.o dfpmax.o dgamma.o dinf.o diran.o dlgam.o dlog2.o dnan.o dpsi.o dpsiln.o dran.o dstore.o dstorf.o dvsum.o ffalse.o ftrue.o getnan.o idceil.o isdinf.o isdnan.o pythag.o tql1.o
ranlib ../libgjl.a || true
ar -r ../libgjl.a glqf.o glqfd.o glqli.o glqrc.o
ranlib ../libgjl.a || true
========================================================================
There should be no output from these tests, except their names. If
ndiff is available, there will also be reports of the maximum absolute
and relative errors found. If small numeric differences are reported,
then YOU must decide whether they are significant. You can do
         make check RELERR=xxx
to rerun the tests with a different relative error tolerance, where xxx
is either a suitable small positive floating-point number, or else a
value >= 1.0, meaning that multiple of the machine epsilon.
========================================================================
Checking tglf1 ...
File differences are made with: /usr/local/bin/ndiff --relerr 1.0e-10 --minwidth 10 --abserr 0
glf101
### Maximum relative error in matching lines = 2.24e-13 at line 174 field 6
### Maximum relative error in matching lines = 1.25e-14 at line 38 field 5
glf102
331c331
<   Minimum relative error =  -8.12E-16      -3.66 ulps       1.87 bits at nquad =   95
--- field 13	relative error 2.8e+00
>   Minimum relative error =   1.38E-16       0.62 ulps       0.69 bits at nquad =   25
### Maximum relative error in matching lines = 4.86e-13 at line 295 field 6
### Maximum relative error in matching lines = 2.05e-14 at line 24 field 5
glf103
330c330
<   Maximum relative error =   5.34E-14     240.27 ulps       7.91 bits at nquad =   95
--- field 13	relative error 2.66e-01
>   Maximum relative error =  -4.66E-14    -209.79 ulps       7.71 bits at nquad =   75
### Maximum relative error in matching lines = 9.45e-13 at line 211 field 5
### Maximum relative error in matching lines = 5.29e-14 at line 40 field 5
glf104
### Maximum relative error in matching lines = 6.28e-13 at line 305 field 6
### Maximum relative error in matching lines = 1.17e-13 at line 40 field 5
glf105
331c331
<   Minimum relative error =   1.36E-16       0.61 ulps       0.70 bits at nquad =   75
--- field 13	relative error 2.0e+00
>   Minimum relative error =   0.00E+00       0.00 ulps       0.00 bits at nquad =   25
### Maximum relative error in matching lines = 4.42e-13 at line 114 field 6
### Maximum relative error in matching lines = 1.32e-14 at line 39 field 5
glf106
325c325
<   Maximum relative error =   2.05E-14      92.41 ulps       6.53 bits at nquad =   75
--- field 13	relative error 2.0e-01
>   Maximum relative error =   2.34E-14     105.54 ulps       6.72 bits at nquad =   90
### Maximum relative error in matching lines = 9.34e-13 at line 212 field 6
### Maximum relative error in matching lines = 1.29e-14 at line 39 field 5
glf107
### Maximum relative error in matching lines = 7.46e-13 at line 211 field 6
### Maximum relative error in matching lines = 1.80e-14 at line 54 field 5
glf108
### Maximum relative error in matching lines = 4.59e-13 at line 115 field 6
### Maximum relative error in matching lines = 2.80e-14 at line 39 field 5
glf109
### Maximum relative error in matching lines = 1.17e-14 at line 20 field 6
### Maximum relative error in matching lines = 1.56e-15 at line 17 field 5
Checking tglf2 ...
File differences are made with: /usr/local/bin/ndiff --relerr 1.0e-10 --minwidth 10 --abserr 0
glf201
104c104
<   Maximum relative error =   8.87E-14     399.33 ulps       8.64 bits at nquad =   95
--- field 13	relative error 9.19e-02
>   Maximum relative error =   8.00E-14     360.35 ulps       8.49 bits at nquad =   87
105c105
<   Minimum relative error =   0.00E+00       0.00 ulps       0.00 bits at nquad =    1
--- field 13	relative error 1.0e+00
>   Minimum relative error =   0.00E+00       0.00 ulps       0.00 bits at nquad =    2
### Maximum relative error in matching lines = 1.17e-13 at line 102 field 2
### Maximum relative error in matching lines = 1.17e-13 at line 103 field 4
glf202
Checking tglf3 ...
File differences are made with: /usr/local/bin/ndiff --relerr 1.0e-10 --minwidth 10 --abserr 0
glf301
952c952
<   Maximum relative error =  -3.71E-13   -1671.47 ulps      10.71 bits at nquad =   40 mu =  1.0000000E+02 p =    79
--- field 19	relative error 6.75e-02
>   Maximum relative error =  -2.76E-13   -1241.56 ulps      10.28 bits at nquad =   40 mu =  1.0000000E+02 p =    74
953c953
<   Minimum relative error =   0.00E+00       0.00 ulps       0.00 bits at nquad =   80 mu =  1.0000000E+00 p =     2
--- field 13	relative error 7.0e+00
>   Minimum relative error =   0.00E+00       0.00 ulps       0.00 bits at nquad =   10 mu =  1.0000000E+00 p =     5
### Maximum relative error in matching lines = 3.91e-13 at line 912 field 2
### Maximum relative error in matching lines = 3.91e-13 at line 821 field 5
glf302
Checking tglf4 ...
File differences are made with: /usr/local/bin/ndiff --relerr 1.0e-10 --minwidth 10 --abserr 0
glf401
105c105
<   Minimum relative error =   0.00E+00   0.00E+00 ulps       0.00 bits at nquad =   34 sigma =    0.1000 alpha =    0.0100
--- field 13	relative error 3.07e-01
>   Minimum relative error =   0.00E+00   0.00E+00 ulps       0.00 bits at nquad =   26 sigma =    0.1000 alpha =    0.0100
### Maximum relative error in matching lines = 1.40e-14 at line 92 field 4
### Maximum relative error in matching lines = 1.42e-14 at line 91 field 5
glf402
105c105
<   Minimum relative error =   5.46E-16   2.46E+00 ulps       1.30 bits at nquad =   31 sigma =    1.0000 alpha =    1.0000
--- field 13	relative error 1.77e+00
>   Minimum relative error =  -1.27E-15  -5.74E+00 ulps       2.52 bits at nquad =   86 sigma =    1.0000 alpha =    1.0000
### Maximum relative error in matching lines = 7.89e-14 at line 84 field 4
### Maximum relative error in matching lines = 7.90e-14 at line 83 field 5
glf403
104c104
<   Minimum relative error =   3.36E-16   1.51E+00 ulps       0.60 bits at nquad =   25 sigma =    0.0100 alpha =   -0.5000
--- field 13	relative error 5.62e-01
>   Minimum relative error =   0.00E+00   0.00E+00 ulps       0.00 bits at nquad =   16 sigma =    0.0100 alpha =   -0.5000
### Maximum relative error in matching lines = 1.88e-13 at line 96 field 4
### Maximum relative error in matching lines = 1.88e-13 at line 95 field 5
glf404
105c105
<   Minimum relative error =   0.00E+00   0.00E+00 ulps       0.00 bits at nquad =   36 sigma =    0.1000 alpha =    0.5000
--- field 13	relative error 2.27e+00
>   Minimum relative error =   0.00E+00   0.00E+00 ulps       0.00 bits at nquad =   11 sigma =    0.1000 alpha =    0.5000
### Maximum relative error in matching lines = 7.04e-15 at line 97 field 4
### Maximum relative error in matching lines = 7.02e-15 at line 96 field 5
glf405
105c105
<   Minimum relative error =   7.15E-16   3.22E+00 ulps       1.69 bits at nquad =   68 sigma =    2.0000 alpha =    1.0000
--- field 13	relative error 7.35e-02
>   Minimum relative error =  -4.29E-16  -1.93E+00 ulps       0.95 bits at nquad =   73 sigma =    2.0000 alpha =    1.0000
### Maximum relative error in matching lines = 5.16e-14 at line 14 field 4
### Maximum relative error in matching lines = 5.17e-14 at line 13 field 5
glf406
### Maximum relative error in matching lines = 2.73e-14 at line 70 field 4
### Maximum relative error in matching lines = 2.75e-14 at line 69 field 5
glf407
### Maximum relative error in matching lines = 6.20e-14 at line 24 field 4
### Maximum relative error in matching lines = 6.22e-14 at line 23 field 5
glf408
### Maximum relative error in matching lines = 4.77e-13 at line 19 field 4
### Maximum relative error in matching lines = 4.77e-13 at line 18 field 5
glf409
### Maximum relative error in matching lines = 4.96e-13 at line 32 field 4
### Maximum relative error in matching lines = 4.96e-13 at line 31 field 5
glf410
### Maximum relative error in matching lines = 1.73e-15 at line 9 field 4
### Maximum relative error in matching lines = 1.80e-15 at line 8 field 5
Checking tglf5 ...
File differences are made with: /usr/local/bin/ndiff --relerr 1.0e-10 --minwidth 10 --abserr 0
glf501
### Maximum relative error in matching lines = 2.24e-13 at line 174 field 6
glf502
### Maximum relative error in matching lines = 4.86e-13 at line 295 field 6
glf503
330c330
<   Maximum relative error =   4.70E-15      21.15 ulps       4.40 bits at nquad =   95
--- field 13	relative error 9.0e-01
>   Maximum relative error =  -1.28E-14     -57.83 ulps       5.85 bits at nquad =   50
331c331
<   Minimum relative error =   0.00E+00       0.00 ulps       0.00 bits at nquad =   25
--- field 13	relative error 1.0e+00
>   Minimum relative error =   0.00E+00       0.00 ulps       0.00 bits at nquad =   50
### Maximum relative error in matching lines = 9.45e-13 at line 211 field 5
### Maximum relative error in matching lines = 1.04e-14 at line 13 field 5
glf504
### Maximum relative error in matching lines = 6.28e-13 at line 305 field 6
glf505
### Maximum relative error in matching lines = 4.42e-13 at line 114 field 6
glf506
### Maximum relative error in matching lines = 9.34e-13 at line 212 field 6
glf507
### Maximum relative error in matching lines = 7.46e-13 at line 211 field 6
glf508
### Maximum relative error in matching lines = 4.59e-13 at line 115 field 6
glf509
Checking tglf6 ...
File differences are made with: /usr/local/bin/ndiff --relerr 1.0e-10 --minwidth 10 --abserr 0
glf601
105c105
<   Minimum relative error =   0.00E+00   0.00E+00 ulps       0.00 bits at nquad =   24 sigma =    0.1000 alpha =    0.0100
--- field 13	relative error 2.08e-01
>   Minimum relative error =   0.00E+00   0.00E+00 ulps       0.00 bits at nquad =   29 sigma =    0.1000 alpha =    0.0100
### Maximum relative error in matching lines = 5.33e-15 at line 95 field 4
### Maximum relative error in matching lines = 5.30e-15 at line 94 field 5
glf602
### Maximum relative error in matching lines = 2.00e-16 at line 87 field 4
### Maximum relative error in matching lines = 2.22e-16 at line 36 field 5
glf603
### Maximum relative error in matching lines = 2.25e-16 at line 98 field 4
### Maximum relative error in matching lines = 1.95e-16 at line 99 field 5
glf604
### Maximum relative error in matching lines = 7.63e-16 at line 58 field 4
### Maximum relative error in matching lines = 2.12e-16 at line 65 field 5
glf605
### Maximum relative error in matching lines = 1.15e-15 at line 12 field 4
### Maximum relative error in matching lines = 1.17e-15 at line 11 field 5
glf606
### Maximum relative error in matching lines = 6.35e-16 at line 18 field 4
### Maximum relative error in matching lines = 3.52e-16 at line 17 field 5
glf607
### Maximum relative error in matching lines = 7.35e-16 at line 21 field 4
### Maximum relative error in matching lines = 8.16e-16 at line 20 field 5
glf608
### Maximum relative error in matching lines = 9.06e-14 at line 24 field 4
### Maximum relative error in matching lines = 9.07e-14 at line 23 field 5
glf609
### Maximum relative error in matching lines = 2.99e-14 at line 28 field 4
### Maximum relative error in matching lines = 2.99e-14 at line 27 field 5
glf610
Checking tglfd1 ...
File differences are made with: /usr/local/bin/ndiff --relerr 1.0e-10 --minwidth 10 --abserr 0
glfd101
325c325
<   Maximum relative error =  -4.60E-15     -20.70 ulps       4.37 bits at nquad =   75
--- field 13	relative error 5.0e-01
>   Maximum relative error =   7.22E-15      32.52 ulps       5.02 bits at nquad =   50
### Maximum relative error in matching lines = 5.90e-12 at line 50 field 4
### Maximum relative error in matching lines = 3.54e-15 at line 13 field 5
glfd102
331c331
<   Minimum relative error =  -1.35E-16      -0.61 ulps       0.71 bits at nquad =   95
--- field 13	relative error 2.8e+00
>   Minimum relative error =   0.00E+00       0.00 ulps       0.00 bits at nquad =   25
### Maximum relative error in matching lines = 2.32e-13 at line 51 field 4
### Maximum relative error in matching lines = 6.33e-15 at line 24 field 5
glfd103
331c331
<   Minimum relative error =   0.00E+00       0.00 ulps       0.00 bits at nquad =   25
--- field 13	relative error 1.0e+00
>   Minimum relative error =   0.00E+00       0.00 ulps       0.00 bits at nquad =   50
### Maximum relative error in matching lines = 2.81e-13 at line 294 field 4
### Maximum relative error in matching lines = 2.80e-14 at line 40 field 5
glfd104
331c331
<   Minimum relative error =   0.00E+00       0.00 ulps       0.00 bits at nquad =   50
--- field 13	relative error 1.0e+00
>   Minimum relative error =   0.00E+00       0.00 ulps       0.00 bits at nquad =   25
### Maximum relative error in matching lines = 3.55e-13 at line 119 field 4
### Maximum relative error in matching lines = 3.54e-15 at line 25 field 5
glfd105
### Maximum relative error in matching lines = 1.98e-12 at line 114 field 4
### Maximum relative error in matching lines = 8.54e-16 at line 44 field 5
glfd106
336c336
<   Minimum relative error =   0.00E+00       0.00 ulps       0.00 bits at nquad =   75
--- field 13	relative error 2.0e+00
>   Minimum relative error =   0.00E+00       0.00 ulps       0.00 bits at nquad =   25
### Maximum relative error in matching lines = 1.18e-14 at line 211 field 4
### Maximum relative error in matching lines = 4.36e-16 at line 13 field 5
glfd107
### Maximum relative error in matching lines = 8.70e-15 at line 114 field 4
### Maximum relative error in matching lines = 3.25e-16 at line 51 field 5
glfd108
### Maximum relative error in matching lines = 1.23e-14 at line 211 field 4
### Maximum relative error in matching lines = 2.70e-16 at line 44 field 5
glfd109
### Maximum relative error in matching lines = 1.52e-14 at line 17 field 4
### Maximum relative error in matching lines = 5.77e-16 at line 8 field 5
Checking tglfd2 ...
File differences are made with: /usr/local/bin/ndiff --relerr 1.0e-10 --minwidth 10 --abserr 0
glfd201
105c105
<   Minimum relative error =   0.00E+00       0.00 ulps       0.00 bits at nquad =    1
--- field 13	relative error 2.0e+00
>   Minimum relative error =   0.00E+00       0.00 ulps       0.00 bits at nquad =    3
### Maximum relative error in matching lines = 1.32e-14 at line 99 field 2
### Maximum relative error in matching lines = 1.32e-14 at line 100 field 4
glfd202
Checking tglfd3 ...
File differences are made with: /usr/local/bin/ndiff --relerr 1.0e-10 --minwidth 10 --abserr 0
glfd301
952c952
<   Maximum relative error =  -3.62E-14    -163.03 ulps       7.35 bits at nquad =   20 mu =  1.0000000E+01 p =    10
--- field 13	relative error 1.0e+00
>   Maximum relative error =  -3.62E-14    -163.03 ulps       7.35 bits at nquad =   10 mu =  1.0000000E+01 p =    10
### Maximum relative error in matching lines = 2.07e-14 at line 690 field 2
### Maximum relative error in matching lines = 2.08e-14 at line 619 field 5
glfd302
Checking tglfd4 ...
File differences are made with: /usr/local/bin/ndiff --relerr 1.0e-10 --minwidth 10 --abserr 0
glfd401
105c105
<   Minimum relative error =   0.00E+00   0.00E+00 ulps       0.00 bits at nquad =   13 sigma =    0.1000 alpha =    0.0100
--- field 13	relative error 5.38e-01
>   Minimum relative error =   0.00E+00   0.00E+00 ulps       0.00 bits at nquad =   20 sigma =    0.1000 alpha =    0.0100
### Maximum relative error in matching lines = 1.67e-14 at line 91 field 4
### Maximum relative error in matching lines = 1.69e-14 at line 90 field 5
glfd402
105c105
<   Minimum relative error =   5.46E-16   2.46E+00 ulps       1.30 bits at nquad =   41 sigma =    1.0000 alpha =    1.0000
--- field 13	relative error 5.85e-01
>   Minimum relative error =  -5.46E-16  -2.46E+00 ulps       1.30 bits at nquad =   65 sigma =    1.0000 alpha =    1.0000
### Maximum relative error in matching lines = 6.16e-14 at line 101 field 4
### Maximum relative error in matching lines = 6.17e-14 at line 100 field 5
glfd403
104c104
<   Minimum relative error =   1.34E-15   6.05E+00 ulps       2.60 bits at nquad =   21 sigma =    0.0100 alpha =   -0.5000
--- field 13	relative error 1.66e-01
>   Minimum relative error =  -5.04E-16  -2.27E+00 ulps       1.18 bits at nquad =   18 sigma =    0.0100 alpha =   -0.5000
### Maximum relative error in matching lines = 1.01e-13 at line 77 field 4
### Maximum relative error in matching lines = 1.01e-13 at line 76 field 5
glfd404
105c105
<   Minimum relative error =   0.00E+00   0.00E+00 ulps       0.00 bits at nquad =   22 sigma =    0.1000 alpha =    0.5000
--- field 13	relative error 1.75e+00
>   Minimum relative error =   0.00E+00   0.00E+00 ulps       0.00 bits at nquad =    8 sigma =    0.1000 alpha =    0.5000
### Maximum relative error in matching lines = 3.08e-15 at line 99 field 4
### Maximum relative error in matching lines = 3.05e-15 at line 98 field 5
glfd405
105c105
<   Minimum relative error =  -4.29E-16  -1.93E+00 ulps       0.95 bits at nquad =   58 sigma =    2.0000 alpha =    1.0000
--- field 13	relative error 6.20e-01
>   Minimum relative error =  -2.86E-16  -1.29E+00 ulps       0.37 bits at nquad =   94 sigma =    2.0000 alpha =    1.0000
### Maximum relative error in matching lines = 1.85e-14 at line 96 field 4
### Maximum relative error in matching lines = 1.83e-14 at line 95 field 5
glfd406
105c105
<   Minimum relative error =   9.40E-14   4.23E+02 ulps       8.73 bits at nquad =   90 sigma =    3.0000 alpha =    0.2000
--- field 13	relative error 3.33e-02
>   Minimum relative error =   9.47E-14   4.27E+02 ulps       8.74 bits at nquad =   93 sigma =    3.0000 alpha =    0.2000
### Maximum relative error in matching lines = 2.62e-14 at line 16 field 4
### Maximum relative error in matching lines = 2.63e-14 at line 15 field 5
glfd407
### Maximum relative error in matching lines = 1.15e-14 at line 101 field 4
### Maximum relative error in matching lines = 1.17e-14 at line 100 field 5
glfd408
### Maximum relative error in matching lines = 1.94e-13 at line 20 field 4
### Maximum relative error in matching lines = 1.94e-13 at line 19 field 5
glfd409
### Maximum relative error in matching lines = 9.71e-14 at line 34 field 4
### Maximum relative error in matching lines = 9.70e-14 at line 33 field 5
glfd410
### Maximum relative error in matching lines = 9.97e-15 at line 8 field 4
### Maximum relative error in matching lines = 1.01e-14 at line 7 field 5
Checking tglfd5 ...
File differences are made with: /usr/local/bin/ndiff --relerr 1.0e-10 --minwidth 10 --abserr 0
glfd501
### Maximum relative error in matching lines = 5.90e-12 at line 50 field 4
glfd502
### Maximum relative error in matching lines = 2.32e-13 at line 51 field 4
glfd503
330c330
<   Maximum relative error =   4.70E-15      21.15 ulps       4.40 bits at nquad =   95
--- field 13	relative error 9.0e-01
>   Maximum relative error =  -1.28E-14     -57.83 ulps       5.85 bits at nquad =   50
331c331
<   Minimum relative error =   0.00E+00       0.00 ulps       0.00 bits at nquad =   25
--- field 13	relative error 1.0e+00
>   Minimum relative error =   0.00E+00       0.00 ulps       0.00 bits at nquad =   50
### Maximum relative error in matching lines = 2.81e-13 at line 294 field 4
### Maximum relative error in matching lines = 1.04e-14 at line 13 field 5
glfd504
### Maximum relative error in matching lines = 3.55e-13 at line 119 field 4
glfd505
### Maximum relative error in matching lines = 1.98e-12 at line 114 field 4
glfd506
### Maximum relative error in matching lines = 5.88e-15 at line 211 field 4
glfd507
### Maximum relative error in matching lines = 8.70e-15 at line 114 field 4
glfd508
### Maximum relative error in matching lines = 5.27e-15 at line 115 field 4
glfd509
Checking tglfd6 ...
File differences are made with: /usr/local/bin/ndiff --relerr 1.0e-10 --minwidth 10 --abserr 0
glfd601
105c105
<   Minimum relative error =   0.00E+00   0.00E+00 ulps       0.00 bits at nquad =   24 sigma =    0.1000 alpha =    0.0100
--- field 13	relative error 2.08e-01
>   Minimum relative error =   0.00E+00   0.00E+00 ulps       0.00 bits at nquad =   29 sigma =    0.1000 alpha =    0.0100
### Maximum relative error in matching lines = 5.33e-15 at line 95 field 4
### Maximum relative error in matching lines = 5.30e-15 at line 94 field 5
glfd602
### Maximum relative error in matching lines = 2.00e-16 at line 87 field 4
### Maximum relative error in matching lines = 2.22e-16 at line 36 field 5
glfd603
### Maximum relative error in matching lines = 2.25e-16 at line 98 field 4
### Maximum relative error in matching lines = 1.95e-16 at line 99 field 5
glfd604
### Maximum relative error in matching lines = 7.63e-16 at line 58 field 4
### Maximum relative error in matching lines = 2.12e-16 at line 65 field 5
glfd605
### Maximum relative error in matching lines = 1.15e-15 at line 12 field 4
### Maximum relative error in matching lines = 1.17e-15 at line 11 field 5
glfd606
### Maximum relative error in matching lines = 6.35e-16 at line 18 field 4
### Maximum relative error in matching lines = 3.52e-16 at line 17 field 5
glfd607
### Maximum relative error in matching lines = 7.35e-16 at line 21 field 4
### Maximum relative error in matching lines = 8.16e-16 at line 20 field 5
glfd608
### Maximum relative error in matching lines = 9.06e-14 at line 24 field 4
### Maximum relative error in matching lines = 9.07e-14 at line 23 field 5
glfd609
### Maximum relative error in matching lines = 2.99e-14 at line 28 field 4
### Maximum relative error in matching lines = 2.99e-14 at line 27 field 5
glfd610
============================== Making check-dp in common
ar -r ../libgjl.a d2norm.o dcopy.o deps.o derbit.o dfloat.o dfpmax.o dgamma.o dinf.o diran.o dlgam.o dlog2.o dnan.o dpsi.o dpsiln.o dran.o dstore.o dstorf.o dvsum.o ffalse.o ftrue.o getnan.o idceil.o isdinf.o isdnan.o pythag.o tql1.o
ranlib ../libgjl.a || true
ar -r ../libgjl.a aeps.o afpmax.o ainf.o airan.o algam.o alog2.o anan.o astore.o astorf.o avsum.o gamma.o iceil.o isainf.o isanan.o psi.o psiln.o ran.o
ranlib ../libgjl.a || true
There is no validation suite in this directory
207.680u 18.610s 3:49.88 98.4%	0+0k 0+0io 199859pf+0w
============================================================
Disk free report for /local/build/ifort:
			Filesystem           1K-blocks      Used Available Use% Mounted on
			/dev/sda1             15622740  13700888   1128244  93% /
Remote date:            2004.03.19.17.17.44
============================================================
