============================================================
/usr/bin/.: Permission denied.
Machinetype:            Apple PowerMac G3 (267 MHz);    GNU/Linux 2.4.19-4a (Yellow Dog Linux release 2.3 (Dayton))
System status:            1:40pm  up 76 days,  2:06,  3 users,  load average: 0.08, 0.02, 0.01
Package:                quadlog-gampsi
Archive:                /home/0077/sy/beebe/build//quadlog-gampsi.tar.gz
Date:                   2004.06.14.13.40.42
Local user:             beebe
Local host:             psi.math.utah.edu
Local log directory:    /home/0077/sy/beebe/build/logs/quadlog-gampsi
Local log file:         quadlog-gampsi.henry.math.utah.edu.2004.06.14.13.40.42.log
Remote user:            beebe
Remote host:            henry.math.utah.edu
Remote directory:       /local/build/f77
Remote date:            2004.06.14.13.40.44
Remote uname:           Linux henry.math.utah.edu 2.4.19-4a #1 Wed Jun 5 01:34:59 EDT 2002 ppc unknown unknown GNU/Linux
Remote gcc version:     gcc (GCC) 3.2.2
Remote g++ version:     g++ (GCC) 3.2.2
Remote gcc3 version:    
Remote g++3 version:    
Configure environment:  CC=gcc CXX=g++ F77=f77 FC=f77 LDFLAGS="-Wl,-rpath,/usr/local/lib" 
Extra environment:      
Configure flags:        
Make all targets:       
Make check targets:     check
Disk free report for /local/build/f77/quadlog-gampsi:
gcc3: Command not found.
g++3: Command not found.
			Filesystem           1K-blocks      Used Available Use% Mounted on
			/dev/hda9             71725368   9390452  58691476  14% /
Environment:
			DVIPSHEADERS=.:/usr/local/lib/tex/ps:/usr/local/lib/tex/fonts/ps:/usr/local/lib/tex/fonts/vf:/usr/local/lib/tex/fonts/old/vf:/usr/local/lib/tex/fonts/postscript/cmpsfont/pfb
			GROUP=wheel
			HOME=/u/sy/beebe
			HOST=henry.math.utah.edu
			HOSTALIAS=henry
			HOSTTYPE=powerpc
			INDOMAIN=math.utah.edu
			INFO=/usr/local/plot79
			LOGNAME=beebe
			LS_COLORS=no=00:fi=00:di=37;44:ln=01;36;44:pi=33;44:so=01;35:bd=33;44;01:cd=33;44;01:or=40;31;01:ex=01;33;44:*.tar=01;31:*.tgz=01;31:*.arj=01;31:*.taz=01;31:*.lzh=01;31:*.zip=01;31:*.z=01;31:*.Z=01;31:*.gz=01;31:*.deb=01;31:*.i386.rpm=01;31:*.src.rpm=01;30:*.jpg=01;35:*.gif=01;35:*.bmp=01;35:*.ppm=01;35:*.tga=01;35:*.xbm=01;35:*.xpm=01;35:*.tif=01;35:*.mpg=01;37;42:*.avi=01;37;42:*.mp4=01;37;42:*.qt=01;37;42:*.gl=01;37;42:*.dl=01;37;42:*.c=1;34;47:*.h=1;35;47:*.in=1;32;44:*.i=07;33;44:*ChangeLog=01;34;43:*INSTALL=301;4;43:*Makefile=01;37;42;41:*NEWS=01;34;43:*README=01;34;43:*TO-DO=01;34;43:*WHERE-FROM=01;34;43:
			MACHTYPE=powerpc
			MAIL=/var/mail/beebe
			MFINPUTS=.:/usr/local/lib/mf/macros:/usr/local/lib/mf/cm:/usr/local/lib/mf
			NCARG_ROOT=/usr/local/ncar
			OPENWINHOME=/usr/openwin
			OSTYPE=mklinux
			PAGER=/usr/bin/less
			PATH=/usr/local/bin/X11:/usr/local/bin:/usr/local/share/bin:/usr/local/bin/X11:/usr/X11R6/bin:/usr/bin/X11:/usr/local/plot79:/usr/sbin:/usr/bin:/bin:/sbin:/usr/local/etc:/usr/etc:/etc:.:/u/sy/beebe/tex/bib
			PLT=/usr/local/plot79
			PVM_ROOT=/usr/local/pvm3
			PWD=/u/sy/beebe
			SHELL=/usr/local/bin/tcsh
			SHLVL=1
			SSH_CLIENT=155.101.96.19 57051 22
			SSH_CONNECTION=155.101.96.19 57051 155.101.96.147 22
			TERM=vt100
			TEXCONFIG=.:/usr/local/lib/tex/ps:/usr/local/lib/tex/fonts/vf:/usr/local/lib/tex/fonts/old/vf
			TEXFONTS=/usr/local/lib/tex/fonts/cm/600dpi:/usr/local/lib/tex/fonts/cm/tfms:/usr/local/lib/tex/ams/amspsfnt/tfms:/usr/local/lib/tex/ams/amspsfnt/pfb:/usr/local/lib/tex/ams/amsfonts/pk-files/600dpi:/usr/local/lib/tex/ams/amsfonts/pk-files/300dpi:/usr/local/lib/tex/fonts/pandora/600dpi:/usr/local/lib/tex/fonts/pandora/tfms:/usr/local/lib/tex/fonts/concrete/600dpi:/usr/local/lib/tex/fonts/concrete/tfms:/usr/local/lib/tex/fonts/greek:/usr/local/lib/tex/lamstex/mf:/usr/local/lib/tex/fonts/pk/tfms:/usr/local/lib/tex/fonts/pk/600dpi:/usr/local/lib/tex/fonts/pk/300dpi:/usr/local/lib/tex/fonts/ps:/usr/local/lib/tex/latex2e/fonts:/usr/local/lib/tex/fonts/vf:/usr/local/lib/tex/fonts/old/vf:/usr/local/lib/tex/musictex/pk/600dpi:/usr/local/lib/tex/musictex/pk/tfms:/usr/local/lib/tex/fonts/cmcyr/600dpi:/usr/local/lib/tex/fonts/ec/600dpi:/usr/local/lib/tex/fonts/ec/tfms:/usr/local/lib/tex/fonts/ecc/600dpi:/usr/local/lib/tex/fonts/ecc/tfms:/usr/local/lib/tex/fonts/ams
			TEXINPUTS=.:/usr/local/lib/tex/inputs:/usr/local/lib/tex/fonts/ps:/usr/local/lib/tex/latex:/usr/local/lib/tex/ams/amstex:/usr/local/lib/tex/ams/amstex/doc:/usr/local/lib/tex/ams/amslatex/inputs:/usr/local/lib/tex/bibtex:/usr/local/lib/tex/fonts/ap/300dpi:/usr/local/lib/tex/tugboat:/usr/local/lib/tex/lamstex/inputs:/usr/local/lib/tex/siam:/usr/local/lib/tex/ps:/usr/local/lib/tex/fonts/pandora
			TEXPKS=/usr/local/lib/tex/fonts/cm/600dpi:/usr/local/lib/tex/fonts/cm/tfms:/usr/local/lib/tex/ams/amspsfnt/tfms:/usr/local/lib/tex/ams/amspsfnt/pfb:/usr/local/lib/tex/ams/amsfonts/pk-files/600dpi:/usr/local/lib/tex/ams/amsfonts/pk-files/300dpi:/usr/local/lib/tex/fonts/pandora/600dpi:/usr/local/lib/tex/fonts/pandora/tfms:/usr/local/lib/tex/fonts/concrete/600dpi:/usr/local/lib/tex/fonts/concrete/tfms:/usr/local/lib/tex/fonts/greek:/usr/local/lib/tex/lamstex/mf:/usr/local/lib/tex/fonts/pk/tfms:/usr/local/lib/tex/fonts/pk/600dpi:/usr/local/lib/tex/fonts/pk/300dpi:/usr/local/lib/tex/fonts/ps:/usr/local/lib/tex/latex2e/fonts:/usr/local/lib/tex/fonts/vf:/usr/local/lib/tex/fonts/old/vf:/usr/local/lib/tex/musictex/pk/600dpi:/usr/local/lib/tex/musictex/pk/tfms:/usr/local/lib/tex/fonts/cmcyr/600dpi:/usr/local/lib/tex/fonts/ec/600dpi:/usr/local/lib/tex/fonts/ec/tfms:/usr/local/lib/tex/fonts/ecc/600dpi:/usr/local/lib/tex/fonts/ecc/tfms:/usr/local/lib/tex/fonts/ams
			USER=beebe
			VENDOR=apple
			VFFONTS=.:/usr/local/lib/tex/latex2e/fonts:/usr/local/lib/tex/fonts/vf:/usr/local/lib/tex/fonts/old/vf:/usr/local/lib/tex/fonts/fontinst/contrib/helminck:/usr/local/lib/tex/fonts/malvern/vf:/usr/local/lib/tex/fonts/mathtime
			YPDOMAIN=YP.math.utah.edu
============================================================
configure: creating ./config.status
config.status: creating Makefile
configure: configuring in common
configure: running /bin/sh './configure'  --cache-file=/dev/null --srcdir=.
checking for gcc... gcc
checking for C compiler default output file name... a.out
checking whether the C compiler works... yes
checking whether we are cross compiling... no
checking for suffix of executables... 
checking for suffix of object files... o
checking whether we are using the GNU C compiler... yes
checking whether gcc accepts -g... yes
checking for gcc option to accept ANSI C... none needed
checking whether we are using the GNU Fortran 77 compiler... no
checking whether f77 accepts -g... yes
checking for autoconf... autoconf
configure: creating ./config.status
config.status: creating Makefile
configure: configuring in gampsi
configure: running /bin/sh './configure'  --cache-file=/dev/null --srcdir=.
checking for gcc... gcc
checking for C compiler default output file name... a.out
checking whether the C compiler works... yes
checking whether we are cross compiling... no
checking for suffix of executables... 
checking for suffix of object files... o
checking whether we are using the GNU C compiler... yes
checking whether gcc accepts -g... yes
checking for gcc option to accept ANSI C... none needed
checking whether we are using the GNU Fortran 77 compiler... no
checking whether f77 accepts -g... yes
checking for autoconf... autoconf
checking for gzip... gzip
checking for tar... tar
configure: creating ./config.status
config.status: creating Makefile
configure: configuring in jacobi
configure: running /bin/sh './configure'  --cache-file=/dev/null --srcdir=.
checking for gcc... gcc
checking for C compiler default output file name... a.out
checking whether the C compiler works... yes
checking whether we are cross compiling... no
checking for suffix of executables... 
checking for suffix of object files... o
checking whether we are using the GNU C compiler... yes
checking whether gcc accepts -g... yes
checking for gcc option to accept ANSI C... none needed
checking whether we are using the GNU Fortran 77 compiler... no
checking whether f77 accepts -g... yes
checking for autoconf... autoconf
configure: creating ./config.status
config.status: creating Makefile
configure: configuring in laguerre
configure: running /bin/sh './configure'  --cache-file=/dev/null --srcdir=.
checking for gcc... gcc
checking for C compiler default output file name... a.out
checking whether the C compiler works... yes
checking whether we are cross compiling... no
checking for suffix of executables... 
checking for suffix of object files... o
checking whether we are using the GNU C compiler... yes
checking whether gcc accepts -g... yes
checking for gcc option to accept ANSI C... none needed
checking whether we are using the GNU Fortran 77 compiler... no
checking whether f77 accepts -g... yes
checking for autoconf... autoconf
checking if -lm needed for math functions... yes
configure: creating ./config.status
config.status: creating Makefile
configure: configuring in man
configure: running /bin/sh './configure'  --cache-file=/dev/null --srcdir=.
checking for autoconf... autoconf
checking for deroff... deroff
checking for ps2pdf... ps2pdf
checking for man2html... man2html
configure: creating ./config.status
config.status: creating Makefile
12.11user 16.01system 0:35.83elapsed 78%CPU (0avgtext+0avgdata 0maxresident)k
0inputs+0outputs (191613major+153000minor)pagefaults 0swaps
(cd common && make  prefix=/usr/local FWARN="" FOPT="-O" all )
f77 -g -O     -c -o d2norm.o d2norm.f
d2norm.f:
   d2norm:
f77 -g -O     -c -o dcopy.o dcopy.f
dcopy.f:
   dcopy:
f77 -g -O     -c -o deps.o deps.f
deps.f:
   deps:
f77 -g -O     -c -o derbit.o derbit.f
derbit.f:
   derbit:
f77 -g -O     -c -o dfloat.o dfloat.f
dfloat.f:
   dfloat:
f77 -g -O     -c -o dfpmax.o dfpmax.f
dfpmax.f:
   dfpmax:
f77 -g -O     -c -o dgamma.o dgamma.f
dgamma.f:
   dgamma:
f77 -g -O     -c -o dinf.o dinf.f
dinf.f:
   dinf:
f77 -g -O     -c -o diran.o diran.f
diran.f:
   diran:
f77 -g -O     -c -o dlgam.o dlgam.f
dlgam.f:
   dlgam:
f77 -g -O     -c -o dlog2.o dlog2.f
dlog2.f:
   dlog2:
f77 -g -O     -c -o dnan.o dnan.f
dnan.f:
   dnan:
f77 -g -O     -c -o dpsi.o dpsi.f
dpsi.f:
   dpsi:
f77 -g -O     -c -o dpsiln.o dpsiln.f
dpsiln.f:
   dpsiln:
f77 -g -O     -c -o dran.o dran.f
dran.f:
   dran:
f77 -g -O     -c -o dstore.o dstore.f
dstore.f:
   dstore:
f77 -g -O     -c -o dstorf.o dstorf.f
dstorf.f:
   dstorf:
f77 -g -O     -c -o dvsum.o dvsum.f
dvsum.f:
   dvsum:
f77 -g -O     -c -o ffalse.o ffalse.f
ffalse.f:
   ffalse:
f77 -g -O     -c -o ftrue.o ftrue.f
ftrue.f:
   ftrue:
f77 -g -O     -c -o getnan.o getnan.f
getnan.f:
   getnan:
f77 -g -O     -c -o idceil.o idceil.f
idceil.f:
   idceil:
f77 -g -O     -c -o isdinf.o isdinf.f
isdinf.f:
   isdinf:
f77 -g -O     -c -o isdnan.o isdnan.f
isdnan.f:
   isdnan:
f77 -g -O     -c -o pythag.o pythag.f
pythag.f:
   pythag:
f77 -g -O     -c -o tql1.o tql1.f
tql1.f:
   tql1:
ar -r ../libgjl.a d2norm.o dcopy.o deps.o derbit.o dfloat.o dfpmax.o dgamma.o dinf.o diran.o dlgam.o dlog2.o dnan.o dpsi.o dpsiln.o dran.o dstore.o dstorf.o dvsum.o ffalse.o ftrue.o getnan.o idceil.o isdinf.o isdnan.o pythag.o tql1.o
ranlib ../libgjl.a || true
f77 -g -O     -c -o aeps.o aeps.f
aeps.f:
   aeps:
f77 -g -O     -c -o afpmax.o afpmax.f
afpmax.f:
   afpmax:
f77 -g -O     -c -o ainf.o ainf.f
ainf.f:
   ainf:
f77 -g -O     -c -o airan.o airan.f
airan.f:
   airan:
f77 -g -O     -c -o algam.o algam.f
algam.f:
   algam:
f77 -g -O     -c -o alog2.o alog2.f
alog2.f:
   alog2:
f77 -g -O     -c -o anan.o anan.f
anan.f:
   anan:
f77 -g -O     -c -o astore.o astore.f
astore.f:
   astore:
f77 -g -O     -c -o astorf.o astorf.f
astorf.f:
   astorf:
f77 -g -O     -c -o avsum.o avsum.f
avsum.f:
   avsum:
f77 -g -O     -c -o gamma.o gamma.f
gamma.f:
   gamma:
f77 -g -O     -c -o iceil.o iceil.f
iceil.f:
   iceil:
f77 -g -O     -c -o isainf.o isainf.f
isainf.f:
   isainf:
f77 -g -O     -c -o isanan.o isanan.f
isanan.f:
   isanan:
f77 -g -O     -c -o psi.o psi.f
psi.f:
   psi:
f77 -g -O     -c -o psiln.o psiln.f
psiln.f:
   psiln:
f77 -g -O     -c -o ran.o ran.f
ran.f:
   ran:
ar -r ../libgjl.a aeps.o afpmax.o ainf.o airan.o algam.o alog2.o anan.o astore.o astorf.o avsum.o gamma.o iceil.o isainf.o isanan.o psi.o psiln.o ran.o
ranlib ../libgjl.a || true
for subdir in man gampsi jacobi laguerre common ; do echo ============================== Making all in $subdir ; ( cd $subdir && make  prefix=/usr/local FWARN="" FOPT="-O" all ) ; done
============================== Making all in man
============================== Making all in gampsi
(cd ../common; make lib-dp)
ar -r ../libgjl.a d2norm.o dcopy.o deps.o derbit.o dfloat.o dfpmax.o dgamma.o dinf.o diran.o dlgam.o dlog2.o dnan.o dpsi.o dpsiln.o dran.o dstore.o dstorf.o dvsum.o ffalse.o ftrue.o getnan.o idceil.o isdinf.o isdnan.o pythag.o tql1.o
ranlib ../libgjl.a || true
f77 -g -O -I../common   -c -o tdgen.o tdgen.f
tdgen.f:
   MAIN tdgen:
f77 -g -O -I../common   -c -o funhdr.o funhdr.f
funhdr.f:
   funhdr:
f77 -g -O -I../common   -c -o dgen.o dgen.f
dgen.f:
   dgen:
f77 -g -O -I../common   -o tdgen tdgen.o funhdr.o dgen.o ../common/dfloat.o ../common/dinf.o ../common/diran.o ../common/dnan.o ../common/dran.o ../common/dstorf.o ../common/idceil.o ../common/isdnan.o ../common/dgamma.o ../common/dlgam.o ../common/dpsi.o ../common/dpsiln.o 
(cd ../common; make lib-sp)
ar -r ../libgjl.a aeps.o afpmax.o ainf.o airan.o algam.o alog2.o anan.o astore.o astorf.o avsum.o gamma.o iceil.o isainf.o isanan.o psi.o psiln.o ran.o
ranlib ../libgjl.a || true
f77 -g -O -I../common   -c -o tagen.o tagen.f
tagen.f:
   MAIN tagen:
f77 -g -O -I../common   -c -o agen.o agen.f
agen.f:
   agen:
f77 -g -O -I../common   -o tagen tagen.o funhdr.o agen.o ../common/ainf.o ../common/airan.o ../common/anan.o ../common/astorf.o ../common/iceil.o ../common/isanan.o ../common/ran.o ../common/algam.o ../common/dfloat.o ../common/gamma.o ../common/idceil.o ../common/psi.o ../common/psiln.o 
============================== Making all in jacobi
f77 -g -O -I../common   -c -o gjqf.o gjqf.f
gjqf.f:
   gjqf:
f77 -g -O -I../common   -c -o gjqfd.o gjqfd.f
gjqfd.f:
   gjqfd:
f77 -g -O -I../common   -c -o gjqli.o gjqli.f
gjqli.f:
   gjqli:
f77 -g -O -I../common   -c -o gjqrc.o gjqrc.f
gjqrc.f:
   gjqrc:
(cd ../common; make lib-dp)
ar -r ../libgjl.a d2norm.o dcopy.o deps.o derbit.o dfloat.o dfpmax.o dgamma.o dinf.o diran.o dlgam.o dlog2.o dnan.o dpsi.o dpsiln.o dran.o dstore.o dstorf.o dvsum.o ffalse.o ftrue.o getnan.o idceil.o isdinf.o isdnan.o pythag.o tql1.o
ranlib ../libgjl.a || true
ar -r ../libgjl.a gjqf.o gjqfd.o gjqli.o gjqrc.o
ranlib ../libgjl.a || true
f77 -g -O -I../common   -c -o tgjf1.o tgjf1.f
tgjf1.f:
   MAIN tgjf1:
f77 -g -O -I../common   -c -o ../common/prthdr.o ../common/prthdr.f
../common/prthdr.f:
   prthdr:
f77 -g -O -I../common   -c -o ../common/trapit.o ../common/trapit.f
../common/trapit.f:
   trapit:
f77 -g -O -I../common   -o tgjf1 tgjf1.o gjqf.o gjqli.o gjqrc.o gjqfd.o ../common/d2norm.o ../common/dcopy.o ../common/deps.o ../common/derbit.o ../common/dfloat.o ../common/dgamma.o ../common/dinf.o ../common/dlog2.o ../common/dnan.o ../common/dpsi.o ../common/dstore.o ../common/dstorf.o ../common/dvsum.o ../common/isdnan.o ../common/prthdr.o ../common/pythag.o ../common/tql1.o ../common/trapit.o ../libgjl.a
f77 -g -O -I../common   -c -o tgjf2.o tgjf2.f
tgjf2.f:
   MAIN tgjf2:
f77 -g -O -I../common   -o tgjf2 tgjf2.o gjqf.o gjqli.o gjqrc.o gjqfd.o ../common/d2norm.o ../common/dcopy.o ../common/deps.o ../common/derbit.o ../common/dfloat.o ../common/dgamma.o ../common/dinf.o ../common/dlog2.o ../common/dnan.o ../common/dpsi.o ../common/dstore.o ../common/dstorf.o ../common/dvsum.o ../common/isdnan.o ../common/prthdr.o ../common/pythag.o ../common/tql1.o ../common/trapit.o ../libgjl.a
f77 -g -O -I../common   -c -o tgjfd1.o tgjfd1.f
tgjfd1.f:
   MAIN tgjfd1:
f77 -g -O -I../common   -o tgjfd1 tgjfd1.o gjqfd.o ../common/d2norm.o ../common/dcopy.o ../common/deps.o ../common/derbit.o ../common/dfloat.o ../common/dgamma.o ../common/dinf.o ../common/dlog2.o ../common/dnan.o ../common/dpsi.o ../common/dstore.o ../common/dstorf.o ../common/dvsum.o ../common/isdnan.o ../common/prthdr.o ../common/pythag.o ../common/tql1.o ../common/trapit.o ../libgjl.a
f77 -g -O -I../common   -c -o tgjfd2.o tgjfd2.f
tgjfd2.f:
   MAIN tgjfd2:
f77 -g -O -I../common   -o tgjfd2 tgjfd2.o gjqfd.o ../common/d2norm.o ../common/dcopy.o ../common/deps.o ../common/derbit.o ../common/dfloat.o ../common/dgamma.o ../common/dinf.o ../common/dlog2.o ../common/dnan.o ../common/dpsi.o ../common/dstore.o ../common/dstorf.o ../common/dvsum.o ../common/isdnan.o ../common/prthdr.o ../common/pythag.o ../common/tql1.o ../common/trapit.o ../libgjl.a
============================== Making all in laguerre
f77 -g -O -I../common   -c -o glqf.o glqf.f
glqf.f:
   glqf:
f77 -g -O -I../common   -c -o glqfd.o glqfd.f
glqfd.f:
   glqfd:
f77 -g -O -I../common   -c -o glqli.o glqli.f
glqli.f:
   glqli:
f77 -g -O -I../common   -c -o glqrc.o glqrc.f
glqrc.f:
   glqrc:
Warning on line 1 of glqrc.f: dvsum declared EXTERNAL but never used.
(cd ../common; make lib-dp)
ar -r ../libgjl.a d2norm.o dcopy.o deps.o derbit.o dfloat.o dfpmax.o dgamma.o dinf.o diran.o dlgam.o dlog2.o dnan.o dpsi.o dpsiln.o dran.o dstore.o dstorf.o dvsum.o ffalse.o ftrue.o getnan.o idceil.o isdinf.o isdnan.o pythag.o tql1.o
ranlib ../libgjl.a || true
ar -r ../libgjl.a glqf.o glqfd.o glqli.o glqrc.o
ranlib ../libgjl.a || true
f77 -g -O -I../common   -c -o tglf1.o tglf1.f
tglf1.f:
   MAIN tglf1:
f77 -g -O -I../common   -o tglf1 tglf1.o glqf.o glqli.o glqfd.o glqrc.o ../common/prthdr.o ../common/d2norm.o ../common/dcopy.o ../common/deps.o ../common/derbit.o ../common/dfloat.o ../common/dgamma.o ../common/dinf.o ../common/dlog2.o ../common/dnan.o ../common/dpsi.o ../common/dstore.o ../common/dstorf.o ../common/dvsum.o ../common/isdnan.o ../common/pythag.o ../common/tql1.o ../common/trapit.o
f77 -g -O -I../common   -c -o tglf2.o tglf2.f
tglf2.f:
   MAIN tglf2:
f77 -g -O -I../common   -o tglf2 tglf2.o glqf.o glqli.o glqfd.o glqrc.o ../common/prthdr.o ../common/d2norm.o ../common/dcopy.o ../common/deps.o ../common/derbit.o ../common/dfloat.o ../common/dgamma.o ../common/dinf.o ../common/dlog2.o ../common/dnan.o ../common/dpsi.o ../common/dstore.o ../common/dstorf.o ../common/dvsum.o ../common/isdnan.o ../common/pythag.o ../common/tql1.o ../common/trapit.o
f77 -g -O -I../common   -c -o tglf3.o tglf3.f
tglf3.f:
   MAIN tglf3:
f77 -g -O -I../common   -o tglf3 tglf3.o glqf.o glqli.o glqfd.o glqrc.o ../common/prthdr.o ../common/d2norm.o ../common/dcopy.o ../common/deps.o ../common/derbit.o ../common/dfloat.o ../common/dgamma.o ../common/dinf.o ../common/dlog2.o ../common/dnan.o ../common/dpsi.o ../common/dstore.o ../common/dstorf.o ../common/dvsum.o ../common/isdnan.o ../common/pythag.o ../common/tql1.o ../common/trapit.o
f77 -g -O -I../common   -c -o tglf4.o tglf4.f
tglf4.f:
   MAIN tglf4:
f77 -g -O -I../common   -o tglf4 tglf4.o glqf.o glqli.o glqfd.o glqrc.o ../common/prthdr.o ../common/d2norm.o ../common/dcopy.o ../common/deps.o ../common/derbit.o ../common/dfloat.o ../common/dgamma.o ../common/dinf.o ../common/dlog2.o ../common/dnan.o ../common/dpsi.o ../common/dstore.o ../common/dstorf.o ../common/dvsum.o ../common/isdnan.o ../common/pythag.o ../common/tql1.o ../common/trapit.o
f77 -g -O -I../common   -c -o tglf5.o tglf5.f
tglf5.f:
   MAIN tglf5:
f77 -g -O -I../common   -o tglf5 tglf5.o glqf.o glqli.o glqfd.o glqrc.o ../common/prthdr.o ../common/d2norm.o ../common/dcopy.o ../common/deps.o ../common/derbit.o ../common/dfloat.o ../common/dgamma.o ../common/dinf.o ../common/dlog2.o ../common/dnan.o ../common/dpsi.o ../common/dstore.o ../common/dstorf.o ../common/dvsum.o ../common/isdnan.o ../common/pythag.o ../common/tql1.o ../common/trapit.o
f77 -g -O -I../common   -c -o tglf6.o tglf6.f
tglf6.f:
   MAIN tglf6:
f77 -g -O -I../common   -o tglf6 tglf6.o glqf.o glqli.o glqfd.o glqrc.o ../common/prthdr.o ../common/d2norm.o ../common/dcopy.o ../common/deps.o ../common/derbit.o ../common/dfloat.o ../common/dgamma.o ../common/dinf.o ../common/dlog2.o ../common/dnan.o ../common/dpsi.o ../common/dstore.o ../common/dstorf.o ../common/dvsum.o ../common/isdnan.o ../common/pythag.o ../common/tql1.o ../common/trapit.o
f77 -g -O -I../common   -c -o tglfd1.o tglfd1.f
tglfd1.f:
   MAIN tglfd1:
f77 -g -O -I../common   -o tglfd1 tglfd1.o glqli.o glqfd.o glqrc.o ../common/prthdr.o ../common/d2norm.o ../common/dcopy.o ../common/deps.o ../common/derbit.o ../common/dfloat.o ../common/dgamma.o ../common/dinf.o ../common/dlog2.o ../common/dnan.o ../common/dpsi.o ../common/dstore.o ../common/dstorf.o ../common/dvsum.o ../common/isdnan.o ../common/pythag.o ../common/tql1.o ../common/trapit.o
f77 -g -O -I../common   -c -o tglfd2.o tglfd2.f
tglfd2.f:
   MAIN tglfd2:
f77 -g -O -I../common   -o tglfd2 tglfd2.o glqli.o glqfd.o glqrc.o ../common/prthdr.o ../common/d2norm.o ../common/dcopy.o ../common/deps.o ../common/derbit.o ../common/dfloat.o ../common/dgamma.o ../common/dinf.o ../common/dlog2.o ../common/dnan.o ../common/dpsi.o ../common/dstore.o ../common/dstorf.o ../common/dvsum.o ../common/isdnan.o ../common/pythag.o ../common/tql1.o ../common/trapit.o
f77 -g -O -I../common   -c -o tglfd3.o tglfd3.f
tglfd3.f:
   MAIN tglfd3:
f77 -g -O -I../common   -o tglfd3 tglfd3.o glqli.o glqfd.o glqrc.o ../common/prthdr.o ../common/d2norm.o ../common/dcopy.o ../common/deps.o ../common/derbit.o ../common/dfloat.o ../common/dgamma.o ../common/dinf.o ../common/dlog2.o ../common/dnan.o ../common/dpsi.o ../common/dstore.o ../common/dstorf.o ../common/dvsum.o ../common/isdnan.o ../common/pythag.o ../common/tql1.o ../common/trapit.o
f77 -g -O -I../common   -c -o tglfd4.o tglfd4.f
tglfd4.f:
   MAIN tglfd4:
f77 -g -O -I../common   -o tglfd4 tglfd4.o glqli.o glqfd.o glqrc.o ../common/prthdr.o ../common/d2norm.o ../common/dcopy.o ../common/deps.o ../common/derbit.o ../common/dfloat.o ../common/dgamma.o ../common/dinf.o ../common/dlog2.o ../common/dnan.o ../common/dpsi.o ../common/dstore.o ../common/dstorf.o ../common/dvsum.o ../common/isdnan.o ../common/pythag.o ../common/tql1.o ../common/trapit.o
f77 -g -O -I../common   -c -o tglfd5.o tglfd5.f
tglfd5.f:
   MAIN tglfd5:
f77 -g -O -I../common   -o tglfd5 tglfd5.o glqli.o glqfd.o glqrc.o ../common/prthdr.o ../common/d2norm.o ../common/dcopy.o ../common/deps.o ../common/derbit.o ../common/dfloat.o ../common/dgamma.o ../common/dinf.o ../common/dlog2.o ../common/dnan.o ../common/dpsi.o ../common/dstore.o ../common/dstorf.o ../common/dvsum.o ../common/isdnan.o ../common/pythag.o ../common/tql1.o ../common/trapit.o
f77 -g -O -I../common   -c -o tglfd6.o tglfd6.f
tglfd6.f:
   MAIN tglfd6:
f77 -g -O -I../common   -o tglfd6 tglfd6.o glqli.o glqfd.o glqrc.o ../common/prthdr.o ../common/d2norm.o ../common/dcopy.o ../common/deps.o ../common/derbit.o ../common/dfloat.o ../common/dgamma.o ../common/dinf.o ../common/dlog2.o ../common/dnan.o ../common/dpsi.o ../common/dstore.o ../common/dstorf.o ../common/dvsum.o ../common/isdnan.o ../common/pythag.o ../common/tql1.o ../common/trapit.o
============================== Making all in common
ar -r ../libgjl.a d2norm.o dcopy.o deps.o derbit.o dfloat.o dfpmax.o dgamma.o dinf.o diran.o dlgam.o dlog2.o dnan.o dpsi.o dpsiln.o dran.o dstore.o dstorf.o dvsum.o ffalse.o ftrue.o getnan.o idceil.o isdinf.o isdnan.o pythag.o tql1.o
ranlib ../libgjl.a || true
ar -r ../libgjl.a aeps.o afpmax.o ainf.o airan.o algam.o alog2.o anan.o astore.o astorf.o avsum.o gamma.o iceil.o isainf.o isanan.o psi.o psiln.o ran.o
ranlib ../libgjl.a || true
27.540u 10.250s 0:40.01 94.4%	0+0k 0+0io 199124pf+0w
for subdir in man gampsi jacobi laguerre common ; do echo ============================== Making check-dp in $subdir ; ( cd $subdir && make  prefix=/usr/local FWARN="" FOPT="-O" check-dp ) ; done
============================== Making check-dp in man
There is no validation suite in this directory
============================== Making check-dp in gampsi
Checking tdgen ...
File differences are made with: /usr/local/bin/ndiff --relerr 5.0e-11 --minwidth 10
cos001
okay/cos001.out cos001.out differ: char 135, line 7
### Maximum relative error in matching lines = 8.80e-17 at line 8 field 5
Checking tdgen ...
File differences are made with: /usr/local/bin/ndiff --relerr 5.0e-11 --minwidth 10
cos101
okay/cos101.out cos101.out differ: char 147, line 7
### Maximum relative error in matching lines = 1.09e-16 at line 8110 field 5
cos102
okay/cos102.out cos102.out differ: char 147, line 7
### Maximum relative error in matching lines = 1.09e-16 at line 8110 field 5
cos103
okay/cos103.out cos103.out differ: char 147, line 7
### Maximum relative error in matching lines = 1.09e-16 at line 8694 field 5
Checking tdgen ...
File differences are made with: /usr/local/bin/ndiff --relerr 5.0e-11 --minwidth 10
cos201
okay/cos201.out cos201.out differ: char 147, line 7
### Maximum relative error in matching lines = 1.07e-16 at line 3989 field 5
delefun.f:
   MAIN delefun:
   f:
Checking tdgen ...
File differences are made with: /usr/local/bin/ndiff --relerr 5.0e-11 --minwidth 10
exp001
okay/exp001.out exp001.out differ: char 135, line 7
### Maximum relative error in matching lines = 8.86e-17 at line 15 field 5
Checking tdgen ...
File differences are made with: /usr/local/bin/ndiff --relerr 5.0e-11 --minwidth 10
exp101
okay/exp101.out exp101.out differ: char 147, line 7
### Maximum relative error in matching lines = 1.10e-16 at line 4628 field 5
tdfpmx.f:
   MAIN tdfpmx:
Checking tdfpmx ...
File differences are made with: /usr/local/bin/ndiff --relerr 5.0e-11 --minwidth 10
dfpm01
okay/dfpm01.out dfpm01.out differ: char 38, line 1
Checking tdgen ...
File differences are made with: /usr/local/bin/ndiff --relerr 5.0e-11 --minwidth 10
gam001
okay/gam001.out gam001.out differ: char 175, line 9
### Maximum relative error in matching lines = 4.49e-15 at line 104 field 5
Checking tdgen ...
File differences are made with: /usr/local/bin/ndiff --relerr 5.0e-11 --minwidth 10
gam101
okay/gam101.out gam101.out differ: char 189, line 9
### Maximum relative error in matching lines = 2.15e-15 at line 8979 field 5
gam102
okay/gam102.out gam102.out differ: char 188, line 9
8271c8271
< 2          -1437881687.   -23 0  3.2190259996495262768898388506609774067541016948562e-310 0 0
--- field 5	relative error 1.0e+00
> 2          -1437881687.   -23 0  0.000000000000000000E+000 0 0
8284c8284
< 2          -1435865686.   -23 0  2.1060033022938082473490931178187079067949119021935e-309 0 0
--- field 5	relative error 1.0e+00
> 2          -1435865686.   -23 0  0.000000000000000000E+000 0 0
8620c8620
< 2          -1436046166.   -23 0  1.6936814422437231751404174180212959399367164942901e-309 0 0
--- field 5	relative error 1.0e+00
> 2          -1436046166.   -23 0  0.000000000000000000E+000 0 0
8730c8730
< 2          -1436918615.   -23 0  6.9878452180838503989704325835311805201380625187489e-310 0 0
--- field 5	relative error 1.0e+00
> 2          -1436918615.   -23 0  0.000000000000000000E+000 0 0
### Maximum relative error in matching lines = 2.28e-15 at line 8979 field 5
gam103
okay/gam103.out gam103.out differ: char 188, line 9
### Maximum relative error in matching lines = 6.00e-16 at line 5666 field 5
Checking tdgen ...
File differences are made with: /usr/local/bin/ndiff --relerr 5.0e-11 --minwidth 10
gam301
okay/gam301.out gam301.out differ: char 206, line 9
### Maximum relative error in matching lines = 8.90e-16 at line 10082 field 5
Checking tdgen ...
File differences are made with: /usr/local/bin/ndiff --relerr 5.0e-11 --minwidth 10
lga001
okay/lga001.out lga001.out differ: char 141, line 7
7c7
< 2                    0.     0 0                                                  Infinity 0 0
--- field 5
> 2                     .0       0 0                        NAN 0 0
12c12
< 2                  Inf     0 0                                                  Infinity 0 0
--- field 5
> 2                    inf       0 0                        NAN 0 0
### Maximum relative error in matching lines = 3.34e-17 at line 10 field 5
Checking tdgen ...
File differences are made with: /usr/local/bin/ndiff --relerr 5.0e-11 --minwidth 10
lga101
okay/lga101.out lga101.out differ: char 153, line 7
### Maximum relative error in matching lines = 8.85e-13 at line 5514 field 5
lga102
okay/lga102.out lga102.out differ: char 153, line 7
### Maximum relative error in matching lines = 1.88e-13 at line 3559 field 5
lga103
okay/lga103.out lga103.out differ: char 153, line 7
### Maximum relative error in matching lines = 6.89e-13 at line 6002 field 5
Checking tdgen ...
File differences are made with: /usr/local/bin/ndiff --relerr 5.0e-11 --minwidth 10
lga201
okay/lga201.out lga201.out differ: char 153, line 7
### Maximum relative error in matching lines = 1.17e-15 at line 84 field 5
Checking tdgen ...
File differences are made with: /usr/local/bin/ndiff --relerr 5.0e-11 --minwidth 10
log001
okay/log001.out log001.out differ: char 135, line 7
### Maximum relative error in matching lines = 8.24e-17 at line 12 field 5
Checking tdgen ...
File differences are made with: /usr/local/bin/ndiff --relerr 5.0e-11 --minwidth 10
log101
okay/log101.out log101.out differ: char 146, line 7
### Maximum relative error in matching lines = 1.10e-16 at line 7436 field 5
log102
okay/log102.out log102.out differ: char 146, line 7
### Maximum relative error in matching lines = 1.09e-16 at line 7677 field 5
log103
okay/log103.out log103.out differ: char 146, line 7
### Maximum relative error in matching lines = 1.09e-16 at line 4520 field 5
Checking tdgen ...
File differences are made with: /usr/local/bin/ndiff --relerr 5.0e-11 --minwidth 10
psi001
okay/psi001.out psi001.out differ: char 247, line 10
10c10
< 2                    0.0       0 0 Infinity                                                   0 0
--- field 5
> 2                     .0       0 0                       -INF 0 0
### Maximum relative error in matching lines = 1.19e-16 at line 13 field 5
psi002
okay/psi002.out psi002.out differ: char 258, line 10
### Maximum relative error in matching lines = 1.42e-16 at line 19 field 5
psi003
okay/psi003.out psi003.out differ: char 261, line 10
psi006
okay/psi006.out psi006.out differ: char 228, line 10
10c10
< 2 1.0   -1030 0 Infinity 0 0
--- field 3	relative error 9.80e-03
> 2                     .0   -1020 0                        INF 0 0
Checking tdgen ...
File differences are made with: /usr/local/bin/ndiff --relerr 5.0e-11 --minwidth 10
psi101
okay/psi101.out psi101.out differ: char 258, line 10
### Maximum relative error in matching lines = 3.48e-16 at line 11 field 5
psi102
okay/psi102.out psi102.out differ: char 259, line 10
### Maximum relative error in matching lines = 1.75e-13 at line 8906 field 5
psi103
okay/psi103.out psi103.out differ: char 259, line 10
### Maximum relative error in matching lines = 1.31e-13 at line 2012 field 5
psi104
okay/psi104.out psi104.out differ: char 259, line 10
### Maximum relative error in matching lines = 1.20e-13 at line 6522 field 5
psi105
okay/psi105.out psi105.out differ: char 259, line 10
### Maximum relative error in matching lines = 6.77e-16 at line 1471 field 5
psi106
okay/psi106.out psi106.out differ: char 258, line 10
### Maximum relative error in matching lines = 6.84e-16 at line 5253 field 5
psi107
okay/psi107.out psi107.out differ: char 258, line 10
### Maximum relative error in matching lines = 6.32e-16 at line 6653 field 5
Checking tdgen ...
File differences are made with: /usr/local/bin/ndiff --relerr 5.0e-11 --minwidth 10
psi201
okay/psi201.out psi201.out differ: char 258, line 10
### Maximum relative error in matching lines = 3.94e-15 at line 5355 field 5
Checking tdgen ...
File differences are made with: /usr/local/bin/ndiff --relerr 5.0e-11 --minwidth 10
psi301
okay/psi301.out psi301.out differ: char 258, line 10
### Maximum relative error in matching lines = 4.23e-13 at line 6050 field 5
Checking tdgen ...
File differences are made with: /usr/local/bin/ndiff --relerr 5.0e-11 --minwidth 10
psi402
okay/psi402.out psi402.out differ: char 259, line 10
### Maximum relative error in matching lines = 2.32e-14 at line 7984 field 5
Checking tdgen ...
File differences are made with: /usr/local/bin/ndiff --relerr 5.0e-11 --minwidth 10
psi601
okay/psi601.out psi601.out differ: char 258, line 10
### Maximum relative error in matching lines = 3.31e-16 at line 8156 field 5
psi602
okay/psi602.out psi602.out differ: char 259, line 10
### Maximum relative error in matching lines = 3.46e-16 at line 8156 field 5
Checking tdgen ...
File differences are made with: /usr/local/bin/ndiff --relerr 5.0e-11 --minwidth 10
pln001
okay/pln001.out pln001.out differ: char 284, line 11
### Maximum relative error in matching lines = 6.02e-16 at line 15 field 5
Checking tdgen ...
File differences are made with: /usr/local/bin/ndiff --relerr 5.0e-11 --minwidth 10
pln101
okay/pln101.out pln101.out differ: char 295, line 11
### Maximum relative error in matching lines = 3.28e-15 at line 8804 field 5
Checking tdgen ...
File differences are made with: /usr/local/bin/ndiff --relerr 5.0e-11 --minwidth 10
pln201
okay/pln201.out pln201.out differ: char 295, line 11
### Maximum relative error in matching lines = 1.93e-15 at line 33 field 5
Checking tdgen ...
File differences are made with: /usr/local/bin/ndiff --relerr 5.0e-11 --minwidth 10
sin001
okay/sin001.out sin001.out differ: char 135, line 7
### Maximum relative error in matching lines = 6.45e-17 at line 14 field 5
Checking tdgen ...
File differences are made with: /usr/local/bin/ndiff --relerr 5.0e-11 --minwidth 10
sin101
okay/sin101.out sin101.out differ: char 147, line 7
### Maximum relative error in matching lines = 1.09e-16 at line 3324 field 5
sin102
okay/sin102.out sin102.out differ: char 147, line 7
### Maximum relative error in matching lines = 1.09e-16 at line 2070 field 5
sin103
okay/sin103.out sin103.out differ: char 147, line 7
### Maximum relative error in matching lines = 1.09e-16 at line 4667 field 5
Checking tdgen ...
File differences are made with: /usr/local/bin/ndiff --relerr 5.0e-11 --minwidth 10
sin201
okay/sin201.out sin201.out differ: char 147, line 7
### Maximum relative error in matching lines = 1.09e-16 at line 1798 field 5
Checking tdgen ...
File differences are made with: /usr/local/bin/ndiff --relerr 5.0e-11 --minwidth 10
tan001
okay/tan001.out tan001.out differ: char 135, line 7
### Maximum relative error in matching lines = 8.47e-17 at line 14 field 5
Checking tdgen ...
File differences are made with: /usr/local/bin/ndiff --relerr 5.0e-11 --minwidth 10
tan101
okay/tan101.out tan101.out differ: char 147, line 7
### Maximum relative error in matching lines = 1.10e-16 at line 3366 field 5
tan102
okay/tan102.out tan102.out differ: char 147, line 7
### Maximum relative error in matching lines = 1.10e-16 at line 3783 field 5
Checking tdgen ...
File differences are made with: /usr/local/bin/ndiff --relerr 5.0e-11 --minwidth 10
tan201
okay/tan201.out tan201.out differ: char 147, line 7
### Maximum relative error in matching lines = 1.10e-16 at line 1126 field 5
============================== Making check-dp in jacobi
(cd ../common; make lib-dp)
ar -r ../libgjl.a d2norm.o dcopy.o deps.o derbit.o dfloat.o dfpmax.o dgamma.o dinf.o diran.o dlgam.o dlog2.o dnan.o dpsi.o dpsiln.o dran.o dstore.o dstorf.o dvsum.o ffalse.o ftrue.o getnan.o idceil.o isdinf.o isdnan.o pythag.o tql1.o
ranlib ../libgjl.a || true
ar -r ../libgjl.a gjqf.o gjqfd.o gjqli.o gjqrc.o
ranlib ../libgjl.a || true
========================================================================
There should be no output from these tests, except their names. If
ndiff is available, there will also be reports of the maximum absolute
and relative errors found. If small numeric differences are reported,
then YOU must decide whether they are significant. You can do
         make check RELERR=xxx
to rerun the tests with a different relative error tolerance, where xxx
is either a suitable small positive floating-point number, or else a
value >= 1.0, meaning that multiple of the machine epsilon.
========================================================================
Checking tgjf1 ...
File differences are made with: /usr/local/bin/ndiff --relerr 1.0e-10 --minwidth 10 --abserr 0
gjf101
### Maximum relative error in matching lines = 4.31e-14 at line 55 field 5
### Maximum relative error in matching lines = 3.99e-15 at line 46 field 6
gjf102
### Maximum relative error in matching lines = 1.72e-12 at line 34 field 5
### Maximum relative error in matching lines = 2.76e-14 at line 106 field 6
gjf103
### Maximum relative error in matching lines = 2.92e-12 at line 34 field 5
### Maximum relative error in matching lines = 7.42e-14 at line 56 field 6
gjf104
22c22
<     13    0.000000000000000    1.208304866765306E-01   -4.013091197275015E-02    8.742244393316674E-02
--- field 2	relative error 1.0e+00
>     13     .000000000000001    1.208304866765306E-01   -4.013091197274608E-02    8.742244393316528E-02
284c284
<     38   -0.000000000000001    4.133674544197099E-02   -1.401667347449951E-02    2.909730518649745E-02
--- field 2	relative error 1.0e+00
>     38     .000000000000000    4.133674544197099E-02   -1.401667347452299E-02    2.909730518649883E-02
472c472
<   Minimum relative error =   0.00E+00       0.00 ulps       0.00 bits at nquad =   25
--- field 13	relative error 1.0e+00
>   Minimum relative error =  -1.23E-16       -.55 ulps        .85 bits at nquad =   50
### Maximum relative error in matching lines = 6.11e-11 at line 321 field 5
### Maximum relative error in matching lines = 3.73e-13 at line 302 field 6
gjf105
Checking tgjf2 ...
File differences are made with: /usr/local/bin/ndiff --relerr 1.0e-10 --minwidth 10 --abserr 0
gjf201
### Maximum relative error in matching lines = 4.31e-14 at line 55 field 5
### Maximum relative error in matching lines = 3.00e-15 at line 66 field 6
gjf202
### Maximum relative error in matching lines = 1.72e-12 at line 34 field 5
### Maximum relative error in matching lines = 2.27e-14 at line 206 field 6
gjf203
### Maximum relative error in matching lines = 2.92e-12 at line 34 field 5
### Maximum relative error in matching lines = 6.81e-15 at line 105 field 6
gjf204
22c22
<     13    0.000000000000000    1.208304866765306E-01   -4.013091197275015E-02    8.742244393316674E-02
--- field 2	relative error 1.0e+00
>     13     .000000000000001    1.208304866765306E-01   -4.013091197274608E-02    8.742244393316528E-02
284c284
<     38   -0.000000000000001    4.133674544197099E-02   -1.401667347449951E-02    2.909730518649745E-02
--- field 2	relative error 1.0e+00
>     38     .000000000000000    4.133674544197099E-02   -1.401667347452299E-02    2.909730518649883E-02
475c475
<   Maximum relative error =   3.20E-14     144.21 ulps       7.17 bits at nquad =   25
--- field 13	relative error 2.0e+00
>   Maximum relative error =   1.11E-13     501.23 ulps       8.97 bits at nquad =   75
476c476
<   Minimum relative error =   0.00E+00       0.00 ulps       0.00 bits at nquad =   50
--- field 13	relative error 1.0e+00
>   Minimum relative error =   1.41E-16        .64 ulps        .65 bits at nquad =   25
### Maximum relative error in matching lines = 6.11e-11 at line 321 field 5
### Maximum relative error in matching lines = 1.24e-13 at line 306 field 6
gjf205
Checking tgjfd1 ...
File differences are made with: /usr/local/bin/ndiff --relerr 1.0e-10 --minwidth 10 --abserr 0
gjfd101
### Maximum relative error in matching lines = 2.52e-14 at line 46 field 5
### Maximum relative error in matching lines = 5.12e-15 at line 65 field 6
gjfd102
### Maximum relative error in matching lines = 3.47e-13 at line 91 field 5
### Maximum relative error in matching lines = 4.40e-14 at line 205 field 6
gjfd103
### Maximum relative error in matching lines = 3.96e-13 at line 172 field 5
### Maximum relative error in matching lines = 6.43e-14 at line 206 field 6
gjfd104
22c22
<     13    0.000000000000000    1.208304866765306E-01   -2.279010328918708E-03    3.605332292153957E-03
--- field 2	relative error 1.0e+00
>     13     .000000000000001    1.208304866765306E-01   -2.279010328918660E-03    3.605332292153956E-03
284c284
<     38   -0.000000000000001    4.133674544197099E-02   -2.701632677813243E-04    4.253925486677674E-04
--- field 2	relative error 1.0e+00
>     38     .000000000000000    4.133674544197099E-02   -2.701632677812915E-04    4.253925486677672E-04
### Maximum relative error in matching lines = 4.67e-12 at line 321 field 5
### Maximum relative error in matching lines = 2.52e-13 at line 302 field 6
gjfd105
Checking tgjfd2 ...
File differences are made with: /usr/local/bin/ndiff --relerr 1.0e-10 --minwidth 10 --abserr 0
gjfd201
### Maximum relative error in matching lines = 2.52e-14 at line 46 field 5
### Maximum relative error in matching lines = 3.00e-15 at line 66 field 6
gjfd202
### Maximum relative error in matching lines = 3.47e-13 at line 91 field 5
### Maximum relative error in matching lines = 2.27e-14 at line 206 field 6
gjfd203
### Maximum relative error in matching lines = 3.96e-13 at line 172 field 5
### Maximum relative error in matching lines = 6.81e-15 at line 105 field 6
gjfd204
22c22
<     13    0.000000000000000    1.208304866765306E-01   -2.279010328918708E-03    3.605332292153957E-03
--- field 2	relative error 1.0e+00
>     13     .000000000000001    1.208304866765306E-01   -2.279010328918660E-03    3.605332292153956E-03
284c284
<     38   -0.000000000000001    4.133674544197099E-02   -2.701632677813243E-04    4.253925486677674E-04
--- field 2	relative error 1.0e+00
>     38     .000000000000000    4.133674544197099E-02   -2.701632677812915E-04    4.253925486677672E-04
475c475
<   Maximum relative error =   3.20E-14     144.21 ulps       7.17 bits at nquad =   25
--- field 13	relative error 2.0e+00
>   Maximum relative error =   1.11E-13     501.23 ulps       8.97 bits at nquad =   75
476c476
<   Minimum relative error =   0.00E+00       0.00 ulps       0.00 bits at nquad =   50
--- field 13	relative error 1.0e+00
>   Minimum relative error =   1.41E-16        .64 ulps        .65 bits at nquad =   25
### Maximum relative error in matching lines = 4.67e-12 at line 321 field 5
### Maximum relative error in matching lines = 1.24e-13 at line 306 field 6
gjfd205
============================== Making check-dp in laguerre
(cd ../common; make lib-dp)
ar -r ../libgjl.a d2norm.o dcopy.o deps.o derbit.o dfloat.o dfpmax.o dgamma.o dinf.o diran.o dlgam.o dlog2.o dnan.o dpsi.o dpsiln.o dran.o dstore.o dstorf.o dvsum.o ffalse.o ftrue.o getnan.o idceil.o isdinf.o isdnan.o pythag.o tql1.o
ranlib ../libgjl.a || true
ar -r ../libgjl.a glqf.o glqfd.o glqli.o glqrc.o
ranlib ../libgjl.a || true
========================================================================
There should be no output from these tests, except their names. If
ndiff is available, there will also be reports of the maximum absolute
and relative errors found. If small numeric differences are reported,
then YOU must decide whether they are significant. You can do
         make check RELERR=xxx
to rerun the tests with a different relative error tolerance, where xxx
is either a suitable small positive floating-point number, or else a
value >= 1.0, meaning that multiple of the machine epsilon.
========================================================================
Checking tglf1 ...
File differences are made with: /usr/local/bin/ndiff --relerr 1.0e-10 --minwidth 10 --abserr 0
glf101
### Maximum relative error in matching lines = 5.81e-13 at line 205 field 6
### Maximum relative error in matching lines = 1.06e-14 at line 39 field 5
glf102
330c330
<   Maximum relative error =  -2.25E-14    -101.49 ulps       6.67 bits at nquad =   75
--- field 13	relative error 2.66e-01
>   Maximum relative error =   5.03E-14     226.35 ulps       7.82 bits at nquad =   95
### Maximum relative error in matching lines = 1.34e-12 at line 119 field 6
### Maximum relative error in matching lines = 6.19e-14 at line 40 field 5
glf103
331c331
<   Minimum relative error =  -1.36E-16      -0.61 ulps       0.70 bits at nquad =   95
--- field 13	relative error 2.8e+00
>   Minimum relative error =  -3.56E-16      -1.60 ulps        .68 bits at nquad =   25
### Maximum relative error in matching lines = 6.92e-13 at line 216 field 6
### Maximum relative error in matching lines = 8.73e-14 at line 40 field 5
glf104
### Maximum relative error in matching lines = 1.75e-12 at line 119 field 6
### Maximum relative error in matching lines = 1.15e-13 at line 40 field 5
glf105
331c331
<   Minimum relative error =   1.36E-16       0.61 ulps       0.70 bits at nquad =   75
--- field 13	relative error 5.0e-01
>   Minimum relative error =   0.00E+00        .00 ulps        .00 bits at nquad =   50
### Maximum relative error in matching lines = 2.18e-12 at line 117 field 6
### Maximum relative error in matching lines = 1.11e-14 at line 52 field 5
glf106
325c325
<   Maximum relative error =   2.05E-14      92.41 ulps       6.53 bits at nquad =   75
--- field 13	relative error 2.0e-01
>   Maximum relative error =   1.50E-14      67.78 ulps       6.08 bits at nquad =   90
### Maximum relative error in matching lines = 8.36e-12 at line 212 field 6
### Maximum relative error in matching lines = 1.30e-14 at line 31 field 5
glf107
320c320
<   Maximum relative error =  -3.23E-14    -145.33 ulps       7.18 bits at nquad =   50
--- field 13	relative error 7.0e-01
>   Maximum relative error =   1.71E-14      76.91 ulps       6.27 bits at nquad =   85
321c321
<   Minimum relative error =   1.55E-16       0.70 ulps       0.52 bits at nquad =   75
--- field 13	relative error 2.0e+00
>   Minimum relative error =   0.00E+00        .00 ulps        .00 bits at nquad =   25
### Maximum relative error in matching lines = 2.04e-12 at line 114 field 6
### Maximum relative error in matching lines = 4.28e-14 at line 22 field 5
glf108
209c209
<   Minimum relative error =   6.16E-16       2.77 ulps       1.47 bits at nquad =   75
--- field 13	relative error 5.0e-01
>   Minimum relative error =   6.45E-15      29.04 ulps       4.86 bits at nquad =   50
### Maximum relative error in matching lines = 7.33e-13 at line 114 field 4
### Maximum relative error in matching lines = 2.94e-14 at line 39 field 5
glf109
### Maximum relative error in matching lines = 1.34e-14 at line 21 field 6
### Maximum relative error in matching lines = 2.14e-15 at line 15 field 5
Checking tglf2 ...
File differences are made with: /usr/local/bin/ndiff --relerr 1.0e-10 --minwidth 10 --abserr 0
glf201
104c104
<   Maximum relative error =   8.87E-14     399.33 ulps       8.64 bits at nquad =   95
--- field 13	relative error 1.04e-01
>   Maximum relative error =   5.73E-14     258.14 ulps       8.01 bits at nquad =   86
### Maximum relative error in matching lines = 1.16e-13 at line 93 field 2
### Maximum relative error in matching lines = 1.16e-13 at line 94 field 4
glf202
Checking tglf3 ...
File differences are made with: /usr/local/bin/ndiff --relerr 1.0e-10 --minwidth 10 --abserr 0
glf301
952c952
<   Maximum relative error =  -3.71E-13   -1671.47 ulps      10.71 bits at nquad =   40 mu =  1.0000000E+02 p =    79
--- field 19	relative error 1.26e-02
>   Maximum relative error =   5.29E-13    2380.89 ulps      11.22 bits at nquad =   40 mu =  1.0000000E+02 p =    80
953c953
<   Minimum relative error =   0.00E+00       0.00 ulps       0.00 bits at nquad =   80 mu =  1.0000000E+00 p =     2
--- field 13	relative error 7.0e+00
>   Minimum relative error =   0.00E+00        .00 ulps        .00 bits at nquad =   10 mu =  1.0000000E+00 p =    10
### Maximum relative error in matching lines = 5.88e-13 at line 915 field 2
### Maximum relative error in matching lines = 5.88e-13 at line 824 field 5
glf302
Checking tglf4 ...
File differences are made with: /usr/local/bin/ndiff --relerr 1.0e-10 --minwidth 10 --abserr 0
glf401
105c105
<   Minimum relative error =   0.00E+00   0.00E+00 ulps       0.00 bits at nquad =   34 sigma =    0.1000 alpha =    0.0100
--- field 13	relative error 1.33e-01
>   Minimum relative error =   0.00E+00   0.00E+00 ulps        .00 bits at nquad =   30 sigma =     .1000 alpha =     .0100
### Maximum relative error in matching lines = 1.79e-14 at line 96 field 4
### Maximum relative error in matching lines = 1.80e-14 at line 95 field 5
glf402
105c105
<   Minimum relative error =   5.46E-16   2.46E+00 ulps       1.30 bits at nquad =   31 sigma =    1.0000 alpha =    1.0000
--- field 13	relative error 1.35e+00
>   Minimum relative error =   9.10E-16   4.10E+00 ulps       2.04 bits at nquad =   73 sigma =    1.0000 alpha =    1.0000
### Maximum relative error in matching lines = 2.11e-13 at line 100 field 4
### Maximum relative error in matching lines = 2.11e-13 at line 99 field 5
glf403
104c104
<   Minimum relative error =   3.36E-16   1.51E+00 ulps       0.60 bits at nquad =   25 sigma =    0.0100 alpha =   -0.5000
--- field 13	relative error 4.16e-02
>   Minimum relative error =  -3.36E-16  -1.51E+00 ulps        .60 bits at nquad =   24 sigma =     .0100 alpha =    -.5000
### Maximum relative error in matching lines = 1.35e-13 at line 91 field 4
### Maximum relative error in matching lines = 1.35e-13 at line 90 field 5
glf404
105c105
<   Minimum relative error =   0.00E+00   0.00E+00 ulps       0.00 bits at nquad =   36 sigma =    0.1000 alpha =    0.5000
--- field 13	relative error 1.94e-01
>   Minimum relative error =   0.00E+00   0.00E+00 ulps        .00 bits at nquad =   43 sigma =     .1000 alpha =     .5000
### Maximum relative error in matching lines = 9.02e-15 at line 91 field 4
### Maximum relative error in matching lines = 9.01e-15 at line 90 field 5
glf405
105c105
<   Minimum relative error =   7.15E-16   3.22E+00 ulps       1.69 bits at nquad =   68 sigma =    2.0000 alpha =    1.0000
--- field 13	relative error 1.76e-01
>   Minimum relative error =   5.72E-16   2.58E+00 ulps       1.37 bits at nquad =   80 sigma =    2.0000 alpha =    1.0000
### Maximum relative error in matching lines = 4.16e-13 at line 14 field 4
### Maximum relative error in matching lines = 4.16e-13 at line 13 field 5
glf406
### Maximum relative error in matching lines = 8.43e-14 at line 98 field 4
### Maximum relative error in matching lines = 8.43e-14 at line 97 field 5
glf407
### Maximum relative error in matching lines = 2.20e-13 at line 23 field 4
### Maximum relative error in matching lines = 2.20e-13 at line 22 field 5
glf408
### Maximum relative error in matching lines = 1.53e-13 at line 88 field 4
### Maximum relative error in matching lines = 1.53e-13 at line 87 field 5
glf409
### Maximum relative error in matching lines = 5.25e-13 at line 32 field 4
### Maximum relative error in matching lines = 5.25e-13 at line 31 field 5
glf410
### Maximum relative error in matching lines = 2.04e-14 at line 8 field 4
### Maximum relative error in matching lines = 2.05e-14 at line 7 field 5
Checking tglf5 ...
File differences are made with: /usr/local/bin/ndiff --relerr 1.0e-10 --minwidth 10 --abserr 0
glf501
300c300
<   Maximum relative error =  -2.22E-15     -10.00 ulps       3.32 bits at nquad =   65
--- field 13	relative error 7.69e-02
>   Maximum relative error =  -1.33E-15      -6.00 ulps       2.58 bits at nquad =   70
301c301
<   Minimum relative error =   0.00E+00       0.00 ulps       0.00 bits at nquad =   70
--- field 13	relative error 1.8e+00
>   Minimum relative error =   0.00E+00        .00 ulps        .00 bits at nquad =   25
### Maximum relative error in matching lines = 5.81e-13 at line 205 field 6
### Maximum relative error in matching lines = 2.44e-15 at line 40 field 5
glf502
330c330
<   Maximum relative error =  -1.66E-14     -74.63 ulps       6.22 bits at nquad =   95
--- field 13	relative error 2.66e-01
>   Maximum relative error =   5.95E-15      26.80 ulps       4.74 bits at nquad =   75
331c331
<   Minimum relative error =   0.00E+00       0.00 ulps       0.00 bits at nquad =   95
--- field 13	relative error 2.66e-01
>   Minimum relative error =  -1.27E-16       -.57 ulps        .80 bits at nquad =   75
### Maximum relative error in matching lines = 1.34e-12 at line 119 field 6
### Maximum relative error in matching lines = 2.00e-14 at line 40 field 5
glf503
330c330
<   Maximum relative error =   4.70E-15      21.15 ulps       4.40 bits at nquad =   95
--- field 13	relative error 2.66e-01
>   Maximum relative error =   1.28E-14      57.83 ulps       5.85 bits at nquad =   75
### Maximum relative error in matching lines = 6.92e-13 at line 216 field 6
### Maximum relative error in matching lines = 1.02e-14 at line 24 field 5
glf504
330c330
<   Maximum relative error =   5.44E-15      24.50 ulps       4.61 bits at nquad =   95
--- field 13	relative error 2.66e-01
>   Maximum relative error =  -9.33E-15     -42.00 ulps       5.39 bits at nquad =   75
### Maximum relative error in matching lines = 1.75e-12 at line 119 field 6
### Maximum relative error in matching lines = 9.10e-15 at line 24 field 5
glf505
### Maximum relative error in matching lines = 2.18e-12 at line 117 field 6
### Maximum relative error in matching lines = 1.12e-15 at line 11 field 5
glf506
### Maximum relative error in matching lines = 8.36e-12 at line 212 field 6
### Maximum relative error in matching lines = 1.05e-15 at line 23 field 5
glf507
320c320
<   Maximum relative error =   1.87E-15       8.43 ulps       3.08 bits at nquad =   85
--- field 13	relative error 7.0e-01
>   Maximum relative error =   1.50E-15       6.76 ulps       2.76 bits at nquad =   50
321c321
<   Minimum relative error =   0.00E+00       0.00 ulps       0.00 bits at nquad =   50
--- field 13	relative error 1.0e+00
>   Minimum relative error =   0.00E+00        .00 ulps        .00 bits at nquad =   25
### Maximum relative error in matching lines = 2.04e-12 at line 114 field 6
### Maximum relative error in matching lines = 2.07e-15 at line 56 field 5
glf508
208c208
<   Maximum relative error =  -1.49E-15      -6.70 ulps       2.74 bits at nquad =   75
--- field 13	relative error 2.0e+00
>   Maximum relative error =   1.06E-15       4.76 ulps       2.25 bits at nquad =   25
209c209
<   Minimum relative error =   0.00E+00       0.00 ulps       0.00 bits at nquad =   50
--- field 13	relative error 5.0e-01
>   Minimum relative error =   0.00E+00        .00 ulps        .00 bits at nquad =   75
### Maximum relative error in matching lines = 7.33e-13 at line 114 field 4
### Maximum relative error in matching lines = 1.60e-15 at line 39 field 5
glf509
Checking tglf6 ...
File differences are made with: /usr/local/bin/ndiff --relerr 1.0e-10 --minwidth 10 --abserr 0
glf601
105c105
<   Minimum relative error =   0.00E+00   0.00E+00 ulps       0.00 bits at nquad =   24 sigma =    0.1000 alpha =    0.0100
--- field 13	relative error 1.4e+00
>   Minimum relative error =   0.00E+00   0.00E+00 ulps        .00 bits at nquad =   10 sigma =     .1000 alpha =     .0100
### Maximum relative error in matching lines = 4.32e-15 at line 100 field 4
### Maximum relative error in matching lines = 4.32e-15 at line 99 field 5
glf602
105c105
<   Minimum relative error =   0.00E+00   0.00E+00 ulps       0.00 bits at nquad =   61 sigma =    1.0000 alpha =    1.0000
--- field 13	relative error 1.25e+00
>   Minimum relative error =   0.00E+00   0.00E+00 ulps        .00 bits at nquad =   27 sigma =    1.0000 alpha =    1.0000
### Maximum relative error in matching lines = 5.00e-15 at line 91 field 4
### Maximum relative error in matching lines = 4.99e-15 at line 90 field 5
glf603
104c104
<   Minimum relative error =   0.00E+00   0.00E+00 ulps       0.00 bits at nquad =    6 sigma =    0.0100 alpha =   -0.5000
--- field 13	relative error 5.0e-01
>   Minimum relative error =   0.00E+00   0.00E+00 ulps        .00 bits at nquad =    4 sigma =     .0100 alpha =    -.5000
### Maximum relative error in matching lines = 6.09e-15 at line 95 field 4
### Maximum relative error in matching lines = 6.06e-15 at line 94 field 5
glf604
105c105
<   Minimum relative error =   0.00E+00   0.00E+00 ulps       0.00 bits at nquad =   17 sigma =    0.1000 alpha =    0.5000
--- field 13	relative error 1.42e+00
>   Minimum relative error =   0.00E+00   0.00E+00 ulps        .00 bits at nquad =    7 sigma =     .1000 alpha =     .5000
### Maximum relative error in matching lines = 3.05e-15 at line 75 field 4
### Maximum relative error in matching lines = 2.75e-15 at line 74 field 5
glf605
105c105
<   Minimum relative error =   3.47E-16   1.56E+00 ulps       0.64 bits at nquad =   91 sigma =    2.0000 alpha =    1.0000
--- field 13	relative error 2.13e-01
>   Minimum relative error =  -1.21E-15  -5.47E+00 ulps       2.45 bits at nquad =   75 sigma =    2.0000 alpha =    1.0000
### Maximum relative error in matching lines = 4.31e-14 at line 79 field 4
### Maximum relative error in matching lines = 4.30e-14 at line 78 field 5
glf606
105c105
<   Minimum relative error =  -5.07E-15  -2.28E+01 ulps       4.51 bits at nquad =   95 sigma =    3.0000 alpha =    0.2000
--- field 13	relative error 9.19e-02
>   Minimum relative error =  -2.46E-14  -1.11E+02 ulps       6.79 bits at nquad =   87 sigma =    3.0000 alpha =     .2000
### Maximum relative error in matching lines = 3.60e-14 at line 86 field 4
### Maximum relative error in matching lines = 3.60e-14 at line 85 field 5
glf607
### Maximum relative error in matching lines = 5.52e-14 at line 89 field 4
### Maximum relative error in matching lines = 5.49e-14 at line 88 field 5
glf608
### Maximum relative error in matching lines = 1.67e-13 at line 23 field 4
### Maximum relative error in matching lines = 1.67e-13 at line 22 field 5
glf609
### Maximum relative error in matching lines = 1.07e-13 at line 19 field 4
### Maximum relative error in matching lines = 1.07e-13 at line 18 field 5
glf610
Checking tglfd1 ...
File differences are made with: /usr/local/bin/ndiff --relerr 1.0e-10 --minwidth 10 --abserr 0
glfd101
325c325
<   Maximum relative error =  -4.60E-15     -20.70 ulps       4.37 bits at nquad =   75
--- field 13	relative error 2.0e-01
>   Maximum relative error =   5.12E-15      23.06 ulps       4.53 bits at nquad =   90
### Maximum relative error in matching lines = 3.42e-12 at line 50 field 4
### Maximum relative error in matching lines = 5.12e-15 at line 24 field 5
glfd102
330c330
<   Maximum relative error =  -2.85E-14    -128.37 ulps       7.00 bits at nquad =   95
--- field 13	relative error 2.66e-01
>   Maximum relative error =   4.74E-14     213.33 ulps       7.74 bits at nquad =   75
331c331
<   Minimum relative error =  -1.35E-16      -0.61 ulps       0.71 bits at nquad =   95
--- field 13	relative error 2.66e-01
>   Minimum relative error =   1.66E-16        .75 ulps        .42 bits at nquad =   75
### Maximum relative error in matching lines = 6.81e-13 at line 303 field 5
### Maximum relative error in matching lines = 4.48e-14 at line 40 field 5
glfd103
330c330
<   Maximum relative error =  -1.41E-14     -63.65 ulps       5.99 bits at nquad =   50
--- field 13	relative error 9.0e-01
>   Maximum relative error =  -3.46E-14    -156.00 ulps       7.29 bits at nquad =   95
331c331
<   Minimum relative error =   0.00E+00       0.00 ulps       0.00 bits at nquad =   25
--- field 13	relative error 2.0e+00
>   Minimum relative error =   0.00E+00        .00 ulps        .00 bits at nquad =   75
### Maximum relative error in matching lines = 6.69e-13 at line 119 field 4
### Maximum relative error in matching lines = 3.72e-14 at line 40 field 5
glfd104
330c330
<   Maximum relative error =   3.33E-14     149.86 ulps       7.23 bits at nquad =   95
--- field 13	relative error 2.66e-01
>   Maximum relative error =  -3.08E-14    -138.60 ulps       7.11 bits at nquad =   75
### Maximum relative error in matching lines = 4.00e-13 at line 303 field 4
### Maximum relative error in matching lines = 4.13e-14 at line 24 field 5
glfd105
### Maximum relative error in matching lines = 2.59e-11 at line 114 field 4
### Maximum relative error in matching lines = 2.77e-15 at line 40 field 5
glfd106
336c336
<   Minimum relative error =   0.00E+00       0.00 ulps       0.00 bits at nquad =   75
--- field 13	relative error 2.0e+00
>   Minimum relative error =   0.00E+00        .00 ulps        .00 bits at nquad =   25
### Maximum relative error in matching lines = 1.16e-12 at line 211 field 5
### Maximum relative error in matching lines = 1.71e-15 at line 48 field 5
glfd107
335c335
<   Maximum relative error =   1.30E-15       5.86 ulps       2.55 bits at nquad =   75
--- field 13	relative error 5.0e-01
>   Maximum relative error =   1.46E-15       6.59 ulps       2.72 bits at nquad =   50
336c336
<   Minimum relative error =   0.00E+00       0.00 ulps       0.00 bits at nquad =   75
--- field 13	relative error 2.0e+00
>   Minimum relative error =   0.00E+00        .00 ulps        .00 bits at nquad =   25
### Maximum relative error in matching lines = 1.23e-12 at line 211 field 5
### Maximum relative error in matching lines = 2.06e-15 at line 23 field 5
glfd108
336c336
<   Minimum relative error =   0.00E+00       0.00 ulps       0.00 bits at nquad =   25
--- field 13	relative error 2.0e+00
>   Minimum relative error =   0.00E+00        .00 ulps        .00 bits at nquad =   75
### Maximum relative error in matching lines = 1.82e-12 at line 211 field 5
### Maximum relative error in matching lines = 1.64e-15 at line 42 field 5
glfd109
27c27
<       1  -5.772156861565561E-01  -5.772156550109730E-01  -5.40E-08   -2.43E+08     27.86
--- field 2	relative error 1.29e-08
>       1  -5.772156787059755E-01  -5.772156550109730E-01  -4.11E-08   -1.85E+08     27.46
### Maximum relative error in matching lines = 1.35e-14 at line 17 field 4
8c8
< 2   1    4.999999969612645145E-09         20   -5.772156861565560515E-01 -5.40E-08  3.11E-08
--- field 5	relative error 1.29e-08
> 2   1    4.999999969612645145E-09         20   -5.772156787059754546E-01 -4.11E-08  2.37E-08
### Maximum relative error in matching lines = 1.57e-15 at line 9 field 5
Checking tglfd2 ...
File differences are made with: /usr/local/bin/ndiff --relerr 1.0e-10 --minwidth 10 --abserr 0
glfd201
104c104
<   Maximum relative error =   8.27E-14     372.48 ulps       8.54 bits at nquad =   88
--- field 13	relative error 1.14e-02
>   Maximum relative error =  -6.77E-14    -304.91 ulps       8.25 bits at nquad =   87
### Maximum relative error in matching lines = 1.14e-13 at line 94 field 2
### Maximum relative error in matching lines = 1.14e-13 at line 95 field 4
glfd202
Checking tglfd3 ...
File differences are made with: /usr/local/bin/ndiff --relerr 1.0e-10 --minwidth 10 --abserr 0
glfd301
952c952
<   Maximum relative error =  -3.62E-14    -163.03 ulps       7.35 bits at nquad =   20 mu =  1.0000000E+01 p =    10
--- field 13	relative error 3.0e+00
>   Maximum relative error =   5.78E-14     260.31 ulps       8.02 bits at nquad =   80 mu =  1.0000000E+01 p =    10
953c953
<   Minimum relative error =   0.00E+00       0.00 ulps       0.00 bits at nquad =    5 mu =  1.0000000E+00 p =     8
--- field 13	relative error 1.0e+00
>   Minimum relative error =   0.00E+00        .00 ulps        .00 bits at nquad =   10 mu =  1.0000000E+00 p =     3
### Maximum relative error in matching lines = 6.27e-14 at line 690 field 2
### Maximum relative error in matching lines = 6.26e-14 at line 619 field 5
glfd302
Checking tglfd4 ...
File differences are made with: /usr/local/bin/ndiff --relerr 1.0e-10 --minwidth 10 --abserr 0
glfd401
105c105
<   Minimum relative error =   0.00E+00   0.00E+00 ulps       0.00 bits at nquad =   13 sigma =    0.1000 alpha =    0.0100
--- field 13	relative error 3.76e+00
>   Minimum relative error =   0.00E+00   0.00E+00 ulps        .00 bits at nquad =   62 sigma =     .1000 alpha =     .0100
### Maximum relative error in matching lines = 1.29e-14 at line 90 field 4
### Maximum relative error in matching lines = 1.27e-14 at line 89 field 5
glfd402
105c105
<   Minimum relative error =   5.46E-16   2.46E+00 ulps       1.30 bits at nquad =   41 sigma =    1.0000 alpha =    1.0000
--- field 13	relative error 2.42e-01
>   Minimum relative error =   3.64E-16   1.64E+00 ulps        .71 bits at nquad =   33 sigma =    1.0000 alpha =    1.0000
### Maximum relative error in matching lines = 1.03e-13 at line 93 field 4
### Maximum relative error in matching lines = 1.03e-13 at line 92 field 5
glfd403
104c104
<   Minimum relative error =   1.34E-15   6.05E+00 ulps       2.60 bits at nquad =   21 sigma =    0.0100 alpha =   -0.5000
--- field 13	relative error 1.62e+00
>   Minimum relative error =  -3.36E-16  -1.51E+00 ulps        .60 bits at nquad =    8 sigma =     .0100 alpha =    -.5000
### Maximum relative error in matching lines = 2.95e-13 at line 101 field 4
### Maximum relative error in matching lines = 2.95e-13 at line 100 field 5
glfd404
105c105
<   Minimum relative error =   0.00E+00   0.00E+00 ulps       0.00 bits at nquad =   22 sigma =    0.1000 alpha =    0.5000
--- field 13	relative error 1.44e+00
>   Minimum relative error =   0.00E+00   0.00E+00 ulps        .00 bits at nquad =    9 sigma =     .1000 alpha =     .5000
### Maximum relative error in matching lines = 6.60e-15 at line 80 field 4
### Maximum relative error in matching lines = 6.57e-15 at line 79 field 5
glfd405
105c105
<   Minimum relative error =  -4.29E-16  -1.93E+00 ulps       0.95 bits at nquad =   58 sigma =    2.0000 alpha =    1.0000
--- field 13	relative error 5.34e-01
>   Minimum relative error =   1.43E-16   6.44E-01 ulps        .63 bits at nquad =   89 sigma =    2.0000 alpha =    1.0000
### Maximum relative error in matching lines = 2.26e-14 at line 97 field 4
### Maximum relative error in matching lines = 2.24e-14 at line 96 field 5
glfd406
105c105
<   Minimum relative error =   9.40E-14   4.23E+02 ulps       8.73 bits at nquad =   90 sigma =    3.0000 alpha =    0.2000
--- field 13	relative error 3.33e-02
>   Minimum relative error =   7.63E-14   3.44E+02 ulps       8.42 bits at nquad =   93 sigma =    3.0000 alpha =     .2000
### Maximum relative error in matching lines = 1.12e-13 at line 16 field 4
### Maximum relative error in matching lines = 1.12e-13 at line 15 field 5
glfd407
### Maximum relative error in matching lines = 3.15e-14 at line 71 field 4
### Maximum relative error in matching lines = 3.16e-14 at line 70 field 5
glfd408
### Maximum relative error in matching lines = 5.72e-14 at line 99 field 4
### Maximum relative error in matching lines = 5.73e-14 at line 98 field 5
glfd409
### Maximum relative error in matching lines = 2.01e-13 at line 33 field 4
### Maximum relative error in matching lines = 2.01e-13 at line 32 field 5
glfd410
### Maximum relative error in matching lines = 2.04e-14 at line 8 field 4
### Maximum relative error in matching lines = 2.05e-14 at line 7 field 5
Checking tglfd5 ...
File differences are made with: /usr/local/bin/ndiff --relerr 1.0e-10 --minwidth 10 --abserr 0
glfd501
300c300
<   Maximum relative error =  -2.22E-15     -10.00 ulps       3.32 bits at nquad =   65
--- field 13	relative error 7.69e-02
>   Maximum relative error =  -1.33E-15      -6.00 ulps       2.58 bits at nquad =   70
301c301
<   Minimum relative error =   0.00E+00       0.00 ulps       0.00 bits at nquad =   70
--- field 13	relative error 1.8e+00
>   Minimum relative error =   0.00E+00        .00 ulps        .00 bits at nquad =   25
### Maximum relative error in matching lines = 3.42e-12 at line 50 field 4
### Maximum relative error in matching lines = 2.44e-15 at line 40 field 5
glfd502
330c330
<   Maximum relative error =  -1.66E-14     -74.63 ulps       6.22 bits at nquad =   95
--- field 13	relative error 2.66e-01
>   Maximum relative error =   5.95E-15      26.80 ulps       4.74 bits at nquad =   75
331c331
<   Minimum relative error =   0.00E+00       0.00 ulps       0.00 bits at nquad =   95
--- field 13	relative error 2.66e-01
>   Minimum relative error =  -1.27E-16       -.57 ulps        .80 bits at nquad =   75
### Maximum relative error in matching lines = 6.81e-13 at line 303 field 5
### Maximum relative error in matching lines = 2.00e-14 at line 40 field 5
glfd503
330c330
<   Maximum relative error =   4.70E-15      21.15 ulps       4.40 bits at nquad =   95
--- field 13	relative error 2.66e-01
>   Maximum relative error =   1.28E-14      57.83 ulps       5.85 bits at nquad =   75
### Maximum relative error in matching lines = 6.69e-13 at line 119 field 4
### Maximum relative error in matching lines = 1.02e-14 at line 24 field 5
glfd504
330c330
<   Maximum relative error =   5.44E-15      24.50 ulps       4.61 bits at nquad =   95
--- field 13	relative error 2.66e-01
>   Maximum relative error =  -9.33E-15     -42.00 ulps       5.39 bits at nquad =   75
### Maximum relative error in matching lines = 4.00e-13 at line 303 field 4
### Maximum relative error in matching lines = 9.10e-15 at line 24 field 5
glfd505
### Maximum relative error in matching lines = 2.59e-11 at line 114 field 4
### Maximum relative error in matching lines = 1.12e-15 at line 11 field 5
glfd506
### Maximum relative error in matching lines = 8.24e-13 at line 211 field 4
### Maximum relative error in matching lines = 1.05e-15 at line 23 field 5
glfd507
320c320
<   Maximum relative error =   1.87E-15       8.43 ulps       3.08 bits at nquad =   85
--- field 13	relative error 7.0e-01
>   Maximum relative error =   1.50E-15       6.76 ulps       2.76 bits at nquad =   50
321c321
<   Minimum relative error =   0.00E+00       0.00 ulps       0.00 bits at nquad =   50
--- field 13	relative error 1.0e+00
>   Minimum relative error =   0.00E+00        .00 ulps        .00 bits at nquad =   25
### Maximum relative error in matching lines = 6.65e-13 at line 211 field 5
### Maximum relative error in matching lines = 2.07e-15 at line 56 field 5
glfd508
208c208
<   Maximum relative error =  -1.49E-15      -6.70 ulps       2.74 bits at nquad =   75
--- field 13	relative error 2.0e+00
>   Maximum relative error =   1.06E-15       4.76 ulps       2.25 bits at nquad =   25
209c209
<   Minimum relative error =   0.00E+00       0.00 ulps       0.00 bits at nquad =   50
--- field 13	relative error 5.0e-01
>   Minimum relative error =   0.00E+00        .00 ulps        .00 bits at nquad =   75
### Maximum relative error in matching lines = 7.26e-13 at line 114 field 5
### Maximum relative error in matching lines = 1.60e-15 at line 39 field 5
glfd509
Checking tglfd6 ...
File differences are made with: /usr/local/bin/ndiff --relerr 1.0e-10 --minwidth 10 --abserr 0
glfd601
105c105
<   Minimum relative error =   0.00E+00   0.00E+00 ulps       0.00 bits at nquad =   24 sigma =    0.1000 alpha =    0.0100
--- field 13	relative error 1.4e+00
>   Minimum relative error =   0.00E+00   0.00E+00 ulps        .00 bits at nquad =   10 sigma =     .1000 alpha =     .0100
### Maximum relative error in matching lines = 4.32e-15 at line 100 field 4
### Maximum relative error in matching lines = 4.32e-15 at line 99 field 5
glfd602
105c105
<   Minimum relative error =   0.00E+00   0.00E+00 ulps       0.00 bits at nquad =   61 sigma =    1.0000 alpha =    1.0000
--- field 13	relative error 1.25e+00
>   Minimum relative error =   0.00E+00   0.00E+00 ulps        .00 bits at nquad =   27 sigma =    1.0000 alpha =    1.0000
### Maximum relative error in matching lines = 5.00e-15 at line 91 field 4
### Maximum relative error in matching lines = 4.99e-15 at line 90 field 5
glfd603
104c104
<   Minimum relative error =   0.00E+00   0.00E+00 ulps       0.00 bits at nquad =    6 sigma =    0.0100 alpha =   -0.5000
--- field 13	relative error 5.0e-01
>   Minimum relative error =   0.00E+00   0.00E+00 ulps        .00 bits at nquad =    4 sigma =     .0100 alpha =    -.5000
### Maximum relative error in matching lines = 6.09e-15 at line 95 field 4
### Maximum relative error in matching lines = 6.06e-15 at line 94 field 5
glfd604
105c105
<   Minimum relative error =   0.00E+00   0.00E+00 ulps       0.00 bits at nquad =   17 sigma =    0.1000 alpha =    0.5000
--- field 13	relative error 1.42e+00
>   Minimum relative error =   0.00E+00   0.00E+00 ulps        .00 bits at nquad =    7 sigma =     .1000 alpha =     .5000
### Maximum relative error in matching lines = 3.05e-15 at line 75 field 4
### Maximum relative error in matching lines = 2.75e-15 at line 74 field 5
glfd605
105c105
<   Minimum relative error =   3.47E-16   1.56E+00 ulps       0.64 bits at nquad =   91 sigma =    2.0000 alpha =    1.0000
--- field 13	relative error 2.13e-01
>   Minimum relative error =  -1.21E-15  -5.47E+00 ulps       2.45 bits at nquad =   75 sigma =    2.0000 alpha =    1.0000
### Maximum relative error in matching lines = 4.31e-14 at line 79 field 4
### Maximum relative error in matching lines = 4.30e-14 at line 78 field 5
glfd606
105c105
<   Minimum relative error =  -5.07E-15  -2.28E+01 ulps       4.51 bits at nquad =   95 sigma =    3.0000 alpha =    0.2000
--- field 13	relative error 9.19e-02
>   Minimum relative error =  -2.46E-14  -1.11E+02 ulps       6.79 bits at nquad =   87 sigma =    3.0000 alpha =     .2000
### Maximum relative error in matching lines = 3.60e-14 at line 86 field 4
### Maximum relative error in matching lines = 3.60e-14 at line 85 field 5
glfd607
### Maximum relative error in matching lines = 5.52e-14 at line 89 field 4
### Maximum relative error in matching lines = 5.49e-14 at line 88 field 5
glfd608
### Maximum relative error in matching lines = 1.67e-13 at line 23 field 4
### Maximum relative error in matching lines = 1.67e-13 at line 22 field 5
glfd609
### Maximum relative error in matching lines = 1.07e-13 at line 19 field 4
### Maximum relative error in matching lines = 1.07e-13 at line 18 field 5
glfd610
============================== Making check-dp in common
ar -r ../libgjl.a d2norm.o dcopy.o deps.o derbit.o dfloat.o dfpmax.o dgamma.o dinf.o diran.o dlgam.o dlog2.o dnan.o dpsi.o dpsiln.o dran.o dstore.o dstorf.o dvsum.o ffalse.o ftrue.o getnan.o idceil.o isdinf.o isdnan.o pythag.o tql1.o
ranlib ../libgjl.a || true
ar -r ../libgjl.a aeps.o afpmax.o ainf.o airan.o algam.o alog2.o anan.o astore.o astorf.o avsum.o gamma.o iceil.o isainf.o isanan.o psi.o psiln.o ran.o
ranlib ../libgjl.a || true
There is no validation suite in this directory
395.890u 11.650s 6:51.50 99.0%	0+0k 0+0io 219756pf+0w
============================================================
Disk free report for /local/build/f77/quadlog-gampsi:
			Filesystem           1K-blocks      Used Available Use% Mounted on
			/dev/hda9             71725368   9419092  58662836  14% /
Remote date:            2004.06.14.13.49.13
Build directory:        /a/suncore1/export/home/0077/sy/beebe
/usr/bin/.: Permission denied.
System status:            1:49pm  up 76 days,  2:14,  3 users,  load average: 1.00, 0.83, 0.43
============================================================
