============================================================
/usr/local/bin/.: Permission denied.
Machinetype:            Sun Ultra 2/2400 (400 MHz);     Solaris 2.9
System status:            2:03pm  up 30 day(s),  1:33,  4 users,  load average: 2.13, 0.68, 0.26
Remote c89 version:     cc: Sun C 5.5 Patch 112760-09 2004/03/31
Remote cc version:      cc: Sun C 5.5 Patch 112760-09 2004/03/31
Remote CC version:      CC: Sun C++ 5.5 Patch 113817-07 2004/03/23
Remote lcc version:     lcc version 4.1.beta.9 [11-May-2001]
Package:                quadlog-gampsi
Archive:                /export/home/0077/sy/beebe//quadlog-gampsi.tar.gz
Date:                   2004.06.10.14.03.37
Local user:             beebe
Local host:             suncore.math.utah.edu
Local log directory:    /export/home/0077/sy/beebe/logs/quadlog-gampsi
Local log file:         quadlog-gampsi.gretal.math.utah.edu.2004.06.10.14.03.37.log
Remote user:            beebe
Remote host:            gretal.math.utah.edu
Remote directory:       /local/build/f90
Remote date:            2004.06.10.14.03.55
Remote uname:           SunOS gretal.math.utah.edu 5.9 Generic_112233-12 sun4u sparc SUNW,Ultra-2 Solaris
Remote gcc version:     gcc (GCC) 3.3
Remote g++ version:     g++ (GCC) 3.3
Remote gcc3 version:    gcc3: Command not found.

Remote g++3 version:    g++3: Command not found.

Configure environment:  CC=/opt/studio9/SUNWspro/bin/cc CFLAGS=-I/usr/local/include CXX=/opt/studio9/SUNWspro/bin/CC CXXFLAGS=-I/usr/local/include FC=/opt/studio9/SUNWspro/bin/f90 F77=/opt/studio9/SUNWspro/bin/f90 LDFLAGS="-R/usr/local/lib -L/usr/local/lib" FFLAGS=-ftrap=%none 
Extra environment:      
Configure flags:        
Make all targets:       
Make check targets:     check
Disk free report for /local/build/f90/quadlog-gampsi:
			Filesystem           1K-blocks      Used Available Use% Mounted on
			/dev/dsk/c0t1d0s0     33209540   5959249  26918196  19% /
Environment:
			DVIPSHEADERS=.:/usr/local/lib/tex/ps:/usr/local/lib/tex/fonts/ps:/usr/local/lib/tex/fonts/vf:/usr/local/lib/tex/fonts/old/vf:/usr/local/lib/tex/fonts/postscript/cmpsfont/pfb
			GROUP=staff
			GUIDEHOME=/opt/SUNWguide
			HELPPATH=/usr/openwin/lib/locale:/usr/openwin/lib/help:/usr/local/lib/help
			HOME=/u/sy/beebe
			HOST=gretal.math.utah.edu
			HOSTALIAS=gretal
			HOSTTYPE=sun4
			INDOMAIN=math.utah.edu
			INFO=/usr/local/plot79
			LD_LIBRARY_PATH=/usr/dt/lib:/usr/openwin/lib:/usr/local/lib:/usr/local/X11R5/lib:/usr/local/lib/X11
			LOGNAME=beebe
			MACHTYPE=sparc
			MAIL=/var/mail//beebe
			MANPATH=/usr/share/man:/usr/openwin/share/man:/opt/SUNWspro/FileMerge/man:/opt/SUNWspro/man:/opt/SUNWspro/swmgr/man:/usr/local/man:/usr/local/X11R5/man
			MFINPUTS=.:/usr/local/lib/mf/macros:/usr/local/lib/mf/cm:/usr/local/lib/mf
			MOTIFHOME=/usr/dt
			NCARG_ROOT=/usr/local/ncar
			OPENWINHOME=/usr/openwin
			OSTYPE=solaris
			PATH=/usr/local/bin:/usr/local/sbin:/bin:/usr/ccs/bin:/opt/SUNWspro/bin:/u/sy/beebe/bin/sun4:/usr/local/share/bin:/usr/local/bin/X11:/usr/local/mpi/bin:/usr/local/pbmplus:/usr/openwin/bin:/usr/dt/bin:/usr/local/plot79:/usr/local/X11R5/bin:/usr/ucb:/usr/sbin:/sbin:/usr/local/ashare/bmdp/bin:/usr/java/bin:/usr/local/java/bin:/usr/local/hotjava/bin:/usr/local/etc:/etc:.:/u/sy/beebe/tex/bib:/usr/local/gnat/bin:/usr/proc/bin:/usr/local/ora/bin
			PLT=/usr/local/plot79
			PVM_ROOT=/usr/local/pvm3
			PWD=/u/sy/beebe
			SHELL=/usr/local/bin/tcsh
			SHLVL=1
			SSH_CLIENT=155.101.96.4 55366 22
			SSH_CONNECTION=155.101.96.4 55366 155.101.96.20 22
			TERM=unknown
			TEXCONFIG=.:/usr/local/lib/tex/ps:/usr/local/lib/tex/fonts/vf:/usr/local/lib/tex/fonts/old/vf
			TEXFONTS=/usr/local/lib/tex/fonts/cm/600dpi:/usr/local/lib/tex/fonts/cm/tfms:/usr/local/lib/tex/ams/amspsfnt/tfms:/usr/local/lib/tex/ams/amspsfnt/pfb:/usr/local/lib/tex/ams/amsfonts/pk-files/600dpi:/usr/local/lib/tex/ams/amsfonts/pk-files/300dpi:/usr/local/lib/tex/fonts/pandora/600dpi:/usr/local/lib/tex/fonts/pandora/tfms:/usr/local/lib/tex/fonts/concrete/600dpi:/usr/local/lib/tex/fonts/concrete/tfms:/usr/local/lib/tex/fonts/greek:/usr/local/lib/tex/lamstex/mf:/usr/local/lib/tex/fonts/pk/tfms:/usr/local/lib/tex/fonts/pk/600dpi:/usr/local/lib/tex/fonts/pk/300dpi:/usr/local/lib/tex/fonts/ps:/usr/local/lib/tex/latex2e/fonts:/usr/local/lib/tex/fonts/vf:/usr/local/lib/tex/fonts/old/vf:/usr/local/lib/tex/musictex/pk/600dpi:/usr/local/lib/tex/musictex/pk/tfms:/usr/local/lib/tex/fonts/cmcyr/600dpi:/usr/local/lib/tex/fonts/ec/600dpi:/usr/local/lib/tex/fonts/ec/tfms:/usr/local/lib/tex/fonts/ecc/600dpi:/usr/local/lib/tex/fonts/ecc/tfms:/usr/local/lib/tex/fonts/ams
			TEXINPUTS=.:/usr/local/lib/tex/inputs:/usr/local/lib/tex/fonts/ps:/usr/local/lib/tex/latex:/usr/local/lib/tex/ams/amstex:/usr/local/lib/tex/ams/amstex/doc:/usr/local/lib/tex/ams/amslatex/inputs:/usr/local/lib/tex/bibtex:/usr/local/lib/tex/fonts/ap/300dpi:/usr/local/lib/tex/tugboat:/usr/local/lib/tex/lamstex/inputs:/usr/local/lib/tex/siam:/usr/local/lib/tex/ps:/usr/local/lib/tex/fonts/pandora
			TEXPKS=/usr/local/lib/tex/fonts/cm/600dpi:/usr/local/lib/tex/fonts/cm/tfms:/usr/local/lib/tex/ams/amspsfnt/tfms:/usr/local/lib/tex/ams/amspsfnt/pfb:/usr/local/lib/tex/ams/amsfonts/pk-files/600dpi:/usr/local/lib/tex/ams/amsfonts/pk-files/300dpi:/usr/local/lib/tex/fonts/pandora/600dpi:/usr/local/lib/tex/fonts/pandora/tfms:/usr/local/lib/tex/fonts/concrete/600dpi:/usr/local/lib/tex/fonts/concrete/tfms:/usr/local/lib/tex/fonts/greek:/usr/local/lib/tex/lamstex/mf:/usr/local/lib/tex/fonts/pk/tfms:/usr/local/lib/tex/fonts/pk/600dpi:/usr/local/lib/tex/fonts/pk/300dpi:/usr/local/lib/tex/fonts/ps:/usr/local/lib/tex/latex2e/fonts:/usr/local/lib/tex/fonts/vf:/usr/local/lib/tex/fonts/old/vf:/usr/local/lib/tex/musictex/pk/600dpi:/usr/local/lib/tex/musictex/pk/tfms:/usr/local/lib/tex/fonts/cmcyr/600dpi:/usr/local/lib/tex/fonts/ec/600dpi:/usr/local/lib/tex/fonts/ec/tfms:/usr/local/lib/tex/fonts/ecc/600dpi:/usr/local/lib/tex/fonts/ecc/tfms:/usr/local/lib/tex/fonts/ams
			USER=beebe
			VENDOR=sun
			VFFONTS=.:/usr/local/lib/tex/latex2e/fonts:/usr/local/lib/tex/fonts/vf:/usr/local/lib/tex/fonts/old/vf:/usr/local/lib/tex/fonts/fontinst/contrib/helminck:/usr/local/lib/tex/fonts/malvern/vf:/usr/local/lib/tex/fonts/mathtime
			YPDOMAIN=YP.math.utah.edu
============================================================
configure: creating ./config.status
config.status: creating Makefile
configure: configuring in common
configure: running /bin/sh './configure'  --cache-file=/dev/null --srcdir=.
checking for gcc... /opt/studio9/SUNWspro/bin/cc
checking for C compiler default output file name... a.out
checking whether the C compiler works... yes
checking whether we are cross compiling... no
checking for suffix of executables... 
checking for suffix of object files... o
checking whether we are using the GNU C compiler... no
checking whether /opt/studio9/SUNWspro/bin/cc accepts -g... yes
checking for /opt/studio9/SUNWspro/bin/cc option to accept ANSI C... none needed
checking whether we are using the GNU Fortran 77 compiler... no
checking whether /opt/studio9/SUNWspro/bin/f90 accepts -g... yes
checking for autoconf... autoconf
configure: creating ./config.status
config.status: creating Makefile
configure: configuring in gampsi
configure: running /bin/sh './configure'  --cache-file=/dev/null --srcdir=.
checking for gcc... /opt/studio9/SUNWspro/bin/cc
checking for C compiler default output file name... a.out
checking whether the C compiler works... yes
checking whether we are cross compiling... no
checking for suffix of executables... 
checking for suffix of object files... o
checking whether we are using the GNU C compiler... no
checking whether /opt/studio9/SUNWspro/bin/cc accepts -g... yes
checking for /opt/studio9/SUNWspro/bin/cc option to accept ANSI C... none needed
checking whether we are using the GNU Fortran 77 compiler... no
checking whether /opt/studio9/SUNWspro/bin/f90 accepts -g... yes
checking for autoconf... autoconf
checking for gzip... gzip
checking for tar... tar
configure: creating ./config.status
config.status: creating Makefile
configure: configuring in jacobi
configure: running /bin/sh './configure'  --cache-file=/dev/null --srcdir=.
checking for gcc... /opt/studio9/SUNWspro/bin/cc
checking for C compiler default output file name... a.out
checking whether the C compiler works... yes
checking whether we are cross compiling... no
checking for suffix of executables... 
checking for suffix of object files... o
checking whether we are using the GNU C compiler... no
checking whether /opt/studio9/SUNWspro/bin/cc accepts -g... yes
checking for /opt/studio9/SUNWspro/bin/cc option to accept ANSI C... none needed
checking whether we are using the GNU Fortran 77 compiler... no
checking whether /opt/studio9/SUNWspro/bin/f90 accepts -g... yes
checking for autoconf... autoconf
configure: creating ./config.status
config.status: creating Makefile
configure: configuring in laguerre
configure: running /bin/sh './configure'  --cache-file=/dev/null --srcdir=.
checking for gcc... /opt/studio9/SUNWspro/bin/cc
checking for C compiler default output file name... a.out
checking whether the C compiler works... yes
checking whether we are cross compiling... no
checking for suffix of executables... 
checking for suffix of object files... o
checking whether we are using the GNU C compiler... no
checking whether /opt/studio9/SUNWspro/bin/cc accepts -g... yes
checking for /opt/studio9/SUNWspro/bin/cc option to accept ANSI C... none needed
checking whether we are using the GNU Fortran 77 compiler... no
checking whether /opt/studio9/SUNWspro/bin/f90 accepts -g... yes
checking for autoconf... autoconf
checking if -lm needed for math functions... yes
checking if -lsunmath needed for aint()... yes
configure: creating ./config.status
config.status: creating Makefile
configure: configuring in man
configure: running /bin/sh './configure'  --cache-file=/dev/null --srcdir=.
checking for autoconf... autoconf
checking for deroff... deroff
checking for ps2pdf... ps2pdf
checking for man2html... man2html
configure: creating ./config.status
config.status: creating Makefile
29.87user 91.69system 8:00.98elapsed 25%CPU (0avgtext+0avgdata 0maxresident)k
0inputs+0outputs (0major+0minor)pagefaults 0swaps
(cd common && make  prefix=/usr/local FWARN="" FOPT="-O" all )
/opt/studio9/SUNWspro/bin/f90 -ftrap=%none -O     -c -o d2norm.o d2norm.f
/opt/studio9/SUNWspro/bin/f90 -ftrap=%none -O     -c -o dcopy.o dcopy.f
/opt/studio9/SUNWspro/bin/f90 -ftrap=%none -O     -c -o deps.o deps.f
/opt/studio9/SUNWspro/bin/f90 -ftrap=%none -O     -c -o derbit.o derbit.f
/opt/studio9/SUNWspro/bin/f90 -ftrap=%none -O     -c -o dfloat.o dfloat.f
/opt/studio9/SUNWspro/bin/f90 -ftrap=%none -O     -c -o dfpmax.o dfpmax.f
/opt/studio9/SUNWspro/bin/f90 -ftrap=%none -O     -c -o dgamma.o dgamma.f
/opt/studio9/SUNWspro/bin/f90 -ftrap=%none -O     -c -o dinf.o dinf.f
/opt/studio9/SUNWspro/bin/f90 -ftrap=%none -O     -c -o diran.o diran.f
/opt/studio9/SUNWspro/bin/f90 -ftrap=%none -O     -c -o dlgam.o dlgam.f
/opt/studio9/SUNWspro/bin/f90 -ftrap=%none -O     -c -o dlog2.o dlog2.f
/opt/studio9/SUNWspro/bin/f90 -ftrap=%none -O     -c -o dnan.o dnan.f
/opt/studio9/SUNWspro/bin/f90 -ftrap=%none -O     -c -o dpsi.o dpsi.f
/opt/studio9/SUNWspro/bin/f90 -ftrap=%none -O     -c -o dpsiln.o dpsiln.f
/opt/studio9/SUNWspro/bin/f90 -ftrap=%none -O     -c -o dran.o dran.f
/opt/studio9/SUNWspro/bin/f90 -ftrap=%none -O     -c -o dstore.o dstore.f
/opt/studio9/SUNWspro/bin/f90 -ftrap=%none -O     -c -o dstorf.o dstorf.f
/opt/studio9/SUNWspro/bin/f90 -ftrap=%none -O     -c -o dvsum.o dvsum.f
/opt/studio9/SUNWspro/bin/f90 -ftrap=%none -O     -c -o ffalse.o ffalse.f
/opt/studio9/SUNWspro/bin/f90 -ftrap=%none -O     -c -o ftrue.o ftrue.f
/opt/studio9/SUNWspro/bin/f90 -ftrap=%none -O     -c -o getnan.o getnan.f
/opt/studio9/SUNWspro/bin/f90 -ftrap=%none -O     -c -o idceil.o idceil.f
/opt/studio9/SUNWspro/bin/f90 -ftrap=%none -O     -c -o isdinf.o isdinf.f
/opt/studio9/SUNWspro/bin/f90 -ftrap=%none -O     -c -o isdnan.o isdnan.f
/opt/studio9/SUNWspro/bin/f90 -ftrap=%none -O     -c -o pythag.o pythag.f
/opt/studio9/SUNWspro/bin/f90 -ftrap=%none -O     -c -o tql1.o tql1.f
ar -r ../libgjl.a d2norm.o dcopy.o deps.o derbit.o dfloat.o dfpmax.o dgamma.o dinf.o diran.o dlgam.o dlog2.o dnan.o dpsi.o dpsiln.o dran.o dstore.o dstorf.o dvsum.o ffalse.o ftrue.o getnan.o idceil.o isdinf.o isdnan.o pythag.o tql1.o
ranlib ../libgjl.a || true
/opt/studio9/SUNWspro/bin/f90 -ftrap=%none -O     -c -o aeps.o aeps.f
/opt/studio9/SUNWspro/bin/f90 -ftrap=%none -O     -c -o afpmax.o afpmax.f
/opt/studio9/SUNWspro/bin/f90 -ftrap=%none -O     -c -o ainf.o ainf.f
/opt/studio9/SUNWspro/bin/f90 -ftrap=%none -O     -c -o airan.o airan.f
/opt/studio9/SUNWspro/bin/f90 -ftrap=%none -O     -c -o algam.o algam.f
/opt/studio9/SUNWspro/bin/f90 -ftrap=%none -O     -c -o alog2.o alog2.f
/opt/studio9/SUNWspro/bin/f90 -ftrap=%none -O     -c -o anan.o anan.f
/opt/studio9/SUNWspro/bin/f90 -ftrap=%none -O     -c -o astore.o astore.f
/opt/studio9/SUNWspro/bin/f90 -ftrap=%none -O     -c -o astorf.o astorf.f
/opt/studio9/SUNWspro/bin/f90 -ftrap=%none -O     -c -o avsum.o avsum.f
/opt/studio9/SUNWspro/bin/f90 -ftrap=%none -O     -c -o gamma.o gamma.f
/opt/studio9/SUNWspro/bin/f90 -ftrap=%none -O     -c -o iceil.o iceil.f
/opt/studio9/SUNWspro/bin/f90 -ftrap=%none -O     -c -o isainf.o isainf.f
/opt/studio9/SUNWspro/bin/f90 -ftrap=%none -O     -c -o isanan.o isanan.f
/opt/studio9/SUNWspro/bin/f90 -ftrap=%none -O     -c -o psi.o psi.f
/opt/studio9/SUNWspro/bin/f90 -ftrap=%none -O     -c -o psiln.o psiln.f
/opt/studio9/SUNWspro/bin/f90 -ftrap=%none -O     -c -o ran.o ran.f
ar -r ../libgjl.a aeps.o afpmax.o ainf.o airan.o algam.o alog2.o anan.o astore.o astorf.o avsum.o gamma.o iceil.o isainf.o isanan.o psi.o psiln.o ran.o
ranlib ../libgjl.a || true
for subdir in man gampsi jacobi laguerre common ; do echo ============================== Making all in $subdir ; ( cd $subdir && make  prefix=/usr/local FWARN="" FOPT="-O" all ) ; done
============================== Making all in man
============================== Making all in gampsi
(cd ../common; make lib-dp)
ar -r ../libgjl.a d2norm.o dcopy.o deps.o derbit.o dfloat.o dfpmax.o dgamma.o dinf.o diran.o dlgam.o dlog2.o dnan.o dpsi.o dpsiln.o dran.o dstore.o dstorf.o dvsum.o ffalse.o ftrue.o getnan.o idceil.o isdinf.o isdnan.o pythag.o tql1.o
ranlib ../libgjl.a || true
/opt/studio9/SUNWspro/bin/f90 -ftrap=%none -O -I../common   -c -o tdgen.o tdgen.f
/opt/studio9/SUNWspro/bin/f90 -ftrap=%none -O -I../common   -c -o funhdr.o funhdr.f
/opt/studio9/SUNWspro/bin/f90 -ftrap=%none -O -I../common   -c -o dgen.o dgen.f
/opt/studio9/SUNWspro/bin/f90 -ftrap=%none -O -I../common   -o tdgen tdgen.o funhdr.o dgen.o ../common/dfloat.o ../common/dinf.o ../common/diran.o ../common/dnan.o ../common/dran.o ../common/dstorf.o ../common/idceil.o ../common/isdnan.o ../common/dgamma.o ../common/dlgam.o ../common/dpsi.o ../common/dpsiln.o 
(cd ../common; make lib-sp)
ar -r ../libgjl.a aeps.o afpmax.o ainf.o airan.o algam.o alog2.o anan.o astore.o astorf.o avsum.o gamma.o iceil.o isainf.o isanan.o psi.o psiln.o ran.o
ranlib ../libgjl.a || true
/opt/studio9/SUNWspro/bin/f90 -ftrap=%none -O -I../common   -c -o tagen.o tagen.f
/opt/studio9/SUNWspro/bin/f90 -ftrap=%none -O -I../common   -c -o agen.o agen.f
/opt/studio9/SUNWspro/bin/f90 -ftrap=%none -O -I../common   -o tagen tagen.o funhdr.o agen.o ../common/ainf.o ../common/airan.o ../common/anan.o ../common/astorf.o ../common/iceil.o ../common/isanan.o ../common/ran.o ../common/algam.o ../common/dfloat.o ../common/gamma.o ../common/idceil.o ../common/psi.o ../common/psiln.o 
============================== Making all in jacobi
/opt/studio9/SUNWspro/bin/f90 -ftrap=%none -O -I../common   -c -o gjqf.o gjqf.f
/opt/studio9/SUNWspro/bin/f90 -ftrap=%none -O -I../common   -c -o gjqfd.o gjqfd.f
/opt/studio9/SUNWspro/bin/f90 -ftrap=%none -O -I../common   -c -o gjqli.o gjqli.f
/opt/studio9/SUNWspro/bin/f90 -ftrap=%none -O -I../common   -c -o gjqrc.o gjqrc.f
(cd ../common; make lib-dp)
ar -r ../libgjl.a d2norm.o dcopy.o deps.o derbit.o dfloat.o dfpmax.o dgamma.o dinf.o diran.o dlgam.o dlog2.o dnan.o dpsi.o dpsiln.o dran.o dstore.o dstorf.o dvsum.o ffalse.o ftrue.o getnan.o idceil.o isdinf.o isdnan.o pythag.o tql1.o
ranlib ../libgjl.a || true
ar -r ../libgjl.a gjqf.o gjqfd.o gjqli.o gjqrc.o
ranlib ../libgjl.a || true
/opt/studio9/SUNWspro/bin/f90 -ftrap=%none -O -I../common   -c -o tgjf1.o tgjf1.f
/opt/studio9/SUNWspro/bin/f90 -ftrap=%none -O -I../common   -c -o ../common/prthdr.o ../common/prthdr.f
/opt/studio9/SUNWspro/bin/f90 -ftrap=%none -O -I../common   -c -o ../common/trapit.o ../common/trapit.f
/opt/studio9/SUNWspro/bin/f90 -ftrap=%none -O -I../common   -o tgjf1 tgjf1.o gjqf.o gjqli.o gjqrc.o gjqfd.o ../common/d2norm.o ../common/dcopy.o ../common/deps.o ../common/derbit.o ../common/dfloat.o ../common/dgamma.o ../common/dinf.o ../common/dlog2.o ../common/dnan.o ../common/dpsi.o ../common/dstore.o ../common/dstorf.o ../common/dvsum.o ../common/isdnan.o ../common/prthdr.o ../common/pythag.o ../common/tql1.o ../common/trapit.o ../libgjl.a
/opt/studio9/SUNWspro/bin/f90 -ftrap=%none -O -I../common   -c -o tgjf2.o tgjf2.f
/opt/studio9/SUNWspro/bin/f90 -ftrap=%none -O -I../common   -o tgjf2 tgjf2.o gjqf.o gjqli.o gjqrc.o gjqfd.o ../common/d2norm.o ../common/dcopy.o ../common/deps.o ../common/derbit.o ../common/dfloat.o ../common/dgamma.o ../common/dinf.o ../common/dlog2.o ../common/dnan.o ../common/dpsi.o ../common/dstore.o ../common/dstorf.o ../common/dvsum.o ../common/isdnan.o ../common/prthdr.o ../common/pythag.o ../common/tql1.o ../common/trapit.o ../libgjl.a
/opt/studio9/SUNWspro/bin/f90 -ftrap=%none -O -I../common   -c -o tgjfd1.o tgjfd1.f
/opt/studio9/SUNWspro/bin/f90 -ftrap=%none -O -I../common   -o tgjfd1 tgjfd1.o gjqfd.o ../common/d2norm.o ../common/dcopy.o ../common/deps.o ../common/derbit.o ../common/dfloat.o ../common/dgamma.o ../common/dinf.o ../common/dlog2.o ../common/dnan.o ../common/dpsi.o ../common/dstore.o ../common/dstorf.o ../common/dvsum.o ../common/isdnan.o ../common/prthdr.o ../common/pythag.o ../common/tql1.o ../common/trapit.o ../libgjl.a
/opt/studio9/SUNWspro/bin/f90 -ftrap=%none -O -I../common   -c -o tgjfd2.o tgjfd2.f
/opt/studio9/SUNWspro/bin/f90 -ftrap=%none -O -I../common   -o tgjfd2 tgjfd2.o gjqfd.o ../common/d2norm.o ../common/dcopy.o ../common/deps.o ../common/derbit.o ../common/dfloat.o ../common/dgamma.o ../common/dinf.o ../common/dlog2.o ../common/dnan.o ../common/dpsi.o ../common/dstore.o ../common/dstorf.o ../common/dvsum.o ../common/isdnan.o ../common/prthdr.o ../common/pythag.o ../common/tql1.o ../common/trapit.o ../libgjl.a
============================== Making all in laguerre
/opt/studio9/SUNWspro/bin/f90 -ftrap=%none -O -I../common   -c -o glqf.o glqf.f
/opt/studio9/SUNWspro/bin/f90 -ftrap=%none -O -I../common   -c -o glqfd.o glqfd.f
/opt/studio9/SUNWspro/bin/f90 -ftrap=%none -O -I../common   -c -o glqli.o glqli.f
/opt/studio9/SUNWspro/bin/f90 -ftrap=%none -O -I../common   -c -o glqrc.o glqrc.f
(cd ../common; make lib-dp)
ar -r ../libgjl.a d2norm.o dcopy.o deps.o derbit.o dfloat.o dfpmax.o dgamma.o dinf.o diran.o dlgam.o dlog2.o dnan.o dpsi.o dpsiln.o dran.o dstore.o dstorf.o dvsum.o ffalse.o ftrue.o getnan.o idceil.o isdinf.o isdnan.o pythag.o tql1.o
ranlib ../libgjl.a || true
ar -r ../libgjl.a glqf.o glqfd.o glqli.o glqrc.o
ranlib ../libgjl.a || true
/opt/studio9/SUNWspro/bin/f90 -ftrap=%none -O -I../common   -c -o tglf1.o tglf1.f
/opt/studio9/SUNWspro/bin/f90 -ftrap=%none -O -I../common   -o tglf1 tglf1.o glqf.o glqli.o glqfd.o glqrc.o ../common/prthdr.o ../common/d2norm.o ../common/dcopy.o ../common/deps.o ../common/derbit.o ../common/dfloat.o ../common/dgamma.o ../common/dinf.o ../common/dlog2.o ../common/dnan.o ../common/dpsi.o ../common/dstore.o ../common/dstorf.o ../common/dvsum.o ../common/isdnan.o ../common/pythag.o ../common/tql1.o ../common/trapit.o
/opt/studio9/SUNWspro/bin/f90 -ftrap=%none -O -I../common   -c -o tglf2.o tglf2.f
/opt/studio9/SUNWspro/bin/f90 -ftrap=%none -O -I../common   -o tglf2 tglf2.o glqf.o glqli.o glqfd.o glqrc.o ../common/prthdr.o ../common/d2norm.o ../common/dcopy.o ../common/deps.o ../common/derbit.o ../common/dfloat.o ../common/dgamma.o ../common/dinf.o ../common/dlog2.o ../common/dnan.o ../common/dpsi.o ../common/dstore.o ../common/dstorf.o ../common/dvsum.o ../common/isdnan.o ../common/pythag.o ../common/tql1.o ../common/trapit.o
/opt/studio9/SUNWspro/bin/f90 -ftrap=%none -O -I../common   -c -o tglf3.o tglf3.f
/opt/studio9/SUNWspro/bin/f90 -ftrap=%none -O -I../common   -o tglf3 tglf3.o glqf.o glqli.o glqfd.o glqrc.o ../common/prthdr.o ../common/d2norm.o ../common/dcopy.o ../common/deps.o ../common/derbit.o ../common/dfloat.o ../common/dgamma.o ../common/dinf.o ../common/dlog2.o ../common/dnan.o ../common/dpsi.o ../common/dstore.o ../common/dstorf.o ../common/dvsum.o ../common/isdnan.o ../common/pythag.o ../common/tql1.o ../common/trapit.o
/opt/studio9/SUNWspro/bin/f90 -ftrap=%none -O -I../common   -c -o tglf4.o tglf4.f
/opt/studio9/SUNWspro/bin/f90 -ftrap=%none -O -I../common   -o tglf4 tglf4.o glqf.o glqli.o glqfd.o glqrc.o ../common/prthdr.o ../common/d2norm.o ../common/dcopy.o ../common/deps.o ../common/derbit.o ../common/dfloat.o ../common/dgamma.o ../common/dinf.o ../common/dlog2.o ../common/dnan.o ../common/dpsi.o ../common/dstore.o ../common/dstorf.o ../common/dvsum.o ../common/isdnan.o ../common/pythag.o ../common/tql1.o ../common/trapit.o
/opt/studio9/SUNWspro/bin/f90 -ftrap=%none -O -I../common   -c -o tglf5.o tglf5.f
/opt/studio9/SUNWspro/bin/f90 -ftrap=%none -O -I../common   -o tglf5 tglf5.o glqf.o glqli.o glqfd.o glqrc.o ../common/prthdr.o ../common/d2norm.o ../common/dcopy.o ../common/deps.o ../common/derbit.o ../common/dfloat.o ../common/dgamma.o ../common/dinf.o ../common/dlog2.o ../common/dnan.o ../common/dpsi.o ../common/dstore.o ../common/dstorf.o ../common/dvsum.o ../common/isdnan.o ../common/pythag.o ../common/tql1.o ../common/trapit.o
/opt/studio9/SUNWspro/bin/f90 -ftrap=%none -O -I../common   -c -o tglf6.o tglf6.f
/opt/studio9/SUNWspro/bin/f90 -ftrap=%none -O -I../common   -o tglf6 tglf6.o glqf.o glqli.o glqfd.o glqrc.o ../common/prthdr.o ../common/d2norm.o ../common/dcopy.o ../common/deps.o ../common/derbit.o ../common/dfloat.o ../common/dgamma.o ../common/dinf.o ../common/dlog2.o ../common/dnan.o ../common/dpsi.o ../common/dstore.o ../common/dstorf.o ../common/dvsum.o ../common/isdnan.o ../common/pythag.o ../common/tql1.o ../common/trapit.o
/opt/studio9/SUNWspro/bin/f90 -ftrap=%none -O -I../common   -c -o tglfd1.o tglfd1.f
/opt/studio9/SUNWspro/bin/f90 -ftrap=%none -O -I../common   -o tglfd1 tglfd1.o glqli.o glqfd.o glqrc.o ../common/prthdr.o ../common/d2norm.o ../common/dcopy.o ../common/deps.o ../common/derbit.o ../common/dfloat.o ../common/dgamma.o ../common/dinf.o ../common/dlog2.o ../common/dnan.o ../common/dpsi.o ../common/dstore.o ../common/dstorf.o ../common/dvsum.o ../common/isdnan.o ../common/pythag.o ../common/tql1.o ../common/trapit.o
/opt/studio9/SUNWspro/bin/f90 -ftrap=%none -O -I../common   -c -o tglfd2.o tglfd2.f
/opt/studio9/SUNWspro/bin/f90 -ftrap=%none -O -I../common   -o tglfd2 tglfd2.o glqli.o glqfd.o glqrc.o ../common/prthdr.o ../common/d2norm.o ../common/dcopy.o ../common/deps.o ../common/derbit.o ../common/dfloat.o ../common/dgamma.o ../common/dinf.o ../common/dlog2.o ../common/dnan.o ../common/dpsi.o ../common/dstore.o ../common/dstorf.o ../common/dvsum.o ../common/isdnan.o ../common/pythag.o ../common/tql1.o ../common/trapit.o
/opt/studio9/SUNWspro/bin/f90 -ftrap=%none -O -I../common   -c -o tglfd3.o tglfd3.f
/opt/studio9/SUNWspro/bin/f90 -ftrap=%none -O -I../common   -o tglfd3 tglfd3.o glqli.o glqfd.o glqrc.o ../common/prthdr.o ../common/d2norm.o ../common/dcopy.o ../common/deps.o ../common/derbit.o ../common/dfloat.o ../common/dgamma.o ../common/dinf.o ../common/dlog2.o ../common/dnan.o ../common/dpsi.o ../common/dstore.o ../common/dstorf.o ../common/dvsum.o ../common/isdnan.o ../common/pythag.o ../common/tql1.o ../common/trapit.o
/opt/studio9/SUNWspro/bin/f90 -ftrap=%none -O -I../common   -c -o tglfd4.o tglfd4.f
/opt/studio9/SUNWspro/bin/f90 -ftrap=%none -O -I../common   -o tglfd4 tglfd4.o glqli.o glqfd.o glqrc.o ../common/prthdr.o ../common/d2norm.o ../common/dcopy.o ../common/deps.o ../common/derbit.o ../common/dfloat.o ../common/dgamma.o ../common/dinf.o ../common/dlog2.o ../common/dnan.o ../common/dpsi.o ../common/dstore.o ../common/dstorf.o ../common/dvsum.o ../common/isdnan.o ../common/pythag.o ../common/tql1.o ../common/trapit.o
/opt/studio9/SUNWspro/bin/f90 -ftrap=%none -O -I../common   -c -o tglfd5.o tglfd5.f
/opt/studio9/SUNWspro/bin/f90 -ftrap=%none -O -I../common   -o tglfd5 tglfd5.o glqli.o glqfd.o glqrc.o ../common/prthdr.o ../common/d2norm.o ../common/dcopy.o ../common/deps.o ../common/derbit.o ../common/dfloat.o ../common/dgamma.o ../common/dinf.o ../common/dlog2.o ../common/dnan.o ../common/dpsi.o ../common/dstore.o ../common/dstorf.o ../common/dvsum.o ../common/isdnan.o ../common/pythag.o ../common/tql1.o ../common/trapit.o
/opt/studio9/SUNWspro/bin/f90 -ftrap=%none -O -I../common   -c -o tglfd6.o tglfd6.f
/opt/studio9/SUNWspro/bin/f90 -ftrap=%none -O -I../common   -o tglfd6 tglfd6.o glqli.o glqfd.o glqrc.o ../common/prthdr.o ../common/d2norm.o ../common/dcopy.o ../common/deps.o ../common/derbit.o ../common/dfloat.o ../common/dgamma.o ../common/dinf.o ../common/dlog2.o ../common/dnan.o ../common/dpsi.o ../common/dstore.o ../common/dstorf.o ../common/dvsum.o ../common/isdnan.o ../common/pythag.o ../common/tql1.o ../common/trapit.o
============================== Making all in common
ar -r ../libgjl.a d2norm.o dcopy.o deps.o derbit.o dfloat.o dfpmax.o dgamma.o dinf.o diran.o dlgam.o dlog2.o dnan.o dpsi.o dpsiln.o dran.o dstore.o dstorf.o dvsum.o ffalse.o ftrue.o getnan.o idceil.o isdinf.o isdnan.o pythag.o tql1.o
ranlib ../libgjl.a || true
ar -r ../libgjl.a aeps.o afpmax.o ainf.o airan.o algam.o alog2.o anan.o astore.o astorf.o avsum.o gamma.o iceil.o isainf.o isanan.o psi.o psiln.o ran.o
ranlib ../libgjl.a || true
96.07u 41.38s 5:22.14 42.6%
for subdir in man gampsi jacobi laguerre common ; do echo ============================== Making check-dp in $subdir ; ( cd $subdir && make  prefix=/usr/local FWARN="" FOPT="-O" check-dp ) ; done
============================== Making check-dp in man
There is no validation suite in this directory
============================== Making check-dp in gampsi
Checking tdgen ...
File differences are made with: /usr/local/bin/ndiff --relerr 5.0e-11 --minwidth 10
cos001
okay/cos001.out cos001.out differ: char 137, line 7
### Maximum relative error in matching lines = 8.80e-17 at line 8 field 5
Checking tdgen ...
File differences are made with: /usr/local/bin/ndiff --relerr 5.0e-11 --minwidth 10
cos101
okay/cos101.out cos101.out differ: char 147, line 7
### Maximum relative error in matching lines = 1.19e-16 at line 7641 field 5
cos102
okay/cos102.out cos102.out differ: char 147, line 7
### Maximum relative error in matching lines = 1.25e-16 at line 9319 field 5
cos103
okay/cos103.out cos103.out differ: char 147, line 7
### Maximum relative error in matching lines = 1.16e-16 at line 5748 field 5
Checking tdgen ...
File differences are made with: /usr/local/bin/ndiff --relerr 5.0e-11 --minwidth 10
cos201
okay/cos201.out cos201.out differ: char 147, line 7
### Maximum relative error in matching lines = 1.15e-16 at line 1786 field 5
Checking tdgen ...
File differences are made with: /usr/local/bin/ndiff --relerr 5.0e-11 --minwidth 10
exp001
okay/exp001.out exp001.out differ: char 137, line 7
### Maximum relative error in matching lines = 1.10e-16 at line 8 field 5
Checking tdgen ...
File differences are made with: /usr/local/bin/ndiff --relerr 5.0e-11 --minwidth 10
exp101
okay/exp101.out exp101.out differ: char 147, line 7
### Maximum relative error in matching lines = 1.16e-16 at line 1478 field 5
Checking tdfpmx ...
File differences are made with: /usr/local/bin/ndiff --relerr 5.0e-11 --minwidth 10
dfpm01
okay/dfpm01.out dfpm01.out differ: char 38, line 1
Checking tdgen ...
File differences are made with: /usr/local/bin/ndiff --relerr 5.0e-11 --minwidth 10
gam001
okay/gam001.out gam001.out differ: char 175, line 9
### Maximum relative error in matching lines = 4.49e-15 at line 104 field 5
Checking tdgen ...
File differences are made with: /usr/local/bin/ndiff --relerr 5.0e-11 --minwidth 10
gam101
okay/gam101.out gam101.out differ: char 189, line 9
### Maximum relative error in matching lines = 2.15e-15 at line 8979 field 5
gam102
okay/gam102.out gam102.out differ: char 188, line 9
8271c8271
< 2          -1437881687.   -23 0  3.2190259996495262768898388506609774067541016948562e-310 0 0
--- field 5	relative error 1.0e+00
> 2          -1437881687.   -23 0  0.000000000000000000E+000 0 0
8284c8284
< 2          -1435865686.   -23 0  2.1060033022938082473490931178187079067949119021935e-309 0 0
--- field 5	relative error 1.0e+00
> 2          -1435865686.   -23 0  0.000000000000000000E+000 0 0
8620c8620
< 2          -1436046166.   -23 0  1.6936814422437231751404174180212959399367164942901e-309 0 0
--- field 5	relative error 1.0e+00
> 2          -1436046166.   -23 0  0.000000000000000000E+000 0 0
8730c8730
< 2          -1436918615.   -23 0  6.9878452180838503989704325835311805201380625187489e-310 0 0
--- field 5	relative error 1.0e+00
> 2          -1436918615.   -23 0  0.000000000000000000E+000 0 0
### Maximum relative error in matching lines = 2.28e-15 at line 8979 field 5
gam103
okay/gam103.out gam103.out differ: char 188, line 9
### Maximum relative error in matching lines = 6.00e-16 at line 5666 field 5
Checking tdgen ...
File differences are made with: /usr/local/bin/ndiff --relerr 5.0e-11 --minwidth 10
gam301
okay/gam301.out gam301.out differ: char 206, line 9
### Maximum relative error in matching lines = 8.90e-16 at line 10082 field 5
Checking tdgen ...
File differences are made with: /usr/local/bin/ndiff --relerr 5.0e-11 --minwidth 10
lga001
okay/lga001.out lga001.out differ: char 143, line 7
7c7
< 2                    0.     0 0                                                  Infinity 0 0
--- field 5
> 2                    0.0       0 0                        NaN 0 0
12c12
< 2                  Inf     0 0                                                  Infinity 0 0
--- field 5
> 2               Infinity       0 0                        NaN 0 0
### Maximum relative error in matching lines = 3.34e-17 at line 10 field 5
Checking tdgen ...
File differences are made with: /usr/local/bin/ndiff --relerr 5.0e-11 --minwidth 10
lga101
okay/lga101.out lga101.out differ: char 153, line 7
### Maximum relative error in matching lines = 8.85e-13 at line 5514 field 5
lga102
okay/lga102.out lga102.out differ: char 153, line 7
### Maximum relative error in matching lines = 1.88e-13 at line 3559 field 5
lga103
okay/lga103.out lga103.out differ: char 153, line 7
### Maximum relative error in matching lines = 6.89e-13 at line 6002 field 5
Checking tdgen ...
File differences are made with: /usr/local/bin/ndiff --relerr 5.0e-11 --minwidth 10
lga201
okay/lga201.out lga201.out differ: char 153, line 7
### Maximum relative error in matching lines = 1.17e-15 at line 84 field 5
Checking tdgen ...
File differences are made with: /usr/local/bin/ndiff --relerr 5.0e-11 --minwidth 10
log001
okay/log001.out log001.out differ: char 137, line 7
### Maximum relative error in matching lines = 8.24e-17 at line 12 field 5
Checking tdgen ...
File differences are made with: /usr/local/bin/ndiff --relerr 5.0e-11 --minwidth 10
log101
okay/log101.out log101.out differ: char 146, line 7
### Maximum relative error in matching lines = 1.10e-16 at line 7436 field 5
log102
okay/log102.out log102.out differ: char 146, line 7
### Maximum relative error in matching lines = 1.18e-16 at line 29736 field 5
log103
okay/log103.out log103.out differ: char 146, line 7
### Maximum relative error in matching lines = 1.22e-16 at line 3137 field 5
Checking tdgen ...
File differences are made with: /usr/local/bin/ndiff --relerr 5.0e-11 --minwidth 10
psi001
okay/psi001.out psi001.out differ: char 261, line 10
10c10
< 2                    0.0       0 0 Infinity                                                   0 0
--- field 5
> 2                    0.0       0 0                  -Infinity 0 0
### Maximum relative error in matching lines = 1.19e-16 at line 13 field 5
psi002
okay/psi002.out psi002.out differ: char 258, line 10
### Maximum relative error in matching lines = 1.42e-16 at line 19 field 5
psi003
okay/psi003.out psi003.out differ: char 261, line 10
psi006
okay/psi006.out psi006.out differ: char 228, line 10
10c10
< 2 1.0   -1030 0 Infinity 0 0
--- field 3	relative error 9.80e-03
> 2                   -0.0   -1020 0                   Infinity 0 0
Checking tdgen ...
File differences are made with: /usr/local/bin/ndiff --relerr 5.0e-11 --minwidth 10
psi101
okay/psi101.out psi101.out differ: char 258, line 10
### Maximum relative error in matching lines = 3.48e-16 at line 11 field 5
psi102
okay/psi102.out psi102.out differ: char 259, line 10
### Maximum relative error in matching lines = 1.75e-13 at line 8906 field 5
psi103
okay/psi103.out psi103.out differ: char 259, line 10
### Maximum relative error in matching lines = 1.80e-13 at line 2012 field 5
psi104
okay/psi104.out psi104.out differ: char 259, line 10
### Maximum relative error in matching lines = 1.11e-13 at line 6522 field 5
psi105
okay/psi105.out psi105.out differ: char 259, line 10
### Maximum relative error in matching lines = 6.77e-16 at line 1471 field 5
psi106
okay/psi106.out psi106.out differ: char 258, line 10
### Maximum relative error in matching lines = 6.84e-16 at line 5253 field 5
psi107
okay/psi107.out psi107.out differ: char 258, line 10
### Maximum relative error in matching lines = 6.32e-16 at line 6653 field 5
Checking tdgen ...
File differences are made with: /usr/local/bin/ndiff --relerr 5.0e-11 --minwidth 10
psi201
okay/psi201.out psi201.out differ: char 258, line 10
### Maximum relative error in matching lines = 3.94e-15 at line 5355 field 5
Checking tdgen ...
File differences are made with: /usr/local/bin/ndiff --relerr 5.0e-11 --minwidth 10
psi301
okay/psi301.out psi301.out differ: char 258, line 10
### Maximum relative error in matching lines = 4.23e-13 at line 6050 field 5
Checking tdgen ...
File differences are made with: /usr/local/bin/ndiff --relerr 5.0e-11 --minwidth 10
psi402
okay/psi402.out psi402.out differ: char 259, line 10
### Maximum relative error in matching lines = 2.32e-14 at line 7984 field 5
Checking tdgen ...
File differences are made with: /usr/local/bin/ndiff --relerr 5.0e-11 --minwidth 10
psi601
okay/psi601.out psi601.out differ: char 258, line 10
### Maximum relative error in matching lines = 3.31e-16 at line 8156 field 5
psi602
okay/psi602.out psi602.out differ: char 259, line 10
### Maximum relative error in matching lines = 3.46e-16 at line 8156 field 5
Checking tdgen ...
File differences are made with: /usr/local/bin/ndiff --relerr 5.0e-11 --minwidth 10
pln001
okay/pln001.out pln001.out differ: char 284, line 11
### Maximum relative error in matching lines = 6.02e-16 at line 15 field 5
Checking tdgen ...
File differences are made with: /usr/local/bin/ndiff --relerr 5.0e-11 --minwidth 10
pln101
okay/pln101.out pln101.out differ: char 295, line 11
### Maximum relative error in matching lines = 3.28e-15 at line 8804 field 5
Checking tdgen ...
File differences are made with: /usr/local/bin/ndiff --relerr 5.0e-11 --minwidth 10
pln201
okay/pln201.out pln201.out differ: char 295, line 11
### Maximum relative error in matching lines = 1.93e-15 at line 33 field 5
Checking tdgen ...
File differences are made with: /usr/local/bin/ndiff --relerr 5.0e-11 --minwidth 10
sin001
okay/sin001.out sin001.out differ: char 137, line 7
### Maximum relative error in matching lines = 6.45e-17 at line 14 field 5
Checking tdgen ...
File differences are made with: /usr/local/bin/ndiff --relerr 5.0e-11 --minwidth 10
sin101
okay/sin101.out sin101.out differ: char 147, line 7
### Maximum relative error in matching lines = 1.23e-16 at line 1579 field 5
sin102
okay/sin102.out sin102.out differ: char 147, line 7
### Maximum relative error in matching lines = 1.23e-16 at line 1579 field 5
sin103
okay/sin103.out sin103.out differ: char 147, line 7
### Maximum relative error in matching lines = 1.23e-16 at line 1579 field 5
Checking tdgen ...
File differences are made with: /usr/local/bin/ndiff --relerr 5.0e-11 --minwidth 10
sin201
okay/sin201.out sin201.out differ: char 147, line 7
### Maximum relative error in matching lines = 1.18e-16 at line 6729 field 5
Checking tdgen ...
File differences are made with: /usr/local/bin/ndiff --relerr 5.0e-11 --minwidth 10
tan001
okay/tan001.out tan001.out differ: char 137, line 7
### Maximum relative error in matching lines = 8.47e-17 at line 14 field 5
Checking tdgen ...
File differences are made with: /usr/local/bin/ndiff --relerr 5.0e-11 --minwidth 10
tan101
okay/tan101.out tan101.out differ: char 147, line 7
### Maximum relative error in matching lines = 1.10e-16 at line 3366 field 5
tan102
okay/tan102.out tan102.out differ: char 147, line 7
### Maximum relative error in matching lines = 1.10e-16 at line 3783 field 5
Checking tdgen ...
File differences are made with: /usr/local/bin/ndiff --relerr 5.0e-11 --minwidth 10
tan201
okay/tan201.out tan201.out differ: char 147, line 7
### Maximum relative error in matching lines = 1.10e-16 at line 1126 field 5
============================== Making check-dp in jacobi
(cd ../common; make lib-dp)
ar -r ../libgjl.a d2norm.o dcopy.o deps.o derbit.o dfloat.o dfpmax.o dgamma.o dinf.o diran.o dlgam.o dlog2.o dnan.o dpsi.o dpsiln.o dran.o dstore.o dstorf.o dvsum.o ffalse.o ftrue.o getnan.o idceil.o isdinf.o isdnan.o pythag.o tql1.o
ranlib ../libgjl.a || true
ar -r ../libgjl.a gjqf.o gjqfd.o gjqli.o gjqrc.o
ranlib ../libgjl.a || true
========================================================================
There should be no output from these tests, except their names. If
ndiff is available, there will also be reports of the maximum absolute
and relative errors found. If small numeric differences are reported,
then YOU must decide whether they are significant. You can do
         make check RELERR=xxx
to rerun the tests with a different relative error tolerance, where xxx
is either a suitable small positive floating-point number, or else a
value >= 1.0, meaning that multiple of the machine epsilon.
========================================================================
Checking tgjf1 ...
File differences are made with: /usr/local/bin/ndiff --relerr 1.0e-10 --minwidth 10 --abserr 0
gjf101
gjf102
gjf103
gjf104
gjf105
Checking tgjf2 ...
File differences are made with: /usr/local/bin/ndiff --relerr 1.0e-10 --minwidth 10 --abserr 0
gjf201
gjf202
gjf203
gjf204
gjf205
Checking tgjfd1 ...
File differences are made with: /usr/local/bin/ndiff --relerr 1.0e-10 --minwidth 10 --abserr 0
gjfd101
gjfd102
gjfd103
gjfd104
gjfd105
Checking tgjfd2 ...
File differences are made with: /usr/local/bin/ndiff --relerr 1.0e-10 --minwidth 10 --abserr 0
gjfd201
gjfd202
gjfd203
gjfd204
gjfd205
============================== Making check-dp in laguerre
(cd ../common; make lib-dp)
ar -r ../libgjl.a d2norm.o dcopy.o deps.o derbit.o dfloat.o dfpmax.o dgamma.o dinf.o diran.o dlgam.o dlog2.o dnan.o dpsi.o dpsiln.o dran.o dstore.o dstorf.o dvsum.o ffalse.o ftrue.o getnan.o idceil.o isdinf.o isdnan.o pythag.o tql1.o
ranlib ../libgjl.a || true
ar -r ../libgjl.a glqf.o glqfd.o glqli.o glqrc.o
ranlib ../libgjl.a || true
========================================================================
There should be no output from these tests, except their names. If
ndiff is available, there will also be reports of the maximum absolute
and relative errors found. If small numeric differences are reported,
then YOU must decide whether they are significant. You can do
         make check RELERR=xxx
to rerun the tests with a different relative error tolerance, where xxx
is either a suitable small positive floating-point number, or else a
value >= 1.0, meaning that multiple of the machine epsilon.
========================================================================
Checking tglf1 ...
File differences are made with: /usr/local/bin/ndiff --relerr 1.0e-10 --minwidth 10 --abserr 0
glf101
glf102
glf103
glf104
glf105
glf106
glf107
glf108
glf109
Checking tglf2 ...
File differences are made with: /usr/local/bin/ndiff --relerr 1.0e-10 --minwidth 10 --abserr 0
glf201
glf202
Checking tglf3 ...
File differences are made with: /usr/local/bin/ndiff --relerr 1.0e-10 --minwidth 10 --abserr 0
glf301
glf302
Checking tglf4 ...
File differences are made with: /usr/local/bin/ndiff --relerr 1.0e-10 --minwidth 10 --abserr 0
glf401
glf402
glf403
glf404
glf405
glf406
glf407
glf408
glf409
glf410
Checking tglf5 ...
File differences are made with: /usr/local/bin/ndiff --relerr 1.0e-10 --minwidth 10 --abserr 0
glf501
glf502
glf503
glf504
glf505
glf506
glf507
glf508
glf509
Checking tglf6 ...
File differences are made with: /usr/local/bin/ndiff --relerr 1.0e-10 --minwidth 10 --abserr 0
glf601
glf602
glf603
glf604
glf605
glf606
glf607
glf608
glf609
glf610
Checking tglfd1 ...
File differences are made with: /usr/local/bin/ndiff --relerr 1.0e-10 --minwidth 10 --abserr 0
glfd101
glfd102
glfd103
glfd104
glfd105
glfd106
glfd107
glfd108
glfd109
Checking tglfd2 ...
File differences are made with: /usr/local/bin/ndiff --relerr 1.0e-10 --minwidth 10 --abserr 0
glfd201
glfd202
Checking tglfd3 ...
File differences are made with: /usr/local/bin/ndiff --relerr 1.0e-10 --minwidth 10 --abserr 0
glfd301
glfd302
Checking tglfd4 ...
File differences are made with: /usr/local/bin/ndiff --relerr 1.0e-10 --minwidth 10 --abserr 0
glfd401
glfd402
glfd403
glfd404
glfd405
glfd406
glfd407
glfd408
glfd409
glfd410
Checking tglfd5 ...
File differences are made with: /usr/local/bin/ndiff --relerr 1.0e-10 --minwidth 10 --abserr 0
glfd501
glfd502
glfd503
glfd504
glfd505
glfd506
glfd507
glfd508
glfd509
Checking tglfd6 ...
File differences are made with: /usr/local/bin/ndiff --relerr 1.0e-10 --minwidth 10 --abserr 0
glfd601
glfd602
glfd603
glfd604
glfd605
glfd606
glfd607
glfd608
glfd609
glfd610
============================== Making check-dp in common
ar -r ../libgjl.a d2norm.o dcopy.o deps.o derbit.o dfloat.o dfpmax.o dgamma.o dinf.o diran.o dlgam.o dlog2.o dnan.o dpsi.o dpsiln.o dran.o dstore.o dstorf.o dvsum.o ffalse.o ftrue.o getnan.o idceil.o isdinf.o isdnan.o pythag.o tql1.o
ranlib ../libgjl.a || true
ar -r ../libgjl.a aeps.o afpmax.o ainf.o airan.o algam.o alog2.o anan.o astore.o astorf.o avsum.o gamma.o iceil.o isainf.o isanan.o psi.o psiln.o ran.o
ranlib ../libgjl.a || true
There is no validation suite in this directory
654.62u 67.06s 13:40.32 87.9%
============================================================
Disk free report for /local/build/f90/quadlog-gampsi:
			Filesystem           1K-blocks      Used Available Use% Mounted on
			/dev/dsk/c0t1d0s0     33209540   5923154  26954291  19% /
Remote date:            2004.06.10.14.31.40
/usr/local/bin/.: Permission denied.
Build directory:        /a/suncore2/export/home/0077/sy/beebe
System status:            2:31pm  up 30 day(s),  2:01,  4 users,  load average: 2.12, 2.26, 2.28
============================================================
