============================================================
/usr/local/bin/.: Permission denied.
Machinetype:            Intel Itanium-2 (1400 MHz) (2 CPUs); GNU/Linux 2.4.18-e.41smp (Red Hat Advanced Server release 2.1AS (Derry))
System status:            5:07pm  up 6 days, 21:29,  7 users,  load average: 3.05, 2.26, 2.08
Remote Intel compiler versions:
			OS information:
			Red Hat Linux Advanced Server release 2.1AS (Derry)
			Kernel on an \m
			Kernel 2.4.18-e.41smp
			glibc-2.2.4-32.11
			
			===========================================================
			Support Package IDs for Intel(R) Compilers in /export/local/ia64-linux/bin
			Please use the following information when submitting customer support requests.
			
			===========================================================
			
			All Installed Compiler Components on this OS: 
			intel-eidb7-7.3.2-98: Linux Application Debugger for Itanium(R)-based
			                      applications, Version 7.3.2
			intel-icc8-8.0-49: Intel(R) C++ Itanium(R) Compiler for Itanium(R)-based
			                   applications Version 8.0
			intel-isubh8-8.0-49: Substitute Headers for Intel(R) C++ Itanium(R)
			                     Compiler for Itanium(R)-based applications Version
			                     8.0
Remote c89 version:     c89: Command not found.
Remote c99 version:     c99: Command not found.
Package:                quadlog-gampsi
Archive:                /a/suncore0/export/home/0077/sy/beebe/build//quadlog-gampsi.tar.gz
Date:                   2004.03.19.17.07.44
Local user:             beebe
Local host:             psi.math.utah.edu
Local log directory:    /a/suncore0/export/home/0077/sy/beebe/build/logs/quadlog-gampsi
Local log file:         quadlog-gampsi.ibapah.math.utah.edu.2004.03.19.17.07.44.log
Remote user:            beebe
Remote host:            ibapah.math.utah.edu
Remote directory:       /local/build/ifort
Remote date:            2004.03.19.17.07.52
Remote uname:           Linux ibapah.math.utah.edu 2.4.18-e.41smp #1 SMP Mon Dec 22 23:36:53 EST 2003 ia64 unknown unknown GNU/Linux
Remote gcc version:     2.96
Remote g++ version:     2.96
Remote gcc3 version:    3.0.4
Remote g++3 version:    3.0.4
Configure environment:  CC=icc CXX=icc F77=ifort FC=ifort LDFLAGS=-R/usr/local/lib -L/usr/local/lib 
Extra environment:      
Configure flags:        
Make all targets:       all all-qp
Make check targets:     check
Disk free report for /local/build/ifort:
			Filesystem           1K-blocks      Used Available Use% Mounted on
			/dev/sda3             32649508  15807232  15183736  52% /
Environment:
			DISPLAY=localhost:99.0
			DVIPSHEADERS=.:/usr/local/lib/tex/ps:/usr/local/lib/tex/fonts/ps:/usr/local/lib/tex/fonts/vf:/usr/local/lib/tex/fonts/old/vf:/usr/local/lib/tex/fonts/postscript/cmpsfont/pfb
			GROUP=wheel
			HOME=/u/sy/beebe
			HOST=ibapah.math.utah.edu
			HOSTALIAS=ibapah
			HOSTTYPE=unknown
			INDOMAIN=math.utah.edu
			INFO=/usr/local/plot79
			LOGNAME=beebe
			LS_COLORS=no=00:fi=00:di=37;44:ln=01;36;44:pi=33;44:so=01;35:bd=33;44;01:cd=33;44;01:or=40;31;01:ex=01;33;44:*.tar=01;31:*.tgz=01;31:*.arj=01;31:*.taz=01;31:*.lzh=01;31:*.zip=01;31:*.z=01;31:*.Z=01;31:*.gz=01;31:*.deb=01;31:*.i386.rpm=01;31:*.src.rpm=01;30:*.jpg=01;35:*.gif=01;35:*.bmp=01;35:*.ppm=01;35:*.tga=01;35:*.xbm=01;35:*.xpm=01;35:*.tif=01;35:*.mpg=01;37;42:*.avi=01;37;42:*.mp4=01;37;42:*.qt=01;37;42:*.gl=01;37;42:*.dl=01;37;42:*.c=1;34;47:*.h=1;35;47:*.in=1;32;44:*.i=07;33;44:*ChangeLog=01;34;43:*INSTALL=301;4;43:*Makefile=01;37;42;41:*NEWS=01;34;43:*README=01;34;43:*TO-DO=01;34;43:*WHERE-FROM=01;34;43:
			MACHTYPE=unknown
			MAIL=/var/mail/beebe
			MFINPUTS=.:/usr/local/lib/mf/macros:/usr/local/lib/mf/cm:/usr/local/lib/mf
			NCARG_ROOT=/usr/local/ncar
			OPENWINHOME=/usr/openwin
			OSTYPE=linux
			PAGER=/usr/bin/less
			PATH=/usr/local/bin/X11:/usr/local/bin:/u/sy/beebe/bin/ia64:/usr/local/share/bin:/usr/local/bin/X11:/usr/X11R6/bin:/usr/bin/X11:/usr/local/plot79:/usr/sbin:/usr/bin:/bin:/sbin:/usr/local/etc:/usr/etc:/etc:.:/opt/intel_cc_80/bin:/opt/intel_fc_80/bin:/opt/intel_idb_73/bin:/u/sy/beebe/tex/bib:/usr/local/ora/bin
			PLT=/usr/local/plot79
			PVM_ROOT=/usr/local/pvm3
			PWD=/u/sy/beebe
			SHELL=/usr/local/bin/tcsh
			SHLVL=1
			SSH_CLIENT=128.110.198.32 49623 22
			TERM=vt100
			TEXCONFIG=.:/usr/local/lib/tex/ps:/usr/local/lib/tex/fonts/vf:/usr/local/lib/tex/fonts/old/vf
			TEXFONTS=/usr/local/lib/tex/fonts/cm/600dpi:/usr/local/lib/tex/fonts/cm/tfms:/usr/local/lib/tex/ams/amspsfnt/tfms:/usr/local/lib/tex/ams/amspsfnt/pfb:/usr/local/lib/tex/ams/amsfonts/pk-files/600dpi:/usr/local/lib/tex/ams/amsfonts/pk-files/300dpi:/usr/local/lib/tex/fonts/pandora/600dpi:/usr/local/lib/tex/fonts/pandora/tfms:/usr/local/lib/tex/fonts/concrete/600dpi:/usr/local/lib/tex/fonts/concrete/tfms:/usr/local/lib/tex/fonts/greek:/usr/local/lib/tex/lamstex/mf:/usr/local/lib/tex/fonts/pk/tfms:/usr/local/lib/tex/fonts/pk/600dpi:/usr/local/lib/tex/fonts/pk/300dpi:/usr/local/lib/tex/fonts/ps:/usr/local/lib/tex/latex2e/fonts:/usr/local/lib/tex/fonts/vf:/usr/local/lib/tex/fonts/old/vf:/usr/local/lib/tex/musictex/pk/600dpi:/usr/local/lib/tex/musictex/pk/tfms:/usr/local/lib/tex/fonts/cmcyr/600dpi:/usr/local/lib/tex/fonts/ec/600dpi:/usr/local/lib/tex/fonts/ec/tfms:/usr/local/lib/tex/fonts/ecc/600dpi:/usr/local/lib/tex/fonts/ecc/tfms:/usr/local/lib/tex/fonts/ams
			TEXINPUTS=.:/usr/local/lib/tex/inputs:/usr/local/lib/tex/fonts/ps:/usr/local/lib/tex/latex:/usr/local/lib/tex/ams/amstex:/usr/local/lib/tex/ams/amstex/doc:/usr/local/lib/tex/ams/amslatex/inputs:/usr/local/lib/tex/bibtex:/usr/local/lib/tex/fonts/ap/300dpi:/usr/local/lib/tex/tugboat:/usr/local/lib/tex/lamstex/inputs:/usr/local/lib/tex/siam:/usr/local/lib/tex/ps:/usr/local/lib/tex/fonts/pandora
			TEXPKS=/usr/local/lib/tex/fonts/cm/600dpi:/usr/local/lib/tex/fonts/cm/tfms:/usr/local/lib/tex/ams/amspsfnt/tfms:/usr/local/lib/tex/ams/amspsfnt/pfb:/usr/local/lib/tex/ams/amsfonts/pk-files/600dpi:/usr/local/lib/tex/ams/amsfonts/pk-files/300dpi:/usr/local/lib/tex/fonts/pandora/600dpi:/usr/local/lib/tex/fonts/pandora/tfms:/usr/local/lib/tex/fonts/concrete/600dpi:/usr/local/lib/tex/fonts/concrete/tfms:/usr/local/lib/tex/fonts/greek:/usr/local/lib/tex/lamstex/mf:/usr/local/lib/tex/fonts/pk/tfms:/usr/local/lib/tex/fonts/pk/600dpi:/usr/local/lib/tex/fonts/pk/300dpi:/usr/local/lib/tex/fonts/ps:/usr/local/lib/tex/latex2e/fonts:/usr/local/lib/tex/fonts/vf:/usr/local/lib/tex/fonts/old/vf:/usr/local/lib/tex/musictex/pk/600dpi:/usr/local/lib/tex/musictex/pk/tfms:/usr/local/lib/tex/fonts/cmcyr/600dpi:/usr/local/lib/tex/fonts/ec/600dpi:/usr/local/lib/tex/fonts/ec/tfms:/usr/local/lib/tex/fonts/ecc/600dpi:/usr/local/lib/tex/fonts/ecc/tfms:/usr/local/lib/tex/fonts/ams
			USER=beebe
			VENDOR=unknown
			VFFONTS=.:/usr/local/lib/tex/latex2e/fonts:/usr/local/lib/tex/fonts/vf:/usr/local/lib/tex/fonts/old/vf:/usr/local/lib/tex/fonts/fontinst/contrib/helminck:/usr/local/lib/tex/fonts/malvern/vf:/usr/local/lib/tex/fonts/mathtime
			YPDOMAIN=YP.math.utah.edu
============================================================
configure: creating ./config.status
config.status: creating Makefile
configure: configuring in common
configure: running /bin/sh './configure'  --cache-file=/dev/null --srcdir=.
checking for gcc... icc
checking for C compiler default output file name... a.out
checking whether the C compiler works... yes
checking whether we are cross compiling... no
checking for suffix of executables... 
checking for suffix of object files... o
checking whether we are using the GNU C compiler... yes
checking whether icc accepts -g... yes
checking for icc option to accept ANSI C... none needed
checking whether we are using the GNU Fortran 77 compiler... no
checking whether ifort accepts -g... yes
checking for autoconf... autoconf
configure: creating ./config.status
config.status: creating Makefile
configure: configuring in gampsi
configure: running /bin/sh './configure'  --cache-file=/dev/null --srcdir=.
checking for gcc... icc
checking for C compiler default output file name... a.out
checking whether the C compiler works... yes
checking whether we are cross compiling... no
checking for suffix of executables... 
checking for suffix of object files... o
checking whether we are using the GNU C compiler... yes
checking whether icc accepts -g... yes
checking for icc option to accept ANSI C... none needed
checking whether we are using the GNU Fortran 77 compiler... no
checking whether ifort accepts -g... yes
checking for autoconf... autoconf
checking for gzip... gzip
checking for tar... tar
configure: creating ./config.status
config.status: creating Makefile
configure: configuring in jacobi
configure: running /bin/sh './configure'  --cache-file=/dev/null --srcdir=.
checking for gcc... icc
checking for C compiler default output file name... a.out
checking whether the C compiler works... yes
checking whether we are cross compiling... no
checking for suffix of executables... 
checking for suffix of object files... o
checking whether we are using the GNU C compiler... yes
checking whether icc accepts -g... yes
checking for icc option to accept ANSI C... none needed
checking whether we are using the GNU Fortran 77 compiler... no
checking whether ifort accepts -g... yes
checking for autoconf... autoconf
configure: creating ./config.status
config.status: creating Makefile
configure: configuring in laguerre
configure: running /bin/sh './configure'  --cache-file=/dev/null --srcdir=.
checking for gcc... icc
checking for C compiler default output file name... a.out
checking whether the C compiler works... yes
checking whether we are cross compiling... no
checking for suffix of executables... 
checking for suffix of object files... o
checking whether we are using the GNU C compiler... yes
checking whether icc accepts -g... yes
checking for icc option to accept ANSI C... none needed
checking whether we are using the GNU Fortran 77 compiler... no
checking whether ifort accepts -g... yes
checking for autoconf... autoconf
checking if -lm needed for math functions... no
configure: creating ./config.status
config.status: creating Makefile
configure: configuring in man
configure: running /bin/sh './configure'  --cache-file=/dev/null --srcdir=.
checking for autoconf... autoconf
checking for deroff... deroff
checking for ps2pdf... ps2pdf
checking for man2html... man2html
configure: creating ./config.status
config.status: creating Makefile
2.96user 2.69system 0:18.50elapsed 30%CPU (0avgtext+0avgdata 0maxresident)k
0inputs+0outputs (106495major+95903minor)pagefaults 0swaps
(cd common && make  prefix=/usr/local FWARN="" FOPT="-O" all )
ifort -g -O     -c -o d2norm.o d2norm.f
ifort -g -O     -c -o dcopy.o dcopy.f
ifort -g -O     -c -o deps.o deps.f
ifort -g -O     -c -o derbit.o derbit.f
ifort -g -O     -c -o dfloat.o dfloat.f
ifort -g -O     -c -o dfpmax.o dfpmax.f
ifort -g -O     -c -o dgamma.o dgamma.f
ifort -g -O     -c -o dinf.o dinf.f
ifort -g -O     -c -o diran.o diran.f
ifort -g -O     -c -o dlgam.o dlgam.f
ifort -g -O     -c -o dlog2.o dlog2.f
ifort -g -O     -c -o dnan.o dnan.f
ifort -g -O     -c -o dpsi.o dpsi.f
ifort -g -O     -c -o dpsiln.o dpsiln.f
ifort -g -O     -c -o dran.o dran.f
ifort -g -O     -c -o dstore.o dstore.f
ifort -g -O     -c -o dstorf.o dstorf.f
ifort -g -O     -c -o dvsum.o dvsum.f
ifort -g -O     -c -o ffalse.o ffalse.f
ifort -g -O     -c -o ftrue.o ftrue.f
ifort -g -O     -c -o getnan.o getnan.f
ifort -g -O     -c -o idceil.o idceil.f
ifort -g -O     -c -o isdinf.o isdinf.f
ifort -g -O     -c -o isdnan.o isdnan.f
ifort -g -O     -c -o pythag.o pythag.f
ifort -g -O     -c -o tql1.o tql1.f
ar -r ../libgjl.a d2norm.o dcopy.o deps.o derbit.o dfloat.o dfpmax.o dgamma.o dinf.o diran.o dlgam.o dlog2.o dnan.o dpsi.o dpsiln.o dran.o dstore.o dstorf.o dvsum.o ffalse.o ftrue.o getnan.o idceil.o isdinf.o isdnan.o pythag.o tql1.o
ranlib ../libgjl.a || true
ifort -g -O     -c -o aeps.o aeps.f
ifort -g -O     -c -o afpmax.o afpmax.f
ifort -g -O     -c -o ainf.o ainf.f
ifort -g -O     -c -o airan.o airan.f
ifort -g -O     -c -o algam.o algam.f
ifort -g -O     -c -o alog2.o alog2.f
ifort -g -O     -c -o anan.o anan.f
ifort -g -O     -c -o astore.o astore.f
ifort -g -O     -c -o astorf.o astorf.f
ifort -g -O     -c -o avsum.o avsum.f
ifort -g -O     -c -o gamma.o gamma.f
ifort -g -O     -c -o iceil.o iceil.f
ifort -g -O     -c -o isainf.o isainf.f
ifort -g -O     -c -o isanan.o isanan.f
ifort -g -O     -c -o psi.o psi.f
ifort -g -O     -c -o psiln.o psiln.f
ifort -g -O     -c -o ran.o ran.f
ar -r ../libgjl.a aeps.o afpmax.o ainf.o airan.o algam.o alog2.o anan.o astore.o astorf.o avsum.o gamma.o iceil.o isainf.o isanan.o psi.o psiln.o ran.o
ranlib ../libgjl.a || true
for subdir in man gampsi jacobi laguerre common ; do echo ============================== Making all in $subdir ; ( cd $subdir && make  prefix=/usr/local FWARN="" FOPT="-O" all ) ; done
============================== Making all in man
============================== Making all in gampsi
(cd ../common; make lib-dp)
ar -r ../libgjl.a d2norm.o dcopy.o deps.o derbit.o dfloat.o dfpmax.o dgamma.o dinf.o diran.o dlgam.o dlog2.o dnan.o dpsi.o dpsiln.o dran.o dstore.o dstorf.o dvsum.o ffalse.o ftrue.o getnan.o idceil.o isdinf.o isdnan.o pythag.o tql1.o
ranlib ../libgjl.a || true
ifort -g -O -I../common   -c -o tdgen.o tdgen.f
ifort -g -O -I../common   -c -o funhdr.o funhdr.f
ifort -g -O -I../common   -c -o dgen.o dgen.f
ifort -g -O -I../common   -o tdgen tdgen.o funhdr.o dgen.o ../common/dfloat.o ../common/dinf.o ../common/diran.o ../common/dnan.o ../common/dran.o ../common/dstorf.o ../common/idceil.o ../common/isdnan.o ../common/dgamma.o ../common/dlgam.o ../common/dpsi.o ../common/dpsiln.o 
(cd ../common; make lib-sp)
ar -r ../libgjl.a aeps.o afpmax.o ainf.o airan.o algam.o alog2.o anan.o astore.o astorf.o avsum.o gamma.o iceil.o isainf.o isanan.o psi.o psiln.o ran.o
ranlib ../libgjl.a || true
ifort -g -O -I../common   -c -o tagen.o tagen.f
ifort -g -O -I../common   -c -o agen.o agen.f
ifort -g -O -I../common   -o tagen tagen.o funhdr.o agen.o ../common/ainf.o ../common/airan.o ../common/anan.o ../common/astorf.o ../common/iceil.o ../common/isanan.o ../common/ran.o ../common/algam.o ../common/dfloat.o ../common/gamma.o ../common/idceil.o ../common/psi.o ../common/psiln.o 
============================== Making all in jacobi
ifort -g -O -I../common   -c -o gjqf.o gjqf.f
ifort -g -O -I../common   -c -o gjqfd.o gjqfd.f
ifort -g -O -I../common   -c -o gjqli.o gjqli.f
ifort -g -O -I../common   -c -o gjqrc.o gjqrc.f
(cd ../common; make lib-dp)
ar -r ../libgjl.a d2norm.o dcopy.o deps.o derbit.o dfloat.o dfpmax.o dgamma.o dinf.o diran.o dlgam.o dlog2.o dnan.o dpsi.o dpsiln.o dran.o dstore.o dstorf.o dvsum.o ffalse.o ftrue.o getnan.o idceil.o isdinf.o isdnan.o pythag.o tql1.o
ranlib ../libgjl.a || true
ar -r ../libgjl.a gjqf.o gjqfd.o gjqli.o gjqrc.o
ranlib ../libgjl.a || true
ifort -g -O -I../common   -c -o tgjf1.o tgjf1.f
ifort -g -O -I../common   -c -o ../common/prthdr.o ../common/prthdr.f
ifort -g -O -I../common   -c -o ../common/trapit.o ../common/trapit.f
ifort -g -O -I../common   -o tgjf1 tgjf1.o gjqf.o gjqli.o gjqrc.o gjqfd.o ../common/d2norm.o ../common/dcopy.o ../common/deps.o ../common/derbit.o ../common/dfloat.o ../common/dgamma.o ../common/dinf.o ../common/dlog2.o ../common/dnan.o ../common/dpsi.o ../common/dstore.o ../common/dstorf.o ../common/dvsum.o ../common/isdnan.o ../common/prthdr.o ../common/pythag.o ../common/tql1.o ../common/trapit.o ../libgjl.a
ifort -g -O -I../common   -c -o tgjf2.o tgjf2.f
ifort -g -O -I../common   -o tgjf2 tgjf2.o gjqf.o gjqli.o gjqrc.o gjqfd.o ../common/d2norm.o ../common/dcopy.o ../common/deps.o ../common/derbit.o ../common/dfloat.o ../common/dgamma.o ../common/dinf.o ../common/dlog2.o ../common/dnan.o ../common/dpsi.o ../common/dstore.o ../common/dstorf.o ../common/dvsum.o ../common/isdnan.o ../common/prthdr.o ../common/pythag.o ../common/tql1.o ../common/trapit.o ../libgjl.a
ifort -g -O -I../common   -c -o tgjfd1.o tgjfd1.f
ifort -g -O -I../common   -o tgjfd1 tgjfd1.o gjqfd.o ../common/d2norm.o ../common/dcopy.o ../common/deps.o ../common/derbit.o ../common/dfloat.o ../common/dgamma.o ../common/dinf.o ../common/dlog2.o ../common/dnan.o ../common/dpsi.o ../common/dstore.o ../common/dstorf.o ../common/dvsum.o ../common/isdnan.o ../common/prthdr.o ../common/pythag.o ../common/tql1.o ../common/trapit.o ../libgjl.a
ifort -g -O -I../common   -c -o tgjfd2.o tgjfd2.f
ifort -g -O -I../common   -o tgjfd2 tgjfd2.o gjqfd.o ../common/d2norm.o ../common/dcopy.o ../common/deps.o ../common/derbit.o ../common/dfloat.o ../common/dgamma.o ../common/dinf.o ../common/dlog2.o ../common/dnan.o ../common/dpsi.o ../common/dstore.o ../common/dstorf.o ../common/dvsum.o ../common/isdnan.o ../common/prthdr.o ../common/pythag.o ../common/tql1.o ../common/trapit.o ../libgjl.a
============================== Making all in laguerre
ifort -g -O -I../common   -c -o glqf.o glqf.f
ifort -g -O -I../common   -c -o glqfd.o glqfd.f
ifort -g -O -I../common   -c -o glqli.o glqli.f
ifort -g -O -I../common   -c -o glqrc.o glqrc.f
(cd ../common; make lib-dp)
ar -r ../libgjl.a d2norm.o dcopy.o deps.o derbit.o dfloat.o dfpmax.o dgamma.o dinf.o diran.o dlgam.o dlog2.o dnan.o dpsi.o dpsiln.o dran.o dstore.o dstorf.o dvsum.o ffalse.o ftrue.o getnan.o idceil.o isdinf.o isdnan.o pythag.o tql1.o
ranlib ../libgjl.a || true
ar -r ../libgjl.a glqf.o glqfd.o glqli.o glqrc.o
ranlib ../libgjl.a || true
ifort -g -O -I../common   -c -o tglf1.o tglf1.f
ifort -g -O -I../common   -o tglf1 tglf1.o glqf.o glqli.o glqfd.o glqrc.o ../common/prthdr.o ../common/d2norm.o ../common/dcopy.o ../common/deps.o ../common/derbit.o ../common/dfloat.o ../common/dgamma.o ../common/dinf.o ../common/dlog2.o ../common/dnan.o ../common/dpsi.o ../common/dstore.o ../common/dstorf.o ../common/dvsum.o ../common/isdnan.o ../common/pythag.o ../common/tql1.o ../common/trapit.o
ifort -g -O -I../common   -c -o tglf2.o tglf2.f
ifort -g -O -I../common   -o tglf2 tglf2.o glqf.o glqli.o glqfd.o glqrc.o ../common/prthdr.o ../common/d2norm.o ../common/dcopy.o ../common/deps.o ../common/derbit.o ../common/dfloat.o ../common/dgamma.o ../common/dinf.o ../common/dlog2.o ../common/dnan.o ../common/dpsi.o ../common/dstore.o ../common/dstorf.o ../common/dvsum.o ../common/isdnan.o ../common/pythag.o ../common/tql1.o ../common/trapit.o
ifort -g -O -I../common   -c -o tglf3.o tglf3.f
ifort -g -O -I../common   -o tglf3 tglf3.o glqf.o glqli.o glqfd.o glqrc.o ../common/prthdr.o ../common/d2norm.o ../common/dcopy.o ../common/deps.o ../common/derbit.o ../common/dfloat.o ../common/dgamma.o ../common/dinf.o ../common/dlog2.o ../common/dnan.o ../common/dpsi.o ../common/dstore.o ../common/dstorf.o ../common/dvsum.o ../common/isdnan.o ../common/pythag.o ../common/tql1.o ../common/trapit.o
ifort -g -O -I../common   -c -o tglf4.o tglf4.f
ifort -g -O -I../common   -o tglf4 tglf4.o glqf.o glqli.o glqfd.o glqrc.o ../common/prthdr.o ../common/d2norm.o ../common/dcopy.o ../common/deps.o ../common/derbit.o ../common/dfloat.o ../common/dgamma.o ../common/dinf.o ../common/dlog2.o ../common/dnan.o ../common/dpsi.o ../common/dstore.o ../common/dstorf.o ../common/dvsum.o ../common/isdnan.o ../common/pythag.o ../common/tql1.o ../common/trapit.o
ifort -g -O -I../common   -c -o tglf5.o tglf5.f
ifort -g -O -I../common   -o tglf5 tglf5.o glqf.o glqli.o glqfd.o glqrc.o ../common/prthdr.o ../common/d2norm.o ../common/dcopy.o ../common/deps.o ../common/derbit.o ../common/dfloat.o ../common/dgamma.o ../common/dinf.o ../common/dlog2.o ../common/dnan.o ../common/dpsi.o ../common/dstore.o ../common/dstorf.o ../common/dvsum.o ../common/isdnan.o ../common/pythag.o ../common/tql1.o ../common/trapit.o
ifort -g -O -I../common   -c -o tglf6.o tglf6.f
ifort -g -O -I../common   -o tglf6 tglf6.o glqf.o glqli.o glqfd.o glqrc.o ../common/prthdr.o ../common/d2norm.o ../common/dcopy.o ../common/deps.o ../common/derbit.o ../common/dfloat.o ../common/dgamma.o ../common/dinf.o ../common/dlog2.o ../common/dnan.o ../common/dpsi.o ../common/dstore.o ../common/dstorf.o ../common/dvsum.o ../common/isdnan.o ../common/pythag.o ../common/tql1.o ../common/trapit.o
ifort -g -O -I../common   -c -o tglfd1.o tglfd1.f
ifort -g -O -I../common   -o tglfd1 tglfd1.o glqli.o glqfd.o glqrc.o ../common/prthdr.o ../common/d2norm.o ../common/dcopy.o ../common/deps.o ../common/derbit.o ../common/dfloat.o ../common/dgamma.o ../common/dinf.o ../common/dlog2.o ../common/dnan.o ../common/dpsi.o ../common/dstore.o ../common/dstorf.o ../common/dvsum.o ../common/isdnan.o ../common/pythag.o ../common/tql1.o ../common/trapit.o
ifort -g -O -I../common   -c -o tglfd2.o tglfd2.f
ifort -g -O -I../common   -o tglfd2 tglfd2.o glqli.o glqfd.o glqrc.o ../common/prthdr.o ../common/d2norm.o ../common/dcopy.o ../common/deps.o ../common/derbit.o ../common/dfloat.o ../common/dgamma.o ../common/dinf.o ../common/dlog2.o ../common/dnan.o ../common/dpsi.o ../common/dstore.o ../common/dstorf.o ../common/dvsum.o ../common/isdnan.o ../common/pythag.o ../common/tql1.o ../common/trapit.o
ifort -g -O -I../common   -c -o tglfd3.o tglfd3.f
ifort -g -O -I../common   -o tglfd3 tglfd3.o glqli.o glqfd.o glqrc.o ../common/prthdr.o ../common/d2norm.o ../common/dcopy.o ../common/deps.o ../common/derbit.o ../common/dfloat.o ../common/dgamma.o ../common/dinf.o ../common/dlog2.o ../common/dnan.o ../common/dpsi.o ../common/dstore.o ../common/dstorf.o ../common/dvsum.o ../common/isdnan.o ../common/pythag.o ../common/tql1.o ../common/trapit.o
ifort -g -O -I../common   -c -o tglfd4.o tglfd4.f
ifort -g -O -I../common   -o tglfd4 tglfd4.o glqli.o glqfd.o glqrc.o ../common/prthdr.o ../common/d2norm.o ../common/dcopy.o ../common/deps.o ../common/derbit.o ../common/dfloat.o ../common/dgamma.o ../common/dinf.o ../common/dlog2.o ../common/dnan.o ../common/dpsi.o ../common/dstore.o ../common/dstorf.o ../common/dvsum.o ../common/isdnan.o ../common/pythag.o ../common/tql1.o ../common/trapit.o
ifort -g -O -I../common   -c -o tglfd5.o tglfd5.f
ifort -g -O -I../common   -o tglfd5 tglfd5.o glqli.o glqfd.o glqrc.o ../common/prthdr.o ../common/d2norm.o ../common/dcopy.o ../common/deps.o ../common/derbit.o ../common/dfloat.o ../common/dgamma.o ../common/dinf.o ../common/dlog2.o ../common/dnan.o ../common/dpsi.o ../common/dstore.o ../common/dstorf.o ../common/dvsum.o ../common/isdnan.o ../common/pythag.o ../common/tql1.o ../common/trapit.o
ifort -g -O -I../common   -c -o tglfd6.o tglfd6.f
ifort -g -O -I../common   -o tglfd6 tglfd6.o glqli.o glqfd.o glqrc.o ../common/prthdr.o ../common/d2norm.o ../common/dcopy.o ../common/deps.o ../common/derbit.o ../common/dfloat.o ../common/dgamma.o ../common/dinf.o ../common/dlog2.o ../common/dnan.o ../common/dpsi.o ../common/dstore.o ../common/dstorf.o ../common/dvsum.o ../common/isdnan.o ../common/pythag.o ../common/tql1.o ../common/trapit.o
============================== Making all in common
ar -r ../libgjl.a d2norm.o dcopy.o deps.o derbit.o dfloat.o dfpmax.o dgamma.o dinf.o diran.o dlgam.o dlog2.o dnan.o dpsi.o dpsiln.o dran.o dstore.o dstorf.o dvsum.o ffalse.o ftrue.o getnan.o idceil.o isdinf.o isdnan.o pythag.o tql1.o
ranlib ../libgjl.a || true
ar -r ../libgjl.a aeps.o afpmax.o ainf.o airan.o algam.o alog2.o anan.o astore.o astorf.o avsum.o gamma.o iceil.o isainf.o isanan.o psi.o psiln.o ran.o
ranlib ../libgjl.a || true
(cd common && make  prefix=/usr/local FWARN="" FOPT="-O" all-qp )
ifort -g -O     -c -o iqceil.o iqceil.f
ifort -g -O     -c -o isqinf.o isqinf.f
ifort -g -O     -c -o isqnan.o isqnan.f
ifort -g -O     -c -o q2norm.o q2norm.f
ifort -g -O     -c -o qcopy.o qcopy.f
ifort -g -O     -c -o qeps.o qeps.f
ifort -g -O     -c -o qepsln.o qepsln.f
ifort -g -O     -c -o qerbit.o qerbit.f
ifort -g -O     -c -o qfloat.o qfloat.f
ifort -g -O     -c -o qfpmax.o qfpmax.f
ifort -g -O     -c -o qgamma.o qgamma.f
ifort -g -O     -c -o qinf.o qinf.f
ifort -g -O     -c -o qiran.o qiran.f
ifort -g -O     -c -o qlgam.o qlgam.f
ifort -g -O     -c -o qlog2.o qlog2.f
ifort -g -O     -c -o qnan.o qnan.f
ifort -g -O     -c -o qpsi.o qpsi.f
ifort -g -O     -c -o qpsiln.o qpsiln.f
ifort -g -O     -c -o qpythg.o qpythg.f
ifort -g -O     -c -o qstore.o qstore.f
ifort -g -O     -c -o qstorf.o qstorf.f
ifort -g -O     -c -o qtql1.o qtql1.f
ifort -g -O     -c -o qvsum.o qvsum.f
ar -r ../libgjl.a iqceil.o isqinf.o isqnan.o q2norm.o qcopy.o qeps.o qepsln.o qerbit.o qfloat.o qfpmax.o qgamma.o qinf.o qiran.o qlgam.o qlog2.o qnan.o qpsi.o qpsiln.o qpythg.o qstore.o qstorf.o qtql1.o qvsum.o
ranlib ../libgjl.a || true
for subdir in man gampsi jacobi laguerre common ; do echo ============================== Making all-qp in $subdir ; ( cd $subdir && make  prefix=/usr/local FWARN="" FOPT="-O" all-qp ) ; done
============================== Making all-qp in man
============================== Making all-qp in gampsi
(cd ../common; make lib-qp)
ar -r ../libgjl.a iqceil.o isqinf.o isqnan.o q2norm.o qcopy.o qeps.o qepsln.o qerbit.o qfloat.o qfpmax.o qgamma.o qinf.o qiran.o qlgam.o qlog2.o qnan.o qpsi.o qpsiln.o qpythg.o qstore.o qstorf.o qtql1.o qvsum.o
ranlib ../libgjl.a || true
ifort -g -O -I../common   -c -o tqgen.o tqgen.f
ifort -g -O -I../common   -c -o qgen.o qgen.f
ifort -g -O -I../common   -o tqgen tqgen.o funhdr.o qgen.o ../common/dfloat.o ../common/diran.o ../common/dran.o ../common/dstorf.o ../common/iqceil.o ../common/isqnan.o ../common/qfloat.o ../common/qinf.o ../common/qnan.o ../common/qstorf.o ../common/qgamma.o ../common/qlgam.o ../common/qpsi.o ../common/qpsiln.o 
============================== Making all-qp in jacobi
ifort -g -O -I../common   -c -o qgjqf.o qgjqf.f
ifort -g -O -I../common   -c -o qgjqfd.o qgjqfd.f
ifort -g -O -I../common   -c -o qgjqli.o qgjqli.f
ifort -g -O -I../common   -c -o qgjqrc.o qgjqrc.f
(cd ../common; make lib-qp)
ar -r ../libgjl.a iqceil.o isqinf.o isqnan.o q2norm.o qcopy.o qeps.o qepsln.o qerbit.o qfloat.o qfpmax.o qgamma.o qinf.o qiran.o qlgam.o qlog2.o qnan.o qpsi.o qpsiln.o qpythg.o qstore.o qstorf.o qtql1.o qvsum.o
ranlib ../libgjl.a || true
ar -r ../libgjl.a qgjqf.o qgjqfd.o qgjqli.o qgjqrc.o
ranlib ../libgjl.a || true
ifort -g -O -I../common   -c -o tqgjf1.o tqgjf1.f
ifort -g -O -I../common   -c -o ../common/qprthdr.o ../common/qprthdr.f
ifort -g -O -I../common   -o tqgjf1 tqgjf1.o qgjqf.o qgjqli.o qgjqrc.o qgjqfd.o ../common/q2norm.o ../common/qcopy.o ../common/qeps.o ../common/qerbit.o ../common/qfloat.o ../common/qgamma.o ../common/qinf.o ../common/qlog2.o ../common/qnan.o ../common/qpsi.o ../common/qstore.o ../common/qstorf.o ../common/qvsum.o ../common/isqnan.o ../common/qprthdr.o ../common/qpythg.o ../common/qtql1.o ../common/trapit.o ../libgjl.a
ifort -g -O -I../common   -c -o tqgjf2.o tqgjf2.f
ifort -g -O -I../common   -o tqgjf2 tqgjf2.o qgjqf.o qgjqli.o qgjqrc.o qgjqfd.o ../common/q2norm.o ../common/qcopy.o ../common/qeps.o ../common/qerbit.o ../common/qfloat.o ../common/qgamma.o ../common/qinf.o ../common/qlog2.o ../common/qnan.o ../common/qpsi.o ../common/qstore.o ../common/qstorf.o ../common/qvsum.o ../common/isqnan.o ../common/qprthdr.o ../common/qpythg.o ../common/qtql1.o ../common/trapit.o ../libgjl.a
ifort -g -O -I../common   -c -o tqgjfd1.o tqgjfd1.f
ifort -g -O -I../common   -o tqgjfd1 tqgjfd1.o qgjqfd.o ../common/q2norm.o ../common/qcopy.o ../common/qeps.o ../common/qerbit.o ../common/qfloat.o ../common/qgamma.o ../common/qinf.o ../common/qlog2.o ../common/qnan.o ../common/qpsi.o ../common/qstore.o ../common/qstorf.o ../common/qvsum.o ../common/isqnan.o ../common/qprthdr.o ../common/qpythg.o ../common/qtql1.o ../common/trapit.o ../libgjl.a
ifort -g -O -I../common   -c -o tqgjfd2.o tqgjfd2.f
ifort -g -O -I../common   -o tqgjfd2 tqgjfd2.o qgjqfd.o ../common/q2norm.o ../common/qcopy.o ../common/qeps.o ../common/qerbit.o ../common/qfloat.o ../common/qgamma.o ../common/qinf.o ../common/qlog2.o ../common/qnan.o ../common/qpsi.o ../common/qstore.o ../common/qstorf.o ../common/qvsum.o ../common/isqnan.o ../common/qprthdr.o ../common/qpythg.o ../common/qtql1.o ../common/trapit.o ../libgjl.a
============================== Making all-qp in laguerre
ifort -g -O -I../common   -c -o qglqf.o qglqf.f
ifort -g -O -I../common   -c -o qglqfd.o qglqfd.f
ifort -g -O -I../common   -c -o qglqli.o qglqli.f
ifort -g -O -I../common   -c -o qglqrc.o qglqrc.f
(cd ../common; make lib-qp)
ar -r ../libgjl.a iqceil.o isqinf.o isqnan.o q2norm.o qcopy.o qeps.o qepsln.o qerbit.o qfloat.o qfpmax.o qgamma.o qinf.o qiran.o qlgam.o qlog2.o qnan.o qpsi.o qpsiln.o qpythg.o qstore.o qstorf.o qtql1.o qvsum.o
ranlib ../libgjl.a || true
ar -r ../libgjl.a qglqf.o qglqfd.o qglqli.o qglqrc.o
ranlib ../libgjl.a || true
ifort -g -O -I../common   -c -o tqglf1.o tqglf1.f
ifort -g -O -I../common   -o tqglf1 tqglf1.o qglqf.o qglqli.o qglqfd.o qglqrc.o ../common/qprthdr.o ../common/q2norm.o ../common/qcopy.o ../common/qeps.o ../common/qerbit.o ../common/qfloat.o ../common/qgamma.o ../common/qinf.o ../common/qlog2.o ../common/qnan.o ../common/qpsi.o ../common/qstore.o ../common/qstorf.o ../common/qvsum.o ../common/isqnan.o ../common/qpythg.o ../common/qtql1.o ../common/trapit.o
ifort -g -O -I../common   -c -o tqglf2.o tqglf2.f
ifort -g -O -I../common   -o tqglf2 tqglf2.o qglqf.o qglqli.o qglqfd.o qglqrc.o ../common/qprthdr.o ../common/q2norm.o ../common/qcopy.o ../common/qeps.o ../common/qerbit.o ../common/qfloat.o ../common/qgamma.o ../common/qinf.o ../common/qlog2.o ../common/qnan.o ../common/qpsi.o ../common/qstore.o ../common/qstorf.o ../common/qvsum.o ../common/isqnan.o ../common/qpythg.o ../common/qtql1.o ../common/trapit.o
ifort -g -O -I../common   -c -o tqglf3.o tqglf3.f
ifort -g -O -I../common   -o tqglf3 tqglf3.o qglqf.o qglqli.o qglqfd.o qglqrc.o ../common/qprthdr.o ../common/q2norm.o ../common/qcopy.o ../common/qeps.o ../common/qerbit.o ../common/qfloat.o ../common/qgamma.o ../common/qinf.o ../common/qlog2.o ../common/qnan.o ../common/qpsi.o ../common/qstore.o ../common/qstorf.o ../common/qvsum.o ../common/isqnan.o ../common/qpythg.o ../common/qtql1.o ../common/trapit.o
ifort -g -O -I../common   -c -o tqglf4.o tqglf4.f
ifort -g -O -I../common   -o tqglf4 tqglf4.o qglqf.o qglqli.o qglqfd.o qglqrc.o ../common/qprthdr.o ../common/q2norm.o ../common/qcopy.o ../common/qeps.o ../common/qerbit.o ../common/qfloat.o ../common/qgamma.o ../common/qinf.o ../common/qlog2.o ../common/qnan.o ../common/qpsi.o ../common/qstore.o ../common/qstorf.o ../common/qvsum.o ../common/isqnan.o ../common/qpythg.o ../common/qtql1.o ../common/trapit.o
ifort -g -O -I../common   -c -o tqglf5.o tqglf5.f
ifort -g -O -I../common   -o tqglf5 tqglf5.o qglqf.o qglqli.o qglqfd.o qglqrc.o ../common/qprthdr.o ../common/q2norm.o ../common/qcopy.o ../common/qeps.o ../common/qerbit.o ../common/qfloat.o ../common/qgamma.o ../common/qinf.o ../common/qlog2.o ../common/qnan.o ../common/qpsi.o ../common/qstore.o ../common/qstorf.o ../common/qvsum.o ../common/isqnan.o ../common/qpythg.o ../common/qtql1.o ../common/trapit.o
ifort -g -O -I../common   -c -o tqglf6.o tqglf6.f
ifort -g -O -I../common   -o tqglf6 tqglf6.o qglqf.o qglqli.o qglqfd.o qglqrc.o ../common/qprthdr.o ../common/q2norm.o ../common/qcopy.o ../common/qeps.o ../common/qerbit.o ../common/qfloat.o ../common/qgamma.o ../common/qinf.o ../common/qlog2.o ../common/qnan.o ../common/qpsi.o ../common/qstore.o ../common/qstorf.o ../common/qvsum.o ../common/isqnan.o ../common/qpythg.o ../common/qtql1.o ../common/trapit.o
ifort -g -O -I../common   -c -o tqglfd1.o tqglfd1.f
ifort -g -O -I../common   -o tqglfd1 tqglfd1.o qglqli.o qglqfd.o qglqrc.o ../common/qprthdr.o ../common/q2norm.o ../common/qcopy.o ../common/qeps.o ../common/qerbit.o ../common/qfloat.o ../common/qgamma.o ../common/qinf.o ../common/qlog2.o ../common/qnan.o ../common/qpsi.o ../common/qstore.o ../common/qstorf.o ../common/qvsum.o ../common/isqnan.o ../common/qpythg.o ../common/qtql1.o ../common/trapit.o
ifort -g -O -I../common   -c -o tqglfd2.o tqglfd2.f
ifort -g -O -I../common   -o tqglfd2 tqglfd2.o qglqli.o qglqfd.o qglqrc.o ../common/qprthdr.o ../common/q2norm.o ../common/qcopy.o ../common/qeps.o ../common/qerbit.o ../common/qfloat.o ../common/qgamma.o ../common/qinf.o ../common/qlog2.o ../common/qnan.o ../common/qpsi.o ../common/qstore.o ../common/qstorf.o ../common/qvsum.o ../common/isqnan.o ../common/qpythg.o ../common/qtql1.o ../common/trapit.o
ifort -g -O -I../common   -c -o tqglfd3.o tqglfd3.f
ifort -g -O -I../common   -o tqglfd3 tqglfd3.o qglqli.o qglqfd.o qglqrc.o ../common/qprthdr.o ../common/q2norm.o ../common/qcopy.o ../common/qeps.o ../common/qerbit.o ../common/qfloat.o ../common/qgamma.o ../common/qinf.o ../common/qlog2.o ../common/qnan.o ../common/qpsi.o ../common/qstore.o ../common/qstorf.o ../common/qvsum.o ../common/isqnan.o ../common/qpythg.o ../common/qtql1.o ../common/trapit.o
ifort -g -O -I../common   -c -o tqglfd4.o tqglfd4.f
ifort -g -O -I../common   -o tqglfd4 tqglfd4.o qglqli.o qglqfd.o qglqrc.o ../common/qprthdr.o ../common/q2norm.o ../common/qcopy.o ../common/qeps.o ../common/qerbit.o ../common/qfloat.o ../common/qgamma.o ../common/qinf.o ../common/qlog2.o ../common/qnan.o ../common/qpsi.o ../common/qstore.o ../common/qstorf.o ../common/qvsum.o ../common/isqnan.o ../common/qpythg.o ../common/qtql1.o ../common/trapit.o
ifort -g -O -I../common   -c -o tqglfd5.o tqglfd5.f
ifort -g -O -I../common   -o tqglfd5 tqglfd5.o qglqli.o qglqfd.o qglqrc.o ../common/qprthdr.o ../common/q2norm.o ../common/qcopy.o ../common/qeps.o ../common/qerbit.o ../common/qfloat.o ../common/qgamma.o ../common/qinf.o ../common/qlog2.o ../common/qnan.o ../common/qpsi.o ../common/qstore.o ../common/qstorf.o ../common/qvsum.o ../common/isqnan.o ../common/qpythg.o ../common/qtql1.o ../common/trapit.o
ifort -g -O -I../common   -c -o tqglfd6.o tqglfd6.f
ifort -g -O -I../common   -o tqglfd6 tqglfd6.o qglqli.o qglqfd.o qglqrc.o ../common/qprthdr.o ../common/q2norm.o ../common/qcopy.o ../common/qeps.o ../common/qerbit.o ../common/qfloat.o ../common/qgamma.o ../common/qinf.o ../common/qlog2.o ../common/qnan.o ../common/qpsi.o ../common/qstore.o ../common/qstorf.o ../common/qvsum.o ../common/isqnan.o ../common/qpythg.o ../common/qtql1.o ../common/trapit.o
============================== Making all-qp in common
ar -r ../libgjl.a iqceil.o isqinf.o isqnan.o q2norm.o qcopy.o qeps.o qepsln.o qerbit.o qfloat.o qfpmax.o qgamma.o qinf.o qiran.o qlgam.o qlog2.o qnan.o qpsi.o qpsiln.o qpythg.o qstore.o qstorf.o qtql1.o qvsum.o
ranlib ../libgjl.a || true
37.978u 3.274s 0:43.85 94.0%	0+0k 0+0io 186252pf+0w
for subdir in man gampsi jacobi laguerre common ; do echo ============================== Making check-dp in $subdir ; ( cd $subdir && make  prefix=/usr/local FWARN="" FOPT="-O" check-dp ) ; done
============================== Making check-dp in man
There is no validation suite in this directory
============================== Making check-dp in gampsi
Checking tdgen ...
File differences are made with: /usr/local/bin/ndiff --relerr 5.0e-11 --minwidth 10
cos001
okay/cos001.out cos001.out differ: char 137, line 7
### Maximum relative error in matching lines = 8.80e-17 at line 8 field 5
Checking tdgen ...
File differences are made with: /usr/local/bin/ndiff --relerr 5.0e-11 --minwidth 10
cos101
okay/cos101.out cos101.out differ: char 147, line 7
### Maximum relative error in matching lines = 1.09e-16 at line 8110 field 5
cos102
okay/cos102.out cos102.out differ: char 147, line 7
### Maximum relative error in matching lines = 1.09e-16 at line 8110 field 5
cos103
okay/cos103.out cos103.out differ: char 147, line 7
### Maximum relative error in matching lines = 1.09e-16 at line 8694 field 5
Checking tdgen ...
File differences are made with: /usr/local/bin/ndiff --relerr 5.0e-11 --minwidth 10
cos201
okay/cos201.out cos201.out differ: char 147, line 7
### Maximum relative error in matching lines = 1.07e-16 at line 3989 field 5
14,26c14,26
< dacos( 0.00000000E+0000 ) = 1.570796326794897E+0000
< dasin( 0.00000000E+0000 ) = 0.000000000000000E+0000
< datan( 0.00000000E+0000 ) = 0.000000000000000E+0000
< dcos( 0.00000000E+0000 ) = 1.000000000000000E+0000
< dcosh( 0.00000000E+0000 ) = 1.000000000000000E+0000
< dexp( 0.00000000E+0000 ) = 1.000000000000000E+0000
< dlog( 0.00000000E+0000 ) = -Infinity
< dlog10( 0.00000000E+0000 ) = -Infinity
< dsin( 0.00000000E+0000 ) = 0.000000000000000E+0000
< dsinh( 0.00000000E+0000 ) = 0.000000000000000E+0000
< dsqrt( 0.00000000E+0000 ) = 0.000000000000000E+0000
< dtan( 0.00000000E+0000 ) = 0.000000000000000E+0000
< dtanh( 0.00000000E+0000 ) = 0.000000000000000E+0000
---
> dacos( NaN ) = NaN 
> dasin( NaN ) = NaN 
> datan( NaN ) = NaN 
> dcos( NaN ) = NaN 
> dcosh( NaN ) = NaN 
> dexp( NaN ) = NaN 
> dlog( NaN ) = NaN 
> dlog10( NaN ) = NaN 
> dsin( NaN ) = NaN 
> dsinh( NaN ) = NaN 
> dsqrt( NaN ) = NaN 
> dtan( NaN ) = NaN 
> dtanh( NaN ) = NaN 
Checking tdgen ...
File differences are made with: /usr/local/bin/ndiff --relerr 5.0e-11 --minwidth 10
exp001
okay/exp001.out exp001.out differ: char 137, line 7
### Maximum relative error in matching lines = 8.86e-17 at line 15 field 5
Checking tdgen ...
File differences are made with: /usr/local/bin/ndiff --relerr 5.0e-11 --minwidth 10
exp101
okay/exp101.out exp101.out differ: char 147, line 7
### Maximum relative error in matching lines = 1.10e-16 at line 4628 field 5
Checking tdfpmx ...
File differences are made with: /usr/local/bin/ndiff --relerr 5.0e-11 --minwidth 10
dfpm01
okay/dfpm01.out dfpm01.out differ: char 38, line 1
Checking tdgen ...
File differences are made with: /usr/local/bin/ndiff --relerr 5.0e-11 --minwidth 10
gam001
okay/gam001.out gam001.out differ: char 175, line 9
### Maximum relative error in matching lines = 4.49e-15 at line 104 field 5
Checking tdgen ...
File differences are made with: /usr/local/bin/ndiff --relerr 5.0e-11 --minwidth 10
gam101
okay/gam101.out gam101.out differ: char 189, line 9
### Maximum relative error in matching lines = 2.15e-15 at line 8979 field 5
gam102
okay/gam102.out gam102.out differ: char 188, line 9
8271c8271
< 2          -1437881687.   -23 0  3.2190259996495262768898388506609774067541016948562e-310 0 0
--- field 5	relative error 1.0e+00
> 2          -1437881687.   -23 0  0.000000000000000000E+000 0 0
8284c8284
< 2          -1435865686.   -23 0  2.1060033022938082473490931178187079067949119021935e-309 0 0
--- field 5	relative error 1.0e+00
> 2          -1435865686.   -23 0  0.000000000000000000E+000 0 0
8620c8620
< 2          -1436046166.   -23 0  1.6936814422437231751404174180212959399367164942901e-309 0 0
--- field 5	relative error 1.0e+00
> 2          -1436046166.   -23 0  0.000000000000000000E+000 0 0
8730c8730
< 2          -1436918615.   -23 0  6.9878452180838503989704325835311805201380625187489e-310 0 0
--- field 5	relative error 1.0e+00
> 2          -1436918615.   -23 0  0.000000000000000000E+000 0 0
### Maximum relative error in matching lines = 2.28e-15 at line 8979 field 5
gam103
okay/gam103.out gam103.out differ: char 188, line 9
### Maximum relative error in matching lines = 6.00e-16 at line 5666 field 5
Checking tdgen ...
File differences are made with: /usr/local/bin/ndiff --relerr 5.0e-11 --minwidth 10
gam301
okay/gam301.out gam301.out differ: char 206, line 9
### Maximum relative error in matching lines = 8.90e-16 at line 10082 field 5
Checking tdgen ...
File differences are made with: /usr/local/bin/ndiff --relerr 5.0e-11 --minwidth 10
lga001
okay/lga001.out lga001.out differ: char 143, line 7
7c7
< 2                    0.     0 0                                                  Infinity 0 0
--- field 5
> 2                    0.0       0 0  NaN                       0 0
12c12
< 2                  Inf     0 0                                                  Infinity 0 0
--- field 5
> 2  Infinity                    0 0  NaN                       0 0
### Maximum relative error in matching lines = 3.34e-17 at line 10 field 5
*** [check-xxx] Error 1
Checking tdgen ...
File differences are made with: /usr/local/bin/ndiff --relerr 5.0e-11 --minwidth 10
lga101
okay/lga101.out lga101.out differ: char 153, line 7
### Maximum relative error in matching lines = 8.85e-13 at line 5514 field 5
lga102
okay/lga102.out lga102.out differ: char 153, line 7
### Maximum relative error in matching lines = 1.88e-13 at line 3559 field 5
lga103
okay/lga103.out lga103.out differ: char 153, line 7
### Maximum relative error in matching lines = 9.36e-13 at line 6002 field 5
Checking tdgen ...
File differences are made with: /usr/local/bin/ndiff --relerr 5.0e-11 --minwidth 10
lga201
okay/lga201.out lga201.out differ: char 153, line 7
### Maximum relative error in matching lines = 1.17e-15 at line 84 field 5
Checking tdgen ...
File differences are made with: /usr/local/bin/ndiff --relerr 5.0e-11 --minwidth 10
log001
okay/log001.out log001.out differ: char 137, line 7
### Maximum relative error in matching lines = 8.24e-17 at line 12 field 5
Checking tdgen ...
File differences are made with: /usr/local/bin/ndiff --relerr 5.0e-11 --minwidth 10
log101
okay/log101.out log101.out differ: char 146, line 7
### Maximum relative error in matching lines = 1.10e-16 at line 7436 field 5
log102
okay/log102.out log102.out differ: char 146, line 7
### Maximum relative error in matching lines = 1.09e-16 at line 7677 field 5
log103
okay/log103.out log103.out differ: char 146, line 7
### Maximum relative error in matching lines = 1.09e-16 at line 4520 field 5
Checking tdgen ...
File differences are made with: /usr/local/bin/ndiff --relerr 5.0e-11 --minwidth 10
psi001
okay/psi001.out psi001.out differ: char 261, line 10
10c10
< 2                    0.0       0 0 Infinity                                                   0 0
--- field 5
> 2                    0.0       0 0  -Infinity                 0 0
### Maximum relative error in matching lines = 1.25e-16 at line 15 field 5
psi002
okay/psi002.out psi002.out differ: char 258, line 10
### Maximum relative error in matching lines = 1.85e-16 at line 13 field 5
psi003
okay/psi003.out psi003.out differ: char 261, line 10
psi006
okay/psi006.out psi006.out differ: char 228, line 10
10c10
< 2 1.0   -1030 0 Infinity 0 0
--- field 3	relative error 9.80e-03
> 2                    0.0   -1020 0  Infinity                  0 0
*** [check-xxx] Error 1
Checking tdgen ...
File differences are made with: /usr/local/bin/ndiff --relerr 5.0e-11 --minwidth 10
psi101
okay/psi101.out psi101.out differ: char 258, line 10
### Maximum relative error in matching lines = 3.34e-16 at line 54 field 5
psi102
okay/psi102.out psi102.out differ: char 259, line 10
### Maximum relative error in matching lines = 1.75e-13 at line 8906 field 5
psi103
okay/psi103.out psi103.out differ: char 259, line 10
### Maximum relative error in matching lines = 3.39e-13 at line 2012 field 5
psi104
okay/psi104.out psi104.out differ: char 259, line 10
### Maximum relative error in matching lines = 5.50e-14 at line 8290 field 5
psi105
okay/psi105.out psi105.out differ: char 259, line 10
### Maximum relative error in matching lines = 4.54e-16 at line 1383 field 5
psi106
okay/psi106.out psi106.out differ: char 258, line 10
### Maximum relative error in matching lines = 4.85e-16 at line 3163 field 5
psi107
okay/psi107.out psi107.out differ: char 258, line 10
### Maximum relative error in matching lines = 5.24e-16 at line 679 field 5
Checking tdgen ...
File differences are made with: /usr/local/bin/ndiff --relerr 5.0e-11 --minwidth 10
psi201
okay/psi201.out psi201.out differ: char 258, line 10
### Maximum relative error in matching lines = 3.94e-15 at line 5355 field 5
Checking tdgen ...
File differences are made with: /usr/local/bin/ndiff --relerr 5.0e-11 --minwidth 10
psi301
okay/psi301.out psi301.out differ: char 258, line 10
### Maximum relative error in matching lines = 4.23e-13 at line 6050 field 5
Checking tdgen ...
File differences are made with: /usr/local/bin/ndiff --relerr 5.0e-11 --minwidth 10
psi402
okay/psi402.out psi402.out differ: char 259, line 10
### Maximum relative error in matching lines = 2.32e-14 at line 7984 field 5
Checking tdgen ...
File differences are made with: /usr/local/bin/ndiff --relerr 5.0e-11 --minwidth 10
psi601
okay/psi601.out psi601.out differ: char 258, line 10
### Maximum relative error in matching lines = 3.31e-16 at line 8156 field 5
psi602
okay/psi602.out psi602.out differ: char 259, line 10
### Maximum relative error in matching lines = 3.46e-16 at line 8156 field 5
Checking tdgen ...
File differences are made with: /usr/local/bin/ndiff --relerr 5.0e-11 --minwidth 10
pln001
okay/pln001.out pln001.out differ: char 284, line 11
### Maximum relative error in matching lines = 6.02e-16 at line 15 field 5
Checking tdgen ...
File differences are made with: /usr/local/bin/ndiff --relerr 5.0e-11 --minwidth 10
pln101
okay/pln101.out pln101.out differ: char 295, line 11
### Maximum relative error in matching lines = 3.28e-15 at line 8804 field 5
Checking tdgen ...
File differences are made with: /usr/local/bin/ndiff --relerr 5.0e-11 --minwidth 10
pln201
okay/pln201.out pln201.out differ: char 295, line 11
### Maximum relative error in matching lines = 1.93e-15 at line 33 field 5
Checking tdgen ...
File differences are made with: /usr/local/bin/ndiff --relerr 5.0e-11 --minwidth 10
sin001
okay/sin001.out sin001.out differ: char 137, line 7
### Maximum relative error in matching lines = 6.45e-17 at line 14 field 5
Checking tdgen ...
File differences are made with: /usr/local/bin/ndiff --relerr 5.0e-11 --minwidth 10
sin101
okay/sin101.out sin101.out differ: char 147, line 7
### Maximum relative error in matching lines = 1.09e-16 at line 3324 field 5
sin102
okay/sin102.out sin102.out differ: char 147, line 7
### Maximum relative error in matching lines = 1.09e-16 at line 2070 field 5
sin103
okay/sin103.out sin103.out differ: char 147, line 7
### Maximum relative error in matching lines = 1.09e-16 at line 4667 field 5
Checking tdgen ...
File differences are made with: /usr/local/bin/ndiff --relerr 5.0e-11 --minwidth 10
sin201
okay/sin201.out sin201.out differ: char 147, line 7
### Maximum relative error in matching lines = 1.09e-16 at line 1798 field 5
Checking tdgen ...
File differences are made with: /usr/local/bin/ndiff --relerr 5.0e-11 --minwidth 10
tan001
okay/tan001.out tan001.out differ: char 137, line 7
### Maximum relative error in matching lines = 8.47e-17 at line 14 field 5
Checking tdgen ...
File differences are made with: /usr/local/bin/ndiff --relerr 5.0e-11 --minwidth 10
tan101
okay/tan101.out tan101.out differ: char 147, line 7
### Maximum relative error in matching lines = 1.10e-16 at line 3366 field 5
tan102
okay/tan102.out tan102.out differ: char 147, line 7
### Maximum relative error in matching lines = 1.10e-16 at line 3783 field 5
Checking tdgen ...
File differences are made with: /usr/local/bin/ndiff --relerr 5.0e-11 --minwidth 10
tan201
okay/tan201.out tan201.out differ: char 147, line 7
### Maximum relative error in matching lines = 1.10e-16 at line 1126 field 5
============================== Making check-dp in jacobi
(cd ../common; make lib-dp)
ar -r ../libgjl.a d2norm.o dcopy.o deps.o derbit.o dfloat.o dfpmax.o dgamma.o dinf.o diran.o dlgam.o dlog2.o dnan.o dpsi.o dpsiln.o dran.o dstore.o dstorf.o dvsum.o ffalse.o ftrue.o getnan.o idceil.o isdinf.o isdnan.o pythag.o tql1.o
ranlib ../libgjl.a || true
ar -r ../libgjl.a gjqf.o gjqfd.o gjqli.o gjqrc.o
ranlib ../libgjl.a || true
========================================================================
There should be no output from these tests, except their names. If
ndiff is available, there will also be reports of the maximum absolute
and relative errors found. If small numeric differences are reported,
then YOU must decide whether they are significant. You can do
         make check RELERR=xxx
to rerun the tests with a different relative error tolerance, where xxx
is either a suitable small positive floating-point number, or else a
value >= 1.0, meaning that multiple of the machine epsilon.
========================================================================
Checking tgjf1 ...
File differences are made with: /usr/local/bin/ndiff --relerr 1.0e-10 --minwidth 10 --abserr 0
gjf101
### Maximum relative error in matching lines = 7.76e-14 at line 55 field 5
### Maximum relative error in matching lines = 1.15e-14 at line 46 field 6
gjf102
103c103
<     13    0.000000000000000    1.186571193034162E-01   -3.905264782707314E-02    8.570446816800653E-02
--- field 2	relative error 1.0e+00
>     13    0.000000000000001    1.186571193034162E-01   -3.905264782706991E-02    8.570446816800831E-02
184c184
<     13   -0.000000000000002    1.186182897098736E-01   -3.903335878242045E-02    8.567384099551958E-02
--- field 2	relative error 1.0e+00
>     13   -0.000000000000001    1.186182897098736E-01   -3.903335878241562E-02    8.567384099551963E-02
### Maximum relative error in matching lines = 1.60e-12 at line 196 field 5
### Maximum relative error in matching lines = 2.83e-14 at line 56 field 6
gjf103
### Maximum relative error in matching lines = 1.42e-12 at line 196 field 5
### Maximum relative error in matching lines = 5.70e-14 at line 56 field 6
gjf104
22c22
<     13    0.000000000000000    1.208304866765306E-01   -4.013091197275015E-02    8.742244393316674E-02
--- field 2	relative error 1.0e+00
>     13    0.000000000000001    1.208304866765306E-01   -4.013091197275354E-02    8.742244393316541E-02
471c471
<   Maximum relative error =   2.84E-13    1278.63 ulps      10.32 bits at nquad =   75
--- field 13	relative error 5.0e-01
>   Maximum relative error =   1.99E-13     896.56 ulps       9.81 bits at nquad =   50
472c472
<   Minimum relative error =   0.00E+00       0.00 ulps       0.00 bits at nquad =   25
--- field 13	relative error 2.0e+00
>   Minimum relative error =  -1.12E-16      -0.50 ulps       0.99 bits at nquad =   75
### Maximum relative error in matching lines = 1.93e-11 at line 321 field 5
### Maximum relative error in matching lines = 2.92e-13 at line 302 field 6
gjf105
Checking tgjf2 ...
File differences are made with: /usr/local/bin/ndiff --relerr 1.0e-10 --minwidth 10 --abserr 0
gjf201
### Maximum relative error in matching lines = 7.76e-14 at line 55 field 5
### Maximum relative error in matching lines = 5.00e-15 at line 66 field 6
gjf202
103c103
<     13    0.000000000000000    1.186571193034162E-01   -3.905264782707314E-02    8.570446816800653E-02
--- field 2	relative error 1.0e+00
>     13    0.000000000000001    1.186571193034162E-01   -3.905264782706991E-02    8.570446816800831E-02
184c184
<     13   -0.000000000000002    1.186182897098736E-01   -3.903335878242045E-02    8.567384099551958E-02
--- field 2	relative error 1.0e+00
>     13   -0.000000000000001    1.186182897098736E-01   -3.903335878241562E-02    8.567384099551963E-02
### Maximum relative error in matching lines = 1.60e-12 at line 196 field 5
### Maximum relative error in matching lines = 2.57e-14 at line 206 field 6
gjf203
### Maximum relative error in matching lines = 1.42e-12 at line 196 field 5
### Maximum relative error in matching lines = 1.68e-14 at line 156 field 6
gjf204
22c22
<     13    0.000000000000000    1.208304866765306E-01   -4.013091197275015E-02    8.742244393316674E-02
--- field 2	relative error 1.0e+00
>     13    0.000000000000001    1.208304866765306E-01   -4.013091197275354E-02    8.742244393316541E-02
475c475
<   Maximum relative error =   3.20E-14     144.21 ulps       7.17 bits at nquad =   25
--- field 13	relative error 2.0e+00
>   Maximum relative error =  -9.23E-14    -415.56 ulps       8.70 bits at nquad =   75
476c476
<   Minimum relative error =   0.00E+00       0.00 ulps       0.00 bits at nquad =   50
--- field 13	relative error 1.0e+00
>   Minimum relative error =   1.41E-16       0.64 ulps       0.65 bits at nquad =   25
### Maximum relative error in matching lines = 1.93e-11 at line 321 field 5
### Maximum relative error in matching lines = 7.88e-14 at line 306 field 6
gjf205
Checking tgjfd1 ...
File differences are made with: /usr/local/bin/ndiff --relerr 1.0e-10 --minwidth 10 --abserr 0
gjfd101
### Maximum relative error in matching lines = 3.97e-14 at line 82 field 5
### Maximum relative error in matching lines = 6.12e-15 at line 46 field 6
gjfd102
103c103
<     13    0.000000000000000    1.186571193034162E-01   -2.158258760110407E-03    3.436147887137888E-03
--- field 2	relative error 1.0e+00
>     13    0.000000000000001    1.186571193034162E-01   -2.158258760110366E-03    3.436147887137888E-03
184c184
<     13   -0.000000000000002    1.186182897098736E-01   -2.156141099742518E-03    3.433166975660812E-03
--- field 2	relative error 1.0e+00
>     13   -0.000000000000001    1.186182897098736E-01   -2.156141099742478E-03    3.433166975660812E-03
### Maximum relative error in matching lines = 5.11e-13 at line 91 field 5
### Maximum relative error in matching lines = 5.53e-14 at line 206 field 6
gjfd103
### Maximum relative error in matching lines = 2.74e-13 at line 172 field 5
### Maximum relative error in matching lines = 9.23e-14 at line 206 field 6
gjfd104
22c22
<     13    0.000000000000000    1.208304866765306E-01   -2.279010328918708E-03    3.605332292153957E-03
--- field 2	relative error 1.0e+00
>     13    0.000000000000001    1.208304866765306E-01   -2.279010328918678E-03    3.605332292153957E-03
472c472
<   Minimum relative error =   0.00E+00       0.00 ulps       0.00 bits at nquad =   25
--- field 13	relative error 1.0e+00
>   Minimum relative error =   0.00E+00       0.00 ulps       0.00 bits at nquad =   50
### Maximum relative error in matching lines = 3.07e-12 at line 321 field 5
### Maximum relative error in matching lines = 2.12e-13 at line 301 field 6
gjfd105
Checking tgjfd2 ...
File differences are made with: /usr/local/bin/ndiff --relerr 1.0e-10 --minwidth 10 --abserr 0
gjfd201
### Maximum relative error in matching lines = 3.97e-14 at line 82 field 5
### Maximum relative error in matching lines = 5.00e-15 at line 66 field 6
gjfd202
103c103
<     13    0.000000000000000    1.186571193034162E-01   -2.158258760110407E-03    3.436147887137888E-03
--- field 2	relative error 1.0e+00
>     13    0.000000000000001    1.186571193034162E-01   -2.158258760110366E-03    3.436147887137888E-03
184c184
<     13   -0.000000000000002    1.186182897098736E-01   -2.156141099742518E-03    3.433166975660812E-03
--- field 2	relative error 1.0e+00
>     13   -0.000000000000001    1.186182897098736E-01   -2.156141099742478E-03    3.433166975660812E-03
### Maximum relative error in matching lines = 5.11e-13 at line 91 field 5
### Maximum relative error in matching lines = 2.57e-14 at line 206 field 6
gjfd203
### Maximum relative error in matching lines = 2.74e-13 at line 172 field 5
### Maximum relative error in matching lines = 1.68e-14 at line 156 field 6
gjfd204
22c22
<     13    0.000000000000000    1.208304866765306E-01   -2.279010328918708E-03    3.605332292153957E-03
--- field 2	relative error 1.0e+00
>     13    0.000000000000001    1.208304866765306E-01   -2.279010328918678E-03    3.605332292153957E-03
475c475
<   Maximum relative error =   3.20E-14     144.21 ulps       7.17 bits at nquad =   25
--- field 13	relative error 2.0e+00
>   Maximum relative error =  -9.23E-14    -415.56 ulps       8.70 bits at nquad =   75
476c476
<   Minimum relative error =   0.00E+00       0.00 ulps       0.00 bits at nquad =   50
--- field 13	relative error 1.0e+00
>   Minimum relative error =   1.41E-16       0.64 ulps       0.65 bits at nquad =   25
### Maximum relative error in matching lines = 3.07e-12 at line 321 field 5
### Maximum relative error in matching lines = 7.88e-14 at line 306 field 6
gjfd205
============================== Making check-dp in laguerre
(cd ../common; make lib-dp)
ar -r ../libgjl.a d2norm.o dcopy.o deps.o derbit.o dfloat.o dfpmax.o dgamma.o dinf.o diran.o dlgam.o dlog2.o dnan.o dpsi.o dpsiln.o dran.o dstore.o dstorf.o dvsum.o ffalse.o ftrue.o getnan.o idceil.o isdinf.o isdnan.o pythag.o tql1.o
ranlib ../libgjl.a || true
ar -r ../libgjl.a glqf.o glqfd.o glqli.o glqrc.o
ranlib ../libgjl.a || true
========================================================================
There should be no output from these tests, except their names. If
ndiff is available, there will also be reports of the maximum absolute
and relative errors found. If small numeric differences are reported,
then YOU must decide whether they are significant. You can do
         make check RELERR=xxx
to rerun the tests with a different relative error tolerance, where xxx
is either a suitable small positive floating-point number, or else a
value >= 1.0, meaning that multiple of the machine epsilon.
========================================================================
Checking tglf1 ...
File differences are made with: /usr/local/bin/ndiff --relerr 1.0e-10 --minwidth 10 --abserr 0
glf101
### Maximum relative error in matching lines = 4.78e-13 at line 268 field 3
### Maximum relative error in matching lines = 2.16e-14 at line 65 field 5
glf102
330c330
<   Maximum relative error =  -2.25E-14    -101.49 ulps       6.67 bits at nquad =   75
--- field 13	relative error 2.66e-01
>   Maximum relative error =   4.48E-14     201.54 ulps       7.65 bits at nquad =   95
331c331
<   Minimum relative error =  -8.12E-16      -3.66 ulps       1.87 bits at nquad =   95
--- field 13	relative error 2.8e+00
>   Minimum relative error =   0.00E+00       0.00 ulps       0.00 bits at nquad =   25
### Maximum relative error in matching lines = 1.21e-12 at line 119 field 6
### Maximum relative error in matching lines = 5.67e-14 at line 40 field 5
glf103
### Maximum relative error in matching lines = 7.80e-13 at line 300 field 6
### Maximum relative error in matching lines = 8.59e-14 at line 40 field 5
glf104
330c330
<   Maximum relative error =   8.87E-14     399.33 ulps       8.64 bits at nquad =   95
--- field 13	relative error 2.66e-01
>   Maximum relative error =  -4.89E-14    -220.02 ulps       7.78 bits at nquad =   75
331c331
<   Minimum relative error =  -1.20E-16      -0.54 ulps       0.88 bits at nquad =   50
--- field 13	relative error 1.0e+00
>   Minimum relative error =   1.31E-16       0.59 ulps       0.76 bits at nquad =   25
### Maximum relative error in matching lines = 6.65e-13 at line 305 field 6
### Maximum relative error in matching lines = 1.31e-13 at line 40 field 5
glf105
### Maximum relative error in matching lines = 8.52e-13 at line 213 field 6
### Maximum relative error in matching lines = 1.45e-14 at line 47 field 5
glf106
326c326
<   Minimum relative error =  -4.28E-16      -1.93 ulps       0.95 bits at nquad =   50
--- field 13	relative error 8.0e-01
>   Minimum relative error =   0.00E+00       0.00 ulps       0.00 bits at nquad =   90
### Maximum relative error in matching lines = 4.08e-12 at line 212 field 6
### Maximum relative error in matching lines = 2.80e-14 at line 57 field 5
glf107
320c320
<   Maximum relative error =  -3.23E-14    -145.33 ulps       7.18 bits at nquad =   50
--- field 13	relative error 5.0e-01
>   Maximum relative error =  -1.67E-14     -74.99 ulps       6.23 bits at nquad =   75
321c321
<   Minimum relative error =   1.55E-16       0.70 ulps       0.52 bits at nquad =   75
--- field 13	relative error 1.33e-01
>   Minimum relative error =  -3.18E-16      -1.43 ulps       0.52 bits at nquad =   85
### Maximum relative error in matching lines = 1.71e-12 at line 114 field 6
### Maximum relative error in matching lines = 3.11e-14 at line 23 field 5
glf108
208c208
<   Maximum relative error =   8.07E-15      36.36 ulps       5.18 bits at nquad =   75
--- field 13	relative error 2.0e+00
>   Maximum relative error =   1.47E-14      66.15 ulps       6.05 bits at nquad =   25
### Maximum relative error in matching lines = 9.04e-13 at line 187 field 6
### Maximum relative error in matching lines = 1.61e-14 at line 38 field 5
glf109
### Maximum relative error in matching lines = 2.11e-14 at line 21 field 6
### Maximum relative error in matching lines = 2.50e-15 at line 15 field 5
Checking tglf2 ...
File differences are made with: /usr/local/bin/ndiff --relerr 1.0e-10 --minwidth 10 --abserr 0
glf201
104c104
<   Maximum relative error =   8.87E-14     399.33 ulps       8.64 bits at nquad =   95
--- field 13	relative error 9.19e-02
>   Maximum relative error =  -5.25E-14    -236.48 ulps       7.89 bits at nquad =   87
### Maximum relative error in matching lines = 1.31e-13 at line 102 field 2
### Maximum relative error in matching lines = 1.31e-13 at line 103 field 4
glf202
Checking tglf3 ...
File differences are made with: /usr/local/bin/ndiff --relerr 1.0e-10 --minwidth 10 --abserr 0
glf301
952c952
<   Maximum relative error =  -3.71E-13   -1671.47 ulps      10.71 bits at nquad =   40 mu =  1.0000000E+02 p =    79
--- field 19	relative error 5.33e-02
>   Maximum relative error =   4.58E-13    2061.96 ulps      11.01 bits at nquad =   40 mu =  1.0000000E+02 p =    75
953c953
<   Minimum relative error =   0.00E+00       0.00 ulps       0.00 bits at nquad =   80 mu =  1.0000000E+00 p =     2
--- field 13	relative error 7.0e+00
>   Minimum relative error =   0.00E+00       0.00 ulps       0.00 bits at nquad =   10 mu =  1.0000000E+00 p =    11
### Maximum relative error in matching lines = 4.53e-13 at line 910 field 2
### Maximum relative error in matching lines = 4.53e-13 at line 819 field 5
glf302
Checking tglf4 ...
File differences are made with: /usr/local/bin/ndiff --relerr 1.0e-10 --minwidth 10 --abserr 0
glf401
105c105
<   Minimum relative error =   0.00E+00   0.00E+00 ulps       0.00 bits at nquad =   34 sigma =    0.1000 alpha =    0.0100
--- field 13	relative error 3.03e-02
>   Minimum relative error =   0.00E+00   0.00E+00 ulps       0.00 bits at nquad =   33 sigma =    0.1000 alpha =    0.0100
### Maximum relative error in matching lines = 1.29e-14 at line 80 field 4
### Maximum relative error in matching lines = 1.27e-14 at line 79 field 5
glf402
105c105
<   Minimum relative error =   5.46E-16   2.46E+00 ulps       1.30 bits at nquad =   31 sigma =    1.0000 alpha =    1.0000
--- field 13	relative error 3.33e-02
>   Minimum relative error =  -3.64E-16  -1.64E+00 ulps       0.71 bits at nquad =   30 sigma =    1.0000 alpha =    1.0000
### Maximum relative error in matching lines = 1.42e-13 at line 100 field 4
### Maximum relative error in matching lines = 1.42e-13 at line 99 field 5
glf403
104c104
<   Minimum relative error =   3.36E-16   1.51E+00 ulps       0.60 bits at nquad =   25 sigma =    0.0100 alpha =   -0.5000
--- field 13	relative error 2.5e-01
>   Minimum relative error =  -3.36E-16  -1.51E+00 ulps       0.60 bits at nquad =   20 sigma =    0.0100 alpha =   -0.5000
### Maximum relative error in matching lines = 2.58e-13 at line 91 field 4
### Maximum relative error in matching lines = 2.57e-13 at line 90 field 5
glf404
105c105
<   Minimum relative error =   0.00E+00   0.00E+00 ulps       0.00 bits at nquad =   36 sigma =    0.1000 alpha =    0.5000
--- field 13	relative error 5.0e-01
>   Minimum relative error =   0.00E+00   0.00E+00 ulps       0.00 bits at nquad =   54 sigma =    0.1000 alpha =    0.5000
### Maximum relative error in matching lines = 8.36e-15 at line 86 field 4
### Maximum relative error in matching lines = 8.40e-15 at line 85 field 5
glf405
105c105
<   Minimum relative error =   7.15E-16   3.22E+00 ulps       1.69 bits at nquad =   68 sigma =    2.0000 alpha =    1.0000
--- field 13	relative error 2.64e-01
>   Minimum relative error =   0.00E+00   0.00E+00 ulps       0.00 bits at nquad =   86 sigma =    2.0000 alpha =    1.0000
### Maximum relative error in matching lines = 3.74e-13 at line 14 field 4
### Maximum relative error in matching lines = 3.74e-13 at line 13 field 5
glf406
### Maximum relative error in matching lines = 8.56e-14 at line 95 field 4
### Maximum relative error in matching lines = 8.57e-14 at line 94 field 5
glf407
### Maximum relative error in matching lines = 1.67e-13 at line 23 field 4
### Maximum relative error in matching lines = 1.67e-13 at line 22 field 5
glf408
### Maximum relative error in matching lines = 1.32e-13 at line 86 field 4
### Maximum relative error in matching lines = 1.32e-13 at line 85 field 5
glf409
### Maximum relative error in matching lines = 2.75e-13 at line 31 field 4
### Maximum relative error in matching lines = 2.74e-13 at line 30 field 5
glf410
### Maximum relative error in matching lines = 3.59e-14 at line 8 field 4
### Maximum relative error in matching lines = 3.60e-14 at line 7 field 5
Checking tglf5 ...
File differences are made with: /usr/local/bin/ndiff --relerr 1.0e-10 --minwidth 10 --abserr 0
glf501
300c300
<   Maximum relative error =  -2.22E-15     -10.00 ulps       3.32 bits at nquad =   65
--- field 13	relative error 7.69e-02
>   Maximum relative error =   4.55E-15      20.50 ulps       4.36 bits at nquad =   70
301c301
<   Minimum relative error =   0.00E+00       0.00 ulps       0.00 bits at nquad =   70
--- field 13	relative error 4.0e-01
>   Minimum relative error =   0.00E+00       0.00 ulps       0.00 bits at nquad =   50
### Maximum relative error in matching lines = 4.78e-13 at line 268 field 3
### Maximum relative error in matching lines = 3.44e-15 at line 40 field 5
glf502
### Maximum relative error in matching lines = 1.21e-12 at line 119 field 6
### Maximum relative error in matching lines = 2.45e-14 at line 40 field 5
glf503
330c330
<   Maximum relative error =   4.70E-15      21.15 ulps       4.40 bits at nquad =   95
--- field 13	relative error 2.66e-01
>   Maximum relative error =   1.61E-14      72.41 ulps       6.18 bits at nquad =   75
### Maximum relative error in matching lines = 7.80e-13 at line 300 field 6
### Maximum relative error in matching lines = 1.35e-14 at line 24 field 5
glf504
330c330
<   Maximum relative error =   5.44E-15      24.50 ulps       4.61 bits at nquad =   95
--- field 13	relative error 2.66e-01
>   Maximum relative error =  -1.04E-14     -47.00 ulps       5.55 bits at nquad =   75
### Maximum relative error in matching lines = 6.65e-13 at line 305 field 6
### Maximum relative error in matching lines = 1.56e-14 at line 40 field 5
glf505
330c330
<   Maximum relative error =   1.93E-15       8.67 ulps       3.12 bits at nquad =   75
--- field 13	relative error 2.66e-01
>   Maximum relative error =  -1.87E-15      -8.41 ulps       3.07 bits at nquad =   95
331c331
<   Minimum relative error =   0.00E+00       0.00 ulps       0.00 bits at nquad =   25
--- field 13	relative error 2.0e+00
>   Minimum relative error =   0.00E+00       0.00 ulps       0.00 bits at nquad =   75
### Maximum relative error in matching lines = 8.52e-13 at line 213 field 6
### Maximum relative error in matching lines = 1.86e-15 at line 51 field 5
glf506
325c325
<   Maximum relative error =  -9.21E-16      -4.15 ulps       2.05 bits at nquad =   50
--- field 13	relative error 5.0e-01
>   Maximum relative error =   1.80E-15       8.11 ulps       3.02 bits at nquad =   75
326c326
<   Minimum relative error =   0.00E+00       0.00 ulps       0.00 bits at nquad =   25
--- field 13	relative error 1.0e+00
>   Minimum relative error =   0.00E+00       0.00 ulps       0.00 bits at nquad =   50
### Maximum relative error in matching lines = 4.08e-12 at line 212 field 6
### Maximum relative error in matching lines = 1.78e-15 at line 59 field 5
glf507
320c320
<   Maximum relative error =   1.87E-15       8.43 ulps       3.08 bits at nquad =   85
--- field 13	relative error 2.4e+00
>   Maximum relative error =   9.69E-16       4.36 ulps       2.13 bits at nquad =   25
### Maximum relative error in matching lines = 1.71e-12 at line 114 field 6
### Maximum relative error in matching lines = 1.51e-15 at line 58 field 5
glf508
208c208
<   Maximum relative error =  -1.49E-15      -6.70 ulps       2.74 bits at nquad =   75
--- field 13	relative error 2.0e+00
>   Maximum relative error =   9.10E-16       4.10 ulps       2.04 bits at nquad =   25
### Maximum relative error in matching lines = 9.04e-13 at line 187 field 6
### Maximum relative error in matching lines = 1.23e-15 at line 39 field 5
glf509
Checking tglf6 ...
File differences are made with: /usr/local/bin/ndiff --relerr 1.0e-10 --minwidth 10 --abserr 0
glf601
105c105
<   Minimum relative error =   0.00E+00   0.00E+00 ulps       0.00 bits at nquad =   24 sigma =    0.1000 alpha =    0.0100
--- field 13	relative error 2.5e-01
>   Minimum relative error =   0.00E+00   0.00E+00 ulps       0.00 bits at nquad =   30 sigma =    0.1000 alpha =    0.0100
### Maximum relative error in matching lines = 3.52e-15 at line 88 field 4
### Maximum relative error in matching lines = 3.48e-15 at line 87 field 5
glf602
105c105
<   Minimum relative error =   0.00E+00   0.00E+00 ulps       0.00 bits at nquad =   61 sigma =    1.0000 alpha =    1.0000
--- field 13	relative error 5.25e-01
>   Minimum relative error =   0.00E+00   0.00E+00 ulps       0.00 bits at nquad =   40 sigma =    1.0000 alpha =    1.0000
### Maximum relative error in matching lines = 6.80e-15 at line 98 field 4
### Maximum relative error in matching lines = 6.66e-15 at line 97 field 5
glf603
104c104
<   Minimum relative error =   0.00E+00   0.00E+00 ulps       0.00 bits at nquad =    6 sigma =    0.0100 alpha =   -0.5000
--- field 13	relative error 5.0e-01
>   Minimum relative error =   0.00E+00   0.00E+00 ulps       0.00 bits at nquad =    4 sigma =    0.0100 alpha =   -0.5000
### Maximum relative error in matching lines = 5.07e-15 at line 83 field 4
### Maximum relative error in matching lines = 5.08e-15 at line 82 field 5
glf604
105c105
<   Minimum relative error =   0.00E+00   0.00E+00 ulps       0.00 bits at nquad =   17 sigma =    0.1000 alpha =    0.5000
--- field 13	relative error 4.16e-01
>   Minimum relative error =   0.00E+00   0.00E+00 ulps       0.00 bits at nquad =   12 sigma =    0.1000 alpha =    0.5000
### Maximum relative error in matching lines = 3.05e-15 at line 75 field 4
### Maximum relative error in matching lines = 2.75e-15 at line 99 field 5
glf605
105c105
<   Minimum relative error =   3.47E-16   1.56E+00 ulps       0.64 bits at nquad =   91 sigma =    2.0000 alpha =    1.0000
--- field 13	relative error 2.81e-01
>   Minimum relative error =   1.56E-15   7.03E+00 ulps       2.81 bits at nquad =   71 sigma =    2.0000 alpha =    1.0000
### Maximum relative error in matching lines = 2.75e-14 at line 91 field 4
### Maximum relative error in matching lines = 2.75e-14 at line 90 field 5
glf606
### Maximum relative error in matching lines = 3.69e-14 at line 101 field 4
### Maximum relative error in matching lines = 3.72e-14 at line 100 field 5
glf607
### Maximum relative error in matching lines = 6.13e-14 at line 102 field 4
### Maximum relative error in matching lines = 6.10e-14 at line 101 field 5
glf608
### Maximum relative error in matching lines = 1.35e-13 at line 23 field 4
### Maximum relative error in matching lines = 1.35e-13 at line 22 field 5
glf609
### Maximum relative error in matching lines = 7.37e-14 at line 91 field 4
### Maximum relative error in matching lines = 7.35e-14 at line 90 field 5
glf610
Checking tglfd1 ...
File differences are made with: /usr/local/bin/ndiff --relerr 1.0e-10 --minwidth 10 --abserr 0
glfd101
325c325
<   Maximum relative error =  -4.60E-15     -20.70 ulps       4.37 bits at nquad =   75
--- field 13	relative error 2.0e-01
>   Maximum relative error =   4.46E-15      20.10 ulps       4.33 bits at nquad =   90
### Maximum relative error in matching lines = 5.16e-12 at line 50 field 4
### Maximum relative error in matching lines = 5.77e-15 at line 24 field 5
glfd102
331c331
<   Minimum relative error =  -1.35E-16      -0.61 ulps       0.71 bits at nquad =   95
--- field 13	relative error 2.66e-01
>   Minimum relative error =   0.00E+00       0.00 ulps       0.00 bits at nquad =   75
### Maximum relative error in matching lines = 8.30e-13 at line 119 field 4
### Maximum relative error in matching lines = 7.90e-14 at line 40 field 5
glfd103
330c330
<   Maximum relative error =  -1.41E-14     -63.65 ulps       5.99 bits at nquad =   50
--- field 13	relative error 9.0e-01
>   Maximum relative error =  -4.72E-14    -212.48 ulps       7.73 bits at nquad =   95
### Maximum relative error in matching lines = 5.80e-13 at line 186 field 5
### Maximum relative error in matching lines = 4.97e-14 at line 40 field 5
glfd104
330c330
<   Maximum relative error =   3.33E-14     149.86 ulps       7.23 bits at nquad =   95
--- field 13	relative error 2.66e-01
>   Maximum relative error =  -4.15E-14    -187.11 ulps       7.55 bits at nquad =   75
331c331
<   Minimum relative error =   0.00E+00       0.00 ulps       0.00 bits at nquad =   50
--- field 13	relative error 5.0e-01
>   Minimum relative error =   0.00E+00       0.00 ulps       0.00 bits at nquad =   75
### Maximum relative error in matching lines = 5.01e-13 at line 211 field 5
### Maximum relative error in matching lines = 6.88e-14 at line 40 field 5
glfd105
335c335
<   Maximum relative error =   2.32E-15      10.43 ulps       3.38 bits at nquad =   75
--- field 13	relative error 3.33e-01
>   Maximum relative error =  -1.88E-15      -8.47 ulps       3.08 bits at nquad =  100
336c336
<   Minimum relative error =   0.00E+00       0.00 ulps       0.00 bits at nquad =   25
--- field 13	relative error 3.0e+00
>   Minimum relative error =   0.00E+00       0.00 ulps       0.00 bits at nquad =  100
### Maximum relative error in matching lines = 2.55e-11 at line 114 field 4
### Maximum relative error in matching lines = 1.94e-15 at line 40 field 5
glfd106
336c336
<   Minimum relative error =   0.00E+00       0.00 ulps       0.00 bits at nquad =   75
--- field 13	relative error 5.0e-01
>   Minimum relative error =   0.00E+00       0.00 ulps       0.00 bits at nquad =   50
### Maximum relative error in matching lines = 1.31e-12 at line 211 field 4
### Maximum relative error in matching lines = 1.89e-15 at line 38 field 5
glfd107
335c335
<   Maximum relative error =   1.30E-15       5.86 ulps       2.55 bits at nquad =   75
--- field 13	relative error 3.33e-01
>   Maximum relative error =  -1.52E-15      -6.83 ulps       2.77 bits at nquad =  100
336c336
<   Minimum relative error =   0.00E+00       0.00 ulps       0.00 bits at nquad =   75
--- field 13	relative error 5.0e-01
>   Minimum relative error =   0.00E+00       0.00 ulps       0.00 bits at nquad =   50
### Maximum relative error in matching lines = 8.06e-13 at line 307 field 5
### Maximum relative error in matching lines = 1.77e-15 at line 52 field 5
glfd108
336c336
<   Minimum relative error =   0.00E+00       0.00 ulps       0.00 bits at nquad =   25
--- field 13	relative error 2.0e+00
>   Minimum relative error =   0.00E+00       0.00 ulps       0.00 bits at nquad =   75
### Maximum relative error in matching lines = 1.82e-12 at line 211 field 5
### Maximum relative error in matching lines = 1.10e-15 at line 39 field 5
glfd109
27c27
<       1  -5.772156861565561E-01  -5.772156550109730E-01  -5.40E-08   -2.43E+08     27.86
--- field 2	relative error 2.58e-08
>       1  -5.772156712553943E-01  -5.772156550109730E-01  -2.81E-08   -1.27E+08     26.92
### Maximum relative error in matching lines = 9.76e-15 at line 23 field 4
8c8
< 2   1    4.999999969612645145E-09         20   -5.772156861565560515E-01 -5.40E-08  3.11E-08
--- field 5	relative error 2.58e-08
> 2   1    4.999999969612645145E-09         20   -5.772156712553943025E-01 -2.81E-08  1.62E-08
### Maximum relative error in matching lines = 1.01e-15 at line 16 field 5
*** [check-xxx] Error 1
Checking tglfd2 ...
File differences are made with: /usr/local/bin/ndiff --relerr 1.0e-10 --minwidth 10 --abserr 0
glfd201
104c104
<   Maximum relative error =   8.27E-14     372.48 ulps       8.54 bits at nquad =   88
--- field 13	relative error 6.81e-02
>   Maximum relative error =  -5.81E-14    -261.60 ulps       8.03 bits at nquad =   94
### Maximum relative error in matching lines = 9.84e-14 at line 94 field 2
### Maximum relative error in matching lines = 9.84e-14 at line 95 field 4
glfd202
Checking tglfd3 ...
File differences are made with: /usr/local/bin/ndiff --relerr 1.0e-10 --minwidth 10 --abserr 0
glfd301
952c952
<   Maximum relative error =  -3.62E-14    -163.03 ulps       7.35 bits at nquad =   20 mu =  1.0000000E+01 p =    10
--- field 13	relative error 3.0e+00
>   Maximum relative error =  -4.05E-14    -182.50 ulps       7.51 bits at nquad =    5 mu =  1.0000000E+01 p =     9
953c953
<   Minimum relative error =   0.00E+00       0.00 ulps       0.00 bits at nquad =    5 mu =  1.0000000E+00 p =     8
--- field 19	relative error 7.0e+00
>   Minimum relative error =   0.00E+00       0.00 ulps       0.00 bits at nquad =    5 mu =  1.0000000E+00 p =     1
### Maximum relative error in matching lines = 6.44e-14 at line 560 field 2
### Maximum relative error in matching lines = 6.48e-14 at line 497 field 5
glfd302
Checking tglfd4 ...
File differences are made with: /usr/local/bin/ndiff --relerr 1.0e-10 --minwidth 10 --abserr 0
glfd401
105c105
<   Minimum relative error =   0.00E+00   0.00E+00 ulps       0.00 bits at nquad =   13 sigma =    0.1000 alpha =    0.0100
--- field 13	relative error 6.15e-01
>   Minimum relative error =   0.00E+00   0.00E+00 ulps       0.00 bits at nquad =   21 sigma =    0.1000 alpha =    0.0100
### Maximum relative error in matching lines = 1.55e-14 at line 88 field 4
### Maximum relative error in matching lines = 1.55e-14 at line 87 field 5
glfd402
105c105
<   Minimum relative error =   5.46E-16   2.46E+00 ulps       1.30 bits at nquad =   41 sigma =    1.0000 alpha =    1.0000
--- field 13	relative error 5.36e-01
>   Minimum relative error =  -7.28E-16  -3.28E+00 ulps       1.71 bits at nquad =   63 sigma =    1.0000 alpha =    1.0000
### Maximum relative error in matching lines = 1.46e-13 at line 98 field 4
### Maximum relative error in matching lines = 1.46e-13 at line 97 field 5
glfd403
104c104
<   Minimum relative error =   1.34E-15   6.05E+00 ulps       2.60 bits at nquad =   21 sigma =    0.0100 alpha =   -0.5000
--- field 13	relative error 2.35e-01
>   Minimum relative error =   0.00E+00   0.00E+00 ulps       0.00 bits at nquad =   17 sigma =    0.0100 alpha =   -0.5000
### Maximum relative error in matching lines = 2.23e-13 at line 101 field 4
### Maximum relative error in matching lines = 2.23e-13 at line 100 field 5
glfd404
105c105
<   Minimum relative error =   0.00E+00   0.00E+00 ulps       0.00 bits at nquad =   22 sigma =    0.1000 alpha =    0.5000
--- field 13	relative error 1.44e+00
>   Minimum relative error =   0.00E+00   0.00E+00 ulps       0.00 bits at nquad =    9 sigma =    0.1000 alpha =    0.5000
### Maximum relative error in matching lines = 5.72e-15 at line 80 field 4
### Maximum relative error in matching lines = 5.65e-15 at line 79 field 5
glfd405
105c105
<   Minimum relative error =  -4.29E-16  -1.93E+00 ulps       0.95 bits at nquad =   58 sigma =    2.0000 alpha =    1.0000
--- field 13	relative error 2.41e-01
>   Minimum relative error =  -8.59E-16  -3.87E+00 ulps       1.95 bits at nquad =   72 sigma =    2.0000 alpha =    1.0000
### Maximum relative error in matching lines = 2.18e-14 at line 14 field 4
### Maximum relative error in matching lines = 2.16e-14 at line 13 field 5
glfd406
105c105
<   Minimum relative error =   9.40E-14   4.23E+02 ulps       8.73 bits at nquad =   90 sigma =    3.0000 alpha =    0.2000
--- field 13	relative error 3.33e-02
>   Minimum relative error =   9.01E-14   4.06E+02 ulps       8.66 bits at nquad =   93 sigma =    3.0000 alpha =    0.2000
### Maximum relative error in matching lines = 1.03e-13 at line 16 field 4
### Maximum relative error in matching lines = 1.03e-13 at line 15 field 5
glfd407
### Maximum relative error in matching lines = 3.80e-14 at line 88 field 4
### Maximum relative error in matching lines = 3.79e-14 at line 87 field 5
glfd408
### Maximum relative error in matching lines = 7.39e-14 at line 88 field 4
### Maximum relative error in matching lines = 7.39e-14 at line 87 field 5
glfd409
### Maximum relative error in matching lines = 2.70e-13 at line 33 field 4
### Maximum relative error in matching lines = 2.71e-13 at line 32 field 5
glfd410
### Maximum relative error in matching lines = 1.10e-14 at line 8 field 4
### Maximum relative error in matching lines = 1.09e-14 at line 7 field 5
Checking tglfd5 ...
File differences are made with: /usr/local/bin/ndiff --relerr 1.0e-10 --minwidth 10 --abserr 0
glfd501
300c300
<   Maximum relative error =  -2.22E-15     -10.00 ulps       3.32 bits at nquad =   65
--- field 13	relative error 7.69e-02
>   Maximum relative error =   4.55E-15      20.50 ulps       4.36 bits at nquad =   70
301c301
<   Minimum relative error =   0.00E+00       0.00 ulps       0.00 bits at nquad =   70
--- field 13	relative error 4.0e-01
>   Minimum relative error =   0.00E+00       0.00 ulps       0.00 bits at nquad =   50
### Maximum relative error in matching lines = 5.16e-12 at line 50 field 4
### Maximum relative error in matching lines = 3.44e-15 at line 40 field 5
glfd502
### Maximum relative error in matching lines = 8.30e-13 at line 119 field 4
### Maximum relative error in matching lines = 2.45e-14 at line 40 field 5
glfd503
330c330
<   Maximum relative error =   4.70E-15      21.15 ulps       4.40 bits at nquad =   95
--- field 13	relative error 2.66e-01
>   Maximum relative error =   1.61E-14      72.41 ulps       6.18 bits at nquad =   75
### Maximum relative error in matching lines = 5.80e-13 at line 186 field 5
### Maximum relative error in matching lines = 1.35e-14 at line 24 field 5
glfd504
330c330
<   Maximum relative error =   5.44E-15      24.50 ulps       4.61 bits at nquad =   95
--- field 13	relative error 2.66e-01
>   Maximum relative error =  -1.04E-14     -47.00 ulps       5.55 bits at nquad =   75
### Maximum relative error in matching lines = 5.01e-13 at line 211 field 5
### Maximum relative error in matching lines = 1.56e-14 at line 40 field 5
glfd505
330c330
<   Maximum relative error =   1.93E-15       8.67 ulps       3.12 bits at nquad =   75
--- field 13	relative error 2.66e-01
>   Maximum relative error =  -1.87E-15      -8.41 ulps       3.07 bits at nquad =   95
331c331
<   Minimum relative error =   0.00E+00       0.00 ulps       0.00 bits at nquad =   25
--- field 13	relative error 2.0e+00
>   Minimum relative error =   0.00E+00       0.00 ulps       0.00 bits at nquad =   75
### Maximum relative error in matching lines = 2.55e-11 at line 114 field 4
### Maximum relative error in matching lines = 1.86e-15 at line 51 field 5
glfd506
325c325
<   Maximum relative error =  -9.21E-16      -4.15 ulps       2.05 bits at nquad =   50
--- field 13	relative error 5.0e-01
>   Maximum relative error =   1.80E-15       8.11 ulps       3.02 bits at nquad =   75
326c326
<   Minimum relative error =   0.00E+00       0.00 ulps       0.00 bits at nquad =   25
--- field 13	relative error 1.0e+00
>   Minimum relative error =   0.00E+00       0.00 ulps       0.00 bits at nquad =   50
### Maximum relative error in matching lines = 5.97e-13 at line 211 field 4
### Maximum relative error in matching lines = 1.78e-15 at line 59 field 5
glfd507
320c320
<   Maximum relative error =   1.87E-15       8.43 ulps       3.08 bits at nquad =   85
--- field 13	relative error 2.4e+00
>   Maximum relative error =   9.69E-16       4.36 ulps       2.13 bits at nquad =   25
### Maximum relative error in matching lines = 7.45e-13 at line 211 field 5
### Maximum relative error in matching lines = 1.51e-15 at line 58 field 5
glfd508
208c208
<   Maximum relative error =  -1.49E-15      -6.70 ulps       2.74 bits at nquad =   75
--- field 13	relative error 2.0e+00
>   Maximum relative error =   9.10E-16       4.10 ulps       2.04 bits at nquad =   25
### Maximum relative error in matching lines = 6.46e-13 at line 186 field 4
### Maximum relative error in matching lines = 1.23e-15 at line 39 field 5
glfd509
Checking tglfd6 ...
File differences are made with: /usr/local/bin/ndiff --relerr 1.0e-10 --minwidth 10 --abserr 0
glfd601
105c105
<   Minimum relative error =   0.00E+00   0.00E+00 ulps       0.00 bits at nquad =   24 sigma =    0.1000 alpha =    0.0100
--- field 13	relative error 2.5e-01
>   Minimum relative error =   0.00E+00   0.00E+00 ulps       0.00 bits at nquad =   30 sigma =    0.1000 alpha =    0.0100
### Maximum relative error in matching lines = 3.52e-15 at line 88 field 4
### Maximum relative error in matching lines = 3.48e-15 at line 87 field 5
glfd602
105c105
<   Minimum relative error =   0.00E+00   0.00E+00 ulps       0.00 bits at nquad =   61 sigma =    1.0000 alpha =    1.0000
--- field 13	relative error 5.25e-01
>   Minimum relative error =   0.00E+00   0.00E+00 ulps       0.00 bits at nquad =   40 sigma =    1.0000 alpha =    1.0000
### Maximum relative error in matching lines = 6.80e-15 at line 98 field 4
### Maximum relative error in matching lines = 6.66e-15 at line 97 field 5
glfd603
104c104
<   Minimum relative error =   0.00E+00   0.00E+00 ulps       0.00 bits at nquad =    6 sigma =    0.0100 alpha =   -0.5000
--- field 13	relative error 5.0e-01
>   Minimum relative error =   0.00E+00   0.00E+00 ulps       0.00 bits at nquad =    4 sigma =    0.0100 alpha =   -0.5000
### Maximum relative error in matching lines = 5.07e-15 at line 83 field 4
### Maximum relative error in matching lines = 5.08e-15 at line 82 field 5
glfd604
105c105
<   Minimum relative error =   0.00E+00   0.00E+00 ulps       0.00 bits at nquad =   17 sigma =    0.1000 alpha =    0.5000
--- field 13	relative error 4.16e-01
>   Minimum relative error =   0.00E+00   0.00E+00 ulps       0.00 bits at nquad =   12 sigma =    0.1000 alpha =    0.5000
### Maximum relative error in matching lines = 3.05e-15 at line 75 field 4
### Maximum relative error in matching lines = 2.75e-15 at line 99 field 5
glfd605
105c105
<   Minimum relative error =   3.47E-16   1.56E+00 ulps       0.64 bits at nquad =   91 sigma =    2.0000 alpha =    1.0000
--- field 13	relative error 2.81e-01
>   Minimum relative error =   1.56E-15   7.03E+00 ulps       2.81 bits at nquad =   71 sigma =    2.0000 alpha =    1.0000
### Maximum relative error in matching lines = 2.75e-14 at line 91 field 4
### Maximum relative error in matching lines = 2.75e-14 at line 90 field 5
glfd606
### Maximum relative error in matching lines = 3.69e-14 at line 101 field 4
### Maximum relative error in matching lines = 3.72e-14 at line 100 field 5
glfd607
### Maximum relative error in matching lines = 6.13e-14 at line 102 field 4
### Maximum relative error in matching lines = 6.10e-14 at line 101 field 5
glfd608
### Maximum relative error in matching lines = 1.35e-13 at line 23 field 4
### Maximum relative error in matching lines = 1.35e-13 at line 22 field 5
glfd609
### Maximum relative error in matching lines = 7.37e-14 at line 91 field 4
### Maximum relative error in matching lines = 7.35e-14 at line 90 field 5
glfd610

*** [check-dp] Error 2
============================== Making check-dp in common
ar -r ../libgjl.a d2norm.o dcopy.o deps.o derbit.o dfloat.o dfpmax.o dgamma.o dinf.o diran.o dlgam.o dlog2.o dnan.o dpsi.o dpsiln.o dran.o dstore.o dstorf.o dvsum.o ffalse.o ftrue.o getnan.o idceil.o isdinf.o isdnan.o pythag.o tql1.o
ranlib ../libgjl.a || true
ar -r ../libgjl.a aeps.o afpmax.o ainf.o airan.o algam.o alog2.o anan.o astore.o astorf.o avsum.o gamma.o iceil.o isainf.o isanan.o psi.o psiln.o ran.o
ranlib ../libgjl.a || true
There is no validation suite in this directory
76.110u 5.090s 1:21.61 99.4%	0+0k 0+0io 113503pf+0w
============================================================
Disk free report for /local/build/ifort:
			Filesystem           1K-blocks      Used Available Use% Mounted on
			/dev/sda3             32649508  15966404  15024564  52% /
Remote date:            2004.03.19.17.10.24
============================================================
